        INFO: main.c(229): Compiled on Mar 27 2016 at 23:51:23
Current configuration:
[NAME]		[DEFLT]		[VALUE]
-2passvar	no		yes
-abeam		1e-100		1.000000e-90
-accumdir			/home/nguyenvanthinh/Desktop/Git/speech recognition  demo/acoustic/bwaccumdir/digit_buff_1
-agc		none		none
-agcthresh	2.0		2.000000e+00
-bbeam		1e-100		1.000000e-10
-cb2mllrfn	.1cls.		.1cls.
-cepdir				/home/nguyenvanthinh/Desktop/Git/speech recognition  demo/acoustic/feat
-cepext		mfc		mfc
-ceplen		13		13
-ckptintv			0
-cmn		current		current
-cmninit	8.0		8.0
-ctlfn				/home/nguyenvanthinh/Desktop/Git/speech recognition  demo/acoustic/etc/digit_train.fileids
-diagfull	no		no
-dictfn				/home/nguyenvanthinh/Desktop/Git/speech recognition  demo/acoustic/etc/digit.dic
-example	no		no
-fdictfn			/home/nguyenvanthinh/Desktop/Git/speech recognition  demo/acoustic/etc/digit.filler
-feat		1s_c_d_dd	1s_c_d_dd
-fullvar	no		no
-help		no		no
-hmmdir				
-latdir				
-latext				
-lda				
-ldadim		0		0
-lsnfn				/home/nguyenvanthinh/Desktop/Git/speech recognition  demo/acoustic/etc/digit_train.transcription
-lw		11.5		1.150000e+01
-maxuttlen	0		0
-meanfn				/home/nguyenvanthinh/Desktop/Git/speech recognition  demo/acoustic/model_parameters/digit.falign_ci_cont/means
-meanreest	yes		yes
-mixwfn				/home/nguyenvanthinh/Desktop/Git/speech recognition  demo/acoustic/model_parameters/digit.falign_ci_cont/mixture_weights
-mixwreest	yes		yes
-mllrmat			
-mmie		no		no
-mmie_type	rand		rand
-moddeffn			/home/nguyenvanthinh/Desktop/Git/speech recognition  demo/acoustic/model_architecture/digit.falign_ci.mdef
-mwfloor	0.00001		1.000000e-08
-npart				1
-nskip				0
-outphsegdir			
-outputfullpath	no		yes
-part				1
-pdumpdir			
-phsegdir			
-phsegext	phseg		phseg
-runlen		-1		-1
-sentdir			
-sentext	sent		sent
-spthresh	0.0		0.000000e+00
-svspec				
-timing		yes		no
-tmatfn				/home/nguyenvanthinh/Desktop/Git/speech recognition  demo/acoustic/model_parameters/digit.falign_ci_cont/transition_matrices
-tmatreest	yes		yes
-topn		4		1
-tpfloor	0.0001		1.000000e-04
-ts2cbfn			.cont.
-varfloor	0.00001		1.000000e-04
-varfn				/home/nguyenvanthinh/Desktop/Git/speech recognition  demo/acoustic/model_parameters/digit.falign_ci_cont/variances
-varnorm	no		no
-varreest	yes		yes
-viterbi	no		no

INFO: feat.c(715): Initializing feature stream to type: '1s_c_d_dd', ceplen=13, CMN='current', VARNORM='no', AGC='none'
INFO: cmn.c(143): mean[0]= 12.00, mean[1..12]= 0.0
INFO: main.c(318): Reading /home/nguyenvanthinh/Desktop/Git/speech recognition  demo/acoustic/model_architecture/digit.falign_ci.mdef
INFO: model_def_io.c(573): Model definition info:
INFO: model_def_io.c(574): 31 total models defined (31 base, 0 tri)
INFO: model_def_io.c(575): 124 total states
INFO: model_def_io.c(576): 93 total tied states
INFO: model_def_io.c(577): 93 total tied CI states
INFO: model_def_io.c(578): 31 total tied transition matrices
INFO: model_def_io.c(579): 4 max state/model
INFO: model_def_io.c(580): 4 min state/model
INFO: s3mixw_io.c(117): Read /home/nguyenvanthinh/Desktop/Git/speech recognition  demo/acoustic/model_parameters/digit.falign_ci_cont/mixture_weights [93x1x1 array]
INFO: s3tmat_io.c(118): Read /home/nguyenvanthinh/Desktop/Git/speech recognition  demo/acoustic/model_parameters/digit.falign_ci_cont/transition_matrices [31x3x4 array]
INFO: mod_inv.c(301): inserting tprob floor 1.000000e-04 and renormalizing
INFO: s3gau_io.c(169): Read /home/nguyenvanthinh/Desktop/Git/speech recognition  demo/acoustic/model_parameters/digit.falign_ci_cont/means [93x1x1 array]
INFO: s3gau_io.c(169): Read /home/nguyenvanthinh/Desktop/Git/speech recognition  demo/acoustic/model_parameters/digit.falign_ci_cont/variances [93x1x1 array]
INFO: gauden.c(176): 93 total mgau
INFO: gauden.c(150): 1 feature streams (|0|=39 )
INFO: gauden.c(187): 1 total densities
INFO: gauden.c(90): min_var=1.000000e-04
INFO: gauden.c(165): compute 1 densities/frame
INFO: main.c(431): Will reestimate mixing weights.
INFO: main.c(433): Will reestimate means.
INFO: main.c(435): Will reestimate variances.
INFO: main.c(443): Will reestimate transition matrices
INFO: main.c(456): Reading main dictionary: /home/nguyenvanthinh/Desktop/Git/speech recognition  demo/acoustic/etc/digit.dic
INFO: lexicon.c(221): 17 entries added from /home/nguyenvanthinh/Desktop/Git/speech recognition  demo/acoustic/etc/digit.dic
INFO: main.c(466): Reading filler dictionary: /home/nguyenvanthinh/Desktop/Git/speech recognition  demo/acoustic/etc/digit.filler
INFO: lexicon.c(221): 3 entries added from /home/nguyenvanthinh/Desktop/Git/speech recognition  demo/acoustic/etc/digit.filler
INFO: corpus.c(1062): Will process all remaining utts starting at 0
INFO: main.c(665): Reestimation: Baum-Welch
INFO: cmn.c(183): CMN: 42.81  3.56  9.20 -6.54 -4.16 -7.41 -2.84  1.75 -0.82 -0.89  2.61  0.84 -7.06 
column defns
	<seq>
	<id>
	<n_frame_in>
	<n_frame_del>
	<n_state_shmm>
	<avg_states_alpha>
	<avg_states_beta>
	<avg_states_reest>
	<avg_posterior_prune>
	<frame_log_lik>
	<utt_log_lik>
	... timing info ... 
utt>     0              thinh/file_1  774    0INFO: cvt2triphone.c(199): no multiphones defined, no conversion done
   212 154  17 35 3.180615e-11 -1.602548e+02 -1.240372e+05
INFO: cmn.c(183): CMN: 42.59  3.14  9.35 -4.38 -5.01 -5.43  0.80  0.47 -1.99  3.59  1.65 -1.36 -7.99 
utt>     1              thinh/file_2  733    0   216 169  16 33 3.830660e-11 -1.602555e+02 -1.174673e+05
INFO: cmn.c(183): CMN: 43.17  4.93  6.77 -9.98 -8.37 -2.18 -4.55  4.82 -1.71 -1.72  7.38 -3.05 -4.70 
utt>     2              thinh/file_3  792    0   212 168  26 52 4.561670e-11 -1.609185e+02 -1.274474e+05
INFO: cmn.c(183): CMN: 37.43  2.52  9.42 -9.72 -4.56 -2.56  1.30  1.66 -0.09  1.87 -0.66  1.48 -3.22 
utt>     3              thinh/file_4  913    0   188 149  17 35 2.207626e-11 -1.596187e+02 -1.457318e+05
INFO: cmn.c(183): CMN: 45.37  3.96  8.15 -9.48 -1.01 -4.04 -7.61  5.50 -0.02  1.45 -8.71 -4.93 -0.23 
utt>     4              thinh/file_5  764    0   216 145  12 25 2.698632e-11 -1.607398e+02 -1.228052e+05
INFO: cmn.c(183): CMN: 42.74  9.57  3.77 -13.46  4.51 -1.61 -6.34 11.23 -1.29 -3.42  3.08  3.47 -1.35 
utt>     5              thinh/file_6  777    0   208 156  17 34 4.119776e-11 -1.604009e+02 -1.246315e+05
INFO: cmn.c(183): CMN: 44.82 11.08  6.61 -12.38  0.89  0.35 -3.24 12.88 -4.56  2.27  1.67  3.25 -1.80 
utt>     6              thinh/file_7  711    0   208 143  11 22 2.093514e-11 -1.606896e+02 -1.142503e+05
INFO: cmn.c(183): CMN: 46.43 19.04 -0.09 -11.61 -3.26 -7.69 -1.87  3.59 -2.42 -0.35  0.35  5.87 -3.27 
utt>     7              thinh/file_8  722    0   208 161  16 32 2.844407e-11 -1.617995e+02 -1.168193e+05
INFO: cmn.c(183): CMN: 47.79 16.11 -0.79 -7.57 -2.22 -6.78  1.74  4.97 -1.52 -1.21  0.68  0.15  0.07 
utt>     8              thinh/file_9  721    0   204 150  12 25 2.204048e-11 -1.598460e+02 -1.152490e+05
INFO: cmn.c(183): CMN: 49.39 16.56 -1.53 -2.64 -10.33 -6.57 -1.15  6.54 -2.49 -0.73  1.25  2.02 -1.80 
utt>     9             thinh/file_10  721    0   216 157  12 25 2.298489e-11 -1.602768e+02 -1.155596e+05
INFO: cmn.c(183): CMN: 44.24 14.85  3.32 -8.65 -2.84 -5.18  0.76  6.89 -2.35  2.77  0.74 -0.74 -4.75 
utt>    10             thinh/file_11  887    0   220 153  14 28 2.492456e-11 -1.607469e+02 -1.425825e+05
INFO: cmn.c(183): CMN: 44.72 14.72  4.38 -5.41 -6.49 -4.68 -2.48  7.20 -2.59  2.29  0.77  3.53 -5.20 
utt>    11             thinh/file_12  903    0   228 153  15 30 2.448684e-11 -1.594727e+02 -1.440039e+05
INFO: cmn.c(183): CMN: 43.88 15.11  2.11 -3.03 -9.98 -1.77 -1.83  4.60 -1.85 -1.25 -0.45  2.73 -1.85 
utt>    12             thinh/file_13  933    0   212 162  14 27 2.432749e-11 -1.590690e+02 -1.484113e+05
INFO: cmn.c(183): CMN: 45.49  2.18  7.28 -6.48  0.84 -4.05 -0.94  2.99 -11.73  1.32 -4.69 -4.42 -5.45 
utt>    13             thinh/file_14  979    0   216 141  13 26 2.249523e-11 -1.606969e+02 -1.573222e+05
INFO: cmn.c(183): CMN: 50.22  9.60  9.59 -3.30  3.17  1.58 -8.52  2.58 -12.20 -4.28 -7.02 -9.59 -3.55 
utt>    14             thinh/file_15  866    0   224 161  16 32 2.949027e-11 -1.622953e+02 -1.405477e+05
INFO: cmn.c(183): CMN: 47.16  2.75  3.63 -4.94 -0.12 -1.77 -5.96 -1.34 -11.15 -6.05 -0.47 -4.88 -4.22 
utt>    15             thinh/file_16  948    0   220 127  12 24 2.410435e-11 -1.620214e+02 -1.535963e+05
INFO: cmn.c(183): CMN: 46.00  5.70  1.23 -9.26  1.93 -10.17 -0.03  1.00 -6.31 -2.39 -3.35 -3.64 -4.85 
utt>    16             thinh/file_17  798    0   220 159  13 27 2.738122e-11 -1.629435e+02 -1.300289e+05
INFO: cmn.c(183): CMN: 44.94  4.23  9.73 -9.24 -1.79 -3.60 -1.67  2.12 -12.51 -0.79 -6.28 -0.90 -2.44 
utt>    17             thinh/file_18  935    0   220 133  12 23 1.851699e-11 -1.629657e+02 -1.523729e+05
INFO: cmn.c(183): CMN: 45.44  3.19  8.59 -2.77 -5.57 -1.72 -4.89  5.51 -11.53 -0.41 -2.44 -3.11  0.58 
utt>    18             thinh/file_19 1008    0   224 146  17 35 3.567426e-11 -1.616807e+02 -1.629742e+05
INFO: cmn.c(183): CMN: 45.14  4.94  8.00 -5.57 -0.70 -5.20 -6.61  7.06 -15.55  1.49 -5.82 -3.35 -1.28 
utt>    19             thinh/file_20  881    0   220 143  15 30 2.502210e-11 -1.620535e+02 -1.427691e+05
INFO: cmn.c(183): CMN: 45.88  2.73  7.08 -7.95 -2.33 -0.93 -4.23  4.50 -8.08 -2.68 -1.65 -5.47 -1.39 
utt>    20             thinh/file_21  823    0   200 138  12 25 2.401367e-11 -1.608812e+02 -1.324052e+05
INFO: cmn.c(183): CMN: 50.26  4.68  7.58 -10.16  0.67 -8.95 -5.40  6.24 -15.13  0.36 -7.97 -0.43 -0.09 
utt>    21             thinh/file_22  909    0   228 155  13 27 3.208298e-11 -1.600418e+02 -1.454780e+05
INFO: cmn.c(183): CMN: 48.44  4.09  7.54 -14.98  1.01 -5.28 -1.22 -1.12 -12.11 -3.02 -5.83 -2.16 -3.34 
utt>    22             thinh/file_23  907    0   216 151  14 29 2.992458e-11 -1.617230e+02 -1.466827e+05
INFO: cmn.c(183): CMN: 47.61  5.33  3.99 -16.61  0.07 -8.44  8.52  0.52 -7.92 -4.68 -4.67 -1.52 -1.69 
utt>    23             thinh/file_24  855    0   216 145  14 28 2.423900e-11 -1.606614e+02 -1.373655e+05
INFO: cmn.c(183): CMN: 47.21  2.98  3.90 -8.26  1.69 -1.69 -5.62  0.07 -5.25 -2.47 -5.74 -1.35 -1.82 
utt>    24             thinh/file_25 1034    0   224 144  13 26 2.501677e-11 -1.613768e+02 -1.668636e+05
INFO: cmn.c(183): CMN: 47.01  3.81 -0.57 -4.46 -0.83 -15.59  0.77 -1.50 -1.65 -4.44 -6.59  4.48 -5.40 
utt>    25             thinh/file_26  868    0   220 150  14 28 2.666374e-11 -1.604240e+02 -1.392480e+05
INFO: cmn.c(183): CMN: 43.84  5.29  5.62 -9.30 -3.64 -3.35 -5.50  0.54 -3.07  0.16 -8.96 -0.90 -0.73 
utt>    26             thinh/file_27  943    0   220 147  14 28 2.802201e-11 -1.594310e+02 -1.503434e+05
INFO: cmn.c(183): CMN: 42.21  1.39  3.24 -5.18 -0.44 -3.98 -3.29  4.69 -6.09  0.25 -6.35 -0.18 -0.25 
utt>    27             thinh/file_28 1312    0   220 140  11 22 2.433084e-11 -1.598963e+02 -2.097839e+05
INFO: cmn.c(183): CMN: 41.65  1.17  3.62 -7.75  1.92 -10.49  1.49  2.99 -8.35  0.36 -3.99 -2.45  1.61 
utt>    28             thinh/file_29 1441    0   228 140  13 27 2.417243e-11 -1.582306e+02 -2.280103e+05
INFO: cmn.c(183): CMN: 42.77  6.31  4.84 -12.04  3.72 -11.76  0.76  0.77 -5.77 -1.38 -6.79  0.41  1.23 
utt>    29             thinh/file_30  950    0   216 150  15 30 2.586203e-11 -1.590728e+02 -1.511192e+05
INFO: cmn.c(183): CMN: 43.67 11.59  8.90 -12.30  3.32  3.36 -3.31  6.92 -4.91 -4.01 -0.56 -3.17 -0.73 
utt>    30             thinh/file_31 1671    0   212 139  13 26 2.222106e-11 -1.596730e+02 -2.668136e+05
INFO: cmn.c(183): CMN: 45.84  7.02  8.86 -7.13  1.50 -5.40 -8.21  4.36 -9.53 -3.31 -10.69 -4.43  1.07 
utt>    31             thinh/file_32  907    0   224 141  14 29 2.216719e-11 -1.599909e+02 -1.451118e+05
INFO: cmn.c(183): CMN: 46.97  5.44  5.85 -7.11 -0.26 -1.36 -8.69  5.91 -6.35 -0.72 -8.31 -3.76  1.75 
utt>    32             thinh/file_33  888    0   220 148  15 31 3.311312e-11 -1.596206e+02 -1.417431e+05
INFO: cmn.c(183): CMN: 43.04  6.58  4.32 -9.58  4.74 -8.97 -7.36  4.36 -6.65 -5.91 -7.18 -1.87  0.11 
utt>    33             thinh/file_34 1078    0   212 130  13 26 2.676971e-11 -1.589636e+02 -1.713628e+05
INFO: cmn.c(183): CMN: 45.01  7.10  9.13 -10.54  3.76 -8.09 -6.68  3.99 -8.30 -3.72 -8.03 -0.85  0.54 
utt>    34             thinh/file_35  906    0   220 137  13 25 2.119487e-11 -1.590770e+02 -1.441237e+05
INFO: cmn.c(183): CMN: 43.73  6.65  7.84 -9.57  3.83 -11.17 -7.47  3.84 -8.60 -2.60 -8.13 -0.35 -0.32 
utt>    35             thinh/file_36  873    0   220 124  13 26 2.446958e-11 -1.585123e+02 -1.383812e+05
INFO: cmn.c(183): CMN: 44.81  5.82  3.84 -15.73 10.34 -8.59 -7.02  6.17 -8.73 -2.88 -3.18 -2.64 -1.44 
utt>    36             thinh/file_37  955    0   216 151  13 27 2.228009e-11 -1.599621e+02 -1.527638e+05
INFO: cmn.c(183): CMN: 46.02 10.46  4.39 -11.04  8.74 -13.79 -1.66  0.68 -10.22  0.50 -8.29 -0.99 -4.63 
utt>    37             thinh/file_38  844    0   212 158  15 29 2.767181e-11 -1.601905e+02 -1.352007e+05
INFO: cmn.c(183): CMN: 40.89  4.79  7.10 -5.53  2.87 -3.47 -10.48  3.68 -5.98 -3.30 -5.35 -3.80  0.71 
utt>    38             thinh/file_39  925    0   220 148  14 28 2.664336e-11 -1.580477e+02 -1.461941e+05
INFO: cmn.c(183): CMN: 44.01  7.97  8.57 -9.85  6.59 -12.44 -6.90  8.22 -11.22  3.65 -9.33 -1.96  0.27 
utt>    39             thinh/file_40  873    0   216 148  12 25 2.551368e-11 -1.600635e+02 -1.397355e+05
INFO: cmn.c(183): CMN: 45.38  8.38 11.28 -8.06  8.05 -9.38 -9.09  9.75 -10.71 -1.73 -12.06 -1.38 -2.04 
utt>    40             thinh/file_41  942    0   216 137  13 26 2.396141e-11 -1.602234e+02 -1.509304e+05
INFO: cmn.c(183): CMN: 45.70  7.11  8.49 -7.21  2.44 -8.39 -2.09  0.74 -6.33 -3.61 -7.36 -1.77 -0.41 
utt>    41             thinh/file_42  942    0   228 154  13 27 2.703042e-11 -1.604448e+02 -1.511390e+05
INFO: cmn.c(183): CMN: 46.34  7.73 11.57 -10.37  6.98 -8.73 -8.41  2.89 -11.85 -1.31 -12.31 -1.87 -0.86 
utt>    42             thinh/file_43  864    0   220 133  12 25 2.024534e-11 -1.605004e+02 -1.386723e+05
INFO: cmn.c(183): CMN: 43.44  8.01  8.94 -7.25  5.33 -9.13 -4.77  2.55 -7.56 -2.01 -8.79 -2.01 -2.74 
utt>    43             thinh/file_44  930    0   216 125  11 21 2.013695e-11 -1.599232e+02 -1.487286e+05
INFO: cmn.c(183): CMN: 43.79 11.34  7.64 -8.85  2.20 -5.88 -6.57  0.28 -6.05 -4.38 -7.35 -2.66 -1.45 
utt>    44             thinh/file_45  891    0   220 150  13 25 2.286582e-11 -1.607828e+02 -1.432575e+05
INFO: cmn.c(183): CMN: 47.42 11.35  9.24 -9.45  2.11 -10.24 -3.61 -1.89 -4.95 -4.83 -7.28 -2.75 -1.54 
utt>    45             thinh/file_46  799    0   220 149  12 25 2.527512e-11 -1.614040e+02 -1.289618e+05
INFO: cmn.c(183): CMN: 44.50  9.61  9.20 -8.58  0.94 -9.06 -3.23 -0.72 -4.91 -3.30 -4.83 -3.21 -0.20 
utt>    46             thinh/file_47  930    0   224 144  13 27 2.295858e-11 -1.599133e+02 -1.487193e+05
INFO: cmn.c(183): CMN: 49.93 10.30 12.71 -12.14  1.01 -6.51 -3.30 -1.34 -9.14 -0.66 -9.59 -3.22  2.60 
utt>    47             thinh/file_48  803    0   224 131  12 24 2.384462e-11 -1.616199e+02 -1.297808e+05
INFO: cmn.c(183): CMN: 50.84  7.11 11.09 -9.91  1.64 -6.15 -8.34 10.18 -14.82  5.48 -11.37 -5.27  1.20 
utt>    48             thinh/file_49  873    0   224 142  10 20 2.279660e-11 -1.613753e+02 -1.408806e+05
INFO: cmn.c(183): CMN: 47.36  7.83  9.40 -8.97 -2.34 -4.53 -4.27  2.86 -10.67  0.23 -8.28 -5.70  1.51 
utt>    49             thinh/file_50  908    0   220 135  12 23 2.470658e-11 -1.590774e+02 -1.444423e+05
INFO: cmn.c(183): CMN: 47.37  4.34  4.13 -3.83  6.73 -12.34 -6.21 12.46 -11.88 -3.56 -7.08 -2.13 -1.06 
utt>    50             thinh/file_51  946    0   224 140  15 31 2.808853e-11 -1.600997e+02 -1.514543e+05
INFO: cmn.c(183): CMN: 47.28  7.44  1.18 -5.75  8.05 -10.81 -12.66 10.75 -11.35  0.09 -5.68 -2.86  3.26 
utt>    51             thinh/file_52  834    0   232 157  14 29 2.494100e-11 -1.589484e+02 -1.325630e+05
INFO: cmn.c(183): CMN: 46.80  7.13  6.70 -10.27  4.56 -6.97 -2.03  2.45 -9.54 -2.13 -8.17 -1.57 -4.19 
utt>    52             thinh/file_53  849    0   220 136  14 28 2.744807e-11 -1.597670e+02 -1.356422e+05
INFO: cmn.c(183): CMN: 46.49  8.17 10.10 -11.62  5.74 -10.69 -8.23 11.29 -9.02  0.70 -11.97 -3.31 -3.27 
utt>    53             thinh/file_54  851    0   224 141  13 26 2.687593e-11 -1.601346e+02 -1.362746e+05
INFO: cmn.c(183): CMN: 47.86  9.70  7.45 -9.61  0.61 -9.43 -9.08  7.97 -8.94 -1.16 -7.89 -0.62  0.88 
utt>    54             thinh/file_55  863    0   220 135  15 31 3.439214e-11 -1.600783e+02 -1.381475e+05
INFO: cmn.c(183): CMN: 49.83  7.45  6.97 -9.59  2.59 -3.47 -11.31  5.31 -5.05 -4.99 -7.33 -8.27 -0.71 
utt>    55             thinh/file_56  785    0   224 161  18 35 3.390223e-11 -1.598044e+02 -1.254465e+05
INFO: cmn.c(183): CMN: 52.54  3.86  0.57 -5.96  6.57 -3.85 -18.74 11.08 -8.64 -1.42 -5.66 -5.49 -2.89 
utt>    56             thinh/file_57  766    0   220 146  16 32 2.686482e-11 -1.606554e+02 -1.230620e+05
INFO: cmn.c(183): CMN: 41.64  6.62 10.37 -9.79  0.53 -7.60 -0.95  2.23 -4.42 -0.89 -9.84 -1.30 -1.54 
utt>    57             thinh/file_58  991    0   216 130  18 37 2.939838e-11 -1.596618e+02 -1.582248e+05
INFO: cmn.c(183): CMN: 47.54  4.39  5.72 -6.94  0.47 -6.24 -2.75  4.87 -2.22 -4.46 -9.01 -1.84  2.10 
utt>    58             thinh/file_59  839    0   224 151  15 30 2.715380e-11 -1.595152e+02 -1.338332e+05
INFO: cmn.c(183): CMN: 45.91  7.28  8.63 -10.72 -2.12 -7.51 -0.87  2.69 -6.11  2.00 -12.95  1.35 -4.43 
utt>    59             thinh/file_60  874    0   220 144  13 27 2.519136e-11 -1.595425e+02 -1.394401e+05
INFO: cmn.c(183): CMN: 44.45  5.69 11.05 -10.64  1.21 -4.84 -8.09  9.76 -10.65  3.10 -9.71 -5.54 -2.96 
utt>    60             thinh/file_61  968    0   216 125  14 28 2.525316e-11 -1.592156e+02 -1.541207e+05
INFO: cmn.c(183): CMN: 47.41  3.56  6.99 -12.69 -0.85 -4.31 -5.13  9.03 -14.18  2.20 -7.42 -3.40 -0.75 
utt>    61             thinh/file_62  898    0   228 140  14 28 2.602953e-11 -1.598690e+02 -1.435624e+05
INFO: cmn.c(183): CMN: 46.04  5.17  9.03 -10.56 -1.79 -8.85  6.23 -1.01 -6.59 -1.02 -6.99  1.82 -4.31 
utt>    62             thinh/file_63  975    0   224 118  10 21 1.949263e-11 -1.598377e+02 -1.558418e+05
INFO: cmn.c(183): CMN: 50.26  6.73  0.84 -5.23 -1.93 -6.14 -1.97  4.47 -6.04 -10.51 -6.03 -0.59 -3.21 
utt>    63             thinh/file_64  845    0   216 132  12 25 2.659766e-11 -1.595926e+02 -1.348558e+05
INFO: cmn.c(183): CMN: 48.89  2.42  4.96 -4.84 -0.73 -1.46 -6.27  4.82 -7.09 -5.16 -9.26 -0.60 -2.58 
utt>    64             thinh/file_65  913    0   224 141  16 33 3.561139e-11 -1.599286e+02 -1.460148e+05
INFO: cmn.c(183): CMN: 49.41  3.08  5.00 -7.91 -3.40 -3.42 -5.69  8.05 -6.85 -8.61 -4.91  0.13 -6.93 
utt>    65             thinh/file_66  920    0   220 131  16 33 2.791675e-11 -1.600372e+02 -1.472342e+05
INFO: cmn.c(183): CMN: 47.89  5.43  0.61 -8.83 -2.36 -4.84 -3.53  7.42 -3.85 -9.12 -1.88  1.68 -2.58 
utt>    66             thinh/file_67  971    0   220 127  12 24 2.357539e-11 -1.606382e+02 -1.559796e+05
INFO: cmn.c(183): CMN: 47.47  4.23  7.50 -10.01 -4.07 -5.28 -0.12  2.15 -4.56 -4.24 -10.24  0.70 -3.26 
utt>    67             thinh/file_68  888    0   224 142  14 28 2.416525e-11 -1.601859e+02 -1.422451e+05
INFO: cmn.c(183): CMN: 50.57  6.21  8.56 -12.62 -5.22 -5.02  0.43  4.34 -4.11 -7.24 -8.53 -1.26 -3.15 
utt>    68             thinh/file_69  843    0   228 153  14 28 2.651899e-11 -1.587050e+02 -1.337883e+05
INFO: cmn.c(183): CMN: 47.46  7.28  7.48 -12.31 -8.55 -1.52 -0.99  2.63 -5.97 -9.76 -2.31 -3.09 -1.84 
utt>    69             thinh/file_70  862    0   220 134  12 23 2.323214e-11 -1.599077e+02 -1.378405e+05
INFO: cmn.c(183): CMN: 47.51  1.17  2.44  0.94 -5.55 -1.68 -3.81  2.04 -6.76 -8.12 -4.37 -2.53 -4.64 
utt>    70             thinh/file_71  933    0   224 161  12 25 2.240324e-11 -1.598111e+02 -1.491037e+05
INFO: cmn.c(183): CMN: 46.60  1.60  1.72 -3.89 -3.52 -5.43 -5.56  8.78 -5.27 -4.18 -5.23  1.82 -6.39 
utt>    71             thinh/file_72  978    0   220 153  21 43 3.181093e-11 -1.601210e+02 -1.565983e+05
INFO: cmn.c(183): CMN: 46.81  4.37  4.84 -8.72 -1.98 -5.46  0.31  2.75 -6.35 -1.18 -12.00 -1.35  0.74 
utt>    72             thinh/file_73  899    0   216 147  12 25 2.413425e-11 -1.592847e+02 -1.431969e+05
INFO: cmn.c(183): CMN: 48.59  7.90 -1.70 -5.53 -4.11 -3.26  0.31  4.68 -3.97 -8.92 -7.32 -2.16 -5.40 
utt>    73             thinh/file_74  821    0   216 145  12 25 2.737520e-11 -1.602838e+02 -1.315930e+05
INFO: cmn.c(183): CMN: 52.89  1.85  1.87  0.27 -1.49 -5.73 -13.29  9.48 -6.70  1.16 -7.28 -9.09 -4.17 
utt>    74             thinh/file_75  792    0   224 128  11 23 2.410215e-11 -1.607004e+02 -1.272747e+05
INFO: cmn.c(183): CMN: 48.17  6.06  2.29 -4.81 -4.10 -7.14 -7.70 11.16 -5.34 -2.07 -9.19 -4.02 -2.53 
utt>    75             thinh/file_76  889    0   220 133  11 23 1.886623e-11 -1.605593e+02 -1.427372e+05
INFO: cmn.c(183): CMN: 48.31  7.96  1.24 -0.90 -6.23 -7.34 -7.09 10.78 -4.35 -3.65 -7.61 -3.14 -1.67 
utt>    76             thinh/file_77  842    0   216 120  14 28 2.581440e-11 -1.596738e+02 -1.344453e+05
INFO: cmn.c(183): CMN: 49.35  7.24  4.97  3.98 -7.06 -8.88 -9.61  9.83 -9.57  2.64 -8.46 -10.09 -0.60 
utt>    77             thinh/file_78  806    0   216 139  13 26 2.570885e-11 -1.604542e+02 -1.293261e+05
INFO: cmn.c(183): CMN: 49.20  4.98  4.05  5.24 -7.26 -10.60 -11.04 14.65 -8.22  4.56 -8.06 -7.12 -0.61 
utt>    78             thinh/file_79  839    0   224 144  13 26 2.890022e-11 -1.605847e+02 -1.347306e+05
INFO: cmn.c(183): CMN: 48.65  6.22 -0.91  0.06 -7.31 -7.56 -4.03 10.70 -6.39 -4.74 -6.60 -1.06 -3.95 
utt>    79             thinh/file_80  878    0   224 143  11 23 2.065189e-11 -1.597527e+02 -1.402628e+05
INFO: cmn.c(183): CMN: 49.89 12.90  2.27 -5.93 -0.90 -15.03  0.00  6.47 -4.32 -2.31 -10.14  1.54 -7.94 
utt>    80             thinh/file_81  787    0   228 134  12 25 2.496500e-11 -1.605895e+02 -1.263840e+05
INFO: cmn.c(183): CMN: 48.22  5.52  1.73 -1.79 -9.12 -5.54 -2.73 10.21 -3.01 -5.21 -7.02 -0.44 -0.71 
utt>    81             thinh/file_82  867    0   224 139  16 32 2.550496e-11 -1.605014e+02 -1.391547e+05
INFO: cmn.c(183): CMN: 45.11  9.56  4.88 -9.54 -0.09 -11.92  2.33  7.11 -1.96 -4.65 -10.78  3.64 -6.64 
utt>    82             thinh/file_83  920    0   220 134  12 24 2.521378e-11 -1.585077e+02 -1.458271e+05
INFO: cmn.c(183): CMN: 47.17 10.95 -0.89 -4.84 -4.26 -7.34 -3.29 11.08 -1.66 -6.77 -2.80  0.31 -3.64 
utt>    83             thinh/file_84  871    0   216 153  13 27 2.584024e-11 -1.579287e+02 -1.375559e+05
INFO: cmn.c(183): CMN: 48.23  8.17  0.87  2.87 -1.55 -9.02 -10.83 10.75 -8.95  2.99 -6.77 -7.14  0.06 
utt>    84             thinh/file_85  892    0   216 130  11 22 2.106748e-11 -1.603998e+02 -1.430766e+05
INFO: cmn.c(183): CMN: 47.00  8.74  2.42 -3.03 -0.53 -9.77 -6.54  4.87 -4.64  1.53 -6.28 -8.56 -1.34 
utt>    85             thinh/file_86  840    0   224 143  10 21 2.047195e-11 -1.595599e+02 -1.340303e+05
INFO: cmn.c(183): CMN: 49.91  4.01  0.26 -3.66 -8.56 -9.46 -3.33  9.24 -5.34 -2.17 -4.62 -1.46  0.16 
utt>    86             thinh/file_87  900    0   224 159  14 29 2.900159e-11 -1.606743e+02 -1.446069e+05
INFO: cmn.c(183): CMN: 49.95  9.28 -0.14 -2.58 -13.14 -4.76 -5.63 12.38 -7.07 -4.50 -4.94 -0.41  1.35 
utt>    87             thinh/file_88  829    0   224 163  19 39 4.011662e-11 -1.608921e+02 -1.333795e+05
INFO: cmn.c(183): CMN: 49.16 11.41 -0.23 -3.62 -11.04 -6.21 -2.82  9.50 -4.37 -7.66 -10.34  3.52 -0.62 
utt>    88             thinh/file_89  808    0   220 135  12 24 2.101002e-11 -1.602504e+02 -1.294823e+05
INFO: cmn.c(183): CMN: 49.27  7.88 -3.85 -3.37 -10.65 -5.36 -5.50 11.98 -4.64 -4.81 -6.78  2.07 -2.32 
utt>    89             thinh/file_90  836    0   220 154  14 28 2.682927e-11 -1.598235e+02 -1.336125e+05
INFO: cmn.c(183): CMN: 49.34  7.96  0.91 -1.56 -11.00 -7.01 -6.63 12.30 -3.56 -4.40 -8.75  1.45 -1.96 
utt>    90             thinh/file_91  850    0   220 146  14 29 2.881105e-11 -1.588458e+02 -1.350189e+05
INFO: cmn.c(183): CMN: 49.42  5.15 -0.06 -1.65 -6.94 -9.08 -5.32 14.26 -5.09 -6.47 -4.10 -0.97 -0.15 
utt>    91             thinh/file_92  885    0   220 154  16 33 3.313568e-11 -1.604660e+02 -1.420124e+05
INFO: cmn.c(183): CMN: 52.16  8.66  4.38 -13.28 -2.48 -13.24 -1.29 13.04 -2.38 -5.21 -5.88  2.12 -0.87 
utt>    92             thinh/file_93  799    0   220 135  11 23 2.128058e-11 -1.586966e+02 -1.267986e+05
INFO: cmn.c(183): CMN: 48.25  8.32 -2.43 -9.02 -5.55 -8.41 -0.63  9.11 -5.50 -5.95 -5.67  1.46 -2.17 
utt>    93             thinh/file_94  919    0   216 139  13 27 2.429183e-11 -1.586884e+02 -1.458346e+05
INFO: cmn.c(183): CMN: 50.90  3.83  3.18 -3.15 -11.40 -9.37 -4.64 12.64 -9.22 -6.98 -4.12  0.15  0.88 
utt>    94             thinh/file_95  881    0   220 147  14 28 2.968209e-11 -1.590961e+02 -1.401637e+05
INFO: cmn.c(183): CMN: 46.69  8.88  0.92 -6.81 -6.40 -9.38 -1.01  8.48 -3.42 -5.53 -7.07  1.73 -0.98 
utt>    95             thinh/file_96  910    0   220 128  12 24 1.717469e-11 -1.596378e+02 -1.452704e+05
INFO: cmn.c(183): CMN: 49.95  9.20  3.71 -10.50 -9.38 -7.20 -5.25  7.97 -3.66 -5.84 -8.93 -1.10 -1.77 
utt>    96             thinh/file_97  831    0   228 144  14 28 2.689983e-11 -1.591435e+02 -1.322482e+05
INFO: cmn.c(183): CMN: 48.96  6.06  0.23 -4.72 -5.45 -10.41 -3.72  9.98 -3.85 -6.70 -7.84 -0.27 -0.99 
utt>    97             thinh/file_98  837    0   220 143  11 22 2.213161e-11 -1.602929e+02 -1.341651e+05
INFO: cmn.c(183): CMN: 45.43  7.29  3.49 -8.20 -8.06 -7.18 -2.19  6.02 -1.25 -5.39 -5.33 -0.15  0.31 
utt>    98             thinh/file_99  889    0   216 148  15 30 3.066985e-11 -1.597959e+02 -1.420586e+05
INFO: cmn.c(183): CMN: 49.01  6.66  3.73 -3.35 -8.69 -5.63 -5.32 15.85 -6.57 -6.79 -6.64  0.19 -0.34 
utt>    99            thinh/file_100  853    0   224 161  16 32 2.559084e-11 -1.583955e+02 -1.351114e+05
INFO: cmn.c(183): CMN: 46.24 11.88  1.72 -13.16 -1.31 -3.38 -3.85  4.70 -6.55 -6.14 -4.54 -0.38 -2.27 
utt>   100            thinh/file_101  741    0   192 131  11 23 2.017885e-11 -1.593738e+02 -1.180960e+05
INFO: cmn.c(183): CMN: 46.16 11.27  8.18 -10.54 -5.51 -3.96 -3.52 -0.18 -6.45 -9.41 -4.78  3.71 -2.54 
utt>   101            thinh/file_102  791    0   216 145  14 29 2.408617e-11 -1.604140e+02 -1.268875e+05
INFO: cmn.c(183): CMN: 46.41  9.99  5.70 -6.39 -11.31 -1.73 -1.34  7.58 -7.95 -6.17 -5.45 -3.24 -0.40 
utt>   102            thinh/file_103  890    0   212 143  11 23 2.004813e-11 -1.587188e+02 -1.412598e+05
INFO: cmn.c(183): CMN: 50.35  7.15 -3.37 -5.93 -0.78 -11.48 -2.26  7.27 -3.63 -12.32 -5.43 -4.50 -2.71 
utt>   103            thinh/file_104  821    0   212 129  11 22 2.171105e-11 -1.599674e+02 -1.313332e+05
INFO: cmn.c(183): CMN: 46.76 11.56  7.39 -11.23 -6.57 -2.15 -5.01  4.60 -6.61 -7.05 -6.75 -3.10  4.60 
utt>   104            thinh/file_105  801    0   216 139  12 25 2.410931e-11 -1.598940e+02 -1.280751e+05
INFO: cmn.c(183): CMN: 44.78  7.96  6.25 -8.68 -4.89 -3.97 -3.27  5.32 -5.60 -5.96 -6.38 -2.04  3.15 
utt>   105            thinh/file_106  910    0   216 155  13 26 2.289457e-11 -1.591065e+02 -1.447869e+05
INFO: cmn.c(183): CMN: 47.90  7.18  1.52 -3.18 -3.47 -11.22 -3.35  9.27 -5.48 -3.79 -7.80 -1.03 -1.74 
utt>   106            thinh/file_107  874    0   224 152  13 27 3.034185e-11 -1.597626e+02 -1.396325e+05
INFO: cmn.c(183): CMN: 50.07 10.53  8.50 -6.28 -10.97 -2.29 -3.83  5.78 -9.54 -6.21 -5.57 -5.02  0.79 
utt>   107            thinh/file_108  757    0   220 141  12 24 2.388063e-11 -1.603822e+02 -1.214093e+05
INFO: cmn.c(183): CMN: 48.14 10.26  7.02 -8.56 -11.54  0.37 -5.85  9.16 -11.10 -0.33 -7.96 -0.80  3.04 
utt>   108            thinh/file_109  769    0   224 133  12 25 2.433391e-11 -1.599258e+02 -1.229829e+05
INFO: cmn.c(183): CMN: 48.54  2.80  3.20 -3.26 -5.19 -5.45  1.57  4.36 -6.46 -4.25 -3.35  2.19 -9.21 
utt>   109            thinh/file_110  876    0   212 138  14 29 2.497571e-11 -1.598435e+02 -1.400229e+05
INFO: cmn.c(183): CMN: 45.86  7.74  8.59 -11.94 -2.85 -8.61 -0.82 10.27 -8.02 -2.77 -2.96  1.01 -3.93 
utt>   110            thinh/file_111  796    0   212 145  15 31 2.718981e-11 -1.599909e+02 -1.273528e+05
INFO: cmn.c(183): CMN: 44.37 12.01  0.62 -7.89 -6.79 -3.53 -0.54  2.66 -2.79 -4.25  3.43 -0.24 -8.58 
utt>   111            thinh/file_112  918    0   204 148  15 30 3.772275e-11 -1.598175e+02 -1.467124e+05
INFO: cmn.c(183): CMN: 45.79 10.50  2.13 -8.19 -9.86 -8.81 -0.49  5.50 -1.94 -3.96  0.03  1.28 -5.06 
utt>   112            thinh/file_113  924    0   220 139  12 24 2.944026e-11 -1.596796e+02 -1.475440e+05
INFO: cmn.c(183): CMN: 51.36  8.20  0.63 -4.44 -9.78 -11.21 -0.91  6.30 -3.12 -10.86  0.12  2.64 -10.73 
utt>   113            thinh/file_114  791    0   212 144  11 22 2.606437e-11 -1.595771e+02 -1.262255e+05
INFO: cmn.c(183): CMN: 44.37 10.55  9.68 -7.63 -5.49 -5.75  1.78  6.32 -3.40 -8.48 -2.74  1.01 -8.76 
utt>   114            thinh/file_115  916    0   220 146  13 26 2.768776e-11 -1.596704e+02 -1.462581e+05
INFO: cmn.c(183): CMN: 53.34  9.29  4.67 -11.16 -8.04 -11.03  5.72  7.72 -1.90 -7.01 -5.18  4.52 -10.60 
utt>   115            thinh/file_116  621    0   224 146  13 27 2.773587e-11 -1.618752e+02 -1.005245e+05
INFO: cmn.c(183): CMN: 42.85 12.09  4.27 -10.25 -6.61  0.71  4.49  0.58 -3.26 -5.49 -2.30 -1.62 -7.42 
utt>   116            thinh/file_117  839    0   220 146  14 29 3.009128e-11 -1.602169e+02 -1.344219e+05
INFO: cmn.c(183): CMN: 44.81  7.70  7.16 -9.42 -4.72 -5.16  6.25 -0.92 -4.61 -4.43 -7.23  4.88 -7.41 
utt>   117            thinh/file_118  829    0   228 154  17 34 2.918268e-11 -1.600341e+02 -1.326683e+05
INFO: cmn.c(183): CMN: 48.86  8.76  5.30 -10.54  0.28 -9.84  0.74  4.78 -2.34 -7.19 -5.87  1.40 -7.10 
utt>   118            thinh/file_119  757    0   228 154  14 29 2.502102e-11 -1.605535e+02 -1.215390e+05
INFO: cmn.c(183): CMN: 46.20 16.80  4.26 -11.85 -1.03 -3.06  4.10 -3.28 -1.34 -0.31 -4.21 -2.27 -4.51 
utt>   119            thinh/file_120  820    0   220 151  13 26 2.327375e-11 -1.579150e+02 -1.294903e+05
INFO: cmn.c(183): CMN: 49.25 14.41  4.66 -15.12 -2.26 -0.44  5.55 -5.80 -5.30 -0.86 -3.41 -4.38 -4.74 
utt>   120            thinh/file_121  819    0   224 152  12 24 3.501055e-11 -1.587364e+02 -1.300051e+05
INFO: cmn.c(183): CMN: 45.06 13.83  5.13 -11.51 -4.27  0.09  1.24 -0.63 -4.91  3.93 -6.52 -2.60 -7.11 
utt>   121            thinh/file_122  792    0   192 141  16 32 4.015869e-11 -1.585231e+02 -1.255503e+05
INFO: cmn.c(183): CMN: 49.69 13.24  7.45 -12.73 -5.00  0.90  3.84 -1.07 -4.01  2.58 -5.08 -2.66 -7.51 
utt>   122            thinh/file_123  800    0   212 134  12 25 1.985431e-11 -1.592432e+02 -1.273946e+05
INFO: cmn.c(183): CMN: 53.17 10.25  7.07 -17.46  3.23 -9.04 -0.48 10.41 -9.21  2.59 -6.73 -5.02 -5.70 
utt>   123            thinh/file_124  718    0   216 133  14 28 2.509879e-11 -1.603436e+02 -1.151267e+05
INFO: cmn.c(183): CMN: 48.97 15.35  8.46 -15.23  0.58 -3.51  5.77 -1.11 -11.64 -0.11 -2.87 -4.09 -1.26 
utt>   124            thinh/file_125  764    0   216 150  13 27 3.074339e-11 -1.601450e+02 -1.223507e+05
INFO: cmn.c(183): CMN: 51.03 13.67  6.48 -14.35 -5.41 -4.09  6.74 -3.40 -1.74  1.50 -5.99 -4.49 -4.21 
utt>   125            thinh/file_126  757    0   216 139  15 30 2.724749e-11 -1.593881e+02 -1.206568e+05
INFO: cmn.c(183): CMN: 47.84 13.12  4.17 -19.00  3.39 -5.03  6.01 -2.30 -2.55 -1.43 -4.07 -3.63 -4.03 
utt>   126            thinh/file_127  816    0   224 140  12 24 2.481815e-11 -1.591029e+02 -1.298280e+05
INFO: cmn.c(183): CMN: 47.89 13.75  8.15 -13.31 -2.06 -4.49  3.22 -3.18  1.66 -4.83 -3.13 -3.84 -3.89 
utt>   127            thinh/file_128  771    0   220 148  12 24 2.632998e-11 -1.597224e+02 -1.231460e+05
INFO: cmn.c(183): CMN: 46.99 11.11  6.47 -16.61 -0.13 -7.14  6.22  3.27 -2.90  2.21 -3.60 -4.01 -4.01 
utt>   128            thinh/file_129  852    0   216 145  12 25 2.378229e-11 -1.588109e+02 -1.353069e+05
INFO: cmn.c(183): CMN: 46.17  9.28  5.95 -14.03  3.75 -5.98 -2.48  8.83 -6.51  2.13 -7.93 -0.05 -5.60 
utt>   129            thinh/file_130  860    0   216 129  10 21 1.943542e-11 -1.591084e+02 -1.368333e+05
INFO: cmn.c(183): CMN: 49.26  7.74  5.00 -7.21 -0.22 -4.49 -6.97 12.50 -7.83 -3.57 -3.09 -1.66 -3.51 
utt>   130            thinh/file_131  812    0   224 143  11 23 2.310834e-11 -1.590739e+02 -1.291680e+05
INFO: cmn.c(183): CMN: 50.06 13.49  1.44 -11.08 -4.09 -7.20  4.75  6.35 -3.23  3.38 -7.40 -0.53 -6.20 
utt>   131            thinh/file_132  780    0   220 145  16 33 2.887836e-11 -1.599500e+02 -1.247610e+05
INFO: cmn.c(183): CMN: 46.79 14.64  7.25 -19.73  0.39 -6.35 -0.63 10.32 -5.65  2.66 -9.10 -0.94 -8.40 
utt>   132            thinh/file_133  808    0   208 133  12 24 2.177434e-11 -1.587328e+02 -1.282561e+05
INFO: cmn.c(183): CMN: 49.07  8.98 12.23 -16.93  1.35 -2.29 -2.69 11.73 -9.09  5.14 -8.87 -3.25 -7.03 
utt>   133            thinh/file_134  868    0   216 136  12 25 2.403599e-11 -1.605572e+02 -1.393637e+05
INFO: cmn.c(183): CMN: 49.90  9.11 14.58 -15.04  1.91 -6.46 -4.42 14.90 -12.26  2.89 -6.47 -4.55 -7.68 
utt>   134            thinh/file_135  828    0   216 144  13 27 2.748495e-11 -1.607362e+02 -1.330896e+05
INFO: cmn.c(183): CMN: 48.29 10.62  7.56 -18.30  1.76 -5.56 -6.36 14.21 -6.08 -0.59 -7.04 -1.02 -6.72 
utt>   135            thinh/file_136  876    0   220 150  14 28 2.667232e-11 -1.591012e+02 -1.393726e+05
INFO: cmn.c(183): CMN: 46.07  9.00  4.17 -8.63  2.90 -10.79  2.45  7.29 -4.10  0.34 -8.41 -1.23 -4.47 
utt>   136            thinh/file_137  945    0   228 146  14 28 2.771687e-11 -1.578493e+02 -1.491676e+05
INFO: cmn.c(183): CMN: 46.68 15.81 10.30 -17.27  0.05 -6.42 -0.96  3.86 -2.95 -1.34 -6.17 -2.01 -5.26 
utt>   137            thinh/file_138  855    0   224 141  11 23 2.267330e-11 -1.591745e+02 -1.360942e+05
INFO: cmn.c(183): CMN: 47.94 11.82  6.28 -15.70  0.12 -5.27 -1.29  8.26 -4.08 -1.02 -8.54 -0.88 -5.89 
utt>   138            thinh/file_139  833    0   212 147  13 26 2.567591e-11 -1.589980e+02 -1.324453e+05
INFO: cmn.c(183): CMN: 43.68 15.50  8.06 -11.08 -1.99 -5.45  2.64  1.21  0.31 -0.74 -6.05 -2.23 -1.98 
utt>   139            thinh/file_140  858    0   216 132  13 26 2.681107e-11 -1.583708e+02 -1.358821e+05
INFO: cmn.c(183): CMN: 48.16 13.55  8.08 -12.54 -1.10 -4.63 -1.48  6.69 -4.25 -2.24 -8.58  0.19 -5.60 
utt>   140            thinh/file_141  832    0   228 140  12 25 2.609962e-11 -1.587130e+02 -1.320492e+05
INFO: cmn.c(183): CMN: 47.64 13.91  7.45 -11.50  1.72 -8.40 -0.19  3.73 -0.43 -4.49 -7.00 -0.15 -6.64 
utt>   141            thinh/file_142  842    0   220 145  14 29 2.609837e-11 -1.593299e+02 -1.341558e+05
INFO: cmn.c(183): CMN: 49.07  9.76  8.49 -13.16  0.55 -9.56  2.95  4.34 -2.92 -3.44 -8.61  0.52 -6.49 
utt>   142            thinh/file_143  862    0   216 136  12 24 2.262226e-11 -1.602718e+02 -1.381543e+05
INFO: cmn.c(183): CMN: 47.01 13.13  9.27 -13.12  1.50 -6.85 -3.59  4.79 -2.99 -4.13 -4.13 -0.75 -3.23 
utt>   143            thinh/file_144  822    0   216 147  15 30 2.072276e-11 -1.596545e+02 -1.312360e+05
INFO: cmn.c(183): CMN: 49.68 11.81  6.92 -12.15  3.01 -11.71 -1.86  4.67 -5.27 -2.87 -8.76  1.36 -2.25 
utt>   144            thinh/file_145  826    0   216 148  17 34 4.096618e-11 -1.598901e+02 -1.320692e+05
INFO: cmn.c(183): CMN: 48.85 11.67 11.40 -12.38  5.10 -3.11 -2.24 13.20 -4.74  6.85 -6.10  1.95 -5.42 
utt>   145            thinh/file_146  802    0   220 148  11 23 2.355174e-11 -1.621690e+02 -1.300596e+05
INFO: cmn.c(183): CMN: 44.31 13.19  7.95 -12.41  1.33 -4.83  0.54  5.11 -4.38 -5.02 -5.88 -2.76 -4.03 
utt>   146            thinh/file_147  901    0   212 142  14 28 2.017110e-11 -1.583999e+02 -1.427183e+05
INFO: cmn.c(183): CMN: 44.86 11.72  6.37 -7.07  2.74 -9.49  1.41  6.43 -4.11 -0.14 -7.80 -0.85 -6.14 
utt>   147            thinh/file_148  894    0   220 145  12 25 2.946429e-11 -1.602069e+02 -1.432249e+05
INFO: cmn.c(183): CMN: 46.73 16.48  5.25 -10.01  2.08 -12.16  4.02  0.76  1.18 -3.18 -6.04  0.93 -2.48 
utt>   148            thinh/file_149  829    0   224 149  10 21 2.159999e-11 -1.598953e+02 -1.325532e+05
INFO: cmn.c(183): CMN: 44.61 16.48  8.37 -8.89 -2.85 -8.38  3.97  0.84 -0.44 -1.87 -6.40 -0.81 -3.12 
utt>   149            thinh/file_150  825    0   212 150  13 26 3.099209e-11 -1.597828e+02 -1.318208e+05
INFO: cmn.c(183): CMN: 45.97 11.83  8.59 -12.04  3.28 -11.59  1.45  4.98 -4.50  0.25 -6.59 -1.49 -5.73 
utt>   150            thinh/file_151  918    0   228 137  13 27 2.147756e-11 -1.596094e+02 -1.465215e+05
INFO: cmn.c(183): CMN: 41.40 16.79 11.24 -11.91  6.30  4.02  1.12  9.39  1.88  1.80  0.02 -3.46 -3.93 
utt>   151            thinh/file_152 1870    0   228 133  13 26 2.654479e-11 -1.610607e+02 -3.011836e+05
INFO: cmn.c(183): CMN: 49.97 10.55  4.46 -9.19 -0.30 -14.69  5.00  3.81  1.13 -1.93 -6.46  1.15 -7.36 
utt>   152            thinh/file_153  831    0   220 128  14 28 2.857260e-11 -1.597059e+02 -1.327156e+05
INFO: cmn.c(183): CMN: 50.34 10.26  3.01 -6.78 -0.86 -14.75  7.66  0.87 -1.66  1.68 -10.49 -0.59 -8.12 
utt>   153            thinh/file_154  818    0   216 147  14 28 2.931851e-11 -1.600024e+02 -1.308820e+05
INFO: cmn.c(183): CMN: 47.06 18.24 10.89 -13.82 -2.70 -11.37  3.36  4.18 -9.17  1.62 -7.98 -3.11 -1.32 
utt>   154            thinh/file_155  781    0   224 151  17 34 2.690911e-11 -1.598910e+02 -1.248749e+05
INFO: cmn.c(183): CMN: 48.66 13.15  7.66 -12.80 -4.93 -4.31  0.23  6.89 -5.97  3.71 -10.39 -1.08 -8.28 
utt>   155            thinh/file_156  807    0   224 139  14 28 2.415469e-11 -1.597456e+02 -1.289147e+05
INFO: cmn.c(183): CMN: 47.54 14.84  7.13 -15.67 -2.49 -4.41  1.09  6.27 -8.57  5.23 -10.55  0.62 -6.03 
utt>   156            thinh/file_157  834    0   224 137  13 26 2.552145e-11 -1.587524e+02 -1.323995e+05
INFO: cmn.c(183): CMN: 46.02  8.39  7.57 -7.61  4.40 -14.85  8.13  7.91 -0.76 -0.07 -7.27 -1.67 -6.34 
utt>   157            thinh/file_158  890    0   228 160  15 31 2.730374e-11 -1.602660e+02 -1.426367e+05
INFO: cmn.c(183): CMN: 47.05  9.36  3.04 -10.04  1.49 -16.31 11.50  4.79  0.49 -3.09 -5.62 -1.02 -5.71 
utt>   158            thinh/file_159  904    0   220 130  16 33 2.838493e-11 -1.598344e+02 -1.444903e+05
INFO: cmn.c(183): CMN: 43.81 10.45  3.46 -8.38 -1.27 -9.53  7.05 10.20 -2.32 -0.04 -7.14 -1.71 -5.45 
utt>   159            thinh/file_160  911    0   220 145  15 29 3.305662e-11 -1.587627e+02 -1.446328e+05
INFO: cmn.c(183): CMN: 46.47 12.58  4.21 -10.91  1.41 -12.18  4.14  7.67 -2.19 -2.44 -6.14  1.21 -3.08 
utt>   160            thinh/file_161  865    0   232 160  13 26 2.463219e-11 -1.599485e+02 -1.383554e+05
INFO: cmn.c(183): CMN: 46.78 13.88  8.12 -18.85  1.78 -8.59  3.10  5.72 -2.21 -1.32 -9.45 -0.93 -7.31 
utt>   161            thinh/file_162  806    0   220 145  14 27 2.609088e-11 -1.606658e+02 -1.294966e+05
INFO: cmn.c(183): CMN: 48.50  8.71  5.28 -8.06 -0.27 -8.86  2.27 12.56 -4.75 -0.62 -9.73 -2.63 -7.47 
utt>   162            thinh/file_163  832    0   224 132  11 23 2.481874e-11 -1.593469e+02 -1.325766e+05
INFO: cmn.c(183): CMN: 44.89 10.72  4.68 -9.40 -0.68 -8.99  1.80  9.24 -2.75  0.32 -7.05  0.89 -5.76 
utt>   163            thinh/file_164  931    0   224 141  14 28 3.840598e-11 -1.596537e+02 -1.486376e+05
INFO: cmn.c(183): CMN: 48.69 12.75  4.54 -5.10  0.55 -8.75 -4.14 21.35 -9.40 -1.42 -9.72 -3.83 -4.74 
utt>   164            thinh/file_165  823    0   220 145  15 30 2.826330e-11 -1.602242e+02 -1.318645e+05
INFO: cmn.c(183): CMN: 47.30 10.47  1.15 -7.91  5.14 -11.01 -3.08 11.12 -4.42  0.24 -10.83  1.62 -7.44 
utt>   165            thinh/file_166  953    0   224 155  14 28 3.038937e-11 -1.601209e+02 -1.525953e+05
INFO: cmn.c(183): CMN: 46.07 15.32 -1.38 -10.30 -0.37 -16.22 13.13  5.16  1.11 -1.85 -3.68 -1.92 -3.18 
utt>   166            thinh/file_167  876    0   220 146  13 27 2.548280e-11 -1.599079e+02 -1.400793e+05
INFO: cmn.c(183): CMN: 50.20 10.98  0.62 -11.80  0.99 -11.98  4.05 12.05 -2.89 -0.50 -9.57 -1.84 -7.91 
utt>   167            thinh/file_168  863    0   220 141  13 27 2.994161e-11 -1.604994e+02 -1.385110e+05
INFO: cmn.c(183): CMN: 46.80 14.51  2.80 -7.53 -0.57 -10.54  7.69  3.84  1.39 -2.48 -7.64 -4.59 -2.77 
utt>   168            thinh/file_169  833    0   224 149  12 24 2.368704e-11 -1.596420e+02 -1.329818e+05
INFO: cmn.c(183): CMN: 47.55 12.81  5.33 -12.39 -1.18 -12.46  7.32  5.28  3.28 -4.14 -6.14 -4.22 -6.58 
utt>   169            thinh/file_170  839    0   216 141  10 21 2.172089e-11 -1.591951e+02 -1.335647e+05
INFO: cmn.c(183): CMN: 44.78  9.87 12.83 -6.92  1.27 -5.31 -0.69  8.75 -5.69 -2.24 -4.16 -5.85  2.59 
utt>   170            thinh/file_171  813    0   220 156  12 24 2.186373e-11 -1.604363e+02 -1.304347e+05
INFO: cmn.c(183): CMN: 43.90 15.61 10.44 -7.36  0.35 -1.07 -4.66  3.92 -6.97  0.18 -4.07 -4.98 -4.55 
utt>   171            thinh/file_172  872    0   220 143  13 27 2.664502e-11 -1.606115e+02 -1.400532e+05
INFO: cmn.c(183): CMN: 45.96 11.19 12.18 -9.13  0.95 -3.92 -0.48  4.61 -2.86 -4.80 -1.44 -7.52 -0.43 
utt>   172            thinh/file_173  831    0   220 131  12 24 2.511339e-11 -1.603657e+02 -1.332639e+05
INFO: cmn.c(183): CMN: 45.58 15.54 10.36 -8.38 -3.86 -3.89  0.76  3.51 -8.61 -1.84 -3.61 -2.87  0.17 
utt>   173            thinh/file_174  836    0   216 142  14 29 2.467235e-11 -1.586020e+02 -1.325913e+05
INFO: cmn.c(183): CMN: 47.97 15.12  5.44 -3.63 -0.21 -6.15 -2.27 11.84 -8.40 -2.59 -5.21 -6.70  2.60 
utt>   174            thinh/file_175  814    0   216 147  15 31 3.197735e-11 -1.610229e+02 -1.310727e+05
INFO: cmn.c(183): CMN: 48.20 13.60  6.16 -11.82 -3.48  0.05  2.83  7.20 -7.25 -1.32 -5.16 -4.58 -0.83 
utt>   175            thinh/file_176  827    0   220 142  11 23 2.831855e-11 -1.611235e+02 -1.332491e+05
INFO: cmn.c(183): CMN: 48.11 12.58  2.94 -4.09  3.40 -16.84  6.35 -1.02 -4.98  1.94 -7.20 -5.76  1.13 
utt>   176            thinh/file_177  771    0   216 131  12 24 2.736719e-11 -1.609656e+02 -1.241045e+05
INFO: cmn.c(183): CMN: 48.03 13.10  6.24 -7.38 -2.04 -4.33 -1.20 -0.32 -3.28  0.55 -3.55 -10.10  3.30 
utt>   177            thinh/file_178  783    0   220 155  15 31 3.407005e-11 -1.613209e+02 -1.263143e+05
INFO: cmn.c(183): CMN: 47.47  7.31  2.29 -9.97 -4.36  1.64 -4.10  5.11 -3.97  2.37 -4.07 -1.17 -4.60 
utt>   178            thinh/file_179  951    0   220 157  20 40 3.551999e-11 -1.604048e+02 -1.525450e+05
INFO: cmn.c(183): CMN: 45.84  7.21  7.45 -4.04 -3.21 -4.13 -0.96  4.37 -11.03  4.79 -3.08 -11.90  1.95 
utt>   179            thinh/file_180  884    0   220 144  11 22 1.853866e-11 -1.607555e+02 -1.421079e+05
INFO: cmn.c(183): CMN: 45.37  8.87  1.99 -3.66 -3.55 -10.34  9.93 -2.00 -6.04  6.21 -8.08 -5.84 -0.37 
utt>   180            thinh/file_181  910    0   224 145  13 27 2.963458e-11 -1.609048e+02 -1.464234e+05
INFO: cmn.c(183): CMN: 46.90  6.27  7.67 -11.62  2.08 -7.47 -2.77  7.39 -7.05 -0.81 -2.88 -6.54 -1.14 
utt>   181            thinh/file_182  827    0   228 141  11 22 2.585071e-11 -1.601015e+02 -1.324039e+05
INFO: cmn.c(183): CMN: 47.32  7.33  8.80 -7.53 -3.10 -6.12 -3.30  7.40 -9.68  0.92 -7.56 -6.84  3.67 
utt>   182            thinh/file_183  844    0   224 142  13 27 2.689732e-11 -1.609816e+02 -1.358685e+05
INFO: cmn.c(183): CMN: 47.67  8.56  4.65 -10.18 -4.07 -8.34  1.52  4.37 -8.78 -0.40 -4.25 -5.18  1.74 
utt>   183            thinh/file_184  878    0   216 154  14 29 2.785946e-11 -1.600173e+02 -1.404952e+05
INFO: cmn.c(183): CMN: 50.38  8.12 -3.93 -0.66 -2.87 -9.73  1.44  3.97 -4.16  0.19 -1.28 -4.27 -7.23 
utt>   184            thinh/file_185  879    0   216 144  13 26 2.010309e-11 -1.611542e+02 -1.416545e+05
INFO: cmn.c(183): CMN: 49.72  3.41  2.96 -1.48 -6.47  2.93 -8.51  0.84 -1.42 -1.69 -4.98 -7.28  3.77 
utt>   185            thinh/file_186  818    0   224 140  14 28 2.269509e-11 -1.605255e+02 -1.313098e+05
INFO: cmn.c(183): CMN: 49.02 15.64 -2.01 -3.83 -5.29 -6.32 -0.84  6.03 -8.31  3.08 -9.73  3.43 -1.15 
utt>   186            thinh/file_187  838    0   220 148  13 27 2.673787e-11 -1.603240e+02 -1.343515e+05
INFO: cmn.c(183): CMN: 53.07  8.16  3.73 -6.34  3.90 -9.24 -14.36 18.75 -11.04 -0.85 -5.52 -3.64  2.53 
utt>   187            thinh/file_188  788    0   224 140  15 30 2.707487e-11 -1.622027e+02 -1.278157e+05
INFO: cmn.c(183): CMN: 51.01 11.99 -1.82 -2.15 -5.66 -3.85 -9.05 12.11 -5.86  0.88 -5.79  1.64 -2.64 
utt>   188            thinh/file_189  845    0   224 131  14 28 2.815899e-11 -1.616016e+02 -1.365533e+05
INFO: cmn.c(183): CMN: 49.46 10.70  3.24 -1.93 -3.48 -4.30 -6.51 10.45  0.46 -3.60 -3.93 -1.40 -1.23 
utt>   189            thinh/file_190  815    0   224 146  15 30 3.415055e-11 -1.611241e+02 -1.313161e+05
INFO: cmn.c(183): CMN: 50.39 11.03  3.41 -2.32 -12.26 -5.59 -5.39  9.81 -3.89 -2.52 -7.02 -2.78 -1.49 
utt>   190            thinh/file_191  808    0   228 149  13 27 2.832133e-11 -1.600436e+02 -1.293152e+05
INFO: cmn.c(183): CMN: 48.53 12.19 -1.74 -4.48 -7.11 -6.34 -2.13  7.25 -2.36 -3.23 -4.31  0.58 -3.09 
utt>   191            thinh/file_192  849    0   224 138  12 25 2.482404e-11 -1.599395e+02 -1.357886e+05
INFO: cmn.c(183): CMN: 50.85 10.63 -0.64 -4.22 -8.38 -6.32 -2.07  4.05  1.23 -2.81 -3.57 -1.82 -0.54 
utt>   192            thinh/file_193  814    0   212 135  12 24 2.319842e-11 -1.598172e+02 -1.300912e+05
INFO: cmn.c(183): CMN: 53.11 12.34 -3.03 -5.64 -5.39 -7.65 -5.65  6.36 -4.62 -1.43 -6.77 -0.78 -4.34 
utt>   193            thinh/file_194  812    0   212 140  13 26 3.438354e-11 -1.601261e+02 -1.300224e+05
INFO: cmn.c(183): CMN: 49.49 13.04  2.44 -6.23 -3.29 -6.84 -5.37 10.27 -3.30 -0.69 -7.61 -1.24 -0.67 
utt>   194            thinh/file_195  851    0   220 128  12 25 2.486803e-11 -1.610447e+02 -1.370490e+05
INFO: cmn.c(183): CMN: 51.30 12.63  1.46 -5.56 -3.89 -4.73 -7.22 11.42 -3.99 -3.17 -3.88 -2.62  0.54 
utt>   195            thinh/file_196  804    0   232 144  12 25 2.402240e-11 -1.610914e+02 -1.295175e+05
INFO: cmn.c(183): CMN: 49.59 12.42  1.81 -4.75 -6.01 -8.46 -6.04  7.48 -8.97 -4.01 -6.10 -2.40 -0.27 
utt>   196            thinh/file_197  869    0   216 136  10 21 2.191034e-11 -1.615129e+02 -1.403547e+05
INFO: cmn.c(183): CMN: 51.48  8.71 -0.33 -4.40 -3.29 -9.90 -3.52  8.05 -2.20 -2.14 -5.29 -5.15  1.75 
utt>   197            thinh/file_198  802    0   220 138  13 27 2.768326e-11 -1.619043e+02 -1.298472e+05
INFO: cmn.c(183): CMN: 48.77 13.00 -3.07 -4.27 -2.21 -8.92 -2.93  8.38 -3.93  1.83 -10.75  1.69 -4.18 
utt>   198            thinh/file_199  850    0   216 151  15 31 3.197844e-11 -1.610691e+02 -1.369087e+05
INFO: cmn.c(183): CMN: 46.49 14.30  0.39  0.45 -10.16 -4.41 -1.90  6.32 -0.34 -9.42  0.15 -0.61 -6.78 
utt>   199            thinh/file_200  878    0   224 156  12 25 1.988323e-11 -1.612573e+02 -1.415839e+05
INFO: cmn.c(183): CMN: 46.25  8.39  2.13 -3.25  9.74 -19.78  2.64 -1.18 -10.39  2.37 -3.59 -3.93  0.59 
utt>   200            thinh/file_201 1493    0   288 177  14 28 2.170085e-11 -1.585442e+02 -2.367064e+05
INFO: cmn.c(183): CMN: 43.96 20.81  5.09 -12.10  5.43 -6.15 -4.60 -7.53 -3.02 -0.39 -1.88 -3.35 -0.66 
utt>   201            thinh/file_202 1352    0   288 167  13 26 2.402003e-11 -1.591473e+02 -2.151671e+05
INFO: cmn.c(183): CMN: 51.16 15.06 -0.23 -17.98  7.43 -5.76 -6.62  0.54 -10.17  0.00 -4.64 -4.38 -4.78 
utt>   202            thinh/file_203 1226    0   288 153  13 27 2.428000e-11 -1.604025e+02 -1.966534e+05
INFO: cmn.c(183): CMN: 47.60 19.83 -0.07 -14.88 10.46 -4.65 -10.95  0.95 -10.59  1.39 -3.87 -4.71 -4.48 
utt>   203            thinh/file_204 1186    0   284 153  11 22 2.084792e-11 -1.598045e+02 -1.895281e+05
INFO: cmn.c(183): CMN: 46.38 20.59  3.70 -18.51  6.93 -1.62 -14.24  4.28 -11.87  1.24 -5.02 -1.85 -5.40 
utt>   204            thinh/file_205 1202    0   284 159  13 26 2.595142e-11 -1.604085e+02 -1.928110e+05
INFO: cmn.c(183): CMN: 49.79 17.92 -8.49 -14.10  0.83 -5.08  5.57  2.00 -6.08  2.66 -5.36 -1.27 -2.72 
utt>   205            thinh/file_206 1105    0   284 164  12 24 2.361719e-11 -1.610208e+02 -1.779279e+05
INFO: cmn.c(183): CMN: 47.95 15.22  0.80 -17.88 -1.54  4.53 -7.69  9.11 -6.52  3.40 -5.31 -1.27 -1.15 
utt>   206            thinh/file_207 1216    0   292 170  14 28 2.726782e-11 -1.613837e+02 -1.962425e+05
INFO: cmn.c(183): CMN: 47.24 18.43  3.63 -18.68 -4.00  6.77 -8.27  8.26 -4.75  1.73 -1.61 -1.86  0.08 
utt>   207            thinh/file_208 1122    0   288 187  14 29 2.738007e-11 -1.613315e+02 -1.810139e+05
INFO: cmn.c(183): CMN: 49.96 18.39 -2.05 -19.73 -2.36  1.71 -5.86  7.37 -2.54 -1.15 -0.52 -3.49 -0.38 
utt>   208            thinh/file_209 1073    0   288 170  13 27 2.361674e-11 -1.604939e+02 -1.722100e+05
INFO: cmn.c(183): CMN: 49.28 14.16 -0.72 -15.74 -6.01  3.05 -4.40  4.67 -3.01  0.58 -4.46 -2.49 -0.80 
utt>   209            thinh/file_210 1126    0   288 155  12 25 2.352960e-11 -1.606535e+02 -1.808959e+05
INFO: cmn.c(183): CMN: 45.81 15.33 -6.19 -8.95 -5.06 -0.55  1.06  7.94 -2.41  1.00  5.74 -7.75  1.00 
utt>   210            thinh/file_211 1146    0   292 176  18 37 2.788146e-11 -1.608126e+02 -1.842912e+05
INFO: cmn.c(183): CMN: 47.73 18.96 -4.40 -17.17  3.08 -7.89  1.58  8.52 -8.31  4.55 -4.90 -1.09  1.20 
utt>   211            thinh/file_212 1083    0   288 159  13 27 2.401368e-11 -1.620665e+02 -1.755180e+05
INFO: cmn.c(183): CMN: 46.44 12.41 -0.81 -21.07 -0.04  0.71 -5.60 13.33 -8.00  0.85 -2.64 -3.42  0.65 
utt>   212            thinh/file_213 1199    0   292 166  13 25 2.424942e-11 -1.620789e+02 -1.943326e+05
INFO: cmn.c(183): CMN: 47.92 18.90  0.39 -20.97  3.25 -0.42 -4.23 15.59 -8.22  5.76 -3.15 -1.84  1.12 
utt>   213            thinh/file_214 1093    0   280 164  12 24 2.330897e-11 -1.613196e+02 -1.763223e+05
INFO: cmn.c(183): CMN: 44.36 16.51  3.99 -17.95  3.10 -2.58 -4.02 13.27 -9.22  4.55 -4.23 -0.77 -0.14 
utt>   214            thinh/file_215 1139    0   288 169  12 23 2.210552e-11 -1.615620e+02 -1.840191e+05
INFO: cmn.c(183): CMN: 49.23 17.00 -3.99 -18.75  4.45 -5.65 -1.96 12.19 -7.93  3.91 -3.00 -1.32  0.86 
utt>   215            thinh/file_216 1076    0   292 171  15 30 2.467377e-11 -1.602667e+02 -1.724470e+05
INFO: cmn.c(183): CMN: 47.47 19.32 -0.02 -20.96  1.50 -4.08 -0.09 10.88 -10.22  3.15 -5.40  1.11 -0.37 
utt>   216            thinh/file_217 1067    0   292 163  14 28 2.797301e-11 -1.609362e+02 -1.717189e+05
INFO: cmn.c(183): CMN: 45.89 22.69 -1.97 -12.27  1.42 -9.76  7.71  8.12 -0.62  3.55 -1.55 -0.08 -2.21 
utt>   217            thinh/file_218 1105    0   292 177  13 26 2.577055e-11 -1.608499e+02 -1.777391e+05
INFO: cmn.c(183): CMN: 49.20 23.18 -3.22 -12.18 -11.33 -0.13 -6.11 10.07 -8.29 -3.53  0.10 -0.82 -5.31 
utt>   218            thinh/file_219 1101    0   288 189  12 25 2.699626e-11 -1.608501e+02 -1.770960e+05
INFO: cmn.c(183): CMN: 47.96 25.58 -1.01 -8.97 -8.23 -1.02 -0.59 10.43 -1.35 -5.10  1.75 -0.60 -2.88 
utt>   219            thinh/file_220 1062    0   284 199  15 31 2.866919e-11 -1.605539e+02 -1.705083e+05
INFO: cmn.c(183): CMN: 46.38 19.53 10.05 -20.04  1.49  2.51 -12.65 18.11 -2.69  4.40 -2.46 -4.16 -0.25 
utt>   220            thinh/file_221 1045    0   292 171  14 28 2.377757e-11 -1.614647e+02 -1.687307e+05
INFO: cmn.c(183): CMN: 45.65 18.50  9.27 -15.60  0.30  3.87 -5.83 15.65 -1.73  7.40 -3.72 -1.08  3.50 
utt>   221            thinh/file_222 1138    0   284 153  14 28 2.617452e-11 -1.597688e+02 -1.818169e+05
INFO: cmn.c(183): CMN: 48.57 19.21 -1.48 -14.97  4.60 -5.31  0.31 17.84 -1.85  4.47 -5.27 -2.58  1.46 
utt>   222            thinh/file_223 1063    0   292 176  13 26 2.259369e-11 -1.590079e+02 -1.690254e+05
INFO: cmn.c(183): CMN: 50.00 18.16  4.86 -18.78  2.27 -3.08 -6.00 17.99 -1.12  6.49  0.42 -4.06  1.16 
utt>   223            thinh/file_224 1087    0   280 181  15 30 3.252847e-11 -1.592460e+02 -1.731004e+05
INFO: cmn.c(183): CMN: 46.19 20.22  3.97 -15.28  3.53 -2.44 -5.29 16.98 -2.27  5.95  0.81 -3.18  1.94 
utt>   224            thinh/file_225 1131    0   288 201  18 36 2.883825e-11 -1.605696e+02 -1.816042e+05
INFO: cmn.c(183): CMN: 48.93 22.84  4.94 -20.21  4.66 -3.18 -6.26 18.88 -2.67  5.78 -3.29 -2.56  1.56 
utt>   225            thinh/file_226  996    0   292 180  14 28 3.120142e-11 -1.600357e+02 -1.593956e+05
INFO: cmn.c(183): CMN: 45.63 19.43  8.64 -18.50  1.79  2.15 -8.72 20.04 -3.25  8.09 -0.35 -3.45  1.68 
utt>   226            thinh/file_227 1144    0   288 171  14 29 2.497424e-11 -1.593094e+02 -1.822500e+05
INFO: cmn.c(183): CMN: 44.46 20.87  7.08 -17.74  1.06  0.06 -6.41 18.08 -5.98  8.71 -2.31 -0.28  3.53 
utt>   227            thinh/file_228 1075    0   292 177  13 26 2.560810e-11 -1.604876e+02 -1.725242e+05
INFO: cmn.c(183): CMN: 46.56 20.27  2.42 -18.07  2.84 -4.31 -3.83 21.74 -5.30  8.41 -3.42 -3.13 -0.24 
utt>   228            thinh/file_229 1098    0   284 162  13 26 2.510296e-11 -1.591740e+02 -1.747730e+05
INFO: cmn.c(183): CMN: 45.52 20.24  5.69 -17.55  5.29 -1.72 -3.31 19.47 -3.24  6.37 -2.05 -2.85  2.18 
utt>   229            thinh/file_230 1051    0   288 181  13 27 2.510036e-11 -1.598167e+02 -1.679673e+05
INFO: cmn.c(183): CMN: 44.89 18.63  5.44 -25.82  7.35  0.10  5.83 17.26 -6.00  4.94 -0.98 -1.29  0.43 
utt>   230            thinh/file_231 1033    0   288 172  15 30 2.501633e-11 -1.597656e+02 -1.650378e+05
INFO: cmn.c(183): CMN: 44.51 17.19  7.69 -21.65  5.13 -0.18 -0.30 20.98 -6.66  6.69  0.35 -0.02 -2.22 
utt>   231            thinh/file_232 1094    0   292 179  15 31 3.370454e-11 -1.607377e+02 -1.758471e+05
INFO: cmn.c(183): CMN: 45.69 15.12  3.27 -21.09  7.24  3.55  1.65 23.38 -4.46  3.63 -3.47  0.19 -3.83 
utt>   232            thinh/file_233 1144    0   288 170  12 23 2.341595e-11 -1.596032e+02 -1.825860e+05
INFO: cmn.c(183): CMN: 42.53 16.71  5.99 -21.78  8.09 -0.73  3.22 18.37 -7.64  1.45 -1.75 -0.46 -3.25 
utt>   233            thinh/file_234 1095    0   284 174  14 27 2.478760e-11 -1.595815e+02 -1.747417e+05
INFO: cmn.c(183): CMN: 43.68 21.40  7.88 -21.53  6.97  0.93 -1.12 16.66 -7.89  1.15 -4.63  3.78 -2.66 
utt>   234            thinh/file_235  973    0   292 177  20 41 4.790330e-11 -1.599979e+02 -1.556779e+05
INFO: cmn.c(183): CMN: 42.19 17.80  8.89 -19.89  3.39  0.55 -1.24 20.96 -7.68  1.79 -3.39  3.74 -1.01 
utt>   235            thinh/file_236 1085    0   288 181  13 27 2.743875e-11 -1.602712e+02 -1.738942e+05
INFO: cmn.c(183): CMN: 43.85 21.71  3.05 -20.98 -0.57  3.51 -0.44 16.94 -0.54  1.89 -2.82  1.06  1.08 
utt>   236            thinh/file_237 1068    0   284 195  17 34 3.288899e-11 -1.595664e+02 -1.704169e+05
INFO: cmn.c(183): CMN: 43.63 19.46  0.52 -17.32  3.81 -3.90  7.54 12.25 -1.98  3.98 -3.38  5.39 -1.48 
utt>   237            thinh/file_238 1087    0   288 178  16 31 2.872306e-11 -1.590660e+02 -1.729048e+05
INFO: cmn.c(183): CMN: 45.53 21.13 -2.74 -18.18  1.78 -4.81  4.80 14.35 -3.61  6.29 -3.75  6.17 -3.57 
utt>   238            thinh/file_239 1069    0   288 183  15 31 2.735430e-11 -1.595946e+02 -1.706066e+05
INFO: cmn.c(183): CMN: 44.92 20.66  2.72 -18.63  3.20 -4.75  3.80 12.40  0.12  4.63 -5.68  5.18 -4.57 
utt>   239            thinh/file_240 1067    0   288 154  14 29 2.594420e-11 -1.593411e+02 -1.700170e+05
INFO: cmn.c(183): CMN: 44.07 19.80 -3.15 -11.85 -1.43 -8.69  0.39 12.50  4.48 -0.40  1.58  3.19 -4.78 
utt>   240            thinh/file_241 1106    0   292 155  14 28 2.508132e-11 -1.597386e+02 -1.766709e+05
INFO: cmn.c(183): CMN: 46.22 21.46 -2.13 -11.67 -1.69 -5.73  5.15 10.28  4.72 -2.36  0.65  3.38 -3.43 
utt>   241            thinh/file_242 1075    0   284 167  12 25 2.295060e-11 -1.598942e+02 -1.718863e+05
INFO: cmn.c(183): CMN: 47.79 17.74 -3.85 -16.14 -1.09 -11.68  8.46  9.96  9.11  2.44  1.08  4.69 -6.60 
utt>   242            thinh/file_243 1034    0   284 176  15 30 2.672873e-11 -1.598083e+02 -1.652417e+05
INFO: cmn.c(183): CMN: 48.63 21.80 -2.42 -18.16  4.38 -10.71 10.68  8.86  5.20 -2.32 -0.59  0.08 -3.50 
utt>   243            thinh/file_244 1009    0   280 172  14 29 2.796721e-11 -1.595482e+02 -1.609841e+05
INFO: cmn.c(183): CMN: 46.28 21.13 -0.17 -18.86  2.17 -12.48  5.81 14.85  3.18  0.61  0.68  5.27 -3.07 
utt>   244            thinh/file_245 1068    0   284 171  14 28 2.375319e-11 -1.596876e+02 -1.705463e+05
INFO: cmn.c(183): CMN: 44.49 19.21  5.36 -11.60  3.51 -4.00  5.31  8.93  1.13 -4.52 -4.56  1.28 -6.87 
utt>   245            thinh/file_246 1133    0   292 173  13 26 2.435986e-11 -1.594727e+02 -1.806825e+05
INFO: cmn.c(183): CMN: 45.09 21.72  2.68 -17.80  3.21 -3.07  4.85 15.58 -0.61  3.00 -7.87  5.11 -6.02 
utt>   246            thinh/file_247 1079    0   292 171  14 28 2.402969e-11 -1.587663e+02 -1.713089e+05
INFO: cmn.c(183): CMN: 47.10 19.73  0.88 -18.17  0.84 -4.59  2.38 14.67 -0.60  5.43 -4.66  5.07 -3.43 
utt>   247            thinh/file_248 1086    0   288 160  12 25 2.327615e-11 -1.594734e+02 -1.731881e+05
INFO: cmn.c(183): CMN: 46.56 18.96 -2.66 -10.00  0.92 -8.82  8.06  6.41  5.35  7.64 -4.94 -0.38 -2.24 
utt>   248            thinh/file_249 1085    0   292 174  14 28 2.666432e-11 -1.593515e+02 -1.728964e+05
INFO: cmn.c(183): CMN: 45.00 12.67  2.09 -10.16  1.88 -6.99  9.13  7.43  4.92  7.61 -5.17 -0.78  0.21 
utt>   249            thinh/file_250 1135    0   284 146  12 25 2.391648e-11 -1.592806e+02 -1.807834e+05
INFO: cmn.c(183): CMN: 50.00 23.82 -0.72 -15.42  1.31 -7.30  5.62 15.07  1.95  5.90 -8.53 -0.17 -0.34 
utt>   250            thinh/file_251 1059    0   288 159  11 23 2.412427e-11 -1.602244e+02 -1.696776e+05
INFO: cmn.c(183): CMN: 47.43 22.88 -0.17 -17.63  1.59 -9.44  5.47 16.02  2.24  7.14 -7.50  1.55 -0.60 
utt>   251            thinh/file_252 1085    0   292 170  15 30 2.650319e-11 -1.600189e+02 -1.736205e+05
INFO: cmn.c(183): CMN: 51.41 19.75  0.06 -19.85  1.33 -12.85  7.92 10.63  3.82  1.17 -8.93 -4.51 -0.60 
utt>   252            thinh/file_253 1056    0   288 170  13 27 2.752179e-11 -1.599101e+02 -1.688650e+05
INFO: cmn.c(183): CMN: 50.50 20.65 -2.82 -17.85  1.94 -9.36  4.31 13.72  2.41  6.35 -6.78 -1.98  0.81 
utt>   253            thinh/file_254 1086    0   280 155  14 28 2.870199e-11 -1.593355e+02 -1.730384e+05
INFO: cmn.c(183): CMN: 51.08 22.75 -3.69 -14.01  0.86 -7.42  4.95 13.74  1.78  4.68 -5.47 -3.28  3.72 
utt>   254            thinh/file_255 1029    0   280 169  13 26 2.383503e-11 -1.596754e+02 -1.643060e+05
INFO: cmn.c(183): CMN: 49.49 18.35 -2.70 -16.33  5.70 -8.91  2.70 13.67 -2.40  9.49 -5.31 -6.01 -1.49 
utt>   255            thinh/file_256 1062    0   284 164  14 28 2.741792e-11 -1.595167e+02 -1.694068e+05
INFO: cmn.c(183): CMN: 48.39 19.49 -1.02 -16.94  4.01 -13.34  6.11  9.42 -0.12  8.26 -7.12 -3.06  0.33 
utt>   256            thinh/file_257 1159    0   288 171  14 28 2.476353e-11 -1.602421e+02 -1.857206e+05
INFO: cmn.c(183): CMN: 49.96 15.88  3.15 -22.00  4.42 -10.18  7.00 13.49  3.52  7.94 -6.49 -4.56  1.12 
utt>   257            thinh/file_258 1045    0   292 160  13 27 2.700794e-11 -1.606790e+02 -1.679095e+05
INFO: cmn.c(183): CMN: 50.03 15.01  1.56 -17.04  2.61 -10.70 -2.13 13.59 -4.38  7.96 -4.23 -0.74 -2.44 
utt>   258            thinh/file_259 1078    0   288 168  13 25 2.615940e-11 -1.601350e+02 -1.726255e+05
INFO: cmn.c(183): CMN: 47.54 14.03  5.46 -20.19  5.40 -4.39 -4.06 18.30 -1.89  6.76 -2.13 -2.02 -2.85 
utt>   259            thinh/file_260 1080    0   288 168  13 26 2.230791e-11 -1.601439e+02 -1.729554e+05
INFO: cmn.c(183): CMN: 51.15 18.76  0.92 -10.31  5.70 -5.76 -7.45  5.18 -5.41  7.28 -1.62  0.20  1.60 
utt>   260            thinh/file_261 1042    0   284 163  12 25 2.427191e-11 -1.600788e+02 -1.668021e+05
INFO: cmn.c(183): CMN: 49.22 19.45 -1.17 -14.21  7.61 -7.04 -4.07  2.59 -2.89  5.66  0.80 -0.08  1.14 
utt>   261            thinh/file_262 1045    0   280 177  15 30 2.577529e-11 -1.598800e+02 -1.670746e+05
INFO: cmn.c(183): CMN: 49.49 14.50 -4.57 -10.86  0.35 -7.78 12.59  7.70  2.78  3.77  2.96 -4.33 -4.07 
utt>   262            thinh/file_263 1128    0   272 160  11 23 2.238366e-11 -1.596500e+02 -1.800852e+05
INFO: cmn.c(183): CMN: 49.12 17.70 -2.41 -15.12  0.07 -7.25 10.04  4.95  9.04  5.99  5.33 -2.68 -3.41 
utt>   263            thinh/file_264 1011    0   272 173  13 27 2.686037e-11 -1.595825e+02 -1.613379e+05
INFO: cmn.c(183): CMN: 46.24 24.05 -0.18 -14.15  1.33 -9.86  7.55  9.81  2.66  8.17  1.45 -3.18 -2.68 
utt>   264            thinh/file_265 1086    0   280 170  11 22 2.233090e-11 -1.589305e+02 -1.725985e+05
INFO: cmn.c(183): CMN: 47.53 22.10 -0.45 -14.99  0.37 -6.23  1.36 11.14 -5.03 10.76 -3.89 -4.65 -2.04 
utt>   265            thinh/file_266 1114    0   276 185  16 32 3.377884e-11 -1.603666e+02 -1.786484e+05
INFO: cmn.c(183): CMN: 48.88 23.04  0.09 -16.47 -1.86 -10.45  3.42 15.43 -4.46  9.07  3.66 -5.08 -1.50 
utt>   266            thinh/file_267 1007    0   284 181  15 30 2.801934e-11 -1.598865e+02 -1.610057e+05
INFO: cmn.c(183): CMN: 47.33 16.98 -0.56 -10.22  3.35 -16.01  9.43 14.41 -2.19  7.85  5.72 -3.09 -3.23 
utt>   267            thinh/file_268 1029    0   280 174  11 23 3.142532e-11 -1.595302e+02 -1.641566e+05
INFO: cmn.c(183): CMN: 46.31 24.02  1.46 -13.37 -0.35 -10.14  0.38 11.44 -6.39 10.74  1.24 -4.06  0.37 
utt>   268            thinh/file_269 1113    0   280 176  12 25 2.686560e-11 -1.602749e+02 -1.783860e+05
INFO: cmn.c(183): CMN: 44.67 18.69  1.81 -12.70 -2.20 -5.59  2.50 10.71 -4.63  7.57 -1.84 -0.77  0.38 
utt>   269            thinh/file_270 1146    0   280 156  12 25 2.432007e-11 -1.586390e+02 -1.818003e+05
INFO: cmn.c(183): CMN: 45.10 21.39 -0.12 -13.80 -0.05 -3.55  3.32 14.56  0.68 14.39 -1.31  2.29 -3.54 
utt>   270            thinh/file_271 1042    0   280 167  14 28 3.112730e-11 -1.587702e+02 -1.654386e+05
INFO: cmn.c(183): CMN: 48.80 17.31 -1.14 -17.78  1.23 -4.81  2.95 13.84  0.57 15.91 -2.21 -1.30 -3.76 
utt>   271            thinh/file_272 1038    0   276 142  12 24 2.426529e-11 -1.592540e+02 -1.653057e+05
INFO: cmn.c(183): CMN: 44.37 18.55  2.76 -14.67  0.92 -4.30  1.81 12.35 -2.93 12.38 -2.75 -2.30 -1.92 
utt>   272            thinh/file_273 1174    0   284 174  12 25 2.822688e-11 -1.590436e+02 -1.867171e+05
INFO: cmn.c(183): CMN: 45.00 19.91 -0.03 -19.97  4.61 -5.15  5.34 11.61 -4.59 10.91 -6.13 -4.03 -4.07 
utt>   273            thinh/file_274 1050    0   268 165  14 29 3.021491e-11 -1.588995e+02 -1.668444e+05
INFO: cmn.c(183): CMN: 44.83 22.01  4.95 -18.35  3.75 -6.69  2.77  8.67 -1.54 10.21 -2.62 -1.53 -2.45 
utt>   274            thinh/file_275 1046    0   276 169  13 27 2.289756e-11 -1.595725e+02 -1.669128e+05
INFO: cmn.c(183): CMN: 44.99 20.25  5.06 -20.03  2.57 -4.23 -2.32 12.64  0.80 10.50 -2.31 -0.85  0.15 
utt>   275            thinh/file_276 1125    0   280 171  14 28 3.034239e-11 -1.591525e+02 -1.790466e+05
INFO: cmn.c(183): CMN: 42.43 22.63  3.14 -18.98  4.64 -3.40  4.57 10.89 -0.59 10.40 -5.80 -1.25 -2.24 
utt>   276            thinh/file_277 1065    0   280 174  14 29 2.301316e-11 -1.590197e+02 -1.693560e+05
INFO: cmn.c(183): CMN: 42.34 20.72  0.87 -17.56  1.46 -3.61  4.97 14.08 -2.33 12.35 -1.88 -4.61 -2.13 
utt>   277            thinh/file_278 1168    0   280 163  15 30 2.781747e-11 -1.591736e+02 -1.859148e+05
INFO: cmn.c(183): CMN: 41.76 21.24  2.50 -15.67  0.82  0.91  0.46 13.71 -3.62 10.27 -1.51 -3.93  1.22 
utt>   278            thinh/file_279 1122    0   280 167  15 30 2.644734e-11 -1.587586e+02 -1.781271e+05
INFO: cmn.c(183): CMN: 41.23 19.38  3.04 -13.25  1.88 -7.68  4.70 14.11 -3.40  9.57 -2.05 -0.09 -2.72 
utt>   279            thinh/file_280 1177    0   284 157  10 21 2.112776e-11 -1.592829e+02 -1.874759e+05
INFO: cmn.c(183): CMN: 44.06 21.88 -0.40 -16.88  1.34 -7.02  3.58 12.77 -5.46 11.24 -1.08 -0.28 -0.63 
utt>   280            thinh/file_281 1034    0   284 184  15 30 3.135732e-11 -1.599777e+02 -1.654170e+05
INFO: cmn.c(183): CMN: 43.98 24.62  1.73 -16.42  2.26 -6.21  2.51  9.57 -2.73 10.71 -5.04 -0.69 -2.42 
utt>   281            thinh/file_282 1026    0   292 180  14 29 2.858230e-11 -1.600876e+02 -1.642499e+05
INFO: cmn.c(183): CMN: 45.99 23.16 -1.99 -14.30 -1.26 -8.52  8.86  9.07  1.39  7.45 -8.17  0.74 -4.74 
utt>   282            thinh/file_283 1098    0   288 172  13 27 2.526900e-11 -1.597578e+02 -1.754140e+05
INFO: cmn.c(183): CMN: 47.01 20.80  0.44 -13.40  1.79 -7.54  4.77 11.15 -3.43  6.67  3.52 -3.80 -0.36 
utt>   283            thinh/file_284 1085    0   284 160  13 27 2.214685e-11 -1.594967e+02 -1.730539e+05
INFO: cmn.c(183): CMN: 43.60 22.16  2.91 -16.80  2.07 -5.24  2.31 10.81 -3.96  9.97 -3.24 -0.91  1.21 
utt>   284            thinh/file_285 1084    0   288 179  14 29 2.554425e-11 -1.594110e+02 -1.728015e+05
INFO: cmn.c(183): CMN: 42.14 18.79  4.47 -18.56  3.17 -3.99  1.67 11.25 -2.03  9.32 -3.40 -0.49  0.61 
utt>   285            thinh/file_286 1121    0   288 167  12 24 2.287730e-11 -1.600209e+02 -1.793834e+05
INFO: cmn.c(183): CMN: 45.77 22.88  1.20 -20.86  4.02 -6.92  3.99  8.34  2.30  8.00 -3.95 -1.16  0.01 
utt>   286            thinh/file_287 1065    0   284 180  13 27 2.785983e-11 -1.591731e+02 -1.695194e+05
INFO: cmn.c(183): CMN: 43.09 21.43  4.48 -18.79  1.65 -1.75 -0.11 11.09 -4.46  8.71 -3.56  1.09  0.62 
utt>   287            thinh/file_288 1102    0   288 170  13 26 2.679421e-11 -1.598755e+02 -1.761828e+05
INFO: cmn.c(183): CMN: 44.39 18.79  1.04 -16.83  3.06 -6.98  5.40 10.20  0.31  9.47 -2.95 -0.51 -2.02 
utt>   288            thinh/file_289 1104    0   288 162  13 26 2.482800e-11 -1.581270e+02 -1.745722e+05
INFO: cmn.c(183): CMN: 42.02 24.02  5.03 -19.25  4.50 -4.67  4.53  5.79  0.50  2.63 -1.07  2.84  1.82 
utt>   289            thinh/file_290 1069    0   292 200  16 32 3.618183e-11 -1.596664e+02 -1.706834e+05
INFO: cmn.c(183): CMN: 45.33 23.96  6.14 -16.40  5.73 -4.70  1.57  9.25 -1.44  7.62 -4.85 -1.03 -4.56 
utt>   290            thinh/file_291 1154    0   288 174  13 27 2.766631e-11 -1.596186e+02 -1.841998e+05
INFO: cmn.c(183): CMN: 45.40 22.85  0.91 -16.64  1.65 -9.98  4.46 10.84 -4.82 10.37  0.07 -2.08 -0.80 
utt>   291            thinh/file_292 1032    0   296 196  16 33 3.427680e-11 -1.600375e+02 -1.651587e+05
INFO: cmn.c(183): CMN: 44.20 23.14  1.75 -15.99  0.70 -6.02  3.87 14.21 -3.52 10.84 -3.89 -3.51 -3.37 
utt>   292            thinh/file_293 1073    0   288 169  13 27 2.799889e-11 -1.601713e+02 -1.718638e+05
INFO: cmn.c(183): CMN: 44.44 19.70  0.36 -12.21  2.04 -5.99  4.15 13.87 -7.95  8.55 -0.96 -4.77 -3.29 
utt>   293            thinh/file_294 1136    0   280 168  12 24 2.172797e-11 -1.602866e+02 -1.820856e+05
INFO: cmn.c(183): CMN: 43.72 18.69  3.28 -18.27  3.45 -2.79 -1.52 11.06 -2.95 11.19 -3.74 -2.86  0.25 
utt>   294            thinh/file_295 1125    0   288 168  12 25 2.716098e-11 -1.598549e+02 -1.798368e+05
INFO: cmn.c(183): CMN: 47.14 23.06 -1.28 -16.67 -1.05 -6.63  2.59 11.68 -2.17 12.71 -2.73 -1.28 -2.13 
utt>   295            thinh/file_296 1036    0   292 181  15 30 2.860872e-11 -1.610624e+02 -1.668606e+05
INFO: cmn.c(183): CMN: 48.73 18.96  1.88 -18.46  1.56 -7.14  2.47 12.34 -2.65  5.73 -1.74 -3.42 -1.19 
utt>   296            thinh/file_297 1157    0   284 171  14 29 2.730991e-11 -1.604400e+02 -1.856290e+05
INFO: cmn.c(183): CMN: 45.86 21.05  1.65 -15.37 -3.92 -7.22  1.90 12.00 -2.84  9.96 -5.64  3.92 -0.51 
utt>   297            thinh/file_298 1084    0   288 180  12 24 2.590901e-11 -1.592822e+02 -1.726619e+05
INFO: cmn.c(183): CMN: 45.86 20.89  0.52 -16.89  0.89 -8.03  2.80 12.77 -3.24  9.33 -2.28 -1.33  0.38 
utt>   298            thinh/file_299 1138    0   288 185  13 27 2.437100e-11 -1.595334e+02 -1.815490e+05
INFO: cmn.c(183): CMN: 46.28 20.22  4.84 -17.25 -0.28 -6.92  1.08 13.15 -2.94 12.58 -0.96 -1.67  0.38 
utt>   299            thinh/file_300 1084    0   284 148  14 29 2.612260e-11 -1.589905e+02 -1.723456e+05
INFO: cmn.c(183): CMN: 49.32 18.28 -3.10 -17.45  4.12 -4.38  0.88 18.44 -0.89  6.73 -4.70 -3.42 -7.15 
utt>   300            thinh/file_301 1147    0   288 184  15 29 2.509086e-11 -1.589240e+02 -1.822858e+05
INFO: cmn.c(183): CMN: 45.46 20.21  0.79 -18.27  0.66 -0.56 -1.81  9.88  3.19  6.35 -6.48 -3.34 -8.62 
utt>   301            thinh/file_302 1273    0   292 174  15 31 3.189604e-11 -1.592917e+02 -2.027783e+05
INFO: cmn.c(183): CMN: 48.59 17.65  1.46 -13.94  0.04 -2.14  0.73 15.23  1.22  3.16 -4.01 -3.40 -6.40 
utt>   302            thinh/file_303 1258    0   296 174  14 28 2.835639e-11 -1.593239e+02 -2.004294e+05
INFO: cmn.c(183): CMN: 50.28 15.31  0.14 -15.85  0.67 -7.79  5.43 15.28 -2.80  8.93 -0.23 -2.84 -8.60 
utt>   303            thinh/file_304 1244    0   284 158  14 28 2.405017e-11 -1.596349e+02 -1.985858e+05
INFO: cmn.c(183): CMN: 46.79 19.31  0.43 -17.04 -1.27 -6.58 -0.30 15.75 -0.75  6.76  0.15 -5.23 -7.34 
utt>   304            thinh/file_305 1310    0   288 182  13 27 2.242695e-11 -1.596527e+02 -2.091450e+05
INFO: cmn.c(183): CMN: 45.85 18.74  0.54 -19.49 -1.69 -5.36  0.30 10.98  4.79  5.72 -0.58 -1.70 -8.16 
utt>   305            thinh/file_306 1385    0   288 184  18 36 2.797346e-11 -1.587879e+02 -2.199212e+05
INFO: cmn.c(183): CMN: 45.88 18.90  1.53 -16.29 -2.92 -5.52  0.12 15.49  0.80  5.67  1.52 -3.23 -6.25 
utt>   306            thinh/file_307 1280    0   292 183  15 31 2.556217e-11 -1.592731e+02 -2.038696e+05
INFO: cmn.c(183): CMN: 47.37 15.74  1.82 -17.81 -5.50 -2.56 -3.61 12.03  1.09  8.63 -1.45 -0.48 -9.56 
utt>   307            thinh/file_308 1460    0   288 186  17 34 2.789335e-11 -1.592299e+02 -2.324756e+05
INFO: cmn.c(183): CMN: 49.90 14.69 -3.70 -19.36 -2.39 -4.21  2.11 15.79 -2.34  6.05  1.80 -4.81 -6.66 
utt>   308            thinh/file_309 1343    0   288 182  15 31 2.354796e-11 -1.585504e+02 -2.129332e+05
INFO: cmn.c(183): CMN: 50.70 15.96  5.00 -17.85 -1.74 -4.12 -0.63 13.65 -0.69  7.52 -2.99 -2.75 -6.23 
utt>   309            thinh/file_310 1383    0   288 153  13 26 2.228980e-11 -1.583696e+02 -2.190252e+05
INFO: cmn.c(183): CMN: 47.71 19.59 -3.56 -19.67 -0.29 -3.23 -3.69 12.34 -0.16  3.79  1.44 -1.58 -6.14 
utt>   310            thinh/file_311 1422    0   280 174  14 28 2.197933e-11 -1.585476e+02 -2.254547e+05
INFO: cmn.c(183): CMN: 50.47 22.39 -1.26 -20.92 -1.39 -3.88 -1.22 12.32  2.99  2.52 -0.36  1.77 -7.22 
utt>   311            thinh/file_312 1308    0   288 169  13 27 2.020684e-11 -1.593606e+02 -2.084437e+05
INFO: cmn.c(183): CMN: 45.47 15.17 -1.08 -9.40  0.43 -6.09  2.68 14.11 -4.27  8.01 -0.30 -3.95 -6.18 
utt>   312            thinh/file_313 1481    0   284 163  13 27 2.265311e-11 -1.590043e+02 -2.354854e+05
INFO: cmn.c(183): CMN: 47.13 18.15 -9.63 -12.70  3.26 -9.00 -1.10 15.93  1.64  3.21 -1.57 -0.08 -5.07 
utt>   313            thinh/file_314 1478    0   272 177  15 30 2.291195e-11 -1.576575e+02 -2.330178e+05
INFO: cmn.c(183): CMN: 45.23 20.34 -8.18 -11.59  1.29 -10.15 -3.19 14.65  0.89 -7.19  3.49  1.30 -5.77 
utt>   314            thinh/file_315 1399    0   292 184  15 31 2.875810e-11 -1.577066e+02 -2.206315e+05
INFO: cmn.c(183): CMN: 45.77 21.87 -5.06 -17.31 -2.89 -2.18  0.42  8.91  4.22  1.06  0.42 -2.17 -5.11 
utt>   315            thinh/file_316 1343    0   284 175  15 31 2.574648e-11 -1.583568e+02 -2.126732e+05
INFO: cmn.c(183): CMN: 44.56 22.16 -2.78 -15.90 -2.24 -5.97 -1.06 11.59  1.35 -0.08  0.47 -0.36 -7.13 
utt>   316            thinh/file_317 1326    0   292 176  17 34 2.985801e-11 -1.576985e+02 -2.091082e+05
INFO: cmn.c(183): CMN: 47.07 17.96 -7.15 -8.86  1.09 -12.85 -0.96 17.08 -0.37 -3.21  0.75  0.90 -9.33 
utt>   317            thinh/file_318 1458    0   288 183  14 29 2.395172e-11 -1.580999e+02 -2.305097e+05
INFO: cmn.c(183): CMN: 46.25 20.03 -5.54 -14.76 -0.05 -6.83  7.88  8.76  0.56  2.01  0.02 -1.67 -6.96 
utt>   318            thinh/file_319 1353    0   284 152  15 31 2.648559e-11 -1.583416e+02 -2.142362e+05
INFO: cmn.c(183): CMN: 46.35 20.52 -2.78 -16.98  2.02 -6.98 -5.00 14.95  2.39  5.58 -3.15  3.94 -8.73 
utt>   319            thinh/file_320 1264    0   288 169  14 29 2.223702e-11 -1.591900e+02 -2.012161e+05
INFO: cmn.c(183): CMN: 45.87 18.64 -2.34 -24.15  3.75 -3.10 -1.07 10.23  1.98  5.49 -2.07  0.95 -10.11 
utt>   320            thinh/file_321 1423    0   288 177  17 35 2.870353e-11 -1.583057e+02 -2.252689e+05
INFO: cmn.c(183): CMN: 46.36 22.00 -2.98 -23.28 -1.06 -8.31 -4.76 11.73  1.32  6.43 -2.29  2.90 -7.53 
utt>   321            thinh/file_322 1325    0   288 181  15 30 2.719900e-11 -1.588926e+02 -2.105327e+05
INFO: cmn.c(183): CMN: 45.72 21.09 -9.71 -14.05 -1.05 -9.52 -3.14 12.82  5.29 -4.02  3.03 -2.27 -4.32 
utt>   322            thinh/file_323 1392    0   288 164  14 29 2.315773e-11 -1.572541e+02 -2.188977e+05
INFO: cmn.c(183): CMN: 45.19 20.09 -2.27 -20.16 -0.38 -3.19  2.17 10.72 -2.53  8.65 -3.23 -2.36 -7.15 
utt>   323            thinh/file_324 1392    0   280 174  13 27 2.510607e-11 -1.576496e+02 -2.194483e+05
INFO: cmn.c(183): CMN: 46.41 20.12 -0.87 -20.54  1.12 -5.87 -3.95 15.23 -2.07  8.29 -3.60  0.59 -5.70 
utt>   324            thinh/file_325 1350    0   288 179  15 31 2.845760e-11 -1.587182e+02 -2.142695e+05
INFO: cmn.c(183): CMN: 45.19 22.66 -2.30 -21.59 -0.81 -4.87  1.34  9.14  3.63  3.13  0.59 -1.94 -7.71 
utt>   325            thinh/file_326 1362    0   292 180  14 28 2.265295e-11 -1.583112e+02 -2.156198e+05
INFO: cmn.c(183): CMN: 47.54 21.37 -5.03 -25.90 -0.18 -5.26 -3.13 13.31 -0.90  7.97 -0.85 -2.49 -7.16 
utt>   326            thinh/file_327 1326    0   284 192  17 35 2.913602e-11 -1.578092e+02 -2.092550e+05
INFO: cmn.c(183): CMN: 43.91 19.34  1.20 -20.18 -4.12 -4.74 -0.93  9.43  2.91  6.09  0.22 -3.90 -7.24 
utt>   327            thinh/file_328 1466    0   292 171  12 25 2.161347e-11 -1.587162e+02 -2.326779e+05
INFO: cmn.c(183): CMN: 45.66 21.95 -2.51 -24.18  0.23 -6.87  0.04 14.00  0.69 10.19  2.71 -5.26 -8.66 
utt>   328            thinh/file_329 1359    0   288 206  16 33 2.451615e-11 -1.580703e+02 -2.148175e+05
INFO: cmn.c(183): CMN: 44.71 20.80  2.29 -23.21 -1.18  0.27 -4.72 13.44  2.84  8.10 -0.51 -1.79 -9.47 
utt>   329            thinh/file_330 1377    0   280 169  12 25 2.220501e-11 -1.584717e+02 -2.182156e+05
INFO: cmn.c(183): CMN: 46.45 21.13 -2.14 -25.23  0.80 -4.41 -3.06 17.40 -3.87 10.56 -4.42  0.42 -9.91 
utt>   330            thinh/file_331 1319    0   288 180  15 31 2.763555e-11 -1.581585e+02 -2.086111e+05
INFO: cmn.c(183): CMN: 46.05 20.56 -2.62 -22.08 -3.38 -3.88  1.04 10.17  3.26  7.43 -5.01 -0.45 -8.45 
utt>   331            thinh/file_332 1273    0   284 156  15 31 2.829595e-11 -1.577791e+02 -2.008528e+05
INFO: cmn.c(183): CMN: 45.93 20.64 -2.87 -20.82 -3.47 -5.40  0.34 11.62  6.61  4.97  2.41 -4.36 -7.29 
utt>   332            thinh/file_333 1316    0   288 181  13 26 2.439345e-11 -1.580207e+02 -2.079552e+05
INFO: cmn.c(183): CMN: 43.73 20.26 -8.16 -18.41 -2.66 -4.04  3.92 12.42  3.67  5.12  2.57 -5.28 -8.50 
utt>   333            thinh/file_334 1587    0   272 166  14 29 2.388680e-11 -1.574071e+02 -2.498050e+05
INFO: cmn.c(183): CMN: 44.65 24.48 -4.04 -21.91 -0.70 -5.24  2.75 11.66  5.70  3.76 -0.22 -1.50 -8.91 
utt>   334            thinh/file_335 1347    0   284 186  14 29 2.393672e-11 -1.579238e+02 -2.127234e+05
INFO: cmn.c(183): CMN: 45.99 22.92 -1.27 -24.87  1.17 -3.10  0.04 11.86  2.91  6.37  0.25 -0.84 -11.32 
utt>   335            thinh/file_336 1317    0   292 185  17 35 2.794727e-11 -1.583403e+02 -2.085342e+05
INFO: cmn.c(183): CMN: 46.64 17.62 -4.29 -17.14  3.47 -10.92 -3.78 16.21 -5.94  4.27 -3.38 -6.14 -6.44 
utt>   336            thinh/file_337 1291    0   288 173  15 30 2.688984e-11 -1.595143e+02 -2.059330e+05
INFO: cmn.c(183): CMN: 48.25 19.19 -1.33 -19.15 -4.49 -9.76 -4.37  9.65 -1.28 -3.34  1.47 -8.42 -5.60 
utt>   337            thinh/file_338 1424    0   288 164  14 28 2.343237e-11 -1.592644e+02 -2.267925e+05
INFO: cmn.c(183): CMN: 47.35 18.98 -3.52 -19.78 -0.38 -11.47 -4.85 11.55 -4.06 -1.04 -2.57 -5.40 -5.08 
utt>   338            thinh/file_339 1353    0   284 168  14 29 2.354466e-11 -1.587206e+02 -2.147490e+05
INFO: cmn.c(183): CMN: 47.36 18.01  4.64 -15.31 -2.61 -5.08 -2.79  5.73 -2.79 -2.22 -1.94 -5.61 -8.87 
utt>   339            thinh/file_340 1257    0   288 162  13 27 2.247271e-11 -1.585625e+02 -1.993131e+05
INFO: cmn.c(183): CMN: 49.44 17.97 -2.49 -10.93 -0.03 -10.94 -7.59  8.53 -7.66  1.25 -2.96  0.32 -8.75 
utt>   340            thinh/file_341 1232    0   288 166  13 27 2.383753e-11 -1.591381e+02 -1.960582e+05
INFO: cmn.c(183): CMN: 48.80 13.90 -2.19 -4.16 -2.35 -10.63 -5.29  6.77 -3.81 -0.98 -5.01 -1.41 -6.20 
utt>   341            thinh/file_342 1324    0   288 163  12 25 2.309441e-11 -1.587677e+02 -2.102085e+05
INFO: cmn.c(183): CMN: 47.13 18.18 -5.56 -14.55  2.65 -15.15  0.21  9.38 -7.18  3.40 -6.75  0.16 -9.26 
utt>   342            thinh/file_343 1371    0   288 166  13 27 2.929010e-11 -1.589602e+02 -2.179344e+05
INFO: cmn.c(183): CMN: 45.26 15.66 -3.18 -11.48 -0.86 -17.41  2.68 10.14 -6.87 -1.92 -4.06 -0.57 -8.11 
utt>   343            thinh/file_344 1432    0   276 172  12 25 2.153893e-11 -1.581217e+02 -2.264303e+05
INFO: cmn.c(183): CMN: 47.21 21.65 -2.98 -10.38 -0.84 -13.50 -6.48 10.36 -6.69 -7.84  0.23 -1.62 -3.70 
utt>   344            thinh/file_345 1269    0   288 171  16 32 3.149533e-11 -1.595133e+02 -2.024224e+05
INFO: cmn.c(183): CMN: 49.01 14.65 -5.93 -5.93 -5.88 -12.03 -4.50 12.13 -3.37 -9.33 -0.82 -5.37 -6.83 
utt>   345            thinh/file_346 1351    0   292 177  16 32 2.674915e-11 -1.586520e+02 -2.143389e+05
INFO: cmn.c(183): CMN: 51.01 21.93 -7.40 -8.58 -2.77 -15.44 -4.47  8.93 -6.04 -4.63 -5.23  0.87 -8.25 
utt>   346            thinh/file_347 1196    0   292 168  15 30 2.480910e-11 -1.585913e+02 -1.896752e+05
INFO: cmn.c(183): CMN: 51.28 19.21 -5.85 -5.59 -10.07 -10.43 -4.79 11.01 -6.60 -2.34 -6.17 -2.16 -3.19 
utt>   347            thinh/file_348 1149    0   292 168  17 34 2.758401e-11 -1.600533e+02 -1.839013e+05
INFO: cmn.c(183): CMN: 49.69 12.68 -5.86 -1.45 -7.64 -13.15 -3.31  9.52 -5.45 -2.68 -9.32  0.74 -4.24 
utt>   348            thinh/file_349 1320    0   288 180  14 28 2.245190e-11 -1.591251e+02 -2.100451e+05
INFO: cmn.c(183): CMN: 50.27 19.93 -2.65 -13.87 -3.19 -14.09  2.51  8.64 -10.13 -3.11 -2.82 -4.81 -6.37 
utt>   349            thinh/file_350 1228    0   288 170  14 28 2.188293e-11 -1.598331e+02 -1.962750e+05
INFO: cmn.c(183): CMN: 56.91  8.38 -6.67 -2.09 -11.10 -10.12 -5.10 10.03 -9.76 -2.67 -3.87 -0.68 -6.87 
utt>   350            thinh/file_351 1202    0   288 173  16 32 2.614292e-11 -1.585654e+02 -1.905956e+05
INFO: cmn.c(183): CMN: 56.01  8.24 -5.49  1.00 -14.24 -10.42 -1.57  8.78 -10.23 -6.75  1.12 -5.23 -4.80 
utt>   351            thinh/file_352 1280    0   292 173  16 33 2.788914e-11 -1.581994e+02 -2.024953e+05
INFO: cmn.c(183): CMN: 50.14 17.57  0.32 -14.00 -8.41 -9.85  3.40  5.51 -11.02  1.91 -1.95 -2.34 -5.57 
utt>   352            thinh/file_353 1258    0   288 161  13 27 2.659137e-11 -1.591771e+02 -2.002447e+05
INFO: cmn.c(183): CMN: 46.48 21.68 -2.67 -20.21 -1.75 -8.79 -0.43  3.74 -11.09 -1.31 -6.75 -4.99 -3.72 
utt>   353            thinh/file_354 1236    0   276 155  13 26 2.313719e-11 -1.592005e+02 -1.967718e+05
INFO: cmn.c(183): CMN: 47.74 21.81 -2.60 -14.82  0.07 -12.38 -2.50  5.75 -5.56  0.74 -6.62 -1.39 -2.96 
utt>   354            thinh/file_355 1285    0   288 166  13 26 2.276387e-11 -1.592439e+02 -2.046285e+05
INFO: cmn.c(183): CMN: 45.63 19.47 -0.85 -21.63 -4.64 -9.86 -0.74  4.22 -9.33 -4.71 -3.93 -3.16 -1.94 
utt>   355            thinh/file_356 1404    0   288 184  16 33 2.705186e-11 -1.590982e+02 -2.233739e+05
INFO: cmn.c(183): CMN: 48.19 21.90  0.64 -16.74 -4.17 -15.82 -1.95  7.68 -9.34 -2.48 -6.09  0.78 -4.41 
utt>   356            thinh/file_357 1295    0   292 171  14 29 2.896143e-11 -1.599065e+02 -2.070789e+05
INFO: cmn.c(183): CMN: 47.84 22.26  3.45 -19.31 -6.01 -10.85 -4.74  8.28 -11.87 -4.53 -6.54 -0.97 -2.42 
utt>   357            thinh/file_358 1110    0   288 171  17 33 2.934908e-11 -1.603956e+02 -1.780391e+05
INFO: cmn.c(183): CMN: 48.82 23.12  5.22 -18.83 -5.12 -15.63 -1.50  6.52 -12.56  1.83 -3.29 -2.65 -2.06 
utt>   358            thinh/file_359 1156    0   288 153  13 26 2.833847e-11 -1.604902e+02 -1.855266e+05
INFO: cmn.c(183): CMN: 46.76 19.70  3.85 -20.76 -2.97 -8.08 -5.43  8.55 -10.62 -1.61 -5.96 -3.06 -2.38 
utt>   359            thinh/file_360 1213    0   288 163  14 28 2.504957e-11 -1.598763e+02 -1.939300e+05
INFO: cmn.c(183): CMN: 46.69 25.54 -0.66 -24.32 -2.01 -8.35 -3.12  2.79 -10.23 -2.00 -3.65 -0.95 -4.76 
utt>   360            thinh/file_361 1217    0   288 177  14 29 2.380857e-11 -1.591434e+02 -1.936775e+05
INFO: cmn.c(183): CMN: 44.02 26.00  3.14 -22.14 -7.39 -8.10 -0.54  4.80 -12.68 -2.56 -4.92 -1.02 -3.84 
utt>   361            thinh/file_362 1235    0   288 177  14 29 2.423725e-11 -1.582873e+02 -1.954848e+05
INFO: cmn.c(183): CMN: 45.90 23.01  0.66 -21.18 -2.60 -12.62 -0.84  6.07 -8.83 -6.83 -4.76  1.55 -2.45 
utt>   362            thinh/file_363 1193    0   288 166  16 32 2.838647e-11 -1.586318e+02 -1.892477e+05
INFO: cmn.c(183): CMN: 44.62 21.60 -2.56 -16.02 -4.96 -12.04  0.69  5.89 -10.93 -2.52 -2.02 -2.40 -4.60 
utt>   363            thinh/file_364 1306    0   276 175  15 31 2.502959e-11 -1.577346e+02 -2.060013e+05
INFO: cmn.c(183): CMN: 41.53 26.62  5.36 -17.58 -6.89 -10.50 -3.16  4.95 -12.47 -1.61 -5.94 -2.46 -3.92 
utt>   364            thinh/file_365 1441    0   296 194  14 29 2.329477e-11 -1.590999e+02 -2.292629e+05
INFO: cmn.c(183): CMN: 44.00 23.16  4.66 -13.14 -3.62 -16.83  0.66  5.06 -7.45 -3.72 -2.18 -2.12 -5.18 
utt>   365            thinh/file_366 1425    0   288 161  14 28 2.477587e-11 -1.584631e+02 -2.258099e+05
INFO: cmn.c(183): CMN: 44.19 24.14 -1.89 -21.91 -4.38 -9.20 -0.59  2.98 -10.73 -4.91 -3.65 -4.06 -3.93 
utt>   366            thinh/file_367 1513    0   288 192  16 33 3.046428e-11 -1.581685e+02 -2.393089e+05
INFO: cmn.c(183): CMN: 42.21 25.47  4.48 -16.91 -5.90 -8.28 -0.48  2.28 -12.19 -3.03 -4.03 -2.36 -3.05 
utt>   367            thinh/file_368 1599    0   284 158  13 27 2.798849e-11 -1.580727e+02 -2.527583e+05
INFO: cmn.c(183): CMN: 43.21 23.37  2.56 -19.76 -7.92 -10.22 -0.29  2.16 -9.63 -3.37 -2.79 -0.16 -4.81 
utt>   368            thinh/file_369 1616    0   288 180  16 33 2.774616e-11 -1.578130e+02 -2.550259e+05
INFO: cmn.c(183): CMN: 46.93 19.88 -6.73 -5.56  1.52 -21.77  1.72  3.80 -9.50 -3.34 -3.21 -4.04 -2.99 
utt>   369            thinh/file_370 1505    0   296 169  14 28 2.251998e-11 -1.590953e+02 -2.394384e+05
INFO: cmn.c(183): CMN: 42.47 20.89 -4.00 -7.38  2.54 -12.77 -2.72  5.55 -6.14  0.31 -5.34 -2.58 -6.43 
utt>   370            thinh/file_371 1681    0   288 177  12 24 2.092765e-11 -1.581457e+02 -2.658429e+05
INFO: cmn.c(183): CMN: 44.97 25.82 -3.08 -17.59  6.01 -15.57 -6.69  6.53 -10.07 -0.90 -4.15 -3.16 -1.16 
utt>   371            thinh/file_372 1443    0   288 188  14 29 2.474114e-11 -1.582843e+02 -2.284042e+05
INFO: cmn.c(183): CMN: 43.32 23.18 -1.08 -11.30  1.22 -14.00 -3.43  5.93 -8.77 -2.36 -5.00 -5.18 -0.90 
utt>   372            thinh/file_373 1593    0   288 177  16 32 2.861295e-11 -1.580264e+02 -2.517361e+05
INFO: cmn.c(183): CMN: 45.86 22.46 -5.55 -9.88  6.88 -15.71 -2.31  7.61 -6.64 -3.25 -2.52 -3.90 -2.99 
utt>   373            thinh/file_374 1420    0   276 156  13 27 2.296575e-11 -1.576728e+02 -2.238953e+05
INFO: cmn.c(183): CMN: 44.50 21.32 -8.25 -1.82  4.72 -22.85 -0.53  6.23 -6.35 -4.36 -4.01 -4.34 -1.18 
utt>   374            thinh/file_375 1577    0   288 165  11 22 2.029292e-11 -1.579502e+02 -2.490874e+05
INFO: cmn.c(183): CMN: 45.22 20.91 -0.79 -12.86  5.78 -16.05 -6.85  5.77 -8.47 -3.74 -4.99 -2.14 -3.20 
utt>   375            thinh/file_376 1547    0   288 169  17 35 2.531876e-11 -1.581100e+02 -2.445961e+05
INFO: cmn.c(183): CMN: 46.10 22.90 -3.77 -14.50  3.17 -16.38 -1.51  8.05 -13.12 -3.56 -2.85 -5.31 -3.92 
utt>   376            thinh/file_377 1391    0   284 185  16 32 3.076051e-11 -1.580544e+02 -2.198537e+05
INFO: cmn.c(183): CMN: 44.91 23.93 -4.12 -10.75  2.30 -15.99 -2.50  9.21 -11.04 -0.78 -5.38 -5.14 -2.73 
utt>   377            thinh/file_378 1442    0   288 166  13 27 2.881628e-11 -1.581504e+02 -2.280528e+05
INFO: cmn.c(183): CMN: 45.95 22.40 -2.48 -12.46  0.09 -16.61 -0.59  7.17 -10.49  0.12 -6.69 -1.89 -4.33 
utt>   378            thinh/file_379 1481    0   288 167  17 35 2.616619e-11 -1.579376e+02 -2.339056e+05
INFO: cmn.c(183): CMN: 43.88 22.28 -0.00 -16.20 -1.97 -12.98 -0.17  3.61 -10.00 -1.69 -5.06 -2.54 -5.97 
utt>   379            thinh/file_380 1585    0   284 158  13 26 2.085018e-11 -1.580668e+02 -2.505359e+05
INFO: cmn.c(183): CMN: 43.58 24.54  0.68 -15.93 -2.82 -13.01 -1.43  1.65 -8.59 -5.02  0.11 -5.39 -5.78 
utt>   380            thinh/file_381 1544    0   288 155  13 26 2.087350e-11 -1.582134e+02 -2.442815e+05
INFO: cmn.c(183): CMN: 45.18 24.77  1.27 -12.34 -5.06 -11.46 -11.38  5.68 -11.10 -2.95 -0.61 -5.23 -0.01 
utt>   381            thinh/file_382 1473    0   292 162  13 27 2.421985e-11 -1.586743e+02 -2.337273e+05
INFO: cmn.c(183): CMN: 43.44 22.16  1.37 -19.20 -3.07 -11.99  0.46  1.41 -9.80 -4.54 -1.72 -4.81 -4.11 
utt>   382            thinh/file_383 1626    0   280 169  12 25 2.172021e-11 -1.576318e+02 -2.563094e+05
INFO: cmn.c(183): CMN: 47.02 22.16  1.14 -20.58 -3.06 -13.30 -2.57  5.09 -14.34 -2.54 -5.12 -1.58 -5.38 
utt>   383            thinh/file_384 1486    0   280 167  12 25 2.165446e-11 -1.571035e+02 -2.334558e+05
INFO: cmn.c(183): CMN: 44.02 16.46  3.17 -13.04  1.44 -4.77 -5.58  4.02 -12.46 -4.01 -4.12 -3.88 -3.09 
utt>   384            thinh/file_385 1549    0   284 167  14 29 2.151804e-11 -1.585921e+02 -2.456591e+05
INFO: cmn.c(183): CMN: 46.09 23.91 -8.05 -11.76 -1.55 -21.57  0.66  7.58 -5.68 -2.71 -7.88 -0.46 -5.63 
utt>   385            thinh/file_386 1391    0   288 181  14 29 2.621159e-11 -1.585722e+02 -2.205740e+05
INFO: cmn.c(183): CMN: 44.24 24.24  2.07 -17.07 -3.78 -6.83 -7.07  6.26 -10.14 -2.86 -4.69 -3.96 -3.37 
utt>   386            thinh/file_387 1471    0   288 163  14 29 2.136374e-11 -1.583136e+02 -2.328793e+05
INFO: cmn.c(183): CMN: 45.93 24.34 -0.01 -18.33 -3.57 -12.45 -4.38  6.07 -7.33  0.74 -6.09 -2.90 -3.44 
utt>   387            thinh/file_388 1421    0   288 156  12 25 2.016014e-11 -1.588768e+02 -2.257640e+05
INFO: cmn.c(183): CMN: 48.52 19.15 -0.81 -16.92 -0.38 -10.89 -5.89  6.82 -8.04 -4.27 -2.07 -1.16 -5.06 
utt>   388            thinh/file_389 1495    0   288 170  12 25 1.960107e-11 -1.585806e+02 -2.370780e+05
INFO: cmn.c(183): CMN: 47.11 21.67  4.54 -19.85 -0.25 -9.20 -8.16  5.93 -6.44 -4.19 -1.29 -6.50 -0.12 
utt>   389            thinh/file_390 1352    0   288 176  15 31 2.447007e-11 -1.587200e+02 -2.145894e+05
INFO: cmn.c(183): CMN: 44.41 26.06  1.45 -16.62 -2.26 -10.80 -9.08  7.15 -10.53 -3.28 -3.73 -1.66 -4.09 
utt>   390            thinh/file_391 1348    0   292 186  14 29 2.231818e-11 -1.590366e+02 -2.143813e+05
INFO: cmn.c(183): CMN: 47.94 26.33 -1.12 -14.16  0.26 -18.34 -3.01  5.28 -13.14 -5.15 -6.00 -1.10 -5.43 
utt>   391            thinh/file_392 1290    0   288 166  14 29 2.619835e-11 -1.595308e+02 -2.057947e+05
INFO: cmn.c(183): CMN: 45.60 22.80  0.69 -15.50 -2.91 -12.61 -4.75  8.16 -9.15 -5.19 -4.18 -2.52 -4.08 
utt>   392            thinh/file_393 1445    0   292 171  13 26 2.601841e-11 -1.581120e+02 -2.284719e+05
INFO: cmn.c(183): CMN: 51.71 21.93 -10.45 -12.43  0.15 -20.04  5.06  2.02 -11.95 -3.55 -5.05  0.24 -3.80 
utt>   393            thinh/file_394 1329    0   272 178  12 24 2.295879e-11 -1.577622e+02 -2.096659e+05
INFO: cmn.c(183): CMN: 47.24 23.69  0.66 -22.05 -7.76 -8.96 -5.14  4.99 -5.06  1.37 -2.08 -2.92 -5.17 
utt>   394            thinh/file_395 1256    0   288 161  13 26 2.780575e-11 -1.591705e+02 -1.999182e+05
INFO: cmn.c(183): CMN: 45.59 18.52  0.29 -21.80 -6.86 -11.22 -8.75  7.22  0.12  0.78 -0.54 -0.74 -7.25 
utt>   395            thinh/file_396 1498    0   292 179  17 34 2.556068e-11 -1.587336e+02 -2.377829e+05
INFO: cmn.c(183): CMN: 47.75 19.15  0.32 -24.44 -5.54 -9.36 -4.87  9.67 -3.14 -1.58 -2.25  0.01 -8.49 
utt>   396            thinh/file_397 1464    0   292 140  12 24 2.151494e-11 -1.584583e+02 -2.319829e+05
INFO: cmn.c(183): CMN: 46.86 17.53  4.99 -17.94 -9.18 -14.57 -4.63  9.02 -4.43 -0.33  2.45 -2.57 -7.36 
utt>   397            thinh/file_398 1588    0   292 158  12 24 2.267278e-11 -1.582249e+02 -2.512611e+05
INFO: cmn.c(183): CMN: 45.30 24.76  0.76 -18.47 -2.44 -11.29 -4.27  0.77 -4.03 -1.37 -1.22 -3.52 -6.05 
utt>   398            thinh/file_399 1466    0   288 163  12 25 2.023576e-11 -1.585241e+02 -2.323964e+05
INFO: cmn.c(183): CMN: 46.61 20.74  6.40 -16.84 -4.32 -10.85 -6.05  5.83 -5.11 -0.44 -0.69 -2.17 -5.51 
utt>   399            thinh/file_400 1529    0   288 170  14 28 2.405059e-11 -1.587891e+02 -2.427885e+05
overall> stats 421318 (-0) -1.595159e+02 -6.720691e+07

INFO: s3mixw_io.c(233): Wrote /home/nguyenvanthinh/Desktop/Git/speech recognition  demo/acoustic/bwaccumdir/digit_buff_1/mixw_counts [93x1x1 array]
INFO: s3tmat_io.c(176): Wrote /home/nguyenvanthinh/Desktop/Git/speech recognition  demo/acoustic/bwaccumdir/digit_buff_1/tmat_counts [31x3x4 array]
INFO: s3gau_io.c(485): Wrote /home/nguyenvanthinh/Desktop/Git/speech recognition  demo/acoustic/bwaccumdir/digit_buff_1/gauden_counts with means with vars (2pass) [93x1x1 vector arrays]
INFO: main.c(999): Counts saved to /home/nguyenvanthinh/Desktop/Git/speech recognition  demo/acoustic/bwaccumdir/digit_buff_1
Wed Apr  6 14:52:50 2016
