Current configuration:
[NAME]		[DEFLT]	[VALUE]
-allphones	no	no
-cntthresh	0.00001	1.000000e-05
-csplitmax	100	2000
-csplitmin	1	1
-csplitthr	8e-4	0.000000e+00
-example	no	no
-fullvar	no	no
-help		no	no
-meanfn			/home/nguyenvanthinh/Desktop/Git/speech recognition  demo/digit/model_parameters/digit.cd_cont_untied/means
-mixwfn			/home/nguyenvanthinh/Desktop/Git/speech recognition  demo/digit/model_parameters/digit.cd_cont_untied/mixture_weights
-moddeffn		/home/nguyenvanthinh/Desktop/Git/speech recognition  demo/digit/model_architecture/digit.untied.mdef
-mwfloor	1e-4	1.000000e-08
-phone			tc
-psetfn			/home/nguyenvanthinh/Desktop/Git/speech recognition  demo/digit/model_architecture/digit.tree_questions
-ssplitmax	5	7
-ssplitmin	1	1
-ssplitthr	8e-4	0.000000e+00
-state			1
-stwt			1.0,0.05,0.0,
-treefn			/home/nguyenvanthinh/Desktop/Git/speech recognition  demo/digit/trees/digit.unpruned/tc-1.dtree
-ts2cbfn	.semi.	.cont.
-varfloor	0.00001	1.000000e-05
-varfn			/home/nguyenvanthinh/Desktop/Git/speech recognition  demo/digit/model_parameters/digit.cd_cont_untied/variances

INFO: main.c(223): Reading: /home/nguyenvanthinh/Desktop/Git/speech recognition  demo/digit/model_architecture/digit.untied.mdef
INFO: model_def_io.c(573): Model definition info:
INFO: model_def_io.c(574): 326 total models defined (31 base, 295 tri)
INFO: model_def_io.c(575): 1304 total states
INFO: model_def_io.c(576): 978 total tied states
INFO: model_def_io.c(577): 93 total tied CI states
INFO: model_def_io.c(578): 31 total tied transition matrices
INFO: model_def_io.c(579): 4 max state/model
INFO: model_def_io.c(580): 4 min state/model
INFO: main.c(242): Building trees for [tc ooj SIL e] through [tc oos ng e]
INFO: main.c(269): Covering states |[837 890]| == 54
INFO: main.c(275): Reading: /home/nguyenvanthinh/Desktop/Git/speech recognition  demo/digit/model_parameters/digit.cd_cont_untied/mixture_weights
INFO: s3mixw_io.c(173): Read /home/nguyenvanthinh/Desktop/Git/speech recognition  demo/digit/model_parameters/digit.cd_cont_untied/mixture_weights [54x1x1 array]
INFO: main.c(311): 18 of 18 models have observation count greater than 0.000010
INFO: main.c(95): nrm stwt: 0.045 0.909 0.045 
INFO: s3gau_io.c(169): Read /home/nguyenvanthinh/Desktop/Git/speech recognition  demo/digit/model_parameters/digit.cd_cont_untied/means [978x1x1 array]
INFO: s3gau_io.c(169): Read /home/nguyenvanthinh/Desktop/Git/speech recognition  demo/digit/model_parameters/digit.cd_cont_untied/variances [978x1x1 array]
INFO: main.c(549): Reading: /home/nguyenvanthinh/Desktop/Git/speech recognition  demo/digit/model_architecture/digit.tree_questions
INFO: main.c(588): 172 total simple questions (164 phone; 8 word bndry)
INFO: main.c(590): 40 Left Only questions, and 40 Right Only questions
INFO: dtree.c(1478): Final simple tree
|( QUESTION10 -1 -3.988e+05 2.276e+03 1.557e+03
|    ( QUESTION0_11_R 1 -4.905e+04 1.041e+03 1.306e+02
|        ( - -1.823e+04 1 0)
|        ( QUESTION0_7_R 1 -2.978e+04 4.411e+02 5.546e+01
|            ( - -2.499e+02 1 0)
|            ( - -2.909e+04 5 0 SILENCE 1 2.119e+02 5.446e+01)))
|    ( QUESTION0_11_R 1 -3.475e+05 1.580e+03 1.426e+03
|        ( - -6.657e+04 2 0 QUESTION0_19_R 1 1.357e+02 2.902e+02)
|        ( SILENCE 1 -2.793e+05 6.057e+02 1.136e+03
|            ( - -1.146e+04 1 0)
|            ( QUESTION0_5_R 1 -2.673e+05 5.223e+02 1.104e+03
|                ( - -1.206e+05 2 0)
|                ( QUESTION0_7_R 1 -1.461e+05 3.650e+02 6.000e+02
|                    ( - -5.133e+04 2 0 QUESTION3 1 1.273e+02 2.109e+02)
|                    ( - -9.439e+04 4 0))))))
s>    ( QUESTION10 -1 -3.988e+05 2.276e+03 1.557e+03
s>        ( QUESTION0_11_R 1 -4.905e+04 1.041e+03 1.306e+02
s>            ( - -1.823e+04 1 0)
s>            ( QUESTION0_7_R 1 -2.978e+04 4.411e+02 5.546e+01
s>                ( - -2.499e+02 1 0)
s>                ( - -2.909e+04 5 0 SILENCE 1 2.119e+02 5.446e+01)))
s>        ( QUESTION0_11_R 1 -3.475e+05 1.580e+03 1.426e+03
s>            ( - -6.657e+04 2 0 QUESTION0_19_R 1 1.357e+02 2.902e+02)
s>            ( SILENCE 1 -2.793e+05 6.057e+02 1.136e+03
s>                ( - -1.146e+04 1 0)
s>                ( QUESTION0_5_R 1 -2.673e+05 5.223e+02 1.104e+03
s>                    ( - -1.206e+05 2 0)
s>                    ( QUESTION0_7_R 1 -1.461e+05 3.650e+02 6.000e+02
s>                        ( - -5.133e+04 2 0 QUESTION3 1 1.273e+02 2.109e+02)
s>                        ( - -9.439e+04 4 0))))))INFO: dtree.c(1315): Comp split 0
INFO: dtree.c(1439): stop. leaf nodes are specific
INFO: dtree.c(1478): Final simple tree
|( QUESTION0_4_R 1 -3.353e+05 1.487e+03 1.395e+03
|    ( QUESTION0_5_R 1 -2.673e+05 5.223e+02 1.104e+03
|        ( - -1.206e+05 2 0)
|        ( QUESTION0_7_R 1 -1.461e+05 3.650e+02 6.000e+02
|            ( QUESTION3 1 -5.133e+04 1.273e+02 2.109e+02
|                ( - -2.763e+04 1 0)
|                ( - -2.357e+04 1 0))
|            ( - -9.439e+04 4 0)))
|    ( QUESTION0_19_R 1 -6.657e+04 1.357e+02 2.902e+02
|        ( - -6.473e+03 1 0)
|        ( - -5.996e+04 1 0)))
s>    ( QUESTION0_4_R 1 -3.353e+05 1.487e+03 1.395e+03
s>        ( QUESTION0_5_R 1 -2.673e+05 5.223e+02 1.104e+03
s>            ( - -1.206e+05 2 0)
s>            ( QUESTION0_7_R 1 -1.461e+05 3.650e+02 6.000e+02
s>                ( QUESTION3 1 -5.133e+04 1.273e+02 2.109e+02
s>                    ( - -2.763e+04 1 0)
s>                    ( - -2.357e+04 1 0))
s>                ( - -9.439e+04 4 0)))
s>        ( QUESTION0_19_R 1 -6.657e+04 1.357e+02 2.902e+02
s>            ( - -6.473e+03 1 0)
s>            ( - -5.996e+04 1 0)))INFO: dtree.c(1439): stop. leaf nodes are specific
INFO: dtree.c(1478): Final simple tree
|( QUESTION0_11_R 1 -6.099e+04 1.270e+03 1.622e+02
|    ( - -1.823e+04 1 0)
|    ( QUESTION0_7_R 1 -4.149e+04 4.416e+02 8.703e+01
|        ( - -2.499e+02 1 0)
|        ( QUESTION10 -1 -4.080e+04 2.563e+02 8.603e+01
|            ( SILENCE 1 -2.909e+04 2.119e+02 5.446e+01
|                ( - -1.617e+04 1 0)
|                ( QUESTION0_5_R 1 -1.271e+04 1.618e+02 2.982e+01
|                    ( - -4.912e+03 1 0)
|                    ( - -7.634e+03 3 0)))
|            ( - -1.146e+04 1 0))))
s>    ( QUESTION0_11_R 1 -6.099e+04 1.270e+03 1.622e+02
s>        ( - -1.823e+04 1 0)
s>        ( QUESTION0_7_R 1 -4.149e+04 4.416e+02 8.703e+01
s>            ( - -2.499e+02 1 0)
s>            ( QUESTION10 -1 -4.080e+04 2.563e+02 8.603e+01
s>                ( SILENCE 1 -2.909e+04 2.119e+02 5.446e+01
s>                    ( - -1.617e+04 1 0)
s>                    ( QUESTION0_5_R 1 -1.271e+04 1.618e+02 2.982e+01
s>                        ( - -4.912e+03 1 0)
s>                        ( - -7.634e+03 3 0)))
s>                ( - -1.146e+04 1 0))))INFO: dtree.c(1315): Comp split 1
INFO: dtree.c(1439): stop. leaf nodes are specific
INFO: dtree.c(1478): Final simple tree
|( QUESTION0_5_R 1 -2.673e+05 5.223e+02 1.104e+03
|    ( - -1.206e+05 2 0)
|    ( QUESTION0_7_R 1 -1.461e+05 3.650e+02 6.000e+02
|        ( QUESTION3 1 -5.133e+04 1.273e+02 2.109e+02
|            ( - -2.763e+04 1 0)
|            ( - -2.357e+04 1 0))
|        ( - -9.439e+04 4 0)))
s>    ( QUESTION0_5_R 1 -2.673e+05 5.223e+02 1.104e+03
s>        ( - -1.206e+05 2 0)
s>        ( QUESTION0_7_R 1 -1.461e+05 3.650e+02 6.000e+02
s>            ( QUESTION3 1 -5.133e+04 1.273e+02 2.109e+02
s>                ( - -2.763e+04 1 0)
s>                ( - -2.357e+04 1 0))
s>            ( - -9.439e+04 4 0)))INFO: dtree.c(1439): stop. leaf nodes are specific
INFO: dtree.c(1478): Final simple tree
|( QUESTION0_19_R 1 -6.657e+04 1.357e+02 2.902e+02
|    ( - -6.473e+03 1 0)
|    ( - -5.996e+04 1 0))
s>    ( QUESTION0_19_R 1 -6.657e+04 1.357e+02 2.902e+02
s>        ( - -6.473e+03 1 0)
s>        ( - -5.996e+04 1 0))INFO: dtree.c(1315): Comp split 2
INFO: dtree.c(1439): stop. leaf nodes are specific
INFO: dtree.c(1478): Final simple tree
|( QUESTION0_7_R 1 -4.149e+04 4.416e+02 8.703e+01
|    ( - -2.499e+02 1 0)
|    ( QUESTION10 -1 -4.080e+04 2.563e+02 8.603e+01
|        ( SILENCE 1 -2.909e+04 2.119e+02 5.446e+01
|            ( - -1.617e+04 1 0)
|            ( QUESTION0_5_R 1 -1.271e+04 1.618e+02 2.982e+01
|                ( - -4.912e+03 1 0)
|                ( - -7.634e+03 3 0)))
|        ( - -1.146e+04 1 0)))
s>    ( QUESTION0_7_R 1 -4.149e+04 4.416e+02 8.703e+01
s>        ( - -2.499e+02 1 0)
s>        ( QUESTION10 -1 -4.080e+04 2.563e+02 8.603e+01
s>            ( SILENCE 1 -2.909e+04 2.119e+02 5.446e+01
s>                ( - -1.617e+04 1 0)
s>                ( QUESTION0_5_R 1 -1.271e+04 1.618e+02 2.982e+01
s>                    ( - -4.912e+03 1 0)
s>                    ( - -7.634e+03 3 0)))
s>            ( - -1.146e+04 1 0)))INFO: dtree.c(1315): Comp split 3
INFO: dtree.c(1439): stop. leaf nodes are specific
INFO: dtree.c(1478): Final simple tree
|( QUESTION0_7_R 1 -1.461e+05 3.650e+02 6.000e+02
|    ( QUESTION3 1 -5.133e+04 1.273e+02 2.109e+02
|        ( - -2.763e+04 1 0)
|        ( - -2.357e+04 1 0))
|    ( - -9.439e+04 4 0))
s>    ( QUESTION0_7_R 1 -1.461e+05 3.650e+02 6.000e+02
s>        ( QUESTION3 1 -5.133e+04 1.273e+02 2.109e+02
s>            ( - -2.763e+04 1 0)
s>            ( - -2.357e+04 1 0))
s>        ( - -9.439e+04 4 0))INFO: dtree.c(1315): Comp split 4
INFO: dtree.c(1439): stop. leaf nodes are specific
INFO: dtree.c(1478): Final simple tree
|( QUESTION10 -1 -4.080e+04 2.563e+02 8.603e+01
|    ( SILENCE 1 -2.909e+04 2.119e+02 5.446e+01
|        ( - -1.617e+04 1 0)
|        ( QUESTION0_5_R 1 -1.271e+04 1.618e+02 2.982e+01
|            ( - -4.912e+03 1 0)
|            ( - -7.634e+03 3 0)))
|    ( - -1.146e+04 1 0))
s>    ( QUESTION10 -1 -4.080e+04 2.563e+02 8.603e+01
s>        ( SILENCE 1 -2.909e+04 2.119e+02 5.446e+01
s>            ( - -1.617e+04 1 0)
s>            ( QUESTION0_5_R 1 -1.271e+04 1.618e+02 2.982e+01
s>                ( - -4.912e+03 1 0)
s>                ( - -7.634e+03 3 0)))
s>        ( - -1.146e+04 1 0))INFO: dtree.c(1315): Comp split 5
INFO: dtree.c(1439): stop. leaf nodes are specific
INFO: dtree.c(1478): Final simple tree
|( QUESTION3 1 -5.133e+04 1.273e+02 2.109e+02
|    ( - -2.763e+04 1 0)
|    ( - -2.357e+04 1 0))
s>    ( QUESTION3 1 -5.133e+04 1.273e+02 2.109e+02
s>        ( - -2.763e+04 1 0)
s>        ( - -2.357e+04 1 0))INFO: dtree.c(1315): Comp split 6
INFO: dtree.c(1439): stop. leaf nodes are specific
INFO: dtree.c(1478): Final simple tree
|( SILENCE 1 -2.909e+04 2.119e+02 5.446e+01
|    ( - -1.617e+04 1 0)
|    ( QUESTION0_5_R 1 -1.271e+04 1.618e+02 2.982e+01
|        ( - -4.912e+03 1 0)
|        ( - -7.634e+03 3 0)))
s>    ( SILENCE 1 -2.909e+04 2.119e+02 5.446e+01
s>        ( - -1.617e+04 1 0)
s>        ( QUESTION0_5_R 1 -1.271e+04 1.618e+02 2.982e+01
s>            ( - -4.912e+03 1 0)
s>            ( - -7.634e+03 3 0)))INFO: dtree.c(1315): Comp split 7
INFO: dtree.c(1439): stop. leaf nodes are specific
INFO: dtree.c(1478): Final simple tree
|( QUESTION0_5_R 1 -1.271e+04 1.618e+02 2.982e+01
|    ( - -4.912e+03 1 0)
|    ( - -7.634e+03 3 0))
s>    ( QUESTION0_5_R 1 -1.271e+04 1.618e+02 2.982e+01
s>        ( - -4.912e+03 1 0)
s>        ( - -7.634e+03 3 0))INFO: dtree.c(1315): Comp split 8
INFO: dtree.c(1315): Comp split 9
INFO: dtree.c(1315): Comp split 10
INFO: dtree.c(1315): Comp split 11
INFO: dtree.c(1318): stop. leaf nodes are specific
!!!!!!!!Allocated 65 lines
Thu Apr  7 00:44:42 2016
