Current configuration:
[NAME]		[DEFLT]	[VALUE]
-allphones	no	no
-cntthresh	0.00001	1.000000e-05
-csplitmax	100	2000
-csplitmin	1	1
-csplitthr	8e-4	0.000000e+00
-example	no	no
-fullvar	no	no
-help		no	no
-meanfn			/home/nguyenvanthinh/Desktop/Git/speech recognition  demo/digit/model_parameters/digit.cd_cont_untied/means
-mixwfn			/home/nguyenvanthinh/Desktop/Git/speech recognition  demo/digit/model_parameters/digit.cd_cont_untied/mixture_weights
-moddeffn		/home/nguyenvanthinh/Desktop/Git/speech recognition  demo/digit/model_architecture/digit.untied.mdef
-mwfloor	1e-4	1.000000e-08
-phone			a
-psetfn			/home/nguyenvanthinh/Desktop/Git/speech recognition  demo/digit/model_architecture/digit.tree_questions
-ssplitmax	5	7
-ssplitmin	1	1
-ssplitthr	8e-4	0.000000e+00
-state			2
-stwt			1.0,0.05,0.0,
-treefn			/home/nguyenvanthinh/Desktop/Git/speech recognition  demo/digit/trees/digit.unpruned/a-2.dtree
-ts2cbfn	.semi.	.cont.
-varfloor	0.00001	1.000000e-05
-varfn			/home/nguyenvanthinh/Desktop/Git/speech recognition  demo/digit/model_parameters/digit.cd_cont_untied/variances

INFO: main.c(223): Reading: /home/nguyenvanthinh/Desktop/Git/speech recognition  demo/digit/model_architecture/digit.untied.mdef
INFO: model_def_io.c(573): Model definition info:
INFO: model_def_io.c(574): 326 total models defined (31 base, 295 tri)
INFO: model_def_io.c(575): 1304 total states
INFO: model_def_io.c(576): 978 total tied states
INFO: model_def_io.c(577): 93 total tied CI states
INFO: model_def_io.c(578): 31 total tied transition matrices
INFO: model_def_io.c(579): 4 max state/model
INFO: model_def_io.c(580): 4 min state/model
INFO: main.c(242): Building trees for [a b SIL e] through [a h iz i]
INFO: main.c(269): Covering states |[93 128]| == 36
INFO: main.c(275): Reading: /home/nguyenvanthinh/Desktop/Git/speech recognition  demo/digit/model_parameters/digit.cd_cont_untied/mixture_weights
INFO: s3mixw_io.c(173): Read /home/nguyenvanthinh/Desktop/Git/speech recognition  demo/digit/model_parameters/digit.cd_cont_untied/mixture_weights [36x1x1 array]
INFO: main.c(311): 12 of 12 models have observation count greater than 0.000010
INFO: main.c(95): nrm stwt: 0.000 0.048 0.952 
INFO: s3gau_io.c(169): Read /home/nguyenvanthinh/Desktop/Git/speech recognition  demo/digit/model_parameters/digit.cd_cont_untied/means [978x1x1 array]
INFO: s3gau_io.c(169): Read /home/nguyenvanthinh/Desktop/Git/speech recognition  demo/digit/model_parameters/digit.cd_cont_untied/variances [978x1x1 array]
INFO: main.c(549): Reading: /home/nguyenvanthinh/Desktop/Git/speech recognition  demo/digit/model_architecture/digit.tree_questions
INFO: main.c(588): 172 total simple questions (164 phone; 8 word bndry)
INFO: main.c(590): 40 Left Only questions, and 40 Right Only questions
INFO: dtree.c(1478): Final simple tree
|( WDBNDRY_E 0 -2.984e+06 4.530e+04 1.373e+04
|    ( QUESTION0_11_R 1 -2.512e+06 5.989e+03 1.162e+04
|        ( QUESTION0_19_R 1 -1.299e+05 2.159e+03 5.785e+02
|            ( - -4.184e+04 1 0)
|            ( - -8.591e+04 1 0))
|        ( QUESTION8 1 -2.376e+06 2.135e+03 1.104e+04
|            ( QUESTION0_7_R 1 -9.266e+05 5.589e+02 4.282e+03
|                ( - -2.012e+05 1 0)
|                ( - -7.248e+05 4 0))
|            ( SILENCE 1 -1.447e+06 1.053e+03 6.755e+03
|                ( - -3.070e+05 1 0)
|                ( QUESTION0_5_R 1 -1.139e+06 4.017e+02 5.307e+03
|                    ( - -8.734e+05 2 0)
|                    ( - -2.650e+05 1 0)))))
|    ( - -4.268e+05 1 0))
s>    ( WDBNDRY_E 0 -2.984e+06 4.530e+04 1.373e+04
s>        ( QUESTION0_11_R 1 -2.512e+06 5.989e+03 1.162e+04
s>            ( QUESTION0_19_R 1 -1.299e+05 2.159e+03 5.785e+02
s>                ( - -4.184e+04 1 0)
s>                ( - -8.591e+04 1 0))
s>            ( QUESTION8 1 -2.376e+06 2.135e+03 1.104e+04
s>                ( QUESTION0_7_R 1 -9.266e+05 5.589e+02 4.282e+03
s>                    ( - -2.012e+05 1 0)
s>                    ( - -7.248e+05 4 0))
s>                ( SILENCE 1 -1.447e+06 1.053e+03 6.755e+03
s>                    ( - -3.070e+05 1 0)
s>                    ( QUESTION0_5_R 1 -1.139e+06 4.017e+02 5.307e+03
s>                        ( - -8.734e+05 2 0)
s>                        ( - -2.650e+05 1 0)))))
s>        ( - -4.268e+05 1 0))INFO: dtree.c(1315): Comp split 0
INFO: dtree.c(1439): stop. leaf nodes are specific
INFO: dtree.c(1478): Final simple tree
|( QUESTION0_11_R 1 -2.512e+06 5.989e+03 1.162e+04
|    ( QUESTION0_19_R 1 -1.299e+05 2.159e+03 5.785e+02
|        ( - -4.184e+04 1 0)
|        ( - -8.591e+04 1 0))
|    ( QUESTION8 1 -2.376e+06 2.135e+03 1.104e+04
|        ( QUESTION0_7_R 1 -9.266e+05 5.589e+02 4.282e+03
|            ( - -2.012e+05 1 0)
|            ( - -7.248e+05 4 0))
|        ( SILENCE 1 -1.447e+06 1.053e+03 6.755e+03
|            ( - -3.070e+05 1 0)
|            ( QUESTION0_5_R 1 -1.139e+06 4.017e+02 5.307e+03
|                ( - -8.734e+05 2 0)
|                ( - -2.650e+05 1 0)))))
s>    ( QUESTION0_11_R 1 -2.512e+06 5.989e+03 1.162e+04
s>        ( QUESTION0_19_R 1 -1.299e+05 2.159e+03 5.785e+02
s>            ( - -4.184e+04 1 0)
s>            ( - -8.591e+04 1 0))
s>        ( QUESTION8 1 -2.376e+06 2.135e+03 1.104e+04
s>            ( QUESTION0_7_R 1 -9.266e+05 5.589e+02 4.282e+03
s>                ( - -2.012e+05 1 0)
s>                ( - -7.248e+05 4 0))
s>            ( SILENCE 1 -1.447e+06 1.053e+03 6.755e+03
s>                ( - -3.070e+05 1 0)
s>                ( QUESTION0_5_R 1 -1.139e+06 4.017e+02 5.307e+03
s>                    ( - -8.734e+05 2 0)
s>                    ( - -2.650e+05 1 0)))))INFO: dtree.c(1315): Comp split 1
INFO: dtree.c(1439): stop. leaf nodes are specific
INFO: dtree.c(1478): Final simple tree
|( QUESTION8 1 -2.376e+06 2.135e+03 1.104e+04
|    ( QUESTION0_7_R 1 -9.266e+05 5.589e+02 4.282e+03
|        ( - -2.012e+05 1 0)
|        ( - -7.248e+05 4 0))
|    ( SILENCE 1 -1.447e+06 1.053e+03 6.755e+03
|        ( - -3.070e+05 1 0)
|        ( QUESTION0_5_R 1 -1.139e+06 4.017e+02 5.307e+03
|            ( - -8.734e+05 2 0)
|            ( - -2.650e+05 1 0))))
s>    ( QUESTION8 1 -2.376e+06 2.135e+03 1.104e+04
s>        ( QUESTION0_7_R 1 -9.266e+05 5.589e+02 4.282e+03
s>            ( - -2.012e+05 1 0)
s>            ( - -7.248e+05 4 0))
s>        ( SILENCE 1 -1.447e+06 1.053e+03 6.755e+03
s>            ( - -3.070e+05 1 0)
s>            ( QUESTION0_5_R 1 -1.139e+06 4.017e+02 5.307e+03
s>                ( - -8.734e+05 2 0)
s>                ( - -2.650e+05 1 0))))INFO: dtree.c(1439): stop. leaf nodes are specific
INFO: dtree.c(1478): Final simple tree
|( QUESTION0_19_R 1 -1.299e+05 2.159e+03 5.785e+02
|    ( - -4.184e+04 1 0)
|    ( - -8.591e+04 1 0))
s>    ( QUESTION0_19_R 1 -1.299e+05 2.159e+03 5.785e+02
s>        ( - -4.184e+04 1 0)
s>        ( - -8.591e+04 1 0))INFO: dtree.c(1315): Comp split 2
INFO: dtree.c(1315): Comp split 3
INFO: dtree.c(1439): stop. leaf nodes are specific
INFO: dtree.c(1478): Final simple tree
|( SILENCE 1 -1.447e+06 1.053e+03 6.755e+03
|    ( - -3.070e+05 1 0)
|    ( QUESTION0_5_R 1 -1.139e+06 4.017e+02 5.307e+03
|        ( - -8.734e+05 2 0)
|        ( - -2.650e+05 1 0)))
s>    ( SILENCE 1 -1.447e+06 1.053e+03 6.755e+03
s>        ( - -3.070e+05 1 0)
s>        ( QUESTION0_5_R 1 -1.139e+06 4.017e+02 5.307e+03
s>            ( - -8.734e+05 2 0)
s>            ( - -2.650e+05 1 0)))INFO: dtree.c(1439): stop. leaf nodes are specific
INFO: dtree.c(1478): Final simple tree
|( QUESTION0_7_R 1 -9.266e+05 5.589e+02 4.282e+03
|    ( - -2.012e+05 1 0)
|    ( - -7.248e+05 4 0))
s>    ( QUESTION0_7_R 1 -9.266e+05 5.589e+02 4.282e+03
s>        ( - -2.012e+05 1 0)
s>        ( - -7.248e+05 4 0))INFO: dtree.c(1315): Comp split 4
INFO: dtree.c(1439): stop. leaf nodes are specific
INFO: dtree.c(1478): Final simple tree
|( QUESTION0_5_R 1 -1.139e+06 4.017e+02 5.307e+03
|    ( - -8.734e+05 2 0)
|    ( - -2.650e+05 1 0))
s>    ( QUESTION0_5_R 1 -1.139e+06 4.017e+02 5.307e+03
s>        ( - -8.734e+05 2 0)
s>        ( - -2.650e+05 1 0))INFO: dtree.c(1315): Comp split 5
INFO: dtree.c(1315): Comp split 6
INFO: dtree.c(1315): Comp split 7
INFO: dtree.c(1318): stop. leaf nodes are specific
!!!!!!!!Allocated 65 lines
Thu Apr  7 00:44:43 2016
