Current configuration:
[NAME]		[DEFLT]	[VALUE]
-allphones	no	no
-cntthresh	0.00001	1.000000e-05
-csplitmax	100	2000
-csplitmin	1	1
-csplitthr	8e-4	0.000000e+00
-example	no	no
-fullvar	no	no
-help		no	no
-meanfn			/home/nguyenvanthinh/Desktop/Git/speech recognition  demo/digit/model_parameters/digit.cd_cont_untied/means
-mixwfn			/home/nguyenvanthinh/Desktop/Git/speech recognition  demo/digit/model_parameters/digit.cd_cont_untied/mixture_weights
-moddeffn		/home/nguyenvanthinh/Desktop/Git/speech recognition  demo/digit/model_architecture/digit.untied.mdef
-mwfloor	1e-4	1.000000e-08
-phone			nz
-psetfn			/home/nguyenvanthinh/Desktop/Git/speech recognition  demo/digit/model_architecture/digit.tree_questions
-ssplitmax	5	7
-ssplitmin	1	1
-ssplitthr	8e-4	0.000000e+00
-state			1
-stwt			1.0,0.05,0.0,
-treefn			/home/nguyenvanthinh/Desktop/Git/speech recognition  demo/digit/trees/digit.unpruned/nz-1.dtree
-ts2cbfn	.semi.	.cont.
-varfloor	0.00001	1.000000e-05
-varfn			/home/nguyenvanthinh/Desktop/Git/speech recognition  demo/digit/model_parameters/digit.cd_cont_untied/variances

INFO: main.c(223): Reading: /home/nguyenvanthinh/Desktop/Git/speech recognition  demo/digit/model_architecture/digit.untied.mdef
INFO: model_def_io.c(573): Model definition info:
INFO: model_def_io.c(574): 326 total models defined (31 base, 295 tri)
INFO: model_def_io.c(575): 1304 total states
INFO: model_def_io.c(576): 978 total tied states
INFO: model_def_io.c(577): 93 total tied CI states
INFO: model_def_io.c(578): 31 total tied transition matrices
INFO: model_def_io.c(579): 4 max state/model
INFO: model_def_io.c(580): 4 min state/model
INFO: main.c(242): Building trees for [nz if b e] through [nz oos tr e]
INFO: main.c(269): Covering states |[657 746]| == 90
INFO: main.c(275): Reading: /home/nguyenvanthinh/Desktop/Git/speech recognition  demo/digit/model_parameters/digit.cd_cont_untied/mixture_weights
INFO: s3mixw_io.c(173): Read /home/nguyenvanthinh/Desktop/Git/speech recognition  demo/digit/model_parameters/digit.cd_cont_untied/mixture_weights [90x1x1 array]
INFO: main.c(311): 30 of 30 models have observation count greater than 0.000010
INFO: main.c(95): nrm stwt: 0.045 0.909 0.045 
INFO: s3gau_io.c(169): Read /home/nguyenvanthinh/Desktop/Git/speech recognition  demo/digit/model_parameters/digit.cd_cont_untied/means [978x1x1 array]
INFO: s3gau_io.c(169): Read /home/nguyenvanthinh/Desktop/Git/speech recognition  demo/digit/model_parameters/digit.cd_cont_untied/variances [978x1x1 array]
INFO: main.c(549): Reading: /home/nguyenvanthinh/Desktop/Git/speech recognition  demo/digit/model_architecture/digit.tree_questions
INFO: main.c(588): 172 total simple questions (164 phone; 8 word bndry)
INFO: main.c(590): 40 Left Only questions, and 40 Right Only questions
INFO: dtree.c(1478): Final simple tree
|( QUESTION2_15_L -1 -2.583e+06 1.195e+04 1.092e+04
|    ( - -8.707e+05 8 0 QUESTION0_7_R 1 2.089e+02 3.581e+03)
|    ( QUESTION10 -1 -1.700e+06 7.877e+03 7.339e+03
|        ( QUESTION0_11_R 1 -1.081e+06 2.112e+03 4.952e+03
|            ( - -4.860e+04 2 0 QUESTION0_19_R 1 2.060e+02 2.177e+02)
|            ( QUESTION0_10_R 1 -1.030e+06 1.052e+03 4.734e+03
|                ( - -3.629e+05 4 0)
|                ( - -6.661e+05 5 0 QUESTION3 1 8.413e+02 3.056e+03)))
|        ( QUESTION0_11_R 1 -6.116e+05 2.462e+03 2.387e+03
|            ( QUESTION0_19_R 1 -5.256e+04 1.101e+03 2.386e+02
|                ( - -1.270e+04 1 0)
|                ( - -3.876e+04 1 0))
|            ( QUESTION0_5_R 1 -5.566e+05 1.288e+03 2.148e+03
|                ( - -1.786e+05 2 0)
|                ( - -3.767e+05 7 0 SILENCE 1 9.866e+02 1.435e+03)))))
s>    ( QUESTION2_15_L -1 -2.583e+06 1.195e+04 1.092e+04
s>        ( - -8.707e+05 8 0 QUESTION0_7_R 1 2.089e+02 3.581e+03)
s>        ( QUESTION10 -1 -1.700e+06 7.877e+03 7.339e+03
s>            ( QUESTION0_11_R 1 -1.081e+06 2.112e+03 4.952e+03
s>                ( - -4.860e+04 2 0 QUESTION0_19_R 1 2.060e+02 2.177e+02)
s>                ( QUESTION0_10_R 1 -1.030e+06 1.052e+03 4.734e+03
s>                    ( - -3.629e+05 4 0)
s>                    ( - -6.661e+05 5 0 QUESTION3 1 8.413e+02 3.056e+03)))
s>            ( QUESTION0_11_R 1 -6.116e+05 2.462e+03 2.387e+03
s>                ( QUESTION0_19_R 1 -5.256e+04 1.101e+03 2.386e+02
s>                    ( - -1.270e+04 1 0)
s>                    ( - -3.876e+04 1 0))
s>                ( QUESTION0_5_R 1 -5.566e+05 1.288e+03 2.148e+03
s>                    ( - -1.786e+05 2 0)
s>                    ( - -3.767e+05 7 0 SILENCE 1 9.866e+02 1.435e+03)))))INFO: dtree.c(1315): Comp split 0
INFO: dtree.c(1478): Final simple tree
|( QUESTION10 -1 -1.700e+06 7.877e+03 7.339e+03
|    ( QUESTION0_11_R 1 -1.081e+06 2.112e+03 4.952e+03
|        ( - -4.860e+04 2 0 QUESTION0_19_R 1 2.060e+02 2.177e+02)
|        ( QUESTION0_10_R 1 -1.030e+06 1.052e+03 4.734e+03
|            ( - -3.629e+05 4 0)
|            ( - -6.661e+05 5 0 QUESTION3 1 8.413e+02 3.056e+03)))
|    ( QUESTION0_11_R 1 -6.116e+05 2.462e+03 2.387e+03
|        ( QUESTION0_19_R 1 -5.256e+04 1.101e+03 2.386e+02
|            ( - -1.270e+04 1 0)
|            ( - -3.876e+04 1 0))
|        ( QUESTION0_5_R 1 -5.566e+05 1.288e+03 2.148e+03
|            ( - -1.786e+05 2 0)
|            ( SILENCE 1 -3.767e+05 9.866e+02 1.435e+03
|                ( - -7.963e+04 1 0)
|                ( - -2.961e+05 6 0 QUESTION0_7_R 1 6.722e+02 1.125e+03)))))
s>    ( QUESTION10 -1 -1.700e+06 7.877e+03 7.339e+03
s>        ( QUESTION0_11_R 1 -1.081e+06 2.112e+03 4.952e+03
s>            ( - -4.860e+04 2 0 QUESTION0_19_R 1 2.060e+02 2.177e+02)
s>            ( QUESTION0_10_R 1 -1.030e+06 1.052e+03 4.734e+03
s>                ( - -3.629e+05 4 0)
s>                ( - -6.661e+05 5 0 QUESTION3 1 8.413e+02 3.056e+03)))
s>        ( QUESTION0_11_R 1 -6.116e+05 2.462e+03 2.387e+03
s>            ( QUESTION0_19_R 1 -5.256e+04 1.101e+03 2.386e+02
s>                ( - -1.270e+04 1 0)
s>                ( - -3.876e+04 1 0))
s>            ( QUESTION0_5_R 1 -5.566e+05 1.288e+03 2.148e+03
s>                ( - -1.786e+05 2 0)
s>                ( SILENCE 1 -3.767e+05 9.866e+02 1.435e+03
s>                    ( - -7.963e+04 1 0)
s>                    ( - -2.961e+05 6 0 QUESTION0_7_R 1 6.722e+02 1.125e+03)))))INFO: dtree.c(1439): stop. leaf nodes are specific
INFO: dtree.c(1478): Final simple tree
|( QUESTION0_7_R 1 -8.707e+05 2.089e+02 3.581e+03
|    ( QUESTION3 1 -1.749e+05 1.701e+02 7.432e+02
|        ( - -7.453e+04 1 0)
|        ( - -1.002e+05 1 0))
|    ( QUESTION0_5_R 1 -6.955e+05 1.318e+02 2.838e+03
|        ( - -3.471e+05 2 0)
|        ( - -3.483e+05 4 0)))
s>    ( QUESTION0_7_R 1 -8.707e+05 2.089e+02 3.581e+03
s>        ( QUESTION3 1 -1.749e+05 1.701e+02 7.432e+02
s>            ( - -7.453e+04 1 0)
s>            ( - -1.002e+05 1 0))
s>        ( QUESTION0_5_R 1 -6.955e+05 1.318e+02 2.838e+03
s>            ( - -3.471e+05 2 0)
s>            ( - -3.483e+05 4 0)))INFO: dtree.c(1315): Comp split 1
INFO: dtree.c(1439): stop. leaf nodes are specific
INFO: dtree.c(1478): Final simple tree
|( QUESTION0_5_R 1 -5.566e+05 1.288e+03 2.148e+03
|    ( - -1.786e+05 2 0)
|    ( SILENCE 1 -3.767e+05 9.866e+02 1.435e+03
|        ( - -7.963e+04 1 0)
|        ( QUESTION0_7_R 1 -2.961e+05 6.722e+02 1.125e+03
|            ( QUESTION3 1 -1.095e+05 3.253e+02 4.235e+02
|                ( - -6.221e+04 1 0)
|                ( - -4.696e+04 1 0))
|            ( - -1.859e+05 4 0))))
s>    ( QUESTION0_5_R 1 -5.566e+05 1.288e+03 2.148e+03
s>        ( - -1.786e+05 2 0)
s>        ( SILENCE 1 -3.767e+05 9.866e+02 1.435e+03
s>            ( - -7.963e+04 1 0)
s>            ( QUESTION0_7_R 1 -2.961e+05 6.722e+02 1.125e+03
s>                ( QUESTION3 1 -1.095e+05 3.253e+02 4.235e+02
s>                    ( - -6.221e+04 1 0)
s>                    ( - -4.696e+04 1 0))
s>                ( - -1.859e+05 4 0))))INFO: dtree.c(1478): Final simple tree
|( QUESTION0_11_R 1 -1.136e+06 2.919e+03 5.190e+03
|    ( QUESTION10 -1 -1.027e+05 1.562e+03 4.563e+02
|        ( QUESTION0_19_R 1 -4.860e+04 2.060e+02 2.177e+02
|            ( - -1.573e+03 1 0)
|            ( - -4.682e+04 1 0))
|        ( QUESTION0_19_R 1 -5.256e+04 1.101e+03 2.386e+02
|            ( - -1.270e+04 1 0)
|            ( - -3.876e+04 1 0)))
|    ( QUESTION0_10_R 1 -1.030e+06 1.052e+03 4.734e+03
|        ( - -3.629e+05 4 0)
|        ( QUESTION3 1 -6.661e+05 8.413e+02 3.056e+03
|            ( QUESTION0_5_R 1 -4.678e+05 7.027e+02 2.134e+03
|                ( - -3.886e+05 2 0)
|                ( - -7.847e+04 1 0))
|            ( - -1.974e+05 2 0 SILENCE 1 1.808e+02 9.214e+02))))
s>    ( QUESTION0_11_R 1 -1.136e+06 2.919e+03 5.190e+03
s>        ( QUESTION10 -1 -1.027e+05 1.562e+03 4.563e+02
s>            ( QUESTION0_19_R 1 -4.860e+04 2.060e+02 2.177e+02
s>                ( - -1.573e+03 1 0)
s>                ( - -4.682e+04 1 0))
s>            ( QUESTION0_19_R 1 -5.256e+04 1.101e+03 2.386e+02
s>                ( - -1.270e+04 1 0)
s>                ( - -3.876e+04 1 0)))
s>        ( QUESTION0_10_R 1 -1.030e+06 1.052e+03 4.734e+03
s>            ( - -3.629e+05 4 0)
s>            ( QUESTION3 1 -6.661e+05 8.413e+02 3.056e+03
s>                ( QUESTION0_5_R 1 -4.678e+05 7.027e+02 2.134e+03
s>                    ( - -3.886e+05 2 0)
s>                    ( - -7.847e+04 1 0))
s>                ( - -1.974e+05 2 0 SILENCE 1 1.808e+02 9.214e+02))))INFO: dtree.c(1315): Comp split 2
INFO: dtree.c(1439): stop. leaf nodes are specific
INFO: dtree.c(1478): Final simple tree
|( QUESTION0_10_R 1 -1.030e+06 1.052e+03 4.734e+03
|    ( - -3.629e+05 4 0)
|    ( QUESTION3 1 -6.661e+05 8.413e+02 3.056e+03
|        ( QUESTION0_5_R 1 -4.678e+05 7.027e+02 2.134e+03
|            ( - -3.886e+05 2 0)
|            ( - -7.847e+04 1 0))
|        ( SILENCE 1 -1.974e+05 1.808e+02 9.214e+02
|            ( - -6.504e+04 1 0)
|            ( - -1.322e+05 1 0))))
s>    ( QUESTION0_10_R 1 -1.030e+06 1.052e+03 4.734e+03
s>        ( - -3.629e+05 4 0)
s>        ( QUESTION3 1 -6.661e+05 8.413e+02 3.056e+03
s>            ( QUESTION0_5_R 1 -4.678e+05 7.027e+02 2.134e+03
s>                ( - -3.886e+05 2 0)
s>                ( - -7.847e+04 1 0))
s>            ( SILENCE 1 -1.974e+05 1.808e+02 9.214e+02
s>                ( - -6.504e+04 1 0)
s>                ( - -1.322e+05 1 0))))INFO: dtree.c(1439): stop. leaf nodes are specific
INFO: dtree.c(1478): Final simple tree
|( QUESTION10 -1 -1.027e+05 1.562e+03 4.563e+02
|    ( QUESTION0_19_R 1 -4.860e+04 2.060e+02 2.177e+02
|        ( - -1.573e+03 1 0)
|        ( - -4.682e+04 1 0))
|    ( QUESTION0_19_R 1 -5.256e+04 1.101e+03 2.386e+02
|        ( - -1.270e+04 1 0)
|        ( - -3.876e+04 1 0)))
s>    ( QUESTION10 -1 -1.027e+05 1.562e+03 4.563e+02
s>        ( QUESTION0_19_R 1 -4.860e+04 2.060e+02 2.177e+02
s>            ( - -1.573e+03 1 0)
s>            ( - -4.682e+04 1 0))
s>        ( QUESTION0_19_R 1 -5.256e+04 1.101e+03 2.386e+02
s>            ( - -1.270e+04 1 0)
s>            ( - -3.876e+04 1 0)))INFO: dtree.c(1315): Comp split 3
INFO: dtree.c(1439): stop. leaf nodes are specific
INFO: dtree.c(1478): Final simple tree
|( QUESTION10 -1 -6.215e+04 8.502e+02 2.747e+02
|    ( QUESTION0_19_R 1 -4.860e+04 2.060e+02 2.177e+02
|        ( - -1.573e+03 1 0)
|        ( - -4.682e+04 1 0))
|    ( - -1.270e+04 1 0))
s>    ( QUESTION10 -1 -6.215e+04 8.502e+02 2.747e+02
s>        ( QUESTION0_19_R 1 -4.860e+04 2.060e+02 2.177e+02
s>            ( - -1.573e+03 1 0)
s>            ( - -4.682e+04 1 0))
s>        ( - -1.270e+04 1 0))INFO: dtree.c(1315): Comp split 4
INFO: dtree.c(1439): stop. leaf nodes are specific
INFO: dtree.c(1478): Final simple tree
|( SILENCE 1 -1.271e+05 4.891e+02 4.995e+02
|    ( - -7.963e+04 1 0)
|    ( - -4.696e+04 1 0))
s>    ( SILENCE 1 -1.271e+05 4.891e+02 4.995e+02
s>        ( - -7.963e+04 1 0)
s>        ( - -4.696e+04 1 0))INFO: dtree.c(1439): stop. leaf nodes are specific
INFO: dtree.c(1478): Final simple tree
|( QUESTION0_5_R 1 -4.281e+05 9.361e+02 1.649e+03
|    ( - -1.786e+05 2 0)
|    ( QUESTION0_7_R 1 -2.485e+05 4.240e+02 9.358e+02
|        ( - -6.221e+04 1 0)
|        ( - -1.859e+05 4 0)))
s>    ( QUESTION0_5_R 1 -4.281e+05 9.361e+02 1.649e+03
s>        ( - -1.786e+05 2 0)
s>        ( QUESTION0_7_R 1 -2.485e+05 4.240e+02 9.358e+02
s>            ( - -6.221e+04 1 0)
s>            ( - -1.859e+05 4 0)))INFO: dtree.c(1315): Comp split 5
INFO: dtree.c(1439): stop. leaf nodes are specific
INFO: dtree.c(1478): Final simple tree
|( QUESTION0_5_R 1 -5.869e+05 7.919e+02 2.706e+03
|    ( - -3.886e+05 2 0)
|    ( SILENCE 1 -1.974e+05 1.808e+02 9.214e+02
|        ( - -6.504e+04 1 0)
|        ( - -1.322e+05 1 0)))
s>    ( QUESTION0_5_R 1 -5.869e+05 7.919e+02 2.706e+03
s>        ( - -3.886e+05 2 0)
s>        ( SILENCE 1 -1.974e+05 1.808e+02 9.214e+02
s>            ( - -6.504e+04 1 0)
s>            ( - -1.322e+05 1 0)))INFO: dtree.c(1439): stop. leaf nodes are specific
INFO: dtree.c(1478): Final simple tree
|( QUESTION0_7_R 1 -4.418e+05 3.884e+02 2.028e+03
|    ( - -7.847e+04 1 0)
|    ( - -3.629e+05 4 0))
s>    ( QUESTION0_7_R 1 -4.418e+05 3.884e+02 2.028e+03
s>        ( - -7.847e+04 1 0)
s>        ( - -3.629e+05 4 0))INFO: dtree.c(1315): Comp split 6
INFO: dtree.c(1439): stop. leaf nodes are specific
INFO: dtree.c(1478): Final simple tree
|( QUESTION0_7_R 1 -2.485e+05 4.240e+02 9.358e+02
|    ( - -6.221e+04 1 0)
|    ( - -1.859e+05 4 0))
s>    ( QUESTION0_7_R 1 -2.485e+05 4.240e+02 9.358e+02
s>        ( - -6.221e+04 1 0)
s>        ( - -1.859e+05 4 0))INFO: dtree.c(1315): Comp split 7
INFO: dtree.c(1439): stop. leaf nodes are specific
INFO: dtree.c(1478): Final simple tree
|( QUESTION0_19_R 1 -4.860e+04 2.060e+02 2.177e+02
|    ( - -1.573e+03 1 0)
|    ( - -4.682e+04 1 0))
s>    ( QUESTION0_19_R 1 -4.860e+04 2.060e+02 2.177e+02
s>        ( - -1.573e+03 1 0)
s>        ( - -4.682e+04 1 0))INFO: dtree.c(1315): Comp split 8
INFO: dtree.c(1439): stop. leaf nodes are specific
INFO: dtree.c(1478): Final simple tree
|( SILENCE 1 -1.974e+05 1.808e+02 9.214e+02
|    ( - -6.504e+04 1 0)
|    ( - -1.322e+05 1 0))
s>    ( SILENCE 1 -1.974e+05 1.808e+02 9.214e+02
s>        ( - -6.504e+04 1 0)
s>        ( - -1.322e+05 1 0))INFO: dtree.c(1315): Comp split 9
INFO: dtree.c(1315): Comp split 10
INFO: dtree.c(1315): Comp split 11
INFO: dtree.c(1315): Comp split 12
INFO: dtree.c(1439): stop. leaf nodes are specific
INFO: dtree.c(1478): Final simple tree
|( QUESTION0_7_R 1 -7.702e+05 1.377e+02 3.146e+03
|    ( - -7.453e+04 1 0)
|    ( QUESTION0_5_R 1 -6.955e+05 1.318e+02 2.838e+03
|        ( - -3.471e+05 2 0)
|        ( - -3.483e+05 4 0)))
s>    ( QUESTION0_7_R 1 -7.702e+05 1.377e+02 3.146e+03
s>        ( - -7.453e+04 1 0)
s>        ( QUESTION0_5_R 1 -6.955e+05 1.318e+02 2.838e+03
s>            ( - -3.471e+05 2 0)
s>            ( - -3.483e+05 4 0)))INFO: dtree.c(1315): Comp split 13
INFO: dtree.c(1315): Comp split 14
INFO: dtree.c(1315): Comp split 15
INFO: dtree.c(1439): stop. leaf nodes are specific
INFO: dtree.c(1478): Final simple tree
|( QUESTION0_5_R 1 -6.955e+05 1.318e+02 2.838e+03
|    ( - -3.471e+05 2 0)
|    ( - -3.483e+05 4 0))
s>    ( QUESTION0_5_R 1 -6.955e+05 1.318e+02 2.838e+03
s>        ( - -3.471e+05 2 0)
s>        ( - -3.483e+05 4 0))INFO: dtree.c(1315): Comp split 16
INFO: dtree.c(1315): Comp split 17
INFO: dtree.c(1318): stop. leaf nodes are specific
!!!!!!!!Allocated 65 lines
Thu Apr  7 00:44:44 2016
