Current configuration:
[NAME]		[DEFLT]	[VALUE]
-allphones	no	no
-cntthresh	0.00001	1.000000e-05
-csplitmax	100	2000
-csplitmin	1	1
-csplitthr	8e-4	0.000000e+00
-example	no	no
-fullvar	no	no
-help		no	no
-meanfn			/home/nguyenvanthinh/Desktop/Git/speech recognition  demo/digit/model_parameters/digit.cd_cont_untied/means
-mixwfn			/home/nguyenvanthinh/Desktop/Git/speech recognition  demo/digit/model_parameters/digit.cd_cont_untied/mixture_weights
-moddeffn		/home/nguyenvanthinh/Desktop/Git/speech recognition  demo/digit/model_architecture/digit.untied.mdef
-mwfloor	1e-4	1.000000e-08
-phone			uz
-psetfn			/home/nguyenvanthinh/Desktop/Git/speech recognition  demo/digit/model_architecture/digit.tree_questions
-ssplitmax	5	7
-ssplitmin	1	1
-ssplitthr	8e-4	0.000000e+00
-state			2
-stwt			1.0,0.05,0.0,
-treefn			/home/nguyenvanthinh/Desktop/Git/speech recognition  demo/digit/trees/digit.unpruned/uz-2.dtree
-ts2cbfn	.semi.	.cont.
-varfloor	0.00001	1.000000e-05
-varfn			/home/nguyenvanthinh/Desktop/Git/speech recognition  demo/digit/model_parameters/digit.cd_cont_untied/variances

INFO: main.c(223): Reading: /home/nguyenvanthinh/Desktop/Git/speech recognition  demo/digit/model_architecture/digit.untied.mdef
INFO: model_def_io.c(573): Model definition info:
INFO: model_def_io.c(574): 326 total models defined (31 base, 295 tri)
INFO: model_def_io.c(575): 1304 total states
INFO: model_def_io.c(576): 978 total tied states
INFO: model_def_io.c(577): 93 total tied CI states
INFO: model_def_io.c(578): 31 total tied transition matrices
INFO: model_def_io.c(579): 4 max state/model
INFO: model_def_io.c(580): 4 min state/model
INFO: main.c(242): Building trees for [uz as SIL e] through [uz as tr e]
INFO: main.c(269): Covering states |[945 977]| == 33
INFO: main.c(275): Reading: /home/nguyenvanthinh/Desktop/Git/speech recognition  demo/digit/model_parameters/digit.cd_cont_untied/mixture_weights
INFO: s3mixw_io.c(173): Read /home/nguyenvanthinh/Desktop/Git/speech recognition  demo/digit/model_parameters/digit.cd_cont_untied/mixture_weights [33x1x1 array]
INFO: main.c(311): 11 of 11 models have observation count greater than 0.000010
INFO: main.c(95): nrm stwt: 0.000 0.048 0.952 
INFO: s3gau_io.c(169): Read /home/nguyenvanthinh/Desktop/Git/speech recognition  demo/digit/model_parameters/digit.cd_cont_untied/means [978x1x1 array]
INFO: s3gau_io.c(169): Read /home/nguyenvanthinh/Desktop/Git/speech recognition  demo/digit/model_parameters/digit.cd_cont_untied/variances [978x1x1 array]
INFO: main.c(549): Reading: /home/nguyenvanthinh/Desktop/Git/speech recognition  demo/digit/model_architecture/digit.tree_questions
INFO: main.c(588): 172 total simple questions (164 phone; 8 word bndry)
INFO: main.c(590): 40 Left Only questions, and 40 Right Only questions
INFO: dtree.c(1439): stop. leaf nodes are specific
INFO: dtree.c(1478): Final simple tree
|( QUESTION0_11_R 1 -2.610e+06 7.807e+03 1.219e+04
|    ( QUESTION0_19_R 1 -6.154e+04 2.117e+03 2.624e+02
|        ( - -2.350e+04 1 0)
|        ( - -3.592e+04 1 0))
|    ( SILENCE 1 -2.541e+06 2.874e+03 1.192e+04
|        ( - -3.859e+05 1 0)
|        ( QUESTION0_10_R 1 -2.152e+06 5.212e+02 1.007e+04
|            ( - -6.556e+05 4 0)
|            ( QUESTION3 1 -1.496e+06 6.765e+02 7.033e+03
|                ( QUESTION0_5_R 1 -1.147e+06 3.460e+02 5.382e+03
|                    ( - -8.972e+05 2 0)
|                    ( - -2.497e+05 1 0))
|                ( - -3.481e+05 1 0)))))
s>    ( QUESTION0_11_R 1 -2.610e+06 7.807e+03 1.219e+04
s>        ( QUESTION0_19_R 1 -6.154e+04 2.117e+03 2.624e+02
s>            ( - -2.350e+04 1 0)
s>            ( - -3.592e+04 1 0))
s>        ( SILENCE 1 -2.541e+06 2.874e+03 1.192e+04
s>            ( - -3.859e+05 1 0)
s>            ( QUESTION0_10_R 1 -2.152e+06 5.212e+02 1.007e+04
s>                ( - -6.556e+05 4 0)
s>                ( QUESTION3 1 -1.496e+06 6.765e+02 7.033e+03
s>                    ( QUESTION0_5_R 1 -1.147e+06 3.460e+02 5.382e+03
s>                        ( - -8.972e+05 2 0)
s>                        ( - -2.497e+05 1 0))
s>                    ( - -3.481e+05 1 0)))))INFO: dtree.c(1315): Comp split 0
INFO: dtree.c(1439): stop. leaf nodes are specific
INFO: dtree.c(1478): Final simple tree
|( SILENCE 1 -2.566e+06 2.975e+03 1.203e+04
|    ( - -3.859e+05 1 0)
|    ( QUESTION0_4_R 1 -2.177e+06 1.009e+03 1.017e+04
|        ( QUESTION0_10_R 1 -2.152e+06 5.212e+02 1.007e+04
|            ( - -6.556e+05 4 0)
|            ( QUESTION3 1 -1.496e+06 6.765e+02 7.033e+03
|                ( QUESTION0_5_R 1 -1.147e+06 3.460e+02 5.382e+03
|                    ( - -8.972e+05 2 0)
|                    ( - -2.497e+05 1 0))
|                ( - -3.481e+05 1 0)))
|        ( - -2.350e+04 1 0)))
s>    ( SILENCE 1 -2.566e+06 2.975e+03 1.203e+04
s>        ( - -3.859e+05 1 0)
s>        ( QUESTION0_4_R 1 -2.177e+06 1.009e+03 1.017e+04
s>            ( QUESTION0_10_R 1 -2.152e+06 5.212e+02 1.007e+04
s>                ( - -6.556e+05 4 0)
s>                ( QUESTION3 1 -1.496e+06 6.765e+02 7.033e+03
s>                    ( QUESTION0_5_R 1 -1.147e+06 3.460e+02 5.382e+03
s>                        ( - -8.972e+05 2 0)
s>                        ( - -2.497e+05 1 0))
s>                    ( - -3.481e+05 1 0)))
s>            ( - -2.350e+04 1 0)))INFO: dtree.c(1315): Comp split 1
INFO: dtree.c(1439): stop. leaf nodes are specific
INFO: dtree.c(1478): Final simple tree
|( QUESTION0_4_R 1 -2.177e+06 1.009e+03 1.017e+04
|    ( QUESTION0_10_R 1 -2.152e+06 5.212e+02 1.007e+04
|        ( - -6.556e+05 4 0)
|        ( QUESTION3 1 -1.496e+06 6.765e+02 7.033e+03
|            ( QUESTION0_5_R 1 -1.147e+06 3.460e+02 5.382e+03
|                ( - -8.972e+05 2 0)
|                ( - -2.497e+05 1 0))
|            ( - -3.481e+05 1 0)))
|    ( - -2.350e+04 1 0))
s>    ( QUESTION0_4_R 1 -2.177e+06 1.009e+03 1.017e+04
s>        ( QUESTION0_10_R 1 -2.152e+06 5.212e+02 1.007e+04
s>            ( - -6.556e+05 4 0)
s>            ( QUESTION3 1 -1.496e+06 6.765e+02 7.033e+03
s>                ( QUESTION0_5_R 1 -1.147e+06 3.460e+02 5.382e+03
s>                    ( - -8.972e+05 2 0)
s>                    ( - -2.497e+05 1 0))
s>                ( - -3.481e+05 1 0)))
s>        ( - -2.350e+04 1 0))INFO: dtree.c(1315): Comp split 2
INFO: dtree.c(1439): stop. leaf nodes are specific
INFO: dtree.c(1478): Final simple tree
|( QUESTION0_10_R 1 -2.152e+06 5.212e+02 1.007e+04
|    ( - -6.556e+05 4 0)
|    ( QUESTION3 1 -1.496e+06 6.765e+02 7.033e+03
|        ( QUESTION0_5_R 1 -1.147e+06 3.460e+02 5.382e+03
|            ( - -8.972e+05 2 0)
|            ( - -2.497e+05 1 0))
|        ( - -3.481e+05 1 0)))
s>    ( QUESTION0_10_R 1 -2.152e+06 5.212e+02 1.007e+04
s>        ( - -6.556e+05 4 0)
s>        ( QUESTION3 1 -1.496e+06 6.765e+02 7.033e+03
s>            ( QUESTION0_5_R 1 -1.147e+06 3.460e+02 5.382e+03
s>                ( - -8.972e+05 2 0)
s>                ( - -2.497e+05 1 0))
s>            ( - -3.481e+05 1 0)))INFO: dtree.c(1315): Comp split 3
INFO: dtree.c(1439): stop. leaf nodes are specific
INFO: dtree.c(1478): Final simple tree
|( QUESTION0_5_R 1 -1.803e+06 3.988e+02 8.421e+03
|    ( - -8.972e+05 2 0)
|    ( QUESTION0_7_R 1 -9.057e+05 3.346e+02 4.207e+03
|        ( - -2.497e+05 1 0)
|        ( - -6.556e+05 4 0)))
s>    ( QUESTION0_5_R 1 -1.803e+06 3.988e+02 8.421e+03
s>        ( - -8.972e+05 2 0)
s>        ( QUESTION0_7_R 1 -9.057e+05 3.346e+02 4.207e+03
s>            ( - -2.497e+05 1 0)
s>            ( - -6.556e+05 4 0)))INFO: dtree.c(1315): Comp split 4
INFO: dtree.c(1439): stop. leaf nodes are specific
INFO: dtree.c(1478): Final simple tree
|( QUESTION0_7_R 1 -9.057e+05 3.346e+02 4.207e+03
|    ( - -2.497e+05 1 0)
|    ( - -6.556e+05 4 0))
s>    ( QUESTION0_7_R 1 -9.057e+05 3.346e+02 4.207e+03
s>        ( - -2.497e+05 1 0)
s>        ( - -6.556e+05 4 0))INFO: dtree.c(1315): Comp split 5
INFO: dtree.c(1315): Comp split 6
INFO: dtree.c(1318): stop. leaf nodes are specific
!!!!!!!!Allocated 65 lines
Thu Apr  7 00:44:45 2016
