Current configuration:
[NAME]		[DEFLT]	[VALUE]
-allphones	no	no
-cntthresh	0.00001	1.000000e-05
-csplitmax	100	2000
-csplitmin	1	1
-csplitthr	8e-4	0.000000e+00
-example	no	no
-fullvar	no	no
-help		no	no
-meanfn			/home/nguyenvanthinh/Desktop/Git/speech recognition  demo/digit/model_parameters/digit.cd_cont_untied/means
-mixwfn			/home/nguyenvanthinh/Desktop/Git/speech recognition  demo/digit/model_parameters/digit.cd_cont_untied/mixture_weights
-moddeffn		/home/nguyenvanthinh/Desktop/Git/speech recognition  demo/digit/model_architecture/digit.untied.mdef
-mwfloor	1e-4	1.000000e-08
-phone			iz
-psetfn			/home/nguyenvanthinh/Desktop/Git/speech recognition  demo/digit/model_architecture/digit.tree_questions
-ssplitmax	5	7
-ssplitmin	1	1
-ssplitthr	8e-4	0.000000e+00
-state			1
-stwt			1.0,0.05,0.0,
-treefn			/home/nguyenvanthinh/Desktop/Git/speech recognition  demo/digit/trees/digit.unpruned/iz-1.dtree
-ts2cbfn	.semi.	.cont.
-varfloor	0.00001	1.000000e-05
-varfn			/home/nguyenvanthinh/Desktop/Git/speech recognition  demo/digit/model_parameters/digit.cd_cont_untied/variances

INFO: main.c(223): Reading: /home/nguyenvanthinh/Desktop/Git/speech recognition  demo/digit/model_architecture/digit.untied.mdef
INFO: model_def_io.c(573): Model definition info:
INFO: model_def_io.c(574): 326 total models defined (31 base, 295 tri)
INFO: model_def_io.c(575): 1304 total states
INFO: model_def_io.c(576): 978 total tied states
INFO: model_def_io.c(577): 93 total tied CI states
INFO: model_def_io.c(578): 31 total tied transition matrices
INFO: model_def_io.c(579): 4 max state/model
INFO: model_def_io.c(580): 4 min state/model
INFO: main.c(242): Building trees for [iz a SIL e] through [iz owf t e]
INFO: main.c(269): Covering states |[285 401]| == 117
INFO: main.c(275): Reading: /home/nguyenvanthinh/Desktop/Git/speech recognition  demo/digit/model_parameters/digit.cd_cont_untied/mixture_weights
INFO: s3mixw_io.c(173): Read /home/nguyenvanthinh/Desktop/Git/speech recognition  demo/digit/model_parameters/digit.cd_cont_untied/mixture_weights [117x1x1 array]
INFO: main.c(311): 39 of 39 models have observation count greater than 0.000010
INFO: main.c(95): nrm stwt: 0.045 0.909 0.045 
INFO: s3gau_io.c(169): Read /home/nguyenvanthinh/Desktop/Git/speech recognition  demo/digit/model_parameters/digit.cd_cont_untied/means [978x1x1 array]
INFO: s3gau_io.c(169): Read /home/nguyenvanthinh/Desktop/Git/speech recognition  demo/digit/model_parameters/digit.cd_cont_untied/variances [978x1x1 array]
INFO: main.c(549): Reading: /home/nguyenvanthinh/Desktop/Git/speech recognition  demo/digit/model_architecture/digit.tree_questions
INFO: main.c(588): 172 total simple questions (164 phone; 8 word bndry)
INFO: main.c(590): 40 Left Only questions, and 40 Right Only questions
INFO: dtree.c(1478): Final simple tree
|( QUESTION5 -1 -1.611e+06 1.109e+04 6.374e+03
|    ( QUESTION0_11_R 1 -7.083e+05 3.877e+03 2.697e+03
|        ( - -9.002e+04 3 0 QUESTION0_19_R 1 1.026e+03 4.046e+02)
|        ( - -6.144e+05 16 0 SILENCE 1 8.959e+02 2.292e+03))
|    ( QUESTION0_11_R 1 -8.921e+05 4.080e+03 3.677e+03
|        ( QUESTION0_19_R 1 -7.834e+04 1.270e+03 3.605e+02
|            ( - -3.045e+04 2 0 QUESTION0 -1 5.430e+02 1.419e+02)
|            ( - -4.662e+04 1 0))
|        ( QUESTION0 -1 -8.097e+05 2.308e+03 3.317e+03
|            ( QUESTION0_5_R 1 -7.607e+05 2.038e+03 3.114e+03
|                ( - -2.283e+05 2 0)
|                ( SILENCE 1 -5.303e+05 1.214e+03 2.182e+03
|                    ( - -8.191e+04 1 0)
|                    ( - -4.472e+05 6 0 QUESTION0_7_R 1 6.123e+02 1.870e+03)))
|            ( - -4.673e+04 8 0 QUESTION0_5_R 1 5.802e+02 2.022e+02))))
s>    ( QUESTION5 -1 -1.611e+06 1.109e+04 6.374e+03
s>        ( QUESTION0_11_R 1 -7.083e+05 3.877e+03 2.697e+03
s>            ( - -9.002e+04 3 0 QUESTION0_19_R 1 1.026e+03 4.046e+02)
s>            ( - -6.144e+05 16 0 SILENCE 1 8.959e+02 2.292e+03))
s>        ( QUESTION0_11_R 1 -8.921e+05 4.080e+03 3.677e+03
s>            ( QUESTION0_19_R 1 -7.834e+04 1.270e+03 3.605e+02
s>                ( - -3.045e+04 2 0 QUESTION0 -1 5.430e+02 1.419e+02)
s>                ( - -4.662e+04 1 0))
s>            ( QUESTION0 -1 -8.097e+05 2.308e+03 3.317e+03
s>                ( QUESTION0_5_R 1 -7.607e+05 2.038e+03 3.114e+03
s>                    ( - -2.283e+05 2 0)
s>                    ( SILENCE 1 -5.303e+05 1.214e+03 2.182e+03
s>                        ( - -8.191e+04 1 0)
s>                        ( - -4.472e+05 6 0 QUESTION0_7_R 1 6.123e+02 1.870e+03)))
s>                ( - -4.673e+04 8 0 QUESTION0_5_R 1 5.802e+02 2.022e+02))))INFO: dtree.c(1315): Comp split 0
INFO: dtree.c(1478): Final simple tree
|( QUESTION0_11_R 1 -8.921e+05 4.080e+03 3.677e+03
|    ( QUESTION0_19_R 1 -7.834e+04 1.270e+03 3.605e+02
|        ( - -3.045e+04 2 0 QUESTION0 -1 5.430e+02 1.419e+02)
|        ( - -4.662e+04 1 0))
|    ( QUESTION0 -1 -8.097e+05 2.308e+03 3.317e+03
|        ( QUESTION0_5_R 1 -7.607e+05 2.038e+03 3.114e+03
|            ( - -2.283e+05 2 0)
|            ( SILENCE 1 -5.303e+05 1.214e+03 2.182e+03
|                ( - -8.191e+04 1 0)
|                ( QUESTION0_7_R 1 -4.472e+05 6.123e+02 1.870e+03
|                    ( - -1.578e+05 2 0 QUESTION3 1 2.858e+02 6.763e+02)
|                    ( - -2.888e+05 4 0))))
|        ( QUESTION0_5_R 1 -4.673e+04 5.802e+02 2.022e+02
|            ( - -1.926e+04 2 0)
|            ( - -2.688e+04 6 0 QUESTION0_7_R 1 3.366e+02 1.155e+02))))
s>    ( QUESTION0_11_R 1 -8.921e+05 4.080e+03 3.677e+03
s>        ( QUESTION0_19_R 1 -7.834e+04 1.270e+03 3.605e+02
s>            ( - -3.045e+04 2 0 QUESTION0 -1 5.430e+02 1.419e+02)
s>            ( - -4.662e+04 1 0))
s>        ( QUESTION0 -1 -8.097e+05 2.308e+03 3.317e+03
s>            ( QUESTION0_5_R 1 -7.607e+05 2.038e+03 3.114e+03
s>                ( - -2.283e+05 2 0)
s>                ( SILENCE 1 -5.303e+05 1.214e+03 2.182e+03
s>                    ( - -8.191e+04 1 0)
s>                    ( QUESTION0_7_R 1 -4.472e+05 6.123e+02 1.870e+03
s>                        ( - -1.578e+05 2 0 QUESTION3 1 2.858e+02 6.763e+02)
s>                        ( - -2.888e+05 4 0))))
s>            ( QUESTION0_5_R 1 -4.673e+04 5.802e+02 2.022e+02
s>                ( - -1.926e+04 2 0)
s>                ( - -2.688e+04 6 0 QUESTION0_7_R 1 3.366e+02 1.155e+02))))INFO: dtree.c(1478): Final simple tree
|( QUESTION0_11_R 1 -7.083e+05 3.877e+03 2.697e+03
|    ( QUESTION0_19_R 1 -9.002e+04 1.026e+03 4.046e+02
|        ( QUESTION2_18_L -1 -4.565e+04 3.674e+02 2.081e+02
|            ( - -8.958e+03 1 0)
|            ( - -3.633e+04 1 0))
|        ( - -4.334e+04 1 0))
|    ( SILENCE 1 -6.144e+05 8.959e+02 2.292e+03
|        ( QUESTION2_18_L -1 -7.265e+04 4.750e+02 2.404e+02
|            ( - -2.642e+04 1 0)
|            ( - -4.576e+04 1 0))
|        ( QUESTION0_5_R 1 -5.408e+05 7.851e+02 2.051e+03
|            ( - -2.277e+05 4 0 QUESTION2_18_L -1 3.325e+02 8.345e+02)
|            ( QUESTION0_7_R 1 -3.123e+05 3.390e+02 1.217e+03
|                ( - -9.515e+04 3 0 QUESTION3 1 3.454e+02 3.655e+02)
|                ( - -2.168e+05 7 0 QUESTION2_18_L -1 2.139e+02 8.514e+02)))))
s>    ( QUESTION0_11_R 1 -7.083e+05 3.877e+03 2.697e+03
s>        ( QUESTION0_19_R 1 -9.002e+04 1.026e+03 4.046e+02
s>            ( QUESTION2_18_L -1 -4.565e+04 3.674e+02 2.081e+02
s>                ( - -8.958e+03 1 0)
s>                ( - -3.633e+04 1 0))
s>            ( - -4.334e+04 1 0))
s>        ( SILENCE 1 -6.144e+05 8.959e+02 2.292e+03
s>            ( QUESTION2_18_L -1 -7.265e+04 4.750e+02 2.404e+02
s>                ( - -2.642e+04 1 0)
s>                ( - -4.576e+04 1 0))
s>            ( QUESTION0_5_R 1 -5.408e+05 7.851e+02 2.051e+03
s>                ( - -2.277e+05 4 0 QUESTION2_18_L -1 3.325e+02 8.345e+02)
s>                ( QUESTION0_7_R 1 -3.123e+05 3.390e+02 1.217e+03
s>                    ( - -9.515e+04 3 0 QUESTION3 1 3.454e+02 3.655e+02)
s>                    ( - -2.168e+05 7 0 QUESTION2_18_L -1 2.139e+02 8.514e+02)))))INFO: dtree.c(1315): Comp split 1
INFO: dtree.c(1478): Final simple tree
|( QUESTION0 -1 -8.097e+05 2.308e+03 3.317e+03
|    ( QUESTION0_5_R 1 -7.607e+05 2.038e+03 3.114e+03
|        ( - -2.283e+05 2 0)
|        ( SILENCE 1 -5.303e+05 1.214e+03 2.182e+03
|            ( - -8.191e+04 1 0)
|            ( QUESTION0_7_R 1 -4.472e+05 6.123e+02 1.870e+03
|                ( QUESTION3 1 -1.578e+05 2.858e+02 6.763e+02
|                    ( - -7.987e+04 1 0)
|                    ( - -7.767e+04 1 0))
|                ( - -2.888e+05 4 0))))
|    ( QUESTION0_5_R 1 -4.673e+04 5.802e+02 2.022e+02
|        ( - -1.926e+04 2 0)
|        ( QUESTION0_7_R 1 -2.688e+04 3.366e+02 1.155e+02
|            ( - -1.099e+04 2 0 QUESTION3 1 2.028e+02 4.973e+01)
|            ( - -1.556e+04 4 0 SILENCE 1 1.984e+02 6.576e+01))))
s>    ( QUESTION0 -1 -8.097e+05 2.308e+03 3.317e+03
s>        ( QUESTION0_5_R 1 -7.607e+05 2.038e+03 3.114e+03
s>            ( - -2.283e+05 2 0)
s>            ( SILENCE 1 -5.303e+05 1.214e+03 2.182e+03
s>                ( - -8.191e+04 1 0)
s>                ( QUESTION0_7_R 1 -4.472e+05 6.123e+02 1.870e+03
s>                    ( QUESTION3 1 -1.578e+05 2.858e+02 6.763e+02
s>                        ( - -7.987e+04 1 0)
s>                        ( - -7.767e+04 1 0))
s>                    ( - -2.888e+05 4 0))))
s>        ( QUESTION0_5_R 1 -4.673e+04 5.802e+02 2.022e+02
s>            ( - -1.926e+04 2 0)
s>            ( QUESTION0_7_R 1 -2.688e+04 3.366e+02 1.155e+02
s>                ( - -1.099e+04 2 0 QUESTION3 1 2.028e+02 4.973e+01)
s>                ( - -1.556e+04 4 0 SILENCE 1 1.984e+02 6.576e+01))))INFO: dtree.c(1439): stop. leaf nodes are specific
INFO: dtree.c(1478): Final simple tree
|( QUESTION0_19_R 1 -7.834e+04 1.270e+03 3.605e+02
|    ( QUESTION0 -1 -3.045e+04 5.430e+02 1.419e+02
|        ( - -2.702e+04 1 0)
|        ( - -2.890e+03 1 0))
|    ( - -4.662e+04 1 0))
s>    ( QUESTION0_19_R 1 -7.834e+04 1.270e+03 3.605e+02
s>        ( QUESTION0 -1 -3.045e+04 5.430e+02 1.419e+02
s>            ( - -2.702e+04 1 0)
s>            ( - -2.890e+03 1 0))
s>        ( - -4.662e+04 1 0))INFO: dtree.c(1315): Comp split 2
INFO: dtree.c(1478): Final simple tree
|( SILENCE 1 -6.144e+05 8.959e+02 2.292e+03
|    ( QUESTION2_18_L -1 -7.265e+04 4.750e+02 2.404e+02
|        ( - -2.642e+04 1 0)
|        ( - -4.576e+04 1 0))
|    ( QUESTION0_5_R 1 -5.408e+05 7.851e+02 2.051e+03
|        ( QUESTION2_18_L -1 -2.277e+05 3.325e+02 8.345e+02
|            ( - -1.439e+04 2 0)
|            ( - -2.130e+05 2 0))
|        ( QUESTION0_7_R 1 -3.123e+05 3.390e+02 1.217e+03
|            ( QUESTION3 1 -9.515e+04 3.454e+02 3.655e+02
|                ( - -5.040e+04 2 0 QUESTION2_18_L -1 1.833e+02 1.938e+02)
|                ( - -4.441e+04 1 0))
|            ( QUESTION2_18_L -1 -2.168e+05 2.139e+02 8.514e+02
|                ( - -6.508e+03 3 0)
|                ( - -2.101e+05 4 0)))))
s>    ( SILENCE 1 -6.144e+05 8.959e+02 2.292e+03
s>        ( QUESTION2_18_L -1 -7.265e+04 4.750e+02 2.404e+02
s>            ( - -2.642e+04 1 0)
s>            ( - -4.576e+04 1 0))
s>        ( QUESTION0_5_R 1 -5.408e+05 7.851e+02 2.051e+03
s>            ( QUESTION2_18_L -1 -2.277e+05 3.325e+02 8.345e+02
s>                ( - -1.439e+04 2 0)
s>                ( - -2.130e+05 2 0))
s>            ( QUESTION0_7_R 1 -3.123e+05 3.390e+02 1.217e+03
s>                ( QUESTION3 1 -9.515e+04 3.454e+02 3.655e+02
s>                    ( - -5.040e+04 2 0 QUESTION2_18_L -1 1.833e+02 1.938e+02)
s>                    ( - -4.441e+04 1 0))
s>                ( QUESTION2_18_L -1 -2.168e+05 2.139e+02 8.514e+02
s>                    ( - -6.508e+03 3 0)
s>                    ( - -2.101e+05 4 0)))))INFO: dtree.c(1439): stop. leaf nodes are specific
INFO: dtree.c(1478): Final simple tree
|( QUESTION0_19_R 1 -9.002e+04 1.026e+03 4.046e+02
|    ( QUESTION2_18_L -1 -4.565e+04 3.674e+02 2.081e+02
|        ( - -8.958e+03 1 0)
|        ( - -3.633e+04 1 0))
|    ( - -4.334e+04 1 0))
s>    ( QUESTION0_19_R 1 -9.002e+04 1.026e+03 4.046e+02
s>        ( QUESTION2_18_L -1 -4.565e+04 3.674e+02 2.081e+02
s>            ( - -8.958e+03 1 0)
s>            ( - -3.633e+04 1 0))
s>        ( - -4.334e+04 1 0))INFO: dtree.c(1315): Comp split 3
INFO: dtree.c(1439): stop. leaf nodes are specific
INFO: dtree.c(1478): Final simple tree
|( QUESTION0_5_R 1 -7.607e+05 2.038e+03 3.114e+03
|    ( - -2.283e+05 2 0)
|    ( SILENCE 1 -5.303e+05 1.214e+03 2.182e+03
|        ( - -8.191e+04 1 0)
|        ( QUESTION0_7_R 1 -4.472e+05 6.123e+02 1.870e+03
|            ( QUESTION3 1 -1.578e+05 2.858e+02 6.763e+02
|                ( - -7.987e+04 1 0)
|                ( - -7.767e+04 1 0))
|            ( - -2.888e+05 4 0))))
s>    ( QUESTION0_5_R 1 -7.607e+05 2.038e+03 3.114e+03
s>        ( - -2.283e+05 2 0)
s>        ( SILENCE 1 -5.303e+05 1.214e+03 2.182e+03
s>            ( - -8.191e+04 1 0)
s>            ( QUESTION0_7_R 1 -4.472e+05 6.123e+02 1.870e+03
s>                ( QUESTION3 1 -1.578e+05 2.858e+02 6.763e+02
s>                    ( - -7.987e+04 1 0)
s>                    ( - -7.767e+04 1 0))
s>                ( - -2.888e+05 4 0))))INFO: dtree.c(1439): stop. leaf nodes are specific
INFO: dtree.c(1478): Final simple tree
|( QUESTION0_5_R 1 -4.673e+04 5.802e+02 2.022e+02
|    ( - -1.926e+04 2 0)
|    ( QUESTION0_7_R 1 -2.688e+04 3.366e+02 1.155e+02
|        ( QUESTION3 1 -1.099e+04 2.028e+02 4.973e+01
|            ( - -6.067e+03 1 0)
|            ( - -4.718e+03 1 0))
|        ( SILENCE 1 -1.556e+04 1.984e+02 6.576e+01
|            ( - -2.909e+03 1 0)
|            ( - -1.245e+04 3 0))))
s>    ( QUESTION0_5_R 1 -4.673e+04 5.802e+02 2.022e+02
s>        ( - -1.926e+04 2 0)
s>        ( QUESTION0_7_R 1 -2.688e+04 3.366e+02 1.155e+02
s>            ( QUESTION3 1 -1.099e+04 2.028e+02 4.973e+01
s>                ( - -6.067e+03 1 0)
s>                ( - -4.718e+03 1 0))
s>            ( SILENCE 1 -1.556e+04 1.984e+02 6.576e+01
s>                ( - -2.909e+03 1 0)
s>                ( - -1.245e+04 3 0))))INFO: dtree.c(1315): Comp split 4
INFO: dtree.c(1439): stop. leaf nodes are specific
INFO: dtree.c(1478): Final simple tree
|( SILENCE 1 -5.303e+05 1.214e+03 2.182e+03
|    ( - -8.191e+04 1 0)
|    ( QUESTION0_7_R 1 -4.472e+05 6.123e+02 1.870e+03
|        ( QUESTION3 1 -1.578e+05 2.858e+02 6.763e+02
|            ( - -7.987e+04 1 0)
|            ( - -7.767e+04 1 0))
|        ( - -2.888e+05 4 0)))
s>    ( SILENCE 1 -5.303e+05 1.214e+03 2.182e+03
s>        ( - -8.191e+04 1 0)
s>        ( QUESTION0_7_R 1 -4.472e+05 6.123e+02 1.870e+03
s>            ( QUESTION3 1 -1.578e+05 2.858e+02 6.763e+02
s>                ( - -7.987e+04 1 0)
s>                ( - -7.767e+04 1 0))
s>            ( - -2.888e+05 4 0)))INFO: dtree.c(1315): Comp split 5
INFO: dtree.c(1439): stop. leaf nodes are specific
INFO: dtree.c(1478): Final simple tree
|( QUESTION0 -1 -3.045e+04 5.430e+02 1.419e+02
|    ( - -2.702e+04 1 0)
|    ( - -2.890e+03 1 0))
s>    ( QUESTION0 -1 -3.045e+04 5.430e+02 1.419e+02
s>        ( - -2.702e+04 1 0)
s>        ( - -2.890e+03 1 0))INFO: dtree.c(1315): Comp split 6
INFO: dtree.c(1439): stop. leaf nodes are specific
INFO: dtree.c(1478): Final simple tree
|( QUESTION0_7_R 1 -4.472e+05 6.123e+02 1.870e+03
|    ( QUESTION3 1 -1.578e+05 2.858e+02 6.763e+02
|        ( - -7.987e+04 1 0)
|        ( - -7.767e+04 1 0))
|    ( - -2.888e+05 4 0))
s>    ( QUESTION0_7_R 1 -4.472e+05 6.123e+02 1.870e+03
s>        ( QUESTION3 1 -1.578e+05 2.858e+02 6.763e+02
s>            ( - -7.987e+04 1 0)
s>            ( - -7.767e+04 1 0))
s>        ( - -2.888e+05 4 0))INFO: dtree.c(1315): Comp split 7
INFO: dtree.c(1439): stop. leaf nodes are specific
INFO: dtree.c(1478): Final simple tree
|( QUESTION2_18_L -1 -4.565e+04 3.674e+02 2.081e+02
|    ( - -8.958e+03 1 0)
|    ( - -3.633e+04 1 0))
s>    ( QUESTION2_18_L -1 -4.565e+04 3.674e+02 2.081e+02
s>        ( - -8.958e+03 1 0)
s>        ( - -3.633e+04 1 0))INFO: dtree.c(1315): Comp split 8
INFO: dtree.c(1439): stop. leaf nodes are specific
INFO: dtree.c(1478): Final simple tree
|( SILENCE 1 -2.595e+05 7.361e+02 9.332e+02
|    ( - -4.576e+04 1 0)
|    ( - -2.130e+05 2 0))
s>    ( SILENCE 1 -2.595e+05 7.361e+02 9.332e+02
s>        ( - -4.576e+04 1 0)
s>        ( - -2.130e+05 2 0))INFO: dtree.c(1439): stop. leaf nodes are specific
INFO: dtree.c(1478): Final simple tree
|( QUESTION2_18_L -1 -3.540e+05 8.204e+02 1.359e+03
|    ( SILENCE 1 -5.155e+04 2.026e+02 1.778e+02
|        ( - -2.642e+04 1 0)
|        ( QUESTION0_5_R 1 -2.493e+04 1.060e+02 8.212e+01
|            ( - -1.439e+04 2 0)
|            ( QUESTION0_7_R 1 -1.043e+04 8.192e+01 3.600e+01
|                ( - -3.840e+03 1 0)
|                ( - -6.508e+03 3 0))))
|    ( QUESTION3 1 -3.016e+05 3.664e+02 1.181e+03
|        ( - -4.638e+04 1 0)
|        ( QUESTION0_7_R 1 -2.549e+05 3.456e+02 1.000e+03
|            ( - -4.441e+04 1 0)
|            ( - -2.101e+05 4 0))))
s>    ( QUESTION2_18_L -1 -3.540e+05 8.204e+02 1.359e+03
s>        ( SILENCE 1 -5.155e+04 2.026e+02 1.778e+02
s>            ( - -2.642e+04 1 0)
s>            ( QUESTION0_5_R 1 -2.493e+04 1.060e+02 8.212e+01
s>                ( - -1.439e+04 2 0)
s>                ( QUESTION0_7_R 1 -1.043e+04 8.192e+01 3.600e+01
s>                    ( - -3.840e+03 1 0)
s>                    ( - -6.508e+03 3 0))))
s>        ( QUESTION3 1 -3.016e+05 3.664e+02 1.181e+03
s>            ( - -4.638e+04 1 0)
s>            ( QUESTION0_7_R 1 -2.549e+05 3.456e+02 1.000e+03
s>                ( - -4.441e+04 1 0)
s>                ( - -2.101e+05 4 0))))INFO: dtree.c(1315): Comp split 9
INFO: dtree.c(1439): stop. leaf nodes are specific
INFO: dtree.c(1478): Final simple tree
|( SILENCE 1 -5.155e+04 2.026e+02 1.778e+02
|    ( - -2.642e+04 1 0)
|    ( QUESTION0_5_R 1 -2.493e+04 1.060e+02 8.212e+01
|        ( - -1.439e+04 2 0)
|        ( QUESTION0_7_R 1 -1.043e+04 8.192e+01 3.600e+01
|            ( - -3.840e+03 1 0)
|            ( - -6.508e+03 3 0))))
s>    ( SILENCE 1 -5.155e+04 2.026e+02 1.778e+02
s>        ( - -2.642e+04 1 0)
s>        ( QUESTION0_5_R 1 -2.493e+04 1.060e+02 8.212e+01
s>            ( - -1.439e+04 2 0)
s>            ( QUESTION0_7_R 1 -1.043e+04 8.192e+01 3.600e+01
s>                ( - -3.840e+03 1 0)
s>                ( - -6.508e+03 3 0))))INFO: dtree.c(1439): stop. leaf nodes are specific
INFO: dtree.c(1478): Final simple tree
|( QUESTION3 1 -3.016e+05 3.664e+02 1.181e+03
|    ( - -4.638e+04 1 0)
|    ( QUESTION0_7_R 1 -2.549e+05 3.456e+02 1.000e+03
|        ( - -4.441e+04 1 0)
|        ( - -2.101e+05 4 0)))
s>    ( QUESTION3 1 -3.016e+05 3.664e+02 1.181e+03
s>        ( - -4.638e+04 1 0)
s>        ( QUESTION0_7_R 1 -2.549e+05 3.456e+02 1.000e+03
s>            ( - -4.441e+04 1 0)
s>            ( - -2.101e+05 4 0)))INFO: dtree.c(1315): Comp split 10
INFO: dtree.c(1315): Comp split 11
INFO: dtree.c(1439): stop. leaf nodes are specific
INFO: dtree.c(1478): Final simple tree
|( QUESTION3 1 -1.578e+05 2.858e+02 6.763e+02
|    ( - -7.987e+04 1 0)
|    ( - -7.767e+04 1 0))
s>    ( QUESTION3 1 -1.578e+05 2.858e+02 6.763e+02
s>        ( - -7.987e+04 1 0)
s>        ( - -7.767e+04 1 0))INFO: dtree.c(1315): Comp split 12
INFO: dtree.c(1439): stop. leaf nodes are specific
INFO: dtree.c(1478): Final simple tree
|( QUESTION0_7_R 1 -2.688e+04 3.366e+02 1.155e+02
|    ( QUESTION3 1 -1.099e+04 2.028e+02 4.973e+01
|        ( - -6.067e+03 1 0)
|        ( - -4.718e+03 1 0))
|    ( SILENCE 1 -1.556e+04 1.984e+02 6.576e+01
|        ( - -2.909e+03 1 0)
|        ( - -1.245e+04 3 0)))
s>    ( QUESTION0_7_R 1 -2.688e+04 3.366e+02 1.155e+02
s>        ( QUESTION3 1 -1.099e+04 2.028e+02 4.973e+01
s>            ( - -6.067e+03 1 0)
s>            ( - -4.718e+03 1 0))
s>        ( SILENCE 1 -1.556e+04 1.984e+02 6.576e+01
s>            ( - -2.909e+03 1 0)
s>            ( - -1.245e+04 3 0)))INFO: dtree.c(1315): Comp split 13
INFO: dtree.c(1315): Comp split 14
INFO: dtree.c(1315): Comp split 15
INFO: dtree.c(1439): stop. leaf nodes are specific
INFO: dtree.c(1478): Final simple tree
|( QUESTION0_7_R 1 -2.549e+05 3.456e+02 1.000e+03
|    ( - -4.441e+04 1 0)
|    ( - -2.101e+05 4 0))
s>    ( QUESTION0_7_R 1 -2.549e+05 3.456e+02 1.000e+03
s>        ( - -4.441e+04 1 0)
s>        ( - -2.101e+05 4 0))INFO: dtree.c(1315): Comp split 16
INFO: dtree.c(1315): Comp split 17
INFO: dtree.c(1439): stop. leaf nodes are specific
INFO: dtree.c(1478): Final simple tree
|( SILENCE 1 -1.556e+04 1.984e+02 6.576e+01
|    ( - -2.909e+03 1 0)
|    ( - -1.245e+04 3 0))
s>    ( SILENCE 1 -1.556e+04 1.984e+02 6.576e+01
s>        ( - -2.909e+03 1 0)
s>        ( - -1.245e+04 3 0))INFO: dtree.c(1439): stop. leaf nodes are specific
INFO: dtree.c(1478): Final simple tree
|( QUESTION3 1 -1.099e+04 2.028e+02 4.973e+01
|    ( - -6.067e+03 1 0)
|    ( - -4.718e+03 1 0))
s>    ( QUESTION3 1 -1.099e+04 2.028e+02 4.973e+01
s>        ( - -6.067e+03 1 0)
s>        ( - -4.718e+03 1 0))INFO: dtree.c(1315): Comp split 18
INFO: dtree.c(1315): Comp split 19
INFO: dtree.c(1315): Comp split 20
INFO: dtree.c(1439): stop. leaf nodes are specific
INFO: dtree.c(1478): Final simple tree
|( QUESTION0_5_R 1 -2.493e+04 1.060e+02 8.212e+01
|    ( - -1.439e+04 2 0)
|    ( QUESTION0_7_R 1 -1.043e+04 8.192e+01 3.600e+01
|        ( - -3.840e+03 1 0)
|        ( - -6.508e+03 3 0)))
s>    ( QUESTION0_5_R 1 -2.493e+04 1.060e+02 8.212e+01
s>        ( - -1.439e+04 2 0)
s>        ( QUESTION0_7_R 1 -1.043e+04 8.192e+01 3.600e+01
s>            ( - -3.840e+03 1 0)
s>            ( - -6.508e+03 3 0)))INFO: dtree.c(1315): Comp split 21
INFO: dtree.c(1315): Comp split 22
INFO: dtree.c(1439): stop. leaf nodes are specific
INFO: dtree.c(1478): Final simple tree
|( QUESTION0_7_R 1 -1.043e+04 8.192e+01 3.600e+01
|    ( - -3.840e+03 1 0)
|    ( - -6.508e+03 3 0))
s>    ( QUESTION0_7_R 1 -1.043e+04 8.192e+01 3.600e+01
s>        ( - -3.840e+03 1 0)
s>        ( - -6.508e+03 3 0))INFO: dtree.c(1315): Comp split 23
INFO: dtree.c(1315): Comp split 24
INFO: dtree.c(1318): stop. leaf nodes are specific
!!!!!!!!Allocated 65 lines
Thu Apr  7 00:44:43 2016
