Current configuration:
[NAME]		[DEFLT]	[VALUE]
-allphones	no	no
-cntthresh	0.00001	1.000000e-05
-csplitmax	100	2000
-csplitmin	1	1
-csplitthr	8e-4	0.000000e+00
-example	no	no
-fullvar	no	no
-help		no	no
-meanfn			/home/nguyenvanthinh/Desktop/Git/speech recognition  demo/digit/model_parameters/digit.cd_cont_untied/means
-mixwfn			/home/nguyenvanthinh/Desktop/Git/speech recognition  demo/digit/model_parameters/digit.cd_cont_untied/mixture_weights
-moddeffn		/home/nguyenvanthinh/Desktop/Git/speech recognition  demo/digit/model_architecture/digit.untied.mdef
-mwfloor	1e-4	1.000000e-08
-phone			ng
-psetfn			/home/nguyenvanthinh/Desktop/Git/speech recognition  demo/digit/model_architecture/digit.tree_questions
-ssplitmax	5	7
-ssplitmin	1	1
-ssplitthr	8e-4	0.000000e+00
-state			2
-stwt			1.0,0.05,0.0,
-treefn			/home/nguyenvanthinh/Desktop/Git/speech recognition  demo/digit/trees/digit.unpruned/ng-2.dtree
-ts2cbfn	.semi.	.cont.
-varfloor	0.00001	1.000000e-05
-varfn			/home/nguyenvanthinh/Desktop/Git/speech recognition  demo/digit/model_parameters/digit.cd_cont_untied/variances

INFO: main.c(223): Reading: /home/nguyenvanthinh/Desktop/Git/speech recognition  demo/digit/model_architecture/digit.untied.mdef
INFO: model_def_io.c(573): Model definition info:
INFO: model_def_io.c(574): 326 total models defined (31 base, 295 tri)
INFO: model_def_io.c(575): 1304 total states
INFO: model_def_io.c(576): 978 total tied states
INFO: model_def_io.c(577): 93 total tied CI states
INFO: model_def_io.c(578): 31 total tied transition matrices
INFO: model_def_io.c(579): 4 max state/model
INFO: model_def_io.c(580): 4 min state/model
INFO: main.c(242): Building trees for [ng a if b] through [ng uz if b]
INFO: main.c(269): Covering states |[585 605]| == 21
INFO: main.c(275): Reading: /home/nguyenvanthinh/Desktop/Git/speech recognition  demo/digit/model_parameters/digit.cd_cont_untied/mixture_weights
INFO: s3mixw_io.c(173): Read /home/nguyenvanthinh/Desktop/Git/speech recognition  demo/digit/model_parameters/digit.cd_cont_untied/mixture_weights [21x1x1 array]
INFO: main.c(311): 7 of 7 models have observation count greater than 0.000010
INFO: main.c(95): nrm stwt: 0.000 0.048 0.952 
INFO: s3gau_io.c(169): Read /home/nguyenvanthinh/Desktop/Git/speech recognition  demo/digit/model_parameters/digit.cd_cont_untied/means [978x1x1 array]
INFO: s3gau_io.c(169): Read /home/nguyenvanthinh/Desktop/Git/speech recognition  demo/digit/model_parameters/digit.cd_cont_untied/variances [978x1x1 array]
INFO: main.c(549): Reading: /home/nguyenvanthinh/Desktop/Git/speech recognition  demo/digit/model_architecture/digit.tree_questions
INFO: main.c(588): 172 total simple questions (164 phone; 8 word bndry)
INFO: main.c(590): 40 Left Only questions, and 40 Right Only questions
INFO: dtree.c(1439): stop. leaf nodes are specific
INFO: dtree.c(1478): Final simple tree
|( QUESTION11 -1 -2.550e+05 1.605e+03 1.154e+03
|    ( QUESTION12 -1 -1.219e+05 4.744e+02 5.578e+02
|        ( - -2.985e+04 1 0)
|        ( QUESTION15 -1 -9.156e+04 4.317e+02 4.193e+02
|            ( - -7.013e+04 1 0)
|            ( - -2.100e+04 1 0)))
|    ( QUESTION3 -1 -1.315e+05 1.264e+03 5.964e+02
|        ( - -2.195e+04 1 0)
|        ( QUESTION9 -1 -1.083e+05 4.425e+02 4.968e+02
|            ( - -1.823e+04 1 0)
|            ( QUESTION0 -1 -8.958e+04 2.921e+02 4.118e+02
|                ( - -2.721e+04 1 0)
|                ( - -6.207e+04 1 0)))))
s>    ( QUESTION11 -1 -2.550e+05 1.605e+03 1.154e+03
s>        ( QUESTION12 -1 -1.219e+05 4.744e+02 5.578e+02
s>            ( - -2.985e+04 1 0)
s>            ( QUESTION15 -1 -9.156e+04 4.317e+02 4.193e+02
s>                ( - -7.013e+04 1 0)
s>                ( - -2.100e+04 1 0)))
s>        ( QUESTION3 -1 -1.315e+05 1.264e+03 5.964e+02
s>            ( - -2.195e+04 1 0)
s>            ( QUESTION9 -1 -1.083e+05 4.425e+02 4.968e+02
s>                ( - -1.823e+04 1 0)
s>                ( QUESTION0 -1 -8.958e+04 2.921e+02 4.118e+02
s>                    ( - -2.721e+04 1 0)
s>                    ( - -6.207e+04 1 0)))))INFO: dtree.c(1315): Comp split 0
INFO: dtree.c(1439): stop. leaf nodes are specific
INFO: dtree.c(1478): Final simple tree
|( QUESTION9 -1 -1.083e+05 4.425e+02 4.968e+02
|    ( - -1.823e+04 1 0)
|    ( QUESTION0 -1 -8.958e+04 2.921e+02 4.118e+02
|        ( - -2.721e+04 1 0)
|        ( - -6.207e+04 1 0)))
s>    ( QUESTION9 -1 -1.083e+05 4.425e+02 4.968e+02
s>        ( - -1.823e+04 1 0)
s>        ( QUESTION0 -1 -8.958e+04 2.921e+02 4.118e+02
s>            ( - -2.721e+04 1 0)
s>            ( - -6.207e+04 1 0)))INFO: dtree.c(1439): stop. leaf nodes are specific
INFO: dtree.c(1478): Final simple tree
|( QUESTION12 -1 -1.442e+05 4.723e+02 6.575e+02
|    ( - -2.985e+04 1 0)
|    ( QUESTION16 -1 -1.139e+05 4.252e+02 5.189e+02
|        ( - -2.100e+04 1 0)
|        ( QUESTION2 -1 -9.248e+04 3.951e+02 4.231e+02
|            ( - -2.195e+04 1 0)
|            ( - -7.013e+04 1 0))))
s>    ( QUESTION12 -1 -1.442e+05 4.723e+02 6.575e+02
s>        ( - -2.985e+04 1 0)
s>        ( QUESTION16 -1 -1.139e+05 4.252e+02 5.189e+02
s>            ( - -2.100e+04 1 0)
s>            ( QUESTION2 -1 -9.248e+04 3.951e+02 4.231e+02
s>                ( - -2.195e+04 1 0)
s>                ( - -7.013e+04 1 0))))INFO: dtree.c(1315): Comp split 1
INFO: dtree.c(1439): stop. leaf nodes are specific
INFO: dtree.c(1478): Final simple tree
|( QUESTION16 -1 -1.139e+05 4.252e+02 5.189e+02
|    ( - -2.100e+04 1 0)
|    ( QUESTION2 -1 -9.248e+04 3.951e+02 4.231e+02
|        ( - -2.195e+04 1 0)
|        ( - -7.013e+04 1 0)))
s>    ( QUESTION16 -1 -1.139e+05 4.252e+02 5.189e+02
s>        ( - -2.100e+04 1 0)
s>        ( QUESTION2 -1 -9.248e+04 3.951e+02 4.231e+02
s>            ( - -2.195e+04 1 0)
s>            ( - -7.013e+04 1 0)))INFO: dtree.c(1315): Comp split 2
INFO: dtree.c(1439): stop. leaf nodes are specific
INFO: dtree.c(1478): Final simple tree
|( QUESTION0 -1 -8.958e+04 2.921e+02 4.118e+02
|    ( - -2.721e+04 1 0)
|    ( - -6.207e+04 1 0))
s>    ( QUESTION0 -1 -8.958e+04 2.921e+02 4.118e+02
s>        ( - -2.721e+04 1 0)
s>        ( - -6.207e+04 1 0))INFO: dtree.c(1315): Comp split 3
INFO: dtree.c(1439): stop. leaf nodes are specific
INFO: dtree.c(1478): Final simple tree
|( QUESTION2 -1 -9.248e+04 3.951e+02 4.231e+02
|    ( - -2.195e+04 1 0)
|    ( - -7.013e+04 1 0))
s>    ( QUESTION2 -1 -9.248e+04 3.951e+02 4.231e+02
s>        ( - -2.195e+04 1 0)
s>        ( - -7.013e+04 1 0))INFO: dtree.c(1315): Comp split 4
INFO: dtree.c(1315): Comp split 5
INFO: dtree.c(1315): Comp split 6
INFO: dtree.c(1318): stop. leaf nodes are specific
!!!!!!!!Allocated 65 lines
Thu Apr  7 00:44:46 2016
