Current configuration:
[NAME]		[DEFLT]	[VALUE]
-allphones	no	no
-cntthresh	0.00001	1.000000e-05
-csplitmax	100	2000
-csplitmin	1	1
-csplitthr	8e-4	0.000000e+00
-example	no	no
-fullvar	no	no
-help		no	no
-meanfn			/home/nguyenvanthinh/Desktop/Git/speech recognition  demo/digit/model_parameters/digit.cd_cont_untied/means
-mixwfn			/home/nguyenvanthinh/Desktop/Git/speech recognition  demo/digit/model_parameters/digit.cd_cont_untied/mixture_weights
-moddeffn		/home/nguyenvanthinh/Desktop/Git/speech recognition  demo/digit/model_architecture/digit.untied.mdef
-mwfloor	1e-4	1.000000e-08
-phone			ngz
-psetfn			/home/nguyenvanthinh/Desktop/Git/speech recognition  demo/digit/model_architecture/digit.tree_questions
-ssplitmax	5	7
-ssplitmin	1	1
-ssplitthr	8e-4	0.000000e+00
-state			2
-stwt			1.0,0.05,0.0,
-treefn			/home/nguyenvanthinh/Desktop/Git/speech recognition  demo/digit/trees/digit.unpruned/ngz-2.dtree
-ts2cbfn	.semi.	.cont.
-varfloor	0.00001	1.000000e-05
-varfn			/home/nguyenvanthinh/Desktop/Git/speech recognition  demo/digit/model_parameters/digit.cd_cont_untied/variances

INFO: main.c(223): Reading: /home/nguyenvanthinh/Desktop/Git/speech recognition  demo/digit/model_architecture/digit.untied.mdef
INFO: model_def_io.c(573): Model definition info:
INFO: model_def_io.c(574): 326 total models defined (31 base, 295 tri)
INFO: model_def_io.c(575): 1304 total states
INFO: model_def_io.c(576): 978 total tied states
INFO: model_def_io.c(577): 93 total tied CI states
INFO: model_def_io.c(578): 31 total tied transition matrices
INFO: model_def_io.c(579): 4 max state/model
INFO: model_def_io.c(580): 4 min state/model
INFO: main.c(242): Building trees for [ngz i b e] through [ngz oo tr e]
INFO: main.c(269): Covering states |[606 656]| == 51
INFO: main.c(275): Reading: /home/nguyenvanthinh/Desktop/Git/speech recognition  demo/digit/model_parameters/digit.cd_cont_untied/mixture_weights
INFO: s3mixw_io.c(173): Read /home/nguyenvanthinh/Desktop/Git/speech recognition  demo/digit/model_parameters/digit.cd_cont_untied/mixture_weights [51x1x1 array]
INFO: main.c(311): 17 of 17 models have observation count greater than 0.000010
INFO: main.c(95): nrm stwt: 0.000 0.048 0.952 
INFO: s3gau_io.c(169): Read /home/nguyenvanthinh/Desktop/Git/speech recognition  demo/digit/model_parameters/digit.cd_cont_untied/means [978x1x1 array]
INFO: s3gau_io.c(169): Read /home/nguyenvanthinh/Desktop/Git/speech recognition  demo/digit/model_parameters/digit.cd_cont_untied/variances [978x1x1 array]
INFO: main.c(549): Reading: /home/nguyenvanthinh/Desktop/Git/speech recognition  demo/digit/model_architecture/digit.tree_questions
INFO: main.c(588): 172 total simple questions (164 phone; 8 word bndry)
INFO: main.c(590): 40 Left Only questions, and 40 Right Only questions
INFO: dtree.c(1478): Final simple tree
|( QUESTION0_5_R 1 -3.122e+05 1.424e+03 1.303e+03
|    ( QUESTION2 -1 -8.962e+04 5.361e+02 3.702e+02
|        ( - -2.244e+04 2 0)
|        ( - -6.664e+04 2 0))
|    ( QUESTION2 -1 -2.211e+05 8.527e+02 9.325e+02
|        ( QUESTION3 1 -4.914e+04 3.374e+02 2.078e+02
|            ( - -6.140e+03 1 0)
|            ( - -4.267e+04 4 0 QUESTION0_7_R 1 2.748e+02 1.811e+02))
|        ( QUESTION0_11_R 1 -1.712e+05 8.893e+02 7.247e+02
|            ( - -2.332e+04 1 0)
|            ( QUESTION0_7_R 1 -1.469e+05 6.966e+02 6.266e+02
|                ( QUESTION3 1 -4.959e+04 4.308e+02 2.151e+02
|                    ( - -2.408e+04 1 0)
|                    ( - -2.508e+04 1 0))
|                ( - -9.665e+04 5 0 SILENCE 1 3.349e+02 4.115e+02)))))
s>    ( QUESTION0_5_R 1 -3.122e+05 1.424e+03 1.303e+03
s>        ( QUESTION2 -1 -8.962e+04 5.361e+02 3.702e+02
s>            ( - -2.244e+04 2 0)
s>            ( - -6.664e+04 2 0))
s>        ( QUESTION2 -1 -2.211e+05 8.527e+02 9.325e+02
s>            ( QUESTION3 1 -4.914e+04 3.374e+02 2.078e+02
s>                ( - -6.140e+03 1 0)
s>                ( - -4.267e+04 4 0 QUESTION0_7_R 1 2.748e+02 1.811e+02))
s>            ( QUESTION0_11_R 1 -1.712e+05 8.893e+02 7.247e+02
s>                ( - -2.332e+04 1 0)
s>                ( QUESTION0_7_R 1 -1.469e+05 6.966e+02 6.266e+02
s>                    ( QUESTION3 1 -4.959e+04 4.308e+02 2.151e+02
s>                        ( - -2.408e+04 1 0)
s>                        ( - -2.508e+04 1 0))
s>                    ( - -9.665e+04 5 0 SILENCE 1 3.349e+02 4.115e+02)))))INFO: dtree.c(1315): Comp split 0
INFO: dtree.c(1478): Final simple tree
|( QUESTION2 -1 -2.211e+05 8.527e+02 9.325e+02
|    ( QUESTION3 1 -4.914e+04 3.374e+02 2.078e+02
|        ( - -6.140e+03 1 0)
|        ( QUESTION0_7_R 1 -4.267e+04 2.748e+02 1.811e+02
|            ( - -5.792e+03 1 0)
|            ( - -3.660e+04 3 0)))
|    ( QUESTION0_11_R 1 -1.712e+05 8.893e+02 7.247e+02
|        ( - -2.332e+04 1 0)
|        ( QUESTION0_7_R 1 -1.469e+05 6.966e+02 6.266e+02
|            ( QUESTION3 1 -4.959e+04 4.308e+02 2.151e+02
|                ( - -2.408e+04 1 0)
|                ( - -2.508e+04 1 0))
|            ( SILENCE 1 -9.665e+04 3.349e+02 4.115e+02
|                ( - -6.290e+03 1 0)
|                ( - -9.003e+04 4 0)))))
s>    ( QUESTION2 -1 -2.211e+05 8.527e+02 9.325e+02
s>        ( QUESTION3 1 -4.914e+04 3.374e+02 2.078e+02
s>            ( - -6.140e+03 1 0)
s>            ( QUESTION0_7_R 1 -4.267e+04 2.748e+02 1.811e+02
s>                ( - -5.792e+03 1 0)
s>                ( - -3.660e+04 3 0)))
s>        ( QUESTION0_11_R 1 -1.712e+05 8.893e+02 7.247e+02
s>            ( - -2.332e+04 1 0)
s>            ( QUESTION0_7_R 1 -1.469e+05 6.966e+02 6.266e+02
s>                ( QUESTION3 1 -4.959e+04 4.308e+02 2.151e+02
s>                    ( - -2.408e+04 1 0)
s>                    ( - -2.508e+04 1 0))
s>                ( SILENCE 1 -9.665e+04 3.349e+02 4.115e+02
s>                    ( - -6.290e+03 1 0)
s>                    ( - -9.003e+04 4 0)))))INFO: dtree.c(1439): stop. leaf nodes are specific
INFO: dtree.c(1478): Final simple tree
|( QUESTION2 -1 -8.962e+04 5.361e+02 3.702e+02
|    ( - -2.244e+04 2 0)
|    ( - -6.664e+04 2 0))
s>    ( QUESTION2 -1 -8.962e+04 5.361e+02 3.702e+02
s>        ( - -2.244e+04 2 0)
s>        ( - -6.664e+04 2 0))INFO: dtree.c(1315): Comp split 1
INFO: dtree.c(1439): stop. leaf nodes are specific
INFO: dtree.c(1478): Final simple tree
|( QUESTION0_7_R 1 -1.534e+05 7.753e+02 6.533e+02
|    ( QUESTION3 1 -5.601e+04 4.596e+02 2.419e+02
|        ( QUESTION2 -1 -3.047e+04 2.508e+02 1.327e+02
|            ( - -6.140e+03 1 0)
|            ( - -2.408e+04 1 0))
|        ( - -2.508e+04 1 0))
|    ( SILENCE 1 -9.665e+04 3.349e+02 4.115e+02
|        ( - -6.290e+03 1 0)
|        ( - -9.003e+04 4 0)))
s>    ( QUESTION0_7_R 1 -1.534e+05 7.753e+02 6.533e+02
s>        ( QUESTION3 1 -5.601e+04 4.596e+02 2.419e+02
s>            ( QUESTION2 -1 -3.047e+04 2.508e+02 1.327e+02
s>                ( - -6.140e+03 1 0)
s>                ( - -2.408e+04 1 0))
s>            ( - -2.508e+04 1 0))
s>        ( SILENCE 1 -9.665e+04 3.349e+02 4.115e+02
s>            ( - -6.290e+03 1 0)
s>            ( - -9.003e+04 4 0)))INFO: dtree.c(1439): stop. leaf nodes are specific
INFO: dtree.c(1478): Final simple tree
|( QUESTION0_4_R 1 -6.669e+04 7.065e+02 2.792e+02
|    ( QUESTION0_7_R 1 -4.267e+04 2.748e+02 1.811e+02
|        ( - -5.792e+03 1 0)
|        ( - -3.660e+04 3 0))
|    ( - -2.332e+04 1 0))
s>    ( QUESTION0_4_R 1 -6.669e+04 7.065e+02 2.792e+02
s>        ( QUESTION0_7_R 1 -4.267e+04 2.748e+02 1.811e+02
s>            ( - -5.792e+03 1 0)
s>            ( - -3.660e+04 3 0))
s>        ( - -2.332e+04 1 0))INFO: dtree.c(1315): Comp split 2
INFO: dtree.c(1439): stop. leaf nodes are specific
INFO: dtree.c(1478): Final simple tree
|( QUESTION3 1 -5.601e+04 4.596e+02 2.419e+02
|    ( QUESTION2 -1 -3.047e+04 2.508e+02 1.327e+02
|        ( - -6.140e+03 1 0)
|        ( - -2.408e+04 1 0))
|    ( - -2.508e+04 1 0))
s>    ( QUESTION3 1 -5.601e+04 4.596e+02 2.419e+02
s>        ( QUESTION2 -1 -3.047e+04 2.508e+02 1.327e+02
s>            ( - -6.140e+03 1 0)
s>            ( - -2.408e+04 1 0))
s>        ( - -2.508e+04 1 0))INFO: dtree.c(1439): stop. leaf nodes are specific
INFO: dtree.c(1478): Final simple tree
|( SILENCE 1 -9.665e+04 3.349e+02 4.115e+02
|    ( - -6.290e+03 1 0)
|    ( - -9.003e+04 4 0))
s>    ( SILENCE 1 -9.665e+04 3.349e+02 4.115e+02
s>        ( - -6.290e+03 1 0)
s>        ( - -9.003e+04 4 0))INFO: dtree.c(1315): Comp split 3
INFO: dtree.c(1439): stop. leaf nodes are specific
INFO: dtree.c(1478): Final simple tree
|( QUESTION0_7_R 1 -4.267e+04 2.748e+02 1.811e+02
|    ( - -5.792e+03 1 0)
|    ( - -3.660e+04 3 0))
s>    ( QUESTION0_7_R 1 -4.267e+04 2.748e+02 1.811e+02
s>        ( - -5.792e+03 1 0)
s>        ( - -3.660e+04 3 0))INFO: dtree.c(1315): Comp split 4
INFO: dtree.c(1315): Comp split 5
INFO: dtree.c(1439): stop. leaf nodes are specific
INFO: dtree.c(1478): Final simple tree
|( QUESTION2 -1 -3.047e+04 2.508e+02 1.327e+02
|    ( - -6.140e+03 1 0)
|    ( - -2.408e+04 1 0))
s>    ( QUESTION2 -1 -3.047e+04 2.508e+02 1.327e+02
s>        ( - -6.140e+03 1 0)
s>        ( - -2.408e+04 1 0))INFO: dtree.c(1315): Comp split 6
INFO: dtree.c(1315): Comp split 7
INFO: dtree.c(1315): Comp split 8
INFO: dtree.c(1315): Comp split 9
INFO: dtree.c(1318): stop. leaf nodes are specific
!!!!!!!!Allocated 65 lines
Thu Apr  7 00:44:42 2016
