Current configuration:
[NAME]		[DEFLT]	[VALUE]
-allphones	no	no
-cntthresh	0.00001	1.000000e-05
-csplitmax	100	2000
-csplitmin	1	1
-csplitthr	8e-4	0.000000e+00
-example	no	no
-fullvar	no	no
-help		no	no
-meanfn			/home/nguyenvanthinh/Desktop/Git/speech recognition  demo/digit/model_parameters/digit.cd_cont_untied/means
-mixwfn			/home/nguyenvanthinh/Desktop/Git/speech recognition  demo/digit/model_parameters/digit.cd_cont_untied/mixture_weights
-moddeffn		/home/nguyenvanthinh/Desktop/Git/speech recognition  demo/digit/model_architecture/digit.untied.mdef
-mwfloor	1e-4	1.000000e-08
-phone			nz
-psetfn			/home/nguyenvanthinh/Desktop/Git/speech recognition  demo/digit/model_architecture/digit.tree_questions
-ssplitmax	5	7
-ssplitmin	1	1
-ssplitthr	8e-4	0.000000e+00
-state			0
-stwt			1.0,0.05,0.0,
-treefn			/home/nguyenvanthinh/Desktop/Git/speech recognition  demo/digit/trees/digit.unpruned/nz-0.dtree
-ts2cbfn	.semi.	.cont.
-varfloor	0.00001	1.000000e-05
-varfn			/home/nguyenvanthinh/Desktop/Git/speech recognition  demo/digit/model_parameters/digit.cd_cont_untied/variances

INFO: main.c(223): Reading: /home/nguyenvanthinh/Desktop/Git/speech recognition  demo/digit/model_architecture/digit.untied.mdef
INFO: model_def_io.c(573): Model definition info:
INFO: model_def_io.c(574): 326 total models defined (31 base, 295 tri)
INFO: model_def_io.c(575): 1304 total states
INFO: model_def_io.c(576): 978 total tied states
INFO: model_def_io.c(577): 93 total tied CI states
INFO: model_def_io.c(578): 31 total tied transition matrices
INFO: model_def_io.c(579): 4 max state/model
INFO: model_def_io.c(580): 4 min state/model
INFO: main.c(242): Building trees for [nz if b e] through [nz oos tr e]
INFO: main.c(269): Covering states |[657 746]| == 90
INFO: main.c(275): Reading: /home/nguyenvanthinh/Desktop/Git/speech recognition  demo/digit/model_parameters/digit.cd_cont_untied/mixture_weights
INFO: s3mixw_io.c(173): Read /home/nguyenvanthinh/Desktop/Git/speech recognition  demo/digit/model_parameters/digit.cd_cont_untied/mixture_weights [90x1x1 array]
INFO: main.c(311): 30 of 30 models have observation count greater than 0.000010
INFO: main.c(95): nrm stwt: 0.952 0.048 0.000 
INFO: s3gau_io.c(169): Read /home/nguyenvanthinh/Desktop/Git/speech recognition  demo/digit/model_parameters/digit.cd_cont_untied/means [978x1x1 array]
INFO: s3gau_io.c(169): Read /home/nguyenvanthinh/Desktop/Git/speech recognition  demo/digit/model_parameters/digit.cd_cont_untied/variances [978x1x1 array]
INFO: main.c(549): Reading: /home/nguyenvanthinh/Desktop/Git/speech recognition  demo/digit/model_architecture/digit.tree_questions
INFO: main.c(588): 172 total simple questions (164 phone; 8 word bndry)
INFO: main.c(590): 40 Left Only questions, and 40 Right Only questions
INFO: dtree.c(1478): Final simple tree
|( QUESTION10 -1 -1.740e+06 2.102e+04 7.578e+03
|    ( QUESTION0_11_R 1 -6.551e+05 2.214e+03 2.779e+03
|        ( - -5.486e+04 2 0 QUESTION0_19_R 1 2.110e+02 2.438e+02)
|        ( QUESTION0_10_R 1 -5.980e+05 1.026e+03 2.536e+03
|            ( - -1.947e+05 4 0)
|            ( - -4.023e+05 5 0 QUESTION0_5_R 1 6.487e+02 1.727e+03)))
|    ( QUESTION14 -1 -1.064e+06 7.964e+03 4.798e+03
|        ( QUESTION0_11_R 1 -5.344e+05 2.250e+03 2.417e+03
|            ( QUESTION0_19_R 1 -6.007e+04 7.030e+02 2.733e+02
|                ( - -1.692e+04 1 0)
|                ( - -4.245e+04 1 0))
|            ( QUESTION0_5_R 1 -4.720e+05 1.829e+03 2.144e+03
|                ( - -1.659e+05 2 0)
|                ( - -3.043e+05 7 0 QUESTION0_10_R 1 6.349e+02 1.370e+03)))
|        ( - -5.217e+05 8 0 QUESTION3 1 1.677e+02 2.381e+03)))
s>    ( QUESTION10 -1 -1.740e+06 2.102e+04 7.578e+03
s>        ( QUESTION0_11_R 1 -6.551e+05 2.214e+03 2.779e+03
s>            ( - -5.486e+04 2 0 QUESTION0_19_R 1 2.110e+02 2.438e+02)
s>            ( QUESTION0_10_R 1 -5.980e+05 1.026e+03 2.536e+03
s>                ( - -1.947e+05 4 0)
s>                ( - -4.023e+05 5 0 QUESTION0_5_R 1 6.487e+02 1.727e+03)))
s>        ( QUESTION14 -1 -1.064e+06 7.964e+03 4.798e+03
s>            ( QUESTION0_11_R 1 -5.344e+05 2.250e+03 2.417e+03
s>                ( QUESTION0_19_R 1 -6.007e+04 7.030e+02 2.733e+02
s>                    ( - -1.692e+04 1 0)
s>                    ( - -4.245e+04 1 0))
s>                ( QUESTION0_5_R 1 -4.720e+05 1.829e+03 2.144e+03
s>                    ( - -1.659e+05 2 0)
s>                    ( - -3.043e+05 7 0 QUESTION0_10_R 1 6.349e+02 1.370e+03)))
s>            ( - -5.217e+05 8 0 QUESTION3 1 1.677e+02 2.381e+03)))INFO: dtree.c(1315): Comp split 0
INFO: dtree.c(1478): Final simple tree
|( QUESTION14 -1 -1.064e+06 7.964e+03 4.798e+03
|    ( QUESTION0_11_R 1 -5.344e+05 2.250e+03 2.417e+03
|        ( QUESTION0_19_R 1 -6.007e+04 7.030e+02 2.733e+02
|            ( - -1.692e+04 1 0)
|            ( - -4.245e+04 1 0))
|        ( QUESTION0_5_R 1 -4.720e+05 1.829e+03 2.144e+03
|            ( - -1.659e+05 2 0)
|            ( QUESTION0_10_R 1 -3.043e+05 6.349e+02 1.370e+03
|                ( - -1.714e+05 4 0)
|                ( SILENCE 1 -1.323e+05 4.369e+02 5.947e+02
|                    ( - -4.157e+04 1 0)
|                    ( QUESTION3 1 -9.026e+04 3.398e+02 4.125e+02
|                        ( - -4.852e+04 1 0)
|                        ( - -4.140e+04 1 0))))))
|    ( - -5.217e+05 8 0 QUESTION3 1 1.677e+02 2.381e+03))
s>    ( QUESTION14 -1 -1.064e+06 7.964e+03 4.798e+03
s>        ( QUESTION0_11_R 1 -5.344e+05 2.250e+03 2.417e+03
s>            ( QUESTION0_19_R 1 -6.007e+04 7.030e+02 2.733e+02
s>                ( - -1.692e+04 1 0)
s>                ( - -4.245e+04 1 0))
s>            ( QUESTION0_5_R 1 -4.720e+05 1.829e+03 2.144e+03
s>                ( - -1.659e+05 2 0)
s>                ( QUESTION0_10_R 1 -3.043e+05 6.349e+02 1.370e+03
s>                    ( - -1.714e+05 4 0)
s>                    ( SILENCE 1 -1.323e+05 4.369e+02 5.947e+02
s>                        ( - -4.157e+04 1 0)
s>                        ( QUESTION3 1 -9.026e+04 3.398e+02 4.125e+02
s>                            ( - -4.852e+04 1 0)
s>                            ( - -4.140e+04 1 0))))))
s>        ( - -5.217e+05 8 0 QUESTION3 1 1.677e+02 2.381e+03))INFO: dtree.c(1439): stop. leaf nodes are specific
INFO: dtree.c(1478): Final simple tree
|( QUESTION0_11_R 1 -6.551e+05 2.214e+03 2.779e+03
|    ( QUESTION0_19_R 1 -5.486e+04 2.110e+02 2.438e+02
|        ( - -3.079e+03 1 0)
|        ( - -5.157e+04 1 0))
|    ( QUESTION0_10_R 1 -5.980e+05 1.026e+03 2.536e+03
|        ( - -1.947e+05 4 0)
|        ( QUESTION0_5_R 1 -4.023e+05 6.487e+02 1.727e+03
|            ( - -2.381e+05 2 0)
|            ( QUESTION3 1 -1.635e+05 6.041e+02 6.999e+02
|                ( - -5.972e+04 1 0)
|                ( SILENCE 1 -1.032e+05 3.003e+02 4.394e+02
|                    ( - -3.049e+04 1 0)
|                    ( - -7.244e+04 1 0))))))
s>    ( QUESTION0_11_R 1 -6.551e+05 2.214e+03 2.779e+03
s>        ( QUESTION0_19_R 1 -5.486e+04 2.110e+02 2.438e+02
s>            ( - -3.079e+03 1 0)
s>            ( - -5.157e+04 1 0))
s>        ( QUESTION0_10_R 1 -5.980e+05 1.026e+03 2.536e+03
s>            ( - -1.947e+05 4 0)
s>            ( QUESTION0_5_R 1 -4.023e+05 6.487e+02 1.727e+03
s>                ( - -2.381e+05 2 0)
s>                ( QUESTION3 1 -1.635e+05 6.041e+02 6.999e+02
s>                    ( - -5.972e+04 1 0)
s>                    ( SILENCE 1 -1.032e+05 3.003e+02 4.394e+02
s>                        ( - -3.049e+04 1 0)
s>                        ( - -7.244e+04 1 0))))))INFO: dtree.c(1315): Comp split 1
INFO: dtree.c(1439): stop. leaf nodes are specific
INFO: dtree.c(1478): Final simple tree
|( QUESTION0_11_R 1 -5.344e+05 2.250e+03 2.417e+03
|    ( QUESTION0_19_R 1 -6.007e+04 7.030e+02 2.733e+02
|        ( - -1.692e+04 1 0)
|        ( - -4.245e+04 1 0))
|    ( QUESTION0_5_R 1 -4.720e+05 1.829e+03 2.144e+03
|        ( - -1.659e+05 2 0)
|        ( QUESTION0_10_R 1 -3.043e+05 6.349e+02 1.370e+03
|            ( - -1.714e+05 4 0)
|            ( SILENCE 1 -1.323e+05 4.369e+02 5.947e+02
|                ( - -4.157e+04 1 0)
|                ( QUESTION3 1 -9.026e+04 3.398e+02 4.125e+02
|                    ( - -4.852e+04 1 0)
|                    ( - -4.140e+04 1 0))))))
s>    ( QUESTION0_11_R 1 -5.344e+05 2.250e+03 2.417e+03
s>        ( QUESTION0_19_R 1 -6.007e+04 7.030e+02 2.733e+02
s>            ( - -1.692e+04 1 0)
s>            ( - -4.245e+04 1 0))
s>        ( QUESTION0_5_R 1 -4.720e+05 1.829e+03 2.144e+03
s>            ( - -1.659e+05 2 0)
s>            ( QUESTION0_10_R 1 -3.043e+05 6.349e+02 1.370e+03
s>                ( - -1.714e+05 4 0)
s>                ( SILENCE 1 -1.323e+05 4.369e+02 5.947e+02
s>                    ( - -4.157e+04 1 0)
s>                    ( QUESTION3 1 -9.026e+04 3.398e+02 4.125e+02
s>                        ( - -4.852e+04 1 0)
s>                        ( - -4.140e+04 1 0))))))INFO: dtree.c(1439): stop. leaf nodes are specific
INFO: dtree.c(1478): Final simple tree
|( QUESTION3 1 -5.217e+05 1.677e+02 2.381e+03
|    ( QUESTION0_5_R 1 -2.594e+05 9.754e+01 1.191e+03
|        ( - -2.137e+05 2 0)
|        ( - -4.553e+04 1 0))
|    ( QUESTION0_7_R 1 -2.622e+05 1.814e+02 1.190e+03
|        ( - -5.641e+04 1 0)
|        ( - -2.056e+05 4 0)))
s>    ( QUESTION3 1 -5.217e+05 1.677e+02 2.381e+03
s>        ( QUESTION0_5_R 1 -2.594e+05 9.754e+01 1.191e+03
s>            ( - -2.137e+05 2 0)
s>            ( - -4.553e+04 1 0))
s>        ( QUESTION0_7_R 1 -2.622e+05 1.814e+02 1.190e+03
s>            ( - -5.641e+04 1 0)
s>            ( - -2.056e+05 4 0)))INFO: dtree.c(1315): Comp split 2
INFO: dtree.c(1439): stop. leaf nodes are specific
INFO: dtree.c(1478): Final simple tree
|( QUESTION0_5_R 1 -4.720e+05 1.829e+03 2.144e+03
|    ( - -1.659e+05 2 0)
|    ( QUESTION0_10_R 1 -3.043e+05 6.349e+02 1.370e+03
|        ( - -1.714e+05 4 0)
|        ( SILENCE 1 -1.323e+05 4.369e+02 5.947e+02
|            ( - -4.157e+04 1 0)
|            ( QUESTION3 1 -9.026e+04 3.398e+02 4.125e+02
|                ( - -4.852e+04 1 0)
|                ( - -4.140e+04 1 0)))))
s>    ( QUESTION0_5_R 1 -4.720e+05 1.829e+03 2.144e+03
s>        ( - -1.659e+05 2 0)
s>        ( QUESTION0_10_R 1 -3.043e+05 6.349e+02 1.370e+03
s>            ( - -1.714e+05 4 0)
s>            ( SILENCE 1 -1.323e+05 4.369e+02 5.947e+02
s>                ( - -4.157e+04 1 0)
s>                ( QUESTION3 1 -9.026e+04 3.398e+02 4.125e+02
s>                    ( - -4.852e+04 1 0)
s>                    ( - -4.140e+04 1 0)))))INFO: dtree.c(1439): stop. leaf nodes are specific
INFO: dtree.c(1478): Final simple tree
|( QUESTION0_19_R 1 -6.007e+04 7.030e+02 2.733e+02
|    ( - -1.692e+04 1 0)
|    ( - -4.245e+04 1 0))
s>    ( QUESTION0_19_R 1 -6.007e+04 7.030e+02 2.733e+02
s>        ( - -1.692e+04 1 0)
s>        ( - -4.245e+04 1 0))INFO: dtree.c(1315): Comp split 3
INFO: dtree.c(1439): stop. leaf nodes are specific
INFO: dtree.c(1478): Final simple tree
|( QUESTION0_10_R 1 -6.013e+05 1.014e+03 2.550e+03
|    ( - -1.947e+05 4 0)
|    ( QUESTION0_5_R 1 -4.056e+05 6.455e+02 1.741e+03
|        ( - -2.381e+05 2 0)
|        ( QUESTION3 1 -1.668e+05 5.613e+02 7.141e+02
|            ( - -5.972e+04 1 0)
|            ( QUESTION0_4_R 1 -1.066e+05 3.062e+02 4.537e+02
|                ( - -7.244e+04 1 0)
|                ( SILENCE 1 -3.383e+04 2.575e+02 1.436e+02
|                    ( - -3.049e+04 1 0)
|                    ( - -3.079e+03 1 0))))))
s>    ( QUESTION0_10_R 1 -6.013e+05 1.014e+03 2.550e+03
s>        ( - -1.947e+05 4 0)
s>        ( QUESTION0_5_R 1 -4.056e+05 6.455e+02 1.741e+03
s>            ( - -2.381e+05 2 0)
s>            ( QUESTION3 1 -1.668e+05 5.613e+02 7.141e+02
s>                ( - -5.972e+04 1 0)
s>                ( QUESTION0_4_R 1 -1.066e+05 3.062e+02 4.537e+02
s>                    ( - -7.244e+04 1 0)
s>                    ( SILENCE 1 -3.383e+04 2.575e+02 1.436e+02
s>                        ( - -3.049e+04 1 0)
s>                        ( - -3.079e+03 1 0))))))INFO: dtree.c(1315): Comp split 4
INFO: dtree.c(1439): stop. leaf nodes are specific
INFO: dtree.c(1478): Final simple tree
|( QUESTION0_10_R 1 -3.043e+05 6.349e+02 1.370e+03
|    ( - -1.714e+05 4 0)
|    ( SILENCE 1 -1.323e+05 4.369e+02 5.947e+02
|        ( - -4.157e+04 1 0)
|        ( QUESTION3 1 -9.026e+04 3.398e+02 4.125e+02
|            ( - -4.852e+04 1 0)
|            ( - -4.140e+04 1 0))))
s>    ( QUESTION0_10_R 1 -3.043e+05 6.349e+02 1.370e+03
s>        ( - -1.714e+05 4 0)
s>        ( SILENCE 1 -1.323e+05 4.369e+02 5.947e+02
s>            ( - -4.157e+04 1 0)
s>            ( QUESTION3 1 -9.026e+04 3.398e+02 4.125e+02
s>                ( - -4.852e+04 1 0)
s>                ( - -4.140e+04 1 0))))INFO: dtree.c(1315): Comp split 5
INFO: dtree.c(1439): stop. leaf nodes are specific
INFO: dtree.c(1478): Final simple tree
|( QUESTION0_4_R 1 -1.980e+05 2.044e+02 8.226e+02
|    ( - -1.947e+05 4 0)
|    ( - -3.079e+03 1 0))
s>    ( QUESTION0_4_R 1 -1.980e+05 2.044e+02 8.226e+02
s>        ( - -1.947e+05 4 0)
s>        ( - -3.079e+03 1 0))INFO: dtree.c(1439): stop. leaf nodes are specific
INFO: dtree.c(1478): Final simple tree
|( QUESTION0_5_R 1 -4.023e+05 6.487e+02 1.727e+03
|    ( - -2.381e+05 2 0)
|    ( QUESTION3 1 -1.635e+05 6.041e+02 6.999e+02
|        ( - -5.972e+04 1 0)
|        ( SILENCE 1 -1.032e+05 3.003e+02 4.394e+02
|            ( - -3.049e+04 1 0)
|            ( - -7.244e+04 1 0))))
s>    ( QUESTION0_5_R 1 -4.023e+05 6.487e+02 1.727e+03
s>        ( - -2.381e+05 2 0)
s>        ( QUESTION3 1 -1.635e+05 6.041e+02 6.999e+02
s>            ( - -5.972e+04 1 0)
s>            ( SILENCE 1 -1.032e+05 3.003e+02 4.394e+02
s>                ( - -3.049e+04 1 0)
s>                ( - -7.244e+04 1 0))))INFO: dtree.c(1315): Comp split 6
INFO: dtree.c(1315): Comp split 7
INFO: dtree.c(1439): stop. leaf nodes are specific
INFO: dtree.c(1478): Final simple tree
|( SILENCE 1 -8.334e+04 3.744e+02 3.716e+02
|    ( - -4.157e+04 1 0)
|    ( - -4.140e+04 1 0))
s>    ( SILENCE 1 -8.334e+04 3.744e+02 3.716e+02
s>        ( - -4.157e+04 1 0)
s>        ( - -4.140e+04 1 0))INFO: dtree.c(1439): stop. leaf nodes are specific
INFO: dtree.c(1478): Final simple tree
|( QUESTION0_7_R 1 -2.203e+05 3.775e+02 9.987e+02
|    ( - -4.852e+04 1 0)
|    ( - -1.714e+05 4 0))
s>    ( QUESTION0_7_R 1 -2.203e+05 3.775e+02 9.987e+02
s>        ( - -4.852e+04 1 0)
s>        ( - -1.714e+05 4 0))INFO: dtree.c(1315): Comp split 8
INFO: dtree.c(1439): stop. leaf nodes are specific
INFO: dtree.c(1478): Final simple tree
|( QUESTION3 1 -1.635e+05 6.041e+02 6.999e+02
|    ( - -5.972e+04 1 0)
|    ( SILENCE 1 -1.032e+05 3.003e+02 4.394e+02
|        ( - -3.049e+04 1 0)
|        ( - -7.244e+04 1 0)))
s>    ( QUESTION3 1 -1.635e+05 6.041e+02 6.999e+02
s>        ( - -5.972e+04 1 0)
s>        ( SILENCE 1 -1.032e+05 3.003e+02 4.394e+02
s>            ( - -3.049e+04 1 0)
s>            ( - -7.244e+04 1 0)))INFO: dtree.c(1315): Comp split 9
INFO: dtree.c(1439): stop. leaf nodes are specific
INFO: dtree.c(1478): Final simple tree
|( SILENCE 1 -1.032e+05 3.003e+02 4.394e+02
|    ( - -3.049e+04 1 0)
|    ( - -7.244e+04 1 0))
s>    ( SILENCE 1 -1.032e+05 3.003e+02 4.394e+02
s>        ( - -3.049e+04 1 0)
s>        ( - -7.244e+04 1 0))INFO: dtree.c(1315): Comp split 10
INFO: dtree.c(1315): Comp split 11
INFO: dtree.c(1315): Comp split 12
INFO: dtree.c(1315): Comp split 13
INFO: dtree.c(1315): Comp split 14
INFO: dtree.c(1439): stop. leaf nodes are specific
INFO: dtree.c(1478): Final simple tree
|( QUESTION0_10_R 1 -4.651e+05 1.473e+02 2.128e+03
|    ( - -2.056e+05 4 0)
|    ( QUESTION0_5_R 1 -2.594e+05 9.754e+01 1.191e+03
|        ( - -2.137e+05 2 0)
|        ( - -4.553e+04 1 0)))
s>    ( QUESTION0_10_R 1 -4.651e+05 1.473e+02 2.128e+03
s>        ( - -2.056e+05 4 0)
s>        ( QUESTION0_5_R 1 -2.594e+05 9.754e+01 1.191e+03
s>            ( - -2.137e+05 2 0)
s>            ( - -4.553e+04 1 0)))INFO: dtree.c(1315): Comp split 15
INFO: dtree.c(1439): stop. leaf nodes are specific
INFO: dtree.c(1478): Final simple tree
|( QUESTION0_5_R 1 -2.594e+05 9.754e+01 1.191e+03
|    ( - -2.137e+05 2 0)
|    ( - -4.553e+04 1 0))
s>    ( QUESTION0_5_R 1 -2.594e+05 9.754e+01 1.191e+03
s>        ( - -2.137e+05 2 0)
s>        ( - -4.553e+04 1 0))INFO: dtree.c(1315): Comp split 16
INFO: dtree.c(1315): Comp split 17
INFO: dtree.c(1318): stop. leaf nodes are specific
!!!!!!!!Allocated 65 lines
Thu Apr  7 00:44:44 2016
