Current configuration:
[NAME]		[DEFLT]	[VALUE]
-allphones	no	no
-cntthresh	0.00001	1.000000e-05
-csplitmax	100	2000
-csplitmin	1	1
-csplitthr	8e-4	0.000000e+00
-example	no	no
-fullvar	no	no
-help		no	no
-meanfn			/home/nguyenvanthinh/Desktop/Git/speech recognition  demo/digit/model_parameters/digit.cd_cont_untied/means
-mixwfn			/home/nguyenvanthinh/Desktop/Git/speech recognition  demo/digit/model_parameters/digit.cd_cont_untied/mixture_weights
-moddeffn		/home/nguyenvanthinh/Desktop/Git/speech recognition  demo/digit/model_architecture/digit.untied.mdef
-mwfloor	1e-4	1.000000e-08
-phone			mz
-psetfn			/home/nguyenvanthinh/Desktop/Git/speech recognition  demo/digit/model_architecture/digit.tree_questions
-ssplitmax	5	7
-ssplitmin	1	1
-ssplitthr	8e-4	0.000000e+00
-state			0
-stwt			1.0,0.05,0.0,
-treefn			/home/nguyenvanthinh/Desktop/Git/speech recognition  demo/digit/trees/digit.unpruned/mz-0.dtree
-ts2cbfn	.semi.	.cont.
-varfloor	0.00001	1.000000e-05
-varfn			/home/nguyenvanthinh/Desktop/Git/speech recognition  demo/digit/model_parameters/digit.cd_cont_untied/variances

INFO: main.c(223): Reading: /home/nguyenvanthinh/Desktop/Git/speech recognition  demo/digit/model_architecture/digit.untied.mdef
INFO: model_def_io.c(573): Model definition info:
INFO: model_def_io.c(574): 326 total models defined (31 base, 295 tri)
INFO: model_def_io.c(575): 1304 total states
INFO: model_def_io.c(576): 978 total tied states
INFO: model_def_io.c(577): 93 total tied CI states
INFO: model_def_io.c(578): 31 total tied transition matrices
INFO: model_def_io.c(579): 4 max state/model
INFO: model_def_io.c(580): 4 min state/model
INFO: main.c(242): Building trees for [mz as SIL e] through [mz aw tr e]
INFO: main.c(269): Covering states |[489 557]| == 69
INFO: main.c(275): Reading: /home/nguyenvanthinh/Desktop/Git/speech recognition  demo/digit/model_parameters/digit.cd_cont_untied/mixture_weights
INFO: s3mixw_io.c(173): Read /home/nguyenvanthinh/Desktop/Git/speech recognition  demo/digit/model_parameters/digit.cd_cont_untied/mixture_weights [69x1x1 array]
INFO: main.c(311): 23 of 23 models have observation count greater than 0.000010
INFO: main.c(95): nrm stwt: 0.952 0.048 0.000 
INFO: s3gau_io.c(169): Read /home/nguyenvanthinh/Desktop/Git/speech recognition  demo/digit/model_parameters/digit.cd_cont_untied/means [978x1x1 array]
INFO: s3gau_io.c(169): Read /home/nguyenvanthinh/Desktop/Git/speech recognition  demo/digit/model_parameters/digit.cd_cont_untied/variances [978x1x1 array]
INFO: main.c(549): Reading: /home/nguyenvanthinh/Desktop/Git/speech recognition  demo/digit/model_architecture/digit.tree_questions
INFO: main.c(588): 172 total simple questions (164 phone; 8 word bndry)
INFO: main.c(590): 40 Left Only questions, and 40 Right Only questions
INFO: dtree.c(1478): Final simple tree
|( QUESTION3 -1 -1.491e+06 1.784e+04 6.919e+03
|    ( QUESTION0_18_R 1 -1.225e+06 2.291e+03 5.808e+03
|        ( QUESTION0_19_R 1 -1.255e+05 9.633e+02 6.128e+02
|            ( - -6.109e+04 1 0)
|            ( - -6.341e+04 1 0))
|        ( SILENCE 1 -1.097e+06 9.817e+02 5.195e+03
|            ( - -3.199e+04 1 0)
|            ( QUESTION0_4_R 1 -1.064e+06 8.890e+02 5.038e+03
|                ( - -9.974e+05 8 0 QUESTION0_10_R 1 6.613e+02 4.714e+03)
|                ( - -6.583e+04 1 0))))
|    ( QUESTION0_11_R 1 -2.486e+05 1.123e+03 1.111e+03
|        ( QUESTION0_19_R 1 -4.902e+04 7.971e+02 2.297e+02
|            ( - -1.223e+04 1 0)
|            ( - -3.599e+04 1 0))
|        ( - -1.985e+05 9 0 QUESTION0_5_R 1 3.128e+02 8.810e+02)))
s>    ( QUESTION3 -1 -1.491e+06 1.784e+04 6.919e+03
s>        ( QUESTION0_18_R 1 -1.225e+06 2.291e+03 5.808e+03
s>            ( QUESTION0_19_R 1 -1.255e+05 9.633e+02 6.128e+02
s>                ( - -6.109e+04 1 0)
s>                ( - -6.341e+04 1 0))
s>            ( SILENCE 1 -1.097e+06 9.817e+02 5.195e+03
s>                ( - -3.199e+04 1 0)
s>                ( QUESTION0_4_R 1 -1.064e+06 8.890e+02 5.038e+03
s>                    ( - -9.974e+05 8 0 QUESTION0_10_R 1 6.613e+02 4.714e+03)
s>                    ( - -6.583e+04 1 0))))
s>        ( QUESTION0_11_R 1 -2.486e+05 1.123e+03 1.111e+03
s>            ( QUESTION0_19_R 1 -4.902e+04 7.971e+02 2.297e+02
s>                ( - -1.223e+04 1 0)
s>                ( - -3.599e+04 1 0))
s>            ( - -1.985e+05 9 0 QUESTION0_5_R 1 3.128e+02 8.810e+02)))INFO: dtree.c(1315): Comp split 0
INFO: dtree.c(1478): Final simple tree
|( QUESTION0_18_R 1 -1.225e+06 2.291e+03 5.808e+03
|    ( QUESTION0_19_R 1 -1.255e+05 9.633e+02 6.128e+02
|        ( - -6.109e+04 1 0)
|        ( - -6.341e+04 1 0))
|    ( SILENCE 1 -1.097e+06 9.817e+02 5.195e+03
|        ( - -3.199e+04 1 0)
|        ( QUESTION0_4_R 1 -1.064e+06 8.890e+02 5.038e+03
|            ( QUESTION0_10_R 1 -9.974e+05 6.613e+02 4.714e+03
|                ( - -3.732e+05 4 0)
|                ( QUESTION0_5_R 1 -6.235e+05 3.894e+02 2.936e+03
|                    ( - -4.378e+05 2 0)
|                    ( QUESTION3 1 -1.853e+05 1.874e+02 8.715e+02
|                        ( - -9.280e+04 1 0)
|                        ( - -9.229e+04 1 0))))
|            ( - -6.583e+04 1 0))))
s>    ( QUESTION0_18_R 1 -1.225e+06 2.291e+03 5.808e+03
s>        ( QUESTION0_19_R 1 -1.255e+05 9.633e+02 6.128e+02
s>            ( - -6.109e+04 1 0)
s>            ( - -6.341e+04 1 0))
s>        ( SILENCE 1 -1.097e+06 9.817e+02 5.195e+03
s>            ( - -3.199e+04 1 0)
s>            ( QUESTION0_4_R 1 -1.064e+06 8.890e+02 5.038e+03
s>                ( QUESTION0_10_R 1 -9.974e+05 6.613e+02 4.714e+03
s>                    ( - -3.732e+05 4 0)
s>                    ( QUESTION0_5_R 1 -6.235e+05 3.894e+02 2.936e+03
s>                        ( - -4.378e+05 2 0)
s>                        ( QUESTION3 1 -1.853e+05 1.874e+02 8.715e+02
s>                            ( - -9.280e+04 1 0)
s>                            ( - -9.229e+04 1 0))))
s>                ( - -6.583e+04 1 0))))INFO: dtree.c(1439): stop. leaf nodes are specific
INFO: dtree.c(1478): Final simple tree
|( QUESTION0_11_R 1 -2.486e+05 1.123e+03 1.111e+03
|    ( QUESTION0_19_R 1 -4.902e+04 7.971e+02 2.297e+02
|        ( - -1.223e+04 1 0)
|        ( - -3.599e+04 1 0))
|    ( QUESTION0_5_R 1 -1.985e+05 3.128e+02 8.810e+02
|        ( - -7.198e+04 2 0)
|        ( QUESTION8 1 -1.262e+05 1.831e+02 5.605e+02
|            ( QUESTION0_7_R 1 -1.031e+05 1.735e+02 4.581e+02
|                ( - -1.888e+04 1 0)
|                ( - -8.400e+04 4 0))
|            ( SILENCE 1 -2.294e+04 1.236e+02 1.024e+02
|                ( - -9.104e+03 1 0)
|                ( - -1.371e+04 1 0)))))
s>    ( QUESTION0_11_R 1 -2.486e+05 1.123e+03 1.111e+03
s>        ( QUESTION0_19_R 1 -4.902e+04 7.971e+02 2.297e+02
s>            ( - -1.223e+04 1 0)
s>            ( - -3.599e+04 1 0))
s>        ( QUESTION0_5_R 1 -1.985e+05 3.128e+02 8.810e+02
s>            ( - -7.198e+04 2 0)
s>            ( QUESTION8 1 -1.262e+05 1.831e+02 5.605e+02
s>                ( QUESTION0_7_R 1 -1.031e+05 1.735e+02 4.581e+02
s>                    ( - -1.888e+04 1 0)
s>                    ( - -8.400e+04 4 0))
s>                ( SILENCE 1 -2.294e+04 1.236e+02 1.024e+02
s>                    ( - -9.104e+03 1 0)
s>                    ( - -1.371e+04 1 0)))))INFO: dtree.c(1315): Comp split 1
INFO: dtree.c(1439): stop. leaf nodes are specific
INFO: dtree.c(1478): Final simple tree
|( SILENCE 1 -1.097e+06 9.817e+02 5.195e+03
|    ( - -3.199e+04 1 0)
|    ( QUESTION0_4_R 1 -1.064e+06 8.890e+02 5.038e+03
|        ( QUESTION0_10_R 1 -9.974e+05 6.613e+02 4.714e+03
|            ( - -3.732e+05 4 0)
|            ( QUESTION0_5_R 1 -6.235e+05 3.894e+02 2.936e+03
|                ( - -4.378e+05 2 0)
|                ( QUESTION3 1 -1.853e+05 1.874e+02 8.715e+02
|                    ( - -9.280e+04 1 0)
|                    ( - -9.229e+04 1 0))))
|        ( - -6.583e+04 1 0)))
s>    ( SILENCE 1 -1.097e+06 9.817e+02 5.195e+03
s>        ( - -3.199e+04 1 0)
s>        ( QUESTION0_4_R 1 -1.064e+06 8.890e+02 5.038e+03
s>            ( QUESTION0_10_R 1 -9.974e+05 6.613e+02 4.714e+03
s>                ( - -3.732e+05 4 0)
s>                ( QUESTION0_5_R 1 -6.235e+05 3.894e+02 2.936e+03
s>                    ( - -4.378e+05 2 0)
s>                    ( QUESTION3 1 -1.853e+05 1.874e+02 8.715e+02
s>                        ( - -9.280e+04 1 0)
s>                        ( - -9.229e+04 1 0))))
s>            ( - -6.583e+04 1 0)))INFO: dtree.c(1439): stop. leaf nodes are specific
INFO: dtree.c(1478): Final simple tree
|( QUESTION0_19_R 1 -1.255e+05 9.633e+02 6.128e+02
|    ( - -6.109e+04 1 0)
|    ( - -6.341e+04 1 0))
s>    ( QUESTION0_19_R 1 -1.255e+05 9.633e+02 6.128e+02
s>        ( - -6.109e+04 1 0)
s>        ( - -6.341e+04 1 0))INFO: dtree.c(1315): Comp split 2
INFO: dtree.c(1439): stop. leaf nodes are specific
INFO: dtree.c(1478): Final simple tree
|( QUESTION0_5_R 1 -1.985e+05 3.128e+02 8.810e+02
|    ( - -7.198e+04 2 0)
|    ( QUESTION8 1 -1.262e+05 1.831e+02 5.605e+02
|        ( QUESTION0_7_R 1 -1.031e+05 1.735e+02 4.581e+02
|            ( - -1.888e+04 1 0)
|            ( - -8.400e+04 4 0))
|        ( SILENCE 1 -2.294e+04 1.236e+02 1.024e+02
|            ( - -9.104e+03 1 0)
|            ( - -1.371e+04 1 0))))
s>    ( QUESTION0_5_R 1 -1.985e+05 3.128e+02 8.810e+02
s>        ( - -7.198e+04 2 0)
s>        ( QUESTION8 1 -1.262e+05 1.831e+02 5.605e+02
s>            ( QUESTION0_7_R 1 -1.031e+05 1.735e+02 4.581e+02
s>                ( - -1.888e+04 1 0)
s>                ( - -8.400e+04 4 0))
s>            ( SILENCE 1 -2.294e+04 1.236e+02 1.024e+02
s>                ( - -9.104e+03 1 0)
s>                ( - -1.371e+04 1 0))))INFO: dtree.c(1439): stop. leaf nodes are specific
INFO: dtree.c(1478): Final simple tree
|( QUESTION0_19_R 1 -4.902e+04 7.971e+02 2.297e+02
|    ( - -1.223e+04 1 0)
|    ( - -3.599e+04 1 0))
s>    ( QUESTION0_19_R 1 -4.902e+04 7.971e+02 2.297e+02
s>        ( - -1.223e+04 1 0)
s>        ( - -3.599e+04 1 0))INFO: dtree.c(1315): Comp split 3
INFO: dtree.c(1439): stop. leaf nodes are specific
INFO: dtree.c(1478): Final simple tree
|( QUESTION0_4_R 1 -1.064e+06 8.890e+02 5.038e+03
|    ( QUESTION0_10_R 1 -9.974e+05 6.613e+02 4.714e+03
|        ( - -3.732e+05 4 0)
|        ( QUESTION0_5_R 1 -6.235e+05 3.894e+02 2.936e+03
|            ( - -4.378e+05 2 0)
|            ( QUESTION3 1 -1.853e+05 1.874e+02 8.715e+02
|                ( - -9.280e+04 1 0)
|                ( - -9.229e+04 1 0))))
|    ( - -6.583e+04 1 0))
s>    ( QUESTION0_4_R 1 -1.064e+06 8.890e+02 5.038e+03
s>        ( QUESTION0_10_R 1 -9.974e+05 6.613e+02 4.714e+03
s>            ( - -3.732e+05 4 0)
s>            ( QUESTION0_5_R 1 -6.235e+05 3.894e+02 2.936e+03
s>                ( - -4.378e+05 2 0)
s>                ( QUESTION3 1 -1.853e+05 1.874e+02 8.715e+02
s>                    ( - -9.280e+04 1 0)
s>                    ( - -9.229e+04 1 0))))
s>        ( - -6.583e+04 1 0))INFO: dtree.c(1315): Comp split 4
INFO: dtree.c(1315): Comp split 5
INFO: dtree.c(1439): stop. leaf nodes are specific
INFO: dtree.c(1478): Final simple tree
|( QUESTION0_10_R 1 -9.974e+05 6.613e+02 4.714e+03
|    ( - -3.732e+05 4 0)
|    ( QUESTION0_5_R 1 -6.235e+05 3.894e+02 2.936e+03
|        ( - -4.378e+05 2 0)
|        ( QUESTION3 1 -1.853e+05 1.874e+02 8.715e+02
|            ( - -9.280e+04 1 0)
|            ( - -9.229e+04 1 0))))
s>    ( QUESTION0_10_R 1 -9.974e+05 6.613e+02 4.714e+03
s>        ( - -3.732e+05 4 0)
s>        ( QUESTION0_5_R 1 -6.235e+05 3.894e+02 2.936e+03
s>            ( - -4.378e+05 2 0)
s>            ( QUESTION3 1 -1.853e+05 1.874e+02 8.715e+02
s>                ( - -9.280e+04 1 0)
s>                ( - -9.229e+04 1 0))))INFO: dtree.c(1315): Comp split 6
INFO: dtree.c(1315): Comp split 7
INFO: dtree.c(1439): stop. leaf nodes are specific
INFO: dtree.c(1478): Final simple tree
|( QUESTION0_5_R 1 -6.235e+05 3.894e+02 2.936e+03
|    ( - -4.378e+05 2 0)
|    ( QUESTION3 1 -1.853e+05 1.874e+02 8.715e+02
|        ( - -9.280e+04 1 0)
|        ( - -9.229e+04 1 0)))
s>    ( QUESTION0_5_R 1 -6.235e+05 3.894e+02 2.936e+03
s>        ( - -4.378e+05 2 0)
s>        ( QUESTION3 1 -1.853e+05 1.874e+02 8.715e+02
s>            ( - -9.280e+04 1 0)
s>            ( - -9.229e+04 1 0)))INFO: dtree.c(1315): Comp split 8
INFO: dtree.c(1439): stop. leaf nodes are specific
INFO: dtree.c(1478): Final simple tree
|( QUESTION3 1 -1.853e+05 1.874e+02 8.715e+02
|    ( - -9.280e+04 1 0)
|    ( - -9.229e+04 1 0))
s>    ( QUESTION3 1 -1.853e+05 1.874e+02 8.715e+02
s>        ( - -9.280e+04 1 0)
s>        ( - -9.229e+04 1 0))INFO: dtree.c(1315): Comp split 9
INFO: dtree.c(1439): stop. leaf nodes are specific
INFO: dtree.c(1478): Final simple tree
|( QUESTION0_10_R 1 -1.071e+05 1.703e+02 4.754e+02
|    ( - -8.400e+04 4 0)
|    ( SILENCE 1 -2.294e+04 1.236e+02 1.024e+02
|        ( - -9.104e+03 1 0)
|        ( - -1.371e+04 1 0)))
s>    ( QUESTION0_10_R 1 -1.071e+05 1.703e+02 4.754e+02
s>        ( - -8.400e+04 4 0)
s>        ( SILENCE 1 -2.294e+04 1.236e+02 1.024e+02
s>            ( - -9.104e+03 1 0)
s>            ( - -1.371e+04 1 0)))INFO: dtree.c(1439): stop. leaf nodes are specific
INFO: dtree.c(1478): Final simple tree
|( QUESTION0_5_R 1 -9.100e+04 1.392e+02 4.056e+02
|    ( - -7.198e+04 2 0)
|    ( - -1.888e+04 1 0))
s>    ( QUESTION0_5_R 1 -9.100e+04 1.392e+02 4.056e+02
s>        ( - -7.198e+04 2 0)
s>        ( - -1.888e+04 1 0))INFO: dtree.c(1315): Comp split 10
INFO: dtree.c(1315): Comp split 11
INFO: dtree.c(1439): stop. leaf nodes are specific
INFO: dtree.c(1478): Final simple tree
|( SILENCE 1 -2.294e+04 1.236e+02 1.024e+02
|    ( - -9.104e+03 1 0)
|    ( - -1.371e+04 1 0))
s>    ( SILENCE 1 -2.294e+04 1.236e+02 1.024e+02
s>        ( - -9.104e+03 1 0)
s>        ( - -1.371e+04 1 0))INFO: dtree.c(1315): Comp split 12
INFO: dtree.c(1315): Comp split 13
INFO: dtree.c(1315): Comp split 14
INFO: dtree.c(1318): stop. leaf nodes are specific
!!!!!!!!Allocated 65 lines
Thu Apr  7 00:44:44 2016
