Current configuration:
[NAME]		[DEFLT]	[VALUE]
-allphones	no	no
-cntthresh	0.00001	1.000000e-05
-csplitmax	100	2000
-csplitmin	1	1
-csplitthr	8e-4	0.000000e+00
-example	no	no
-fullvar	no	no
-help		no	no
-meanfn			/home/nguyenvanthinh/Desktop/Git/speech recognition  demo/digit/model_parameters/digit.cd_cont_untied/means
-mixwfn			/home/nguyenvanthinh/Desktop/Git/speech recognition  demo/digit/model_parameters/digit.cd_cont_untied/mixture_weights
-moddeffn		/home/nguyenvanthinh/Desktop/Git/speech recognition  demo/digit/model_architecture/digit.untied.mdef
-mwfloor	1e-4	1.000000e-08
-phone			h
-psetfn			/home/nguyenvanthinh/Desktop/Git/speech recognition  demo/digit/model_architecture/digit.tree_questions
-ssplitmax	5	7
-ssplitmin	1	1
-ssplitthr	8e-4	0.000000e+00
-state			2
-stwt			1.0,0.05,0.0,
-treefn			/home/nguyenvanthinh/Desktop/Git/speech recognition  demo/digit/trees/digit.unpruned/h-2.dtree
-ts2cbfn	.semi.	.cont.
-varfloor	0.00001	1.000000e-05
-varfn			/home/nguyenvanthinh/Desktop/Git/speech recognition  demo/digit/model_parameters/digit.cd_cont_untied/variances

INFO: main.c(223): Reading: /home/nguyenvanthinh/Desktop/Git/speech recognition  demo/digit/model_architecture/digit.untied.mdef
INFO: model_def_io.c(573): Model definition info:
INFO: model_def_io.c(574): 326 total models defined (31 base, 295 tri)
INFO: model_def_io.c(575): 1304 total states
INFO: model_def_io.c(576): 978 total tied states
INFO: model_def_io.c(577): 93 total tied CI states
INFO: model_def_io.c(578): 31 total tied transition matrices
INFO: model_def_io.c(579): 4 max state/model
INFO: model_def_io.c(580): 4 min state/model
INFO: main.c(242): Building trees for [h SIL a b] through [h uz a b]
INFO: main.c(269): Covering states |[249 275]| == 27
INFO: main.c(275): Reading: /home/nguyenvanthinh/Desktop/Git/speech recognition  demo/digit/model_parameters/digit.cd_cont_untied/mixture_weights
INFO: s3mixw_io.c(173): Read /home/nguyenvanthinh/Desktop/Git/speech recognition  demo/digit/model_parameters/digit.cd_cont_untied/mixture_weights [27x1x1 array]
INFO: main.c(311): 9 of 9 models have observation count greater than 0.000010
INFO: main.c(95): nrm stwt: 0.000 0.048 0.952 
INFO: s3gau_io.c(169): Read /home/nguyenvanthinh/Desktop/Git/speech recognition  demo/digit/model_parameters/digit.cd_cont_untied/means [978x1x1 array]
INFO: s3gau_io.c(169): Read /home/nguyenvanthinh/Desktop/Git/speech recognition  demo/digit/model_parameters/digit.cd_cont_untied/variances [978x1x1 array]
INFO: main.c(549): Reading: /home/nguyenvanthinh/Desktop/Git/speech recognition  demo/digit/model_architecture/digit.tree_questions
INFO: main.c(588): 172 total simple questions (164 phone; 8 word bndry)
INFO: main.c(590): 40 Left Only questions, and 40 Right Only questions
INFO: dtree.c(1478): Final simple tree
|( QUESTION8 -1 -5.440e+05 1.828e+03 2.488e+03
|    ( - -1.546e+05 1 0)
|    ( QUESTION19 -1 -3.876e+05 8.462e+02 1.760e+03
|        ( - -4.299e+04 1 0)
|        ( QUESTION12 -1 -3.438e+05 8.531e+02 1.558e+03
|            ( - -1.152e+05 1 0)
|            ( QUESTION10 -1 -2.277e+05 7.507e+02 1.032e+03
|                ( - -3.784e+04 1 0)
|                ( SILENCE -1 -1.891e+05 6.650e+02 8.547e+02
|                    ( - -2.694e+04 1 0)
|                    ( QUESTION2 -1 -1.615e+05 4.542e+02 7.326e+02
|                        ( - -3.701e+04 1 0)
|                        ( QUESTION0 -1 -1.241e+05 4.009e+02 5.652e+02
|                            ( - -3.985e+04 1 0)
|                            ( - -8.382e+04 2 0 QUESTION15 -1 1.360e+02 3.834e+02))))))))
s>    ( QUESTION8 -1 -5.440e+05 1.828e+03 2.488e+03
s>        ( - -1.546e+05 1 0)
s>        ( QUESTION19 -1 -3.876e+05 8.462e+02 1.760e+03
s>            ( - -4.299e+04 1 0)
s>            ( QUESTION12 -1 -3.438e+05 8.531e+02 1.558e+03
s>                ( - -1.152e+05 1 0)
s>                ( QUESTION10 -1 -2.277e+05 7.507e+02 1.032e+03
s>                    ( - -3.784e+04 1 0)
s>                    ( SILENCE -1 -1.891e+05 6.650e+02 8.547e+02
s>                        ( - -2.694e+04 1 0)
s>                        ( QUESTION2 -1 -1.615e+05 4.542e+02 7.326e+02
s>                            ( - -3.701e+04 1 0)
s>                            ( QUESTION0 -1 -1.241e+05 4.009e+02 5.652e+02
s>                                ( - -3.985e+04 1 0)
s>                                ( - -8.382e+04 2 0 QUESTION15 -1 1.360e+02 3.834e+02))))))))INFO: dtree.c(1315): Comp split 0
INFO: dtree.c(1439): stop. leaf nodes are specific
INFO: dtree.c(1478): Final simple tree
|( QUESTION12 -1 -3.438e+05 8.531e+02 1.558e+03
|    ( - -1.152e+05 1 0)
|    ( QUESTION10 -1 -2.277e+05 7.507e+02 1.032e+03
|        ( - -3.784e+04 1 0)
|        ( SILENCE -1 -1.891e+05 6.650e+02 8.547e+02
|            ( - -2.694e+04 1 0)
|            ( QUESTION2 -1 -1.615e+05 4.542e+02 7.326e+02
|                ( - -3.701e+04 1 0)
|                ( QUESTION0 -1 -1.241e+05 4.009e+02 5.652e+02
|                    ( - -3.985e+04 1 0)
|                    ( QUESTION15 -1 -8.382e+04 1.360e+02 3.834e+02
|                        ( - -8.238e+04 1 0)
|                        ( - -1.307e+03 1 0)))))))
s>    ( QUESTION12 -1 -3.438e+05 8.531e+02 1.558e+03
s>        ( - -1.152e+05 1 0)
s>        ( QUESTION10 -1 -2.277e+05 7.507e+02 1.032e+03
s>            ( - -3.784e+04 1 0)
s>            ( SILENCE -1 -1.891e+05 6.650e+02 8.547e+02
s>                ( - -2.694e+04 1 0)
s>                ( QUESTION2 -1 -1.615e+05 4.542e+02 7.326e+02
s>                    ( - -3.701e+04 1 0)
s>                    ( QUESTION0 -1 -1.241e+05 4.009e+02 5.652e+02
s>                        ( - -3.985e+04 1 0)
s>                        ( QUESTION15 -1 -8.382e+04 1.360e+02 3.834e+02
s>                            ( - -8.238e+04 1 0)
s>                            ( - -1.307e+03 1 0)))))))INFO: dtree.c(1439): stop. leaf nodes are specific
INFO: dtree.c(1478): Final simple tree
|( QUESTION2 -1 -1.980e+05 4.049e+02 9.303e+02
|    ( - -1.546e+05 1 0)
|    ( - -4.299e+04 1 0))
s>    ( QUESTION2 -1 -1.980e+05 4.049e+02 9.303e+02
s>        ( - -1.546e+05 1 0)
s>        ( - -4.299e+04 1 0))INFO: dtree.c(1315): Comp split 1
INFO: dtree.c(1439): stop. leaf nodes are specific
INFO: dtree.c(1478): Final simple tree
|( QUESTION12 -1 -1.441e+05 5.226e+02 6.542e+02
|    ( - -1.152e+05 1 0)
|    ( SILENCE -1 -2.836e+04 1.089e+02 1.281e+02
|        ( - -2.694e+04 1 0)
|        ( - -1.307e+03 1 0)))
s>    ( QUESTION12 -1 -1.441e+05 5.226e+02 6.542e+02
s>        ( - -1.152e+05 1 0)
s>        ( SILENCE -1 -2.836e+04 1.089e+02 1.281e+02
s>            ( - -2.694e+04 1 0)
s>            ( - -1.307e+03 1 0)))INFO: dtree.c(1439): stop. leaf nodes are specific
INFO: dtree.c(1478): Final simple tree
|( QUESTION10 -1 -1.987e+05 7.521e+02 9.036e+02
|    ( - -3.784e+04 1 0)
|    ( QUESTION2 -1 -1.601e+05 4.558e+02 7.266e+02
|        ( - -3.701e+04 1 0)
|        ( QUESTION0 -1 -1.226e+05 3.979e+02 5.592e+02
|            ( - -3.985e+04 1 0)
|            ( - -8.238e+04 1 0))))
s>    ( QUESTION10 -1 -1.987e+05 7.521e+02 9.036e+02
s>        ( - -3.784e+04 1 0)
s>        ( QUESTION2 -1 -1.601e+05 4.558e+02 7.266e+02
s>            ( - -3.701e+04 1 0)
s>            ( QUESTION0 -1 -1.226e+05 3.979e+02 5.592e+02
s>                ( - -3.985e+04 1 0)
s>                ( - -8.238e+04 1 0))))INFO: dtree.c(1315): Comp split 2
INFO: dtree.c(1439): stop. leaf nodes are specific
INFO: dtree.c(1478): Final simple tree
|( QUESTION2 -1 -1.601e+05 4.558e+02 7.266e+02
|    ( - -3.701e+04 1 0)
|    ( QUESTION0 -1 -1.226e+05 3.979e+02 5.592e+02
|        ( - -3.985e+04 1 0)
|        ( - -8.238e+04 1 0)))
s>    ( QUESTION2 -1 -1.601e+05 4.558e+02 7.266e+02
s>        ( - -3.701e+04 1 0)
s>        ( QUESTION0 -1 -1.226e+05 3.979e+02 5.592e+02
s>            ( - -3.985e+04 1 0)
s>            ( - -8.238e+04 1 0)))INFO: dtree.c(1315): Comp split 3
INFO: dtree.c(1439): stop. leaf nodes are specific
INFO: dtree.c(1478): Final simple tree
|( SILENCE -1 -2.836e+04 1.089e+02 1.281e+02
|    ( - -2.694e+04 1 0)
|    ( - -1.307e+03 1 0))
s>    ( SILENCE -1 -2.836e+04 1.089e+02 1.281e+02
s>        ( - -2.694e+04 1 0)
s>        ( - -1.307e+03 1 0))INFO: dtree.c(1315): Comp split 4
INFO: dtree.c(1439): stop. leaf nodes are specific
INFO: dtree.c(1478): Final simple tree
|( QUESTION0 -1 -1.226e+05 3.979e+02 5.592e+02
|    ( - -3.985e+04 1 0)
|    ( - -8.238e+04 1 0))
s>    ( QUESTION0 -1 -1.226e+05 3.979e+02 5.592e+02
s>        ( - -3.985e+04 1 0)
s>        ( - -8.238e+04 1 0))INFO: dtree.c(1315): Comp split 5
INFO: dtree.c(1315): Comp split 6
INFO: dtree.c(1315): Comp split 7
INFO: dtree.c(1315): Comp split 8
INFO: dtree.c(1318): stop. leaf nodes are specific
!!!!!!!!Allocated 65 lines
Thu Apr  7 00:44:43 2016
