Current configuration:
[NAME]		[DEFLT]	[VALUE]
-allphones	no	no
-cntthresh	0.00001	1.000000e-05
-csplitmax	100	2000
-csplitmin	1	1
-csplitthr	8e-4	0.000000e+00
-example	no	no
-fullvar	no	no
-help		no	no
-meanfn			/home/nguyenvanthinh/Desktop/Git/speech recognition  demo/digit/model_parameters/digit.cd_cont_untied/means
-mixwfn			/home/nguyenvanthinh/Desktop/Git/speech recognition  demo/digit/model_parameters/digit.cd_cont_untied/mixture_weights
-moddeffn		/home/nguyenvanthinh/Desktop/Git/speech recognition  demo/digit/model_architecture/digit.untied.mdef
-mwfloor	1e-4	1.000000e-08
-phone			n
-psetfn			/home/nguyenvanthinh/Desktop/Git/speech recognition  demo/digit/model_architecture/digit.tree_questions
-ssplitmax	5	7
-ssplitmin	1	1
-ssplitthr	8e-4	0.000000e+00
-state			1
-stwt			1.0,0.05,0.0,
-treefn			/home/nguyenvanthinh/Desktop/Git/speech recognition  demo/digit/trees/digit.unpruned/n-1.dtree
-ts2cbfn	.semi.	.cont.
-varfloor	0.00001	1.000000e-05
-varfn			/home/nguyenvanthinh/Desktop/Git/speech recognition  demo/digit/model_parameters/digit.cd_cont_untied/variances

INFO: main.c(223): Reading: /home/nguyenvanthinh/Desktop/Git/speech recognition  demo/digit/model_architecture/digit.untied.mdef
INFO: model_def_io.c(573): Model definition info:
INFO: model_def_io.c(574): 326 total models defined (31 base, 295 tri)
INFO: model_def_io.c(575): 1304 total states
INFO: model_def_io.c(576): 978 total tied states
INFO: model_def_io.c(577): 93 total tied CI states
INFO: model_def_io.c(578): 31 total tied transition matrices
INFO: model_def_io.c(579): 4 max state/model
INFO: model_def_io.c(580): 4 min state/model
INFO: main.c(242): Building trees for [n SIL aw b] through [n uz aw b]
INFO: main.c(269): Covering states |[558 584]| == 27
INFO: main.c(275): Reading: /home/nguyenvanthinh/Desktop/Git/speech recognition  demo/digit/model_parameters/digit.cd_cont_untied/mixture_weights
INFO: s3mixw_io.c(173): Read /home/nguyenvanthinh/Desktop/Git/speech recognition  demo/digit/model_parameters/digit.cd_cont_untied/mixture_weights [27x1x1 array]
INFO: main.c(311): 9 of 9 models have observation count greater than 0.000010
INFO: main.c(95): nrm stwt: 0.045 0.909 0.045 
INFO: s3gau_io.c(169): Read /home/nguyenvanthinh/Desktop/Git/speech recognition  demo/digit/model_parameters/digit.cd_cont_untied/means [978x1x1 array]
INFO: s3gau_io.c(169): Read /home/nguyenvanthinh/Desktop/Git/speech recognition  demo/digit/model_parameters/digit.cd_cont_untied/variances [978x1x1 array]
INFO: main.c(549): Reading: /home/nguyenvanthinh/Desktop/Git/speech recognition  demo/digit/model_architecture/digit.tree_questions
INFO: main.c(588): 172 total simple questions (164 phone; 8 word bndry)
INFO: main.c(590): 40 Left Only questions, and 40 Right Only questions
INFO: dtree.c(1478): Final simple tree
|( SILENCE -1 -8.529e+05 3.265e+03 3.312e+03
|    ( - -4.600e+04 1 0)
|    ( QUESTION2_6_L -1 -8.036e+05 1.371e+03 3.125e+03
|        ( - -2.234e+05 2 0 QUESTION2 -1 1.908e+02 8.243e+02)
|        ( QUESTION10 -1 -5.789e+05 8.376e+02 2.300e+03
|            ( - -4.834e+04 1 0)
|            ( QUESTION2 -1 -5.297e+05 6.802e+02 2.112e+03
|                ( - -6.977e+04 1 0)
|                ( QUESTION0 -1 -4.592e+05 4.311e+02 1.845e+03
|                    ( - -9.482e+04 1 0)
|                    ( QUESTION15 -1 -3.640e+05 4.222e+02 1.483e+03
|                        ( - -1.471e+05 1 0)
|                        ( QUESTION12 -1 -2.164e+05 1.987e+02 8.766e+02
|                            ( - -1.593e+05 1 0)
|                            ( - -5.689e+04 1 0))))))))
s>    ( SILENCE -1 -8.529e+05 3.265e+03 3.312e+03
s>        ( - -4.600e+04 1 0)
s>        ( QUESTION2_6_L -1 -8.036e+05 1.371e+03 3.125e+03
s>            ( - -2.234e+05 2 0 QUESTION2 -1 1.908e+02 8.243e+02)
s>            ( QUESTION10 -1 -5.789e+05 8.376e+02 2.300e+03
s>                ( - -4.834e+04 1 0)
s>                ( QUESTION2 -1 -5.297e+05 6.802e+02 2.112e+03
s>                    ( - -6.977e+04 1 0)
s>                    ( QUESTION0 -1 -4.592e+05 4.311e+02 1.845e+03
s>                        ( - -9.482e+04 1 0)
s>                        ( QUESTION15 -1 -3.640e+05 4.222e+02 1.483e+03
s>                            ( - -1.471e+05 1 0)
s>                            ( QUESTION12 -1 -2.164e+05 1.987e+02 8.766e+02
s>                                ( - -1.593e+05 1 0)
s>                                ( - -5.689e+04 1 0))))))))INFO: dtree.c(1315): Comp split 0
INFO: dtree.c(1478): Final simple tree
|( QUESTION2_6_L -1 -8.036e+05 1.371e+03 3.125e+03
|    ( QUESTION2 -1 -2.234e+05 1.908e+02 8.243e+02
|        ( - -2.215e+05 1 0)
|        ( - -1.647e+03 1 0))
|    ( QUESTION10 -1 -5.789e+05 8.376e+02 2.300e+03
|        ( - -4.834e+04 1 0)
|        ( QUESTION2 -1 -5.297e+05 6.802e+02 2.112e+03
|            ( - -6.977e+04 1 0)
|            ( QUESTION0 -1 -4.592e+05 4.311e+02 1.845e+03
|                ( - -9.482e+04 1 0)
|                ( QUESTION15 -1 -3.640e+05 4.222e+02 1.483e+03
|                    ( - -1.471e+05 1 0)
|                    ( QUESTION12 -1 -2.164e+05 1.987e+02 8.766e+02
|                        ( - -1.593e+05 1 0)
|                        ( - -5.689e+04 1 0)))))))
s>    ( QUESTION2_6_L -1 -8.036e+05 1.371e+03 3.125e+03
s>        ( QUESTION2 -1 -2.234e+05 1.908e+02 8.243e+02
s>            ( - -2.215e+05 1 0)
s>            ( - -1.647e+03 1 0))
s>        ( QUESTION10 -1 -5.789e+05 8.376e+02 2.300e+03
s>            ( - -4.834e+04 1 0)
s>            ( QUESTION2 -1 -5.297e+05 6.802e+02 2.112e+03
s>                ( - -6.977e+04 1 0)
s>                ( QUESTION0 -1 -4.592e+05 4.311e+02 1.845e+03
s>                    ( - -9.482e+04 1 0)
s>                    ( QUESTION15 -1 -3.640e+05 4.222e+02 1.483e+03
s>                        ( - -1.471e+05 1 0)
s>                        ( QUESTION12 -1 -2.164e+05 1.987e+02 8.766e+02
s>                            ( - -1.593e+05 1 0)
s>                            ( - -5.689e+04 1 0)))))))INFO: dtree.c(1315): Comp split 1
INFO: dtree.c(1439): stop. leaf nodes are specific
INFO: dtree.c(1478): Final simple tree
|( QUESTION2 -1 -5.297e+05 6.802e+02 2.112e+03
|    ( - -6.977e+04 1 0)
|    ( QUESTION0 -1 -4.592e+05 4.311e+02 1.845e+03
|        ( - -9.482e+04 1 0)
|        ( QUESTION15 -1 -3.640e+05 4.222e+02 1.483e+03
|            ( - -1.471e+05 1 0)
|            ( QUESTION12 -1 -2.164e+05 1.987e+02 8.766e+02
|                ( - -1.593e+05 1 0)
|                ( - -5.689e+04 1 0)))))
s>    ( QUESTION2 -1 -5.297e+05 6.802e+02 2.112e+03
s>        ( - -6.977e+04 1 0)
s>        ( QUESTION0 -1 -4.592e+05 4.311e+02 1.845e+03
s>            ( - -9.482e+04 1 0)
s>            ( QUESTION15 -1 -3.640e+05 4.222e+02 1.483e+03
s>                ( - -1.471e+05 1 0)
s>                ( QUESTION12 -1 -2.164e+05 1.987e+02 8.766e+02
s>                    ( - -1.593e+05 1 0)
s>                    ( - -5.689e+04 1 0)))))INFO: dtree.c(1439): stop. leaf nodes are specific
INFO: dtree.c(1478): Final simple tree
|( QUESTION10 -1 -2.725e+05 7.919e+02 1.013e+03
|    ( - -4.834e+04 1 0)
|    ( QUESTION2 -1 -2.234e+05 1.908e+02 8.243e+02
|        ( - -2.215e+05 1 0)
|        ( - -1.647e+03 1 0)))
s>    ( QUESTION10 -1 -2.725e+05 7.919e+02 1.013e+03
s>        ( - -4.834e+04 1 0)
s>        ( QUESTION2 -1 -2.234e+05 1.908e+02 8.243e+02
s>            ( - -2.215e+05 1 0)
s>            ( - -1.647e+03 1 0)))INFO: dtree.c(1315): Comp split 2
INFO: dtree.c(1439): stop. leaf nodes are specific
INFO: dtree.c(1478): Final simple tree
|( QUESTION2 -1 -2.234e+05 1.908e+02 8.243e+02
|    ( - -2.215e+05 1 0)
|    ( - -1.647e+03 1 0))
s>    ( QUESTION2 -1 -2.234e+05 1.908e+02 8.243e+02
s>        ( - -2.215e+05 1 0)
s>        ( - -1.647e+03 1 0))INFO: dtree.c(1315): Comp split 3
INFO: dtree.c(1439): stop. leaf nodes are specific
INFO: dtree.c(1478): Final simple tree
|( QUESTION0 -1 -4.592e+05 4.311e+02 1.845e+03
|    ( - -9.482e+04 1 0)
|    ( QUESTION15 -1 -3.640e+05 4.222e+02 1.483e+03
|        ( - -1.471e+05 1 0)
|        ( QUESTION12 -1 -2.164e+05 1.987e+02 8.766e+02
|            ( - -1.593e+05 1 0)
|            ( - -5.689e+04 1 0))))
s>    ( QUESTION0 -1 -4.592e+05 4.311e+02 1.845e+03
s>        ( - -9.482e+04 1 0)
s>        ( QUESTION15 -1 -3.640e+05 4.222e+02 1.483e+03
s>            ( - -1.471e+05 1 0)
s>            ( QUESTION12 -1 -2.164e+05 1.987e+02 8.766e+02
s>                ( - -1.593e+05 1 0)
s>                ( - -5.689e+04 1 0))))INFO: dtree.c(1315): Comp split 4
INFO: dtree.c(1439): stop. leaf nodes are specific
INFO: dtree.c(1478): Final simple tree
|( QUESTION12 -1 -2.164e+05 1.987e+02 8.766e+02
|    ( - -1.593e+05 1 0)
|    ( - -5.689e+04 1 0))
s>    ( QUESTION12 -1 -2.164e+05 1.987e+02 8.766e+02
s>        ( - -1.593e+05 1 0)
s>        ( - -5.689e+04 1 0))INFO: dtree.c(1439): stop. leaf nodes are specific
INFO: dtree.c(1478): Final simple tree
|( QUESTION0 -1 -2.424e+05 3.856e+02 9.685e+02
|    ( - -9.482e+04 1 0)
|    ( - -1.471e+05 1 0))
s>    ( QUESTION0 -1 -2.424e+05 3.856e+02 9.685e+02
s>        ( - -9.482e+04 1 0)
s>        ( - -1.471e+05 1 0))INFO: dtree.c(1315): Comp split 5
INFO: dtree.c(1315): Comp split 6
INFO: dtree.c(1315): Comp split 7
INFO: dtree.c(1315): Comp split 8
INFO: dtree.c(1318): stop. leaf nodes are specific
!!!!!!!!Allocated 65 lines
Thu Apr  7 00:44:44 2016
