Current configuration:
[NAME]		[DEFLT]	[VALUE]
-allphones	no	no
-cntthresh	0.00001	1.000000e-05
-csplitmax	100	2000
-csplitmin	1	1
-csplitthr	8e-4	0.000000e+00
-example	no	no
-fullvar	no	no
-help		no	no
-meanfn			/home/nguyenvanthinh/Desktop/Git/speech recognition  demo/digit/model_parameters/digit.cd_cont_untied/means
-mixwfn			/home/nguyenvanthinh/Desktop/Git/speech recognition  demo/digit/model_parameters/digit.cd_cont_untied/mixture_weights
-moddeffn		/home/nguyenvanthinh/Desktop/Git/speech recognition  demo/digit/model_architecture/digit.untied.mdef
-mwfloor	1e-4	1.000000e-08
-phone			m
-psetfn			/home/nguyenvanthinh/Desktop/Git/speech recognition  demo/digit/model_architecture/digit.tree_questions
-ssplitmax	5	7
-ssplitmin	1	1
-ssplitthr	8e-4	0.000000e+00
-state			2
-stwt			1.0,0.05,0.0,
-treefn			/home/nguyenvanthinh/Desktop/Git/speech recognition  demo/digit/trees/digit.unpruned/m-2.dtree
-ts2cbfn	.semi.	.cont.
-varfloor	0.00001	1.000000e-05
-varfn			/home/nguyenvanthinh/Desktop/Git/speech recognition  demo/digit/model_parameters/digit.cd_cont_untied/variances

INFO: main.c(223): Reading: /home/nguyenvanthinh/Desktop/Git/speech recognition  demo/digit/model_architecture/digit.untied.mdef
INFO: model_def_io.c(573): Model definition info:
INFO: model_def_io.c(574): 326 total models defined (31 base, 295 tri)
INFO: model_def_io.c(575): 1304 total states
INFO: model_def_io.c(576): 978 total tied states
INFO: model_def_io.c(577): 93 total tied CI states
INFO: model_def_io.c(578): 31 total tied transition matrices
INFO: model_def_io.c(579): 4 max state/model
INFO: model_def_io.c(580): 4 min state/model
INFO: main.c(242): Building trees for [m SIL ooj b] through [m uz uw b]
INFO: main.c(269): Covering states |[432 488]| == 57
INFO: main.c(275): Reading: /home/nguyenvanthinh/Desktop/Git/speech recognition  demo/digit/model_parameters/digit.cd_cont_untied/mixture_weights
INFO: s3mixw_io.c(173): Read /home/nguyenvanthinh/Desktop/Git/speech recognition  demo/digit/model_parameters/digit.cd_cont_untied/mixture_weights [57x1x1 array]
INFO: main.c(311): 19 of 19 models have observation count greater than 0.000010
INFO: main.c(95): nrm stwt: 0.000 0.048 0.952 
INFO: s3gau_io.c(169): Read /home/nguyenvanthinh/Desktop/Git/speech recognition  demo/digit/model_parameters/digit.cd_cont_untied/means [978x1x1 array]
INFO: s3gau_io.c(169): Read /home/nguyenvanthinh/Desktop/Git/speech recognition  demo/digit/model_parameters/digit.cd_cont_untied/variances [978x1x1 array]
INFO: main.c(549): Reading: /home/nguyenvanthinh/Desktop/Git/speech recognition  demo/digit/model_architecture/digit.tree_questions
INFO: main.c(588): 172 total simple questions (164 phone; 8 word bndry)
INFO: main.c(590): 40 Left Only questions, and 40 Right Only questions
INFO: dtree.c(1478): Final simple tree
|( QUESTION12 1 -7.351e+05 4.200e+03 3.355e+03
|    ( QUESTION15 -1 -6.290e+05 8.988e+02 2.908e+03
|        ( - -1.200e+05 1 0)
|        ( SILENCE -1 -5.081e+05 6.914e+02 2.348e+03
|            ( - -3.035e+04 1 0)
|            ( QUESTION12 -1 -4.770e+05 7.252e+02 2.207e+03
|                ( - -1.136e+05 1 0)
|                ( QUESTION9 -1 -3.627e+05 5.133e+02 1.678e+03
|                    ( - -1.283e+05 2 0 QUESTION10 -1 3.912e+02 5.956e+02)
|                    ( - -2.339e+05 3 0 QUESTION3 -1 5.313e+02 1.082e+03)))))
|    ( QUESTION0_14_R 1 -1.019e+05 2.271e+03 4.471e+02
|        ( QUESTION9 -1 -5.375e+04 5.572e+02 2.382e+02
|            ( - -1.581e+04 4 0 QUESTION16 -1 4.746e+02 6.983e+01)
|            ( - -3.739e+04 2 0 QUESTION0 -1 1.569e+02 1.684e+02))
|        ( - -4.587e+04 5 0 QUESTION11 -1 2.843e+02 2.089e+02)))
s>    ( QUESTION12 1 -7.351e+05 4.200e+03 3.355e+03
s>        ( QUESTION15 -1 -6.290e+05 8.988e+02 2.908e+03
s>            ( - -1.200e+05 1 0)
s>            ( SILENCE -1 -5.081e+05 6.914e+02 2.348e+03
s>                ( - -3.035e+04 1 0)
s>                ( QUESTION12 -1 -4.770e+05 7.252e+02 2.207e+03
s>                    ( - -1.136e+05 1 0)
s>                    ( QUESTION9 -1 -3.627e+05 5.133e+02 1.678e+03
s>                        ( - -1.283e+05 2 0 QUESTION10 -1 3.912e+02 5.956e+02)
s>                        ( - -2.339e+05 3 0 QUESTION3 -1 5.313e+02 1.082e+03)))))
s>        ( QUESTION0_14_R 1 -1.019e+05 2.271e+03 4.471e+02
s>            ( QUESTION9 -1 -5.375e+04 5.572e+02 2.382e+02
s>                ( - -1.581e+04 4 0 QUESTION16 -1 4.746e+02 6.983e+01)
s>                ( - -3.739e+04 2 0 QUESTION0 -1 1.569e+02 1.684e+02))
s>            ( - -4.587e+04 5 0 QUESTION11 -1 2.843e+02 2.089e+02)))INFO: dtree.c(1315): Comp split 0
INFO: dtree.c(1478): Final simple tree
|( QUESTION15 -1 -6.290e+05 8.988e+02 2.908e+03
|    ( - -1.200e+05 1 0)
|    ( SILENCE -1 -5.081e+05 6.914e+02 2.348e+03
|        ( - -3.035e+04 1 0)
|        ( QUESTION12 -1 -4.770e+05 7.252e+02 2.207e+03
|            ( - -1.136e+05 1 0)
|            ( QUESTION9 -1 -3.627e+05 5.133e+02 1.678e+03
|                ( QUESTION10 -1 -1.283e+05 3.912e+02 5.956e+02
|                    ( - -5.911e+04 1 0)
|                    ( - -6.884e+04 1 0))
|                ( QUESTION3 -1 -2.339e+05 5.313e+02 1.082e+03
|                    ( - -6.269e+04 1 0)
|                    ( QUESTION0 -1 -1.706e+05 2.339e+02 7.912e+02
|                        ( - -6.198e+04 1 0)
|                        ( - -1.084e+05 1 0)))))))
s>    ( QUESTION15 -1 -6.290e+05 8.988e+02 2.908e+03
s>        ( - -1.200e+05 1 0)
s>        ( SILENCE -1 -5.081e+05 6.914e+02 2.348e+03
s>            ( - -3.035e+04 1 0)
s>            ( QUESTION12 -1 -4.770e+05 7.252e+02 2.207e+03
s>                ( - -1.136e+05 1 0)
s>                ( QUESTION9 -1 -3.627e+05 5.133e+02 1.678e+03
s>                    ( QUESTION10 -1 -1.283e+05 3.912e+02 5.956e+02
s>                        ( - -5.911e+04 1 0)
s>                        ( - -6.884e+04 1 0))
s>                    ( QUESTION3 -1 -2.339e+05 5.313e+02 1.082e+03
s>                        ( - -6.269e+04 1 0)
s>                        ( QUESTION0 -1 -1.706e+05 2.339e+02 7.912e+02
s>                            ( - -6.198e+04 1 0)
s>                            ( - -1.084e+05 1 0)))))))INFO: dtree.c(1478): Final simple tree
|( QUESTION0_14_R 1 -1.019e+05 2.271e+03 4.471e+02
|    ( QUESTION9 -1 -5.375e+04 5.572e+02 2.382e+02
|        ( QUESTION16 -1 -1.581e+04 4.746e+02 6.983e+01
|            ( - 2.426e+02 1 0)
|            ( QUESTION10 -1 -1.558e+04 4.860e+02 6.883e+01
|                ( - -5.909e+03 1 0)
|                ( QUESTION12 -1 -9.183e+03 1.696e+02 4.174e+01
|                    ( - -4.048e+03 1 0)
|                    ( - -4.966e+03 1 0))))
|        ( - -3.739e+04 2 0 QUESTION0 -1 1.569e+02 1.684e+02))
|    ( QUESTION11 -1 -4.587e+04 2.843e+02 2.089e+02
|        ( - -1.817e+04 2 0 QUESTION12 -1 1.476e+02 8.475e+01)
|        ( QUESTION2 -1 -2.741e+04 2.574e+02 1.241e+02
|            ( - -1.315e+04 1 0)
|            ( - -1.400e+04 2 0 QUESTION0 -1 1.367e+02 6.412e+01))))
s>    ( QUESTION0_14_R 1 -1.019e+05 2.271e+03 4.471e+02
s>        ( QUESTION9 -1 -5.375e+04 5.572e+02 2.382e+02
s>            ( QUESTION16 -1 -1.581e+04 4.746e+02 6.983e+01
s>                ( - 2.426e+02 1 0)
s>                ( QUESTION10 -1 -1.558e+04 4.860e+02 6.883e+01
s>                    ( - -5.909e+03 1 0)
s>                    ( QUESTION12 -1 -9.183e+03 1.696e+02 4.174e+01
s>                        ( - -4.048e+03 1 0)
s>                        ( - -4.966e+03 1 0))))
s>            ( - -3.739e+04 2 0 QUESTION0 -1 1.569e+02 1.684e+02))
s>        ( QUESTION11 -1 -4.587e+04 2.843e+02 2.089e+02
s>            ( - -1.817e+04 2 0 QUESTION12 -1 1.476e+02 8.475e+01)
s>            ( QUESTION2 -1 -2.741e+04 2.574e+02 1.241e+02
s>                ( - -1.315e+04 1 0)
s>                ( - -1.400e+04 2 0 QUESTION0 -1 1.367e+02 6.412e+01))))INFO: dtree.c(1315): Comp split 1
INFO: dtree.c(1439): stop. leaf nodes are specific
INFO: dtree.c(1478): Final simple tree
|( QUESTION9 -1 -5.375e+04 5.572e+02 2.382e+02
|    ( QUESTION16 -1 -1.581e+04 4.746e+02 6.983e+01
|        ( - 2.426e+02 1 0)
|        ( QUESTION10 -1 -1.558e+04 4.860e+02 6.883e+01
|            ( - -5.909e+03 1 0)
|            ( QUESTION12 -1 -9.183e+03 1.696e+02 4.174e+01
|                ( - -4.048e+03 1 0)
|                ( - -4.966e+03 1 0))))
|    ( QUESTION0 -1 -3.739e+04 1.569e+02 1.684e+02
|        ( - -3.176e+03 1 0)
|        ( - -3.405e+04 1 0)))
s>    ( QUESTION9 -1 -5.375e+04 5.572e+02 2.382e+02
s>        ( QUESTION16 -1 -1.581e+04 4.746e+02 6.983e+01
s>            ( - 2.426e+02 1 0)
s>            ( QUESTION10 -1 -1.558e+04 4.860e+02 6.883e+01
s>                ( - -5.909e+03 1 0)
s>                ( QUESTION12 -1 -9.183e+03 1.696e+02 4.174e+01
s>                    ( - -4.048e+03 1 0)
s>                    ( - -4.966e+03 1 0))))
s>        ( QUESTION0 -1 -3.739e+04 1.569e+02 1.684e+02
s>            ( - -3.176e+03 1 0)
s>            ( - -3.405e+04 1 0)))INFO: dtree.c(1439): stop. leaf nodes are specific
INFO: dtree.c(1478): Final simple tree
|( QUESTION11 -1 -4.587e+04 2.843e+02 2.089e+02
|    ( QUESTION12 -1 -1.817e+04 1.476e+02 8.475e+01
|        ( - -1.008e+04 1 0)
|        ( - -7.939e+03 1 0))
|    ( QUESTION2 -1 -2.741e+04 2.574e+02 1.241e+02
|        ( - -1.315e+04 1 0)
|        ( QUESTION0 -1 -1.400e+04 1.367e+02 6.412e+01
|            ( - -7.967e+03 1 0)
|            ( - -5.901e+03 1 0))))
s>    ( QUESTION11 -1 -4.587e+04 2.843e+02 2.089e+02
s>        ( QUESTION12 -1 -1.817e+04 1.476e+02 8.475e+01
s>            ( - -1.008e+04 1 0)
s>            ( - -7.939e+03 1 0))
s>        ( QUESTION2 -1 -2.741e+04 2.574e+02 1.241e+02
s>            ( - -1.315e+04 1 0)
s>            ( QUESTION0 -1 -1.400e+04 1.367e+02 6.412e+01
s>                ( - -7.967e+03 1 0)
s>                ( - -5.901e+03 1 0))))INFO: dtree.c(1315): Comp split 2
INFO: dtree.c(1439): stop. leaf nodes are specific
INFO: dtree.c(1478): Final simple tree
|( QUESTION15 -1 -4.835e+05 7.339e+02 2.237e+03
|    ( - -1.200e+05 1 0)
|    ( QUESTION9 -1 -3.627e+05 5.133e+02 1.678e+03
|        ( QUESTION10 -1 -1.283e+05 3.912e+02 5.956e+02
|            ( - -5.911e+04 1 0)
|            ( - -6.884e+04 1 0))
|        ( QUESTION3 -1 -2.339e+05 5.313e+02 1.082e+03
|            ( - -6.269e+04 1 0)
|            ( QUESTION0 -1 -1.706e+05 2.339e+02 7.912e+02
|                ( - -6.198e+04 1 0)
|                ( - -1.084e+05 1 0)))))
s>    ( QUESTION15 -1 -4.835e+05 7.339e+02 2.237e+03
s>        ( - -1.200e+05 1 0)
s>        ( QUESTION9 -1 -3.627e+05 5.133e+02 1.678e+03
s>            ( QUESTION10 -1 -1.283e+05 3.912e+02 5.956e+02
s>                ( - -5.911e+04 1 0)
s>                ( - -6.884e+04 1 0))
s>            ( QUESTION3 -1 -2.339e+05 5.313e+02 1.082e+03
s>                ( - -6.269e+04 1 0)
s>                ( QUESTION0 -1 -1.706e+05 2.339e+02 7.912e+02
s>                    ( - -6.198e+04 1 0)
s>                    ( - -1.084e+05 1 0)))))INFO: dtree.c(1439): stop. leaf nodes are specific
INFO: dtree.c(1478): Final simple tree
|( SILENCE -1 -1.444e+05 4.511e+02 6.703e+02
|    ( - -3.035e+04 1 0)
|    ( - -1.136e+05 1 0))
s>    ( SILENCE -1 -1.444e+05 4.511e+02 6.703e+02
s>        ( - -3.035e+04 1 0)
s>        ( - -1.136e+05 1 0))INFO: dtree.c(1315): Comp split 3
INFO: dtree.c(1439): stop. leaf nodes are specific
INFO: dtree.c(1478): Final simple tree
|( QUESTION2 -1 -1.915e+05 4.258e+02 8.866e+02
|    ( - -6.269e+04 1 0)
|    ( QUESTION10 -1 -1.283e+05 3.912e+02 5.956e+02
|        ( - -5.911e+04 1 0)
|        ( - -6.884e+04 1 0)))
s>    ( QUESTION2 -1 -1.915e+05 4.258e+02 8.866e+02
s>        ( - -6.269e+04 1 0)
s>        ( QUESTION10 -1 -1.283e+05 3.912e+02 5.956e+02
s>            ( - -5.911e+04 1 0)
s>            ( - -6.884e+04 1 0)))INFO: dtree.c(1439): stop. leaf nodes are specific
INFO: dtree.c(1478): Final simple tree
|( QUESTION9 -1 -2.912e+05 5.830e+02 1.351e+03
|    ( - -1.200e+05 1 0)
|    ( QUESTION0 -1 -1.706e+05 2.339e+02 7.912e+02
|        ( - -6.198e+04 1 0)
|        ( - -1.084e+05 1 0)))
s>    ( QUESTION9 -1 -2.912e+05 5.830e+02 1.351e+03
s>        ( - -1.200e+05 1 0)
s>        ( QUESTION0 -1 -1.706e+05 2.339e+02 7.912e+02
s>            ( - -6.198e+04 1 0)
s>            ( - -1.084e+05 1 0)))INFO: dtree.c(1315): Comp split 4
INFO: dtree.c(1439): stop. leaf nodes are specific
INFO: dtree.c(1478): Final simple tree
|( QUESTION0 -1 -1.706e+05 2.339e+02 7.912e+02
|    ( - -6.198e+04 1 0)
|    ( - -1.084e+05 1 0))
s>    ( QUESTION0 -1 -1.706e+05 2.339e+02 7.912e+02
s>        ( - -6.198e+04 1 0)
s>        ( - -1.084e+05 1 0))INFO: dtree.c(1315): Comp split 5
INFO: dtree.c(1439): stop. leaf nodes are specific
INFO: dtree.c(1478): Final simple tree
|( QUESTION16 -1 -1.581e+04 4.746e+02 6.983e+01
|    ( - 2.426e+02 1 0)
|    ( QUESTION10 -1 -1.558e+04 4.860e+02 6.883e+01
|        ( - -5.909e+03 1 0)
|        ( QUESTION12 -1 -9.183e+03 1.696e+02 4.174e+01
|            ( - -4.048e+03 1 0)
|            ( - -4.966e+03 1 0))))
s>    ( QUESTION16 -1 -1.581e+04 4.746e+02 6.983e+01
s>        ( - 2.426e+02 1 0)
s>        ( QUESTION10 -1 -1.558e+04 4.860e+02 6.883e+01
s>            ( - -5.909e+03 1 0)
s>            ( QUESTION12 -1 -9.183e+03 1.696e+02 4.174e+01
s>                ( - -4.048e+03 1 0)
s>                ( - -4.966e+03 1 0))))INFO: dtree.c(1439): stop. leaf nodes are specific
INFO: dtree.c(1478): Final simple tree
|( QUESTION0 -1 -3.739e+04 1.569e+02 1.684e+02
|    ( - -3.176e+03 1 0)
|    ( - -3.405e+04 1 0))
s>    ( QUESTION0 -1 -3.739e+04 1.569e+02 1.684e+02
s>        ( - -3.176e+03 1 0)
s>        ( - -3.405e+04 1 0))INFO: dtree.c(1315): Comp split 6
INFO: dtree.c(1439): stop. leaf nodes are specific
INFO: dtree.c(1478): Final simple tree
|( QUESTION12 -1 -9.183e+03 1.696e+02 4.174e+01
|    ( - -4.048e+03 1 0)
|    ( - -4.966e+03 1 0))
s>    ( QUESTION12 -1 -9.183e+03 1.696e+02 4.174e+01
s>        ( - -4.048e+03 1 0)
s>        ( - -4.966e+03 1 0))INFO: dtree.c(1439): stop. leaf nodes are specific
INFO: dtree.c(1478): Final simple tree
|( QUESTION10 -1 -6.141e+03 4.747e+02 2.809e+01
|    ( - -5.909e+03 1 0)
|    ( - 2.426e+02 1 0))
s>    ( QUESTION10 -1 -6.141e+03 4.747e+02 2.809e+01
s>        ( - -5.909e+03 1 0)
s>        ( - 2.426e+02 1 0))INFO: dtree.c(1315): Comp split 7
INFO: dtree.c(1315): Comp split 8
INFO: dtree.c(1315): Comp split 9
INFO: dtree.c(1439): stop. leaf nodes are specific
INFO: dtree.c(1478): Final simple tree
|( QUESTION10 -1 -1.283e+05 3.912e+02 5.956e+02
|    ( - -5.911e+04 1 0)
|    ( - -6.884e+04 1 0))
s>    ( QUESTION10 -1 -1.283e+05 3.912e+02 5.956e+02
s>        ( - -5.911e+04 1 0)
s>        ( - -6.884e+04 1 0))INFO: dtree.c(1315): Comp split 10
INFO: dtree.c(1315): Comp split 11
INFO: dtree.c(1439): stop. leaf nodes are specific
INFO: dtree.c(1478): Final simple tree
|( QUESTION0 -1 -1.400e+04 1.367e+02 6.412e+01
|    ( - -7.967e+03 1 0)
|    ( - -5.901e+03 1 0))
s>    ( QUESTION0 -1 -1.400e+04 1.367e+02 6.412e+01
s>        ( - -7.967e+03 1 0)
s>        ( - -5.901e+03 1 0))INFO: dtree.c(1439): stop. leaf nodes are specific
INFO: dtree.c(1478): Final simple tree
|( QUESTION2 -1 -3.152e+04 2.018e+02 1.447e+02
|    ( - -1.315e+04 1 0)
|    ( QUESTION12 -1 -1.817e+04 1.476e+02 8.475e+01
|        ( - -1.008e+04 1 0)
|        ( - -7.939e+03 1 0)))
s>    ( QUESTION2 -1 -3.152e+04 2.018e+02 1.447e+02
s>        ( - -1.315e+04 1 0)
s>        ( QUESTION12 -1 -1.817e+04 1.476e+02 8.475e+01
s>            ( - -1.008e+04 1 0)
s>            ( - -7.939e+03 1 0)))INFO: dtree.c(1315): Comp split 12
INFO: dtree.c(1315): Comp split 13
INFO: dtree.c(1439): stop. leaf nodes are specific
INFO: dtree.c(1478): Final simple tree
|( QUESTION12 -1 -1.817e+04 1.476e+02 8.475e+01
|    ( - -1.008e+04 1 0)
|    ( - -7.939e+03 1 0))
s>    ( QUESTION12 -1 -1.817e+04 1.476e+02 8.475e+01
s>        ( - -1.008e+04 1 0)
s>        ( - -7.939e+03 1 0))INFO: dtree.c(1315): Comp split 14
INFO: dtree.c(1315): Comp split 15
INFO: dtree.c(1315): Comp split 16
INFO: dtree.c(1315): Comp split 17
INFO: dtree.c(1315): Comp split 18
INFO: dtree.c(1318): stop. leaf nodes are specific
!!!!!!!!Allocated 65 lines
Thu Apr  7 00:44:42 2016
