Current configuration:
[NAME]		[DEFLT]	[VALUE]
-allphones	no	no
-cntthresh	0.00001	1.000000e-05
-csplitmax	100	2000
-csplitmin	1	1
-csplitthr	8e-4	0.000000e+00
-example	no	no
-fullvar	no	no
-help		no	no
-meanfn			/home/nguyenvanthinh/Desktop/Git/speech recognition  demo/digit/model_parameters/digit.cd_cont_untied/means
-mixwfn			/home/nguyenvanthinh/Desktop/Git/speech recognition  demo/digit/model_parameters/digit.cd_cont_untied/mixture_weights
-moddeffn		/home/nguyenvanthinh/Desktop/Git/speech recognition  demo/digit/model_architecture/digit.untied.mdef
-mwfloor	1e-4	1.000000e-08
-phone			tr
-psetfn			/home/nguyenvanthinh/Desktop/Git/speech recognition  demo/digit/model_architecture/digit.tree_questions
-ssplitmax	5	7
-ssplitmin	1	1
-ssplitthr	8e-4	0.000000e+00
-state			1
-stwt			1.0,0.05,0.0,
-treefn			/home/nguyenvanthinh/Desktop/Git/speech recognition  demo/digit/trees/digit.unpruned/tr-1.dtree
-ts2cbfn	.semi.	.cont.
-varfloor	0.00001	1.000000e-05
-varfn			/home/nguyenvanthinh/Desktop/Git/speech recognition  demo/digit/model_parameters/digit.cd_cont_untied/variances

INFO: main.c(223): Reading: /home/nguyenvanthinh/Desktop/Git/speech recognition  demo/digit/model_architecture/digit.untied.mdef
INFO: model_def_io.c(573): Model definition info:
INFO: model_def_io.c(574): 326 total models defined (31 base, 295 tri)
INFO: model_def_io.c(575): 1304 total states
INFO: model_def_io.c(576): 978 total tied states
INFO: model_def_io.c(577): 93 total tied CI states
INFO: model_def_io.c(578): 31 total tied transition matrices
INFO: model_def_io.c(579): 4 max state/model
INFO: model_def_io.c(580): 4 min state/model
INFO: main.c(242): Building trees for [tr a aw b] through [tr uz aw b]
INFO: main.c(269): Covering states |[891 911]| == 21
INFO: main.c(275): Reading: /home/nguyenvanthinh/Desktop/Git/speech recognition  demo/digit/model_parameters/digit.cd_cont_untied/mixture_weights
INFO: s3mixw_io.c(173): Read /home/nguyenvanthinh/Desktop/Git/speech recognition  demo/digit/model_parameters/digit.cd_cont_untied/mixture_weights [21x1x1 array]
INFO: main.c(311): 7 of 7 models have observation count greater than 0.000010
INFO: main.c(95): nrm stwt: 0.045 0.909 0.045 
INFO: s3gau_io.c(169): Read /home/nguyenvanthinh/Desktop/Git/speech recognition  demo/digit/model_parameters/digit.cd_cont_untied/means [978x1x1 array]
INFO: s3gau_io.c(169): Read /home/nguyenvanthinh/Desktop/Git/speech recognition  demo/digit/model_parameters/digit.cd_cont_untied/variances [978x1x1 array]
INFO: main.c(549): Reading: /home/nguyenvanthinh/Desktop/Git/speech recognition  demo/digit/model_architecture/digit.tree_questions
INFO: main.c(588): 172 total simple questions (164 phone; 8 word bndry)
INFO: main.c(590): 40 Left Only questions, and 40 Right Only questions
INFO: dtree.c(1439): stop. leaf nodes are specific
INFO: dtree.c(1478): Final simple tree
|( QUESTION10 -1 -3.840e+05 5.061e+03 1.625e+03
|    ( - -4.930e+04 1 0)
|    ( QUESTION0 -1 -3.297e+05 5.801e+03 1.404e+03
|        ( - -4.697e+04 1 0)
|        ( QUESTION8 -1 -2.769e+05 2.388e+03 1.196e+03
|            ( - -9.282e+04 1 0)
|            ( QUESTION12 -1 -1.817e+05 1.935e+03 7.834e+02
|                ( - -6.908e+04 1 0)
|                ( QUESTION16 -1 -1.107e+05 1.324e+03 4.761e+02
|                    ( - -2.271e+04 1 0)
|                    ( QUESTION2 -1 -8.663e+04 8.056e+02 3.756e+02
|                        ( - -4.068e+04 1 0)
|                        ( - -4.514e+04 1 0)))))))
s>    ( QUESTION10 -1 -3.840e+05 5.061e+03 1.625e+03
s>        ( - -4.930e+04 1 0)
s>        ( QUESTION0 -1 -3.297e+05 5.801e+03 1.404e+03
s>            ( - -4.697e+04 1 0)
s>            ( QUESTION8 -1 -2.769e+05 2.388e+03 1.196e+03
s>                ( - -9.282e+04 1 0)
s>                ( QUESTION12 -1 -1.817e+05 1.935e+03 7.834e+02
s>                    ( - -6.908e+04 1 0)
s>                    ( QUESTION16 -1 -1.107e+05 1.324e+03 4.761e+02
s>                        ( - -2.271e+04 1 0)
s>                        ( QUESTION2 -1 -8.663e+04 8.056e+02 3.756e+02
s>                            ( - -4.068e+04 1 0)
s>                            ( - -4.514e+04 1 0)))))))INFO: dtree.c(1315): Comp split 0
INFO: dtree.c(1439): stop. leaf nodes are specific
INFO: dtree.c(1478): Final simple tree
|( QUESTION8 -1 -2.769e+05 2.388e+03 1.196e+03
|    ( - -9.282e+04 1 0)
|    ( QUESTION12 -1 -1.817e+05 1.935e+03 7.834e+02
|        ( - -6.908e+04 1 0)
|        ( QUESTION16 -1 -1.107e+05 1.324e+03 4.761e+02
|            ( - -2.271e+04 1 0)
|            ( QUESTION2 -1 -8.663e+04 8.056e+02 3.756e+02
|                ( - -4.068e+04 1 0)
|                ( - -4.514e+04 1 0)))))
s>    ( QUESTION8 -1 -2.769e+05 2.388e+03 1.196e+03
s>        ( - -9.282e+04 1 0)
s>        ( QUESTION12 -1 -1.817e+05 1.935e+03 7.834e+02
s>            ( - -6.908e+04 1 0)
s>            ( QUESTION16 -1 -1.107e+05 1.324e+03 4.761e+02
s>                ( - -2.271e+04 1 0)
s>                ( QUESTION2 -1 -8.663e+04 8.056e+02 3.756e+02
s>                    ( - -4.068e+04 1 0)
s>                    ( - -4.514e+04 1 0)))))INFO: dtree.c(1439): stop. leaf nodes are specific
INFO: dtree.c(1478): Final simple tree
|( QUESTION0 -1 -9.967e+04 3.396e+03 4.293e+02
|    ( - -4.697e+04 1 0)
|    ( - -4.930e+04 1 0))
s>    ( QUESTION0 -1 -9.967e+04 3.396e+03 4.293e+02
s>        ( - -4.697e+04 1 0)
s>        ( - -4.930e+04 1 0))INFO: dtree.c(1315): Comp split 1
INFO: dtree.c(1439): stop. leaf nodes are specific
INFO: dtree.c(1478): Final simple tree
|( QUESTION2 -1 -8.663e+04 8.056e+02 3.756e+02
|    ( - -4.068e+04 1 0)
|    ( - -4.514e+04 1 0))
s>    ( QUESTION2 -1 -8.663e+04 8.056e+02 3.756e+02
s>        ( - -4.068e+04 1 0)
s>        ( - -4.514e+04 1 0))INFO: dtree.c(1439): stop. leaf nodes are specific
INFO: dtree.c(1478): Final simple tree
|( QUESTION2 -1 -1.868e+05 1.509e+03 8.204e+02
|    ( - -9.282e+04 1 0)
|    ( QUESTION12 -1 -9.249e+04 6.923e+02 4.078e+02
|        ( - -6.908e+04 1 0)
|        ( - -2.271e+04 1 0)))
s>    ( QUESTION2 -1 -1.868e+05 1.509e+03 8.204e+02
s>        ( - -9.282e+04 1 0)
s>        ( QUESTION12 -1 -9.249e+04 6.923e+02 4.078e+02
s>            ( - -6.908e+04 1 0)
s>            ( - -2.271e+04 1 0)))INFO: dtree.c(1315): Comp split 2
INFO: dtree.c(1315): Comp split 3
INFO: dtree.c(1439): stop. leaf nodes are specific
INFO: dtree.c(1478): Final simple tree
|( QUESTION12 -1 -9.249e+04 6.923e+02 4.078e+02
|    ( - -6.908e+04 1 0)
|    ( - -2.271e+04 1 0))
s>    ( QUESTION12 -1 -9.249e+04 6.923e+02 4.078e+02
s>        ( - -6.908e+04 1 0)
s>        ( - -2.271e+04 1 0))INFO: dtree.c(1315): Comp split 4
INFO: dtree.c(1315): Comp split 5
INFO: dtree.c(1315): Comp split 6
INFO: dtree.c(1318): stop. leaf nodes are specific
!!!!!!!!Allocated 65 lines
Thu Apr  7 00:44:45 2016
