Current configuration:
[NAME]		[DEFLT]	[VALUE]
-allphones	no	no
-cntthresh	0.00001	1.000000e-05
-csplitmax	100	2000
-csplitmin	1	1
-csplitthr	8e-4	0.000000e+00
-example	no	no
-fullvar	no	no
-help		no	no
-meanfn			/home/nguyenvanthinh/Desktop/Git/speech recognition  demo/digit/model_parameters/digit.cd_cont_untied/means
-mixwfn			/home/nguyenvanthinh/Desktop/Git/speech recognition  demo/digit/model_parameters/digit.cd_cont_untied/mixture_weights
-moddeffn		/home/nguyenvanthinh/Desktop/Git/speech recognition  demo/digit/model_architecture/digit.untied.mdef
-mwfloor	1e-4	1.000000e-08
-phone			ng
-psetfn			/home/nguyenvanthinh/Desktop/Git/speech recognition  demo/digit/model_architecture/digit.tree_questions
-ssplitmax	5	7
-ssplitmin	1	1
-ssplitthr	8e-4	0.000000e+00
-state			0
-stwt			1.0,0.05,0.0,
-treefn			/home/nguyenvanthinh/Desktop/Git/speech recognition  demo/digit/trees/digit.unpruned/ng-0.dtree
-ts2cbfn	.semi.	.cont.
-varfloor	0.00001	1.000000e-05
-varfn			/home/nguyenvanthinh/Desktop/Git/speech recognition  demo/digit/model_parameters/digit.cd_cont_untied/variances

INFO: main.c(223): Reading: /home/nguyenvanthinh/Desktop/Git/speech recognition  demo/digit/model_architecture/digit.untied.mdef
INFO: model_def_io.c(573): Model definition info:
INFO: model_def_io.c(574): 326 total models defined (31 base, 295 tri)
INFO: model_def_io.c(575): 1304 total states
INFO: model_def_io.c(576): 978 total tied states
INFO: model_def_io.c(577): 93 total tied CI states
INFO: model_def_io.c(578): 31 total tied transition matrices
INFO: model_def_io.c(579): 4 max state/model
INFO: model_def_io.c(580): 4 min state/model
INFO: main.c(242): Building trees for [ng a if b] through [ng uz if b]
INFO: main.c(269): Covering states |[585 605]| == 21
INFO: main.c(275): Reading: /home/nguyenvanthinh/Desktop/Git/speech recognition  demo/digit/model_parameters/digit.cd_cont_untied/mixture_weights
INFO: s3mixw_io.c(173): Read /home/nguyenvanthinh/Desktop/Git/speech recognition  demo/digit/model_parameters/digit.cd_cont_untied/mixture_weights [21x1x1 array]
INFO: main.c(311): 7 of 7 models have observation count greater than 0.000010
INFO: main.c(95): nrm stwt: 0.952 0.048 0.000 
INFO: s3gau_io.c(169): Read /home/nguyenvanthinh/Desktop/Git/speech recognition  demo/digit/model_parameters/digit.cd_cont_untied/means [978x1x1 array]
INFO: s3gau_io.c(169): Read /home/nguyenvanthinh/Desktop/Git/speech recognition  demo/digit/model_parameters/digit.cd_cont_untied/variances [978x1x1 array]
INFO: main.c(549): Reading: /home/nguyenvanthinh/Desktop/Git/speech recognition  demo/digit/model_architecture/digit.tree_questions
INFO: main.c(588): 172 total simple questions (164 phone; 8 word bndry)
INFO: main.c(590): 40 Left Only questions, and 40 Right Only questions
INFO: dtree.c(1439): stop. leaf nodes are specific
INFO: dtree.c(1478): Final simple tree
|( QUESTION0 -1 -2.716e+05 2.824e+03 1.178e+03
|    ( - -3.080e+04 1 0)
|    ( QUESTION8 -1 -2.380e+05 2.642e+03 1.035e+03
|        ( - -9.906e+04 1 0)
|        ( QUESTION2 -1 -1.363e+05 1.295e+03 5.804e+02
|            ( - -2.243e+04 1 0)
|            ( QUESTION16 -1 -1.125e+05 1.087e+03 4.809e+02
|                ( - -2.742e+04 1 0)
|                ( QUESTION13 -1 -8.402e+04 6.282e+02 3.572e+02
|                    ( - -5.551e+04 1 0)
|                    ( QUESTION10 -1 -2.788e+04 5.261e+02 1.189e+02
|                        ( - -1.104e+04 1 0)
|                        ( - -1.632e+04 1 0)))))))
s>    ( QUESTION0 -1 -2.716e+05 2.824e+03 1.178e+03
s>        ( - -3.080e+04 1 0)
s>        ( QUESTION8 -1 -2.380e+05 2.642e+03 1.035e+03
s>            ( - -9.906e+04 1 0)
s>            ( QUESTION2 -1 -1.363e+05 1.295e+03 5.804e+02
s>                ( - -2.243e+04 1 0)
s>                ( QUESTION16 -1 -1.125e+05 1.087e+03 4.809e+02
s>                    ( - -2.742e+04 1 0)
s>                    ( QUESTION13 -1 -8.402e+04 6.282e+02 3.572e+02
s>                        ( - -5.551e+04 1 0)
s>                        ( QUESTION10 -1 -2.788e+04 5.261e+02 1.189e+02
s>                            ( - -1.104e+04 1 0)
s>                            ( - -1.632e+04 1 0)))))))INFO: dtree.c(1315): Comp split 0
INFO: dtree.c(1439): stop. leaf nodes are specific
INFO: dtree.c(1478): Final simple tree
|( QUESTION8 -1 -2.380e+05 2.642e+03 1.035e+03
|    ( - -9.906e+04 1 0)
|    ( QUESTION2 -1 -1.363e+05 1.295e+03 5.804e+02
|        ( - -2.243e+04 1 0)
|        ( QUESTION16 -1 -1.125e+05 1.087e+03 4.809e+02
|            ( - -2.742e+04 1 0)
|            ( QUESTION13 -1 -8.402e+04 6.282e+02 3.572e+02
|                ( - -5.551e+04 1 0)
|                ( QUESTION10 -1 -2.788e+04 5.261e+02 1.189e+02
|                    ( - -1.104e+04 1 0)
|                    ( - -1.632e+04 1 0))))))
s>    ( QUESTION8 -1 -2.380e+05 2.642e+03 1.035e+03
s>        ( - -9.906e+04 1 0)
s>        ( QUESTION2 -1 -1.363e+05 1.295e+03 5.804e+02
s>            ( - -2.243e+04 1 0)
s>            ( QUESTION16 -1 -1.125e+05 1.087e+03 4.809e+02
s>                ( - -2.742e+04 1 0)
s>                ( QUESTION13 -1 -8.402e+04 6.282e+02 3.572e+02
s>                    ( - -5.551e+04 1 0)
s>                    ( QUESTION10 -1 -2.788e+04 5.261e+02 1.189e+02
s>                        ( - -1.104e+04 1 0)
s>                        ( - -1.632e+04 1 0))))))INFO: dtree.c(1315): Comp split 1
INFO: dtree.c(1439): stop. leaf nodes are specific
INFO: dtree.c(1478): Final simple tree
|( QUESTION2 -1 -1.363e+05 1.295e+03 5.804e+02
|    ( - -2.243e+04 1 0)
|    ( QUESTION16 -1 -1.125e+05 1.087e+03 4.809e+02
|        ( - -2.742e+04 1 0)
|        ( QUESTION13 -1 -8.402e+04 6.282e+02 3.572e+02
|            ( - -5.551e+04 1 0)
|            ( QUESTION10 -1 -2.788e+04 5.261e+02 1.189e+02
|                ( - -1.104e+04 1 0)
|                ( - -1.632e+04 1 0)))))
s>    ( QUESTION2 -1 -1.363e+05 1.295e+03 5.804e+02
s>        ( - -2.243e+04 1 0)
s>        ( QUESTION16 -1 -1.125e+05 1.087e+03 4.809e+02
s>            ( - -2.742e+04 1 0)
s>            ( QUESTION13 -1 -8.402e+04 6.282e+02 3.572e+02
s>                ( - -5.551e+04 1 0)
s>                ( QUESTION10 -1 -2.788e+04 5.261e+02 1.189e+02
s>                    ( - -1.104e+04 1 0)
s>                    ( - -1.632e+04 1 0)))))INFO: dtree.c(1315): Comp split 2
INFO: dtree.c(1439): stop. leaf nodes are specific
INFO: dtree.c(1478): Final simple tree
|( QUESTION16 -1 -1.125e+05 1.087e+03 4.809e+02
|    ( - -2.742e+04 1 0)
|    ( QUESTION13 -1 -8.402e+04 6.282e+02 3.572e+02
|        ( - -5.551e+04 1 0)
|        ( QUESTION10 -1 -2.788e+04 5.261e+02 1.189e+02
|            ( - -1.104e+04 1 0)
|            ( - -1.632e+04 1 0))))
s>    ( QUESTION16 -1 -1.125e+05 1.087e+03 4.809e+02
s>        ( - -2.742e+04 1 0)
s>        ( QUESTION13 -1 -8.402e+04 6.282e+02 3.572e+02
s>            ( - -5.551e+04 1 0)
s>            ( QUESTION10 -1 -2.788e+04 5.261e+02 1.189e+02
s>                ( - -1.104e+04 1 0)
s>                ( - -1.632e+04 1 0))))INFO: dtree.c(1315): Comp split 3
INFO: dtree.c(1439): stop. leaf nodes are specific
INFO: dtree.c(1478): Final simple tree
|( QUESTION13 -1 -8.402e+04 6.282e+02 3.572e+02
|    ( - -5.551e+04 1 0)
|    ( QUESTION10 -1 -2.788e+04 5.261e+02 1.189e+02
|        ( - -1.104e+04 1 0)
|        ( - -1.632e+04 1 0)))
s>    ( QUESTION13 -1 -8.402e+04 6.282e+02 3.572e+02
s>        ( - -5.551e+04 1 0)
s>        ( QUESTION10 -1 -2.788e+04 5.261e+02 1.189e+02
s>            ( - -1.104e+04 1 0)
s>            ( - -1.632e+04 1 0)))INFO: dtree.c(1315): Comp split 4
INFO: dtree.c(1439): stop. leaf nodes are specific
INFO: dtree.c(1478): Final simple tree
|( QUESTION10 -1 -2.788e+04 5.261e+02 1.189e+02
|    ( - -1.104e+04 1 0)
|    ( - -1.632e+04 1 0))
s>    ( QUESTION10 -1 -2.788e+04 5.261e+02 1.189e+02
s>        ( - -1.104e+04 1 0)
s>        ( - -1.632e+04 1 0))INFO: dtree.c(1315): Comp split 5
INFO: dtree.c(1315): Comp split 6
INFO: dtree.c(1318): stop. leaf nodes are specific
!!!!!!!!Allocated 65 lines
Thu Apr  7 00:44:46 2016
