Current configuration:
[NAME]		[DEFLT]	[VALUE]
-allphones	no	no
-cntthresh	0.00001	1.000000e-05
-csplitmax	100	2000
-csplitmin	1	1
-csplitthr	8e-4	0.000000e+00
-example	no	no
-fullvar	no	no
-help		no	no
-meanfn			/home/nguyenvanthinh/Desktop/Git/speech recognition  demo/digit/model_parameters/digit.cd_cont_untied/means
-mixwfn			/home/nguyenvanthinh/Desktop/Git/speech recognition  demo/digit/model_parameters/digit.cd_cont_untied/mixture_weights
-moddeffn		/home/nguyenvanthinh/Desktop/Git/speech recognition  demo/digit/model_architecture/digit.untied.mdef
-mwfloor	1e-4	1.000000e-08
-phone			tc
-psetfn			/home/nguyenvanthinh/Desktop/Git/speech recognition  demo/digit/model_architecture/digit.tree_questions
-ssplitmax	5	7
-ssplitmin	1	1
-ssplitthr	8e-4	0.000000e+00
-state			0
-stwt			1.0,0.05,0.0,
-treefn			/home/nguyenvanthinh/Desktop/Git/speech recognition  demo/digit/trees/digit.unpruned/tc-0.dtree
-ts2cbfn	.semi.	.cont.
-varfloor	0.00001	1.000000e-05
-varfn			/home/nguyenvanthinh/Desktop/Git/speech recognition  demo/digit/model_parameters/digit.cd_cont_untied/variances

INFO: main.c(223): Reading: /home/nguyenvanthinh/Desktop/Git/speech recognition  demo/digit/model_architecture/digit.untied.mdef
INFO: model_def_io.c(573): Model definition info:
INFO: model_def_io.c(574): 326 total models defined (31 base, 295 tri)
INFO: model_def_io.c(575): 1304 total states
INFO: model_def_io.c(576): 978 total tied states
INFO: model_def_io.c(577): 93 total tied CI states
INFO: model_def_io.c(578): 31 total tied transition matrices
INFO: model_def_io.c(579): 4 max state/model
INFO: model_def_io.c(580): 4 min state/model
INFO: main.c(242): Building trees for [tc ooj SIL e] through [tc oos ng e]
INFO: main.c(269): Covering states |[837 890]| == 54
INFO: main.c(275): Reading: /home/nguyenvanthinh/Desktop/Git/speech recognition  demo/digit/model_parameters/digit.cd_cont_untied/mixture_weights
INFO: s3mixw_io.c(173): Read /home/nguyenvanthinh/Desktop/Git/speech recognition  demo/digit/model_parameters/digit.cd_cont_untied/mixture_weights [54x1x1 array]
INFO: main.c(311): 18 of 18 models have observation count greater than 0.000010
INFO: main.c(95): nrm stwt: 0.952 0.048 0.000 
INFO: s3gau_io.c(169): Read /home/nguyenvanthinh/Desktop/Git/speech recognition  demo/digit/model_parameters/digit.cd_cont_untied/means [978x1x1 array]
INFO: s3gau_io.c(169): Read /home/nguyenvanthinh/Desktop/Git/speech recognition  demo/digit/model_parameters/digit.cd_cont_untied/variances [978x1x1 array]
INFO: main.c(549): Reading: /home/nguyenvanthinh/Desktop/Git/speech recognition  demo/digit/model_architecture/digit.tree_questions
INFO: main.c(588): 172 total simple questions (164 phone; 8 word bndry)
INFO: main.c(590): 40 Left Only questions, and 40 Right Only questions
INFO: dtree.c(1478): Final simple tree
|( QUESTION10 -1 -5.823e+05 1.137e+04 2.586e+03
|    ( QUESTION0_11_R 1 -3.185e+05 3.811e+03 1.488e+03
|        ( - -1.165e+04 1 0)
|        ( SILENCE 1 -3.030e+05 5.551e+02 1.438e+03
|            ( - -1.780e+05 1 0)
|            ( QUESTION0_10_R 1 -1.244e+05 4.189e+02 5.979e+02
|                ( - -6.728e+04 3 0)
|                ( - -5.674e+04 2 0 QUESTION0_5_R 1 2.292e+02 2.746e+02))))
|    ( SILENCE 1 -2.524e+05 1.970e+03 1.098e+03
|        ( - -2.165e+04 1 0)
|        ( QUESTION0_4_R 1 -2.288e+05 1.332e+03 9.977e+02
|            ( QUESTION0_7_R 1 -1.787e+05 2.573e+02 7.757e+02
|                ( - -3.352e+04 2 0 QUESTION3 1 1.132e+02 1.464e+02)
|                ( - -1.449e+05 6 0 QUESTION0_5_R 1 2.280e+02 6.293e+02))
|            ( - -4.881e+04 2 0 QUESTION0_19_R 1 1.254e+02 2.220e+02))))
s>    ( QUESTION10 -1 -5.823e+05 1.137e+04 2.586e+03
s>        ( QUESTION0_11_R 1 -3.185e+05 3.811e+03 1.488e+03
s>            ( - -1.165e+04 1 0)
s>            ( SILENCE 1 -3.030e+05 5.551e+02 1.438e+03
s>                ( - -1.780e+05 1 0)
s>                ( QUESTION0_10_R 1 -1.244e+05 4.189e+02 5.979e+02
s>                    ( - -6.728e+04 3 0)
s>                    ( - -5.674e+04 2 0 QUESTION0_5_R 1 2.292e+02 2.746e+02))))
s>        ( SILENCE 1 -2.524e+05 1.970e+03 1.098e+03
s>            ( - -2.165e+04 1 0)
s>            ( QUESTION0_4_R 1 -2.288e+05 1.332e+03 9.977e+02
s>                ( QUESTION0_7_R 1 -1.787e+05 2.573e+02 7.757e+02
s>                    ( - -3.352e+04 2 0 QUESTION3 1 1.132e+02 1.464e+02)
s>                    ( - -1.449e+05 6 0 QUESTION0_5_R 1 2.280e+02 6.293e+02))
s>                ( - -4.881e+04 2 0 QUESTION0_19_R 1 1.254e+02 2.220e+02))))INFO: dtree.c(1315): Comp split 0
INFO: dtree.c(1439): stop. leaf nodes are specific
INFO: dtree.c(1478): Final simple tree
|( QUESTION10 -1 -3.255e+05 8.082e+02 1.539e+03
|    ( SILENCE 1 -3.030e+05 5.551e+02 1.438e+03
|        ( - -1.780e+05 1 0)
|        ( QUESTION0_10_R 1 -1.244e+05 4.189e+02 5.979e+02
|            ( - -6.728e+04 3 0)
|            ( QUESTION0_5_R 1 -5.674e+04 2.292e+02 2.746e+02
|                ( - -4.722e+04 1 0)
|                ( - -9.290e+03 1 0))))
|    ( - -2.165e+04 1 0))
s>    ( QUESTION10 -1 -3.255e+05 8.082e+02 1.539e+03
s>        ( SILENCE 1 -3.030e+05 5.551e+02 1.438e+03
s>            ( - -1.780e+05 1 0)
s>            ( QUESTION0_10_R 1 -1.244e+05 4.189e+02 5.979e+02
s>                ( - -6.728e+04 3 0)
s>                ( QUESTION0_5_R 1 -5.674e+04 2.292e+02 2.746e+02
s>                    ( - -4.722e+04 1 0)
s>                    ( - -9.290e+03 1 0))))
s>        ( - -2.165e+04 1 0))INFO: dtree.c(1439): stop. leaf nodes are specific
INFO: dtree.c(1478): Final simple tree
|( QUESTION10 -1 -2.431e+05 2.612e+03 1.047e+03
|    ( - -1.165e+04 1 0)
|    ( QUESTION0_4_R 1 -2.288e+05 1.332e+03 9.977e+02
|        ( QUESTION0_7_R 1 -1.787e+05 2.573e+02 7.757e+02
|            ( QUESTION3 1 -3.352e+04 1.132e+02 1.464e+02
|                ( - -1.760e+04 1 0)
|                ( - -1.581e+04 1 0))
|            ( QUESTION0_5_R 1 -1.449e+05 2.280e+02 6.293e+02
|                ( - -7.839e+04 2 0)
|                ( - -6.626e+04 4 0)))
|        ( QUESTION0_19_R 1 -4.881e+04 1.254e+02 2.220e+02
|            ( - -3.707e+03 1 0)
|            ( - -4.498e+04 1 0))))
s>    ( QUESTION10 -1 -2.431e+05 2.612e+03 1.047e+03
s>        ( - -1.165e+04 1 0)
s>        ( QUESTION0_4_R 1 -2.288e+05 1.332e+03 9.977e+02
s>            ( QUESTION0_7_R 1 -1.787e+05 2.573e+02 7.757e+02
s>                ( QUESTION3 1 -3.352e+04 1.132e+02 1.464e+02
s>                    ( - -1.760e+04 1 0)
s>                    ( - -1.581e+04 1 0))
s>                ( QUESTION0_5_R 1 -1.449e+05 2.280e+02 6.293e+02
s>                    ( - -7.839e+04 2 0)
s>                    ( - -6.626e+04 4 0)))
s>            ( QUESTION0_19_R 1 -4.881e+04 1.254e+02 2.220e+02
s>                ( - -3.707e+03 1 0)
s>                ( - -4.498e+04 1 0))))INFO: dtree.c(1315): Comp split 1
INFO: dtree.c(1439): stop. leaf nodes are specific
INFO: dtree.c(1478): Final simple tree
|( QUESTION0_4_R 1 -2.288e+05 1.332e+03 9.977e+02
|    ( QUESTION0_7_R 1 -1.787e+05 2.573e+02 7.757e+02
|        ( QUESTION3 1 -3.352e+04 1.132e+02 1.464e+02
|            ( - -1.760e+04 1 0)
|            ( - -1.581e+04 1 0))
|        ( QUESTION0_5_R 1 -1.449e+05 2.280e+02 6.293e+02
|            ( - -7.839e+04 2 0)
|            ( - -6.626e+04 4 0)))
|    ( QUESTION0_19_R 1 -4.881e+04 1.254e+02 2.220e+02
|        ( - -3.707e+03 1 0)
|        ( - -4.498e+04 1 0)))
s>    ( QUESTION0_4_R 1 -2.288e+05 1.332e+03 9.977e+02
s>        ( QUESTION0_7_R 1 -1.787e+05 2.573e+02 7.757e+02
s>            ( QUESTION3 1 -3.352e+04 1.132e+02 1.464e+02
s>                ( - -1.760e+04 1 0)
s>                ( - -1.581e+04 1 0))
s>            ( QUESTION0_5_R 1 -1.449e+05 2.280e+02 6.293e+02
s>                ( - -7.839e+04 2 0)
s>                ( - -6.626e+04 4 0)))
s>        ( QUESTION0_19_R 1 -4.881e+04 1.254e+02 2.220e+02
s>            ( - -3.707e+03 1 0)
s>            ( - -4.498e+04 1 0)))INFO: dtree.c(1315): Comp split 2
INFO: dtree.c(1439): stop. leaf nodes are specific
INFO: dtree.c(1478): Final simple tree
|( QUESTION0_7_R 1 -1.787e+05 2.573e+02 7.757e+02
|    ( QUESTION3 1 -3.352e+04 1.132e+02 1.464e+02
|        ( - -1.760e+04 1 0)
|        ( - -1.581e+04 1 0))
|    ( QUESTION0_5_R 1 -1.449e+05 2.280e+02 6.293e+02
|        ( - -7.839e+04 2 0)
|        ( - -6.626e+04 4 0)))
s>    ( QUESTION0_7_R 1 -1.787e+05 2.573e+02 7.757e+02
s>        ( QUESTION3 1 -3.352e+04 1.132e+02 1.464e+02
s>            ( - -1.760e+04 1 0)
s>            ( - -1.581e+04 1 0))
s>        ( QUESTION0_5_R 1 -1.449e+05 2.280e+02 6.293e+02
s>            ( - -7.839e+04 2 0)
s>            ( - -6.626e+04 4 0)))INFO: dtree.c(1439): stop. leaf nodes are specific
INFO: dtree.c(1478): Final simple tree
|( QUESTION0_19_R 1 -4.881e+04 1.254e+02 2.220e+02
|    ( - -3.707e+03 1 0)
|    ( - -4.498e+04 1 0))
s>    ( QUESTION0_19_R 1 -4.881e+04 1.254e+02 2.220e+02
s>        ( - -3.707e+03 1 0)
s>        ( - -4.498e+04 1 0))INFO: dtree.c(1315): Comp split 3
INFO: dtree.c(1439): stop. leaf nodes are specific
INFO: dtree.c(1478): Final simple tree
|( SILENCE 1 -3.030e+05 5.551e+02 1.438e+03
|    ( - -1.780e+05 1 0)
|    ( QUESTION0_10_R 1 -1.244e+05 4.189e+02 5.979e+02
|        ( - -6.728e+04 3 0)
|        ( QUESTION0_5_R 1 -5.674e+04 2.292e+02 2.746e+02
|            ( - -4.722e+04 1 0)
|            ( - -9.290e+03 1 0))))
s>    ( SILENCE 1 -3.030e+05 5.551e+02 1.438e+03
s>        ( - -1.780e+05 1 0)
s>        ( QUESTION0_10_R 1 -1.244e+05 4.189e+02 5.979e+02
s>            ( - -6.728e+04 3 0)
s>            ( QUESTION0_5_R 1 -5.674e+04 2.292e+02 2.746e+02
s>                ( - -4.722e+04 1 0)
s>                ( - -9.290e+03 1 0))))INFO: dtree.c(1315): Comp split 4
INFO: dtree.c(1439): stop. leaf nodes are specific
INFO: dtree.c(1478): Final simple tree
|( QUESTION0_10_R 1 -1.244e+05 4.189e+02 5.979e+02
|    ( - -6.728e+04 3 0)
|    ( QUESTION0_5_R 1 -5.674e+04 2.292e+02 2.746e+02
|        ( - -4.722e+04 1 0)
|        ( - -9.290e+03 1 0)))
s>    ( QUESTION0_10_R 1 -1.244e+05 4.189e+02 5.979e+02
s>        ( - -6.728e+04 3 0)
s>        ( QUESTION0_5_R 1 -5.674e+04 2.292e+02 2.746e+02
s>            ( - -4.722e+04 1 0)
s>            ( - -9.290e+03 1 0)))INFO: dtree.c(1315): Comp split 5
INFO: dtree.c(1439): stop. leaf nodes are specific
INFO: dtree.c(1478): Final simple tree
|( QUESTION0_5_R 1 -5.674e+04 2.292e+02 2.746e+02
|    ( - -4.722e+04 1 0)
|    ( - -9.290e+03 1 0))
s>    ( QUESTION0_5_R 1 -5.674e+04 2.292e+02 2.746e+02
s>        ( - -4.722e+04 1 0)
s>        ( - -9.290e+03 1 0))INFO: dtree.c(1315): Comp split 6
INFO: dtree.c(1439): stop. leaf nodes are specific
INFO: dtree.c(1478): Final simple tree
|( QUESTION0_5_R 1 -1.449e+05 2.280e+02 6.293e+02
|    ( - -7.839e+04 2 0)
|    ( - -6.626e+04 4 0))
s>    ( QUESTION0_5_R 1 -1.449e+05 2.280e+02 6.293e+02
s>        ( - -7.839e+04 2 0)
s>        ( - -6.626e+04 4 0))INFO: dtree.c(1439): stop. leaf nodes are specific
INFO: dtree.c(1478): Final simple tree
|( QUESTION3 1 -3.352e+04 1.132e+02 1.464e+02
|    ( - -1.760e+04 1 0)
|    ( - -1.581e+04 1 0))
s>    ( QUESTION3 1 -3.352e+04 1.132e+02 1.464e+02
s>        ( - -1.760e+04 1 0)
s>        ( - -1.581e+04 1 0))INFO: dtree.c(1315): Comp split 7
INFO: dtree.c(1315): Comp split 8
INFO: dtree.c(1315): Comp split 9
INFO: dtree.c(1315): Comp split 10
INFO: dtree.c(1315): Comp split 11
INFO: dtree.c(1318): stop. leaf nodes are specific
!!!!!!!!Allocated 65 lines
Thu Apr  7 00:44:42 2016
