Current configuration:
[NAME]		[DEFLT]	[VALUE]
-allphones	no	no
-cntthresh	0.00001	1.000000e-05
-csplitmax	100	2000
-csplitmin	1	1
-csplitthr	8e-4	0.000000e+00
-example	no	no
-fullvar	no	no
-help		no	no
-meanfn			/home/nguyenvanthinh/Desktop/Git/speech recognition  demo/digit/model_parameters/digit.cd_cont_untied/means
-mixwfn			/home/nguyenvanthinh/Desktop/Git/speech recognition  demo/digit/model_parameters/digit.cd_cont_untied/mixture_weights
-moddeffn		/home/nguyenvanthinh/Desktop/Git/speech recognition  demo/digit/model_architecture/digit.untied.mdef
-mwfloor	1e-4	1.000000e-08
-phone			iz
-psetfn			/home/nguyenvanthinh/Desktop/Git/speech recognition  demo/digit/model_architecture/digit.tree_questions
-ssplitmax	5	7
-ssplitmin	1	1
-ssplitthr	8e-4	0.000000e+00
-state			2
-stwt			1.0,0.05,0.0,
-treefn			/home/nguyenvanthinh/Desktop/Git/speech recognition  demo/digit/trees/digit.unpruned/iz-2.dtree
-ts2cbfn	.semi.	.cont.
-varfloor	0.00001	1.000000e-05
-varfn			/home/nguyenvanthinh/Desktop/Git/speech recognition  demo/digit/model_parameters/digit.cd_cont_untied/variances

INFO: main.c(223): Reading: /home/nguyenvanthinh/Desktop/Git/speech recognition  demo/digit/model_architecture/digit.untied.mdef
INFO: model_def_io.c(573): Model definition info:
INFO: model_def_io.c(574): 326 total models defined (31 base, 295 tri)
INFO: model_def_io.c(575): 1304 total states
INFO: model_def_io.c(576): 978 total tied states
INFO: model_def_io.c(577): 93 total tied CI states
INFO: model_def_io.c(578): 31 total tied transition matrices
INFO: model_def_io.c(579): 4 max state/model
INFO: model_def_io.c(580): 4 min state/model
INFO: main.c(242): Building trees for [iz a SIL e] through [iz owf t e]
INFO: main.c(269): Covering states |[285 401]| == 117
INFO: main.c(275): Reading: /home/nguyenvanthinh/Desktop/Git/speech recognition  demo/digit/model_parameters/digit.cd_cont_untied/mixture_weights
INFO: s3mixw_io.c(173): Read /home/nguyenvanthinh/Desktop/Git/speech recognition  demo/digit/model_parameters/digit.cd_cont_untied/mixture_weights [117x1x1 array]
INFO: main.c(311): 39 of 39 models have observation count greater than 0.000010
INFO: main.c(95): nrm stwt: 0.000 0.048 0.952 
INFO: s3gau_io.c(169): Read /home/nguyenvanthinh/Desktop/Git/speech recognition  demo/digit/model_parameters/digit.cd_cont_untied/means [978x1x1 array]
INFO: s3gau_io.c(169): Read /home/nguyenvanthinh/Desktop/Git/speech recognition  demo/digit/model_parameters/digit.cd_cont_untied/variances [978x1x1 array]
INFO: main.c(549): Reading: /home/nguyenvanthinh/Desktop/Git/speech recognition  demo/digit/model_architecture/digit.tree_questions
INFO: main.c(588): 172 total simple questions (164 phone; 8 word bndry)
INFO: main.c(590): 40 Left Only questions, and 40 Right Only questions
INFO: dtree.c(1478): Final simple tree
|( QUESTION0_11_R 1 -5.249e+06 1.140e+04 2.486e+04
|    ( QUESTION5 -1 -1.874e+05 1.698e+03 8.378e+02
|        ( - -1.290e+05 3 0 QUESTION0_19_R 1 7.002e+02 5.887e+02)
|        ( QUESTION0_19_R 1 -5.669e+04 1.325e+03 2.491e+02
|            ( - -2.047e+04 2 0 QUESTION0 -1 3.734e+02 9.412e+01)
|            ( - -3.489e+04 1 0)))
|    ( QUESTION5 -1 -5.050e+06 8.984e+03 2.402e+04
|        ( QUESTION2_18_L -1 -2.804e+06 3.001e+03 1.347e+04
|            ( - -3.201e+05 7 0 SILENCE 1 3.085e+02 1.565e+03)
|            ( - -2.481e+06 9 0 SILENCE 1 1.310e+03 1.191e+04))
|        ( QUESTION0 -1 -2.236e+06 5.039e+03 1.055e+04
|            ( SILENCE 1 -2.162e+06 1.615e+03 1.024e+04
|                ( - -3.817e+05 1 0)
|                ( - -1.778e+06 8 0 QUESTION0_5_R 1 8.797e+02 8.392e+03))
|            ( - -6.973e+04 8 0 SILENCE 1 9.150e+02 3.116e+02))))
s>    ( QUESTION0_11_R 1 -5.249e+06 1.140e+04 2.486e+04
s>        ( QUESTION5 -1 -1.874e+05 1.698e+03 8.378e+02
s>            ( - -1.290e+05 3 0 QUESTION0_19_R 1 7.002e+02 5.887e+02)
s>            ( QUESTION0_19_R 1 -5.669e+04 1.325e+03 2.491e+02
s>                ( - -2.047e+04 2 0 QUESTION0 -1 3.734e+02 9.412e+01)
s>                ( - -3.489e+04 1 0)))
s>        ( QUESTION5 -1 -5.050e+06 8.984e+03 2.402e+04
s>            ( QUESTION2_18_L -1 -2.804e+06 3.001e+03 1.347e+04
s>                ( - -3.201e+05 7 0 SILENCE 1 3.085e+02 1.565e+03)
s>                ( - -2.481e+06 9 0 SILENCE 1 1.310e+03 1.191e+04))
s>            ( QUESTION0 -1 -2.236e+06 5.039e+03 1.055e+04
s>                ( SILENCE 1 -2.162e+06 1.615e+03 1.024e+04
s>                    ( - -3.817e+05 1 0)
s>                    ( - -1.778e+06 8 0 QUESTION0_5_R 1 8.797e+02 8.392e+03))
s>                ( - -6.973e+04 8 0 SILENCE 1 9.150e+02 3.116e+02))))INFO: dtree.c(1315): Comp split 0
INFO: dtree.c(1478): Final simple tree
|( QUESTION2_19_L -1 -4.974e+06 8.413e+03 2.371e+04
|    ( SILENCE 1 -2.481e+06 1.310e+03 1.191e+04
|        ( - -3.492e+05 1 0)
|        ( QUESTION0_7_R 1 -2.131e+06 3.547e+02 1.021e+04
|            ( - -3.582e+05 2 0 QUESTION3 1 2.911e+02 1.722e+03)
|            ( - -1.772e+06 6 0 QUESTION0_5_R 1 2.161e+02 8.487e+03)))
|    ( QUESTION0 -1 -2.484e+06 2.445e+03 1.180e+04
|        ( SILENCE 1 -2.162e+06 1.615e+03 1.024e+04
|            ( - -3.817e+05 1 0)
|            ( QUESTION0_5_R 1 -1.778e+06 8.797e+02 8.392e+03
|                ( - -6.866e+05 2 0)
|                ( QUESTION0_7_R 1 -1.091e+06 4.617e+02 5.149e+03
|                    ( - -3.317e+05 2 0 QUESTION3 1 2.267e+02 1.570e+03)
|                    ( - -7.587e+05 4 0))))
|        ( - -3.201e+05 7 0 SILENCE 1 3.085e+02 1.565e+03)))
s>    ( QUESTION2_19_L -1 -4.974e+06 8.413e+03 2.371e+04
s>        ( SILENCE 1 -2.481e+06 1.310e+03 1.191e+04
s>            ( - -3.492e+05 1 0)
s>            ( QUESTION0_7_R 1 -2.131e+06 3.547e+02 1.021e+04
s>                ( - -3.582e+05 2 0 QUESTION3 1 2.911e+02 1.722e+03)
s>                ( - -1.772e+06 6 0 QUESTION0_5_R 1 2.161e+02 8.487e+03)))
s>        ( QUESTION0 -1 -2.484e+06 2.445e+03 1.180e+04
s>            ( SILENCE 1 -2.162e+06 1.615e+03 1.024e+04
s>                ( - -3.817e+05 1 0)
s>                ( QUESTION0_5_R 1 -1.778e+06 8.797e+02 8.392e+03
s>                    ( - -6.866e+05 2 0)
s>                    ( QUESTION0_7_R 1 -1.091e+06 4.617e+02 5.149e+03
s>                        ( - -3.317e+05 2 0 QUESTION3 1 2.267e+02 1.570e+03)
s>                        ( - -7.587e+05 4 0))))
s>            ( - -3.201e+05 7 0 SILENCE 1 3.085e+02 1.565e+03)))INFO: dtree.c(1478): Final simple tree
|( QUESTION0 -1 -2.583e+05 1.645e+03 1.149e+03
|    ( QUESTION0_19_R 1 -5.408e+04 1.429e+03 2.374e+02
|        ( - -1.775e+04 1 0)
|        ( - -3.489e+04 1 0))
|    ( QUESTION0_4_R 1 -2.026e+05 1.574e+03 9.120e+02
|        ( QUESTION0_5_R 1 -5.224e+04 4.679e+02 2.299e+02
|            ( - -2.289e+04 2 0)
|            ( QUESTION3 1 -2.888e+04 3.104e+02 1.279e+02
|                ( - -6.568e+03 1 0)
|                ( - -2.201e+04 4 0 QUESTION0_7_R 1 2.804e+02 9.744e+01)))
|        ( QUESTION2 1 -1.488e+05 8.232e+02 6.821e+02
|            ( - -5.961e+04 1 0)
|            ( SILENCE 1 -8.833e+04 4.576e+02 4.117e+02
|                ( - -1.657e+04 1 0)
|                ( - -7.131e+04 3 0 QUESTION5 -1 2.584e+02 3.300e+02)))))
s>    ( QUESTION0 -1 -2.583e+05 1.645e+03 1.149e+03
s>        ( QUESTION0_19_R 1 -5.408e+04 1.429e+03 2.374e+02
s>            ( - -1.775e+04 1 0)
s>            ( - -3.489e+04 1 0))
s>        ( QUESTION0_4_R 1 -2.026e+05 1.574e+03 9.120e+02
s>            ( QUESTION0_5_R 1 -5.224e+04 4.679e+02 2.299e+02
s>                ( - -2.289e+04 2 0)
s>                ( QUESTION3 1 -2.888e+04 3.104e+02 1.279e+02
s>                    ( - -6.568e+03 1 0)
s>                    ( - -2.201e+04 4 0 QUESTION0_7_R 1 2.804e+02 9.744e+01)))
s>            ( QUESTION2 1 -1.488e+05 8.232e+02 6.821e+02
s>                ( - -5.961e+04 1 0)
s>                ( SILENCE 1 -8.833e+04 4.576e+02 4.117e+02
s>                    ( - -1.657e+04 1 0)
s>                    ( - -7.131e+04 3 0 QUESTION5 -1 2.584e+02 3.300e+02)))))INFO: dtree.c(1315): Comp split 1
INFO: dtree.c(1478): Final simple tree
|( QUESTION0 -1 -2.484e+06 2.445e+03 1.180e+04
|    ( SILENCE 1 -2.162e+06 1.615e+03 1.024e+04
|        ( - -3.817e+05 1 0)
|        ( QUESTION0_5_R 1 -1.778e+06 8.797e+02 8.392e+03
|            ( - -6.866e+05 2 0)
|            ( QUESTION0_7_R 1 -1.091e+06 4.617e+02 5.149e+03
|                ( QUESTION3 1 -3.317e+05 2.267e+02 1.570e+03
|                    ( - -1.388e+05 1 0)
|                    ( - -1.926e+05 1 0))
|                ( - -7.587e+05 4 0))))
|    ( SILENCE 1 -3.201e+05 3.085e+02 1.565e+03
|        ( - -1.478e+05 1 0)
|        ( QUESTION0_7_R 1 -1.720e+05 2.004e+02 8.430e+02
|            ( - -2.656e+04 1 0)
|            ( - -1.452e+05 5 0 QUESTION0_5_R 1 1.692e+02 7.105e+02))))
s>    ( QUESTION0 -1 -2.484e+06 2.445e+03 1.180e+04
s>        ( SILENCE 1 -2.162e+06 1.615e+03 1.024e+04
s>            ( - -3.817e+05 1 0)
s>            ( QUESTION0_5_R 1 -1.778e+06 8.797e+02 8.392e+03
s>                ( - -6.866e+05 2 0)
s>                ( QUESTION0_7_R 1 -1.091e+06 4.617e+02 5.149e+03
s>                    ( QUESTION3 1 -3.317e+05 2.267e+02 1.570e+03
s>                        ( - -1.388e+05 1 0)
s>                        ( - -1.926e+05 1 0))
s>                    ( - -7.587e+05 4 0))))
s>        ( SILENCE 1 -3.201e+05 3.085e+02 1.565e+03
s>            ( - -1.478e+05 1 0)
s>            ( QUESTION0_7_R 1 -1.720e+05 2.004e+02 8.430e+02
s>                ( - -2.656e+04 1 0)
s>                ( - -1.452e+05 5 0 QUESTION0_5_R 1 1.692e+02 7.105e+02))))INFO: dtree.c(1439): stop. leaf nodes are specific
INFO: dtree.c(1478): Final simple tree
|( SILENCE 1 -2.481e+06 1.310e+03 1.191e+04
|    ( - -3.492e+05 1 0)
|    ( QUESTION0_7_R 1 -2.131e+06 3.547e+02 1.021e+04
|        ( QUESTION3 1 -3.582e+05 2.911e+02 1.722e+03
|            ( - -1.779e+05 1 0)
|            ( - -1.799e+05 1 0))
|        ( QUESTION0_5_R 1 -1.772e+06 2.161e+02 8.487e+03
|            ( - -1.019e+06 2 0)
|            ( - -7.527e+05 4 0))))
s>    ( SILENCE 1 -2.481e+06 1.310e+03 1.191e+04
s>        ( - -3.492e+05 1 0)
s>        ( QUESTION0_7_R 1 -2.131e+06 3.547e+02 1.021e+04
s>            ( QUESTION3 1 -3.582e+05 2.911e+02 1.722e+03
s>                ( - -1.779e+05 1 0)
s>                ( - -1.799e+05 1 0))
s>            ( QUESTION0_5_R 1 -1.772e+06 2.161e+02 8.487e+03
s>                ( - -1.019e+06 2 0)
s>                ( - -7.527e+05 4 0))))INFO: dtree.c(1315): Comp split 2
INFO: dtree.c(1439): stop. leaf nodes are specific
INFO: dtree.c(1478): Final simple tree
|( QUESTION0_5_R 1 -1.778e+06 8.797e+02 8.392e+03
|    ( - -6.866e+05 2 0)
|    ( QUESTION0_7_R 1 -1.091e+06 4.617e+02 5.149e+03
|        ( QUESTION3 1 -3.317e+05 2.267e+02 1.570e+03
|            ( - -1.388e+05 1 0)
|            ( - -1.926e+05 1 0))
|        ( - -7.587e+05 4 0)))
s>    ( QUESTION0_5_R 1 -1.778e+06 8.797e+02 8.392e+03
s>        ( - -6.866e+05 2 0)
s>        ( QUESTION0_7_R 1 -1.091e+06 4.617e+02 5.149e+03
s>            ( QUESTION3 1 -3.317e+05 2.267e+02 1.570e+03
s>                ( - -1.388e+05 1 0)
s>                ( - -1.926e+05 1 0))
s>            ( - -7.587e+05 4 0)))INFO: dtree.c(1439): stop. leaf nodes are specific
INFO: dtree.c(1478): Final simple tree
|( QUESTION0 -1 -7.033e+05 1.553e+03 3.412e+03
|    ( - -3.817e+05 1 0)
|    ( SILENCE 1 -3.201e+05 3.085e+02 1.565e+03
|        ( - -1.478e+05 1 0)
|        ( QUESTION0_7_R 1 -1.720e+05 2.004e+02 8.430e+02
|            ( - -2.656e+04 1 0)
|            ( QUESTION0_5_R 1 -1.452e+05 1.692e+02 7.105e+02
|                ( - -1.053e+05 2 0)
|                ( - -3.973e+04 3 0)))))
s>    ( QUESTION0 -1 -7.033e+05 1.553e+03 3.412e+03
s>        ( - -3.817e+05 1 0)
s>        ( SILENCE 1 -3.201e+05 3.085e+02 1.565e+03
s>            ( - -1.478e+05 1 0)
s>            ( QUESTION0_7_R 1 -1.720e+05 2.004e+02 8.430e+02
s>                ( - -2.656e+04 1 0)
s>                ( QUESTION0_5_R 1 -1.452e+05 1.692e+02 7.105e+02
s>                    ( - -1.053e+05 2 0)
s>                    ( - -3.973e+04 3 0)))))INFO: dtree.c(1315): Comp split 3
INFO: dtree.c(1439): stop. leaf nodes are specific
INFO: dtree.c(1478): Final simple tree
|( QUESTION2 1 -1.488e+05 8.232e+02 6.821e+02
|    ( - -5.961e+04 1 0)
|    ( SILENCE 1 -8.833e+04 4.576e+02 4.117e+02
|        ( - -1.657e+04 1 0)
|        ( QUESTION5 -1 -7.131e+04 2.584e+02 3.300e+02
|            ( QUESTION2_18_L -1 -6.870e+04 2.062e+02 3.182e+02
|                ( - -2.450e+04 1 0)
|                ( - -4.400e+04 1 0))
|            ( - -2.345e+03 1 0))))
s>    ( QUESTION2 1 -1.488e+05 8.232e+02 6.821e+02
s>        ( - -5.961e+04 1 0)
s>        ( SILENCE 1 -8.833e+04 4.576e+02 4.117e+02
s>            ( - -1.657e+04 1 0)
s>            ( QUESTION5 -1 -7.131e+04 2.584e+02 3.300e+02
s>                ( QUESTION2_18_L -1 -6.870e+04 2.062e+02 3.182e+02
s>                    ( - -2.450e+04 1 0)
s>                    ( - -4.400e+04 1 0))
s>                ( - -2.345e+03 1 0))))INFO: dtree.c(1439): stop. leaf nodes are specific
INFO: dtree.c(1478): Final simple tree
|( QUESTION0_19_R 1 -1.075e+05 1.699e+03 4.673e+02
|    ( - -1.775e+04 1 0)
|    ( QUESTION0_4_R 1 -8.804e+04 9.076e+02 3.849e+02
|        ( QUESTION0_5_R 1 -5.224e+04 4.679e+02 2.299e+02
|            ( - -2.289e+04 2 0)
|            ( QUESTION3 1 -2.888e+04 3.104e+02 1.279e+02
|                ( - -6.568e+03 1 0)
|                ( QUESTION0_7_R 1 -2.201e+04 2.804e+02 9.744e+01
|                    ( - -6.400e+03 1 0)
|                    ( - -1.533e+04 3 0))))
|        ( - -3.489e+04 1 0)))
s>    ( QUESTION0_19_R 1 -1.075e+05 1.699e+03 4.673e+02
s>        ( - -1.775e+04 1 0)
s>        ( QUESTION0_4_R 1 -8.804e+04 9.076e+02 3.849e+02
s>            ( QUESTION0_5_R 1 -5.224e+04 4.679e+02 2.299e+02
s>                ( - -2.289e+04 2 0)
s>                ( QUESTION3 1 -2.888e+04 3.104e+02 1.279e+02
s>                    ( - -6.568e+03 1 0)
s>                    ( QUESTION0_7_R 1 -2.201e+04 2.804e+02 9.744e+01
s>                        ( - -6.400e+03 1 0)
s>                        ( - -1.533e+04 3 0))))
s>            ( - -3.489e+04 1 0)))INFO: dtree.c(1315): Comp split 4
INFO: dtree.c(1439): stop. leaf nodes are specific
INFO: dtree.c(1478): Final simple tree
|( QUESTION0_4_R 1 -8.804e+04 9.076e+02 3.849e+02
|    ( QUESTION0_5_R 1 -5.224e+04 4.679e+02 2.299e+02
|        ( - -2.289e+04 2 0)
|        ( QUESTION3 1 -2.888e+04 3.104e+02 1.279e+02
|            ( - -6.568e+03 1 0)
|            ( QUESTION0_7_R 1 -2.201e+04 2.804e+02 9.744e+01
|                ( - -6.400e+03 1 0)
|                ( - -1.533e+04 3 0))))
|    ( - -3.489e+04 1 0))
s>    ( QUESTION0_4_R 1 -8.804e+04 9.076e+02 3.849e+02
s>        ( QUESTION0_5_R 1 -5.224e+04 4.679e+02 2.299e+02
s>            ( - -2.289e+04 2 0)
s>            ( QUESTION3 1 -2.888e+04 3.104e+02 1.279e+02
s>                ( - -6.568e+03 1 0)
s>                ( QUESTION0_7_R 1 -2.201e+04 2.804e+02 9.744e+01
s>                    ( - -6.400e+03 1 0)
s>                    ( - -1.533e+04 3 0))))
s>        ( - -3.489e+04 1 0))INFO: dtree.c(1315): Comp split 5
INFO: dtree.c(1439): stop. leaf nodes are specific
INFO: dtree.c(1478): Final simple tree
|( SILENCE 1 -3.201e+05 3.085e+02 1.565e+03
|    ( - -1.478e+05 1 0)
|    ( QUESTION0_7_R 1 -1.720e+05 2.004e+02 8.430e+02
|        ( - -2.656e+04 1 0)
|        ( QUESTION0_5_R 1 -1.452e+05 1.692e+02 7.105e+02
|            ( - -1.053e+05 2 0)
|            ( - -3.973e+04 3 0))))
s>    ( SILENCE 1 -3.201e+05 3.085e+02 1.565e+03
s>        ( - -1.478e+05 1 0)
s>        ( QUESTION0_7_R 1 -1.720e+05 2.004e+02 8.430e+02
s>            ( - -2.656e+04 1 0)
s>            ( QUESTION0_5_R 1 -1.452e+05 1.692e+02 7.105e+02
s>                ( - -1.053e+05 2 0)
s>                ( - -3.973e+04 3 0))))INFO: dtree.c(1315): Comp split 6
INFO: dtree.c(1439): stop. leaf nodes are specific
INFO: dtree.c(1478): Final simple tree
|( QUESTION0_7_R 1 -2.131e+06 3.547e+02 1.021e+04
|    ( QUESTION3 1 -3.582e+05 2.911e+02 1.722e+03
|        ( - -1.779e+05 1 0)
|        ( - -1.799e+05 1 0))
|    ( QUESTION0_5_R 1 -1.772e+06 2.161e+02 8.487e+03
|        ( - -1.019e+06 2 0)
|        ( - -7.527e+05 4 0)))
s>    ( QUESTION0_7_R 1 -2.131e+06 3.547e+02 1.021e+04
s>        ( QUESTION3 1 -3.582e+05 2.911e+02 1.722e+03
s>            ( - -1.779e+05 1 0)
s>            ( - -1.799e+05 1 0))
s>        ( QUESTION0_5_R 1 -1.772e+06 2.161e+02 8.487e+03
s>            ( - -1.019e+06 2 0)
s>            ( - -7.527e+05 4 0)))INFO: dtree.c(1315): Comp split 7
INFO: dtree.c(1439): stop. leaf nodes are specific
INFO: dtree.c(1478): Final simple tree
|( QUESTION0_5_R 1 -5.224e+04 4.679e+02 2.299e+02
|    ( - -2.289e+04 2 0)
|    ( QUESTION3 1 -2.888e+04 3.104e+02 1.279e+02
|        ( - -6.568e+03 1 0)
|        ( QUESTION0_7_R 1 -2.201e+04 2.804e+02 9.744e+01
|            ( - -6.400e+03 1 0)
|            ( - -1.533e+04 3 0))))
s>    ( QUESTION0_5_R 1 -5.224e+04 4.679e+02 2.299e+02
s>        ( - -2.289e+04 2 0)
s>        ( QUESTION3 1 -2.888e+04 3.104e+02 1.279e+02
s>            ( - -6.568e+03 1 0)
s>            ( QUESTION0_7_R 1 -2.201e+04 2.804e+02 9.744e+01
s>                ( - -6.400e+03 1 0)
s>                ( - -1.533e+04 3 0))))INFO: dtree.c(1315): Comp split 8
INFO: dtree.c(1439): stop. leaf nodes are specific
INFO: dtree.c(1478): Final simple tree
|( QUESTION0_7_R 1 -1.091e+06 4.617e+02 5.149e+03
|    ( QUESTION3 1 -3.317e+05 2.267e+02 1.570e+03
|        ( - -1.388e+05 1 0)
|        ( - -1.926e+05 1 0))
|    ( - -7.587e+05 4 0))
s>    ( QUESTION0_7_R 1 -1.091e+06 4.617e+02 5.149e+03
s>        ( QUESTION3 1 -3.317e+05 2.267e+02 1.570e+03
s>            ( - -1.388e+05 1 0)
s>            ( - -1.926e+05 1 0))
s>        ( - -7.587e+05 4 0))INFO: dtree.c(1315): Comp split 9
INFO: dtree.c(1439): stop. leaf nodes are specific
INFO: dtree.c(1478): Final simple tree
|( SILENCE 1 -8.833e+04 4.576e+02 4.117e+02
|    ( - -1.657e+04 1 0)
|    ( QUESTION5 -1 -7.131e+04 2.584e+02 3.300e+02
|        ( QUESTION2_18_L -1 -6.870e+04 2.062e+02 3.182e+02
|            ( - -2.450e+04 1 0)
|            ( - -4.400e+04 1 0))
|        ( - -2.345e+03 1 0)))
s>    ( SILENCE 1 -8.833e+04 4.576e+02 4.117e+02
s>        ( - -1.657e+04 1 0)
s>        ( QUESTION5 -1 -7.131e+04 2.584e+02 3.300e+02
s>            ( QUESTION2_18_L -1 -6.870e+04 2.062e+02 3.182e+02
s>                ( - -2.450e+04 1 0)
s>                ( - -4.400e+04 1 0))
s>            ( - -2.345e+03 1 0)))INFO: dtree.c(1315): Comp split 10
INFO: dtree.c(1439): stop. leaf nodes are specific
INFO: dtree.c(1478): Final simple tree
|( QUESTION3 1 -2.888e+04 3.104e+02 1.279e+02
|    ( - -6.568e+03 1 0)
|    ( QUESTION0_7_R 1 -2.201e+04 2.804e+02 9.744e+01
|        ( - -6.400e+03 1 0)
|        ( - -1.533e+04 3 0)))
s>    ( QUESTION3 1 -2.888e+04 3.104e+02 1.279e+02
s>        ( - -6.568e+03 1 0)
s>        ( QUESTION0_7_R 1 -2.201e+04 2.804e+02 9.744e+01
s>            ( - -6.400e+03 1 0)
s>            ( - -1.533e+04 3 0)))INFO: dtree.c(1315): Comp split 11
INFO: dtree.c(1439): stop. leaf nodes are specific
INFO: dtree.c(1478): Final simple tree
|( QUESTION3 1 -3.317e+05 2.267e+02 1.570e+03
|    ( - -1.388e+05 1 0)
|    ( - -1.926e+05 1 0))
s>    ( QUESTION3 1 -3.317e+05 2.267e+02 1.570e+03
s>        ( - -1.388e+05 1 0)
s>        ( - -1.926e+05 1 0))INFO: dtree.c(1315): Comp split 12
INFO: dtree.c(1439): stop. leaf nodes are specific
INFO: dtree.c(1478): Final simple tree
|( QUESTION5 -1 -7.131e+04 2.584e+02 3.300e+02
|    ( QUESTION2_18_L -1 -6.870e+04 2.062e+02 3.182e+02
|        ( - -2.450e+04 1 0)
|        ( - -4.400e+04 1 0))
|    ( - -2.345e+03 1 0))
s>    ( QUESTION5 -1 -7.131e+04 2.584e+02 3.300e+02
s>        ( QUESTION2_18_L -1 -6.870e+04 2.062e+02 3.182e+02
s>            ( - -2.450e+04 1 0)
s>            ( - -4.400e+04 1 0))
s>        ( - -2.345e+03 1 0))INFO: dtree.c(1315): Comp split 13
INFO: dtree.c(1439): stop. leaf nodes are specific
INFO: dtree.c(1478): Final simple tree
|( QUESTION0_5_R 1 -1.772e+06 2.161e+02 8.487e+03
|    ( - -1.019e+06 2 0)
|    ( - -7.527e+05 4 0))
s>    ( QUESTION0_5_R 1 -1.772e+06 2.161e+02 8.487e+03
s>        ( - -1.019e+06 2 0)
s>        ( - -7.527e+05 4 0))INFO: dtree.c(1439): stop. leaf nodes are specific
INFO: dtree.c(1478): Final simple tree
|( QUESTION3 1 -3.582e+05 2.911e+02 1.722e+03
|    ( - -1.779e+05 1 0)
|    ( - -1.799e+05 1 0))
s>    ( QUESTION3 1 -3.582e+05 2.911e+02 1.722e+03
s>        ( - -1.779e+05 1 0)
s>        ( - -1.799e+05 1 0))INFO: dtree.c(1315): Comp split 14
INFO: dtree.c(1439): stop. leaf nodes are specific
INFO: dtree.c(1478): Final simple tree
|( QUESTION0_5_R 1 -1.452e+05 1.692e+02 7.105e+02
|    ( - -1.053e+05 2 0)
|    ( - -3.973e+04 3 0))
s>    ( QUESTION0_5_R 1 -1.452e+05 1.692e+02 7.105e+02
s>        ( - -1.053e+05 2 0)
s>        ( - -3.973e+04 3 0))INFO: dtree.c(1439): stop. leaf nodes are specific
INFO: dtree.c(1478): Final simple tree
|( SILENCE 1 -1.745e+05 1.734e+02 8.546e+02
|    ( - -1.478e+05 1 0)
|    ( - -2.656e+04 1 0))
s>    ( SILENCE 1 -1.745e+05 1.734e+02 8.546e+02
s>        ( - -1.478e+05 1 0)
s>        ( - -2.656e+04 1 0))INFO: dtree.c(1315): Comp split 15
INFO: dtree.c(1439): stop. leaf nodes are specific
INFO: dtree.c(1478): Final simple tree
|( QUESTION0_7_R 1 -2.201e+04 2.804e+02 9.744e+01
|    ( - -6.400e+03 1 0)
|    ( - -1.533e+04 3 0))
s>    ( QUESTION0_7_R 1 -2.201e+04 2.804e+02 9.744e+01
s>        ( - -6.400e+03 1 0)
s>        ( - -1.533e+04 3 0))INFO: dtree.c(1315): Comp split 16
INFO: dtree.c(1315): Comp split 17
INFO: dtree.c(1315): Comp split 18
INFO: dtree.c(1439): stop. leaf nodes are specific
INFO: dtree.c(1478): Final simple tree
|( QUESTION2_18_L -1 -6.870e+04 2.062e+02 3.182e+02
|    ( - -2.450e+04 1 0)
|    ( - -4.400e+04 1 0))
s>    ( QUESTION2_18_L -1 -6.870e+04 2.062e+02 3.182e+02
s>        ( - -2.450e+04 1 0)
s>        ( - -4.400e+04 1 0))INFO: dtree.c(1315): Comp split 19
INFO: dtree.c(1315): Comp split 20
INFO: dtree.c(1315): Comp split 21
INFO: dtree.c(1315): Comp split 22
INFO: dtree.c(1315): Comp split 23
INFO: dtree.c(1315): Comp split 24
INFO: dtree.c(1318): stop. leaf nodes are specific
!!!!!!!!Allocated 65 lines
Thu Apr  7 00:44:43 2016
