Current configuration:
[NAME]		[DEFLT]	[VALUE]
-allphones	no	no
-cntthresh	0.00001	1.000000e-05
-csplitmax	100	2000
-csplitmin	1	1
-csplitthr	8e-4	0.000000e+00
-example	no	no
-fullvar	no	no
-help		no	no
-meanfn			/home/nguyenvanthinh/Desktop/Git/speech recognition  demo/digit/model_parameters/digit.cd_cont_untied/means
-mixwfn			/home/nguyenvanthinh/Desktop/Git/speech recognition  demo/digit/model_parameters/digit.cd_cont_untied/mixture_weights
-moddeffn		/home/nguyenvanthinh/Desktop/Git/speech recognition  demo/digit/model_architecture/digit.untied.mdef
-mwfloor	1e-4	1.000000e-08
-phone			mz
-psetfn			/home/nguyenvanthinh/Desktop/Git/speech recognition  demo/digit/model_architecture/digit.tree_questions
-ssplitmax	5	7
-ssplitmin	1	1
-ssplitthr	8e-4	0.000000e+00
-state			2
-stwt			1.0,0.05,0.0,
-treefn			/home/nguyenvanthinh/Desktop/Git/speech recognition  demo/digit/trees/digit.unpruned/mz-2.dtree
-ts2cbfn	.semi.	.cont.
-varfloor	0.00001	1.000000e-05
-varfn			/home/nguyenvanthinh/Desktop/Git/speech recognition  demo/digit/model_parameters/digit.cd_cont_untied/variances

INFO: main.c(223): Reading: /home/nguyenvanthinh/Desktop/Git/speech recognition  demo/digit/model_architecture/digit.untied.mdef
INFO: model_def_io.c(573): Model definition info:
INFO: model_def_io.c(574): 326 total models defined (31 base, 295 tri)
INFO: model_def_io.c(575): 1304 total states
INFO: model_def_io.c(576): 978 total tied states
INFO: model_def_io.c(577): 93 total tied CI states
INFO: model_def_io.c(578): 31 total tied transition matrices
INFO: model_def_io.c(579): 4 max state/model
INFO: model_def_io.c(580): 4 min state/model
INFO: main.c(242): Building trees for [mz as SIL e] through [mz aw tr e]
INFO: main.c(269): Covering states |[489 557]| == 69
INFO: main.c(275): Reading: /home/nguyenvanthinh/Desktop/Git/speech recognition  demo/digit/model_parameters/digit.cd_cont_untied/mixture_weights
INFO: s3mixw_io.c(173): Read /home/nguyenvanthinh/Desktop/Git/speech recognition  demo/digit/model_parameters/digit.cd_cont_untied/mixture_weights [69x1x1 array]
INFO: main.c(311): 23 of 23 models have observation count greater than 0.000010
INFO: main.c(95): nrm stwt: 0.000 0.048 0.952 
INFO: s3gau_io.c(169): Read /home/nguyenvanthinh/Desktop/Git/speech recognition  demo/digit/model_parameters/digit.cd_cont_untied/means [978x1x1 array]
INFO: s3gau_io.c(169): Read /home/nguyenvanthinh/Desktop/Git/speech recognition  demo/digit/model_parameters/digit.cd_cont_untied/variances [978x1x1 array]
INFO: main.c(549): Reading: /home/nguyenvanthinh/Desktop/Git/speech recognition  demo/digit/model_architecture/digit.tree_questions
INFO: main.c(588): 172 total simple questions (164 phone; 8 word bndry)
INFO: main.c(590): 40 Left Only questions, and 40 Right Only questions
INFO: dtree.c(1478): Final simple tree
|( QUESTION0_5_R 1 -2.907e+06 1.420e+04 1.321e+04
|    ( QUESTION3 -1 -1.126e+06 2.338e+03 5.253e+03
|        ( - -9.142e+05 2 0)
|        ( - -2.097e+05 2 0))
|    ( QUESTION3 -1 -1.766e+06 6.719e+03 7.958e+03
|        ( SILENCE 1 -1.257e+06 3.085e+03 5.690e+03
|            ( - -7.607e+04 1 0)
|            ( QUESTION0_4_R 1 -1.178e+06 2.728e+03 5.335e+03
|                ( - -1.005e+06 6 0 QUESTION0_7_R 1 1.386e+03 4.562e+03)
|                ( QUESTION0_17_R 1 -1.694e+05 1.828e+03 7.730e+02
|                    ( - -2.370e+04 1 0)
|                    ( - -1.439e+05 2 0 QUESTION0_19_R 1 1.204e+03 6.629e+02))))
|        ( QUESTION0_11_R 1 -5.028e+05 2.898e+03 2.268e+03
|            ( - -8.120e+04 2 0 QUESTION0_19_R 1 9.322e+02 3.779e+02)
|            ( - -4.187e+05 7 0 QUESTION0_7_R 1 9.837e+02 1.891e+03))))
s>    ( QUESTION0_5_R 1 -2.907e+06 1.420e+04 1.321e+04
s>        ( QUESTION3 -1 -1.126e+06 2.338e+03 5.253e+03
s>            ( - -9.142e+05 2 0)
s>            ( - -2.097e+05 2 0))
s>        ( QUESTION3 -1 -1.766e+06 6.719e+03 7.958e+03
s>            ( SILENCE 1 -1.257e+06 3.085e+03 5.690e+03
s>                ( - -7.607e+04 1 0)
s>                ( QUESTION0_4_R 1 -1.178e+06 2.728e+03 5.335e+03
s>                    ( - -1.005e+06 6 0 QUESTION0_7_R 1 1.386e+03 4.562e+03)
s>                    ( QUESTION0_17_R 1 -1.694e+05 1.828e+03 7.730e+02
s>                        ( - -2.370e+04 1 0)
s>                        ( - -1.439e+05 2 0 QUESTION0_19_R 1 1.204e+03 6.629e+02))))
s>            ( QUESTION0_11_R 1 -5.028e+05 2.898e+03 2.268e+03
s>                ( - -8.120e+04 2 0 QUESTION0_19_R 1 9.322e+02 3.779e+02)
s>                ( - -4.187e+05 7 0 QUESTION0_7_R 1 9.837e+02 1.891e+03))))INFO: dtree.c(1315): Comp split 0
INFO: dtree.c(1478): Final simple tree
|( QUESTION3 -1 -1.766e+06 6.719e+03 7.958e+03
|    ( SILENCE 1 -1.257e+06 3.085e+03 5.690e+03
|        ( - -7.607e+04 1 0)
|        ( QUESTION0_4_R 1 -1.178e+06 2.728e+03 5.335e+03
|            ( QUESTION0_7_R 1 -1.005e+06 1.386e+03 4.562e+03
|                ( - -3.748e+05 2 0 QUESTION3 1 1.098e+03 1.697e+03)
|                ( - -6.292e+05 4 0))
|            ( QUESTION0_17_R 1 -1.694e+05 1.828e+03 7.730e+02
|                ( - -2.370e+04 1 0)
|                ( QUESTION0_19_R 1 -1.439e+05 1.204e+03 6.629e+02
|                    ( - -4.912e+04 1 0)
|                    ( - -9.354e+04 1 0)))))
|    ( QUESTION0_11_R 1 -5.028e+05 2.898e+03 2.268e+03
|        ( - -8.120e+04 2 0 QUESTION0_19_R 1 9.322e+02 3.779e+02)
|        ( - -4.187e+05 7 0 QUESTION0_7_R 1 9.837e+02 1.891e+03)))
s>    ( QUESTION3 -1 -1.766e+06 6.719e+03 7.958e+03
s>        ( SILENCE 1 -1.257e+06 3.085e+03 5.690e+03
s>            ( - -7.607e+04 1 0)
s>            ( QUESTION0_4_R 1 -1.178e+06 2.728e+03 5.335e+03
s>                ( QUESTION0_7_R 1 -1.005e+06 1.386e+03 4.562e+03
s>                    ( - -3.748e+05 2 0 QUESTION3 1 1.098e+03 1.697e+03)
s>                    ( - -6.292e+05 4 0))
s>                ( QUESTION0_17_R 1 -1.694e+05 1.828e+03 7.730e+02
s>                    ( - -2.370e+04 1 0)
s>                    ( QUESTION0_19_R 1 -1.439e+05 1.204e+03 6.629e+02
s>                        ( - -4.912e+04 1 0)
s>                        ( - -9.354e+04 1 0)))))
s>        ( QUESTION0_11_R 1 -5.028e+05 2.898e+03 2.268e+03
s>            ( - -8.120e+04 2 0 QUESTION0_19_R 1 9.322e+02 3.779e+02)
s>            ( - -4.187e+05 7 0 QUESTION0_7_R 1 9.837e+02 1.891e+03)))INFO: dtree.c(1439): stop. leaf nodes are specific
INFO: dtree.c(1478): Final simple tree
|( QUESTION3 -1 -1.126e+06 2.338e+03 5.253e+03
|    ( - -9.142e+05 2 0)
|    ( - -2.097e+05 2 0))
s>    ( QUESTION3 -1 -1.126e+06 2.338e+03 5.253e+03
s>        ( - -9.142e+05 2 0)
s>        ( - -2.097e+05 2 0))INFO: dtree.c(1315): Comp split 1
INFO: dtree.c(1439): stop. leaf nodes are specific
INFO: dtree.c(1478): Final simple tree
|( SILENCE 1 -4.958e+05 1.272e+03 2.245e+03
|    ( QUESTION3 -1 -1.416e+05 5.509e+02 6.536e+02
|        ( - -7.607e+04 1 0)
|        ( - -6.496e+04 1 0))
|    ( QUESTION0_7_R 1 -3.529e+05 8.553e+02 1.592e+03
|        ( QUESTION3 1 -9.983e+04 3.281e+02 4.565e+02
|            ( - -3.861e+04 1 0)
|            ( - -6.089e+04 1 0))
|        ( - -2.522e+05 4 0)))
s>    ( SILENCE 1 -4.958e+05 1.272e+03 2.245e+03
s>        ( QUESTION3 -1 -1.416e+05 5.509e+02 6.536e+02
s>            ( - -7.607e+04 1 0)
s>            ( - -6.496e+04 1 0))
s>        ( QUESTION0_7_R 1 -3.529e+05 8.553e+02 1.592e+03
s>            ( QUESTION3 1 -9.983e+04 3.281e+02 4.565e+02
s>                ( - -3.861e+04 1 0)
s>                ( - -6.089e+04 1 0))
s>            ( - -2.522e+05 4 0)))INFO: dtree.c(1478): Final simple tree
|( QUESTION0_4_R 1 -1.260e+06 2.744e+03 5.713e+03
|    ( QUESTION0_7_R 1 -1.005e+06 1.386e+03 4.562e+03
|        ( QUESTION3 1 -3.748e+05 1.098e+03 1.697e+03
|            ( - -1.722e+05 1 0)
|            ( - -2.016e+05 1 0))
|        ( - -6.292e+05 4 0))
|    ( QUESTION2 1 -2.522e+05 2.064e+03 1.151e+03
|        ( QUESTION3 -1 -1.559e+05 1.266e+03 7.250e+02
|            ( - -9.354e+04 1 0)
|            ( - -6.108e+04 1 0))
|        ( QUESTION0_17_R 1 -9.424e+04 1.518e+03 4.259e+02
|            ( - -2.370e+04 1 0)
|            ( QUESTION3 -1 -6.903e+04 7.138e+02 3.158e+02
|                ( - -4.912e+04 1 0)
|                ( - -1.919e+04 1 0)))))
s>    ( QUESTION0_4_R 1 -1.260e+06 2.744e+03 5.713e+03
s>        ( QUESTION0_7_R 1 -1.005e+06 1.386e+03 4.562e+03
s>            ( QUESTION3 1 -3.748e+05 1.098e+03 1.697e+03
s>                ( - -1.722e+05 1 0)
s>                ( - -2.016e+05 1 0))
s>            ( - -6.292e+05 4 0))
s>        ( QUESTION2 1 -2.522e+05 2.064e+03 1.151e+03
s>            ( QUESTION3 -1 -1.559e+05 1.266e+03 7.250e+02
s>                ( - -9.354e+04 1 0)
s>                ( - -6.108e+04 1 0))
s>            ( QUESTION0_17_R 1 -9.424e+04 1.518e+03 4.259e+02
s>                ( - -2.370e+04 1 0)
s>                ( QUESTION3 -1 -6.903e+04 7.138e+02 3.158e+02
s>                    ( - -4.912e+04 1 0)
s>                    ( - -1.919e+04 1 0)))))INFO: dtree.c(1315): Comp split 2
INFO: dtree.c(1439): stop. leaf nodes are specific
INFO: dtree.c(1478): Final simple tree
|( QUESTION0_7_R 1 -1.076e+06 1.592e+03 4.878e+03
|    ( QUESTION3 1 -3.748e+05 1.098e+03 1.697e+03
|        ( - -1.722e+05 1 0)
|        ( - -2.016e+05 1 0))
|    ( QUESTION0_4_R 1 -6.994e+05 1.227e+03 3.181e+03
|        ( - -6.292e+05 4 0)
|        ( QUESTION3 -1 -6.903e+04 7.138e+02 3.158e+02
|            ( - -4.912e+04 1 0)
|            ( - -1.919e+04 1 0))))
s>    ( QUESTION0_7_R 1 -1.076e+06 1.592e+03 4.878e+03
s>        ( QUESTION3 1 -3.748e+05 1.098e+03 1.697e+03
s>            ( - -1.722e+05 1 0)
s>            ( - -2.016e+05 1 0))
s>        ( QUESTION0_4_R 1 -6.994e+05 1.227e+03 3.181e+03
s>            ( - -6.292e+05 4 0)
s>            ( QUESTION3 -1 -6.903e+04 7.138e+02 3.158e+02
s>                ( - -4.912e+04 1 0)
s>                ( - -1.919e+04 1 0))))INFO: dtree.c(1439): stop. leaf nodes are specific
INFO: dtree.c(1478): Final simple tree
|( QUESTION0_17_R 1 -1.817e+05 2.134e+03 8.350e+02
|    ( - -2.370e+04 1 0)
|    ( QUESTION3 -1 -1.559e+05 1.266e+03 7.250e+02
|        ( - -9.354e+04 1 0)
|        ( - -6.108e+04 1 0)))
s>    ( QUESTION0_17_R 1 -1.817e+05 2.134e+03 8.350e+02
s>        ( - -2.370e+04 1 0)
s>        ( QUESTION3 -1 -1.559e+05 1.266e+03 7.250e+02
s>            ( - -9.354e+04 1 0)
s>            ( - -6.108e+04 1 0)))INFO: dtree.c(1315): Comp split 3
INFO: dtree.c(1315): Comp split 4
INFO: dtree.c(1439): stop. leaf nodes are specific
INFO: dtree.c(1478): Final simple tree
|( QUESTION3 -1 -1.559e+05 1.266e+03 7.250e+02
|    ( - -9.354e+04 1 0)
|    ( - -6.108e+04 1 0))
s>    ( QUESTION3 -1 -1.559e+05 1.266e+03 7.250e+02
s>        ( - -9.354e+04 1 0)
s>        ( - -6.108e+04 1 0))INFO: dtree.c(1315): Comp split 5
INFO: dtree.c(1439): stop. leaf nodes are specific
INFO: dtree.c(1478): Final simple tree
|( QUESTION0_4_R 1 -6.994e+05 1.227e+03 3.181e+03
|    ( - -6.292e+05 4 0)
|    ( QUESTION3 -1 -6.903e+04 7.138e+02 3.158e+02
|        ( - -4.912e+04 1 0)
|        ( - -1.919e+04 1 0)))
s>    ( QUESTION0_4_R 1 -6.994e+05 1.227e+03 3.181e+03
s>        ( - -6.292e+05 4 0)
s>        ( QUESTION3 -1 -6.903e+04 7.138e+02 3.158e+02
s>            ( - -4.912e+04 1 0)
s>            ( - -1.919e+04 1 0)))INFO: dtree.c(1439): stop. leaf nodes are specific
INFO: dtree.c(1478): Final simple tree
|( QUESTION3 1 -3.748e+05 1.098e+03 1.697e+03
|    ( - -1.722e+05 1 0)
|    ( - -2.016e+05 1 0))
s>    ( QUESTION3 1 -3.748e+05 1.098e+03 1.697e+03
s>        ( - -1.722e+05 1 0)
s>        ( - -2.016e+05 1 0))INFO: dtree.c(1315): Comp split 6
INFO: dtree.c(1439): stop. leaf nodes are specific
INFO: dtree.c(1478): Final simple tree
|( QUESTION0_7_R 1 -3.529e+05 8.553e+02 1.592e+03
|    ( QUESTION3 1 -9.983e+04 3.281e+02 4.565e+02
|        ( - -3.861e+04 1 0)
|        ( - -6.089e+04 1 0))
|    ( - -2.522e+05 4 0))
s>    ( QUESTION0_7_R 1 -3.529e+05 8.553e+02 1.592e+03
s>        ( QUESTION3 1 -9.983e+04 3.281e+02 4.565e+02
s>            ( - -3.861e+04 1 0)
s>            ( - -6.089e+04 1 0))
s>        ( - -2.522e+05 4 0))INFO: dtree.c(1439): stop. leaf nodes are specific
INFO: dtree.c(1478): Final simple tree
|( QUESTION3 -1 -1.416e+05 5.509e+02 6.536e+02
|    ( - -7.607e+04 1 0)
|    ( - -6.496e+04 1 0))
s>    ( QUESTION3 -1 -1.416e+05 5.509e+02 6.536e+02
s>        ( - -7.607e+04 1 0)
s>        ( - -6.496e+04 1 0))INFO: dtree.c(1315): Comp split 7
INFO: dtree.c(1315): Comp split 8
INFO: dtree.c(1439): stop. leaf nodes are specific
INFO: dtree.c(1478): Final simple tree
|( QUESTION3 -1 -6.903e+04 7.138e+02 3.158e+02
|    ( - -4.912e+04 1 0)
|    ( - -1.919e+04 1 0))
s>    ( QUESTION3 -1 -6.903e+04 7.138e+02 3.158e+02
s>        ( - -4.912e+04 1 0)
s>        ( - -1.919e+04 1 0))INFO: dtree.c(1315): Comp split 9
INFO: dtree.c(1315): Comp split 10
INFO: dtree.c(1439): stop. leaf nodes are specific
INFO: dtree.c(1478): Final simple tree
|( QUESTION3 1 -9.983e+04 3.281e+02 4.565e+02
|    ( - -3.861e+04 1 0)
|    ( - -6.089e+04 1 0))
s>    ( QUESTION3 1 -9.983e+04 3.281e+02 4.565e+02
s>        ( - -3.861e+04 1 0)
s>        ( - -6.089e+04 1 0))INFO: dtree.c(1315): Comp split 11
INFO: dtree.c(1315): Comp split 12
INFO: dtree.c(1315): Comp split 13
INFO: dtree.c(1315): Comp split 14
INFO: dtree.c(1318): stop. leaf nodes are specific
!!!!!!!!Allocated 65 lines
Thu Apr  7 00:44:44 2016
