Current configuration:
[NAME]		[DEFLT]	[VALUE]
-allphones	no	no
-cntthresh	0.00001	1.000000e-05
-csplitmax	100	2000
-csplitmin	1	1
-csplitthr	8e-4	0.000000e+00
-example	no	no
-fullvar	no	no
-help		no	no
-meanfn			/home/nguyenvanthinh/Desktop/Git/speech recognition  demo/digit/model_parameters/digit.cd_cont_untied/means
-mixwfn			/home/nguyenvanthinh/Desktop/Git/speech recognition  demo/digit/model_parameters/digit.cd_cont_untied/mixture_weights
-moddeffn		/home/nguyenvanthinh/Desktop/Git/speech recognition  demo/digit/model_architecture/digit.untied.mdef
-mwfloor	1e-4	1.000000e-08
-phone			uw
-psetfn			/home/nguyenvanthinh/Desktop/Git/speech recognition  demo/digit/model_architecture/digit.tree_questions
-ssplitmax	5	7
-ssplitmin	1	1
-ssplitthr	8e-4	0.000000e+00
-state			1
-stwt			1.0,0.05,0.0,
-treefn			/home/nguyenvanthinh/Desktop/Git/speech recognition  demo/digit/trees/digit.unpruned/uw-1.dtree
-ts2cbfn	.semi.	.cont.
-varfloor	0.00001	1.000000e-05
-varfn			/home/nguyenvanthinh/Desktop/Git/speech recognition  demo/digit/model_parameters/digit.cd_cont_untied/variances

INFO: main.c(223): Reading: /home/nguyenvanthinh/Desktop/Git/speech recognition  demo/digit/model_architecture/digit.untied.mdef
INFO: model_def_io.c(573): Model definition info:
INFO: model_def_io.c(574): 326 total models defined (31 base, 295 tri)
INFO: model_def_io.c(575): 1304 total states
INFO: model_def_io.c(576): 978 total tied states
INFO: model_def_io.c(577): 93 total tied CI states
INFO: model_def_io.c(578): 31 total tied transition matrices
INFO: model_def_io.c(579): 4 max state/model
INFO: model_def_io.c(580): 4 min state/model
INFO: main.c(242): Building trees for [uw m ow i] through [uw t t e]
INFO: main.c(269): Covering states |[912 944]| == 33
INFO: main.c(275): Reading: /home/nguyenvanthinh/Desktop/Git/speech recognition  demo/digit/model_parameters/digit.cd_cont_untied/mixture_weights
INFO: s3mixw_io.c(173): Read /home/nguyenvanthinh/Desktop/Git/speech recognition  demo/digit/model_parameters/digit.cd_cont_untied/mixture_weights [33x1x1 array]
INFO: main.c(311): 11 of 11 models have observation count greater than 0.000010
INFO: main.c(95): nrm stwt: 0.045 0.909 0.045 
INFO: s3gau_io.c(169): Read /home/nguyenvanthinh/Desktop/Git/speech recognition  demo/digit/model_parameters/digit.cd_cont_untied/means [978x1x1 array]
INFO: s3gau_io.c(169): Read /home/nguyenvanthinh/Desktop/Git/speech recognition  demo/digit/model_parameters/digit.cd_cont_untied/variances [978x1x1 array]
INFO: main.c(549): Reading: /home/nguyenvanthinh/Desktop/Git/speech recognition  demo/digit/model_architecture/digit.tree_questions
INFO: main.c(588): 172 total simple questions (164 phone; 8 word bndry)
INFO: main.c(590): 40 Left Only questions, and 40 Right Only questions
INFO: dtree.c(1478): Final simple tree
|( WDBNDRY_E 0 -1.258e+05 4.736e+03 5.571e+02
|    ( QUESTION0_11_R 1 -5.258e+04 8.297e+02 2.489e+02
|        ( - -1.631e+04 1 0)
|        ( QUESTION0_5_R 1 -3.544e+04 3.011e+02 1.755e+02
|            ( - -6.032e+03 1 0)
|            ( QUESTION3 1 -2.910e+04 4.424e+02 1.470e+02
|                ( - 2.463e+01 1 0)
|                ( QUESTION0_7_R 1 -2.869e+04 4.082e+02 1.460e+02
|                    ( - 5.040e+01 1 0)
|                    ( SILENCE 1 -2.833e+04 2.548e+02 1.450e+02
|                        ( - -2.260e+04 1 0)
|                        ( - -5.469e+03 4 0))))))
|    ( QUESTION0_1_R 1 -6.847e+04 6.796e+02 3.082e+02
|        ( - -3.358e+04 1 0)
|        ( - -3.421e+04 1 0)))
s>    ( WDBNDRY_E 0 -1.258e+05 4.736e+03 5.571e+02
s>        ( QUESTION0_11_R 1 -5.258e+04 8.297e+02 2.489e+02
s>            ( - -1.631e+04 1 0)
s>            ( QUESTION0_5_R 1 -3.544e+04 3.011e+02 1.755e+02
s>                ( - -6.032e+03 1 0)
s>                ( QUESTION3 1 -2.910e+04 4.424e+02 1.470e+02
s>                    ( - 2.463e+01 1 0)
s>                    ( QUESTION0_7_R 1 -2.869e+04 4.082e+02 1.460e+02
s>                        ( - 5.040e+01 1 0)
s>                        ( SILENCE 1 -2.833e+04 2.548e+02 1.450e+02
s>                            ( - -2.260e+04 1 0)
s>                            ( - -5.469e+03 4 0))))))
s>        ( QUESTION0_1_R 1 -6.847e+04 6.796e+02 3.082e+02
s>            ( - -3.358e+04 1 0)
s>            ( - -3.421e+04 1 0)))INFO: dtree.c(1315): Comp split 0
INFO: dtree.c(1439): stop. leaf nodes are specific
INFO: dtree.c(1478): Final simple tree
|( QUESTION0_11_R 1 -5.258e+04 8.297e+02 2.489e+02
|    ( - -1.631e+04 1 0)
|    ( QUESTION0_5_R 1 -3.544e+04 3.011e+02 1.755e+02
|        ( - -6.032e+03 1 0)
|        ( QUESTION3 1 -2.910e+04 4.424e+02 1.470e+02
|            ( - 2.463e+01 1 0)
|            ( QUESTION0_7_R 1 -2.869e+04 4.082e+02 1.460e+02
|                ( - 5.040e+01 1 0)
|                ( SILENCE 1 -2.833e+04 2.548e+02 1.450e+02
|                    ( - -2.260e+04 1 0)
|                    ( - -5.469e+03 4 0))))))
s>    ( QUESTION0_11_R 1 -5.258e+04 8.297e+02 2.489e+02
s>        ( - -1.631e+04 1 0)
s>        ( QUESTION0_5_R 1 -3.544e+04 3.011e+02 1.755e+02
s>            ( - -6.032e+03 1 0)
s>            ( QUESTION3 1 -2.910e+04 4.424e+02 1.470e+02
s>                ( - 2.463e+01 1 0)
s>                ( QUESTION0_7_R 1 -2.869e+04 4.082e+02 1.460e+02
s>                    ( - 5.040e+01 1 0)
s>                    ( SILENCE 1 -2.833e+04 2.548e+02 1.450e+02
s>                        ( - -2.260e+04 1 0)
s>                        ( - -5.469e+03 4 0))))))INFO: dtree.c(1439): stop. leaf nodes are specific
INFO: dtree.c(1478): Final simple tree
|( QUESTION0_1_R 1 -6.847e+04 6.796e+02 3.082e+02
|    ( - -3.358e+04 1 0)
|    ( - -3.421e+04 1 0))
s>    ( QUESTION0_1_R 1 -6.847e+04 6.796e+02 3.082e+02
s>        ( - -3.358e+04 1 0)
s>        ( - -3.421e+04 1 0))INFO: dtree.c(1315): Comp split 1
INFO: dtree.c(1439): stop. leaf nodes are specific
INFO: dtree.c(1478): Final simple tree
|( QUESTION0_5_R 1 -3.544e+04 3.011e+02 1.755e+02
|    ( - -6.032e+03 1 0)
|    ( QUESTION3 1 -2.910e+04 4.424e+02 1.470e+02
|        ( - 2.463e+01 1 0)
|        ( QUESTION0_7_R 1 -2.869e+04 4.082e+02 1.460e+02
|            ( - 5.040e+01 1 0)
|            ( SILENCE 1 -2.833e+04 2.548e+02 1.450e+02
|                ( - -2.260e+04 1 0)
|                ( - -5.469e+03 4 0)))))
s>    ( QUESTION0_5_R 1 -3.544e+04 3.011e+02 1.755e+02
s>        ( - -6.032e+03 1 0)
s>        ( QUESTION3 1 -2.910e+04 4.424e+02 1.470e+02
s>            ( - 2.463e+01 1 0)
s>            ( QUESTION0_7_R 1 -2.869e+04 4.082e+02 1.460e+02
s>                ( - 5.040e+01 1 0)
s>                ( SILENCE 1 -2.833e+04 2.548e+02 1.450e+02
s>                    ( - -2.260e+04 1 0)
s>                    ( - -5.469e+03 4 0)))))INFO: dtree.c(1315): Comp split 2
INFO: dtree.c(1315): Comp split 3
INFO: dtree.c(1439): stop. leaf nodes are specific
INFO: dtree.c(1478): Final simple tree
|( QUESTION0_7_R 1 -3.502e+04 4.073e+02 1.745e+02
|    ( - 5.040e+01 1 0)
|    ( QUESTION0_5_R 1 -3.466e+04 3.023e+02 1.735e+02
|        ( - -6.032e+03 1 0)
|        ( SILENCE 1 -2.833e+04 2.548e+02 1.450e+02
|            ( - -2.260e+04 1 0)
|            ( - -5.469e+03 4 0))))
s>    ( QUESTION0_7_R 1 -3.502e+04 4.073e+02 1.745e+02
s>        ( - 5.040e+01 1 0)
s>        ( QUESTION0_5_R 1 -3.466e+04 3.023e+02 1.735e+02
s>            ( - -6.032e+03 1 0)
s>            ( SILENCE 1 -2.833e+04 2.548e+02 1.450e+02
s>                ( - -2.260e+04 1 0)
s>                ( - -5.469e+03 4 0))))INFO: dtree.c(1315): Comp split 4
INFO: dtree.c(1439): stop. leaf nodes are specific
INFO: dtree.c(1478): Final simple tree
|( QUESTION0_5_R 1 -3.466e+04 3.023e+02 1.735e+02
|    ( - -6.032e+03 1 0)
|    ( SILENCE 1 -2.833e+04 2.548e+02 1.450e+02
|        ( - -2.260e+04 1 0)
|        ( - -5.469e+03 4 0)))
s>    ( QUESTION0_5_R 1 -3.466e+04 3.023e+02 1.735e+02
s>        ( - -6.032e+03 1 0)
s>        ( SILENCE 1 -2.833e+04 2.548e+02 1.450e+02
s>            ( - -2.260e+04 1 0)
s>            ( - -5.469e+03 4 0)))INFO: dtree.c(1315): Comp split 5
INFO: dtree.c(1439): stop. leaf nodes are specific
INFO: dtree.c(1478): Final simple tree
|( SILENCE 1 -2.833e+04 2.548e+02 1.450e+02
|    ( - -2.260e+04 1 0)
|    ( - -5.469e+03 4 0))
s>    ( SILENCE 1 -2.833e+04 2.548e+02 1.450e+02
s>        ( - -2.260e+04 1 0)
s>        ( - -5.469e+03 4 0))INFO: dtree.c(1315): Comp split 6
INFO: dtree.c(1315): Comp split 7
INFO: dtree.c(1318): stop. leaf nodes are specific
!!!!!!!!Allocated 65 lines
Thu Apr  7 00:44:45 2016
