Current configuration:
[NAME]		[DEFLT]	[VALUE]
-allphones	no	no
-cntthresh	0.00001	1.000000e-05
-csplitmax	100	2000
-csplitmin	1	1
-csplitthr	8e-4	0.000000e+00
-example	no	no
-fullvar	no	no
-help		no	no
-meanfn			/home/nguyenvanthinh/Desktop/Git/speech recognition  demo/digit/model_parameters/digit.cd_cont_untied/means
-mixwfn			/home/nguyenvanthinh/Desktop/Git/speech recognition  demo/digit/model_parameters/digit.cd_cont_untied/mixture_weights
-moddeffn		/home/nguyenvanthinh/Desktop/Git/speech recognition  demo/digit/model_architecture/digit.untied.mdef
-mwfloor	1e-4	1.000000e-08
-phone			kh
-psetfn			/home/nguyenvanthinh/Desktop/Git/speech recognition  demo/digit/model_architecture/digit.tree_questions
-ssplitmax	5	7
-ssplitmin	1	1
-ssplitthr	8e-4	0.000000e+00
-state			0
-stwt			1.0,0.05,0.0,
-treefn			/home/nguyenvanthinh/Desktop/Git/speech recognition  demo/digit/trees/digit.unpruned/kh-0.dtree
-ts2cbfn	.semi.	.cont.
-varfloor	0.00001	1.000000e-05
-varfn			/home/nguyenvanthinh/Desktop/Git/speech recognition  demo/digit/model_parameters/digit.cd_cont_untied/variances

INFO: main.c(223): Reading: /home/nguyenvanthinh/Desktop/Git/speech recognition  demo/digit/model_architecture/digit.untied.mdef
INFO: model_def_io.c(573): Model definition info:
INFO: model_def_io.c(574): 326 total models defined (31 base, 295 tri)
INFO: model_def_io.c(575): 1304 total states
INFO: model_def_io.c(576): 978 total tied states
INFO: model_def_io.c(577): 93 total tied CI states
INFO: model_def_io.c(578): 31 total tied transition matrices
INFO: model_def_io.c(579): 4 max state/model
INFO: model_def_io.c(580): 4 min state/model
INFO: main.c(242): Building trees for [kh SIL oo b] through [kh uz oo b]
INFO: main.c(269): Covering states |[402 428]| == 27
INFO: main.c(275): Reading: /home/nguyenvanthinh/Desktop/Git/speech recognition  demo/digit/model_parameters/digit.cd_cont_untied/mixture_weights
INFO: s3mixw_io.c(173): Read /home/nguyenvanthinh/Desktop/Git/speech recognition  demo/digit/model_parameters/digit.cd_cont_untied/mixture_weights [27x1x1 array]
INFO: main.c(311): 9 of 9 models have observation count greater than 0.000010
INFO: main.c(95): nrm stwt: 0.952 0.048 0.000 
INFO: s3gau_io.c(169): Read /home/nguyenvanthinh/Desktop/Git/speech recognition  demo/digit/model_parameters/digit.cd_cont_untied/means [978x1x1 array]
INFO: s3gau_io.c(169): Read /home/nguyenvanthinh/Desktop/Git/speech recognition  demo/digit/model_parameters/digit.cd_cont_untied/variances [978x1x1 array]
INFO: main.c(549): Reading: /home/nguyenvanthinh/Desktop/Git/speech recognition  demo/digit/model_architecture/digit.tree_questions
INFO: main.c(588): 172 total simple questions (164 phone; 8 word bndry)
INFO: main.c(590): 40 Left Only questions, and 40 Right Only questions
INFO: dtree.c(1478): Final simple tree
|( QUESTION2_3_L -1 -1.008e+06 2.003e+03 4.368e+03
|    ( QUESTION8 -1 -3.453e+05 6.162e+02 1.508e+03
|        ( - -1.961e+05 1 0)
|        ( QUESTION2 -1 -1.486e+05 4.745e+02 6.430e+02
|            ( - -6.507e+04 1 0)
|            ( - -8.305e+04 2 0 QUESTION18 -1 1.972e+02 3.590e+02)))
|    ( QUESTION10 -1 -6.605e+05 1.752e+03 2.861e+03
|        ( - -9.153e+04 1 0)
|        ( QUESTION13 -1 -5.673e+05 1.162e+03 2.460e+03
|            ( - -1.295e+05 1 0)
|            ( QUESTION1 -1 -4.366e+05 4.776e+02 1.902e+03
|                ( - -2.620e+05 1 0)
|                ( SILENCE -1 -1.741e+05 3.218e+02 7.674e+02
|                    ( - -1.084e+05 1 0)
|                    ( - -6.532e+04 1 0))))))
s>    ( QUESTION2_3_L -1 -1.008e+06 2.003e+03 4.368e+03
s>        ( QUESTION8 -1 -3.453e+05 6.162e+02 1.508e+03
s>            ( - -1.961e+05 1 0)
s>            ( QUESTION2 -1 -1.486e+05 4.745e+02 6.430e+02
s>                ( - -6.507e+04 1 0)
s>                ( - -8.305e+04 2 0 QUESTION18 -1 1.972e+02 3.590e+02)))
s>        ( QUESTION10 -1 -6.605e+05 1.752e+03 2.861e+03
s>            ( - -9.153e+04 1 0)
s>            ( QUESTION13 -1 -5.673e+05 1.162e+03 2.460e+03
s>                ( - -1.295e+05 1 0)
s>                ( QUESTION1 -1 -4.366e+05 4.776e+02 1.902e+03
s>                    ( - -2.620e+05 1 0)
s>                    ( SILENCE -1 -1.741e+05 3.218e+02 7.674e+02
s>                        ( - -1.084e+05 1 0)
s>                        ( - -6.532e+04 1 0))))))INFO: dtree.c(1315): Comp split 0
INFO: dtree.c(1439): stop. leaf nodes are specific
INFO: dtree.c(1478): Final simple tree
|( QUESTION13 -1 -5.673e+05 1.162e+03 2.460e+03
|    ( - -1.295e+05 1 0)
|    ( QUESTION1 -1 -4.366e+05 4.776e+02 1.902e+03
|        ( - -2.620e+05 1 0)
|        ( SILENCE -1 -1.741e+05 3.218e+02 7.674e+02
|            ( - -1.084e+05 1 0)
|            ( - -6.532e+04 1 0))))
s>    ( QUESTION13 -1 -5.673e+05 1.162e+03 2.460e+03
s>        ( - -1.295e+05 1 0)
s>        ( QUESTION1 -1 -4.366e+05 4.776e+02 1.902e+03
s>            ( - -2.620e+05 1 0)
s>            ( SILENCE -1 -1.741e+05 3.218e+02 7.674e+02
s>                ( - -1.084e+05 1 0)
s>                ( - -6.532e+04 1 0))))INFO: dtree.c(1439): stop. leaf nodes are specific
INFO: dtree.c(1478): Final simple tree
|( QUESTION2 -1 -4.376e+05 7.826e+02 1.908e+03
|    ( QUESTION3 -1 -2.617e+05 5.120e+02 1.149e+03
|        ( - -6.507e+04 1 0)
|        ( - -1.961e+05 1 0))
|    ( QUESTION10 -1 -1.751e+05 5.273e+02 7.592e+02
|        ( - -9.153e+04 1 0)
|        ( QUESTION18 -1 -8.305e+04 1.972e+02 3.590e+02
|            ( - -6.437e+02 1 0)
|            ( - -8.221e+04 1 0))))
s>    ( QUESTION2 -1 -4.376e+05 7.826e+02 1.908e+03
s>        ( QUESTION3 -1 -2.617e+05 5.120e+02 1.149e+03
s>            ( - -6.507e+04 1 0)
s>            ( - -1.961e+05 1 0))
s>        ( QUESTION10 -1 -1.751e+05 5.273e+02 7.592e+02
s>            ( - -9.153e+04 1 0)
s>            ( QUESTION18 -1 -8.305e+04 1.972e+02 3.590e+02
s>                ( - -6.437e+02 1 0)
s>                ( - -8.221e+04 1 0))))INFO: dtree.c(1315): Comp split 1
INFO: dtree.c(1439): stop. leaf nodes are specific
INFO: dtree.c(1478): Final simple tree
|( QUESTION1 -1 -4.366e+05 4.776e+02 1.902e+03
|    ( - -2.620e+05 1 0)
|    ( SILENCE -1 -1.741e+05 3.218e+02 7.674e+02
|        ( - -1.084e+05 1 0)
|        ( - -6.532e+04 1 0)))
s>    ( QUESTION1 -1 -4.366e+05 4.776e+02 1.902e+03
s>        ( - -2.620e+05 1 0)
s>        ( SILENCE -1 -1.741e+05 3.218e+02 7.674e+02
s>            ( - -1.084e+05 1 0)
s>            ( - -6.532e+04 1 0)))INFO: dtree.c(1315): Comp split 2
INFO: dtree.c(1439): stop. leaf nodes are specific
INFO: dtree.c(1478): Final simple tree
|( QUESTION10 -1 -1.751e+05 5.273e+02 7.592e+02
|    ( - -9.153e+04 1 0)
|    ( QUESTION18 -1 -8.305e+04 1.972e+02 3.590e+02
|        ( - -6.437e+02 1 0)
|        ( - -8.221e+04 1 0)))
s>    ( QUESTION10 -1 -1.751e+05 5.273e+02 7.592e+02
s>        ( - -9.153e+04 1 0)
s>        ( QUESTION18 -1 -8.305e+04 1.972e+02 3.590e+02
s>            ( - -6.437e+02 1 0)
s>            ( - -8.221e+04 1 0)))INFO: dtree.c(1439): stop. leaf nodes are specific
INFO: dtree.c(1478): Final simple tree
|( QUESTION3 -1 -2.617e+05 5.120e+02 1.149e+03
|    ( - -6.507e+04 1 0)
|    ( - -1.961e+05 1 0))
s>    ( QUESTION3 -1 -2.617e+05 5.120e+02 1.149e+03
s>        ( - -6.507e+04 1 0)
s>        ( - -1.961e+05 1 0))INFO: dtree.c(1315): Comp split 3
INFO: dtree.c(1439): stop. leaf nodes are specific
INFO: dtree.c(1478): Final simple tree
|( QUESTION18 -1 -8.305e+04 1.972e+02 3.590e+02
|    ( - -6.437e+02 1 0)
|    ( - -8.221e+04 1 0))
s>    ( QUESTION18 -1 -8.305e+04 1.972e+02 3.590e+02
s>        ( - -6.437e+02 1 0)
s>        ( - -8.221e+04 1 0))INFO: dtree.c(1315): Comp split 4
INFO: dtree.c(1315): Comp split 5
INFO: dtree.c(1439): stop. leaf nodes are specific
INFO: dtree.c(1478): Final simple tree
|( SILENCE -1 -1.741e+05 3.218e+02 7.674e+02
|    ( - -1.084e+05 1 0)
|    ( - -6.532e+04 1 0))
s>    ( SILENCE -1 -1.741e+05 3.218e+02 7.674e+02
s>        ( - -1.084e+05 1 0)
s>        ( - -6.532e+04 1 0))INFO: dtree.c(1315): Comp split 6
INFO: dtree.c(1315): Comp split 7
INFO: dtree.c(1315): Comp split 8
INFO: dtree.c(1318): stop. leaf nodes are specific
!!!!!!!!Allocated 65 lines
Thu Apr  7 00:44:42 2016
