Current configuration:
[NAME]		[DEFLT]	[VALUE]
-allphones	no	no
-cntthresh	0.00001	1.000000e-05
-csplitmax	100	2000
-csplitmin	1	1
-csplitthr	8e-4	0.000000e+00
-example	no	no
-fullvar	no	no
-help		no	no
-meanfn			/home/nguyenvanthinh/Desktop/Git/speech recognition  demo/digit/model_parameters/digit.cd_cont_untied/means
-mixwfn			/home/nguyenvanthinh/Desktop/Git/speech recognition  demo/digit/model_parameters/digit.cd_cont_untied/mixture_weights
-moddeffn		/home/nguyenvanthinh/Desktop/Git/speech recognition  demo/digit/model_architecture/digit.untied.mdef
-mwfloor	1e-4	1.000000e-08
-phone			kh
-psetfn			/home/nguyenvanthinh/Desktop/Git/speech recognition  demo/digit/model_architecture/digit.tree_questions
-ssplitmax	5	7
-ssplitmin	1	1
-ssplitthr	8e-4	0.000000e+00
-state			1
-stwt			1.0,0.05,0.0,
-treefn			/home/nguyenvanthinh/Desktop/Git/speech recognition  demo/digit/trees/digit.unpruned/kh-1.dtree
-ts2cbfn	.semi.	.cont.
-varfloor	0.00001	1.000000e-05
-varfn			/home/nguyenvanthinh/Desktop/Git/speech recognition  demo/digit/model_parameters/digit.cd_cont_untied/variances

INFO: main.c(223): Reading: /home/nguyenvanthinh/Desktop/Git/speech recognition  demo/digit/model_architecture/digit.untied.mdef
INFO: model_def_io.c(573): Model definition info:
INFO: model_def_io.c(574): 326 total models defined (31 base, 295 tri)
INFO: model_def_io.c(575): 1304 total states
INFO: model_def_io.c(576): 978 total tied states
INFO: model_def_io.c(577): 93 total tied CI states
INFO: model_def_io.c(578): 31 total tied transition matrices
INFO: model_def_io.c(579): 4 max state/model
INFO: model_def_io.c(580): 4 min state/model
INFO: main.c(242): Building trees for [kh SIL oo b] through [kh uz oo b]
INFO: main.c(269): Covering states |[402 428]| == 27
INFO: main.c(275): Reading: /home/nguyenvanthinh/Desktop/Git/speech recognition  demo/digit/model_parameters/digit.cd_cont_untied/mixture_weights
INFO: s3mixw_io.c(173): Read /home/nguyenvanthinh/Desktop/Git/speech recognition  demo/digit/model_parameters/digit.cd_cont_untied/mixture_weights [27x1x1 array]
INFO: main.c(311): 9 of 9 models have observation count greater than 0.000010
INFO: main.c(95): nrm stwt: 0.045 0.909 0.045 
INFO: s3gau_io.c(169): Read /home/nguyenvanthinh/Desktop/Git/speech recognition  demo/digit/model_parameters/digit.cd_cont_untied/means [978x1x1 array]
INFO: s3gau_io.c(169): Read /home/nguyenvanthinh/Desktop/Git/speech recognition  demo/digit/model_parameters/digit.cd_cont_untied/variances [978x1x1 array]
INFO: main.c(549): Reading: /home/nguyenvanthinh/Desktop/Git/speech recognition  demo/digit/model_architecture/digit.tree_questions
INFO: main.c(588): 172 total simple questions (164 phone; 8 word bndry)
INFO: main.c(590): 40 Left Only questions, and 40 Right Only questions
INFO: dtree.c(1478): Final simple tree
|( QUESTION15 -1 -6.358e+05 8.311e+02 2.862e+03
|    ( - -1.030e+05 1 0)
|    ( QUESTION12 -1 -5.319e+05 7.938e+02 2.388e+03
|        ( - -1.438e+05 1 0)
|        ( SILENCE -1 -3.873e+05 7.809e+02 1.753e+03
|            ( - -4.881e+04 1 0)
|            ( QUESTION10 -1 -3.377e+05 5.581e+02 1.542e+03
|                ( - -5.651e+04 1 0)
|                ( QUESTION18 -1 -2.807e+05 3.942e+02 1.284e+03
|                    ( - -7.914e+02 1 0)
|                    ( QUESTION0 -1 -2.795e+05 2.240e+02 1.280e+03
|                        ( - -4.067e+04 1 0)
|                        ( QUESTION3 -1 -2.386e+05 1.827e+02 1.092e+03
|                            ( - -5.447e+04 1 0)
|                            ( - -1.839e+05 2 0 QUESTION2 -1 1.624e+02 8.398e+02))))))))
s>    ( QUESTION15 -1 -6.358e+05 8.311e+02 2.862e+03
s>        ( - -1.030e+05 1 0)
s>        ( QUESTION12 -1 -5.319e+05 7.938e+02 2.388e+03
s>            ( - -1.438e+05 1 0)
s>            ( SILENCE -1 -3.873e+05 7.809e+02 1.753e+03
s>                ( - -4.881e+04 1 0)
s>                ( QUESTION10 -1 -3.377e+05 5.581e+02 1.542e+03
s>                    ( - -5.651e+04 1 0)
s>                    ( QUESTION18 -1 -2.807e+05 3.942e+02 1.284e+03
s>                        ( - -7.914e+02 1 0)
s>                        ( QUESTION0 -1 -2.795e+05 2.240e+02 1.280e+03
s>                            ( - -4.067e+04 1 0)
s>                            ( QUESTION3 -1 -2.386e+05 1.827e+02 1.092e+03
s>                                ( - -5.447e+04 1 0)
s>                                ( - -1.839e+05 2 0 QUESTION2 -1 1.624e+02 8.398e+02))))))))INFO: dtree.c(1315): Comp split 0
INFO: dtree.c(1439): stop. leaf nodes are specific
INFO: dtree.c(1478): Final simple tree
|( QUESTION10 -1 -3.366e+05 5.621e+02 1.538e+03
|    ( - -5.651e+04 1 0)
|    ( QUESTION0 -1 -2.795e+05 2.240e+02 1.280e+03
|        ( - -4.067e+04 1 0)
|        ( QUESTION3 -1 -2.386e+05 1.827e+02 1.092e+03
|            ( - -5.447e+04 1 0)
|            ( QUESTION2 -1 -1.839e+05 1.624e+02 8.398e+02
|                ( - -1.178e+05 1 0)
|                ( - -6.595e+04 1 0)))))
s>    ( QUESTION10 -1 -3.366e+05 5.621e+02 1.538e+03
s>        ( - -5.651e+04 1 0)
s>        ( QUESTION0 -1 -2.795e+05 2.240e+02 1.280e+03
s>            ( - -4.067e+04 1 0)
s>            ( QUESTION3 -1 -2.386e+05 1.827e+02 1.092e+03
s>                ( - -5.447e+04 1 0)
s>                ( QUESTION2 -1 -1.839e+05 1.624e+02 8.398e+02
s>                    ( - -1.178e+05 1 0)
s>                    ( - -6.595e+04 1 0)))))INFO: dtree.c(1439): stop. leaf nodes are specific
INFO: dtree.c(1478): Final simple tree
|( QUESTION15 -1 -2.980e+05 7.510e+02 1.325e+03
|    ( - -1.030e+05 1 0)
|    ( QUESTION12 -1 -1.942e+05 5.027e+02 8.501e+02
|        ( - -1.438e+05 1 0)
|        ( SILENCE -1 -4.991e+04 3.034e+02 2.151e+02
|            ( - -4.881e+04 1 0)
|            ( - -7.914e+02 1 0))))
s>    ( QUESTION15 -1 -2.980e+05 7.510e+02 1.325e+03
s>        ( - -1.030e+05 1 0)
s>        ( QUESTION12 -1 -1.942e+05 5.027e+02 8.501e+02
s>            ( - -1.438e+05 1 0)
s>            ( SILENCE -1 -4.991e+04 3.034e+02 2.151e+02
s>                ( - -4.881e+04 1 0)
s>                ( - -7.914e+02 1 0))))INFO: dtree.c(1315): Comp split 1
INFO: dtree.c(1439): stop. leaf nodes are specific
INFO: dtree.c(1478): Final simple tree
|( QUESTION12 -1 -1.942e+05 5.027e+02 8.501e+02
|    ( - -1.438e+05 1 0)
|    ( SILENCE -1 -4.991e+04 3.034e+02 2.151e+02
|        ( - -4.881e+04 1 0)
|        ( - -7.914e+02 1 0)))
s>    ( QUESTION12 -1 -1.942e+05 5.027e+02 8.501e+02
s>        ( - -1.438e+05 1 0)
s>        ( SILENCE -1 -4.991e+04 3.034e+02 2.151e+02
s>            ( - -4.881e+04 1 0)
s>            ( - -7.914e+02 1 0)))INFO: dtree.c(1315): Comp split 2
INFO: dtree.c(1439): stop. leaf nodes are specific
INFO: dtree.c(1478): Final simple tree
|( QUESTION0 -1 -2.795e+05 2.240e+02 1.280e+03
|    ( - -4.067e+04 1 0)
|    ( QUESTION3 -1 -2.386e+05 1.827e+02 1.092e+03
|        ( - -5.447e+04 1 0)
|        ( QUESTION2 -1 -1.839e+05 1.624e+02 8.398e+02
|            ( - -1.178e+05 1 0)
|            ( - -6.595e+04 1 0))))
s>    ( QUESTION0 -1 -2.795e+05 2.240e+02 1.280e+03
s>        ( - -4.067e+04 1 0)
s>        ( QUESTION3 -1 -2.386e+05 1.827e+02 1.092e+03
s>            ( - -5.447e+04 1 0)
s>            ( QUESTION2 -1 -1.839e+05 1.624e+02 8.398e+02
s>                ( - -1.178e+05 1 0)
s>                ( - -6.595e+04 1 0))))INFO: dtree.c(1315): Comp split 3
INFO: dtree.c(1439): stop. leaf nodes are specific
INFO: dtree.c(1478): Final simple tree
|( SILENCE -1 -4.991e+04 3.034e+02 2.151e+02
|    ( - -4.881e+04 1 0)
|    ( - -7.914e+02 1 0))
s>    ( SILENCE -1 -4.991e+04 3.034e+02 2.151e+02
s>        ( - -4.881e+04 1 0)
s>        ( - -7.914e+02 1 0))INFO: dtree.c(1315): Comp split 4
INFO: dtree.c(1315): Comp split 5
INFO: dtree.c(1439): stop. leaf nodes are specific
INFO: dtree.c(1478): Final simple tree
|( QUESTION3 -1 -2.386e+05 1.827e+02 1.092e+03
|    ( - -5.447e+04 1 0)
|    ( QUESTION2 -1 -1.839e+05 1.624e+02 8.398e+02
|        ( - -1.178e+05 1 0)
|        ( - -6.595e+04 1 0)))
s>    ( QUESTION3 -1 -2.386e+05 1.827e+02 1.092e+03
s>        ( - -5.447e+04 1 0)
s>        ( QUESTION2 -1 -1.839e+05 1.624e+02 8.398e+02
s>            ( - -1.178e+05 1 0)
s>            ( - -6.595e+04 1 0)))INFO: dtree.c(1315): Comp split 6
INFO: dtree.c(1439): stop. leaf nodes are specific
INFO: dtree.c(1478): Final simple tree
|( QUESTION2 -1 -1.839e+05 1.624e+02 8.398e+02
|    ( - -1.178e+05 1 0)
|    ( - -6.595e+04 1 0))
s>    ( QUESTION2 -1 -1.839e+05 1.624e+02 8.398e+02
s>        ( - -1.178e+05 1 0)
s>        ( - -6.595e+04 1 0))INFO: dtree.c(1315): Comp split 7
INFO: dtree.c(1315): Comp split 8
INFO: dtree.c(1318): stop. leaf nodes are specific
!!!!!!!!Allocated 65 lines
Thu Apr  7 00:44:42 2016
