Current configuration:
[NAME]		[DEFLT]	[VALUE]
-allphones	no	no
-cntthresh	0.00001	1.000000e-05
-csplitmax	100	2000
-csplitmin	1	1
-csplitthr	8e-4	0.000000e+00
-example	no	no
-fullvar	no	no
-help		no	no
-meanfn			/home/nguyenvanthinh/Desktop/Git/speech recognition  demo/digit/model_parameters/digit.cd_cont_untied/means
-mixwfn			/home/nguyenvanthinh/Desktop/Git/speech recognition  demo/digit/model_parameters/digit.cd_cont_untied/mixture_weights
-moddeffn		/home/nguyenvanthinh/Desktop/Git/speech recognition  demo/digit/model_architecture/digit.untied.mdef
-mwfloor	1e-4	1.000000e-08
-phone			ngz
-psetfn			/home/nguyenvanthinh/Desktop/Git/speech recognition  demo/digit/model_architecture/digit.tree_questions
-ssplitmax	5	7
-ssplitmin	1	1
-ssplitthr	8e-4	0.000000e+00
-state			1
-stwt			1.0,0.05,0.0,
-treefn			/home/nguyenvanthinh/Desktop/Git/speech recognition  demo/digit/trees/digit.unpruned/ngz-1.dtree
-ts2cbfn	.semi.	.cont.
-varfloor	0.00001	1.000000e-05
-varfn			/home/nguyenvanthinh/Desktop/Git/speech recognition  demo/digit/model_parameters/digit.cd_cont_untied/variances

INFO: main.c(223): Reading: /home/nguyenvanthinh/Desktop/Git/speech recognition  demo/digit/model_architecture/digit.untied.mdef
INFO: model_def_io.c(573): Model definition info:
INFO: model_def_io.c(574): 326 total models defined (31 base, 295 tri)
INFO: model_def_io.c(575): 1304 total states
INFO: model_def_io.c(576): 978 total tied states
INFO: model_def_io.c(577): 93 total tied CI states
INFO: model_def_io.c(578): 31 total tied transition matrices
INFO: model_def_io.c(579): 4 max state/model
INFO: model_def_io.c(580): 4 min state/model
INFO: main.c(242): Building trees for [ngz i b e] through [ngz oo tr e]
INFO: main.c(269): Covering states |[606 656]| == 51
INFO: main.c(275): Reading: /home/nguyenvanthinh/Desktop/Git/speech recognition  demo/digit/model_parameters/digit.cd_cont_untied/mixture_weights
INFO: s3mixw_io.c(173): Read /home/nguyenvanthinh/Desktop/Git/speech recognition  demo/digit/model_parameters/digit.cd_cont_untied/mixture_weights [51x1x1 array]
INFO: main.c(311): 17 of 17 models have observation count greater than 0.000010
INFO: main.c(95): nrm stwt: 0.045 0.909 0.045 
INFO: s3gau_io.c(169): Read /home/nguyenvanthinh/Desktop/Git/speech recognition  demo/digit/model_parameters/digit.cd_cont_untied/means [978x1x1 array]
INFO: s3gau_io.c(169): Read /home/nguyenvanthinh/Desktop/Git/speech recognition  demo/digit/model_parameters/digit.cd_cont_untied/variances [978x1x1 array]
INFO: main.c(549): Reading: /home/nguyenvanthinh/Desktop/Git/speech recognition  demo/digit/model_architecture/digit.tree_questions
INFO: main.c(588): 172 total simple questions (164 phone; 8 word bndry)
INFO: main.c(590): 40 Left Only questions, and 40 Right Only questions
INFO: dtree.c(1478): Final simple tree
|( QUESTION2 -1 -3.660e+05 2.660e+03 1.563e+03
|    ( QUESTION0_5_R 1 -9.530e+04 5.683e+02 4.460e+02
|        ( - -3.943e+04 2 0)
|        ( QUESTION0_7_R 1 -5.531e+04 2.416e+02 2.550e+02
|            ( - -1.494e+04 2 0 QUESTION3 1 1.593e+02 7.033e+01)
|            ( - -4.012e+04 3 0)))
|    ( QUESTION0_5_R 1 -2.681e+05 2.002e+03 1.117e+03
|        ( - -9.009e+04 2 0)
|        ( QUESTION0_11_R 1 -1.760e+05 1.279e+03 7.135e+02
|            ( - -2.833e+04 1 0)
|            ( SILENCE 1 -1.464e+05 4.145e+02 5.845e+02
|                ( - -1.008e+04 1 0)
|                ( QUESTION3 1 -1.359e+05 3.560e+02 5.515e+02
|                    ( - -2.601e+04 1 0)
|                    ( - -1.095e+05 5 0 QUESTION0_7_R 1 2.242e+02 4.402e+02))))))
s>    ( QUESTION2 -1 -3.660e+05 2.660e+03 1.563e+03
s>        ( QUESTION0_5_R 1 -9.530e+04 5.683e+02 4.460e+02
s>            ( - -3.943e+04 2 0)
s>            ( QUESTION0_7_R 1 -5.531e+04 2.416e+02 2.550e+02
s>                ( - -1.494e+04 2 0 QUESTION3 1 1.593e+02 7.033e+01)
s>                ( - -4.012e+04 3 0)))
s>        ( QUESTION0_5_R 1 -2.681e+05 2.002e+03 1.117e+03
s>            ( - -9.009e+04 2 0)
s>            ( QUESTION0_11_R 1 -1.760e+05 1.279e+03 7.135e+02
s>                ( - -2.833e+04 1 0)
s>                ( SILENCE 1 -1.464e+05 4.145e+02 5.845e+02
s>                    ( - -1.008e+04 1 0)
s>                    ( QUESTION3 1 -1.359e+05 3.560e+02 5.515e+02
s>                        ( - -2.601e+04 1 0)
s>                        ( - -1.095e+05 5 0 QUESTION0_7_R 1 2.242e+02 4.402e+02))))))INFO: dtree.c(1315): Comp split 0
INFO: dtree.c(1439): stop. leaf nodes are specific
INFO: dtree.c(1478): Final simple tree
|( QUESTION0_5_R 1 -2.383e+05 1.858e+03 9.885e+02
|    ( - -9.009e+04 2 0)
|    ( SILENCE 1 -1.464e+05 4.145e+02 5.845e+02
|        ( - -1.008e+04 1 0)
|        ( QUESTION3 1 -1.359e+05 3.560e+02 5.515e+02
|            ( - -2.601e+04 1 0)
|            ( QUESTION0_7_R 1 -1.095e+05 2.242e+02 4.402e+02
|                ( - -2.067e+04 1 0)
|                ( - -8.863e+04 4 0)))))
s>    ( QUESTION0_5_R 1 -2.383e+05 1.858e+03 9.885e+02
s>        ( - -9.009e+04 2 0)
s>        ( SILENCE 1 -1.464e+05 4.145e+02 5.845e+02
s>            ( - -1.008e+04 1 0)
s>            ( QUESTION3 1 -1.359e+05 3.560e+02 5.515e+02
s>                ( - -2.601e+04 1 0)
s>                ( QUESTION0_7_R 1 -1.095e+05 2.242e+02 4.402e+02
s>                    ( - -2.067e+04 1 0)
s>                    ( - -8.863e+04 4 0)))))INFO: dtree.c(1439): stop. leaf nodes are specific
INFO: dtree.c(1478): Final simple tree
|( QUESTION0_4_R 1 -1.248e+05 1.197e+03 5.750e+02
|    ( QUESTION0_5_R 1 -9.530e+04 5.683e+02 4.460e+02
|        ( - -3.943e+04 2 0)
|        ( QUESTION0_7_R 1 -5.531e+04 2.416e+02 2.550e+02
|            ( QUESTION3 1 -1.494e+04 1.593e+02 7.033e+01
|                ( - -1.056e+04 1 0)
|                ( - -4.221e+03 1 0))
|            ( - -4.012e+04 3 0)))
|    ( - -2.833e+04 1 0))
s>    ( QUESTION0_4_R 1 -1.248e+05 1.197e+03 5.750e+02
s>        ( QUESTION0_5_R 1 -9.530e+04 5.683e+02 4.460e+02
s>            ( - -3.943e+04 2 0)
s>            ( QUESTION0_7_R 1 -5.531e+04 2.416e+02 2.550e+02
s>                ( QUESTION3 1 -1.494e+04 1.593e+02 7.033e+01
s>                    ( - -1.056e+04 1 0)
s>                    ( - -4.221e+03 1 0))
s>                ( - -4.012e+04 3 0)))
s>        ( - -2.833e+04 1 0))INFO: dtree.c(1315): Comp split 1
INFO: dtree.c(1439): stop. leaf nodes are specific
INFO: dtree.c(1478): Final simple tree
|( SILENCE 1 -1.464e+05 4.145e+02 5.845e+02
|    ( - -1.008e+04 1 0)
|    ( QUESTION3 1 -1.359e+05 3.560e+02 5.515e+02
|        ( - -2.601e+04 1 0)
|        ( QUESTION0_7_R 1 -1.095e+05 2.242e+02 4.402e+02
|            ( - -2.067e+04 1 0)
|            ( - -8.863e+04 4 0))))
s>    ( SILENCE 1 -1.464e+05 4.145e+02 5.845e+02
s>        ( - -1.008e+04 1 0)
s>        ( QUESTION3 1 -1.359e+05 3.560e+02 5.515e+02
s>            ( - -2.601e+04 1 0)
s>            ( QUESTION0_7_R 1 -1.095e+05 2.242e+02 4.402e+02
s>                ( - -2.067e+04 1 0)
s>                ( - -8.863e+04 4 0))))INFO: dtree.c(1315): Comp split 2
INFO: dtree.c(1439): stop. leaf nodes are specific
INFO: dtree.c(1478): Final simple tree
|( QUESTION0_5_R 1 -9.530e+04 5.683e+02 4.460e+02
|    ( - -3.943e+04 2 0)
|    ( QUESTION0_7_R 1 -5.531e+04 2.416e+02 2.550e+02
|        ( QUESTION3 1 -1.494e+04 1.593e+02 7.033e+01
|            ( - -1.056e+04 1 0)
|            ( - -4.221e+03 1 0))
|        ( - -4.012e+04 3 0)))
s>    ( QUESTION0_5_R 1 -9.530e+04 5.683e+02 4.460e+02
s>        ( - -3.943e+04 2 0)
s>        ( QUESTION0_7_R 1 -5.531e+04 2.416e+02 2.550e+02
s>            ( QUESTION3 1 -1.494e+04 1.593e+02 7.033e+01
s>                ( - -1.056e+04 1 0)
s>                ( - -4.221e+03 1 0))
s>            ( - -4.012e+04 3 0)))INFO: dtree.c(1315): Comp split 3
INFO: dtree.c(1439): stop. leaf nodes are specific
INFO: dtree.c(1478): Final simple tree
|( QUESTION0_7_R 1 -5.531e+04 2.416e+02 2.550e+02
|    ( QUESTION3 1 -1.494e+04 1.593e+02 7.033e+01
|        ( - -1.056e+04 1 0)
|        ( - -4.221e+03 1 0))
|    ( - -4.012e+04 3 0))
s>    ( QUESTION0_7_R 1 -5.531e+04 2.416e+02 2.550e+02
s>        ( QUESTION3 1 -1.494e+04 1.593e+02 7.033e+01
s>            ( - -1.056e+04 1 0)
s>            ( - -4.221e+03 1 0))
s>        ( - -4.012e+04 3 0))INFO: dtree.c(1315): Comp split 4
INFO: dtree.c(1439): stop. leaf nodes are specific
INFO: dtree.c(1478): Final simple tree
|( QUESTION3 1 -1.359e+05 3.560e+02 5.515e+02
|    ( - -2.601e+04 1 0)
|    ( QUESTION0_7_R 1 -1.095e+05 2.242e+02 4.402e+02
|        ( - -2.067e+04 1 0)
|        ( - -8.863e+04 4 0)))
s>    ( QUESTION3 1 -1.359e+05 3.560e+02 5.515e+02
s>        ( - -2.601e+04 1 0)
s>        ( QUESTION0_7_R 1 -1.095e+05 2.242e+02 4.402e+02
s>            ( - -2.067e+04 1 0)
s>            ( - -8.863e+04 4 0)))INFO: dtree.c(1315): Comp split 5
INFO: dtree.c(1439): stop. leaf nodes are specific
INFO: dtree.c(1478): Final simple tree
|( QUESTION0_7_R 1 -1.095e+05 2.242e+02 4.402e+02
|    ( - -2.067e+04 1 0)
|    ( - -8.863e+04 4 0))
s>    ( QUESTION0_7_R 1 -1.095e+05 2.242e+02 4.402e+02
s>        ( - -2.067e+04 1 0)
s>        ( - -8.863e+04 4 0))INFO: dtree.c(1315): Comp split 6
INFO: dtree.c(1439): stop. leaf nodes are specific
INFO: dtree.c(1478): Final simple tree
|( QUESTION3 1 -1.494e+04 1.593e+02 7.033e+01
|    ( - -1.056e+04 1 0)
|    ( - -4.221e+03 1 0))
s>    ( QUESTION3 1 -1.494e+04 1.593e+02 7.033e+01
s>        ( - -1.056e+04 1 0)
s>        ( - -4.221e+03 1 0))INFO: dtree.c(1315): Comp split 7
INFO: dtree.c(1315): Comp split 8
INFO: dtree.c(1315): Comp split 9
INFO: dtree.c(1318): stop. leaf nodes are specific
!!!!!!!!Allocated 65 lines
Thu Apr  7 00:44:42 2016
