Current configuration:
[NAME]		[DEFLT]	[VALUE]
-allphones	no	no
-cntthresh	0.00001	1.000000e-05
-csplitmax	100	2000
-csplitmin	1	1
-csplitthr	8e-4	0.000000e+00
-example	no	no
-fullvar	no	no
-help		no	no
-meanfn			/home/nguyenvanthinh/Desktop/Git/speech recognition  demo/digit/model_parameters/digit.cd_cont_untied/means
-mixwfn			/home/nguyenvanthinh/Desktop/Git/speech recognition  demo/digit/model_parameters/digit.cd_cont_untied/mixture_weights
-moddeffn		/home/nguyenvanthinh/Desktop/Git/speech recognition  demo/digit/model_architecture/digit.untied.mdef
-mwfloor	1e-4	1.000000e-08
-phone			m
-psetfn			/home/nguyenvanthinh/Desktop/Git/speech recognition  demo/digit/model_architecture/digit.tree_questions
-ssplitmax	5	7
-ssplitmin	1	1
-ssplitthr	8e-4	0.000000e+00
-state			1
-stwt			1.0,0.05,0.0,
-treefn			/home/nguyenvanthinh/Desktop/Git/speech recognition  demo/digit/trees/digit.unpruned/m-1.dtree
-ts2cbfn	.semi.	.cont.
-varfloor	0.00001	1.000000e-05
-varfn			/home/nguyenvanthinh/Desktop/Git/speech recognition  demo/digit/model_parameters/digit.cd_cont_untied/variances

INFO: main.c(223): Reading: /home/nguyenvanthinh/Desktop/Git/speech recognition  demo/digit/model_architecture/digit.untied.mdef
INFO: model_def_io.c(573): Model definition info:
INFO: model_def_io.c(574): 326 total models defined (31 base, 295 tri)
INFO: model_def_io.c(575): 1304 total states
INFO: model_def_io.c(576): 978 total tied states
INFO: model_def_io.c(577): 93 total tied CI states
INFO: model_def_io.c(578): 31 total tied transition matrices
INFO: model_def_io.c(579): 4 max state/model
INFO: model_def_io.c(580): 4 min state/model
INFO: main.c(242): Building trees for [m SIL ooj b] through [m uz uw b]
INFO: main.c(269): Covering states |[432 488]| == 57
INFO: main.c(275): Reading: /home/nguyenvanthinh/Desktop/Git/speech recognition  demo/digit/model_parameters/digit.cd_cont_untied/mixture_weights
INFO: s3mixw_io.c(173): Read /home/nguyenvanthinh/Desktop/Git/speech recognition  demo/digit/model_parameters/digit.cd_cont_untied/mixture_weights [57x1x1 array]
INFO: main.c(311): 19 of 19 models have observation count greater than 0.000010
INFO: main.c(95): nrm stwt: 0.045 0.909 0.045 
INFO: s3gau_io.c(169): Read /home/nguyenvanthinh/Desktop/Git/speech recognition  demo/digit/model_parameters/digit.cd_cont_untied/means [978x1x1 array]
INFO: s3gau_io.c(169): Read /home/nguyenvanthinh/Desktop/Git/speech recognition  demo/digit/model_parameters/digit.cd_cont_untied/variances [978x1x1 array]
INFO: main.c(549): Reading: /home/nguyenvanthinh/Desktop/Git/speech recognition  demo/digit/model_architecture/digit.tree_questions
INFO: main.c(588): 172 total simple questions (164 phone; 8 word bndry)
INFO: main.c(590): 40 Left Only questions, and 40 Right Only questions
INFO: dtree.c(1478): Final simple tree
|( QUESTION12 1 -5.846e+05 3.799e+03 2.508e+03
|    ( QUESTION8 -1 -4.366e+05 1.429e+03 1.862e+03
|        ( - -7.922e+04 1 0)
|        ( QUESTION2_0_L -1 -3.559e+05 1.199e+03 1.506e+03
|            ( QUESTION11 -1 -2.416e+05 1.192e+03 1.027e+03
|                ( - -1.527e+05 2 0 QUESTION12 -1 7.062e+02 6.483e+02)
|                ( - -8.761e+04 2 0 QUESTION0 -1 6.842e+02 3.790e+02))
|            ( QUESTION9 -1 -1.132e+05 9.565e+02 4.782e+02
|                ( - -3.408e+04 1 0)
|                ( - -7.811e+04 2 0 SILENCE -1 4.594e+02 3.322e+02))))
|    ( QUESTION2 -1 -1.443e+05 1.193e+03 6.465e+02
|        ( QUESTION0_14_R 1 -8.293e+04 7.145e+02 3.785e+02
|            ( - -6.629e+04 1 0)
|            ( - -1.593e+04 1 0))
|        ( - -6.013e+04 9 0 QUESTION11 -1 6.988e+02 2.680e+02)))
s>    ( QUESTION12 1 -5.846e+05 3.799e+03 2.508e+03
s>        ( QUESTION8 -1 -4.366e+05 1.429e+03 1.862e+03
s>            ( - -7.922e+04 1 0)
s>            ( QUESTION2_0_L -1 -3.559e+05 1.199e+03 1.506e+03
s>                ( QUESTION11 -1 -2.416e+05 1.192e+03 1.027e+03
s>                    ( - -1.527e+05 2 0 QUESTION12 -1 7.062e+02 6.483e+02)
s>                    ( - -8.761e+04 2 0 QUESTION0 -1 6.842e+02 3.790e+02))
s>                ( QUESTION9 -1 -1.132e+05 9.565e+02 4.782e+02
s>                    ( - -3.408e+04 1 0)
s>                    ( - -7.811e+04 2 0 SILENCE -1 4.594e+02 3.322e+02))))
s>        ( QUESTION2 -1 -1.443e+05 1.193e+03 6.465e+02
s>            ( QUESTION0_14_R 1 -8.293e+04 7.145e+02 3.785e+02
s>                ( - -6.629e+04 1 0)
s>                ( - -1.593e+04 1 0))
s>            ( - -6.013e+04 9 0 QUESTION11 -1 6.988e+02 2.680e+02)))INFO: dtree.c(1315): Comp split 0
INFO: dtree.c(1439): stop. leaf nodes are specific
INFO: dtree.c(1478): Final simple tree
|( QUESTION9 -1 -2.668e+05 1.186e+03 1.127e+03
|    ( QUESTION15 -1 -1.875e+05 7.857e+02 7.944e+02
|        ( - -8.052e+04 1 0)
|        ( QUESTION12 -1 -1.062e+05 5.901e+02 4.475e+02
|            ( - -7.152e+04 1 0)
|            ( - -3.408e+04 1 0)))
|    ( SILENCE -1 -7.811e+04 4.594e+02 3.322e+02
|        ( - -3.170e+04 1 0)
|        ( - -4.595e+04 1 0)))
s>    ( QUESTION9 -1 -2.668e+05 1.186e+03 1.127e+03
s>        ( QUESTION15 -1 -1.875e+05 7.857e+02 7.944e+02
s>            ( - -8.052e+04 1 0)
s>            ( QUESTION12 -1 -1.062e+05 5.901e+02 4.475e+02
s>                ( - -7.152e+04 1 0)
s>                ( - -3.408e+04 1 0)))
s>        ( SILENCE -1 -7.811e+04 4.594e+02 3.322e+02
s>            ( - -3.170e+04 1 0)
s>            ( - -4.595e+04 1 0)))INFO: dtree.c(1478): Final simple tree
|( QUESTION12 1 -3.137e+05 2.048e+03 1.382e+03
|    ( QUESTION9 -1 -1.674e+05 7.896e+02 7.353e+02
|        ( - -4.054e+04 1 0)
|        ( - -1.260e+05 2 0 QUESTION0 -1 4.326e+02 5.559e+02))
|    ( QUESTION2 -1 -1.443e+05 1.193e+03 6.465e+02
|        ( QUESTION0_14_R 1 -8.293e+04 7.145e+02 3.785e+02
|            ( - -6.629e+04 1 0)
|            ( - -1.593e+04 1 0))
|        ( QUESTION11 -1 -6.013e+04 6.988e+02 2.680e+02
|            ( QUESTION16 -1 -2.980e+04 4.978e+02 1.340e+02
|                ( - 1.804e+02 1 0)
|                ( - -2.948e+04 4 0 QUESTION0_14_R 1 3.995e+02 1.330e+02))
|            ( QUESTION0 -1 -2.963e+04 4.462e+02 1.340e+02
|                ( - -1.363e+04 2 0 QUESTION0_14_R 1 1.909e+02 6.054e+01)
|                ( - -1.556e+04 2 0 QUESTION0_14_R 1 1.809e+02 7.342e+01)))))
s>    ( QUESTION12 1 -3.137e+05 2.048e+03 1.382e+03
s>        ( QUESTION9 -1 -1.674e+05 7.896e+02 7.353e+02
s>            ( - -4.054e+04 1 0)
s>            ( - -1.260e+05 2 0 QUESTION0 -1 4.326e+02 5.559e+02))
s>        ( QUESTION2 -1 -1.443e+05 1.193e+03 6.465e+02
s>            ( QUESTION0_14_R 1 -8.293e+04 7.145e+02 3.785e+02
s>                ( - -6.629e+04 1 0)
s>                ( - -1.593e+04 1 0))
s>            ( QUESTION11 -1 -6.013e+04 6.988e+02 2.680e+02
s>                ( QUESTION16 -1 -2.980e+04 4.978e+02 1.340e+02
s>                    ( - 1.804e+02 1 0)
s>                    ( - -2.948e+04 4 0 QUESTION0_14_R 1 3.995e+02 1.330e+02))
s>                ( QUESTION0 -1 -2.963e+04 4.462e+02 1.340e+02
s>                    ( - -1.363e+04 2 0 QUESTION0_14_R 1 1.909e+02 6.054e+01)
s>                    ( - -1.556e+04 2 0 QUESTION0_14_R 1 1.809e+02 7.342e+01)))))INFO: dtree.c(1315): Comp split 1
INFO: dtree.c(1478): Final simple tree
|( QUESTION2 -1 -1.443e+05 1.193e+03 6.465e+02
|    ( QUESTION0_14_R 1 -8.293e+04 7.145e+02 3.785e+02
|        ( - -6.629e+04 1 0)
|        ( - -1.593e+04 1 0))
|    ( QUESTION11 -1 -6.013e+04 6.988e+02 2.680e+02
|        ( QUESTION16 -1 -2.980e+04 4.978e+02 1.340e+02
|            ( - 1.804e+02 1 0)
|            ( QUESTION0_14_R 1 -2.948e+04 3.995e+02 1.330e+02
|                ( - -1.352e+04 2 0 QUESTION12 -1 2.156e+02 6.275e+01)
|                ( QUESTION12 -1 -1.556e+04 2.290e+02 7.027e+01
|                    ( - -8.392e+03 1 0)
|                    ( - -6.944e+03 1 0))))
|        ( QUESTION0 -1 -2.963e+04 4.462e+02 1.340e+02
|            ( - -1.363e+04 2 0 QUESTION0_14_R 1 1.909e+02 6.054e+01)
|            ( - -1.556e+04 2 0 QUESTION0_14_R 1 1.809e+02 7.342e+01))))
s>    ( QUESTION2 -1 -1.443e+05 1.193e+03 6.465e+02
s>        ( QUESTION0_14_R 1 -8.293e+04 7.145e+02 3.785e+02
s>            ( - -6.629e+04 1 0)
s>            ( - -1.593e+04 1 0))
s>        ( QUESTION11 -1 -6.013e+04 6.988e+02 2.680e+02
s>            ( QUESTION16 -1 -2.980e+04 4.978e+02 1.340e+02
s>                ( - 1.804e+02 1 0)
s>                ( QUESTION0_14_R 1 -2.948e+04 3.995e+02 1.330e+02
s>                    ( - -1.352e+04 2 0 QUESTION12 -1 2.156e+02 6.275e+01)
s>                    ( QUESTION12 -1 -1.556e+04 2.290e+02 7.027e+01
s>                        ( - -8.392e+03 1 0)
s>                        ( - -6.944e+03 1 0))))
s>            ( QUESTION0 -1 -2.963e+04 4.462e+02 1.340e+02
s>                ( - -1.363e+04 2 0 QUESTION0_14_R 1 1.909e+02 6.054e+01)
s>                ( - -1.556e+04 2 0 QUESTION0_14_R 1 1.809e+02 7.342e+01))))INFO: dtree.c(1439): stop. leaf nodes are specific
INFO: dtree.c(1478): Final simple tree
|( QUESTION9 -1 -1.674e+05 7.896e+02 7.353e+02
|    ( - -4.054e+04 1 0)
|    ( QUESTION0 -1 -1.260e+05 4.326e+02 5.559e+02
|        ( - -4.639e+04 1 0)
|        ( - -7.922e+04 1 0)))
s>    ( QUESTION9 -1 -1.674e+05 7.896e+02 7.353e+02
s>        ( - -4.054e+04 1 0)
s>        ( QUESTION0 -1 -1.260e+05 4.326e+02 5.559e+02
s>            ( - -4.639e+04 1 0)
s>            ( - -7.922e+04 1 0)))INFO: dtree.c(1315): Comp split 2
INFO: dtree.c(1478): Final simple tree
|( QUESTION11 -1 -7.650e+04 6.440e+02 3.393e+02
|    ( QUESTION16 -1 -2.980e+04 4.978e+02 1.340e+02
|        ( - 1.804e+02 1 0)
|        ( QUESTION0_14_R 1 -2.948e+04 3.995e+02 1.330e+02
|            ( QUESTION12 -1 -1.352e+04 2.156e+02 6.275e+01
|                ( - -6.129e+03 1 0)
|                ( - -7.170e+03 1 0))
|            ( QUESTION12 -1 -1.556e+04 2.290e+02 7.027e+01
|                ( - -8.392e+03 1 0)
|                ( - -6.944e+03 1 0))))
|    ( QUESTION9 -1 -4.606e+04 5.330e+02 2.053e+02
|        ( - -1.556e+04 2 0 QUESTION0_14_R 1 1.809e+02 7.342e+01)
|        ( QUESTION0 -1 -2.997e+04 4.100e+02 1.318e+02
|            ( - -1.363e+04 2 0 QUESTION0_14_R 1 1.909e+02 6.054e+01)
|            ( - -1.593e+04 1 0))))
s>    ( QUESTION11 -1 -7.650e+04 6.440e+02 3.393e+02
s>        ( QUESTION16 -1 -2.980e+04 4.978e+02 1.340e+02
s>            ( - 1.804e+02 1 0)
s>            ( QUESTION0_14_R 1 -2.948e+04 3.995e+02 1.330e+02
s>                ( QUESTION12 -1 -1.352e+04 2.156e+02 6.275e+01
s>                    ( - -6.129e+03 1 0)
s>                    ( - -7.170e+03 1 0))
s>                ( QUESTION12 -1 -1.556e+04 2.290e+02 7.027e+01
s>                    ( - -8.392e+03 1 0)
s>                    ( - -6.944e+03 1 0))))
s>        ( QUESTION9 -1 -4.606e+04 5.330e+02 2.053e+02
s>            ( - -1.556e+04 2 0 QUESTION0_14_R 1 1.809e+02 7.342e+01)
s>            ( QUESTION0 -1 -2.997e+04 4.100e+02 1.318e+02
s>                ( - -1.363e+04 2 0 QUESTION0_14_R 1 1.909e+02 6.054e+01)
s>                ( - -1.593e+04 1 0))))INFO: dtree.c(1315): Comp split 3
INFO: dtree.c(1439): stop. leaf nodes are specific
INFO: dtree.c(1478): Final simple tree
|( QUESTION15 -1 -1.875e+05 7.857e+02 7.944e+02
|    ( - -8.052e+04 1 0)
|    ( QUESTION12 -1 -1.062e+05 5.901e+02 4.475e+02
|        ( - -7.152e+04 1 0)
|        ( - -3.408e+04 1 0)))
s>    ( QUESTION15 -1 -1.875e+05 7.857e+02 7.944e+02
s>        ( - -8.052e+04 1 0)
s>        ( QUESTION12 -1 -1.062e+05 5.901e+02 4.475e+02
s>            ( - -7.152e+04 1 0)
s>            ( - -3.408e+04 1 0)))INFO: dtree.c(1439): stop. leaf nodes are specific
INFO: dtree.c(1478): Final simple tree
|( SILENCE -1 -7.811e+04 4.594e+02 3.322e+02
|    ( - -3.170e+04 1 0)
|    ( - -4.595e+04 1 0))
s>    ( SILENCE -1 -7.811e+04 4.594e+02 3.322e+02
s>        ( - -3.170e+04 1 0)
s>        ( - -4.595e+04 1 0))INFO: dtree.c(1315): Comp split 4
INFO: dtree.c(1439): stop. leaf nodes are specific
INFO: dtree.c(1478): Final simple tree
|( QUESTION0 -1 -1.260e+05 4.326e+02 5.559e+02
|    ( - -4.639e+04 1 0)
|    ( - -7.922e+04 1 0))
s>    ( QUESTION0 -1 -1.260e+05 4.326e+02 5.559e+02
s>        ( - -4.639e+04 1 0)
s>        ( - -7.922e+04 1 0))INFO: dtree.c(1315): Comp split 5
INFO: dtree.c(1439): stop. leaf nodes are specific
INFO: dtree.c(1478): Final simple tree
|( QUESTION12 -1 -1.062e+05 5.901e+02 4.475e+02
|    ( - -7.152e+04 1 0)
|    ( - -3.408e+04 1 0))
s>    ( QUESTION12 -1 -1.062e+05 5.901e+02 4.475e+02
s>        ( - -7.152e+04 1 0)
s>        ( - -3.408e+04 1 0))INFO: dtree.c(1315): Comp split 6
INFO: dtree.c(1439): stop. leaf nodes are specific
INFO: dtree.c(1478): Final simple tree
|( QUESTION0_14_R 1 -4.621e+04 5.594e+02 2.053e+02
|    ( QUESTION16 -1 -1.384e+04 5.025e+02 6.375e+01
|        ( - 1.804e+02 1 0)
|        ( QUESTION12 -1 -1.352e+04 2.156e+02 6.275e+01
|            ( - -6.129e+03 1 0)
|            ( - -7.170e+03 1 0)))
|    ( QUESTION2 -1 -3.181e+04 3.169e+02 1.416e+02
|        ( - -1.593e+04 1 0)
|        ( QUESTION12 -1 -1.556e+04 2.290e+02 7.027e+01
|            ( - -8.392e+03 1 0)
|            ( - -6.944e+03 1 0))))
s>    ( QUESTION0_14_R 1 -4.621e+04 5.594e+02 2.053e+02
s>        ( QUESTION16 -1 -1.384e+04 5.025e+02 6.375e+01
s>            ( - 1.804e+02 1 0)
s>            ( QUESTION12 -1 -1.352e+04 2.156e+02 6.275e+01
s>                ( - -6.129e+03 1 0)
s>                ( - -7.170e+03 1 0)))
s>        ( QUESTION2 -1 -3.181e+04 3.169e+02 1.416e+02
s>            ( - -1.593e+04 1 0)
s>            ( QUESTION12 -1 -1.556e+04 2.290e+02 7.027e+01
s>                ( - -8.392e+03 1 0)
s>                ( - -6.944e+03 1 0))))INFO: dtree.c(1439): stop. leaf nodes are specific
INFO: dtree.c(1478): Final simple tree
|( QUESTION0 -1 -2.963e+04 4.462e+02 1.340e+02
|    ( QUESTION0_14_R 1 -1.363e+04 1.909e+02 6.054e+01
|        ( - -5.495e+03 1 0)
|        ( - -7.941e+03 1 0))
|    ( QUESTION0_14_R 1 -1.556e+04 1.809e+02 7.342e+01
|        ( - -9.464e+03 1 0)
|        ( - -5.915e+03 1 0)))
s>    ( QUESTION0 -1 -2.963e+04 4.462e+02 1.340e+02
s>        ( QUESTION0_14_R 1 -1.363e+04 1.909e+02 6.054e+01
s>            ( - -5.495e+03 1 0)
s>            ( - -7.941e+03 1 0))
s>        ( QUESTION0_14_R 1 -1.556e+04 1.809e+02 7.342e+01
s>            ( - -9.464e+03 1 0)
s>            ( - -5.915e+03 1 0)))INFO: dtree.c(1315): Comp split 7
INFO: dtree.c(1315): Comp split 8
INFO: dtree.c(1439): stop. leaf nodes are specific
INFO: dtree.c(1478): Final simple tree
|( QUESTION2 -1 -3.181e+04 3.169e+02 1.416e+02
|    ( - -1.593e+04 1 0)
|    ( QUESTION12 -1 -1.556e+04 2.290e+02 7.027e+01
|        ( - -8.392e+03 1 0)
|        ( - -6.944e+03 1 0)))
s>    ( QUESTION2 -1 -3.181e+04 3.169e+02 1.416e+02
s>        ( - -1.593e+04 1 0)
s>        ( QUESTION12 -1 -1.556e+04 2.290e+02 7.027e+01
s>            ( - -8.392e+03 1 0)
s>            ( - -6.944e+03 1 0)))INFO: dtree.c(1439): stop. leaf nodes are specific
INFO: dtree.c(1478): Final simple tree
|( QUESTION16 -1 -1.384e+04 5.025e+02 6.375e+01
|    ( - 1.804e+02 1 0)
|    ( QUESTION12 -1 -1.352e+04 2.156e+02 6.275e+01
|        ( - -6.129e+03 1 0)
|        ( - -7.170e+03 1 0)))
s>    ( QUESTION16 -1 -1.384e+04 5.025e+02 6.375e+01
s>        ( - 1.804e+02 1 0)
s>        ( QUESTION12 -1 -1.352e+04 2.156e+02 6.275e+01
s>            ( - -6.129e+03 1 0)
s>            ( - -7.170e+03 1 0)))INFO: dtree.c(1315): Comp split 9
INFO: dtree.c(1439): stop. leaf nodes are specific
INFO: dtree.c(1478): Final simple tree
|( QUESTION12 -1 -1.352e+04 2.156e+02 6.275e+01
|    ( - -6.129e+03 1 0)
|    ( - -7.170e+03 1 0))
s>    ( QUESTION12 -1 -1.352e+04 2.156e+02 6.275e+01
s>        ( - -6.129e+03 1 0)
s>        ( - -7.170e+03 1 0))INFO: dtree.c(1315): Comp split 10
INFO: dtree.c(1315): Comp split 11
INFO: dtree.c(1439): stop. leaf nodes are specific
INFO: dtree.c(1478): Final simple tree
|( QUESTION0_14_R 1 -1.556e+04 1.809e+02 7.342e+01
|    ( - -9.464e+03 1 0)
|    ( - -5.915e+03 1 0))
s>    ( QUESTION0_14_R 1 -1.556e+04 1.809e+02 7.342e+01
s>        ( - -9.464e+03 1 0)
s>        ( - -5.915e+03 1 0))INFO: dtree.c(1439): stop. leaf nodes are specific
INFO: dtree.c(1478): Final simple tree
|( QUESTION0_14_R 1 -1.363e+04 1.909e+02 6.054e+01
|    ( - -5.495e+03 1 0)
|    ( - -7.941e+03 1 0))
s>    ( QUESTION0_14_R 1 -1.363e+04 1.909e+02 6.054e+01
s>        ( - -5.495e+03 1 0)
s>        ( - -7.941e+03 1 0))INFO: dtree.c(1315): Comp split 12
INFO: dtree.c(1315): Comp split 13
INFO: dtree.c(1439): stop. leaf nodes are specific
INFO: dtree.c(1478): Final simple tree
|( QUESTION12 -1 -1.556e+04 2.290e+02 7.027e+01
|    ( - -8.392e+03 1 0)
|    ( - -6.944e+03 1 0))
s>    ( QUESTION12 -1 -1.556e+04 2.290e+02 7.027e+01
s>        ( - -8.392e+03 1 0)
s>        ( - -6.944e+03 1 0))INFO: dtree.c(1315): Comp split 14
INFO: dtree.c(1315): Comp split 15
INFO: dtree.c(1315): Comp split 16
INFO: dtree.c(1315): Comp split 17
INFO: dtree.c(1315): Comp split 18
INFO: dtree.c(1318): stop. leaf nodes are specific
!!!!!!!!Allocated 65 lines
Thu Apr  7 00:44:42 2016
