Current configuration:
[NAME]		[DEFLT]	[VALUE]
-allphones	no	no
-cntthresh	0.00001	1.000000e-05
-csplitmax	100	2000
-csplitmin	1	1
-csplitthr	8e-4	0.000000e+00
-example	no	no
-fullvar	no	no
-help		no	no
-meanfn			/home/nguyenvanthinh/Desktop/Git/speech recognition  demo/digit/model_parameters/digit.cd_cont_untied/means
-mixwfn			/home/nguyenvanthinh/Desktop/Git/speech recognition  demo/digit/model_parameters/digit.cd_cont_untied/mixture_weights
-moddeffn		/home/nguyenvanthinh/Desktop/Git/speech recognition  demo/digit/model_architecture/digit.untied.mdef
-mwfloor	1e-4	1.000000e-08
-phone			s
-psetfn			/home/nguyenvanthinh/Desktop/Git/speech recognition  demo/digit/model_architecture/digit.tree_questions
-ssplitmax	5	7
-ssplitmin	1	1
-ssplitthr	8e-4	0.000000e+00
-state			1
-stwt			1.0,0.05,0.0,
-treefn			/home/nguyenvanthinh/Desktop/Git/speech recognition  demo/digit/trees/digit.unpruned/s-1.dtree
-ts2cbfn	.semi.	.cont.
-varfloor	0.00001	1.000000e-05
-varfn			/home/nguyenvanthinh/Desktop/Git/speech recognition  demo/digit/model_parameters/digit.cd_cont_untied/variances

INFO: main.c(223): Reading: /home/nguyenvanthinh/Desktop/Git/speech recognition  demo/digit/model_architecture/digit.untied.mdef
INFO: model_def_io.c(573): Model definition info:
INFO: model_def_io.c(574): 326 total models defined (31 base, 295 tri)
INFO: model_def_io.c(575): 1304 total states
INFO: model_def_io.c(576): 978 total tied states
INFO: model_def_io.c(577): 93 total tied CI states
INFO: model_def_io.c(578): 31 total tied transition matrices
INFO: model_def_io.c(579): 4 max state/model
INFO: model_def_io.c(580): 4 min state/model
INFO: main.c(242): Building trees for [s SIL as b] through [s uz as b]
INFO: main.c(269): Covering states |[765 791]| == 27
INFO: main.c(275): Reading: /home/nguyenvanthinh/Desktop/Git/speech recognition  demo/digit/model_parameters/digit.cd_cont_untied/mixture_weights
INFO: s3mixw_io.c(173): Read /home/nguyenvanthinh/Desktop/Git/speech recognition  demo/digit/model_parameters/digit.cd_cont_untied/mixture_weights [27x1x1 array]
INFO: main.c(311): 9 of 9 models have observation count greater than 0.000010
INFO: main.c(95): nrm stwt: 0.045 0.909 0.045 
INFO: s3gau_io.c(169): Read /home/nguyenvanthinh/Desktop/Git/speech recognition  demo/digit/model_parameters/digit.cd_cont_untied/means [978x1x1 array]
INFO: s3gau_io.c(169): Read /home/nguyenvanthinh/Desktop/Git/speech recognition  demo/digit/model_parameters/digit.cd_cont_untied/variances [978x1x1 array]
INFO: main.c(549): Reading: /home/nguyenvanthinh/Desktop/Git/speech recognition  demo/digit/model_architecture/digit.tree_questions
INFO: main.c(588): 172 total simple questions (164 phone; 8 word bndry)
INFO: main.c(590): 40 Left Only questions, and 40 Right Only questions
INFO: dtree.c(1478): Final simple tree
|( QUESTION8 -1 -4.188e+05 7.400e+02 1.689e+03
|    ( - -1.187e+05 1 0)
|    ( QUESTION15 -1 -2.993e+05 4.608e+02 1.208e+03
|        ( - -6.135e+04 1 0)
|        ( SILENCE -1 -2.375e+05 3.028e+02 9.487e+02
|            ( - -3.272e+04 1 0)
|            ( QUESTION12 -1 -2.045e+05 3.279e+02 8.139e+02
|                ( - -7.769e+04 1 0)
|                ( QUESTION0 -1 -1.265e+05 2.686e+02 5.009e+02
|                    ( - -3.521e+04 1 0)
|                    ( QUESTION10 -1 -9.100e+04 1.760e+02 3.634e+02
|                        ( - -3.713e+04 1 0)
|                        ( QUESTION18 -1 -5.369e+04 1.401e+02 2.147e+02
|                            ( - -1.121e+03 1 0)
|                            ( - -5.243e+04 2 0 QUESTION2 -1 1.231e+02 2.117e+02))))))))
s>    ( QUESTION8 -1 -4.188e+05 7.400e+02 1.689e+03
s>        ( - -1.187e+05 1 0)
s>        ( QUESTION15 -1 -2.993e+05 4.608e+02 1.208e+03
s>            ( - -6.135e+04 1 0)
s>            ( SILENCE -1 -2.375e+05 3.028e+02 9.487e+02
s>                ( - -3.272e+04 1 0)
s>                ( QUESTION12 -1 -2.045e+05 3.279e+02 8.139e+02
s>                    ( - -7.769e+04 1 0)
s>                    ( QUESTION0 -1 -1.265e+05 2.686e+02 5.009e+02
s>                        ( - -3.521e+04 1 0)
s>                        ( QUESTION10 -1 -9.100e+04 1.760e+02 3.634e+02
s>                            ( - -3.713e+04 1 0)
s>                            ( QUESTION18 -1 -5.369e+04 1.401e+02 2.147e+02
s>                                ( - -1.121e+03 1 0)
s>                                ( - -5.243e+04 2 0 QUESTION2 -1 1.231e+02 2.117e+02))))))))INFO: dtree.c(1315): Comp split 0
INFO: dtree.c(1439): stop. leaf nodes are specific
INFO: dtree.c(1478): Final simple tree
|( QUESTION0 -1 -1.542e+05 2.460e+02 6.185e+02
|    ( - -3.521e+04 1 0)
|    ( - -1.187e+05 1 0))
s>    ( QUESTION0 -1 -1.542e+05 2.460e+02 6.185e+02
s>        ( - -3.521e+04 1 0)
s>        ( - -1.187e+05 1 0))INFO: dtree.c(1439): stop. leaf nodes are specific
INFO: dtree.c(1478): Final simple tree
|( QUESTION15 -1 -2.638e+05 4.761e+02 1.070e+03
|    ( - -6.135e+04 1 0)
|    ( SILENCE -1 -2.020e+05 2.989e+02 8.112e+02
|        ( - -3.272e+04 1 0)
|        ( QUESTION12 -1 -1.690e+05 3.087e+02 6.764e+02
|            ( - -7.769e+04 1 0)
|            ( QUESTION10 -1 -9.100e+04 1.760e+02 3.634e+02
|                ( - -3.713e+04 1 0)
|                ( QUESTION18 -1 -5.369e+04 1.401e+02 2.147e+02
|                    ( - -1.121e+03 1 0)
|                    ( QUESTION2 -1 -5.243e+04 1.231e+02 2.117e+02
|                        ( - -2.343e+04 1 0)
|                        ( - -2.888e+04 1 0)))))))
s>    ( QUESTION15 -1 -2.638e+05 4.761e+02 1.070e+03
s>        ( - -6.135e+04 1 0)
s>        ( SILENCE -1 -2.020e+05 2.989e+02 8.112e+02
s>            ( - -3.272e+04 1 0)
s>            ( QUESTION12 -1 -1.690e+05 3.087e+02 6.764e+02
s>                ( - -7.769e+04 1 0)
s>                ( QUESTION10 -1 -9.100e+04 1.760e+02 3.634e+02
s>                    ( - -3.713e+04 1 0)
s>                    ( QUESTION18 -1 -5.369e+04 1.401e+02 2.147e+02
s>                        ( - -1.121e+03 1 0)
s>                        ( QUESTION2 -1 -5.243e+04 1.231e+02 2.117e+02
s>                            ( - -2.343e+04 1 0)
s>                            ( - -2.888e+04 1 0)))))))INFO: dtree.c(1315): Comp split 1
INFO: dtree.c(1439): stop. leaf nodes are specific
INFO: dtree.c(1478): Final simple tree
|( QUESTION12 -1 -1.690e+05 3.087e+02 6.764e+02
|    ( - -7.769e+04 1 0)
|    ( QUESTION10 -1 -9.100e+04 1.760e+02 3.634e+02
|        ( - -3.713e+04 1 0)
|        ( QUESTION18 -1 -5.369e+04 1.401e+02 2.147e+02
|            ( - -1.121e+03 1 0)
|            ( QUESTION2 -1 -5.243e+04 1.231e+02 2.117e+02
|                ( - -2.343e+04 1 0)
|                ( - -2.888e+04 1 0)))))
s>    ( QUESTION12 -1 -1.690e+05 3.087e+02 6.764e+02
s>        ( - -7.769e+04 1 0)
s>        ( QUESTION10 -1 -9.100e+04 1.760e+02 3.634e+02
s>            ( - -3.713e+04 1 0)
s>            ( QUESTION18 -1 -5.369e+04 1.401e+02 2.147e+02
s>                ( - -1.121e+03 1 0)
s>                ( QUESTION2 -1 -5.243e+04 1.231e+02 2.117e+02
s>                    ( - -2.343e+04 1 0)
s>                    ( - -2.888e+04 1 0)))))INFO: dtree.c(1439): stop. leaf nodes are specific
INFO: dtree.c(1478): Final simple tree
|( SILENCE -1 -9.432e+04 2.509e+02 3.940e+02
|    ( - -3.272e+04 1 0)
|    ( - -6.135e+04 1 0))
s>    ( SILENCE -1 -9.432e+04 2.509e+02 3.940e+02
s>        ( - -3.272e+04 1 0)
s>        ( - -6.135e+04 1 0))INFO: dtree.c(1315): Comp split 2
INFO: dtree.c(1439): stop. leaf nodes are specific
INFO: dtree.c(1478): Final simple tree
|( QUESTION10 -1 -8.973e+04 1.735e+02 3.604e+02
|    ( - -3.713e+04 1 0)
|    ( QUESTION2 -1 -5.243e+04 1.231e+02 2.117e+02
|        ( - -2.343e+04 1 0)
|        ( - -2.888e+04 1 0)))
s>    ( QUESTION10 -1 -8.973e+04 1.735e+02 3.604e+02
s>        ( - -3.713e+04 1 0)
s>        ( QUESTION2 -1 -5.243e+04 1.231e+02 2.117e+02
s>            ( - -2.343e+04 1 0)
s>            ( - -2.888e+04 1 0)))INFO: dtree.c(1439): stop. leaf nodes are specific
INFO: dtree.c(1478): Final simple tree
|( QUESTION12 -1 -7.894e+04 1.281e+02 3.160e+02
|    ( - -7.769e+04 1 0)
|    ( - -1.121e+03 1 0))
s>    ( QUESTION12 -1 -7.894e+04 1.281e+02 3.160e+02
s>        ( - -7.769e+04 1 0)
s>        ( - -1.121e+03 1 0))INFO: dtree.c(1315): Comp split 3
INFO: dtree.c(1315): Comp split 4
INFO: dtree.c(1315): Comp split 5
INFO: dtree.c(1439): stop. leaf nodes are specific
INFO: dtree.c(1478): Final simple tree
|( QUESTION2 -1 -5.243e+04 1.231e+02 2.117e+02
|    ( - -2.343e+04 1 0)
|    ( - -2.888e+04 1 0))
s>    ( QUESTION2 -1 -5.243e+04 1.231e+02 2.117e+02
s>        ( - -2.343e+04 1 0)
s>        ( - -2.888e+04 1 0))INFO: dtree.c(1315): Comp split 6
INFO: dtree.c(1315): Comp split 7
INFO: dtree.c(1315): Comp split 8
INFO: dtree.c(1318): stop. leaf nodes are specific
!!!!!!!!Allocated 65 lines
Thu Apr  7 00:44:44 2016
