Current configuration:
[NAME]		[DEFLT]	[VALUE]
-allphones	no	no
-cntthresh	0.00001	1.000000e-05
-csplitmax	100	2000
-csplitmin	1	1
-csplitthr	8e-4	0.000000e+00
-example	no	no
-fullvar	no	no
-help		no	no
-meanfn			/home/nguyenvanthinh/Desktop/Git/speech recognition  demo/digit/model_parameters/digit.cd_cont_untied/means
-mixwfn			/home/nguyenvanthinh/Desktop/Git/speech recognition  demo/digit/model_parameters/digit.cd_cont_untied/mixture_weights
-moddeffn		/home/nguyenvanthinh/Desktop/Git/speech recognition  demo/digit/model_architecture/digit.untied.mdef
-mwfloor	1e-4	1.000000e-08
-phone			t
-psetfn			/home/nguyenvanthinh/Desktop/Git/speech recognition  demo/digit/model_architecture/digit.tree_questions
-ssplitmax	5	7
-ssplitmin	1	1
-ssplitthr	8e-4	0.000000e+00
-state			0
-stwt			1.0,0.05,0.0,
-treefn			/home/nguyenvanthinh/Desktop/Git/speech recognition  demo/digit/trees/digit.unpruned/t-0.dtree
-ts2cbfn	.semi.	.cont.
-varfloor	0.00001	1.000000e-05
-varfn			/home/nguyenvanthinh/Desktop/Git/speech recognition  demo/digit/model_parameters/digit.cd_cont_untied/variances

INFO: main.c(223): Reading: /home/nguyenvanthinh/Desktop/Git/speech recognition  demo/digit/model_architecture/digit.untied.mdef
INFO: model_def_io.c(573): Model definition info:
INFO: model_def_io.c(574): 326 total models defined (31 base, 295 tri)
INFO: model_def_io.c(575): 1304 total states
INFO: model_def_io.c(576): 978 total tied states
INFO: model_def_io.c(577): 93 total tied CI states
INFO: model_def_io.c(578): 31 total tied transition matrices
INFO: model_def_io.c(579): 4 max state/model
INFO: model_def_io.c(580): 4 min state/model
INFO: main.c(242): Building trees for [t SIL as b] through [t uz uw b]
INFO: main.c(269): Covering states |[792 836]| == 45
INFO: main.c(275): Reading: /home/nguyenvanthinh/Desktop/Git/speech recognition  demo/digit/model_parameters/digit.cd_cont_untied/mixture_weights
INFO: s3mixw_io.c(173): Read /home/nguyenvanthinh/Desktop/Git/speech recognition  demo/digit/model_parameters/digit.cd_cont_untied/mixture_weights [45x1x1 array]
INFO: main.c(311): 15 of 15 models have observation count greater than 0.000010
INFO: main.c(95): nrm stwt: 0.952 0.048 0.000 
INFO: s3gau_io.c(169): Read /home/nguyenvanthinh/Desktop/Git/speech recognition  demo/digit/model_parameters/digit.cd_cont_untied/means [978x1x1 array]
INFO: s3gau_io.c(169): Read /home/nguyenvanthinh/Desktop/Git/speech recognition  demo/digit/model_parameters/digit.cd_cont_untied/variances [978x1x1 array]
INFO: main.c(549): Reading: /home/nguyenvanthinh/Desktop/Git/speech recognition  demo/digit/model_architecture/digit.tree_questions
INFO: main.c(588): 172 total simple questions (164 phone; 8 word bndry)
INFO: main.c(590): 40 Left Only questions, and 40 Right Only questions
INFO: dtree.c(1478): Final simple tree
|( QUESTION0_0_R 1 -1.043e+06 2.308e+03 4.476e+03
|    ( QUESTION0 -1 -9.321e+05 1.709e+03 4.011e+03
|        ( - -1.184e+05 1 0)
|        ( QUESTION2_6_L -1 -8.121e+05 1.337e+03 3.491e+03
|            ( - -2.481e+05 2 0 QUESTION2 -1 2.024e+02 1.078e+03)
|            ( QUESTION10 -1 -5.626e+05 1.148e+03 2.413e+03
|                ( - -8.902e+04 1 0)
|                ( QUESTION15 -1 -4.724e+05 9.345e+02 2.027e+03
|                    ( - -1.225e+05 1 0)
|                    ( QUESTION2_3_L -1 -3.490e+05 6.712e+02 1.498e+03
|                        ( - -6.899e+04 2 0 QUESTION2 -1 1.559e+02 2.956e+02)
|                        ( - -2.793e+05 2 0 SILENCE -1 2.456e+02 1.202e+03))))))
|    ( QUESTION0 -1 -1.082e+05 6.087e+02 4.651e+02
|        ( - -2.153e+04 1 0)
|        ( - -8.611e+04 5 0 QUESTION10 -1 5.875e+02 3.697e+02)))
s>    ( QUESTION0_0_R 1 -1.043e+06 2.308e+03 4.476e+03
s>        ( QUESTION0 -1 -9.321e+05 1.709e+03 4.011e+03
s>            ( - -1.184e+05 1 0)
s>            ( QUESTION2_6_L -1 -8.121e+05 1.337e+03 3.491e+03
s>                ( - -2.481e+05 2 0 QUESTION2 -1 2.024e+02 1.078e+03)
s>                ( QUESTION10 -1 -5.626e+05 1.148e+03 2.413e+03
s>                    ( - -8.902e+04 1 0)
s>                    ( QUESTION15 -1 -4.724e+05 9.345e+02 2.027e+03
s>                        ( - -1.225e+05 1 0)
s>                        ( QUESTION2_3_L -1 -3.490e+05 6.712e+02 1.498e+03
s>                            ( - -6.899e+04 2 0 QUESTION2 -1 1.559e+02 2.956e+02)
s>                            ( - -2.793e+05 2 0 SILENCE -1 2.456e+02 1.202e+03))))))
s>        ( QUESTION0 -1 -1.082e+05 6.087e+02 4.651e+02
s>            ( - -2.153e+04 1 0)
s>            ( - -8.611e+04 5 0 QUESTION10 -1 5.875e+02 3.697e+02)))INFO: dtree.c(1315): Comp split 0
INFO: dtree.c(1439): stop. leaf nodes are specific
INFO: dtree.c(1478): Final simple tree
|( QUESTION2_6_L -1 -7.221e+05 1.513e+03 3.105e+03
|    ( QUESTION2 -1 -2.481e+05 2.024e+02 1.078e+03
|        ( - -2.474e+05 1 0)
|        ( - -5.046e+02 1 0))
|    ( QUESTION15 -1 -4.724e+05 9.345e+02 2.027e+03
|        ( - -1.225e+05 1 0)
|        ( QUESTION2_3_L -1 -3.490e+05 6.712e+02 1.498e+03
|            ( QUESTION2 -1 -6.899e+04 1.559e+02 2.956e+02
|                ( - -3.053e+04 1 0)
|                ( - -3.830e+04 1 0))
|            ( SILENCE -1 -2.793e+05 2.456e+02 1.202e+03
|                ( - -5.252e+04 1 0)
|                ( - -2.265e+05 1 0)))))
s>    ( QUESTION2_6_L -1 -7.221e+05 1.513e+03 3.105e+03
s>        ( QUESTION2 -1 -2.481e+05 2.024e+02 1.078e+03
s>            ( - -2.474e+05 1 0)
s>            ( - -5.046e+02 1 0))
s>        ( QUESTION15 -1 -4.724e+05 9.345e+02 2.027e+03
s>            ( - -1.225e+05 1 0)
s>            ( QUESTION2_3_L -1 -3.490e+05 6.712e+02 1.498e+03
s>                ( QUESTION2 -1 -6.899e+04 1.559e+02 2.956e+02
s>                    ( - -3.053e+04 1 0)
s>                    ( - -3.830e+04 1 0))
s>                ( SILENCE -1 -2.793e+05 2.456e+02 1.202e+03
s>                    ( - -5.252e+04 1 0)
s>                    ( - -2.265e+05 1 0)))))INFO: dtree.c(1478): Final simple tree
|( QUESTION0_0_R 1 -3.178e+05 1.338e+03 1.371e+03
|    ( QUESTION0 -1 -2.082e+05 8.235e+02 9.062e+02
|        ( - -1.184e+05 1 0)
|        ( - -8.902e+04 1 0))
|    ( QUESTION0 -1 -1.082e+05 6.087e+02 4.651e+02
|        ( - -2.153e+04 1 0)
|        ( QUESTION10 -1 -8.611e+04 5.875e+02 3.697e+02
|            ( - -1.835e+04 1 0)
|            ( QUESTION2 -1 -6.718e+04 3.304e+02 2.893e+02
|                ( - -2.444e+04 1 0)
|                ( QUESTION16 -1 -4.240e+04 1.947e+02 1.823e+02
|                    ( - -8.496e+03 1 0)
|                    ( QUESTION12 -1 -3.371e+04 1.348e+02 1.449e+02
|                        ( - -8.577e+03 1 0)
|                        ( - -2.500e+04 1 0)))))))
s>    ( QUESTION0_0_R 1 -3.178e+05 1.338e+03 1.371e+03
s>        ( QUESTION0 -1 -2.082e+05 8.235e+02 9.062e+02
s>            ( - -1.184e+05 1 0)
s>            ( - -8.902e+04 1 0))
s>        ( QUESTION0 -1 -1.082e+05 6.087e+02 4.651e+02
s>            ( - -2.153e+04 1 0)
s>            ( QUESTION10 -1 -8.611e+04 5.875e+02 3.697e+02
s>                ( - -1.835e+04 1 0)
s>                ( QUESTION2 -1 -6.718e+04 3.304e+02 2.893e+02
s>                    ( - -2.444e+04 1 0)
s>                    ( QUESTION16 -1 -4.240e+04 1.947e+02 1.823e+02
s>                        ( - -8.496e+03 1 0)
s>                        ( QUESTION12 -1 -3.371e+04 1.348e+02 1.449e+02
s>                            ( - -8.577e+03 1 0)
s>                            ( - -2.500e+04 1 0)))))))INFO: dtree.c(1315): Comp split 1
INFO: dtree.c(1439): stop. leaf nodes are specific
INFO: dtree.c(1478): Final simple tree
|( QUESTION15 -1 -4.724e+05 9.345e+02 2.027e+03
|    ( - -1.225e+05 1 0)
|    ( QUESTION2_3_L -1 -3.490e+05 6.712e+02 1.498e+03
|        ( QUESTION2 -1 -6.899e+04 1.559e+02 2.956e+02
|            ( - -3.053e+04 1 0)
|            ( - -3.830e+04 1 0))
|        ( SILENCE -1 -2.793e+05 2.456e+02 1.202e+03
|            ( - -5.252e+04 1 0)
|            ( - -2.265e+05 1 0))))
s>    ( QUESTION15 -1 -4.724e+05 9.345e+02 2.027e+03
s>        ( - -1.225e+05 1 0)
s>        ( QUESTION2_3_L -1 -3.490e+05 6.712e+02 1.498e+03
s>            ( QUESTION2 -1 -6.899e+04 1.559e+02 2.956e+02
s>                ( - -3.053e+04 1 0)
s>                ( - -3.830e+04 1 0))
s>            ( SILENCE -1 -2.793e+05 2.456e+02 1.202e+03
s>                ( - -5.252e+04 1 0)
s>                ( - -2.265e+05 1 0))))INFO: dtree.c(1439): stop. leaf nodes are specific
INFO: dtree.c(1478): Final simple tree
|( QUESTION2 -1 -2.481e+05 2.024e+02 1.078e+03
|    ( - -2.474e+05 1 0)
|    ( - -5.046e+02 1 0))
s>    ( QUESTION2 -1 -2.481e+05 2.024e+02 1.078e+03
s>        ( - -2.474e+05 1 0)
s>        ( - -5.046e+02 1 0))INFO: dtree.c(1315): Comp split 2
INFO: dtree.c(1439): stop. leaf nodes are specific
INFO: dtree.c(1478): Final simple tree
|( QUESTION2 -1 -6.718e+04 3.304e+02 2.893e+02
|    ( - -2.444e+04 1 0)
|    ( QUESTION16 -1 -4.240e+04 1.947e+02 1.823e+02
|        ( - -8.496e+03 1 0)
|        ( QUESTION12 -1 -3.371e+04 1.348e+02 1.449e+02
|            ( - -8.577e+03 1 0)
|            ( - -2.500e+04 1 0))))
s>    ( QUESTION2 -1 -6.718e+04 3.304e+02 2.893e+02
s>        ( - -2.444e+04 1 0)
s>        ( QUESTION16 -1 -4.240e+04 1.947e+02 1.823e+02
s>            ( - -8.496e+03 1 0)
s>            ( QUESTION12 -1 -3.371e+04 1.348e+02 1.449e+02
s>                ( - -8.577e+03 1 0)
s>                ( - -2.500e+04 1 0))))INFO: dtree.c(1439): stop. leaf nodes are specific
INFO: dtree.c(1478): Final simple tree
|( QUESTION0 -1 -2.492e+05 1.139e+03 1.082e+03
|    ( QUESTION0_0_R 1 -1.403e+05 4.080e+02 6.152e+02
|        ( - -1.184e+05 1 0)
|        ( - -2.153e+04 1 0))
|    ( QUESTION0_0_R 1 -1.078e+05 3.866e+02 4.667e+02
|        ( - -8.902e+04 1 0)
|        ( - -1.835e+04 1 0)))
s>    ( QUESTION0 -1 -2.492e+05 1.139e+03 1.082e+03
s>        ( QUESTION0_0_R 1 -1.403e+05 4.080e+02 6.152e+02
s>            ( - -1.184e+05 1 0)
s>            ( - -2.153e+04 1 0))
s>        ( QUESTION0_0_R 1 -1.078e+05 3.866e+02 4.667e+02
s>            ( - -8.902e+04 1 0)
s>            ( - -1.835e+04 1 0)))INFO: dtree.c(1315): Comp split 3
INFO: dtree.c(1439): stop. leaf nodes are specific
INFO: dtree.c(1478): Final simple tree
|( QUESTION0_0_R 1 -1.078e+05 3.866e+02 4.667e+02
|    ( - -8.902e+04 1 0)
|    ( - -1.835e+04 1 0))
s>    ( QUESTION0_0_R 1 -1.078e+05 3.866e+02 4.667e+02
s>        ( - -8.902e+04 1 0)
s>        ( - -1.835e+04 1 0))INFO: dtree.c(1439): stop. leaf nodes are specific
INFO: dtree.c(1478): Final simple tree
|( QUESTION0_0_R 1 -1.403e+05 4.080e+02 6.152e+02
|    ( - -1.184e+05 1 0)
|    ( - -2.153e+04 1 0))
s>    ( QUESTION0_0_R 1 -1.403e+05 4.080e+02 6.152e+02
s>        ( - -1.184e+05 1 0)
s>        ( - -2.153e+04 1 0))INFO: dtree.c(1315): Comp split 4
INFO: dtree.c(1439): stop. leaf nodes are specific
INFO: dtree.c(1478): Final simple tree
|( QUESTION2_3_L -1 -3.490e+05 6.712e+02 1.498e+03
|    ( QUESTION2 -1 -6.899e+04 1.559e+02 2.956e+02
|        ( - -3.053e+04 1 0)
|        ( - -3.830e+04 1 0))
|    ( SILENCE -1 -2.793e+05 2.456e+02 1.202e+03
|        ( - -5.252e+04 1 0)
|        ( - -2.265e+05 1 0)))
s>    ( QUESTION2_3_L -1 -3.490e+05 6.712e+02 1.498e+03
s>        ( QUESTION2 -1 -6.899e+04 1.559e+02 2.956e+02
s>            ( - -3.053e+04 1 0)
s>            ( - -3.830e+04 1 0))
s>        ( SILENCE -1 -2.793e+05 2.456e+02 1.202e+03
s>            ( - -5.252e+04 1 0)
s>            ( - -2.265e+05 1 0)))INFO: dtree.c(1315): Comp split 5
INFO: dtree.c(1439): stop. leaf nodes are specific
INFO: dtree.c(1478): Final simple tree
|( SILENCE -1 -2.793e+05 2.456e+02 1.202e+03
|    ( - -5.252e+04 1 0)
|    ( - -2.265e+05 1 0))
s>    ( SILENCE -1 -2.793e+05 2.456e+02 1.202e+03
s>        ( - -5.252e+04 1 0)
s>        ( - -2.265e+05 1 0))INFO: dtree.c(1439): stop. leaf nodes are specific
INFO: dtree.c(1478): Final simple tree
|( QUESTION2 -1 -6.899e+04 1.559e+02 2.956e+02
|    ( - -3.053e+04 1 0)
|    ( - -3.830e+04 1 0))
s>    ( QUESTION2 -1 -6.899e+04 1.559e+02 2.956e+02
s>        ( - -3.053e+04 1 0)
s>        ( - -3.830e+04 1 0))INFO: dtree.c(1315): Comp split 6
INFO: dtree.c(1315): Comp split 7
INFO: dtree.c(1315): Comp split 8
INFO: dtree.c(1439): stop. leaf nodes are specific
INFO: dtree.c(1478): Final simple tree
|( QUESTION16 -1 -4.240e+04 1.947e+02 1.823e+02
|    ( - -8.496e+03 1 0)
|    ( QUESTION12 -1 -3.371e+04 1.348e+02 1.449e+02
|        ( - -8.577e+03 1 0)
|        ( - -2.500e+04 1 0)))
s>    ( QUESTION16 -1 -4.240e+04 1.947e+02 1.823e+02
s>        ( - -8.496e+03 1 0)
s>        ( QUESTION12 -1 -3.371e+04 1.348e+02 1.449e+02
s>            ( - -8.577e+03 1 0)
s>            ( - -2.500e+04 1 0)))INFO: dtree.c(1315): Comp split 9
INFO: dtree.c(1315): Comp split 10
INFO: dtree.c(1315): Comp split 11
INFO: dtree.c(1439): stop. leaf nodes are specific
INFO: dtree.c(1478): Final simple tree
|( QUESTION12 -1 -3.371e+04 1.348e+02 1.449e+02
|    ( - -8.577e+03 1 0)
|    ( - -2.500e+04 1 0))
s>    ( QUESTION12 -1 -3.371e+04 1.348e+02 1.449e+02
s>        ( - -8.577e+03 1 0)
s>        ( - -2.500e+04 1 0))INFO: dtree.c(1315): Comp split 12
INFO: dtree.c(1315): Comp split 13
INFO: dtree.c(1315): Comp split 14
INFO: dtree.c(1318): stop. leaf nodes are specific
!!!!!!!!Allocated 65 lines
Thu Apr  7 00:44:45 2016
