Current configuration:
[NAME]		[DEFLT]	[VALUE]
-allphones	no	no
-cntthresh	0.00001	1.000000e-05
-csplitmax	100	2000
-csplitmin	1	1
-csplitthr	8e-4	0.000000e+00
-example	no	no
-fullvar	no	no
-help		no	no
-meanfn			/home/nguyenvanthinh/Desktop/Git/speech recognition  demo/digit/model_parameters/digit.cd_cont_untied/means
-mixwfn			/home/nguyenvanthinh/Desktop/Git/speech recognition  demo/digit/model_parameters/digit.cd_cont_untied/mixture_weights
-moddeffn		/home/nguyenvanthinh/Desktop/Git/speech recognition  demo/digit/model_architecture/digit.untied.mdef
-mwfloor	1e-4	1.000000e-08
-phone			t
-psetfn			/home/nguyenvanthinh/Desktop/Git/speech recognition  demo/digit/model_architecture/digit.tree_questions
-ssplitmax	5	7
-ssplitmin	1	1
-ssplitthr	8e-4	0.000000e+00
-state			2
-stwt			1.0,0.05,0.0,
-treefn			/home/nguyenvanthinh/Desktop/Git/speech recognition  demo/digit/trees/digit.unpruned/t-2.dtree
-ts2cbfn	.semi.	.cont.
-varfloor	0.00001	1.000000e-05
-varfn			/home/nguyenvanthinh/Desktop/Git/speech recognition  demo/digit/model_parameters/digit.cd_cont_untied/variances

INFO: main.c(223): Reading: /home/nguyenvanthinh/Desktop/Git/speech recognition  demo/digit/model_architecture/digit.untied.mdef
INFO: model_def_io.c(573): Model definition info:
INFO: model_def_io.c(574): 326 total models defined (31 base, 295 tri)
INFO: model_def_io.c(575): 1304 total states
INFO: model_def_io.c(576): 978 total tied states
INFO: model_def_io.c(577): 93 total tied CI states
INFO: model_def_io.c(578): 31 total tied transition matrices
INFO: model_def_io.c(579): 4 max state/model
INFO: model_def_io.c(580): 4 min state/model
INFO: main.c(242): Building trees for [t SIL as b] through [t uz uw b]
INFO: main.c(269): Covering states |[792 836]| == 45
INFO: main.c(275): Reading: /home/nguyenvanthinh/Desktop/Git/speech recognition  demo/digit/model_parameters/digit.cd_cont_untied/mixture_weights
INFO: s3mixw_io.c(173): Read /home/nguyenvanthinh/Desktop/Git/speech recognition  demo/digit/model_parameters/digit.cd_cont_untied/mixture_weights [45x1x1 array]
INFO: main.c(311): 15 of 15 models have observation count greater than 0.000010
INFO: main.c(95): nrm stwt: 0.000 0.048 0.952 
INFO: s3gau_io.c(169): Read /home/nguyenvanthinh/Desktop/Git/speech recognition  demo/digit/model_parameters/digit.cd_cont_untied/means [978x1x1 array]
INFO: s3gau_io.c(169): Read /home/nguyenvanthinh/Desktop/Git/speech recognition  demo/digit/model_parameters/digit.cd_cont_untied/variances [978x1x1 array]
INFO: main.c(549): Reading: /home/nguyenvanthinh/Desktop/Git/speech recognition  demo/digit/model_architecture/digit.tree_questions
INFO: main.c(588): 172 total simple questions (164 phone; 8 word bndry)
INFO: main.c(590): 40 Left Only questions, and 40 Right Only questions
INFO: dtree.c(1478): Final simple tree
|( QUESTION0_0_R 1 -8.384e+05 6.371e+03 4.290e+03
|    ( QUESTION2_6_L -1 -8.063e+05 3.205e+03 4.169e+03
|        ( - -1.763e+05 2 0 QUESTION2 -1 3.168e+02 8.913e+02)
|        ( QUESTION15 -1 -6.268e+05 6.701e+02 3.278e+03
|            ( - -1.464e+05 1 0)
|            ( QUESTION10 -1 -4.797e+05 5.979e+02 2.503e+03
|                ( - -7.051e+04 1 0)
|                ( SILENCE -1 -4.086e+05 4.963e+02 2.134e+03
|                    ( - -2.737e+04 1 0)
|                    ( QUESTION2_0_L -1 -3.807e+05 4.486e+02 1.993e+03
|                        ( - -2.652e+05 2 0 QUESTION0 -1 3.854e+02 1.392e+03)
|                        ( - -1.150e+05 2 0 QUESTION2 -1 3.358e+02 6.014e+02))))))
|    ( QUESTION12 -1 -2.571e+04 4.924e+02 1.207e+02
|        ( - -3.210e+03 1 0)
|        ( - -2.200e+04 5 0 QUESTION11 -1 3.681e+02 1.064e+02)))
s>    ( QUESTION0_0_R 1 -8.384e+05 6.371e+03 4.290e+03
s>        ( QUESTION2_6_L -1 -8.063e+05 3.205e+03 4.169e+03
s>            ( - -1.763e+05 2 0 QUESTION2 -1 3.168e+02 8.913e+02)
s>            ( QUESTION15 -1 -6.268e+05 6.701e+02 3.278e+03
s>                ( - -1.464e+05 1 0)
s>                ( QUESTION10 -1 -4.797e+05 5.979e+02 2.503e+03
s>                    ( - -7.051e+04 1 0)
s>                    ( SILENCE -1 -4.086e+05 4.963e+02 2.134e+03
s>                        ( - -2.737e+04 1 0)
s>                        ( QUESTION2_0_L -1 -3.807e+05 4.486e+02 1.993e+03
s>                            ( - -2.652e+05 2 0 QUESTION0 -1 3.854e+02 1.392e+03)
s>                            ( - -1.150e+05 2 0 QUESTION2 -1 3.358e+02 6.014e+02))))))
s>        ( QUESTION12 -1 -2.571e+04 4.924e+02 1.207e+02
s>            ( - -3.210e+03 1 0)
s>            ( - -2.200e+04 5 0 QUESTION11 -1 3.681e+02 1.064e+02)))INFO: dtree.c(1315): Comp split 0
INFO: dtree.c(1478): Final simple tree
|( QUESTION2_6_L -1 -8.063e+05 3.205e+03 4.169e+03
|    ( - -1.763e+05 2 0 QUESTION2 -1 3.168e+02 8.913e+02)
|    ( QUESTION15 -1 -6.268e+05 6.701e+02 3.278e+03
|        ( - -1.464e+05 1 0)
|        ( QUESTION10 -1 -4.797e+05 5.979e+02 2.503e+03
|            ( - -7.051e+04 1 0)
|            ( SILENCE -1 -4.086e+05 4.963e+02 2.134e+03
|                ( - -2.737e+04 1 0)
|                ( QUESTION2_0_L -1 -3.807e+05 4.486e+02 1.993e+03
|                    ( QUESTION0 -1 -2.652e+05 3.854e+02 1.392e+03
|                        ( - -6.823e+04 1 0)
|                        ( - -1.966e+05 1 0))
|                    ( QUESTION2 -1 -1.150e+05 3.358e+02 6.014e+02
|                        ( - -4.340e+04 1 0)
|                        ( - -7.129e+04 1 0)))))))
s>    ( QUESTION2_6_L -1 -8.063e+05 3.205e+03 4.169e+03
s>        ( - -1.763e+05 2 0 QUESTION2 -1 3.168e+02 8.913e+02)
s>        ( QUESTION15 -1 -6.268e+05 6.701e+02 3.278e+03
s>            ( - -1.464e+05 1 0)
s>            ( QUESTION10 -1 -4.797e+05 5.979e+02 2.503e+03
s>                ( - -7.051e+04 1 0)
s>                ( SILENCE -1 -4.086e+05 4.963e+02 2.134e+03
s>                    ( - -2.737e+04 1 0)
s>                    ( QUESTION2_0_L -1 -3.807e+05 4.486e+02 1.993e+03
s>                        ( QUESTION0 -1 -2.652e+05 3.854e+02 1.392e+03
s>                            ( - -6.823e+04 1 0)
s>                            ( - -1.966e+05 1 0))
s>                        ( QUESTION2 -1 -1.150e+05 3.358e+02 6.014e+02
s>                            ( - -4.340e+04 1 0)
s>                            ( - -7.129e+04 1 0)))))))INFO: dtree.c(1439): stop. leaf nodes are specific
INFO: dtree.c(1478): Final simple tree
|( QUESTION12 -1 -2.571e+04 4.924e+02 1.207e+02
|    ( - -3.210e+03 1 0)
|    ( QUESTION11 -1 -2.200e+04 3.681e+02 1.064e+02
|        ( QUESTION15 -1 -1.108e+04 2.238e+02 5.524e+01
|            ( - -9.031e+03 1 0)
|            ( - -1.821e+03 1 0))
|        ( QUESTION9 -1 -1.056e+04 1.476e+02 5.120e+01
|            ( - -1.827e+03 1 0)
|            ( QUESTION0 -1 -8.586e+03 1.065e+02 4.253e+01
|                ( - -2.290e+03 1 0)
|                ( - -6.190e+03 1 0)))))
s>    ( QUESTION12 -1 -2.571e+04 4.924e+02 1.207e+02
s>        ( - -3.210e+03 1 0)
s>        ( QUESTION11 -1 -2.200e+04 3.681e+02 1.064e+02
s>            ( QUESTION15 -1 -1.108e+04 2.238e+02 5.524e+01
s>                ( - -9.031e+03 1 0)
s>                ( - -1.821e+03 1 0))
s>            ( QUESTION9 -1 -1.056e+04 1.476e+02 5.120e+01
s>                ( - -1.827e+03 1 0)
s>                ( QUESTION0 -1 -8.586e+03 1.065e+02 4.253e+01
s>                    ( - -2.290e+03 1 0)
s>                    ( - -6.190e+03 1 0)))))INFO: dtree.c(1315): Comp split 1
INFO: dtree.c(1439): stop. leaf nodes are specific
INFO: dtree.c(1478): Final simple tree
|( QUESTION15 -1 -6.268e+05 6.701e+02 3.278e+03
|    ( - -1.464e+05 1 0)
|    ( QUESTION10 -1 -4.797e+05 5.979e+02 2.503e+03
|        ( - -7.051e+04 1 0)
|        ( SILENCE -1 -4.086e+05 4.963e+02 2.134e+03
|            ( - -2.737e+04 1 0)
|            ( QUESTION2_0_L -1 -3.807e+05 4.486e+02 1.993e+03
|                ( QUESTION0 -1 -2.652e+05 3.854e+02 1.392e+03
|                    ( - -6.823e+04 1 0)
|                    ( - -1.966e+05 1 0))
|                ( QUESTION2 -1 -1.150e+05 3.358e+02 6.014e+02
|                    ( - -4.340e+04 1 0)
|                    ( - -7.129e+04 1 0))))))
s>    ( QUESTION15 -1 -6.268e+05 6.701e+02 3.278e+03
s>        ( - -1.464e+05 1 0)
s>        ( QUESTION10 -1 -4.797e+05 5.979e+02 2.503e+03
s>            ( - -7.051e+04 1 0)
s>            ( SILENCE -1 -4.086e+05 4.963e+02 2.134e+03
s>                ( - -2.737e+04 1 0)
s>                ( QUESTION2_0_L -1 -3.807e+05 4.486e+02 1.993e+03
s>                    ( QUESTION0 -1 -2.652e+05 3.854e+02 1.392e+03
s>                        ( - -6.823e+04 1 0)
s>                        ( - -1.966e+05 1 0))
s>                    ( QUESTION2 -1 -1.150e+05 3.358e+02 6.014e+02
s>                        ( - -4.340e+04 1 0)
s>                        ( - -7.129e+04 1 0))))))INFO: dtree.c(1439): stop. leaf nodes are specific
INFO: dtree.c(1478): Final simple tree
|( QUESTION2 -1 -1.763e+05 3.168e+02 8.913e+02
|    ( - -1.757e+05 1 0)
|    ( - -3.288e+02 1 0))
s>    ( QUESTION2 -1 -1.763e+05 3.168e+02 8.913e+02
s>        ( - -1.757e+05 1 0)
s>        ( - -3.288e+02 1 0))INFO: dtree.c(1315): Comp split 2
INFO: dtree.c(1439): stop. leaf nodes are specific
INFO: dtree.c(1478): Final simple tree
|( QUESTION2 -1 -1.859e+05 3.543e+02 9.707e+02
|    ( - -4.340e+04 1 0)
|    ( QUESTION10 -1 -1.421e+05 3.306e+02 7.452e+02
|        ( - -7.051e+04 1 0)
|        ( - -7.129e+04 1 0)))
s>    ( QUESTION2 -1 -1.859e+05 3.543e+02 9.707e+02
s>        ( - -4.340e+04 1 0)
s>        ( QUESTION10 -1 -1.421e+05 3.306e+02 7.452e+02
s>            ( - -7.051e+04 1 0)
s>            ( - -7.129e+04 1 0)))INFO: dtree.c(1439): stop. leaf nodes are specific
INFO: dtree.c(1478): Final simple tree
|( SILENCE -1 -4.400e+05 4.951e+02 2.307e+03
|    ( - -2.737e+04 1 0)
|    ( QUESTION12 -1 -4.121e+05 5.495e+02 2.166e+03
|        ( - -1.966e+05 1 0)
|        ( QUESTION0 -1 -2.150e+05 2.947e+02 1.133e+03
|            ( - -6.823e+04 1 0)
|            ( - -1.464e+05 1 0))))
s>    ( SILENCE -1 -4.400e+05 4.951e+02 2.307e+03
s>        ( - -2.737e+04 1 0)
s>        ( QUESTION12 -1 -4.121e+05 5.495e+02 2.166e+03
s>            ( - -1.966e+05 1 0)
s>            ( QUESTION0 -1 -2.150e+05 2.947e+02 1.133e+03
s>                ( - -6.823e+04 1 0)
s>                ( - -1.464e+05 1 0))))INFO: dtree.c(1315): Comp split 3
INFO: dtree.c(1439): stop. leaf nodes are specific
INFO: dtree.c(1478): Final simple tree
|( QUESTION0 -1 -2.150e+05 2.947e+02 1.133e+03
|    ( - -6.823e+04 1 0)
|    ( - -1.464e+05 1 0))
s>    ( QUESTION0 -1 -2.150e+05 2.947e+02 1.133e+03
s>        ( - -6.823e+04 1 0)
s>        ( - -1.464e+05 1 0))INFO: dtree.c(1439): stop. leaf nodes are specific
INFO: dtree.c(1478): Final simple tree
|( SILENCE -1 -2.244e+05 4.331e+02 1.174e+03
|    ( - -2.737e+04 1 0)
|    ( - -1.966e+05 1 0))
s>    ( SILENCE -1 -2.244e+05 4.331e+02 1.174e+03
s>        ( - -2.737e+04 1 0)
s>        ( - -1.966e+05 1 0))INFO: dtree.c(1315): Comp split 4
INFO: dtree.c(1439): stop. leaf nodes are specific
INFO: dtree.c(1478): Final simple tree
|( QUESTION11 -1 -2.200e+04 3.681e+02 1.064e+02
|    ( QUESTION15 -1 -1.108e+04 2.238e+02 5.524e+01
|        ( - -9.031e+03 1 0)
|        ( - -1.821e+03 1 0))
|    ( QUESTION9 -1 -1.056e+04 1.476e+02 5.120e+01
|        ( - -1.827e+03 1 0)
|        ( QUESTION0 -1 -8.586e+03 1.065e+02 4.253e+01
|            ( - -2.290e+03 1 0)
|            ( - -6.190e+03 1 0))))
s>    ( QUESTION11 -1 -2.200e+04 3.681e+02 1.064e+02
s>        ( QUESTION15 -1 -1.108e+04 2.238e+02 5.524e+01
s>            ( - -9.031e+03 1 0)
s>            ( - -1.821e+03 1 0))
s>        ( QUESTION9 -1 -1.056e+04 1.476e+02 5.120e+01
s>            ( - -1.827e+03 1 0)
s>            ( QUESTION0 -1 -8.586e+03 1.065e+02 4.253e+01
s>                ( - -2.290e+03 1 0)
s>                ( - -6.190e+03 1 0))))INFO: dtree.c(1315): Comp split 5
INFO: dtree.c(1315): Comp split 6
INFO: dtree.c(1439): stop. leaf nodes are specific
INFO: dtree.c(1478): Final simple tree
|( QUESTION9 -1 -1.056e+04 1.476e+02 5.120e+01
|    ( - -1.827e+03 1 0)
|    ( QUESTION0 -1 -8.586e+03 1.065e+02 4.253e+01
|        ( - -2.290e+03 1 0)
|        ( - -6.190e+03 1 0)))
s>    ( QUESTION9 -1 -1.056e+04 1.476e+02 5.120e+01
s>        ( - -1.827e+03 1 0)
s>        ( QUESTION0 -1 -8.586e+03 1.065e+02 4.253e+01
s>            ( - -2.290e+03 1 0)
s>            ( - -6.190e+03 1 0)))INFO: dtree.c(1439): stop. leaf nodes are specific
INFO: dtree.c(1478): Final simple tree
|( QUESTION15 -1 -1.108e+04 2.238e+02 5.524e+01
|    ( - -9.031e+03 1 0)
|    ( - -1.821e+03 1 0))
s>    ( QUESTION15 -1 -1.108e+04 2.238e+02 5.524e+01
s>        ( - -9.031e+03 1 0)
s>        ( - -1.821e+03 1 0))INFO: dtree.c(1315): Comp split 7
INFO: dtree.c(1439): stop. leaf nodes are specific
INFO: dtree.c(1478): Final simple tree
|( QUESTION10 -1 -1.421e+05 3.306e+02 7.452e+02
|    ( - -7.051e+04 1 0)
|    ( - -7.129e+04 1 0))
s>    ( QUESTION10 -1 -1.421e+05 3.306e+02 7.452e+02
s>        ( - -7.051e+04 1 0)
s>        ( - -7.129e+04 1 0))INFO: dtree.c(1315): Comp split 8
INFO: dtree.c(1315): Comp split 9
INFO: dtree.c(1315): Comp split 10
INFO: dtree.c(1315): Comp split 11
INFO: dtree.c(1315): Comp split 12
INFO: dtree.c(1439): stop. leaf nodes are specific
INFO: dtree.c(1478): Final simple tree
|( QUESTION0 -1 -8.586e+03 1.065e+02 4.253e+01
|    ( - -2.290e+03 1 0)
|    ( - -6.190e+03 1 0))
s>    ( QUESTION0 -1 -8.586e+03 1.065e+02 4.253e+01
s>        ( - -2.290e+03 1 0)
s>        ( - -6.190e+03 1 0))INFO: dtree.c(1315): Comp split 13
INFO: dtree.c(1315): Comp split 14
INFO: dtree.c(1318): stop. leaf nodes are specific
!!!!!!!!Allocated 65 lines
Thu Apr  7 00:44:45 2016
