Current configuration:
[NAME]		[DEFLT]	[VALUE]
-allphones	no	no
-cntthresh	0.00001	1.000000e-05
-csplitmax	100	2000
-csplitmin	1	1
-csplitthr	8e-4	0.000000e+00
-example	no	no
-fullvar	no	no
-help		no	no
-meanfn			/home/nguyenvanthinh/Desktop/Git/speech recognition  demo/digit/model_parameters/digit.cd_cont_untied/means
-mixwfn			/home/nguyenvanthinh/Desktop/Git/speech recognition  demo/digit/model_parameters/digit.cd_cont_untied/mixture_weights
-moddeffn		/home/nguyenvanthinh/Desktop/Git/speech recognition  demo/digit/model_architecture/digit.untied.mdef
-mwfloor	1e-4	1.000000e-08
-phone			b
-psetfn			/home/nguyenvanthinh/Desktop/Git/speech recognition  demo/digit/model_architecture/digit.tree_questions
-ssplitmax	5	7
-ssplitmin	1	1
-ssplitthr	8e-4	0.000000e+00
-state			1
-stwt			1.0,0.05,0.0,
-treefn			/home/nguyenvanthinh/Desktop/Git/speech recognition  demo/digit/trees/digit.unpruned/b-1.dtree
-ts2cbfn	.semi.	.cont.
-varfloor	0.00001	1.000000e-05
-varfn			/home/nguyenvanthinh/Desktop/Git/speech recognition  demo/digit/model_parameters/digit.cd_cont_untied/variances

INFO: main.c(223): Reading: /home/nguyenvanthinh/Desktop/Git/speech recognition  demo/digit/model_architecture/digit.untied.mdef
INFO: model_def_io.c(573): Model definition info:
INFO: model_def_io.c(574): 326 total models defined (31 base, 295 tri)
INFO: model_def_io.c(575): 1304 total states
INFO: model_def_io.c(576): 978 total tied states
INFO: model_def_io.c(577): 93 total tied CI states
INFO: model_def_io.c(578): 31 total tied transition matrices
INFO: model_def_io.c(579): 4 max state/model
INFO: model_def_io.c(580): 4 min state/model
INFO: main.c(242): Building trees for [b SIL a b] through [b uz oos b]
INFO: main.c(269): Covering states |[144 221]| == 78
INFO: main.c(275): Reading: /home/nguyenvanthinh/Desktop/Git/speech recognition  demo/digit/model_parameters/digit.cd_cont_untied/mixture_weights
INFO: s3mixw_io.c(173): Read /home/nguyenvanthinh/Desktop/Git/speech recognition  demo/digit/model_parameters/digit.cd_cont_untied/mixture_weights [78x1x1 array]
INFO: main.c(311): 26 of 26 models have observation count greater than 0.000010
INFO: main.c(95): nrm stwt: 0.045 0.909 0.045 
INFO: s3gau_io.c(169): Read /home/nguyenvanthinh/Desktop/Git/speech recognition  demo/digit/model_parameters/digit.cd_cont_untied/means [978x1x1 array]
INFO: s3gau_io.c(169): Read /home/nguyenvanthinh/Desktop/Git/speech recognition  demo/digit/model_parameters/digit.cd_cont_untied/variances [978x1x1 array]
INFO: main.c(549): Reading: /home/nguyenvanthinh/Desktop/Git/speech recognition  demo/digit/model_architecture/digit.tree_questions
INFO: main.c(588): 172 total simple questions (164 phone; 8 word bndry)
INFO: main.c(590): 40 Left Only questions, and 40 Right Only questions
INFO: dtree.c(1478): Final simple tree
|( QUESTION0_0_R 1 -1.186e+06 1.907e+04 4.902e+03
|    ( QUESTION0 1 -8.332e+05 4.220e+03 3.477e+03
|        ( QUESTION8 -1 -3.858e+05 1.528e+03 1.614e+03
|            ( - -9.774e+04 1 0)
|            ( QUESTION15 -1 -2.865e+05 8.359e+02 1.184e+03
|                ( - -7.348e+04 1 0)
|                ( - -2.122e+05 7 0 QUESTION19 -1 7.179e+02 8.736e+02)))
|        ( QUESTION8 -1 -4.433e+05 1.918e+03 1.864e+03
|            ( - -1.153e+05 1 0)
|            ( - -3.261e+05 8 0 QUESTION19 -1 5.672e+02 1.360e+03)))
|    ( QUESTION8 -1 -3.336e+05 2.242e+03 1.425e+03
|        ( - -8.587e+04 1 0)
|        ( QUESTION0 -1 -2.455e+05 8.180e+02 1.042e+03
|            ( - -2.593e+04 1 0)
|            ( - -2.188e+05 6 0 QUESTION10 -1 4.333e+02 9.283e+02))))
s>    ( QUESTION0_0_R 1 -1.186e+06 1.907e+04 4.902e+03
s>        ( QUESTION0 1 -8.332e+05 4.220e+03 3.477e+03
s>            ( QUESTION8 -1 -3.858e+05 1.528e+03 1.614e+03
s>                ( - -9.774e+04 1 0)
s>                ( QUESTION15 -1 -2.865e+05 8.359e+02 1.184e+03
s>                    ( - -7.348e+04 1 0)
s>                    ( - -2.122e+05 7 0 QUESTION19 -1 7.179e+02 8.736e+02)))
s>            ( QUESTION8 -1 -4.433e+05 1.918e+03 1.864e+03
s>                ( - -1.153e+05 1 0)
s>                ( - -3.261e+05 8 0 QUESTION19 -1 5.672e+02 1.360e+03)))
s>        ( QUESTION8 -1 -3.336e+05 2.242e+03 1.425e+03
s>            ( - -8.587e+04 1 0)
s>            ( QUESTION0 -1 -2.455e+05 8.180e+02 1.042e+03
s>                ( - -2.593e+04 1 0)
s>                ( - -2.188e+05 6 0 QUESTION10 -1 4.333e+02 9.283e+02))))INFO: dtree.c(1315): Comp split 0
INFO: dtree.c(1478): Final simple tree
|( QUESTION0 1 -8.332e+05 4.220e+03 3.477e+03
|    ( QUESTION8 -1 -3.858e+05 1.528e+03 1.614e+03
|        ( - -9.774e+04 1 0)
|        ( QUESTION15 -1 -2.865e+05 8.359e+02 1.184e+03
|            ( - -7.348e+04 1 0)
|            ( QUESTION19 -1 -2.122e+05 7.179e+02 8.736e+02
|                ( - -2.061e+04 1 0)
|                ( QUESTION10 -1 -1.909e+05 6.865e+02 7.820e+02
|                    ( - -2.287e+04 1 0)
|                    ( - -1.673e+05 5 0 QUESTION0 -1 4.794e+02 6.847e+02)))))
|    ( QUESTION8 -1 -4.433e+05 1.918e+03 1.864e+03
|        ( - -1.153e+05 1 0)
|        ( QUESTION19 -1 -3.261e+05 5.672e+02 1.360e+03
|            ( - -2.767e+04 1 0)
|            ( - -2.978e+05 7 0 QUESTION10 -1 5.833e+02 1.238e+03))))
s>    ( QUESTION0 1 -8.332e+05 4.220e+03 3.477e+03
s>        ( QUESTION8 -1 -3.858e+05 1.528e+03 1.614e+03
s>            ( - -9.774e+04 1 0)
s>            ( QUESTION15 -1 -2.865e+05 8.359e+02 1.184e+03
s>                ( - -7.348e+04 1 0)
s>                ( QUESTION19 -1 -2.122e+05 7.179e+02 8.736e+02
s>                    ( - -2.061e+04 1 0)
s>                    ( QUESTION10 -1 -1.909e+05 6.865e+02 7.820e+02
s>                        ( - -2.287e+04 1 0)
s>                        ( - -1.673e+05 5 0 QUESTION0 -1 4.794e+02 6.847e+02)))))
s>        ( QUESTION8 -1 -4.433e+05 1.918e+03 1.864e+03
s>            ( - -1.153e+05 1 0)
s>            ( QUESTION19 -1 -3.261e+05 5.672e+02 1.360e+03
s>                ( - -2.767e+04 1 0)
s>                ( - -2.978e+05 7 0 QUESTION10 -1 5.833e+02 1.238e+03))))INFO: dtree.c(1478): Final simple tree
|( QUESTION8 -1 -3.336e+05 2.242e+03 1.425e+03
|    ( - -8.587e+04 1 0)
|    ( QUESTION0 -1 -2.455e+05 8.180e+02 1.042e+03
|        ( - -2.593e+04 1 0)
|        ( QUESTION10 -1 -2.188e+05 4.333e+02 9.283e+02
|            ( - -2.263e+04 1 0)
|            ( QUESTION15 -1 -1.957e+05 4.104e+02 8.304e+02
|                ( - -4.920e+04 1 0)
|                ( QUESTION2_3_L -1 -1.461e+05 3.279e+02 6.216e+02
|                    ( QUESTION2 -1 -4.277e+04 2.799e+02 1.845e+02
|                        ( - -2.886e+04 1 0)
|                        ( - -1.362e+04 1 0))
|                    ( SILENCE -1 -1.030e+05 2.424e+02 4.371e+02
|                        ( - -1.760e+04 1 0)
|                        ( - -8.517e+04 1 0)))))))
s>    ( QUESTION8 -1 -3.336e+05 2.242e+03 1.425e+03
s>        ( - -8.587e+04 1 0)
s>        ( QUESTION0 -1 -2.455e+05 8.180e+02 1.042e+03
s>            ( - -2.593e+04 1 0)
s>            ( QUESTION10 -1 -2.188e+05 4.333e+02 9.283e+02
s>                ( - -2.263e+04 1 0)
s>                ( QUESTION15 -1 -1.957e+05 4.104e+02 8.304e+02
s>                    ( - -4.920e+04 1 0)
s>                    ( QUESTION2_3_L -1 -1.461e+05 3.279e+02 6.216e+02
s>                        ( QUESTION2 -1 -4.277e+04 2.799e+02 1.845e+02
s>                            ( - -2.886e+04 1 0)
s>                            ( - -1.362e+04 1 0))
s>                        ( SILENCE -1 -1.030e+05 2.424e+02 4.371e+02
s>                            ( - -1.760e+04 1 0)
s>                            ( - -8.517e+04 1 0)))))))INFO: dtree.c(1315): Comp split 1
INFO: dtree.c(1478): Final simple tree
|( QUESTION8 -1 -4.646e+05 1.893e+03 1.955e+03
|    ( - -1.153e+05 1 0)
|    ( QUESTION19 -1 -3.474e+05 9.626e+02 1.452e+03
|        ( QUESTION0 1 -4.864e+04 3.624e+02 2.133e+02
|            ( - -2.061e+04 1 0)
|            ( - -2.767e+04 1 0))
|        ( QUESTION10 -1 -2.978e+05 5.833e+02 1.238e+03
|            ( - -2.840e+04 1 0)
|            ( QUESTION0 -1 -2.689e+05 4.131e+02 1.119e+03
|                ( - -3.167e+04 1 0)
|                ( QUESTION12 -1 -2.368e+05 3.388e+02 9.885e+02
|                    ( - -9.636e+04 1 0)
|                    ( QUESTION15 -1 -1.401e+05 3.152e+02 5.769e+02
|                        ( - -7.736e+04 1 0)
|                        ( - -6.241e+04 3 0 QUESTION9 -1 2.698e+02 2.550e+02)))))))
s>    ( QUESTION8 -1 -4.646e+05 1.893e+03 1.955e+03
s>        ( - -1.153e+05 1 0)
s>        ( QUESTION19 -1 -3.474e+05 9.626e+02 1.452e+03
s>            ( QUESTION0 1 -4.864e+04 3.624e+02 2.133e+02
s>                ( - -2.061e+04 1 0)
s>                ( - -2.767e+04 1 0))
s>            ( QUESTION10 -1 -2.978e+05 5.833e+02 1.238e+03
s>                ( - -2.840e+04 1 0)
s>                ( QUESTION0 -1 -2.689e+05 4.131e+02 1.119e+03
s>                    ( - -3.167e+04 1 0)
s>                    ( QUESTION12 -1 -2.368e+05 3.388e+02 9.885e+02
s>                        ( - -9.636e+04 1 0)
s>                        ( QUESTION15 -1 -1.401e+05 3.152e+02 5.769e+02
s>                            ( - -7.736e+04 1 0)
s>                            ( - -6.241e+04 3 0 QUESTION9 -1 2.698e+02 2.550e+02)))))))INFO: dtree.c(1478): Final simple tree
|( QUESTION8 -1 -3.644e+05 1.536e+03 1.522e+03
|    ( - -9.774e+04 1 0)
|    ( QUESTION10 -1 -2.651e+05 7.657e+02 1.093e+03
|        ( - -2.287e+04 1 0)
|        ( QUESTION15 -1 -2.415e+05 6.791e+02 9.955e+02
|            ( - -7.348e+04 1 0)
|            ( QUESTION0 -1 -1.673e+05 4.794e+02 6.847e+02
|                ( - -3.783e+04 1 0)
|                ( QUESTION13 -1 -1.290e+05 4.662e+02 5.318e+02
|                    ( - -6.227e+03 1 0)
|                    ( QUESTION9 -1 -1.223e+05 3.084e+02 5.140e+02
|                        ( - -7.270e+04 1 0)
|                        ( SILENCE -1 -4.929e+04 2.316e+02 2.070e+02
|                            ( - -1.703e+04 1 0)
|                            ( - -3.203e+04 1 0))))))))
s>    ( QUESTION8 -1 -3.644e+05 1.536e+03 1.522e+03
s>        ( - -9.774e+04 1 0)
s>        ( QUESTION10 -1 -2.651e+05 7.657e+02 1.093e+03
s>            ( - -2.287e+04 1 0)
s>            ( QUESTION15 -1 -2.415e+05 6.791e+02 9.955e+02
s>                ( - -7.348e+04 1 0)
s>                ( QUESTION0 -1 -1.673e+05 4.794e+02 6.847e+02
s>                    ( - -3.783e+04 1 0)
s>                    ( QUESTION13 -1 -1.290e+05 4.662e+02 5.318e+02
s>                        ( - -6.227e+03 1 0)
s>                        ( QUESTION9 -1 -1.223e+05 3.084e+02 5.140e+02
s>                            ( - -7.270e+04 1 0)
s>                            ( SILENCE -1 -4.929e+04 2.316e+02 2.070e+02
s>                                ( - -1.703e+04 1 0)
s>                                ( - -3.203e+04 1 0))))))))INFO: dtree.c(1315): Comp split 2
INFO: dtree.c(1439): stop. leaf nodes are specific
INFO: dtree.c(1478): Final simple tree
|( QUESTION0 -1 -2.455e+05 8.180e+02 1.042e+03
|    ( - -2.593e+04 1 0)
|    ( QUESTION10 -1 -2.188e+05 4.333e+02 9.283e+02
|        ( - -2.263e+04 1 0)
|        ( QUESTION15 -1 -1.957e+05 4.104e+02 8.304e+02
|            ( - -4.920e+04 1 0)
|            ( QUESTION2_3_L -1 -1.461e+05 3.279e+02 6.216e+02
|                ( QUESTION2 -1 -4.277e+04 2.799e+02 1.845e+02
|                    ( - -2.886e+04 1 0)
|                    ( - -1.362e+04 1 0))
|                ( SILENCE -1 -1.030e+05 2.424e+02 4.371e+02
|                    ( - -1.760e+04 1 0)
|                    ( - -8.517e+04 1 0))))))
s>    ( QUESTION0 -1 -2.455e+05 8.180e+02 1.042e+03
s>        ( - -2.593e+04 1 0)
s>        ( QUESTION10 -1 -2.188e+05 4.333e+02 9.283e+02
s>            ( - -2.263e+04 1 0)
s>            ( QUESTION15 -1 -1.957e+05 4.104e+02 8.304e+02
s>                ( - -4.920e+04 1 0)
s>                ( QUESTION2_3_L -1 -1.461e+05 3.279e+02 6.216e+02
s>                    ( QUESTION2 -1 -4.277e+04 2.799e+02 1.845e+02
s>                        ( - -2.886e+04 1 0)
s>                        ( - -1.362e+04 1 0))
s>                    ( SILENCE -1 -1.030e+05 2.424e+02 4.371e+02
s>                        ( - -1.760e+04 1 0)
s>                        ( - -8.517e+04 1 0))))))INFO: dtree.c(1315): Comp split 3
INFO: dtree.c(1478): Final simple tree
|( QUESTION19 -1 -3.474e+05 9.626e+02 1.452e+03
|    ( QUESTION0 1 -4.864e+04 3.624e+02 2.133e+02
|        ( - -2.061e+04 1 0)
|        ( - -2.767e+04 1 0))
|    ( QUESTION10 -1 -2.978e+05 5.833e+02 1.238e+03
|        ( - -2.840e+04 1 0)
|        ( QUESTION0 -1 -2.689e+05 4.131e+02 1.119e+03
|            ( - -3.167e+04 1 0)
|            ( QUESTION12 -1 -2.368e+05 3.388e+02 9.885e+02
|                ( - -9.636e+04 1 0)
|                ( QUESTION15 -1 -1.401e+05 3.152e+02 5.769e+02
|                    ( - -7.736e+04 1 0)
|                    ( QUESTION9 -1 -6.241e+04 2.698e+02 2.550e+02
|                        ( - -4.957e+03 1 0)
|                        ( - -5.719e+04 2 0 SILENCE -1 1.981e+02 2.399e+02)))))))
s>    ( QUESTION19 -1 -3.474e+05 9.626e+02 1.452e+03
s>        ( QUESTION0 1 -4.864e+04 3.624e+02 2.133e+02
s>            ( - -2.061e+04 1 0)
s>            ( - -2.767e+04 1 0))
s>        ( QUESTION10 -1 -2.978e+05 5.833e+02 1.238e+03
s>            ( - -2.840e+04 1 0)
s>            ( QUESTION0 -1 -2.689e+05 4.131e+02 1.119e+03
s>                ( - -3.167e+04 1 0)
s>                ( QUESTION12 -1 -2.368e+05 3.388e+02 9.885e+02
s>                    ( - -9.636e+04 1 0)
s>                    ( QUESTION15 -1 -1.401e+05 3.152e+02 5.769e+02
s>                        ( - -7.736e+04 1 0)
s>                        ( QUESTION9 -1 -6.241e+04 2.698e+02 2.550e+02
s>                            ( - -4.957e+03 1 0)
s>                            ( - -5.719e+04 2 0 SILENCE -1 1.981e+02 2.399e+02)))))))INFO: dtree.c(1315): Comp split 4
INFO: dtree.c(1439): stop. leaf nodes are specific
INFO: dtree.c(1478): Final simple tree
|( QUESTION10 -1 -2.651e+05 7.657e+02 1.093e+03
|    ( - -2.287e+04 1 0)
|    ( QUESTION15 -1 -2.415e+05 6.791e+02 9.955e+02
|        ( - -7.348e+04 1 0)
|        ( QUESTION0 -1 -1.673e+05 4.794e+02 6.847e+02
|            ( - -3.783e+04 1 0)
|            ( QUESTION13 -1 -1.290e+05 4.662e+02 5.318e+02
|                ( - -6.227e+03 1 0)
|                ( QUESTION9 -1 -1.223e+05 3.084e+02 5.140e+02
|                    ( - -7.270e+04 1 0)
|                    ( SILENCE -1 -4.929e+04 2.316e+02 2.070e+02
|                        ( - -1.703e+04 1 0)
|                        ( - -3.203e+04 1 0)))))))
s>    ( QUESTION10 -1 -2.651e+05 7.657e+02 1.093e+03
s>        ( - -2.287e+04 1 0)
s>        ( QUESTION15 -1 -2.415e+05 6.791e+02 9.955e+02
s>            ( - -7.348e+04 1 0)
s>            ( QUESTION0 -1 -1.673e+05 4.794e+02 6.847e+02
s>                ( - -3.783e+04 1 0)
s>                ( QUESTION13 -1 -1.290e+05 4.662e+02 5.318e+02
s>                    ( - -6.227e+03 1 0)
s>                    ( QUESTION9 -1 -1.223e+05 3.084e+02 5.140e+02
s>                        ( - -7.270e+04 1 0)
s>                        ( SILENCE -1 -4.929e+04 2.316e+02 2.070e+02
s>                            ( - -1.703e+04 1 0)
s>                            ( - -3.203e+04 1 0)))))))INFO: dtree.c(1315): Comp split 5
INFO: dtree.c(1439): stop. leaf nodes are specific
INFO: dtree.c(1478): Final simple tree
|( QUESTION0 -1 -2.689e+05 4.131e+02 1.119e+03
|    ( - -3.167e+04 1 0)
|    ( QUESTION12 -1 -2.368e+05 3.388e+02 9.885e+02
|        ( - -9.636e+04 1 0)
|        ( QUESTION15 -1 -1.401e+05 3.152e+02 5.769e+02
|            ( - -7.736e+04 1 0)
|            ( QUESTION9 -1 -6.241e+04 2.698e+02 2.550e+02
|                ( - -4.957e+03 1 0)
|                ( SILENCE -1 -5.719e+04 1.981e+02 2.399e+02
|                    ( - -2.651e+04 1 0)
|                    ( - -3.048e+04 1 0))))))
s>    ( QUESTION0 -1 -2.689e+05 4.131e+02 1.119e+03
s>        ( - -3.167e+04 1 0)
s>        ( QUESTION12 -1 -2.368e+05 3.388e+02 9.885e+02
s>            ( - -9.636e+04 1 0)
s>            ( QUESTION15 -1 -1.401e+05 3.152e+02 5.769e+02
s>                ( - -7.736e+04 1 0)
s>                ( QUESTION9 -1 -6.241e+04 2.698e+02 2.550e+02
s>                    ( - -4.957e+03 1 0)
s>                    ( SILENCE -1 -5.719e+04 1.981e+02 2.399e+02
s>                        ( - -2.651e+04 1 0)
s>                        ( - -3.048e+04 1 0))))))INFO: dtree.c(1439): stop. leaf nodes are specific
INFO: dtree.c(1478): Final simple tree
|( QUESTION0 1 -7.736e+04 4.676e+02 3.328e+02
|    ( - -2.061e+04 1 0)
|    ( QUESTION10 -1 -5.629e+04 2.202e+02 2.413e+02
|        ( - -2.840e+04 1 0)
|        ( - -2.767e+04 1 0)))
s>    ( QUESTION0 1 -7.736e+04 4.676e+02 3.328e+02
s>        ( - -2.061e+04 1 0)
s>        ( QUESTION10 -1 -5.629e+04 2.202e+02 2.413e+02
s>            ( - -2.840e+04 1 0)
s>            ( - -2.767e+04 1 0)))INFO: dtree.c(1315): Comp split 6
INFO: dtree.c(1439): stop. leaf nodes are specific
INFO: dtree.c(1478): Final simple tree
|( QUESTION10 -1 -1.459e+05 6.861e+02 6.113e+02
|    ( - -2.287e+04 1 0)
|    ( QUESTION9 -1 -1.223e+05 3.084e+02 5.140e+02
|        ( - -7.270e+04 1 0)
|        ( SILENCE -1 -4.929e+04 2.316e+02 2.070e+02
|            ( - -1.703e+04 1 0)
|            ( - -3.203e+04 1 0))))
s>    ( QUESTION10 -1 -1.459e+05 6.861e+02 6.113e+02
s>        ( - -2.287e+04 1 0)
s>        ( QUESTION9 -1 -1.223e+05 3.084e+02 5.140e+02
s>            ( - -7.270e+04 1 0)
s>            ( SILENCE -1 -4.929e+04 2.316e+02 2.070e+02
s>                ( - -1.703e+04 1 0)
s>                ( - -3.203e+04 1 0))))INFO: dtree.c(1439): stop. leaf nodes are specific
INFO: dtree.c(1478): Final simple tree
|( QUESTION15 -1 -1.184e+05 5.178e+02 4.815e+02
|    ( - -7.348e+04 1 0)
|    ( QUESTION0 -1 -4.439e+04 3.379e+02 1.707e+02
|        ( - -3.783e+04 1 0)
|        ( - -6.227e+03 1 0)))
s>    ( QUESTION15 -1 -1.184e+05 5.178e+02 4.815e+02
s>        ( - -7.348e+04 1 0)
s>        ( QUESTION0 -1 -4.439e+04 3.379e+02 1.707e+02
s>            ( - -3.783e+04 1 0)
s>            ( - -6.227e+03 1 0)))INFO: dtree.c(1315): Comp split 7
INFO: dtree.c(1439): stop. leaf nodes are specific
INFO: dtree.c(1478): Final simple tree
|( QUESTION10 -1 -2.188e+05 4.333e+02 9.283e+02
|    ( - -2.263e+04 1 0)
|    ( QUESTION15 -1 -1.957e+05 4.104e+02 8.304e+02
|        ( - -4.920e+04 1 0)
|        ( QUESTION2_3_L -1 -1.461e+05 3.279e+02 6.216e+02
|            ( QUESTION2 -1 -4.277e+04 2.799e+02 1.845e+02
|                ( - -2.886e+04 1 0)
|                ( - -1.362e+04 1 0))
|            ( SILENCE -1 -1.030e+05 2.424e+02 4.371e+02
|                ( - -1.760e+04 1 0)
|                ( - -8.517e+04 1 0)))))
s>    ( QUESTION10 -1 -2.188e+05 4.333e+02 9.283e+02
s>        ( - -2.263e+04 1 0)
s>        ( QUESTION15 -1 -1.957e+05 4.104e+02 8.304e+02
s>            ( - -4.920e+04 1 0)
s>            ( QUESTION2_3_L -1 -1.461e+05 3.279e+02 6.216e+02
s>                ( QUESTION2 -1 -4.277e+04 2.799e+02 1.845e+02
s>                    ( - -2.886e+04 1 0)
s>                    ( - -1.362e+04 1 0))
s>                ( SILENCE -1 -1.030e+05 2.424e+02 4.371e+02
s>                    ( - -1.760e+04 1 0)
s>                    ( - -8.517e+04 1 0)))))INFO: dtree.c(1315): Comp split 8
INFO: dtree.c(1439): stop. leaf nodes are specific
INFO: dtree.c(1478): Final simple tree
|( QUESTION9 -1 -1.223e+05 3.084e+02 5.140e+02
|    ( - -7.270e+04 1 0)
|    ( SILENCE -1 -4.929e+04 2.316e+02 2.070e+02
|        ( - -1.703e+04 1 0)
|        ( - -3.203e+04 1 0)))
s>    ( QUESTION9 -1 -1.223e+05 3.084e+02 5.140e+02
s>        ( - -7.270e+04 1 0)
s>        ( SILENCE -1 -4.929e+04 2.316e+02 2.070e+02
s>            ( - -1.703e+04 1 0)
s>            ( - -3.203e+04 1 0)))INFO: dtree.c(1315): Comp split 9
INFO: dtree.c(1439): stop. leaf nodes are specific
INFO: dtree.c(1478): Final simple tree
|( QUESTION0 -1 -4.439e+04 3.379e+02 1.707e+02
|    ( - -3.783e+04 1 0)
|    ( - -6.227e+03 1 0))
s>    ( QUESTION0 -1 -4.439e+04 3.379e+02 1.707e+02
s>        ( - -3.783e+04 1 0)
s>        ( - -6.227e+03 1 0))INFO: dtree.c(1315): Comp split 10
INFO: dtree.c(1439): stop. leaf nodes are specific
INFO: dtree.c(1478): Final simple tree
|( QUESTION13 -1 -1.169e+05 2.846e+02 4.964e+02
|    ( - -1.362e+04 1 0)
|    ( SILENCE -1 -1.030e+05 2.424e+02 4.371e+02
|        ( - -1.760e+04 1 0)
|        ( - -8.517e+04 1 0)))
s>    ( QUESTION13 -1 -1.169e+05 2.846e+02 4.964e+02
s>        ( - -1.362e+04 1 0)
s>        ( SILENCE -1 -1.030e+05 2.424e+02 4.371e+02
s>            ( - -1.760e+04 1 0)
s>            ( - -8.517e+04 1 0)))INFO: dtree.c(1439): stop. leaf nodes are specific
INFO: dtree.c(1478): Final simple tree
|( QUESTION10 -1 -1.013e+05 3.906e+02 4.319e+02
|    ( - -2.263e+04 1 0)
|    ( QUESTION2 -1 -7.832e+04 2.609e+02 3.340e+02
|        ( - -2.886e+04 1 0)
|        ( - -4.920e+04 1 0)))
s>    ( QUESTION10 -1 -1.013e+05 3.906e+02 4.319e+02
s>        ( - -2.263e+04 1 0)
s>        ( QUESTION2 -1 -7.832e+04 2.609e+02 3.340e+02
s>            ( - -2.886e+04 1 0)
s>            ( - -4.920e+04 1 0)))INFO: dtree.c(1315): Comp split 11
INFO: dtree.c(1439): stop. leaf nodes are specific
INFO: dtree.c(1478): Final simple tree
|( QUESTION0 -1 -3.686e+04 2.328e+02 1.454e+02
|    ( - -3.167e+04 1 0)
|    ( - -4.957e+03 1 0))
s>    ( QUESTION0 -1 -3.686e+04 2.328e+02 1.454e+02
s>        ( - -3.167e+04 1 0)
s>        ( - -4.957e+03 1 0))INFO: dtree.c(1439): stop. leaf nodes are specific
INFO: dtree.c(1478): Final simple tree
|( QUESTION12 -1 -2.315e+05 3.338e+02 9.735e+02
|    ( - -9.636e+04 1 0)
|    ( SILENCE -1 -1.348e+05 3.006e+02 5.619e+02
|        ( - -2.651e+04 1 0)
|        ( QUESTION2 -1 -1.080e+05 1.885e+02 4.506e+02
|            ( - -3.048e+04 1 0)
|            ( - -7.736e+04 1 0))))
s>    ( QUESTION12 -1 -2.315e+05 3.338e+02 9.735e+02
s>        ( - -9.636e+04 1 0)
s>        ( SILENCE -1 -1.348e+05 3.006e+02 5.619e+02
s>            ( - -2.651e+04 1 0)
s>            ( QUESTION2 -1 -1.080e+05 1.885e+02 4.506e+02
s>                ( - -3.048e+04 1 0)
s>                ( - -7.736e+04 1 0))))INFO: dtree.c(1315): Comp split 12
INFO: dtree.c(1439): stop. leaf nodes are specific
INFO: dtree.c(1478): Final simple tree
|( QUESTION10 -1 -5.629e+04 2.202e+02 2.413e+02
|    ( - -2.840e+04 1 0)
|    ( - -2.767e+04 1 0))
s>    ( QUESTION10 -1 -5.629e+04 2.202e+02 2.413e+02
s>        ( - -2.840e+04 1 0)
s>        ( - -2.767e+04 1 0))INFO: dtree.c(1315): Comp split 13
INFO: dtree.c(1439): stop. leaf nodes are specific
INFO: dtree.c(1478): Final simple tree
|( QUESTION2 -1 -7.832e+04 2.609e+02 3.340e+02
|    ( - -2.886e+04 1 0)
|    ( - -4.920e+04 1 0))
s>    ( QUESTION2 -1 -7.832e+04 2.609e+02 3.340e+02
s>        ( - -2.886e+04 1 0)
s>        ( - -4.920e+04 1 0))INFO: dtree.c(1315): Comp split 14
INFO: dtree.c(1439): stop. leaf nodes are specific
INFO: dtree.c(1478): Final simple tree
|( QUESTION2 -1 -1.080e+05 1.885e+02 4.506e+02
|    ( - -3.048e+04 1 0)
|    ( - -7.736e+04 1 0))
s>    ( QUESTION2 -1 -1.080e+05 1.885e+02 4.506e+02
s>        ( - -3.048e+04 1 0)
s>        ( - -7.736e+04 1 0))INFO: dtree.c(1439): stop. leaf nodes are specific
INFO: dtree.c(1478): Final simple tree
|( SILENCE -1 -1.232e+05 2.794e+02 5.228e+02
|    ( - -2.651e+04 1 0)
|    ( - -9.636e+04 1 0))
s>    ( SILENCE -1 -1.232e+05 2.794e+02 5.228e+02
s>        ( - -2.651e+04 1 0)
s>        ( - -9.636e+04 1 0))INFO: dtree.c(1315): Comp split 15
INFO: dtree.c(1315): Comp split 16
INFO: dtree.c(1439): stop. leaf nodes are specific
INFO: dtree.c(1478): Final simple tree
|( SILENCE -1 -4.929e+04 2.316e+02 2.070e+02
|    ( - -1.703e+04 1 0)
|    ( - -3.203e+04 1 0))
s>    ( SILENCE -1 -4.929e+04 2.316e+02 2.070e+02
s>        ( - -1.703e+04 1 0)
s>        ( - -3.203e+04 1 0))INFO: dtree.c(1315): Comp split 17
INFO: dtree.c(1439): stop. leaf nodes are specific
INFO: dtree.c(1478): Final simple tree
|( SILENCE -1 -1.030e+05 2.424e+02 4.371e+02
|    ( - -1.760e+04 1 0)
|    ( - -8.517e+04 1 0))
s>    ( SILENCE -1 -1.030e+05 2.424e+02 4.371e+02
s>        ( - -1.760e+04 1 0)
s>        ( - -8.517e+04 1 0))INFO: dtree.c(1315): Comp split 18
INFO: dtree.c(1315): Comp split 19
INFO: dtree.c(1315): Comp split 20
INFO: dtree.c(1315): Comp split 21
INFO: dtree.c(1315): Comp split 22
INFO: dtree.c(1315): Comp split 23
INFO: dtree.c(1315): Comp split 24
INFO: dtree.c(1315): Comp split 25
INFO: dtree.c(1318): stop. leaf nodes are specific
!!!!!!!!Allocated 65 lines
Thu Apr  7 00:44:43 2016
