Current configuration:
[NAME]		[DEFLT]	[VALUE]
-allphones	no	no
-cntthresh	0.00001	1.000000e-05
-csplitmax	100	2000
-csplitmin	1	1
-csplitthr	8e-4	0.000000e+00
-example	no	no
-fullvar	no	no
-help		no	no
-meanfn			/home/nguyenvanthinh/Desktop/Git/speech recognition  demo/digit/model_parameters/digit.cd_cont_untied/means
-mixwfn			/home/nguyenvanthinh/Desktop/Git/speech recognition  demo/digit/model_parameters/digit.cd_cont_untied/mixture_weights
-moddeffn		/home/nguyenvanthinh/Desktop/Git/speech recognition  demo/digit/model_architecture/digit.untied.mdef
-mwfloor	1e-4	1.000000e-08
-phone			iz
-psetfn			/home/nguyenvanthinh/Desktop/Git/speech recognition  demo/digit/model_architecture/digit.tree_questions
-ssplitmax	5	7
-ssplitmin	1	1
-ssplitthr	8e-4	0.000000e+00
-state			0
-stwt			1.0,0.05,0.0,
-treefn			/home/nguyenvanthinh/Desktop/Git/speech recognition  demo/digit/trees/digit.unpruned/iz-0.dtree
-ts2cbfn	.semi.	.cont.
-varfloor	0.00001	1.000000e-05
-varfn			/home/nguyenvanthinh/Desktop/Git/speech recognition  demo/digit/model_parameters/digit.cd_cont_untied/variances

INFO: main.c(223): Reading: /home/nguyenvanthinh/Desktop/Git/speech recognition  demo/digit/model_architecture/digit.untied.mdef
INFO: model_def_io.c(573): Model definition info:
INFO: model_def_io.c(574): 326 total models defined (31 base, 295 tri)
INFO: model_def_io.c(575): 1304 total states
INFO: model_def_io.c(576): 978 total tied states
INFO: model_def_io.c(577): 93 total tied CI states
INFO: model_def_io.c(578): 31 total tied transition matrices
INFO: model_def_io.c(579): 4 max state/model
INFO: model_def_io.c(580): 4 min state/model
INFO: main.c(242): Building trees for [iz a SIL e] through [iz owf t e]
INFO: main.c(269): Covering states |[285 401]| == 117
INFO: main.c(275): Reading: /home/nguyenvanthinh/Desktop/Git/speech recognition  demo/digit/model_parameters/digit.cd_cont_untied/mixture_weights
INFO: s3mixw_io.c(173): Read /home/nguyenvanthinh/Desktop/Git/speech recognition  demo/digit/model_parameters/digit.cd_cont_untied/mixture_weights [117x1x1 array]
INFO: main.c(311): 39 of 39 models have observation count greater than 0.000010
INFO: main.c(95): nrm stwt: 0.952 0.048 0.000 
INFO: s3gau_io.c(169): Read /home/nguyenvanthinh/Desktop/Git/speech recognition  demo/digit/model_parameters/digit.cd_cont_untied/means [978x1x1 array]
INFO: s3gau_io.c(169): Read /home/nguyenvanthinh/Desktop/Git/speech recognition  demo/digit/model_parameters/digit.cd_cont_untied/variances [978x1x1 array]
INFO: main.c(549): Reading: /home/nguyenvanthinh/Desktop/Git/speech recognition  demo/digit/model_architecture/digit.tree_questions
INFO: main.c(588): 172 total simple questions (164 phone; 8 word bndry)
INFO: main.c(590): 40 Left Only questions, and 40 Right Only questions
INFO: dtree.c(1478): Final simple tree
|( QUESTION0 -1 -1.116e+06 3.607e+04 4.920e+03
|    ( QUESTION0_11_R 1 -6.020e+05 2.938e+03 2.787e+03
|        ( QUESTION0_19_R 1 -8.806e+04 7.528e+02 4.222e+02
|            ( - -3.568e+04 1 0)
|            ( - -5.163e+04 1 0))
|        ( QUESTION0_5_R 1 -5.110e+05 9.970e+02 2.364e+03
|            ( - -1.740e+05 2 0)
|            ( - -3.359e+05 7 0 SILENCE 1 7.395e+02 1.543e+03)))
|    ( QUESTION0_11_R 1 -4.778e+05 3.617e+03 2.133e+03
|        ( QUESTION2_18_L -1 -9.780e+04 9.508e+02 4.700e+02
|            ( - -1.298e+04 1 0)
|            ( - -8.387e+04 3 0 QUESTION0_19_R 1 4.165e+02 4.064e+02))
|        ( QUESTION5 -1 -3.764e+05 2.259e+03 1.663e+03
|            ( - -3.311e+05 16 0 SILENCE 1 7.299e+02 1.463e+03)
|            ( - -4.302e+04 8 0 QUESTION0_5_R 1 6.017e+02 2.002e+02))))
s>    ( QUESTION0 -1 -1.116e+06 3.607e+04 4.920e+03
s>        ( QUESTION0_11_R 1 -6.020e+05 2.938e+03 2.787e+03
s>            ( QUESTION0_19_R 1 -8.806e+04 7.528e+02 4.222e+02
s>                ( - -3.568e+04 1 0)
s>                ( - -5.163e+04 1 0))
s>            ( QUESTION0_5_R 1 -5.110e+05 9.970e+02 2.364e+03
s>                ( - -1.740e+05 2 0)
s>                ( - -3.359e+05 7 0 SILENCE 1 7.395e+02 1.543e+03)))
s>        ( QUESTION0_11_R 1 -4.778e+05 3.617e+03 2.133e+03
s>            ( QUESTION2_18_L -1 -9.780e+04 9.508e+02 4.700e+02
s>                ( - -1.298e+04 1 0)
s>                ( - -8.387e+04 3 0 QUESTION0_19_R 1 4.165e+02 4.064e+02))
s>            ( QUESTION5 -1 -3.764e+05 2.259e+03 1.663e+03
s>                ( - -3.311e+05 16 0 SILENCE 1 7.299e+02 1.463e+03)
s>                ( - -4.302e+04 8 0 QUESTION0_5_R 1 6.017e+02 2.002e+02))))INFO: dtree.c(1315): Comp split 0
INFO: dtree.c(1478): Final simple tree
|( QUESTION0_11_R 1 -4.778e+05 3.617e+03 2.133e+03
|    ( QUESTION2_18_L -1 -9.780e+04 9.508e+02 4.700e+02
|        ( - -1.298e+04 1 0)
|        ( - -8.387e+04 3 0 QUESTION0_19_R 1 4.165e+02 4.064e+02))
|    ( QUESTION5 -1 -3.764e+05 2.259e+03 1.663e+03
|        ( SILENCE 1 -3.311e+05 7.299e+02 1.463e+03
|            ( - -2.792e+04 2 0 QUESTION2_18_L -1 4.274e+02 1.229e+02)
|            ( QUESTION0_5_R 1 -3.024e+05 4.960e+02 1.340e+03
|                ( - -1.226e+05 4 0 QUESTION2_18_L -1 3.461e+02 5.429e+02)
|                ( - -1.794e+05 10 0 QUESTION0_7_R 1 2.418e+02 7.972e+02)))
|        ( QUESTION0_5_R 1 -4.302e+04 6.017e+02 2.002e+02
|            ( - -1.703e+04 2 0)
|            ( QUESTION0_7_R 1 -2.539e+04 4.358e+02 1.188e+02
|                ( - -1.094e+04 2 0 QUESTION3 1 1.364e+02 5.224e+01)
|                ( - -1.402e+04 4 0 SILENCE 1 1.435e+02 6.659e+01)))))
s>    ( QUESTION0_11_R 1 -4.778e+05 3.617e+03 2.133e+03
s>        ( QUESTION2_18_L -1 -9.780e+04 9.508e+02 4.700e+02
s>            ( - -1.298e+04 1 0)
s>            ( - -8.387e+04 3 0 QUESTION0_19_R 1 4.165e+02 4.064e+02))
s>        ( QUESTION5 -1 -3.764e+05 2.259e+03 1.663e+03
s>            ( SILENCE 1 -3.311e+05 7.299e+02 1.463e+03
s>                ( - -2.792e+04 2 0 QUESTION2_18_L -1 4.274e+02 1.229e+02)
s>                ( QUESTION0_5_R 1 -3.024e+05 4.960e+02 1.340e+03
s>                    ( - -1.226e+05 4 0 QUESTION2_18_L -1 3.461e+02 5.429e+02)
s>                    ( - -1.794e+05 10 0 QUESTION0_7_R 1 2.418e+02 7.972e+02)))
s>            ( QUESTION0_5_R 1 -4.302e+04 6.017e+02 2.002e+02
s>                ( - -1.703e+04 2 0)
s>                ( QUESTION0_7_R 1 -2.539e+04 4.358e+02 1.188e+02
s>                    ( - -1.094e+04 2 0 QUESTION3 1 1.364e+02 5.224e+01)
s>                    ( - -1.402e+04 4 0 SILENCE 1 1.435e+02 6.659e+01)))))INFO: dtree.c(1439): stop. leaf nodes are specific
INFO: dtree.c(1478): Final simple tree
|( QUESTION0_11_R 1 -6.020e+05 2.938e+03 2.787e+03
|    ( QUESTION0_19_R 1 -8.806e+04 7.528e+02 4.222e+02
|        ( - -3.568e+04 1 0)
|        ( - -5.163e+04 1 0))
|    ( QUESTION0_5_R 1 -5.110e+05 9.970e+02 2.364e+03
|        ( - -1.740e+05 2 0)
|        ( SILENCE 1 -3.359e+05 7.395e+02 1.543e+03
|            ( - -4.186e+04 1 0)
|            ( QUESTION0_7_R 1 -2.933e+05 5.585e+02 1.349e+03
|                ( QUESTION3 1 -9.681e+04 1.800e+02 4.414e+02
|                    ( - -5.028e+04 1 0)
|                    ( - -4.635e+04 1 0))
|                ( - -1.959e+05 4 0)))))
s>    ( QUESTION0_11_R 1 -6.020e+05 2.938e+03 2.787e+03
s>        ( QUESTION0_19_R 1 -8.806e+04 7.528e+02 4.222e+02
s>            ( - -3.568e+04 1 0)
s>            ( - -5.163e+04 1 0))
s>        ( QUESTION0_5_R 1 -5.110e+05 9.970e+02 2.364e+03
s>            ( - -1.740e+05 2 0)
s>            ( SILENCE 1 -3.359e+05 7.395e+02 1.543e+03
s>                ( - -4.186e+04 1 0)
s>                ( QUESTION0_7_R 1 -2.933e+05 5.585e+02 1.349e+03
s>                    ( QUESTION3 1 -9.681e+04 1.800e+02 4.414e+02
s>                        ( - -5.028e+04 1 0)
s>                        ( - -4.635e+04 1 0))
s>                    ( - -1.959e+05 4 0)))))INFO: dtree.c(1315): Comp split 1
INFO: dtree.c(1478): Final simple tree
|( QUESTION5 -1 -3.764e+05 2.259e+03 1.663e+03
|    ( SILENCE 1 -3.311e+05 7.299e+02 1.463e+03
|        ( QUESTION2_18_L -1 -2.792e+04 4.274e+02 1.229e+02
|            ( - -1.244e+04 1 0)
|            ( - -1.505e+04 1 0))
|        ( QUESTION0_5_R 1 -3.024e+05 4.960e+02 1.340e+03
|            ( QUESTION2_18_L -1 -1.226e+05 3.461e+02 5.429e+02
|                ( - -6.045e+03 2 0)
|                ( - -1.162e+05 2 0))
|            ( - -1.794e+05 10 0 QUESTION0_7_R 1 2.418e+02 7.972e+02)))
|    ( QUESTION0_5_R 1 -4.302e+04 6.017e+02 2.002e+02
|        ( - -1.703e+04 2 0)
|        ( QUESTION0_7_R 1 -2.539e+04 4.358e+02 1.188e+02
|            ( - -1.094e+04 2 0 QUESTION3 1 1.364e+02 5.224e+01)
|            ( - -1.402e+04 4 0 SILENCE 1 1.435e+02 6.659e+01))))
s>    ( QUESTION5 -1 -3.764e+05 2.259e+03 1.663e+03
s>        ( SILENCE 1 -3.311e+05 7.299e+02 1.463e+03
s>            ( QUESTION2_18_L -1 -2.792e+04 4.274e+02 1.229e+02
s>                ( - -1.244e+04 1 0)
s>                ( - -1.505e+04 1 0))
s>            ( QUESTION0_5_R 1 -3.024e+05 4.960e+02 1.340e+03
s>                ( QUESTION2_18_L -1 -1.226e+05 3.461e+02 5.429e+02
s>                    ( - -6.045e+03 2 0)
s>                    ( - -1.162e+05 2 0))
s>                ( - -1.794e+05 10 0 QUESTION0_7_R 1 2.418e+02 7.972e+02)))
s>        ( QUESTION0_5_R 1 -4.302e+04 6.017e+02 2.002e+02
s>            ( - -1.703e+04 2 0)
s>            ( QUESTION0_7_R 1 -2.539e+04 4.358e+02 1.188e+02
s>                ( - -1.094e+04 2 0 QUESTION3 1 1.364e+02 5.224e+01)
s>                ( - -1.402e+04 4 0 SILENCE 1 1.435e+02 6.659e+01))))INFO: dtree.c(1439): stop. leaf nodes are specific
INFO: dtree.c(1478): Final simple tree
|( QUESTION2_18_L -1 -9.780e+04 9.508e+02 4.700e+02
|    ( - -1.298e+04 1 0)
|    ( QUESTION0_19_R 1 -8.387e+04 4.165e+02 4.064e+02
|        ( QUESTION5 -1 -3.458e+04 3.746e+02 1.686e+02
|            ( - -3.170e+04 1 0)
|            ( - -2.505e+03 1 0))
|        ( - -4.888e+04 1 0)))
s>    ( QUESTION2_18_L -1 -9.780e+04 9.508e+02 4.700e+02
s>        ( - -1.298e+04 1 0)
s>        ( QUESTION0_19_R 1 -8.387e+04 4.165e+02 4.064e+02
s>            ( QUESTION5 -1 -3.458e+04 3.746e+02 1.686e+02
s>                ( - -3.170e+04 1 0)
s>                ( - -2.505e+03 1 0))
s>            ( - -4.888e+04 1 0)))INFO: dtree.c(1315): Comp split 2
INFO: dtree.c(1439): stop. leaf nodes are specific
INFO: dtree.c(1478): Final simple tree
|( QUESTION0_5_R 1 -5.110e+05 9.970e+02 2.364e+03
|    ( - -1.740e+05 2 0)
|    ( SILENCE 1 -3.359e+05 7.395e+02 1.543e+03
|        ( - -4.186e+04 1 0)
|        ( QUESTION0_7_R 1 -2.933e+05 5.585e+02 1.349e+03
|            ( QUESTION3 1 -9.681e+04 1.800e+02 4.414e+02
|                ( - -5.028e+04 1 0)
|                ( - -4.635e+04 1 0))
|            ( - -1.959e+05 4 0))))
s>    ( QUESTION0_5_R 1 -5.110e+05 9.970e+02 2.364e+03
s>        ( - -1.740e+05 2 0)
s>        ( SILENCE 1 -3.359e+05 7.395e+02 1.543e+03
s>            ( - -4.186e+04 1 0)
s>            ( QUESTION0_7_R 1 -2.933e+05 5.585e+02 1.349e+03
s>                ( QUESTION3 1 -9.681e+04 1.800e+02 4.414e+02
s>                    ( - -5.028e+04 1 0)
s>                    ( - -4.635e+04 1 0))
s>                ( - -1.959e+05 4 0))))INFO: dtree.c(1439): stop. leaf nodes are specific
INFO: dtree.c(1478): Final simple tree
|( QUESTION0_19_R 1 -8.806e+04 7.528e+02 4.222e+02
|    ( - -3.568e+04 1 0)
|    ( - -5.163e+04 1 0))
s>    ( QUESTION0_19_R 1 -8.806e+04 7.528e+02 4.222e+02
s>        ( - -3.568e+04 1 0)
s>        ( - -5.163e+04 1 0))INFO: dtree.c(1315): Comp split 3
INFO: dtree.c(1478): Final simple tree
|( SILENCE 1 -3.311e+05 7.299e+02 1.463e+03
|    ( QUESTION2_18_L -1 -2.792e+04 4.274e+02 1.229e+02
|        ( - -1.244e+04 1 0)
|        ( - -1.505e+04 1 0))
|    ( QUESTION0_5_R 1 -3.024e+05 4.960e+02 1.340e+03
|        ( QUESTION2_18_L -1 -1.226e+05 3.461e+02 5.429e+02
|            ( - -6.045e+03 2 0)
|            ( - -1.162e+05 2 0))
|        ( QUESTION0_7_R 1 -1.794e+05 2.418e+02 7.972e+02
|            ( QUESTION3 1 -5.789e+04 1.895e+02 2.609e+02
|                ( - -3.439e+04 2 0 QUESTION2_18_L -1 1.291e+02 1.573e+02)
|                ( - -2.331e+04 1 0))
|            ( QUESTION2_18_L -1 -1.212e+05 1.372e+02 5.363e+02
|                ( - -1.631e+03 3 0)
|                ( - -1.195e+05 4 0)))))
s>    ( SILENCE 1 -3.311e+05 7.299e+02 1.463e+03
s>        ( QUESTION2_18_L -1 -2.792e+04 4.274e+02 1.229e+02
s>            ( - -1.244e+04 1 0)
s>            ( - -1.505e+04 1 0))
s>        ( QUESTION0_5_R 1 -3.024e+05 4.960e+02 1.340e+03
s>            ( QUESTION2_18_L -1 -1.226e+05 3.461e+02 5.429e+02
s>                ( - -6.045e+03 2 0)
s>                ( - -1.162e+05 2 0))
s>            ( QUESTION0_7_R 1 -1.794e+05 2.418e+02 7.972e+02
s>                ( QUESTION3 1 -5.789e+04 1.895e+02 2.609e+02
s>                    ( - -3.439e+04 2 0 QUESTION2_18_L -1 1.291e+02 1.573e+02)
s>                    ( - -2.331e+04 1 0))
s>                ( QUESTION2_18_L -1 -1.212e+05 1.372e+02 5.363e+02
s>                    ( - -1.631e+03 3 0)
s>                    ( - -1.195e+05 4 0)))))INFO: dtree.c(1439): stop. leaf nodes are specific
INFO: dtree.c(1478): Final simple tree
|( QUESTION0_5_R 1 -4.302e+04 6.017e+02 2.002e+02
|    ( - -1.703e+04 2 0)
|    ( QUESTION0_7_R 1 -2.539e+04 4.358e+02 1.188e+02
|        ( QUESTION3 1 -1.094e+04 1.364e+02 5.224e+01
|            ( - -6.045e+03 1 0)
|            ( - -4.759e+03 1 0))
|        ( SILENCE 1 -1.402e+04 1.435e+02 6.659e+01
|            ( - -4.366e+02 1 0)
|            ( - -1.344e+04 3 0))))
s>    ( QUESTION0_5_R 1 -4.302e+04 6.017e+02 2.002e+02
s>        ( - -1.703e+04 2 0)
s>        ( QUESTION0_7_R 1 -2.539e+04 4.358e+02 1.188e+02
s>            ( QUESTION3 1 -1.094e+04 1.364e+02 5.224e+01
s>                ( - -6.045e+03 1 0)
s>                ( - -4.759e+03 1 0))
s>            ( SILENCE 1 -1.402e+04 1.435e+02 6.659e+01
s>                ( - -4.366e+02 1 0)
s>                ( - -1.344e+04 3 0))))INFO: dtree.c(1315): Comp split 4
INFO: dtree.c(1439): stop. leaf nodes are specific
INFO: dtree.c(1478): Final simple tree
|( QUESTION0_19_R 1 -8.096e+04 3.864e+02 3.933e+02
|    ( - -3.170e+04 1 0)
|    ( - -4.888e+04 1 0))
s>    ( QUESTION0_19_R 1 -8.096e+04 3.864e+02 3.933e+02
s>        ( - -3.170e+04 1 0)
s>        ( - -4.888e+04 1 0))INFO: dtree.c(1439): stop. leaf nodes are specific
INFO: dtree.c(1478): Final simple tree
|( QUESTION5 -1 -1.577e+04 2.845e+02 7.669e+01
|    ( - -1.298e+04 1 0)
|    ( - -2.505e+03 1 0))
s>    ( QUESTION5 -1 -1.577e+04 2.845e+02 7.669e+01
s>        ( - -1.298e+04 1 0)
s>        ( - -2.505e+03 1 0))INFO: dtree.c(1315): Comp split 5
INFO: dtree.c(1439): stop. leaf nodes are specific
INFO: dtree.c(1478): Final simple tree
|( SILENCE 1 -3.359e+05 7.395e+02 1.543e+03
|    ( - -4.186e+04 1 0)
|    ( QUESTION0_7_R 1 -2.933e+05 5.585e+02 1.349e+03
|        ( QUESTION3 1 -9.681e+04 1.800e+02 4.414e+02
|            ( - -5.028e+04 1 0)
|            ( - -4.635e+04 1 0))
|        ( - -1.959e+05 4 0)))
s>    ( SILENCE 1 -3.359e+05 7.395e+02 1.543e+03
s>        ( - -4.186e+04 1 0)
s>        ( QUESTION0_7_R 1 -2.933e+05 5.585e+02 1.349e+03
s>            ( QUESTION3 1 -9.681e+04 1.800e+02 4.414e+02
s>                ( - -5.028e+04 1 0)
s>                ( - -4.635e+04 1 0))
s>            ( - -1.959e+05 4 0)))INFO: dtree.c(1315): Comp split 6
INFO: dtree.c(1439): stop. leaf nodes are specific
INFO: dtree.c(1478): Final simple tree
|( QUESTION2_18_L -1 -1.839e+05 3.335e+02 8.187e+02
|    ( QUESTION0_5_R 1 -6.968e+03 8.058e+01 3.246e+01
|        ( - -6.045e+03 2 0)
|        ( - -8.420e+02 1 0))
|    ( QUESTION0_7_R 1 -1.766e+05 2.434e+02 7.862e+02
|        ( QUESTION3 1 -5.692e+04 1.912e+02 2.569e+02
|            ( - -3.342e+04 1 0)
|            ( - -2.331e+04 1 0))
|        ( - -1.195e+05 4 0)))
s>    ( QUESTION2_18_L -1 -1.839e+05 3.335e+02 8.187e+02
s>        ( QUESTION0_5_R 1 -6.968e+03 8.058e+01 3.246e+01
s>            ( - -6.045e+03 2 0)
s>            ( - -8.420e+02 1 0))
s>        ( QUESTION0_7_R 1 -1.766e+05 2.434e+02 7.862e+02
s>            ( QUESTION3 1 -5.692e+04 1.912e+02 2.569e+02
s>                ( - -3.342e+04 1 0)
s>                ( - -2.331e+04 1 0))
s>            ( - -1.195e+05 4 0)))INFO: dtree.c(1439): stop. leaf nodes are specific
INFO: dtree.c(1478): Final simple tree
|( SILENCE 1 -1.464e+05 5.062e+02 6.443e+02
|    ( QUESTION2_18_L -1 -2.792e+04 4.274e+02 1.229e+02
|        ( - -1.244e+04 1 0)
|        ( - -1.505e+04 1 0))
|    ( QUESTION0_5_R 1 -1.179e+05 1.302e+02 5.214e+02
|        ( - -1.162e+05 2 0)
|        ( - -1.631e+03 3 0)))
s>    ( SILENCE 1 -1.464e+05 5.062e+02 6.443e+02
s>        ( QUESTION2_18_L -1 -2.792e+04 4.274e+02 1.229e+02
s>            ( - -1.244e+04 1 0)
s>            ( - -1.505e+04 1 0))
s>        ( QUESTION0_5_R 1 -1.179e+05 1.302e+02 5.214e+02
s>            ( - -1.162e+05 2 0)
s>            ( - -1.631e+03 3 0)))INFO: dtree.c(1315): Comp split 7
INFO: dtree.c(1315): Comp split 8
INFO: dtree.c(1439): stop. leaf nodes are specific
INFO: dtree.c(1478): Final simple tree
|( QUESTION0_7_R 1 -2.933e+05 5.585e+02 1.349e+03
|    ( QUESTION3 1 -9.681e+04 1.800e+02 4.414e+02
|        ( - -5.028e+04 1 0)
|        ( - -4.635e+04 1 0))
|    ( - -1.959e+05 4 0))
s>    ( QUESTION0_7_R 1 -2.933e+05 5.585e+02 1.349e+03
s>        ( QUESTION3 1 -9.681e+04 1.800e+02 4.414e+02
s>            ( - -5.028e+04 1 0)
s>            ( - -4.635e+04 1 0))
s>        ( - -1.959e+05 4 0))INFO: dtree.c(1315): Comp split 9
INFO: dtree.c(1439): stop. leaf nodes are specific
INFO: dtree.c(1478): Final simple tree
|( QUESTION0_7_R 1 -2.539e+04 4.358e+02 1.188e+02
|    ( QUESTION3 1 -1.094e+04 1.364e+02 5.224e+01
|        ( - -6.045e+03 1 0)
|        ( - -4.759e+03 1 0))
|    ( SILENCE 1 -1.402e+04 1.435e+02 6.659e+01
|        ( - -4.366e+02 1 0)
|        ( - -1.344e+04 3 0)))
s>    ( QUESTION0_7_R 1 -2.539e+04 4.358e+02 1.188e+02
s>        ( QUESTION3 1 -1.094e+04 1.364e+02 5.224e+01
s>            ( - -6.045e+03 1 0)
s>            ( - -4.759e+03 1 0))
s>        ( SILENCE 1 -1.402e+04 1.435e+02 6.659e+01
s>            ( - -4.366e+02 1 0)
s>            ( - -1.344e+04 3 0)))INFO: dtree.c(1315): Comp split 10
INFO: dtree.c(1439): stop. leaf nodes are specific
INFO: dtree.c(1478): Final simple tree
|( QUESTION3 1 -9.681e+04 1.800e+02 4.414e+02
|    ( - -5.028e+04 1 0)
|    ( - -4.635e+04 1 0))
s>    ( QUESTION3 1 -9.681e+04 1.800e+02 4.414e+02
s>        ( - -5.028e+04 1 0)
s>        ( - -4.635e+04 1 0))INFO: dtree.c(1315): Comp split 11
INFO: dtree.c(1439): stop. leaf nodes are specific
INFO: dtree.c(1478): Final simple tree
|( SILENCE 1 -1.308e+05 4.082e+02 5.783e+02
|    ( - -1.244e+04 1 0)
|    ( QUESTION0_5_R 1 -1.179e+05 1.302e+02 5.214e+02
|        ( - -1.162e+05 2 0)
|        ( - -1.631e+03 3 0)))
s>    ( SILENCE 1 -1.308e+05 4.082e+02 5.783e+02
s>        ( - -1.244e+04 1 0)
s>        ( QUESTION0_5_R 1 -1.179e+05 1.302e+02 5.214e+02
s>            ( - -1.162e+05 2 0)
s>            ( - -1.631e+03 3 0)))INFO: dtree.c(1315): Comp split 12
INFO: dtree.c(1439): stop. leaf nodes are specific
INFO: dtree.c(1478): Final simple tree
|( SILENCE 1 -1.402e+04 1.435e+02 6.659e+01
|    ( - -4.366e+02 1 0)
|    ( - -1.344e+04 3 0))
s>    ( SILENCE 1 -1.402e+04 1.435e+02 6.659e+01
s>        ( - -4.366e+02 1 0)
s>        ( - -1.344e+04 3 0))INFO: dtree.c(1439): stop. leaf nodes are specific
INFO: dtree.c(1478): Final simple tree
|( QUESTION3 1 -1.094e+04 1.364e+02 5.224e+01
|    ( - -6.045e+03 1 0)
|    ( - -4.759e+03 1 0))
s>    ( QUESTION3 1 -1.094e+04 1.364e+02 5.224e+01
s>        ( - -6.045e+03 1 0)
s>        ( - -4.759e+03 1 0))INFO: dtree.c(1315): Comp split 13
INFO: dtree.c(1439): stop. leaf nodes are specific
INFO: dtree.c(1478): Final simple tree
|( QUESTION0_5_R 1 -1.179e+05 1.302e+02 5.214e+02
|    ( - -1.162e+05 2 0)
|    ( - -1.631e+03 3 0))
s>    ( QUESTION0_5_R 1 -1.179e+05 1.302e+02 5.214e+02
s>        ( - -1.162e+05 2 0)
s>        ( - -1.631e+03 3 0))INFO: dtree.c(1315): Comp split 14
INFO: dtree.c(1315): Comp split 15
INFO: dtree.c(1439): stop. leaf nodes are specific
INFO: dtree.c(1478): Final simple tree
|( QUESTION0_7_R 1 -1.766e+05 2.434e+02 7.862e+02
|    ( QUESTION3 1 -5.692e+04 1.912e+02 2.569e+02
|        ( - -3.342e+04 1 0)
|        ( - -2.331e+04 1 0))
|    ( - -1.195e+05 4 0))
s>    ( QUESTION0_7_R 1 -1.766e+05 2.434e+02 7.862e+02
s>        ( QUESTION3 1 -5.692e+04 1.912e+02 2.569e+02
s>            ( - -3.342e+04 1 0)
s>            ( - -2.331e+04 1 0))
s>        ( - -1.195e+05 4 0))INFO: dtree.c(1439): stop. leaf nodes are specific
INFO: dtree.c(1478): Final simple tree
|( QUESTION0_5_R 1 -6.968e+03 8.058e+01 3.246e+01
|    ( - -6.045e+03 2 0)
|    ( - -8.420e+02 1 0))
s>    ( QUESTION0_5_R 1 -6.968e+03 8.058e+01 3.246e+01
s>        ( - -6.045e+03 2 0)
s>        ( - -8.420e+02 1 0))INFO: dtree.c(1315): Comp split 16
INFO: dtree.c(1315): Comp split 17
INFO: dtree.c(1439): stop. leaf nodes are specific
INFO: dtree.c(1478): Final simple tree
|( QUESTION3 1 -5.692e+04 1.912e+02 2.569e+02
|    ( - -3.342e+04 1 0)
|    ( - -2.331e+04 1 0))
s>    ( QUESTION3 1 -5.692e+04 1.912e+02 2.569e+02
s>        ( - -3.342e+04 1 0)
s>        ( - -2.331e+04 1 0))INFO: dtree.c(1315): Comp split 18
INFO: dtree.c(1315): Comp split 19
INFO: dtree.c(1315): Comp split 20
INFO: dtree.c(1315): Comp split 21
INFO: dtree.c(1315): Comp split 22
INFO: dtree.c(1315): Comp split 23
INFO: dtree.c(1315): Comp split 24
INFO: dtree.c(1318): stop. leaf nodes are specific
!!!!!!!!Allocated 65 lines
Thu Apr  7 00:44:43 2016
