Current configuration:
[NAME]		[DEFLT]	[VALUE]
-allphones	no	no
-cntthresh	0.00001	1.000000e-05
-csplitmax	100	2000
-csplitmin	1	1
-csplitthr	8e-4	0.000000e+00
-example	no	no
-fullvar	no	no
-help		no	no
-meanfn			/home/nguyenvanthinh/Desktop/Git/speech recognition  demo/digit/model_parameters/digit.cd_cont_untied/means
-mixwfn			/home/nguyenvanthinh/Desktop/Git/speech recognition  demo/digit/model_parameters/digit.cd_cont_untied/mixture_weights
-moddeffn		/home/nguyenvanthinh/Desktop/Git/speech recognition  demo/digit/model_architecture/digit.untied.mdef
-mwfloor	1e-4	1.000000e-08
-phone			ng
-psetfn			/home/nguyenvanthinh/Desktop/Git/speech recognition  demo/digit/model_architecture/digit.tree_questions
-ssplitmax	5	7
-ssplitmin	1	1
-ssplitthr	8e-4	0.000000e+00
-state			1
-stwt			1.0,0.05,0.0,
-treefn			/home/nguyenvanthinh/Desktop/Git/speech recognition  demo/digit/trees/digit.unpruned/ng-1.dtree
-ts2cbfn	.semi.	.cont.
-varfloor	0.00001	1.000000e-05
-varfn			/home/nguyenvanthinh/Desktop/Git/speech recognition  demo/digit/model_parameters/digit.cd_cont_untied/variances

INFO: main.c(223): Reading: /home/nguyenvanthinh/Desktop/Git/speech recognition  demo/digit/model_architecture/digit.untied.mdef
INFO: model_def_io.c(573): Model definition info:
INFO: model_def_io.c(574): 326 total models defined (31 base, 295 tri)
INFO: model_def_io.c(575): 1304 total states
INFO: model_def_io.c(576): 978 total tied states
INFO: model_def_io.c(577): 93 total tied CI states
INFO: model_def_io.c(578): 31 total tied transition matrices
INFO: model_def_io.c(579): 4 max state/model
INFO: model_def_io.c(580): 4 min state/model
INFO: main.c(242): Building trees for [ng a if b] through [ng uz if b]
INFO: main.c(269): Covering states |[585 605]| == 21
INFO: main.c(275): Reading: /home/nguyenvanthinh/Desktop/Git/speech recognition  demo/digit/model_parameters/digit.cd_cont_untied/mixture_weights
INFO: s3mixw_io.c(173): Read /home/nguyenvanthinh/Desktop/Git/speech recognition  demo/digit/model_parameters/digit.cd_cont_untied/mixture_weights [21x1x1 array]
INFO: main.c(311): 7 of 7 models have observation count greater than 0.000010
INFO: main.c(95): nrm stwt: 0.045 0.909 0.045 
INFO: s3gau_io.c(169): Read /home/nguyenvanthinh/Desktop/Git/speech recognition  demo/digit/model_parameters/digit.cd_cont_untied/means [978x1x1 array]
INFO: s3gau_io.c(169): Read /home/nguyenvanthinh/Desktop/Git/speech recognition  demo/digit/model_parameters/digit.cd_cont_untied/variances [978x1x1 array]
INFO: main.c(549): Reading: /home/nguyenvanthinh/Desktop/Git/speech recognition  demo/digit/model_architecture/digit.tree_questions
INFO: main.c(588): 172 total simple questions (164 phone; 8 word bndry)
INFO: main.c(590): 40 Left Only questions, and 40 Right Only questions
INFO: dtree.c(1439): stop. leaf nodes are specific
INFO: dtree.c(1478): Final simple tree
|( QUESTION8 -1 -2.874e+05 3.574e+03 1.320e+03
|    ( - -8.710e+04 1 0)
|    ( QUESTION0 -1 -1.968e+05 1.894e+03 8.967e+02
|        ( - -3.303e+04 1 0)
|        ( QUESTION2 -1 -1.618e+05 1.463e+03 7.381e+02
|            ( - -2.218e+04 1 0)
|            ( QUESTION15 -1 -1.382e+05 1.257e+03 6.399e+02
|                ( - -6.690e+04 1 0)
|                ( QUESTION10 -1 -7.003e+04 8.517e+02 3.233e+02
|                    ( - -1.939e+04 1 0)
|                    ( QUESTION12 -1 -4.979e+04 6.555e+02 2.295e+02
|                        ( - -2.392e+04 1 0)
|                        ( - -2.522e+04 1 0)))))))
s>    ( QUESTION8 -1 -2.874e+05 3.574e+03 1.320e+03
s>        ( - -8.710e+04 1 0)
s>        ( QUESTION0 -1 -1.968e+05 1.894e+03 8.967e+02
s>            ( - -3.303e+04 1 0)
s>            ( QUESTION2 -1 -1.618e+05 1.463e+03 7.381e+02
s>                ( - -2.218e+04 1 0)
s>                ( QUESTION15 -1 -1.382e+05 1.257e+03 6.399e+02
s>                    ( - -6.690e+04 1 0)
s>                    ( QUESTION10 -1 -7.003e+04 8.517e+02 3.233e+02
s>                        ( - -1.939e+04 1 0)
s>                        ( QUESTION12 -1 -4.979e+04 6.555e+02 2.295e+02
s>                            ( - -2.392e+04 1 0)
s>                            ( - -2.522e+04 1 0)))))))INFO: dtree.c(1315): Comp split 0
INFO: dtree.c(1439): stop. leaf nodes are specific
INFO: dtree.c(1478): Final simple tree
|( QUESTION2 -1 -1.413e+05 1.414e+03 6.443e+02
|    ( - -2.218e+04 1 0)
|    ( QUESTION15 -1 -1.177e+05 1.044e+03 5.460e+02
|        ( - -6.690e+04 1 0)
|        ( QUESTION12 -1 -4.979e+04 6.555e+02 2.295e+02
|            ( - -2.392e+04 1 0)
|            ( - -2.522e+04 1 0))))
s>    ( QUESTION2 -1 -1.413e+05 1.414e+03 6.443e+02
s>        ( - -2.218e+04 1 0)
s>        ( QUESTION15 -1 -1.177e+05 1.044e+03 5.460e+02
s>            ( - -6.690e+04 1 0)
s>            ( QUESTION12 -1 -4.979e+04 6.555e+02 2.295e+02
s>                ( - -2.392e+04 1 0)
s>                ( - -2.522e+04 1 0))))INFO: dtree.c(1439): stop. leaf nodes are specific
INFO: dtree.c(1478): Final simple tree
|( QUESTION0 -1 -1.416e+05 1.199e+03 6.758e+02
|    ( - -3.303e+04 1 0)
|    ( QUESTION2 -1 -1.073e+05 8.407e+02 5.172e+02
|        ( - -8.710e+04 1 0)
|        ( - -1.939e+04 1 0)))
s>    ( QUESTION0 -1 -1.416e+05 1.199e+03 6.758e+02
s>        ( - -3.303e+04 1 0)
s>        ( QUESTION2 -1 -1.073e+05 8.407e+02 5.172e+02
s>            ( - -8.710e+04 1 0)
s>            ( - -1.939e+04 1 0)))INFO: dtree.c(1315): Comp split 1
INFO: dtree.c(1439): stop. leaf nodes are specific
INFO: dtree.c(1478): Final simple tree
|( QUESTION15 -1 -1.177e+05 1.044e+03 5.460e+02
|    ( - -6.690e+04 1 0)
|    ( QUESTION12 -1 -4.979e+04 6.555e+02 2.295e+02
|        ( - -2.392e+04 1 0)
|        ( - -2.522e+04 1 0)))
s>    ( QUESTION15 -1 -1.177e+05 1.044e+03 5.460e+02
s>        ( - -6.690e+04 1 0)
s>        ( QUESTION12 -1 -4.979e+04 6.555e+02 2.295e+02
s>            ( - -2.392e+04 1 0)
s>            ( - -2.522e+04 1 0)))INFO: dtree.c(1315): Comp split 2
INFO: dtree.c(1439): stop. leaf nodes are specific
INFO: dtree.c(1478): Final simple tree
|( QUESTION2 -1 -1.073e+05 8.407e+02 5.172e+02
|    ( - -8.710e+04 1 0)
|    ( - -1.939e+04 1 0))
s>    ( QUESTION2 -1 -1.073e+05 8.407e+02 5.172e+02
s>        ( - -8.710e+04 1 0)
s>        ( - -1.939e+04 1 0))INFO: dtree.c(1315): Comp split 3
INFO: dtree.c(1439): stop. leaf nodes are specific
INFO: dtree.c(1478): Final simple tree
|( QUESTION12 -1 -4.979e+04 6.555e+02 2.295e+02
|    ( - -2.392e+04 1 0)
|    ( - -2.522e+04 1 0))
s>    ( QUESTION12 -1 -4.979e+04 6.555e+02 2.295e+02
s>        ( - -2.392e+04 1 0)
s>        ( - -2.522e+04 1 0))INFO: dtree.c(1315): Comp split 4
INFO: dtree.c(1315): Comp split 5
INFO: dtree.c(1315): Comp split 6
INFO: dtree.c(1318): stop. leaf nodes are specific
!!!!!!!!Allocated 65 lines
Thu Apr  7 00:44:46 2016
