Current configuration:
[NAME]		[DEFLT]	[VALUE]
-allphones	no	no
-cntthresh	0.00001	1.000000e-05
-csplitmax	100	2000
-csplitmin	1	1
-csplitthr	8e-4	0.000000e+00
-example	no	no
-fullvar	no	no
-help		no	no
-meanfn			/home/nguyenvanthinh/Desktop/Git/speech recognition  demo/digit/model_parameters/digit.cd_cont_untied/means
-mixwfn			/home/nguyenvanthinh/Desktop/Git/speech recognition  demo/digit/model_parameters/digit.cd_cont_untied/mixture_weights
-moddeffn		/home/nguyenvanthinh/Desktop/Git/speech recognition  demo/digit/model_architecture/digit.untied.mdef
-mwfloor	1e-4	1.000000e-08
-phone			t
-psetfn			/home/nguyenvanthinh/Desktop/Git/speech recognition  demo/digit/model_architecture/digit.tree_questions
-ssplitmax	5	7
-ssplitmin	1	1
-ssplitthr	8e-4	0.000000e+00
-state			1
-stwt			1.0,0.05,0.0,
-treefn			/home/nguyenvanthinh/Desktop/Git/speech recognition  demo/digit/trees/digit.unpruned/t-1.dtree
-ts2cbfn	.semi.	.cont.
-varfloor	0.00001	1.000000e-05
-varfn			/home/nguyenvanthinh/Desktop/Git/speech recognition  demo/digit/model_parameters/digit.cd_cont_untied/variances

INFO: main.c(223): Reading: /home/nguyenvanthinh/Desktop/Git/speech recognition  demo/digit/model_architecture/digit.untied.mdef
INFO: model_def_io.c(573): Model definition info:
INFO: model_def_io.c(574): 326 total models defined (31 base, 295 tri)
INFO: model_def_io.c(575): 1304 total states
INFO: model_def_io.c(576): 978 total tied states
INFO: model_def_io.c(577): 93 total tied CI states
INFO: model_def_io.c(578): 31 total tied transition matrices
INFO: model_def_io.c(579): 4 max state/model
INFO: model_def_io.c(580): 4 min state/model
INFO: main.c(242): Building trees for [t SIL as b] through [t uz uw b]
INFO: main.c(269): Covering states |[792 836]| == 45
INFO: main.c(275): Reading: /home/nguyenvanthinh/Desktop/Git/speech recognition  demo/digit/model_parameters/digit.cd_cont_untied/mixture_weights
INFO: s3mixw_io.c(173): Read /home/nguyenvanthinh/Desktop/Git/speech recognition  demo/digit/model_parameters/digit.cd_cont_untied/mixture_weights [45x1x1 array]
INFO: main.c(311): 15 of 15 models have observation count greater than 0.000010
INFO: main.c(95): nrm stwt: 0.045 0.909 0.045 
INFO: s3gau_io.c(169): Read /home/nguyenvanthinh/Desktop/Git/speech recognition  demo/digit/model_parameters/digit.cd_cont_untied/means [978x1x1 array]
INFO: s3gau_io.c(169): Read /home/nguyenvanthinh/Desktop/Git/speech recognition  demo/digit/model_parameters/digit.cd_cont_untied/variances [978x1x1 array]
INFO: main.c(549): Reading: /home/nguyenvanthinh/Desktop/Git/speech recognition  demo/digit/model_architecture/digit.tree_questions
INFO: main.c(588): 172 total simple questions (164 phone; 8 word bndry)
INFO: main.c(590): 40 Left Only questions, and 40 Right Only questions
INFO: dtree.c(1478): Final simple tree
|( QUESTION0_0_R 1 -6.528e+05 6.887e+03 2.766e+03
|    ( QUESTION2_6_L -1 -6.067e+05 1.639e+03 2.604e+03
|        ( - -1.594e+05 2 0 QUESTION2 -1 2.092e+02 6.908e+02)
|        ( QUESTION15 -1 -4.457e+05 8.326e+02 1.913e+03
|            ( - -1.005e+05 1 0)
|            ( QUESTION0 -1 -3.444e+05 5.223e+02 1.472e+03
|                ( - -5.380e+04 1 0)
|                ( QUESTION10 -1 -2.900e+05 3.756e+02 1.246e+03
|                    ( - -4.645e+04 1 0)
|                    ( QUESTION2_3_L -1 -2.432e+05 3.896e+02 1.050e+03
|                        ( - -7.001e+04 2 0 QUESTION2 -1 2.419e+02 3.091e+02)
|                        ( - -1.728e+05 2 0 SILENCE -1 2.717e+02 7.412e+02))))))
|    ( QUESTION11 -1 -3.921e+04 4.602e+02 1.620e+02
|        ( - -1.952e+04 3 0 QUESTION15 -1 2.704e+02 8.358e+01)
|        ( - -1.923e+04 3 0 QUESTION9 -1 2.417e+02 7.845e+01)))
s>    ( QUESTION0_0_R 1 -6.528e+05 6.887e+03 2.766e+03
s>        ( QUESTION2_6_L -1 -6.067e+05 1.639e+03 2.604e+03
s>            ( - -1.594e+05 2 0 QUESTION2 -1 2.092e+02 6.908e+02)
s>            ( QUESTION15 -1 -4.457e+05 8.326e+02 1.913e+03
s>                ( - -1.005e+05 1 0)
s>                ( QUESTION0 -1 -3.444e+05 5.223e+02 1.472e+03
s>                    ( - -5.380e+04 1 0)
s>                    ( QUESTION10 -1 -2.900e+05 3.756e+02 1.246e+03
s>                        ( - -4.645e+04 1 0)
s>                        ( QUESTION2_3_L -1 -2.432e+05 3.896e+02 1.050e+03
s>                            ( - -7.001e+04 2 0 QUESTION2 -1 2.419e+02 3.091e+02)
s>                            ( - -1.728e+05 2 0 SILENCE -1 2.717e+02 7.412e+02))))))
s>        ( QUESTION11 -1 -3.921e+04 4.602e+02 1.620e+02
s>            ( - -1.952e+04 3 0 QUESTION15 -1 2.704e+02 8.358e+01)
s>            ( - -1.923e+04 3 0 QUESTION9 -1 2.417e+02 7.845e+01)))INFO: dtree.c(1315): Comp split 0
INFO: dtree.c(1478): Final simple tree
|( QUESTION2_6_L -1 -6.067e+05 1.639e+03 2.604e+03
|    ( - -1.594e+05 2 0 QUESTION2 -1 2.092e+02 6.908e+02)
|    ( QUESTION15 -1 -4.457e+05 8.326e+02 1.913e+03
|        ( - -1.005e+05 1 0)
|        ( QUESTION0 -1 -3.444e+05 5.223e+02 1.472e+03
|            ( - -5.380e+04 1 0)
|            ( QUESTION10 -1 -2.900e+05 3.756e+02 1.246e+03
|                ( - -4.645e+04 1 0)
|                ( QUESTION2_3_L -1 -2.432e+05 3.896e+02 1.050e+03
|                    ( QUESTION2 -1 -7.001e+04 2.419e+02 3.091e+02
|                        ( - -2.701e+04 1 0)
|                        ( - -4.276e+04 1 0))
|                    ( SILENCE -1 -1.728e+05 2.717e+02 7.412e+02
|                        ( - -2.662e+04 1 0)
|                        ( - -1.459e+05 1 0)))))))
s>    ( QUESTION2_6_L -1 -6.067e+05 1.639e+03 2.604e+03
s>        ( - -1.594e+05 2 0 QUESTION2 -1 2.092e+02 6.908e+02)
s>        ( QUESTION15 -1 -4.457e+05 8.326e+02 1.913e+03
s>            ( - -1.005e+05 1 0)
s>            ( QUESTION0 -1 -3.444e+05 5.223e+02 1.472e+03
s>                ( - -5.380e+04 1 0)
s>                ( QUESTION10 -1 -2.900e+05 3.756e+02 1.246e+03
s>                    ( - -4.645e+04 1 0)
s>                    ( QUESTION2_3_L -1 -2.432e+05 3.896e+02 1.050e+03
s>                        ( QUESTION2 -1 -7.001e+04 2.419e+02 3.091e+02
s>                            ( - -2.701e+04 1 0)
s>                            ( - -4.276e+04 1 0))
s>                        ( SILENCE -1 -1.728e+05 2.717e+02 7.412e+02
s>                            ( - -2.662e+04 1 0)
s>                            ( - -1.459e+05 1 0)))))))INFO: dtree.c(1439): stop. leaf nodes are specific
INFO: dtree.c(1478): Final simple tree
|( QUESTION11 -1 -3.921e+04 4.602e+02 1.620e+02
|    ( QUESTION15 -1 -1.952e+04 2.704e+02 8.358e+01
|        ( - -1.189e+04 1 0)
|        ( QUESTION12 -1 -7.353e+03 2.086e+02 3.129e+01
|            ( - -4.508e+03 1 0)
|            ( - -2.636e+03 1 0)))
|    ( QUESTION9 -1 -1.923e+04 2.417e+02 7.845e+01
|        ( - -5.671e+03 1 0)
|        ( QUESTION0 -1 -1.332e+04 1.204e+02 5.440e+01
|            ( - -4.498e+03 1 0)
|            ( - -8.702e+03 1 0))))
s>    ( QUESTION11 -1 -3.921e+04 4.602e+02 1.620e+02
s>        ( QUESTION15 -1 -1.952e+04 2.704e+02 8.358e+01
s>            ( - -1.189e+04 1 0)
s>            ( QUESTION12 -1 -7.353e+03 2.086e+02 3.129e+01
s>                ( - -4.508e+03 1 0)
s>                ( - -2.636e+03 1 0)))
s>        ( QUESTION9 -1 -1.923e+04 2.417e+02 7.845e+01
s>            ( - -5.671e+03 1 0)
s>            ( QUESTION0 -1 -1.332e+04 1.204e+02 5.440e+01
s>                ( - -4.498e+03 1 0)
s>                ( - -8.702e+03 1 0))))INFO: dtree.c(1315): Comp split 1
INFO: dtree.c(1439): stop. leaf nodes are specific
INFO: dtree.c(1478): Final simple tree
|( QUESTION15 -1 -4.457e+05 8.326e+02 1.913e+03
|    ( - -1.005e+05 1 0)
|    ( QUESTION0 -1 -3.444e+05 5.223e+02 1.472e+03
|        ( - -5.380e+04 1 0)
|        ( QUESTION10 -1 -2.900e+05 3.756e+02 1.246e+03
|            ( - -4.645e+04 1 0)
|            ( QUESTION2_3_L -1 -2.432e+05 3.896e+02 1.050e+03
|                ( QUESTION2 -1 -7.001e+04 2.419e+02 3.091e+02
|                    ( - -2.701e+04 1 0)
|                    ( - -4.276e+04 1 0))
|                ( SILENCE -1 -1.728e+05 2.717e+02 7.412e+02
|                    ( - -2.662e+04 1 0)
|                    ( - -1.459e+05 1 0))))))
s>    ( QUESTION15 -1 -4.457e+05 8.326e+02 1.913e+03
s>        ( - -1.005e+05 1 0)
s>        ( QUESTION0 -1 -3.444e+05 5.223e+02 1.472e+03
s>            ( - -5.380e+04 1 0)
s>            ( QUESTION10 -1 -2.900e+05 3.756e+02 1.246e+03
s>                ( - -4.645e+04 1 0)
s>                ( QUESTION2_3_L -1 -2.432e+05 3.896e+02 1.050e+03
s>                    ( QUESTION2 -1 -7.001e+04 2.419e+02 3.091e+02
s>                        ( - -2.701e+04 1 0)
s>                        ( - -4.276e+04 1 0))
s>                    ( SILENCE -1 -1.728e+05 2.717e+02 7.412e+02
s>                        ( - -2.662e+04 1 0)
s>                        ( - -1.459e+05 1 0))))))INFO: dtree.c(1439): stop. leaf nodes are specific
INFO: dtree.c(1478): Final simple tree
|( QUESTION2 -1 -1.594e+05 2.092e+02 6.908e+02
|    ( - -1.588e+05 1 0)
|    ( - -3.468e+02 1 0))
s>    ( QUESTION2 -1 -1.594e+05 2.092e+02 6.908e+02
s>        ( - -1.588e+05 1 0)
s>        ( - -3.468e+02 1 0))INFO: dtree.c(1315): Comp split 2
INFO: dtree.c(1439): stop. leaf nodes are specific
INFO: dtree.c(1478): Final simple tree
|( QUESTION10 -1 -2.900e+05 3.756e+02 1.246e+03
|    ( - -4.645e+04 1 0)
|    ( QUESTION2_3_L -1 -2.432e+05 3.896e+02 1.050e+03
|        ( QUESTION2 -1 -7.001e+04 2.419e+02 3.091e+02
|            ( - -2.701e+04 1 0)
|            ( - -4.276e+04 1 0))
|        ( SILENCE -1 -1.728e+05 2.717e+02 7.412e+02
|            ( - -2.662e+04 1 0)
|            ( - -1.459e+05 1 0))))
s>    ( QUESTION10 -1 -2.900e+05 3.756e+02 1.246e+03
s>        ( - -4.645e+04 1 0)
s>        ( QUESTION2_3_L -1 -2.432e+05 3.896e+02 1.050e+03
s>            ( QUESTION2 -1 -7.001e+04 2.419e+02 3.091e+02
s>                ( - -2.701e+04 1 0)
s>                ( - -4.276e+04 1 0))
s>            ( SILENCE -1 -1.728e+05 2.717e+02 7.412e+02
s>                ( - -2.662e+04 1 0)
s>                ( - -1.459e+05 1 0))))INFO: dtree.c(1439): stop. leaf nodes are specific
INFO: dtree.c(1478): Final simple tree
|( QUESTION0 -1 -1.547e+05 4.491e+02 6.666e+02
|    ( - -5.380e+04 1 0)
|    ( - -1.005e+05 1 0))
s>    ( QUESTION0 -1 -1.547e+05 4.491e+02 6.666e+02
s>        ( - -5.380e+04 1 0)
s>        ( - -1.005e+05 1 0))INFO: dtree.c(1315): Comp split 3
INFO: dtree.c(1439): stop. leaf nodes are specific
INFO: dtree.c(1478): Final simple tree
|( SILENCE -1 -1.728e+05 2.717e+02 7.412e+02
|    ( - -2.662e+04 1 0)
|    ( - -1.459e+05 1 0))
s>    ( SILENCE -1 -1.728e+05 2.717e+02 7.412e+02
s>        ( - -2.662e+04 1 0)
s>        ( - -1.459e+05 1 0))INFO: dtree.c(1439): stop. leaf nodes are specific
INFO: dtree.c(1478): Final simple tree
|( QUESTION2 -1 -1.167e+05 2.526e+02 5.051e+02
|    ( - -2.701e+04 1 0)
|    ( QUESTION10 -1 -8.944e+04 2.338e+02 3.864e+02
|        ( - -4.645e+04 1 0)
|        ( - -4.276e+04 1 0)))
s>    ( QUESTION2 -1 -1.167e+05 2.526e+02 5.051e+02
s>        ( - -2.701e+04 1 0)
s>        ( QUESTION10 -1 -8.944e+04 2.338e+02 3.864e+02
s>            ( - -4.645e+04 1 0)
s>            ( - -4.276e+04 1 0)))INFO: dtree.c(1315): Comp split 4
INFO: dtree.c(1439): stop. leaf nodes are specific
INFO: dtree.c(1478): Final simple tree
|( QUESTION9 -1 -1.923e+04 2.417e+02 7.845e+01
|    ( - -5.671e+03 1 0)
|    ( QUESTION0 -1 -1.332e+04 1.204e+02 5.440e+01
|        ( - -4.498e+03 1 0)
|        ( - -8.702e+03 1 0)))
s>    ( QUESTION9 -1 -1.923e+04 2.417e+02 7.845e+01
s>        ( - -5.671e+03 1 0)
s>        ( QUESTION0 -1 -1.332e+04 1.204e+02 5.440e+01
s>            ( - -4.498e+03 1 0)
s>            ( - -8.702e+03 1 0)))INFO: dtree.c(1439): stop. leaf nodes are specific
INFO: dtree.c(1478): Final simple tree
|( QUESTION15 -1 -1.952e+04 2.704e+02 8.358e+01
|    ( - -1.189e+04 1 0)
|    ( QUESTION12 -1 -7.353e+03 2.086e+02 3.129e+01
|        ( - -4.508e+03 1 0)
|        ( - -2.636e+03 1 0)))
s>    ( QUESTION15 -1 -1.952e+04 2.704e+02 8.358e+01
s>        ( - -1.189e+04 1 0)
s>        ( QUESTION12 -1 -7.353e+03 2.086e+02 3.129e+01
s>            ( - -4.508e+03 1 0)
s>            ( - -2.636e+03 1 0)))INFO: dtree.c(1315): Comp split 5
INFO: dtree.c(1315): Comp split 6
INFO: dtree.c(1315): Comp split 7
INFO: dtree.c(1439): stop. leaf nodes are specific
INFO: dtree.c(1478): Final simple tree
|( QUESTION12 -1 -7.353e+03 2.086e+02 3.129e+01
|    ( - -4.508e+03 1 0)
|    ( - -2.636e+03 1 0))
s>    ( QUESTION12 -1 -7.353e+03 2.086e+02 3.129e+01
s>        ( - -4.508e+03 1 0)
s>        ( - -2.636e+03 1 0))INFO: dtree.c(1315): Comp split 8
INFO: dtree.c(1439): stop. leaf nodes are specific
INFO: dtree.c(1478): Final simple tree
|( QUESTION10 -1 -8.944e+04 2.338e+02 3.864e+02
|    ( - -4.645e+04 1 0)
|    ( - -4.276e+04 1 0))
s>    ( QUESTION10 -1 -8.944e+04 2.338e+02 3.864e+02
s>        ( - -4.645e+04 1 0)
s>        ( - -4.276e+04 1 0))INFO: dtree.c(1315): Comp split 9
INFO: dtree.c(1439): stop. leaf nodes are specific
INFO: dtree.c(1478): Final simple tree
|( QUESTION0 -1 -1.332e+04 1.204e+02 5.440e+01
|    ( - -4.498e+03 1 0)
|    ( - -8.702e+03 1 0))
s>    ( QUESTION0 -1 -1.332e+04 1.204e+02 5.440e+01
s>        ( - -4.498e+03 1 0)
s>        ( - -8.702e+03 1 0))INFO: dtree.c(1315): Comp split 10
INFO: dtree.c(1315): Comp split 11
INFO: dtree.c(1315): Comp split 12
INFO: dtree.c(1315): Comp split 13
INFO: dtree.c(1315): Comp split 14
INFO: dtree.c(1318): stop. leaf nodes are specific
!!!!!!!!Allocated 65 lines
Thu Apr  7 00:44:45 2016
