Current configuration:
[NAME]		[DEFLT]			[VALUE]
-example	no			no
-fullvar	no			no
-help		no			no
-meanfn					/home/nguyenvanthinh/Desktop/Git/speech recognition  demo/digit/model_parameters/digit.ci_cont/means
-mixwfn					/home/nguyenvanthinh/Desktop/Git/speech recognition  demo/digit/model_parameters/digit.ci_cont/mixture_weights
-moddeffn				/home/nguyenvanthinh/Desktop/Git/speech recognition  demo/digit/model_architecture/digit.ci.mdef
-niter		0			1
-npermute	6			12
-qstperstt	8			20
-questfn				/home/nguyenvanthinh/Desktop/Git/speech recognition  demo/digit/model_architecture/digit.tree_questions
-tempfn		/tmp/TEMP.QUESTS	/tmp/TEMP.QUESTS
-type					.cont.
-varfloor	1.0e-08			1.000000e-08
-varfn					/home/nguyenvanthinh/Desktop/Git/speech recognition  demo/digit/model_parameters/digit.ci_cont/variances

INFO: main.c(792): Reading: /home/nguyenvanthinh/Desktop/Git/speech recognition  demo/digit/model_architecture/digit.ci.mdef
INFO: model_def_io.c(573): Model definition info:
INFO: model_def_io.c(574): 31 total models defined (31 base, 0 tri)
INFO: model_def_io.c(575): 124 total states
INFO: model_def_io.c(576): 93 total tied states
INFO: model_def_io.c(577): 93 total tied CI states
INFO: model_def_io.c(578): 31 total tied transition matrices
INFO: model_def_io.c(579): 4 max state/model
INFO: model_def_io.c(580): 4 min state/model
INFO: main.c(811): Reading: /home/nguyenvanthinh/Desktop/Git/speech recognition  demo/digit/model_parameters/digit.ci_cont/mixture_weights
INFO: s3mixw_io.c(117): Read /home/nguyenvanthinh/Desktop/Git/speech recognition  demo/digit/model_parameters/digit.ci_cont/mixture_weights [93x1x1 array]
INFO: s3gau_io.c(169): Read /home/nguyenvanthinh/Desktop/Git/speech recognition  demo/digit/model_parameters/digit.ci_cont/means [93x1x1 array]
INFO: s3gau_io.c(169): Read /home/nguyenvanthinh/Desktop/Git/speech recognition  demo/digit/model_parameters/digit.ci_cont/variances [93x1x1 array]
INFO: main.c(1109): Done building questions using state 0
INFO: main.c(1110):  20 questions from state 0
INFO: main.c(1109): Done building questions using state 1
INFO: main.c(1110):  20 questions from state 1
INFO: main.c(1109): Done building questions using state 2
INFO: main.c(1110):  20 questions from state 2
INFO: main.c(1115): Stored questions in /home/nguyenvanthinh/Desktop/Git/speech recognition  demo/digit/model_architecture/digit.tree_questions
Thu Apr  7 00:44:42 2016
