Current configuration:
[NAME]		[DEFLT]	[VALUE]
-allphones	no	no
-cntthresh	0.00001	1.000000e-05
-csplitmax	100	2000
-csplitmin	1	1
-csplitthr	8e-4	0.000000e+00
-example	no	no
-fullvar	no	no
-help		no	no
-meanfn			/home/nguyenvanthinh/Desktop/Git/speech recognition  demo/digit/model_parameters/digit.cd_cont_untied/means
-mixwfn			/home/nguyenvanthinh/Desktop/Git/speech recognition  demo/digit/model_parameters/digit.cd_cont_untied/mixture_weights
-moddeffn		/home/nguyenvanthinh/Desktop/Git/speech recognition  demo/digit/model_architecture/digit.untied.mdef
-mwfloor	1e-4	1.000000e-08
-phone			m
-psetfn			/home/nguyenvanthinh/Desktop/Git/speech recognition  demo/digit/model_architecture/digit.tree_questions
-ssplitmax	5	7
-ssplitmin	1	1
-ssplitthr	8e-4	0.000000e+00
-state			0
-stwt			1.0,0.05,0.0,
-treefn			/home/nguyenvanthinh/Desktop/Git/speech recognition  demo/digit/trees/digit.unpruned/m-0.dtree
-ts2cbfn	.semi.	.cont.
-varfloor	0.00001	1.000000e-05
-varfn			/home/nguyenvanthinh/Desktop/Git/speech recognition  demo/digit/model_parameters/digit.cd_cont_untied/variances

INFO: main.c(223): Reading: /home/nguyenvanthinh/Desktop/Git/speech recognition  demo/digit/model_architecture/digit.untied.mdef
INFO: model_def_io.c(573): Model definition info:
INFO: model_def_io.c(574): 326 total models defined (31 base, 295 tri)
INFO: model_def_io.c(575): 1304 total states
INFO: model_def_io.c(576): 978 total tied states
INFO: model_def_io.c(577): 93 total tied CI states
INFO: model_def_io.c(578): 31 total tied transition matrices
INFO: model_def_io.c(579): 4 max state/model
INFO: model_def_io.c(580): 4 min state/model
INFO: main.c(242): Building trees for [m SIL ooj b] through [m uz uw b]
INFO: main.c(269): Covering states |[432 488]| == 57
INFO: main.c(275): Reading: /home/nguyenvanthinh/Desktop/Git/speech recognition  demo/digit/model_parameters/digit.cd_cont_untied/mixture_weights
INFO: s3mixw_io.c(173): Read /home/nguyenvanthinh/Desktop/Git/speech recognition  demo/digit/model_parameters/digit.cd_cont_untied/mixture_weights [57x1x1 array]
INFO: main.c(311): 19 of 19 models have observation count greater than 0.000010
INFO: main.c(95): nrm stwt: 0.952 0.048 0.000 
INFO: s3gau_io.c(169): Read /home/nguyenvanthinh/Desktop/Git/speech recognition  demo/digit/model_parameters/digit.cd_cont_untied/means [978x1x1 array]
INFO: s3gau_io.c(169): Read /home/nguyenvanthinh/Desktop/Git/speech recognition  demo/digit/model_parameters/digit.cd_cont_untied/variances [978x1x1 array]
INFO: main.c(549): Reading: /home/nguyenvanthinh/Desktop/Git/speech recognition  demo/digit/model_architecture/digit.tree_questions
INFO: main.c(588): 172 total simple questions (164 phone; 8 word bndry)
INFO: main.c(590): 40 Left Only questions, and 40 Right Only questions
INFO: dtree.c(1478): Final simple tree
|( QUESTION12 1 -7.307e+05 3.932e+03 3.163e+03
|    ( QUESTION0 -1 -5.465e+05 2.059e+03 2.367e+03
|        ( - -7.584e+04 1 0)
|        ( QUESTION3 -1 -4.686e+05 4.712e+02 2.037e+03
|            ( - -4.306e+04 1 0)
|            ( - -4.250e+05 6 0 QUESTION13 -1 4.701e+02 1.847e+03)))
|    ( QUESTION0 -1 -1.803e+05 2.361e+03 7.955e+02
|        ( - -1.850e+04 2 0 QUESTION0_14_R 1 1.493e+02 8.277e+01)
|        ( QUESTION2_0_L -1 -1.594e+05 1.607e+03 7.128e+02
|            ( QUESTION10 -1 -3.791e+04 7.007e+02 1.662e+02
|                ( - -8.295e+03 2 0 QUESTION0_14_R 1 8.113e+01 3.746e+01)
|                ( QUESTION12 -1 -2.891e+04 6.614e+02 1.287e+02
|                    ( - -1.444e+04 2 0 QUESTION0_14_R 1 1.111e+02 6.705e+01)
|                    ( - -1.381e+04 2 0 QUESTION0_14_R 1 1.534e+02 6.169e+01)))
|            ( - -1.199e+05 3 0 QUESTION0_14_R 1 2.994e+02 5.466e+02))))
s>    ( QUESTION12 1 -7.307e+05 3.932e+03 3.163e+03
s>        ( QUESTION0 -1 -5.465e+05 2.059e+03 2.367e+03
s>            ( - -7.584e+04 1 0)
s>            ( QUESTION3 -1 -4.686e+05 4.712e+02 2.037e+03
s>                ( - -4.306e+04 1 0)
s>                ( - -4.250e+05 6 0 QUESTION13 -1 4.701e+02 1.847e+03)))
s>        ( QUESTION0 -1 -1.803e+05 2.361e+03 7.955e+02
s>            ( - -1.850e+04 2 0 QUESTION0_14_R 1 1.493e+02 8.277e+01)
s>            ( QUESTION2_0_L -1 -1.594e+05 1.607e+03 7.128e+02
s>                ( QUESTION10 -1 -3.791e+04 7.007e+02 1.662e+02
s>                    ( - -8.295e+03 2 0 QUESTION0_14_R 1 8.113e+01 3.746e+01)
s>                    ( QUESTION12 -1 -2.891e+04 6.614e+02 1.287e+02
s>                        ( - -1.444e+04 2 0 QUESTION0_14_R 1 1.111e+02 6.705e+01)
s>                        ( - -1.381e+04 2 0 QUESTION0_14_R 1 1.534e+02 6.169e+01)))
s>                ( - -1.199e+05 3 0 QUESTION0_14_R 1 2.994e+02 5.466e+02))))INFO: dtree.c(1315): Comp split 0
INFO: dtree.c(1439): stop. leaf nodes are specific
INFO: dtree.c(1478): Final simple tree
|( QUESTION3 -1 -4.686e+05 4.712e+02 2.037e+03
|    ( - -4.306e+04 1 0)
|    ( QUESTION13 -1 -4.250e+05 4.701e+02 1.847e+03
|        ( QUESTION15 -1 -1.383e+05 3.513e+02 6.020e+02
|            ( - -9.940e+04 1 0)
|            ( - -3.856e+04 1 0))
|        ( SILENCE -1 -2.862e+05 3.992e+02 1.245e+03
|            ( - -6.378e+04 1 0)
|            ( QUESTION11 -1 -2.221e+05 3.706e+02 9.619e+02
|                ( - -9.868e+04 1 0)
|                ( QUESTION2 -1 -1.230e+05 2.199e+02 5.320e+02
|                    ( - -8.099e+04 1 0)
|                    ( - -4.180e+04 1 0))))))
s>    ( QUESTION3 -1 -4.686e+05 4.712e+02 2.037e+03
s>        ( - -4.306e+04 1 0)
s>        ( QUESTION13 -1 -4.250e+05 4.701e+02 1.847e+03
s>            ( QUESTION15 -1 -1.383e+05 3.513e+02 6.020e+02
s>                ( - -9.940e+04 1 0)
s>                ( - -3.856e+04 1 0))
s>            ( SILENCE -1 -2.862e+05 3.992e+02 1.245e+03
s>                ( - -6.378e+04 1 0)
s>                ( QUESTION11 -1 -2.221e+05 3.706e+02 9.619e+02
s>                    ( - -9.868e+04 1 0)
s>                    ( QUESTION2 -1 -1.230e+05 2.199e+02 5.320e+02
s>                        ( - -8.099e+04 1 0)
s>                        ( - -4.180e+04 1 0))))))INFO: dtree.c(1478): Final simple tree
|( QUESTION0 -1 -2.575e+05 2.901e+03 1.126e+03
|    ( QUESTION12 1 -9.517e+04 8.364e+02 4.135e+02
|        ( - -7.584e+04 1 0)
|        ( - -1.850e+04 2 0 QUESTION0_14_R 1 1.493e+02 8.277e+01))
|    ( QUESTION2_0_L -1 -1.594e+05 1.607e+03 7.128e+02
|        ( QUESTION10 -1 -3.791e+04 7.007e+02 1.662e+02
|            ( - -8.295e+03 2 0 QUESTION0_14_R 1 8.113e+01 3.746e+01)
|            ( QUESTION12 -1 -2.891e+04 6.614e+02 1.287e+02
|                ( - -1.444e+04 2 0 QUESTION0_14_R 1 1.111e+02 6.705e+01)
|                ( - -1.381e+04 2 0 QUESTION0_14_R 1 1.534e+02 6.169e+01)))
|        ( QUESTION0_14_R 1 -1.199e+05 2.994e+02 5.466e+02
|            ( QUESTION2 -1 -9.405e+04 2.238e+02 4.294e+02
|                ( - -9.278e+04 1 0)
|                ( - -1.051e+03 1 0))
|            ( - -2.555e+04 1 0))))
s>    ( QUESTION0 -1 -2.575e+05 2.901e+03 1.126e+03
s>        ( QUESTION12 1 -9.517e+04 8.364e+02 4.135e+02
s>            ( - -7.584e+04 1 0)
s>            ( - -1.850e+04 2 0 QUESTION0_14_R 1 1.493e+02 8.277e+01))
s>        ( QUESTION2_0_L -1 -1.594e+05 1.607e+03 7.128e+02
s>            ( QUESTION10 -1 -3.791e+04 7.007e+02 1.662e+02
s>                ( - -8.295e+03 2 0 QUESTION0_14_R 1 8.113e+01 3.746e+01)
s>                ( QUESTION12 -1 -2.891e+04 6.614e+02 1.287e+02
s>                    ( - -1.444e+04 2 0 QUESTION0_14_R 1 1.111e+02 6.705e+01)
s>                    ( - -1.381e+04 2 0 QUESTION0_14_R 1 1.534e+02 6.169e+01)))
s>            ( QUESTION0_14_R 1 -1.199e+05 2.994e+02 5.466e+02
s>                ( QUESTION2 -1 -9.405e+04 2.238e+02 4.294e+02
s>                    ( - -9.278e+04 1 0)
s>                    ( - -1.051e+03 1 0))
s>                ( - -2.555e+04 1 0))))INFO: dtree.c(1315): Comp split 1
INFO: dtree.c(1439): stop. leaf nodes are specific
INFO: dtree.c(1478): Final simple tree
|( QUESTION2 -1 -1.488e+05 1.240e+03 6.703e+02
|    ( QUESTION0_14_R 1 -1.186e+05 3.008e+02 5.416e+02
|        ( - -9.278e+04 1 0)
|        ( - -2.555e+04 1 0))
|    ( QUESTION12 -1 -2.891e+04 6.614e+02 1.287e+02
|        ( QUESTION0_14_R 1 -1.444e+04 1.111e+02 6.705e+01
|            ( - -7.009e+03 1 0)
|            ( - -7.322e+03 1 0))
|        ( QUESTION0_14_R 1 -1.381e+04 1.534e+02 6.169e+01
|            ( - -6.847e+03 1 0)
|            ( - -6.809e+03 1 0))))
s>    ( QUESTION2 -1 -1.488e+05 1.240e+03 6.703e+02
s>        ( QUESTION0_14_R 1 -1.186e+05 3.008e+02 5.416e+02
s>            ( - -9.278e+04 1 0)
s>            ( - -2.555e+04 1 0))
s>        ( QUESTION12 -1 -2.891e+04 6.614e+02 1.287e+02
s>            ( QUESTION0_14_R 1 -1.444e+04 1.111e+02 6.705e+01
s>                ( - -7.009e+03 1 0)
s>                ( - -7.322e+03 1 0))
s>            ( QUESTION0_14_R 1 -1.381e+04 1.534e+02 6.169e+01
s>                ( - -6.847e+03 1 0)
s>                ( - -6.809e+03 1 0))))INFO: dtree.c(1439): stop. leaf nodes are specific
INFO: dtree.c(1478): Final simple tree
|( QUESTION10 -1 -1.057e+05 1.042e+03 4.559e+02
|    ( QUESTION0_14_R 1 -8.295e+03 8.113e+01 3.746e+01
|        ( - -5.370e+03 1 0)
|        ( - -2.844e+03 1 0))
|    ( QUESTION12 1 -9.637e+04 6.549e+02 4.185e+02
|        ( - -7.584e+04 1 0)
|        ( QUESTION0 -1 -1.988e+04 3.319e+02 8.777e+01
|            ( QUESTION0_14_R 1 -1.850e+04 1.493e+02 8.277e+01
|                ( - -9.522e+03 1 0)
|                ( - -8.825e+03 1 0))
|            ( - -1.051e+03 1 0))))
s>    ( QUESTION10 -1 -1.057e+05 1.042e+03 4.559e+02
s>        ( QUESTION0_14_R 1 -8.295e+03 8.113e+01 3.746e+01
s>            ( - -5.370e+03 1 0)
s>            ( - -2.844e+03 1 0))
s>        ( QUESTION12 1 -9.637e+04 6.549e+02 4.185e+02
s>            ( - -7.584e+04 1 0)
s>            ( QUESTION0 -1 -1.988e+04 3.319e+02 8.777e+01
s>                ( QUESTION0_14_R 1 -1.850e+04 1.493e+02 8.277e+01
s>                    ( - -9.522e+03 1 0)
s>                    ( - -8.825e+03 1 0))
s>                ( - -1.051e+03 1 0))))INFO: dtree.c(1315): Comp split 2
INFO: dtree.c(1439): stop. leaf nodes are specific
INFO: dtree.c(1478): Final simple tree
|( QUESTION12 -1 -2.891e+04 6.614e+02 1.287e+02
|    ( QUESTION0_14_R 1 -1.444e+04 1.111e+02 6.705e+01
|        ( - -7.009e+03 1 0)
|        ( - -7.322e+03 1 0))
|    ( QUESTION0_14_R 1 -1.381e+04 1.534e+02 6.169e+01
|        ( - -6.847e+03 1 0)
|        ( - -6.809e+03 1 0)))
s>    ( QUESTION12 -1 -2.891e+04 6.614e+02 1.287e+02
s>        ( QUESTION0_14_R 1 -1.444e+04 1.111e+02 6.705e+01
s>            ( - -7.009e+03 1 0)
s>            ( - -7.322e+03 1 0))
s>        ( QUESTION0_14_R 1 -1.381e+04 1.534e+02 6.169e+01
s>            ( - -6.847e+03 1 0)
s>            ( - -6.809e+03 1 0)))INFO: dtree.c(1439): stop. leaf nodes are specific
INFO: dtree.c(1478): Final simple tree
|( QUESTION0_14_R 1 -1.186e+05 3.008e+02 5.416e+02
|    ( - -9.278e+04 1 0)
|    ( - -2.555e+04 1 0))
s>    ( QUESTION0_14_R 1 -1.186e+05 3.008e+02 5.416e+02
s>        ( - -9.278e+04 1 0)
s>        ( - -2.555e+04 1 0))INFO: dtree.c(1315): Comp split 3
INFO: dtree.c(1439): stop. leaf nodes are specific
INFO: dtree.c(1478): Final simple tree
|( QUESTION12 1 -9.637e+04 6.549e+02 4.185e+02
|    ( - -7.584e+04 1 0)
|    ( QUESTION0 -1 -1.988e+04 3.319e+02 8.777e+01
|        ( QUESTION0_14_R 1 -1.850e+04 1.493e+02 8.277e+01
|            ( - -9.522e+03 1 0)
|            ( - -8.825e+03 1 0))
|        ( - -1.051e+03 1 0)))
s>    ( QUESTION12 1 -9.637e+04 6.549e+02 4.185e+02
s>        ( - -7.584e+04 1 0)
s>        ( QUESTION0 -1 -1.988e+04 3.319e+02 8.777e+01
s>            ( QUESTION0_14_R 1 -1.850e+04 1.493e+02 8.277e+01
s>                ( - -9.522e+03 1 0)
s>                ( - -8.825e+03 1 0))
s>            ( - -1.051e+03 1 0)))INFO: dtree.c(1439): stop. leaf nodes are specific
INFO: dtree.c(1478): Final simple tree
|( QUESTION0_14_R 1 -8.295e+03 8.113e+01 3.746e+01
|    ( - -5.370e+03 1 0)
|    ( - -2.844e+03 1 0))
s>    ( QUESTION0_14_R 1 -8.295e+03 8.113e+01 3.746e+01
s>        ( - -5.370e+03 1 0)
s>        ( - -2.844e+03 1 0))INFO: dtree.c(1315): Comp split 4
INFO: dtree.c(1439): stop. leaf nodes are specific
INFO: dtree.c(1478): Final simple tree
|( QUESTION0_14_R 1 -1.850e+04 1.493e+02 8.277e+01
|    ( - -9.522e+03 1 0)
|    ( - -8.825e+03 1 0))
s>    ( QUESTION0_14_R 1 -1.850e+04 1.493e+02 8.277e+01
s>        ( - -9.522e+03 1 0)
s>        ( - -8.825e+03 1 0))INFO: dtree.c(1439): stop. leaf nodes are specific
INFO: dtree.c(1478): Final simple tree
|( QUESTION0_16_R 1 -7.703e+04 1.408e+02 3.357e+02
|    ( - -1.051e+03 1 0)
|    ( - -7.584e+04 1 0))
s>    ( QUESTION0_16_R 1 -7.703e+04 1.408e+02 3.357e+02
s>        ( - -1.051e+03 1 0)
s>        ( - -7.584e+04 1 0))INFO: dtree.c(1315): Comp split 5
INFO: dtree.c(1439): stop. leaf nodes are specific
INFO: dtree.c(1478): Final simple tree
|( QUESTION0_14_R 1 -1.381e+04 1.534e+02 6.169e+01
|    ( - -6.847e+03 1 0)
|    ( - -6.809e+03 1 0))
s>    ( QUESTION0_14_R 1 -1.381e+04 1.534e+02 6.169e+01
s>        ( - -6.847e+03 1 0)
s>        ( - -6.809e+03 1 0))INFO: dtree.c(1439): stop. leaf nodes are specific
INFO: dtree.c(1478): Final simple tree
|( QUESTION0_14_R 1 -1.444e+04 1.111e+02 6.705e+01
|    ( - -7.009e+03 1 0)
|    ( - -7.322e+03 1 0))
s>    ( QUESTION0_14_R 1 -1.444e+04 1.111e+02 6.705e+01
s>        ( - -7.009e+03 1 0)
s>        ( - -7.322e+03 1 0))INFO: dtree.c(1315): Comp split 6
INFO: dtree.c(1439): stop. leaf nodes are specific
INFO: dtree.c(1478): Final simple tree
|( QUESTION15 -1 -2.617e+05 3.585e+02 1.134e+03
|    ( - -9.940e+04 1 0)
|    ( QUESTION11 -1 -1.619e+05 3.209e+02 6.998e+02
|        ( - -3.856e+04 1 0)
|        ( QUESTION2 -1 -1.230e+05 2.199e+02 5.320e+02
|            ( - -8.099e+04 1 0)
|            ( - -4.180e+04 1 0))))
s>    ( QUESTION15 -1 -2.617e+05 3.585e+02 1.134e+03
s>        ( - -9.940e+04 1 0)
s>        ( QUESTION11 -1 -1.619e+05 3.209e+02 6.998e+02
s>            ( - -3.856e+04 1 0)
s>            ( QUESTION2 -1 -1.230e+05 2.199e+02 5.320e+02
s>                ( - -8.099e+04 1 0)
s>                ( - -4.180e+04 1 0))))INFO: dtree.c(1439): stop. leaf nodes are specific
INFO: dtree.c(1478): Final simple tree
|( QUESTION2 -1 -2.063e+05 4.526e+02 9.026e+02
|    ( - -4.306e+04 1 0)
|    ( SILENCE -1 -1.628e+05 3.647e+02 7.132e+02
|        ( - -6.378e+04 1 0)
|        ( - -9.868e+04 1 0)))
s>    ( QUESTION2 -1 -2.063e+05 4.526e+02 9.026e+02
s>        ( - -4.306e+04 1 0)
s>        ( SILENCE -1 -1.628e+05 3.647e+02 7.132e+02
s>            ( - -6.378e+04 1 0)
s>            ( - -9.868e+04 1 0)))INFO: dtree.c(1315): Comp split 7
INFO: dtree.c(1439): stop. leaf nodes are specific
INFO: dtree.c(1478): Final simple tree
|( SILENCE -1 -1.628e+05 3.647e+02 7.132e+02
|    ( - -6.378e+04 1 0)
|    ( - -9.868e+04 1 0))
s>    ( SILENCE -1 -1.628e+05 3.647e+02 7.132e+02
s>        ( - -6.378e+04 1 0)
s>        ( - -9.868e+04 1 0))INFO: dtree.c(1315): Comp split 8
INFO: dtree.c(1315): Comp split 9
INFO: dtree.c(1439): stop. leaf nodes are specific
INFO: dtree.c(1478): Final simple tree
|( QUESTION11 -1 -1.619e+05 3.209e+02 6.998e+02
|    ( - -3.856e+04 1 0)
|    ( QUESTION2 -1 -1.230e+05 2.199e+02 5.320e+02
|        ( - -8.099e+04 1 0)
|        ( - -4.180e+04 1 0)))
s>    ( QUESTION11 -1 -1.619e+05 3.209e+02 6.998e+02
s>        ( - -3.856e+04 1 0)
s>        ( QUESTION2 -1 -1.230e+05 2.199e+02 5.320e+02
s>            ( - -8.099e+04 1 0)
s>            ( - -4.180e+04 1 0)))INFO: dtree.c(1315): Comp split 10
INFO: dtree.c(1439): stop. leaf nodes are specific
INFO: dtree.c(1478): Final simple tree
|( QUESTION2 -1 -1.230e+05 2.199e+02 5.320e+02
|    ( - -8.099e+04 1 0)
|    ( - -4.180e+04 1 0))
s>    ( QUESTION2 -1 -1.230e+05 2.199e+02 5.320e+02
s>        ( - -8.099e+04 1 0)
s>        ( - -4.180e+04 1 0))INFO: dtree.c(1315): Comp split 11
INFO: dtree.c(1315): Comp split 12
INFO: dtree.c(1315): Comp split 13
INFO: dtree.c(1315): Comp split 14
INFO: dtree.c(1315): Comp split 15
INFO: dtree.c(1315): Comp split 16
INFO: dtree.c(1315): Comp split 17
INFO: dtree.c(1315): Comp split 18
INFO: dtree.c(1318): stop. leaf nodes are specific
!!!!!!!!Allocated 65 lines
Thu Apr  7 00:44:42 2016
