Current configuration:
[NAME]		[DEFLT]	[VALUE]
-allphones	no	no
-cntthresh	0.00001	1.000000e-05
-csplitmax	100	2000
-csplitmin	1	1
-csplitthr	8e-4	0.000000e+00
-example	no	no
-fullvar	no	no
-help		no	no
-meanfn			/home/nguyenvanthinh/Desktop/Git/speech recognition  demo/digit/model_parameters/digit.cd_cont_untied/means
-mixwfn			/home/nguyenvanthinh/Desktop/Git/speech recognition  demo/digit/model_parameters/digit.cd_cont_untied/mixture_weights
-moddeffn		/home/nguyenvanthinh/Desktop/Git/speech recognition  demo/digit/model_architecture/digit.untied.mdef
-mwfloor	1e-4	1.000000e-08
-phone			ngz
-psetfn			/home/nguyenvanthinh/Desktop/Git/speech recognition  demo/digit/model_architecture/digit.tree_questions
-ssplitmax	5	7
-ssplitmin	1	1
-ssplitthr	8e-4	0.000000e+00
-state			0
-stwt			1.0,0.05,0.0,
-treefn			/home/nguyenvanthinh/Desktop/Git/speech recognition  demo/digit/trees/digit.unpruned/ngz-0.dtree
-ts2cbfn	.semi.	.cont.
-varfloor	0.00001	1.000000e-05
-varfn			/home/nguyenvanthinh/Desktop/Git/speech recognition  demo/digit/model_parameters/digit.cd_cont_untied/variances

INFO: main.c(223): Reading: /home/nguyenvanthinh/Desktop/Git/speech recognition  demo/digit/model_architecture/digit.untied.mdef
INFO: model_def_io.c(573): Model definition info:
INFO: model_def_io.c(574): 326 total models defined (31 base, 295 tri)
INFO: model_def_io.c(575): 1304 total states
INFO: model_def_io.c(576): 978 total tied states
INFO: model_def_io.c(577): 93 total tied CI states
INFO: model_def_io.c(578): 31 total tied transition matrices
INFO: model_def_io.c(579): 4 max state/model
INFO: model_def_io.c(580): 4 min state/model
INFO: main.c(242): Building trees for [ngz i b e] through [ngz oo tr e]
INFO: main.c(269): Covering states |[606 656]| == 51
INFO: main.c(275): Reading: /home/nguyenvanthinh/Desktop/Git/speech recognition  demo/digit/model_parameters/digit.cd_cont_untied/mixture_weights
INFO: s3mixw_io.c(173): Read /home/nguyenvanthinh/Desktop/Git/speech recognition  demo/digit/model_parameters/digit.cd_cont_untied/mixture_weights [51x1x1 array]
INFO: main.c(311): 17 of 17 models have observation count greater than 0.000010
INFO: main.c(95): nrm stwt: 0.952 0.048 0.000 
INFO: s3gau_io.c(169): Read /home/nguyenvanthinh/Desktop/Git/speech recognition  demo/digit/model_parameters/digit.cd_cont_untied/means [978x1x1 array]
INFO: s3gau_io.c(169): Read /home/nguyenvanthinh/Desktop/Git/speech recognition  demo/digit/model_parameters/digit.cd_cont_untied/variances [978x1x1 array]
INFO: main.c(549): Reading: /home/nguyenvanthinh/Desktop/Git/speech recognition  demo/digit/model_architecture/digit.tree_questions
INFO: main.c(588): 172 total simple questions (164 phone; 8 word bndry)
INFO: main.c(590): 40 Left Only questions, and 40 Right Only questions
INFO: dtree.c(1478): Final simple tree
|( QUESTION2 -1 -6.011e+05 2.699e+03 2.694e+03
|    ( QUESTION0_7_R 1 -7.000e+04 3.323e+02 3.051e+02
|        ( - -8.466e+03 2 0 QUESTION3 1 1.473e+02 3.760e+01)
|        ( - -6.120e+04 5 0 QUESTION0_5_R 1 1.679e+02 2.675e+02))
|    ( QUESTION0_11_R 1 -5.284e+05 8.268e+02 2.389e+03
|        ( - -3.084e+04 1 0)
|        ( SILENCE 1 -4.967e+05 7.449e+02 2.254e+03
|            ( - -6.758e+04 1 0)
|            ( QUESTION0_5_R 1 -4.284e+05 3.773e+02 1.943e+03
|                ( - -1.355e+05 2 0)
|                ( QUESTION0_7_R 1 -2.925e+05 2.185e+02 1.329e+03
|                    ( QUESTION3 1 -8.406e+04 1.997e+02 3.812e+02
|                        ( - -4.105e+04 1 0)
|                        ( - -4.281e+04 1 0))
|                    ( - -2.083e+05 4 0))))))
s>    ( QUESTION2 -1 -6.011e+05 2.699e+03 2.694e+03
s>        ( QUESTION0_7_R 1 -7.000e+04 3.323e+02 3.051e+02
s>            ( - -8.466e+03 2 0 QUESTION3 1 1.473e+02 3.760e+01)
s>            ( - -6.120e+04 5 0 QUESTION0_5_R 1 1.679e+02 2.675e+02))
s>        ( QUESTION0_11_R 1 -5.284e+05 8.268e+02 2.389e+03
s>            ( - -3.084e+04 1 0)
s>            ( SILENCE 1 -4.967e+05 7.449e+02 2.254e+03
s>                ( - -6.758e+04 1 0)
s>                ( QUESTION0_5_R 1 -4.284e+05 3.773e+02 1.943e+03
s>                    ( - -1.355e+05 2 0)
s>                    ( QUESTION0_7_R 1 -2.925e+05 2.185e+02 1.329e+03
s>                        ( QUESTION3 1 -8.406e+04 1.997e+02 3.812e+02
s>                            ( - -4.105e+04 1 0)
s>                            ( - -4.281e+04 1 0))
s>                        ( - -2.083e+05 4 0))))))INFO: dtree.c(1315): Comp split 0
INFO: dtree.c(1439): stop. leaf nodes are specific
INFO: dtree.c(1478): Final simple tree
|( QUESTION0_11_R 1 -5.284e+05 8.268e+02 2.389e+03
|    ( - -3.084e+04 1 0)
|    ( SILENCE 1 -4.967e+05 7.449e+02 2.254e+03
|        ( - -6.758e+04 1 0)
|        ( QUESTION0_5_R 1 -4.284e+05 3.773e+02 1.943e+03
|            ( - -1.355e+05 2 0)
|            ( QUESTION0_7_R 1 -2.925e+05 2.185e+02 1.329e+03
|                ( QUESTION3 1 -8.406e+04 1.997e+02 3.812e+02
|                    ( - -4.105e+04 1 0)
|                    ( - -4.281e+04 1 0))
|                ( - -2.083e+05 4 0)))))
s>    ( QUESTION0_11_R 1 -5.284e+05 8.268e+02 2.389e+03
s>        ( - -3.084e+04 1 0)
s>        ( SILENCE 1 -4.967e+05 7.449e+02 2.254e+03
s>            ( - -6.758e+04 1 0)
s>            ( QUESTION0_5_R 1 -4.284e+05 3.773e+02 1.943e+03
s>                ( - -1.355e+05 2 0)
s>                ( QUESTION0_7_R 1 -2.925e+05 2.185e+02 1.329e+03
s>                    ( QUESTION3 1 -8.406e+04 1.997e+02 3.812e+02
s>                        ( - -4.105e+04 1 0)
s>                        ( - -4.281e+04 1 0))
s>                    ( - -2.083e+05 4 0)))))INFO: dtree.c(1439): stop. leaf nodes are specific
INFO: dtree.c(1478): Final simple tree
|( QUESTION0_7_R 1 -7.000e+04 3.323e+02 3.051e+02
|    ( QUESTION3 1 -8.466e+03 1.473e+02 3.760e+01
|        ( - -5.038e+03 1 0)
|        ( - -3.280e+03 1 0))
|    ( QUESTION0_5_R 1 -6.120e+04 1.679e+02 2.675e+02
|        ( - -3.076e+04 2 0)
|        ( - -3.027e+04 3 0)))
s>    ( QUESTION0_7_R 1 -7.000e+04 3.323e+02 3.051e+02
s>        ( QUESTION3 1 -8.466e+03 1.473e+02 3.760e+01
s>            ( - -5.038e+03 1 0)
s>            ( - -3.280e+03 1 0))
s>        ( QUESTION0_5_R 1 -6.120e+04 1.679e+02 2.675e+02
s>            ( - -3.076e+04 2 0)
s>            ( - -3.027e+04 3 0)))INFO: dtree.c(1315): Comp split 1
INFO: dtree.c(1439): stop. leaf nodes are specific
INFO: dtree.c(1478): Final simple tree
|( SILENCE 1 -4.967e+05 7.449e+02 2.254e+03
|    ( - -6.758e+04 1 0)
|    ( QUESTION0_5_R 1 -4.284e+05 3.773e+02 1.943e+03
|        ( - -1.355e+05 2 0)
|        ( QUESTION0_7_R 1 -2.925e+05 2.185e+02 1.329e+03
|            ( QUESTION3 1 -8.406e+04 1.997e+02 3.812e+02
|                ( - -4.105e+04 1 0)
|                ( - -4.281e+04 1 0))
|            ( - -2.083e+05 4 0))))
s>    ( SILENCE 1 -4.967e+05 7.449e+02 2.254e+03
s>        ( - -6.758e+04 1 0)
s>        ( QUESTION0_5_R 1 -4.284e+05 3.773e+02 1.943e+03
s>            ( - -1.355e+05 2 0)
s>            ( QUESTION0_7_R 1 -2.925e+05 2.185e+02 1.329e+03
s>                ( QUESTION3 1 -8.406e+04 1.997e+02 3.812e+02
s>                    ( - -4.105e+04 1 0)
s>                    ( - -4.281e+04 1 0))
s>                ( - -2.083e+05 4 0))))INFO: dtree.c(1315): Comp split 2
INFO: dtree.c(1439): stop. leaf nodes are specific
INFO: dtree.c(1478): Final simple tree
|( QUESTION0_5_R 1 -4.284e+05 3.773e+02 1.943e+03
|    ( - -1.355e+05 2 0)
|    ( QUESTION0_7_R 1 -2.925e+05 2.185e+02 1.329e+03
|        ( QUESTION3 1 -8.406e+04 1.997e+02 3.812e+02
|            ( - -4.105e+04 1 0)
|            ( - -4.281e+04 1 0))
|        ( - -2.083e+05 4 0)))
s>    ( QUESTION0_5_R 1 -4.284e+05 3.773e+02 1.943e+03
s>        ( - -1.355e+05 2 0)
s>        ( QUESTION0_7_R 1 -2.925e+05 2.185e+02 1.329e+03
s>            ( QUESTION3 1 -8.406e+04 1.997e+02 3.812e+02
s>                ( - -4.105e+04 1 0)
s>                ( - -4.281e+04 1 0))
s>            ( - -2.083e+05 4 0)))INFO: dtree.c(1315): Comp split 3
INFO: dtree.c(1439): stop. leaf nodes are specific
INFO: dtree.c(1478): Final simple tree
|( QUESTION0_7_R 1 -2.925e+05 2.185e+02 1.329e+03
|    ( QUESTION3 1 -8.406e+04 1.997e+02 3.812e+02
|        ( - -4.105e+04 1 0)
|        ( - -4.281e+04 1 0))
|    ( - -2.083e+05 4 0))
s>    ( QUESTION0_7_R 1 -2.925e+05 2.185e+02 1.329e+03
s>        ( QUESTION3 1 -8.406e+04 1.997e+02 3.812e+02
s>            ( - -4.105e+04 1 0)
s>            ( - -4.281e+04 1 0))
s>        ( - -2.083e+05 4 0))INFO: dtree.c(1315): Comp split 4
INFO: dtree.c(1439): stop. leaf nodes are specific
INFO: dtree.c(1478): Final simple tree
|( QUESTION0_5_R 1 -6.120e+04 1.679e+02 2.675e+02
|    ( - -3.076e+04 2 0)
|    ( - -3.027e+04 3 0))
s>    ( QUESTION0_5_R 1 -6.120e+04 1.679e+02 2.675e+02
s>        ( - -3.076e+04 2 0)
s>        ( - -3.027e+04 3 0))INFO: dtree.c(1439): stop. leaf nodes are specific
INFO: dtree.c(1478): Final simple tree
|( QUESTION3 1 -8.466e+03 1.473e+02 3.760e+01
|    ( - -5.038e+03 1 0)
|    ( - -3.280e+03 1 0))
s>    ( QUESTION3 1 -8.466e+03 1.473e+02 3.760e+01
s>        ( - -5.038e+03 1 0)
s>        ( - -3.280e+03 1 0))INFO: dtree.c(1315): Comp split 5
INFO: dtree.c(1439): stop. leaf nodes are specific
INFO: dtree.c(1478): Final simple tree
|( QUESTION3 1 -8.406e+04 1.997e+02 3.812e+02
|    ( - -4.105e+04 1 0)
|    ( - -4.281e+04 1 0))
s>    ( QUESTION3 1 -8.406e+04 1.997e+02 3.812e+02
s>        ( - -4.105e+04 1 0)
s>        ( - -4.281e+04 1 0))INFO: dtree.c(1315): Comp split 6
INFO: dtree.c(1315): Comp split 7
INFO: dtree.c(1315): Comp split 8
INFO: dtree.c(1315): Comp split 9
INFO: dtree.c(1318): stop. leaf nodes are specific
!!!!!!!!Allocated 65 lines
Thu Apr  7 00:44:42 2016
