Current configuration:
[NAME]		[DEFLT]	[VALUE]
-allphones	no	no
-cntthresh	0.00001	1.000000e-05
-csplitmax	100	2000
-csplitmin	1	1
-csplitthr	8e-4	0.000000e+00
-example	no	no
-fullvar	no	no
-help		no	no
-meanfn			/home/nguyenvanthinh/Desktop/Git/speech recognition  demo/digit/model_parameters/digit.cd_cont_untied/means
-mixwfn			/home/nguyenvanthinh/Desktop/Git/speech recognition  demo/digit/model_parameters/digit.cd_cont_untied/mixture_weights
-moddeffn		/home/nguyenvanthinh/Desktop/Git/speech recognition  demo/digit/model_architecture/digit.untied.mdef
-mwfloor	1e-4	1.000000e-08
-phone			kh
-psetfn			/home/nguyenvanthinh/Desktop/Git/speech recognition  demo/digit/model_architecture/digit.tree_questions
-ssplitmax	5	7
-ssplitmin	1	1
-ssplitthr	8e-4	0.000000e+00
-state			2
-stwt			1.0,0.05,0.0,
-treefn			/home/nguyenvanthinh/Desktop/Git/speech recognition  demo/digit/trees/digit.unpruned/kh-2.dtree
-ts2cbfn	.semi.	.cont.
-varfloor	0.00001	1.000000e-05
-varfn			/home/nguyenvanthinh/Desktop/Git/speech recognition  demo/digit/model_parameters/digit.cd_cont_untied/variances

INFO: main.c(223): Reading: /home/nguyenvanthinh/Desktop/Git/speech recognition  demo/digit/model_architecture/digit.untied.mdef
INFO: model_def_io.c(573): Model definition info:
INFO: model_def_io.c(574): 326 total models defined (31 base, 295 tri)
INFO: model_def_io.c(575): 1304 total states
INFO: model_def_io.c(576): 978 total tied states
INFO: model_def_io.c(577): 93 total tied CI states
INFO: model_def_io.c(578): 31 total tied transition matrices
INFO: model_def_io.c(579): 4 max state/model
INFO: model_def_io.c(580): 4 min state/model
INFO: main.c(242): Building trees for [kh SIL oo b] through [kh uz oo b]
INFO: main.c(269): Covering states |[402 428]| == 27
INFO: main.c(275): Reading: /home/nguyenvanthinh/Desktop/Git/speech recognition  demo/digit/model_parameters/digit.cd_cont_untied/mixture_weights
INFO: s3mixw_io.c(173): Read /home/nguyenvanthinh/Desktop/Git/speech recognition  demo/digit/model_parameters/digit.cd_cont_untied/mixture_weights [27x1x1 array]
INFO: main.c(311): 9 of 9 models have observation count greater than 0.000010
INFO: main.c(95): nrm stwt: 0.000 0.048 0.952 
INFO: s3gau_io.c(169): Read /home/nguyenvanthinh/Desktop/Git/speech recognition  demo/digit/model_parameters/digit.cd_cont_untied/means [978x1x1 array]
INFO: s3gau_io.c(169): Read /home/nguyenvanthinh/Desktop/Git/speech recognition  demo/digit/model_parameters/digit.cd_cont_untied/variances [978x1x1 array]
INFO: main.c(549): Reading: /home/nguyenvanthinh/Desktop/Git/speech recognition  demo/digit/model_architecture/digit.tree_questions
INFO: main.c(588): 172 total simple questions (164 phone; 8 word bndry)
INFO: main.c(590): 40 Left Only questions, and 40 Right Only questions
INFO: dtree.c(1478): Final simple tree
|( QUESTION18 -1 -3.845e+05 4.718e+02 1.721e+03
|    ( - -9.857e+02 1 0)
|    ( QUESTION12 -1 -3.830e+05 4.513e+02 1.716e+03
|        ( - -8.816e+04 1 0)
|        ( SILENCE -1 -2.944e+05 4.464e+02 1.322e+03
|            ( - -2.855e+04 1 0)
|            ( QUESTION15 -1 -2.654e+05 2.346e+02 1.196e+03
|                ( - -6.326e+04 1 0)
|                ( QUESTION0 -1 -2.019e+05 2.079e+02 9.089e+02
|                    ( - -2.515e+04 1 0)
|                    ( QUESTION2 -1 -1.766e+05 1.896e+02 7.931e+02
|                        ( - -1.019e+05 2 0 QUESTION3 -1 9.008e+01 4.564e+02)
|                        ( QUESTION10 -1 -7.453e+04 1.328e+02 3.367e+02
|                            ( - -3.338e+04 1 0)
|                            ( - -4.102e+04 1 0))))))))
s>    ( QUESTION18 -1 -3.845e+05 4.718e+02 1.721e+03
s>        ( - -9.857e+02 1 0)
s>        ( QUESTION12 -1 -3.830e+05 4.513e+02 1.716e+03
s>            ( - -8.816e+04 1 0)
s>            ( SILENCE -1 -2.944e+05 4.464e+02 1.322e+03
s>                ( - -2.855e+04 1 0)
s>                ( QUESTION15 -1 -2.654e+05 2.346e+02 1.196e+03
s>                    ( - -6.326e+04 1 0)
s>                    ( QUESTION0 -1 -2.019e+05 2.079e+02 9.089e+02
s>                        ( - -2.515e+04 1 0)
s>                        ( QUESTION2 -1 -1.766e+05 1.896e+02 7.931e+02
s>                            ( - -1.019e+05 2 0 QUESTION3 -1 9.008e+01 4.564e+02)
s>                            ( QUESTION10 -1 -7.453e+04 1.328e+02 3.367e+02
s>                                ( - -3.338e+04 1 0)
s>                                ( - -4.102e+04 1 0))))))))INFO: dtree.c(1315): Comp split 0
INFO: dtree.c(1439): stop. leaf nodes are specific
INFO: dtree.c(1478): Final simple tree
|( QUESTION15 -1 -2.654e+05 2.346e+02 1.196e+03
|    ( - -6.326e+04 1 0)
|    ( QUESTION0 -1 -2.019e+05 2.079e+02 9.089e+02
|        ( - -2.515e+04 1 0)
|        ( QUESTION2 -1 -1.766e+05 1.896e+02 7.931e+02
|            ( QUESTION3 -1 -1.019e+05 9.008e+01 4.564e+02
|                ( - -3.290e+04 1 0)
|                ( - -6.887e+04 1 0))
|            ( QUESTION10 -1 -7.453e+04 1.328e+02 3.367e+02
|                ( - -3.338e+04 1 0)
|                ( - -4.102e+04 1 0)))))
s>    ( QUESTION15 -1 -2.654e+05 2.346e+02 1.196e+03
s>        ( - -6.326e+04 1 0)
s>        ( QUESTION0 -1 -2.019e+05 2.079e+02 9.089e+02
s>            ( - -2.515e+04 1 0)
s>            ( QUESTION2 -1 -1.766e+05 1.896e+02 7.931e+02
s>                ( QUESTION3 -1 -1.019e+05 9.008e+01 4.564e+02
s>                    ( - -3.290e+04 1 0)
s>                    ( - -6.887e+04 1 0))
s>                ( QUESTION10 -1 -7.453e+04 1.328e+02 3.367e+02
s>                    ( - -3.338e+04 1 0)
s>                    ( - -4.102e+04 1 0)))))INFO: dtree.c(1439): stop. leaf nodes are specific
INFO: dtree.c(1478): Final simple tree
|( QUESTION13 -1 -1.184e+05 4.479e+02 5.249e+02
|    ( - -9.857e+02 1 0)
|    ( SILENCE -1 -1.170e+05 2.686e+02 5.199e+02
|        ( - -2.855e+04 1 0)
|        ( - -8.816e+04 1 0)))
s>    ( QUESTION13 -1 -1.184e+05 4.479e+02 5.249e+02
s>        ( - -9.857e+02 1 0)
s>        ( SILENCE -1 -1.170e+05 2.686e+02 5.199e+02
s>            ( - -2.855e+04 1 0)
s>            ( - -8.816e+04 1 0)))INFO: dtree.c(1315): Comp split 1
INFO: dtree.c(1439): stop. leaf nodes are specific
INFO: dtree.c(1478): Final simple tree
|( SILENCE -1 -1.170e+05 2.686e+02 5.199e+02
|    ( - -2.855e+04 1 0)
|    ( - -8.816e+04 1 0))
s>    ( SILENCE -1 -1.170e+05 2.686e+02 5.199e+02
s>        ( - -2.855e+04 1 0)
s>        ( - -8.816e+04 1 0))INFO: dtree.c(1315): Comp split 2
INFO: dtree.c(1315): Comp split 3
INFO: dtree.c(1439): stop. leaf nodes are specific
INFO: dtree.c(1478): Final simple tree
|( QUESTION2 -1 -1.766e+05 1.896e+02 7.931e+02
|    ( QUESTION3 -1 -1.019e+05 9.008e+01 4.564e+02
|        ( - -3.290e+04 1 0)
|        ( - -6.887e+04 1 0))
|    ( QUESTION10 -1 -7.453e+04 1.328e+02 3.367e+02
|        ( - -3.338e+04 1 0)
|        ( - -4.102e+04 1 0)))
s>    ( QUESTION2 -1 -1.766e+05 1.896e+02 7.931e+02
s>        ( QUESTION3 -1 -1.019e+05 9.008e+01 4.564e+02
s>            ( - -3.290e+04 1 0)
s>            ( - -6.887e+04 1 0))
s>        ( QUESTION10 -1 -7.453e+04 1.328e+02 3.367e+02
s>            ( - -3.338e+04 1 0)
s>            ( - -4.102e+04 1 0)))INFO: dtree.c(1439): stop. leaf nodes are specific
INFO: dtree.c(1478): Final simple tree
|( QUESTION0 -1 -8.859e+04 1.786e+02 4.028e+02
|    ( - -2.515e+04 1 0)
|    ( - -6.326e+04 1 0))
s>    ( QUESTION0 -1 -8.859e+04 1.786e+02 4.028e+02
s>        ( - -2.515e+04 1 0)
s>        ( - -6.326e+04 1 0))INFO: dtree.c(1315): Comp split 4
INFO: dtree.c(1439): stop. leaf nodes are specific
INFO: dtree.c(1478): Final simple tree
|( QUESTION10 -1 -7.453e+04 1.328e+02 3.367e+02
|    ( - -3.338e+04 1 0)
|    ( - -4.102e+04 1 0))
s>    ( QUESTION10 -1 -7.453e+04 1.328e+02 3.367e+02
s>        ( - -3.338e+04 1 0)
s>        ( - -4.102e+04 1 0))INFO: dtree.c(1439): stop. leaf nodes are specific
INFO: dtree.c(1478): Final simple tree
|( QUESTION3 -1 -1.019e+05 9.008e+01 4.564e+02
|    ( - -3.290e+04 1 0)
|    ( - -6.887e+04 1 0))
s>    ( QUESTION3 -1 -1.019e+05 9.008e+01 4.564e+02
s>        ( - -3.290e+04 1 0)
s>        ( - -6.887e+04 1 0))INFO: dtree.c(1315): Comp split 5
INFO: dtree.c(1315): Comp split 6
INFO: dtree.c(1315): Comp split 7
INFO: dtree.c(1315): Comp split 8
INFO: dtree.c(1318): stop. leaf nodes are specific
!!!!!!!!Allocated 65 lines
Thu Apr  7 00:44:42 2016
