Current configuration:
[NAME]		[DEFLT]	[VALUE]
-accumdir		/home/nguyenvanthinh/Desktop/Git/speech recognition  demo/acoustic/bwaccumdir/digit_buff_1,
-constE		3.0	3.000000e+00
-dcountfn		
-example	no	no
-fullvar	no	no
-help		no	no
-inmeanfn		
-inmixwfn		
-invarfn		
-meanfn			/home/nguyenvanthinh/Desktop/Git/speech recognition  demo/acoustic/model_parameters/digit.cd_cont_untied/means
-mixwfn			/home/nguyenvanthinh/Desktop/Git/speech recognition  demo/acoustic/model_parameters/digit.cd_cont_untied/mixture_weights
-mmie		no	no
-oaccumdir		
-regmatfn		
-tiedvar	no	no
-tmatfn			/home/nguyenvanthinh/Desktop/Git/speech recognition  demo/acoustic/model_parameters/digit.cd_cont_untied/transition_matrices
-varfn			/home/nguyenvanthinh/Desktop/Git/speech recognition  demo/acoustic/model_parameters/digit.cd_cont_untied/variances

INFO: main.c(207): Reading and accumulating counts from /home/nguyenvanthinh/Desktop/Git/speech recognition  demo/acoustic/bwaccumdir/digit_buff_1
INFO: s3mixw_io.c(117): Read /home/nguyenvanthinh/Desktop/Git/speech recognition  demo/acoustic/bwaccumdir/digit_buff_1/mixw_counts [978x1x1 array]
INFO: s3tmat_io.c(118): Read /home/nguyenvanthinh/Desktop/Git/speech recognition  demo/acoustic/bwaccumdir/digit_buff_1/tmat_counts [31x3x4 array]
INFO: s3gau_io.c(386): Read /home/nguyenvanthinh/Desktop/Git/speech recognition  demo/acoustic/bwaccumdir/digit_buff_1/gauden_counts with means with vars (2pass) [978x1x1 vector arrays]
INFO: main.c(321): -2passvar yes
INFO: main.c(391): Normalizing mean for n_mgau= 978, n_stream= 1, n_density= 1
INFO: main.c(414): Normalizing var
INFO: s3mixw_io.c(233): Wrote /home/nguyenvanthinh/Desktop/Git/speech recognition  demo/acoustic/model_parameters/digit.cd_cont_untied/mixture_weights [978x1x1 array]
INFO: s3tmat_io.c(176): Wrote /home/nguyenvanthinh/Desktop/Git/speech recognition  demo/acoustic/model_parameters/digit.cd_cont_untied/transition_matrices [31x3x4 array]
INFO: s3gau_io.c(228): Wrote /home/nguyenvanthinh/Desktop/Git/speech recognition  demo/acoustic/model_parameters/digit.cd_cont_untied/means [978x1x1 array]
INFO: s3gau_io.c(228): Wrote /home/nguyenvanthinh/Desktop/Git/speech recognition  demo/acoustic/model_parameters/digit.cd_cont_untied/variances [978x1x1 array]
Wed Apr  6 14:10:30 2016
Current Overall Likelihood Per Frame = -151.381820270047
Convergence ratio = 0.342129864791815
