Current configuration:
[NAME]		[DEFLT]	[VALUE]
-dcountfn		/home/nguyenvanthinh/Desktop/Git/speech recognition  demo/acoustic/model_parameters/digit.cd_cont_200/mixture_weights
-example	no	no
-fullvar	no	no
-help		no	no
-inmeanfn		/home/nguyenvanthinh/Desktop/Git/speech recognition  demo/acoustic/model_parameters/digit.cd_cont_200/means
-inmixwfn		/home/nguyenvanthinh/Desktop/Git/speech recognition  demo/acoustic/model_parameters/digit.cd_cont_200/mixture_weights
-invarfn		/home/nguyenvanthinh/Desktop/Git/speech recognition  demo/acoustic/model_parameters/digit.cd_cont_200/variances
-ninc		1	2
-outmeanfn		/home/nguyenvanthinh/Desktop/Git/speech recognition  demo/acoustic/model_parameters/digit.cd_cont_initial/means
-outmixwfn		/home/nguyenvanthinh/Desktop/Git/speech recognition  demo/acoustic/model_parameters/digit.cd_cont_initial/mixture_weights
-outvarfn		/home/nguyenvanthinh/Desktop/Git/speech recognition  demo/acoustic/model_parameters/digit.cd_cont_initial/variances

INFO: main.c(86): Reading mixing weight file /home/nguyenvanthinh/Desktop/Git/speech recognition  demo/acoustic/model_parameters/digit.cd_cont_200/mixture_weights.
INFO: s3mixw_io.c(117): Read /home/nguyenvanthinh/Desktop/Git/speech recognition  demo/acoustic/model_parameters/digit.cd_cont_200/mixture_weights [293x1x2 array]
INFO: s3gau_io.c(169): Read /home/nguyenvanthinh/Desktop/Git/speech recognition  demo/acoustic/model_parameters/digit.cd_cont_200/means [293x1x2 array]
INFO: s3gau_io.c(169): Read /home/nguyenvanthinh/Desktop/Git/speech recognition  demo/acoustic/model_parameters/digit.cd_cont_200/variances [293x1x2 array]
INFO: s3gau_io.c(553): Read /home/nguyenvanthinh/Desktop/Git/speech recognition  demo/acoustic/model_parameters/digit.cd_cont_200/mixture_weights [293x1x2 array]
INFO: main.c(151): output n_density == 4
0:1(3.20e+03)0(1.79e+03)
1:0(8.46e+03)1(5.57e+03)
2:1(2.29e+04)0(1.82e+04)
3:1(2.47e+03)0(2.27e+03)
4:0(5.08e+03)1(4.67e+03)
5:1(9.07e+03)0(4.50e+03)
6:0(1.20e+03)1(1.14e+03)
7:1(9.95e+02)0(8.07e+02)
8:1(8.44e+02)0(6.45e+02)
9:1(2.13e+03)0(2.05e+03)
10:0(2.15e+03)1(1.65e+03)
11:1(7.04e+03)0(2.59e+03)
12:1(3.13e+03)0(2.15e+03)
13:1(1.93e+03)0(1.75e+03)
14:0(2.73e+03)1(1.10e+03)
15:0(4.66e+03)1(3.07e+03)
16:0(2.97e+03)1(2.68e+03)
17:0(3.51e+03)1(1.73e+03)
18:0(2.29e+03)1(1.91e+03)
19:1(1.99e+03)0(1.46e+03)
20:1(1.37e+03)0(1.29e+03)
21:0(1.79e+03)1(1.19e+03)
22:1(1.87e+03)0(9.82e+02)
23:1(1.43e+03)0(8.90e+02)
24:0(1.54e+02)1(1.38e+02)
25:0(1.15e+02)1(9.33e+01)
26:1(1.76e+02)0(1.15e+02)
27:0(9.09e+02)1(5.87e+02)
28:0(2.18e+03)1(1.23e+03)
29:1(9.06e+02)0(8.68e+02)
30:0(2.05e+03)1(1.54e+03)
31:1(9.25e+02)0(7.11e+02)
32:1(1.18e+03)0(9.41e+02)
33:0(2.67e+03)1(2.53e+03)
34:1(4.09e+03)0(2.29e+03)
35:1(1.88e+04)0(5.35e+03)
36:1(3.25e+03)0(1.73e+03)
37:0(1.59e+03)1(1.48e+03)
38:0(7.11e+02)1(6.80e+02)
39:0(1.03e+02)1(8.39e+01)
40:0(8.08e+01)1(7.14e+01)
41:1(9.35e+01)0(8.21e+01)
42:0(1.50e+03)1(1.39e+03)
43:0(1.49e+03)1(9.06e+02)
44:0(2.22e+03)1(1.06e+03)
45:1(4.11e+03)0(1.68e+03)
46:0(3.30e+03)1(3.11e+03)
47:0(6.77e+03)1(6.01e+03)
48:1(1.33e+03)0(1.30e+03)
49:1(1.96e+03)0(9.86e+02)
50:1(8.77e+03)0(4.24e+03)
51:0(8.17e+02)1(5.11e+02)
52:0(6.61e+02)1(5.66e+02)
53:0(6.45e+02)1(4.60e+02)
54:1(1.60e+03)0(8.71e+02)
55:0(9.40e+02)1(7.25e+02)
56:0(6.38e+02)1(5.30e+02)
57:1(5.53e+03)0(1.95e+03)
58:1(6.55e+03)0(4.07e+03)
59:0(2.01e+04)1(1.15e+04)
60:1(9.18e+02)0(9.17e+02)
61:1(1.78e+03)0(1.15e+03)
62:1(4.68e+03)0(1.94e+03)
63:1(8.20e+02)0(6.57e+02)
64:1(5.54e+03)0(6.77e+02)
65:1(1.86e+03)0(5.26e+02)
66:0(1.26e+03)1(1.14e+03)
67:0(1.64e+03)1(1.25e+03)
68:1(1.22e+03)0(1.14e+03)
69:1(1.39e+02)0(1.36e+02)
70:1(1.13e+02)0(9.99e+01)
71:1(1.03e+02)0(9.06e+01)
72:0(1.41e+02)1(1.08e+02)
73:1(1.26e+02)0(1.21e+02)
74:1(1.08e+02)0(1.04e+02)
75:1(4.65e+03)0(1.47e+03)
76:0(1.05e+03)1(8.64e+02)
77:1(5.47e+02)0(4.83e+02)
78:1(2.87e+03)0(1.35e+03)
79:0(1.53e+03)1(1.30e+03)
80:1(2.60e+03)0(1.90e+03)
81:0(6.21e+02)1(4.97e+02)
82:0(9.12e+02)1(8.76e+02)
83:0(3.31e+03)1(1.96e+03)
84:0(1.10e+03)1(8.80e+02)
85:1(1.09e+03)0(4.50e+02)
86:0(9.95e+02)1(4.93e+02)
87:1(3.28e+02)0(1.21e+02)
88:1(4.24e+02)0(3.06e+02)
89:0(7.77e+02)1(4.91e+02)
90:0(1.53e+03)1(8.21e+02)
91:0(2.53e+03)1(1.81e+03)
92:1(9.66e+03)0(2.47e+03)
93:0(9.77e+02)1(7.46e+02)
94:1(3.34e+02)0(1.81e+02)
95:0(1.32e+03)1(1.18e+03)
96:0(3.10e+03)1(2.81e+03)
97:0(2.78e+02)1(2.56e+02)
98:1(2.15e+02)0(1.83e+02)
99:1(1.51e+03)0(1.40e+03)
100:1(1.42e+02)0(8.97e+01)
101:1(3.40e+03)0(1.85e+03)
102:1(4.55e+03)0(1.46e+03)
103:0(9.43e+02)1(8.59e+02)
104:1(1.76e+02)0(1.11e+02)
105:0(1.20e+03)1(1.14e+03)
106:1(9.95e+02)0(8.07e+02)
107:1(8.44e+02)0(6.45e+02)
108:1(7.23e+02)0(6.66e+02)
109:1(1.89e+03)0(9.00e+02)
110:0(8.45e+02)1(7.24e+02)
111:1(1.65e+03)0(5.77e+02)
112:0(1.26e+03)1(8.24e+02)
113:1(6.99e+03)0(5.56e+02)
114:1(2.79e+03)0(8.73e+02)
115:1(8.63e+02)0(7.60e+02)
116:1(1.11e+03)0(9.24e+02)
117:0(8.39e+02)1(8.12e+02)
118:1(9.90e+02)0(5.68e+02)
119:0(1.36e+03)1(9.18e+02)
120:0(1.41e+03)1(1.28e+03)
121:1(7.69e+02)0(4.98e+02)
122:1(1.54e+03)0(9.12e+02)
123:1(2.70e+02)0(9.02e+01)
124:1(6.08e+02)0(3.60e+02)
125:1(2.36e+02)0(2.34e+02)
126:0(8.14e+02)1(7.75e+02)
127:1(8.41e+02)0(7.68e+02)
128:1(7.33e+02)0(6.71e+02)
129:1(2.97e+02)0(2.80e+02)
130:0(9.84e+02)1(8.27e+02)
131:0(9.12e+02)1(7.98e+02)
132:0(4.18e+02)1(1.53e+02)
133:0(6.19e+02)1(5.31e+02)
134:1(1.04e+03)0(9.98e+02)
135:1(8.30e+02)0(6.71e+02)
136:1(5.16e+02)0(1.41e+02)
137:1(1.99e+03)0(1.46e+03)
138:1(1.37e+03)0(1.29e+03)
139:0(1.17e+03)1(1.08e+03)
140:0(4.42e+02)1(2.86e+02)
141:1(9.36e+02)0(6.03e+02)
142:1(1.92e+02)0(9.70e+01)
143:1(7.37e+02)0(2.91e+02)
144:1(6.00e+02)0(3.62e+02)
145:1(7.60e+02)0(5.98e+02)
146:0(1.54e+02)1(1.38e+02)
147:0(1.15e+02)1(9.33e+01)
148:1(1.76e+02)0(1.15e+02)
149:0(9.09e+02)1(5.87e+02)
150:0(2.18e+03)1(1.23e+03)
151:1(9.06e+02)0(8.68e+02)
152:0(2.05e+03)1(1.54e+03)
153:1(9.25e+02)0(7.11e+02)
154:1(1.18e+03)0(9.41e+02)
155:1(9.37e+02)0(8.06e+02)
156:0(1.16e+02)1(1.02e+02)
157:0(2.72e+02)1(2.63e+02)
158:0(1.35e+03)1(9.24e+02)
159:0(2.15e+02)1(2.15e+02)
160:1(1.02e+02)0(8.13e+01)
161:1(1.19e+03)0(9.51e+02)
162:1(5.00e+02)0(3.86e+02)
163:0(2.22e+02)1(1.58e+02)
164:1(1.26e+03)0(1.14e+03)
165:1(2.00e+02)0(1.92e+02)
166:1(6.06e+03)0(4.59e+03)
167:0(1.31e+03)1(1.03e+03)
168:1(7.86e+03)0(2.45e+03)
169:0(4.44e+02)1(3.93e+02)
170:1(1.89e+03)0(1.08e+03)
171:1(1.33e+03)0(6.86e+02)
172:0(1.59e+03)1(1.48e+03)
173:0(7.11e+02)1(6.80e+02)
174:0(1.03e+02)1(8.39e+01)
175:0(8.08e+01)1(7.14e+01)
176:1(9.35e+01)0(8.21e+01)
177:0(9.33e+02)1(8.44e+02)
178:1(4.94e+02)0(2.68e+02)
179:0(2.09e+02)1(1.50e+02)
180:0(7.77e+02)1(6.48e+02)
181:0(5.65e+02)1(4.10e+02)
182:0(2.17e+03)1(5.43e+02)
183:0(1.04e+02)1(1.01e+02)
184:0(1.97e+02)1(1.59e+02)
185:1(2.46e+03)0(1.74e+03)
186:1(3.58e+02)0(2.04e+02)
187:0(6.16e+02)1(4.02e+02)
188:1(2.36e+03)0(2.31e+03)
189:1(9.44e+02)0(8.03e+02)
190:0(1.88e+02)1(1.52e+02)
191:0(3.47e+02)1(3.16e+02)
192:1(2.44e+03)0(1.66e+03)
193:1(2.00e+03)0(6.84e+02)
194:0(2.34e+03)1(9.97e+02)
195:1(6.93e+02)0(3.52e+02)
196:0(3.51e+02)1(2.62e+02)
197:0(7.58e+02)1(5.68e+02)
198:0(1.10e+02)1(8.82e+01)
199:0(6.49e+02)1(4.56e+02)
200:1(1.49e+03)0(1.16e+03)
201:0(1.79e+02)1(1.11e+02)
202:0(9.10e+02)1(7.02e+02)
203:1(8.31e+03)0(3.09e+03)
204:1(3.30e+02)0(2.46e+02)
205:0(3.79e+02)1(1.87e+02)
206:0(1.04e+02)1(8.21e+01)
207:0(3.38e+02)1(2.77e+02)
208:1(3.51e+02)0(2.62e+02)
209:0(3.11e+02)1(2.63e+02)
210:1(2.66e+02)0(2.65e+02)
211:0(1.71e+02)1(1.32e+02)
212:1(1.59e+03)0(5.85e+02)
213:0(3.05e+02)1(2.51e+02)
214:0(3.02e+02)1(2.55e+02)
215:1(2.91e+02)0(2.61e+02)
216:0(6.38e+02)1(5.30e+02)
217:1(1.16e+03)0(1.13e+03)
218:0(1.44e+02)1(9.20e+01)
219:1(1.56e+03)0(9.49e+02)
220:1(1.18e+03)0(1.03e+03)
221:1(1.16e+02)0(1.03e+02)
222:1(1.11e+03)0(7.69e+02)
223:0(1.49e+02)1(1.20e+02)
224:1(1.62e+02)0(1.48e+02)
225:1(2.39e+03)0(1.83e+03)
226:1(2.09e+03)0(1.85e+03)
227:0(1.06e+04)1(5.81e+03)
228:1(5.94e+03)0(2.19e+03)
229:1(4.98e+03)0(1.64e+03)
230:1(2.55e+02)0(1.60e+02)
231:1(9.18e+02)0(9.17e+02)
232:1(1.78e+03)0(1.15e+03)
233:1(4.68e+03)0(1.94e+03)
234:1(8.20e+02)0(6.57e+02)
235:1(5.54e+03)0(6.77e+02)
236:1(1.86e+03)0(5.26e+02)
237:0(8.57e+01)1(5.93e+01)
238:1(1.38e+03)0(8.82e+02)
239:1(8.56e+01)0(7.09e+01)
240:0(1.50e+03)1(1.24e+03)
241:1(6.73e+01)0(5.48e+01)
242:1(1.12e+03)0(1.11e+03)
243:1(1.39e+02)0(1.36e+02)
244:1(1.13e+02)0(9.99e+01)
245:1(1.03e+02)0(9.06e+01)
246:0(1.41e+02)1(1.08e+02)
247:1(1.26e+02)0(1.21e+02)
248:1(1.08e+02)0(1.04e+02)
249:1(3.06e+03)0(9.68e+02)
250:1(1.38e+03)0(7.06e+02)
251:0(1.05e+03)1(8.64e+02)
252:1(5.47e+02)0(4.83e+02)
253:1(2.02e+03)0(1.06e+03)
254:0(7.17e+02)1(4.13e+02)
255:0(1.41e+03)1(1.18e+03)
256:0(1.37e+02)1(1.09e+02)
257:1(1.93e+03)0(1.35e+03)
258:0(5.68e+02)1(4.33e+02)
259:1(1.29e+02)0(9.57e+01)
260:0(5.87e+02)1(4.15e+02)
261:1(6.72e+01)0(4.83e+01)
262:0(7.91e+02)1(7.43e+02)
263:1(1.52e+02)0(1.02e+02)
264:0(1.45e+03)1(5.14e+02)
265:0(1.88e+03)1(9.22e+02)
266:0(3.24e+02)1(1.83e+02)
267:0(2.00e+02)1(1.12e+02)
268:0(1.45e+02)1(1.09e+02)
269:0(2.26e+02)1(1.54e+02)
270:0(3.27e+02)1(3.05e+02)
271:0(1.04e+02)1(8.73e+01)
272:0(1.16e+02)1(9.48e+01)
273:1(1.96e+02)0(1.74e+02)
274:1(4.50e+02)0(2.53e+02)
275:1(1.30e+02)0(1.09e+02)
276:1(1.26e+02)0(1.03e+02)
277:0(5.31e+02)1(4.63e+02)
278:0(2.70e+02)1(2.25e+02)
279:1(1.44e+02)0(7.20e+01)
280:0(1.60e+02)1(7.24e+01)
281:0(2.65e+02)1(1.64e+02)
282:1(1.57e+02)0(1.45e+02)
283:1(3.27e+02)0(3.23e+02)
284:0(3.22e+02)1(2.97e+02)
285:1(1.20e+03)0(8.66e+02)
286:0(1.46e+02)1(1.40e+02)
287:0(4.51e+02)1(4.17e+02)
288:0(1.70e+03)1(1.32e+03)
289:1(2.62e+02)0(1.87e+02)
290:1(7.59e+03)0(2.54e+03)
291:0(9.83e+02)1(7.95e+02)
292:0(1.19e+02)1(1.04e+02)INFO: s3mixw_io.c(233): Wrote /home/nguyenvanthinh/Desktop/Git/speech recognition  demo/acoustic/model_parameters/digit.cd_cont_initial/mixture_weights [293x1x4 array]
INFO: s3gau_io.c(228): Wrote /home/nguyenvanthinh/Desktop/Git/speech recognition  demo/acoustic/model_parameters/digit.cd_cont_initial/means [293x1x4 array]
INFO: s3gau_io.c(228): Wrote /home/nguyenvanthinh/Desktop/Git/speech recognition  demo/acoustic/model_parameters/digit.cd_cont_initial/variances [293x1x4 array]

Wed Apr  6 14:11:04 2016
