Current configuration:
[NAME]		[DEFLT]	[VALUE]
-dcountfn		/home/nguyenvanthinh/Desktop/Git/speech recognition  demo/acoustic/model_parameters/digit.cd_cont_200/mixture_weights
-example	no	no
-fullvar	no	no
-help		no	no
-inmeanfn		/home/nguyenvanthinh/Desktop/Git/speech recognition  demo/acoustic/model_parameters/digit.cd_cont_200/means
-inmixwfn		/home/nguyenvanthinh/Desktop/Git/speech recognition  demo/acoustic/model_parameters/digit.cd_cont_200/mixture_weights
-invarfn		/home/nguyenvanthinh/Desktop/Git/speech recognition  demo/acoustic/model_parameters/digit.cd_cont_200/variances
-ninc		1	1
-outmeanfn		/home/nguyenvanthinh/Desktop/Git/speech recognition  demo/acoustic/model_parameters/digit.cd_cont_initial/means
-outmixwfn		/home/nguyenvanthinh/Desktop/Git/speech recognition  demo/acoustic/model_parameters/digit.cd_cont_initial/mixture_weights
-outvarfn		/home/nguyenvanthinh/Desktop/Git/speech recognition  demo/acoustic/model_parameters/digit.cd_cont_initial/variances

INFO: main.c(86): Reading mixing weight file /home/nguyenvanthinh/Desktop/Git/speech recognition  demo/acoustic/model_parameters/digit.cd_cont_200/mixture_weights.
INFO: s3mixw_io.c(117): Read /home/nguyenvanthinh/Desktop/Git/speech recognition  demo/acoustic/model_parameters/digit.cd_cont_200/mixture_weights [293x1x1 array]
INFO: s3gau_io.c(169): Read /home/nguyenvanthinh/Desktop/Git/speech recognition  demo/acoustic/model_parameters/digit.cd_cont_200/means [293x1x1 array]
INFO: s3gau_io.c(169): Read /home/nguyenvanthinh/Desktop/Git/speech recognition  demo/acoustic/model_parameters/digit.cd_cont_200/variances [293x1x1 array]
INFO: s3gau_io.c(553): Read /home/nguyenvanthinh/Desktop/Git/speech recognition  demo/acoustic/model_parameters/digit.cd_cont_200/mixture_weights [293x1x1 array]
INFO: main.c(151): output n_density == 2
0:0(3.60e+03)
1:0(9.45e+03)
2:0(4.83e+04)
3:0(4.17e+03)
4:0(9.36e+03)
5:0(1.38e+04)
6:0(2.34e+03)
7:0(1.89e+03)
8:0(1.72e+03)
9:0(3.33e+03)
10:0(1.96e+03)
11:0(1.07e+04)
12:0(4.57e+03)
13:0(3.31e+03)
14:0(3.58e+03)
15:0(7.64e+03)
16:0(4.75e+03)
17:0(4.70e+03)
18:0(4.73e+03)
19:0(3.25e+03)
20:0(2.36e+03)
21:0(2.83e+03)
22:0(3.03e+03)
23:0(2.41e+03)
24:0(2.45e+02)
25:0(2.61e+02)
26:0(3.28e+02)
27:0(1.44e+03)
28:0(3.68e+03)
29:0(1.82e+03)
30:0(3.76e+03)
31:0(1.95e+03)
32:0(1.78e+03)
33:0(4.89e+03)
34:0(6.21e+03)
35:0(2.42e+04)
36:0(4.80e+03)
37:0(2.84e+03)
38:0(1.70e+03)
39:0(1.74e+02)
40:0(1.35e+02)
41:0(1.42e+02)
42:0(2.76e+03)
43:0(2.33e+03)
44:0(3.29e+03)
45:0(6.76e+03)
46:0(5.73e+03)
47:0(1.30e+04)
48:0(2.27e+03)
49:0(3.07e+03)
50:0(1.28e+04)
51:0(1.24e+03)
52:0(1.10e+03)
53:0(1.07e+03)
54:0(2.43e+03)
55:0(1.52e+03)
56:0(1.14e+03)
57:0(7.27e+03)
58:0(1.03e+04)
59:0(3.16e+04)
60:0(1.58e+03)
61:0(2.74e+03)
62:0(7.31e+03)
63:0(1.49e+03)
64:0(7.80e+03)
65:0(2.07e+03)
66:0(2.27e+03)
67:0(3.84e+03)
68:0(2.57e+03)
69:0(2.58e+02)
70:0(2.25e+02)
71:0(1.99e+02)
72:0(2.57e+02)
73:0(2.33e+02)
74:0(2.30e+02)
75:0(6.10e+03)
76:0(1.64e+03)
77:0(1.05e+03)
78:0(4.79e+03)
79:0(2.76e+03)
80:0(4.25e+03)
81:0(1.25e+03)
82:0(1.70e+03)
83:0(4.51e+03)
84:0(1.71e+03)
85:0(1.56e+03)
86:0(1.52e+03)
87:0(3.99e+02)
88:0(6.35e+02)
89:0(1.35e+03)
90:0(2.83e+03)
91:0(4.33e+03)
92:0(1.23e+04)
93:0(1.66e+03)
94:0(3.90e+02)
95:0(2.12e+03)
96:0(5.72e+03)
97:0(6.17e+02)
98:0(4.74e+02)
99:0(2.55e+03)
100:0(1.99e+02)
101:0(5.22e+03)
102:0(6.04e+03)
103:0(2.10e+03)
104:0(2.48e+02)
105:0(2.34e+03)
106:0(1.89e+03)
107:0(1.72e+03)
108:0(1.19e+03)
109:0(2.15e+03)
110:0(1.13e+03)
111:0(8.26e+02)
112:0(1.56e+03)
113:0(9.15e+03)
114:0(2.92e+03)
115:0(1.65e+03)
116:0(1.74e+03)
117:0(1.57e+03)
118:0(1.75e+03)
119:0(1.84e+03)
120:0(2.99e+03)
121:0(1.19e+03)
122:0(2.18e+03)
123:0(3.20e+02)
124:0(9.63e+02)
125:0(4.95e+02)
126:0(1.47e+03)
127:0(1.48e+03)
128:0(9.33e+02)
129:0(3.74e+02)
130:0(1.75e+03)
131:0(1.79e+03)
132:0(3.86e+02)
133:0(7.83e+02)
134:0(2.21e+03)
135:0(1.88e+03)
136:0(6.39e+02)
137:0(3.25e+03)
138:0(2.36e+03)
139:0(2.23e+03)
140:0(5.95e+02)
141:0(1.58e+03)
142:0(3.13e+02)
143:0(1.13e+03)
144:0(9.45e+02)
145:0(1.46e+03)
146:0(2.45e+02)
147:0(2.61e+02)
148:0(3.28e+02)
149:0(1.44e+03)
150:0(3.68e+03)
151:0(1.82e+03)
152:0(3.76e+03)
153:0(1.95e+03)
154:0(1.78e+03)
155:0(1.38e+03)
156:0(1.96e+02)
157:0(4.38e+02)
158:0(2.43e+03)
159:0(4.45e+02)
160:0(1.93e+02)
161:0(2.11e+03)
162:0(9.75e+02)
163:0(3.75e+02)
164:0(2.17e+03)
165:0(3.87e+02)
166:0(1.09e+04)
167:0(2.38e+03)
168:0(1.02e+04)
169:0(7.91e+02)
170:0(2.63e+03)
171:0(2.16e+03)
172:0(2.84e+03)
173:0(1.70e+03)
174:0(1.74e+02)
175:0(1.35e+02)
176:0(1.42e+02)
177:0(1.87e+03)
178:0(5.00e+02)
179:0(3.86e+02)
180:0(1.24e+03)
181:0(1.09e+03)
182:0(2.88e+03)
183:0(1.69e+02)
184:0(2.44e+02)
185:0(5.19e+03)
186:0(6.01e+02)
187:0(9.68e+02)
188:0(4.34e+03)
189:0(1.40e+03)
190:0(3.71e+02)
191:0(7.55e+02)
192:0(4.45e+03)
193:0(1.86e+03)
194:0(3.59e+03)
195:0(1.05e+03)
196:0(9.02e+02)
197:0(1.32e+03)
198:0(1.93e+02)
199:0(7.61e+02)
200:0(2.86e+03)
201:0(2.11e+02)
202:0(1.06e+03)
203:0(1.18e+04)
204:0(6.43e+02)
205:0(4.34e+02)
206:0(1.67e+02)
207:0(5.72e+02)
208:0(5.23e+02)
209:0(6.14e+02)
210:0(4.57e+02)
211:0(2.02e+02)
212:0(2.23e+03)
213:0(6.09e+02)
214:0(5.21e+02)
215:0(3.92e+02)
216:0(1.14e+03)
217:0(2.01e+03)
218:0(2.23e+02)
219:0(2.38e+03)
220:0(2.44e+03)
221:0(2.23e+02)
222:0(2.15e+03)
223:0(1.98e+02)
224:0(2.26e+02)
225:0(4.22e+03)
226:0(3.53e+03)
227:0(1.66e+04)
228:0(8.12e+03)
229:0(6.49e+03)
230:0(3.61e+02)
231:0(1.58e+03)
232:0(2.74e+03)
233:0(7.31e+03)
234:0(1.49e+03)
235:0(7.80e+03)
236:0(2.07e+03)
237:0(1.56e+02)
238:0(2.12e+03)
239:0(1.48e+02)
240:0(3.69e+03)
241:0(8.71e+01)
242:0(2.48e+03)
243:0(2.58e+02)
244:0(2.25e+02)
245:0(1.99e+02)
246:0(2.57e+02)
247:0(2.33e+02)
248:0(2.30e+02)
249:0(3.64e+03)
250:0(2.46e+03)
251:0(1.64e+03)
252:0(1.05e+03)
253:0(3.43e+03)
254:0(1.35e+03)
255:0(2.60e+03)
256:0(1.56e+02)
257:0(3.25e+03)
258:0(8.82e+02)
259:0(1.22e+02)
260:0(1.15e+03)
261:0(1.01e+02)
262:0(1.48e+03)
263:0(2.26e+02)
264:0(1.76e+03)
265:0(2.22e+03)
266:0(5.38e+02)
267:0(2.72e+02)
268:0(2.12e+02)
269:0(3.50e+02)
270:0(5.66e+02)
271:0(1.65e+02)
272:0(1.46e+02)
273:0(3.65e+02)
274:0(7.14e+02)
275:0(2.56e+02)
276:0(2.27e+02)
277:0(1.04e+03)
278:0(4.78e+02)
279:0(1.59e+02)
280:0(2.41e+02)
281:0(3.44e+02)
282:0(2.91e+02)
283:0(6.93e+02)
284:0(6.52e+02)
285:0(2.48e+03)
286:0(3.52e+02)
287:0(8.03e+02)
288:0(3.07e+03)
289:0(4.61e+02)
290:0(1.02e+04)
291:0(1.87e+03)
292:0(2.08e+02)INFO: s3mixw_io.c(233): Wrote /home/nguyenvanthinh/Desktop/Git/speech recognition  demo/acoustic/model_parameters/digit.cd_cont_initial/mixture_weights [293x1x2 array]
INFO: s3gau_io.c(228): Wrote /home/nguyenvanthinh/Desktop/Git/speech recognition  demo/acoustic/model_parameters/digit.cd_cont_initial/means [293x1x2 array]
INFO: s3gau_io.c(228): Wrote /home/nguyenvanthinh/Desktop/Git/speech recognition  demo/acoustic/model_parameters/digit.cd_cont_initial/variances [293x1x2 array]

Wed Apr  6 14:10:43 2016
