Current configuration:
[NAME]		[DEFLT]	[VALUE]
-dcountfn		/home/nguyenvanthinh/Desktop/Git/speech recognition  demo/acoustic/model_parameters/digit.cd_cont_200/mixture_weights
-example	no	no
-fullvar	no	no
-help		no	no
-inmeanfn		/home/nguyenvanthinh/Desktop/Git/speech recognition  demo/acoustic/model_parameters/digit.cd_cont_200/means
-inmixwfn		/home/nguyenvanthinh/Desktop/Git/speech recognition  demo/acoustic/model_parameters/digit.cd_cont_200/mixture_weights
-invarfn		/home/nguyenvanthinh/Desktop/Git/speech recognition  demo/acoustic/model_parameters/digit.cd_cont_200/variances
-ninc		1	4
-outmeanfn		/home/nguyenvanthinh/Desktop/Git/speech recognition  demo/acoustic/model_parameters/digit.cd_cont_initial/means
-outmixwfn		/home/nguyenvanthinh/Desktop/Git/speech recognition  demo/acoustic/model_parameters/digit.cd_cont_initial/mixture_weights
-outvarfn		/home/nguyenvanthinh/Desktop/Git/speech recognition  demo/acoustic/model_parameters/digit.cd_cont_initial/variances

INFO: main.c(86): Reading mixing weight file /home/nguyenvanthinh/Desktop/Git/speech recognition  demo/acoustic/model_parameters/digit.cd_cont_200/mixture_weights.
INFO: s3mixw_io.c(117): Read /home/nguyenvanthinh/Desktop/Git/speech recognition  demo/acoustic/model_parameters/digit.cd_cont_200/mixture_weights [293x1x4 array]
INFO: s3gau_io.c(169): Read /home/nguyenvanthinh/Desktop/Git/speech recognition  demo/acoustic/model_parameters/digit.cd_cont_200/means [293x1x4 array]
INFO: s3gau_io.c(169): Read /home/nguyenvanthinh/Desktop/Git/speech recognition  demo/acoustic/model_parameters/digit.cd_cont_200/variances [293x1x4 array]
INFO: s3gau_io.c(553): Read /home/nguyenvanthinh/Desktop/Git/speech recognition  demo/acoustic/model_parameters/digit.cd_cont_200/mixture_weights [293x1x4 array]
INFO: main.c(151): output n_density == 8
0:1(2.22e+03)0(1.71e+03)2(1.51e+03)3(4.44e+02)
1:2(1.03e+04)1(3.33e+03)0(3.11e+03)3(2.60e+03)
2:1(1.14e+04)3(9.85e+03)2(8.34e+03)0(5.09e+03)
3:0(1.68e+03)3(1.35e+03)2(1.34e+03)1(1.17e+03)
4:0(2.53e+03)1(2.48e+03)2(2.08e+03)3(1.91e+03)
5:1(5.48e+03)3(2.98e+03)2(2.90e+03)0(2.39e+03)
6:3(5.90e+02)0(5.82e+02)2(5.57e+02)1(4.83e+02)
7:1(5.39e+02)3(4.94e+02)2(4.43e+02)0(3.80e+02)
8:1(5.28e+02)2(4.69e+02)3(2.96e+02)0(2.45e+02)
9:1(1.72e+03)0(1.45e+03)2(8.27e+02)3(7.87e+02)
10:2(1.17e+03)0(1.05e+03)3(1.05e+03)1(8.22e+02)
11:2(3.70e+03)1(2.77e+03)0(2.26e+03)3(5.11e+02)
12:2(2.21e+03)3(1.51e+03)1(8.18e+02)0(5.92e+02)
13:0(9.07e+02)3(9.06e+02)2(8.40e+02)1(8.02e+02)
14:0(1.59e+03)2(1.54e+03)1(7.52e+02)3(5.47e+02)
15:2(3.40e+03)0(2.07e+03)3(1.68e+03)1(1.29e+03)
16:0(1.84e+03)2(1.74e+03)1(1.29e+03)3(1.06e+03)
17:0(1.90e+03)2(1.66e+03)1(9.72e+02)3(9.65e+02)
18:2(1.60e+03)1(9.40e+02)0(9.35e+02)3(7.24e+02)
19:2(1.19e+03)1(9.73e+02)3(7.05e+02)0(6.82e+02)
20:3(7.88e+02)0(6.86e+02)1(6.45e+02)2(5.72e+02)
21:2(1.35e+03)0(8.29e+02)3(6.41e+02)1(3.59e+02)
22:1(9.41e+02)2(9.29e+02)0(4.80e+02)3(4.61e+02)
23:1(8.41e+02)2(7.90e+02)0(4.02e+02)3(3.32e+02)
24:2(7.97e+01)0(6.84e+01)3(6.78e+01)1(5.27e+01)
25:1(6.84e+01)2(5.97e+01)0(5.45e+01)3(4.89e+01)
26:1(8.78e+01)2(8.52e+01)3(6.88e+01)0(6.78e+01)
27:2(5.46e+02)0(4.35e+02)1(3.13e+02)3(3.06e+02)
28:2(9.78e+02)1(8.28e+02)0(8.23e+02)3(6.58e+02)
29:2(4.76e+02)0(4.58e+02)3(4.36e+02)1(3.03e+02)
30:0(1.16e+03)2(8.73e+02)1(7.55e+02)3(6.44e+02)
31:1(6.59e+02)2(4.81e+02)3(3.18e+02)0(2.81e+02)
32:2(6.19e+02)1(5.50e+02)0(5.14e+02)3(4.52e+02)
33:0(1.60e+03)1(1.27e+03)3(1.24e+03)2(1.05e+03)
34:2(2.58e+03)1(1.88e+03)3(1.15e+03)0(9.57e+02)
35:2(9.87e+03)1(9.58e+03)3(2.92e+03)0(9.99e+02)
36:2(1.71e+03)1(1.67e+03)3(7.87e+02)0(6.97e+02)
37:1(8.79e+02)0(7.96e+02)3(6.97e+02)2(4.16e+02)
38:2(6.46e+02)1(5.21e+02)3(4.19e+02)0(2.95e+02)
39:0(6.24e+01)3(4.48e+01)2(4.24e+01)1(3.35e+01)
40:2(5.62e+01)0(4.83e+01)1(4.82e+01)3(2.06e+01)
41:2(5.23e+01)1(5.15e+01)3(3.89e+01)0(2.57e+01)
42:2(1.50e+03)3(1.09e+03)0(8.08e+02)1(2.94e+02)
43:2(6.37e+02)0(6.20e+02)1(5.88e+02)3(3.70e+02)
44:0(1.14e+03)2(8.13e+02)3(5.69e+02)1(3.98e+02)
45:1(2.31e+03)2(1.99e+03)3(9.49e+02)0(6.93e+02)
46:0(2.02e+03)3(1.68e+03)1(1.58e+03)2(1.41e+03)
47:1(4.75e+03)3(4.56e+03)2(2.01e+03)0(1.80e+03)
48:0(1.04e+03)1(7.14e+02)2(6.77e+02)3(5.52e+02)
49:2(1.32e+03)1(9.65e+02)3(4.27e+02)0(3.46e+02)
50:2(5.13e+03)1(4.12e+03)3(2.12e+03)0(8.80e+02)
51:2(4.75e+02)0(4.28e+02)1(3.43e+02)3(1.50e+02)
52:3(3.05e+02)0(2.95e+02)2(2.87e+02)1(2.70e+02)
53:2(3.47e+02)0(3.31e+02)1(3.14e+02)3(2.31e+02)
54:1(8.50e+02)0(6.06e+02)2(5.62e+02)3(3.38e+02)
55:1(7.01e+02)0(5.46e+02)3(4.56e+02)2(2.84e+02)
56:2(3.81e+02)0(3.40e+02)1(2.32e+02)3(2.30e+02)
57:2(3.85e+03)1(1.96e+03)0(1.24e+03)3(8.86e+02)
58:1(4.81e+03)2(3.08e+03)0(2.26e+03)3(1.51e+03)
59:2(1.13e+04)0(1.00e+04)3(6.49e+03)1(1.99e+03)
60:2(4.65e+02)0(4.23e+02)3(3.98e+02)1(3.66e+02)
61:2(1.02e+03)1(8.57e+02)3(5.91e+02)0(4.77e+02)
62:2(2.44e+03)1(1.86e+03)3(1.63e+03)0(3.92e+02)
63:3(5.18e+02)0(4.74e+02)2(3.49e+02)1(2.57e+02)
64:2(1.53e+03)1(1.52e+03)0(3.60e+02)3(2.33e+02)
65:2(9.78e+02)1(4.57e+02)3(2.95e+02)0(2.56e+02)
66:1(8.87e+02)0(6.90e+02)3(5.92e+02)2(3.11e+02)
67:0(8.21e+02)2(7.98e+02)1(5.06e+02)3(4.56e+02)
68:2(7.58e+02)3(7.26e+02)0(6.17e+02)1(2.92e+02)
69:1(7.57e+01)0(7.29e+01)2(6.67e+01)3(5.90e+01)
70:0(7.19e+01)1(6.47e+01)2(4.96e+01)3(4.53e+01)
71:2(8.12e+01)1(5.30e+01)0(4.93e+01)3(4.61e+01)
72:2(9.23e+01)1(6.88e+01)0(6.49e+01)3(4.93e+01)
73:2(7.83e+01)3(7.58e+01)1(5.25e+01)0(3.36e+01)
74:1(8.34e+01)0(5.26e+01)2(5.05e+01)3(4.99e+01)
75:1(2.71e+03)2(1.49e+03)3(8.78e+02)0(5.52e+02)
76:2(6.78e+02)1(5.40e+02)0(4.84e+02)3(3.40e+02)
77:1(3.45e+02)0(3.24e+02)2(2.69e+02)3(2.65e+02)
78:1(1.42e+03)2(1.19e+03)3(7.93e+02)0(5.53e+02)
79:1(1.25e+03)0(7.48e+02)2(6.13e+02)3(3.03e+02)
80:0(1.52e+03)1(1.20e+03)2(1.05e+03)3(3.59e+02)
81:1(3.98e+02)0(2.99e+02)2(2.98e+02)3(1.32e+02)
82:3(5.93e+02)2(5.91e+02)1(4.85e+02)0(1.81e+02)
83:2(2.77e+03)0(2.68e+03)1(1.65e+03)3(7.90e+02)
84:2(1.10e+03)0(5.50e+02)1(2.50e+02)3(1.65e+02)
85:2(7.51e+02)1(3.27e+02)3(2.65e+02)0(2.37e+02)
86:0(5.57e+02)2(4.58e+02)1(2.07e+02)3(1.79e+02)
87:1(1.65e+02)3(1.53e+02)2(6.91e+01)0(6.52e+01)
88:1(2.93e+02)3(1.82e+02)0(1.74e+02)2(1.71e+02)
89:2(4.91e+02)1(2.79e+02)0(2.71e+02)3(1.91e+02)
90:2(1.33e+03)0(5.45e+02)1(3.12e+02)3(3.01e+02)
91:3(1.21e+03)0(1.07e+03)1(1.04e+03)2(9.58e+02)
92:2(4.88e+03)1(4.31e+03)3(1.80e+03)0(7.75e+02)
93:2(9.87e+02)1(6.24e+02)0(4.38e+02)3(4.12e+02)
94:2(1.79e+02)1(1.55e+02)3(9.84e+01)0(8.94e+01)
95:0(7.20e+02)1(7.11e+02)3(5.89e+02)2(5.28e+02)
96:1(1.61e+03)0(1.52e+03)3(1.17e+03)2(1.15e+03)
97:2(1.45e+02)0(1.42e+02)1(1.23e+02)3(9.64e+01)
98:1(1.03e+02)0(8.95e+01)3(8.16e+01)2(7.85e+01)
99:3(7.34e+02)2(7.02e+02)1(6.94e+02)0(5.71e+02)
100:2(9.37e+01)1(7.40e+01)0(4.83e+01)3(4.44e+01)
101:1(1.74e+03)2(1.56e+03)3(1.10e+03)0(9.06e+02)
102:2(2.18e+03)1(2.02e+03)3(8.85e+02)0(6.87e+02)
103:1(6.70e+02)2(5.60e+02)0(5.14e+02)3(3.49e+02)
104:2(1.05e+02)3(7.74e+01)1(6.85e+01)0(5.29e+01)
105:3(5.90e+02)0(5.82e+02)2(5.57e+02)1(4.83e+02)
106:1(5.39e+02)3(4.94e+02)2(4.43e+02)0(3.80e+02)
107:1(5.28e+02)2(4.69e+02)3(2.96e+02)0(2.45e+02)
108:2(4.09e+02)3(3.80e+02)1(3.66e+02)0(3.10e+02)
109:1(1.54e+03)2(8.12e+02)0(4.88e+02)3(4.71e+02)
110:1(4.53e+02)2(4.38e+02)3(3.86e+02)0(3.62e+02)
111:2(1.05e+03)1(8.23e+02)3(3.68e+02)0(2.19e+02)
112:2(8.06e+02)0(6.24e+02)1(4.36e+02)3(3.97e+02)
113:2(3.69e+03)1(2.78e+03)0(2.69e+02)3(2.42e+02)
114:2(2.23e+03)3(5.74e+02)0(4.10e+02)1(3.51e+02)
115:2(4.72e+02)1(3.85e+02)3(3.77e+02)0(3.32e+02)
116:2(5.19e+02)1(4.64e+02)0(4.53e+02)3(2.60e+02)
117:1(4.82e+02)3(4.56e+02)2(4.17e+02)0(4.01e+02)
118:1(6.80e+02)2(4.69e+02)0(3.27e+02)3(2.91e+02)
119:2(9.81e+02)0(7.01e+02)1(5.52e+02)3(4.35e+02)
120:2(1.45e+03)0(7.39e+02)3(6.38e+02)1(6.08e+02)
121:1(4.72e+02)2(3.11e+02)0(1.88e+02)3(1.34e+02)
122:2(1.04e+03)0(5.16e+02)1(4.22e+02)3(3.56e+02)
123:1(1.38e+02)2(1.23e+02)3(6.74e+01)0(2.42e+01)
124:2(5.88e+02)0(2.39e+02)3(2.21e+02)1(1.62e+02)
125:3(1.55e+02)2(1.45e+02)0(1.06e+02)1(1.05e+02)
126:3(4.82e+02)0(4.30e+02)2(3.58e+02)1(3.07e+02)
127:1(5.46e+02)3(4.90e+02)2(3.82e+02)0(3.54e+02)
128:1(4.46e+02)3(4.13e+02)2(3.18e+02)0(2.79e+02)
129:1(2.01e+02)0(1.57e+02)3(1.43e+02)2(1.02e+02)
130:1(5.28e+02)0(4.87e+02)2(4.33e+02)3(3.27e+02)
131:2(5.79e+02)1(5.11e+02)0(4.09e+02)3(3.06e+02)
132:0(2.16e+02)2(1.91e+02)1(1.56e+02)3(1.04e+02)
133:0(3.72e+02)1(3.70e+02)2(2.92e+02)3(2.24e+02)
134:1(6.67e+02)0(5.40e+02)3(3.85e+02)2(3.81e+02)
135:1(4.40e+02)3(4.05e+02)2(3.72e+02)0(3.48e+02)
136:1(2.70e+02)2(2.13e+02)3(8.90e+01)0(8.44e+01)
137:2(1.19e+03)1(9.73e+02)3(7.05e+02)0(6.82e+02)
138:3(7.88e+02)0(6.86e+02)1(6.45e+02)2(5.72e+02)
139:1(7.49e+02)2(6.12e+02)0(5.58e+02)3(4.74e+02)
140:0(2.30e+02)2(2.07e+02)1(1.78e+02)3(1.67e+02)
141:1(4.93e+02)2(4.07e+02)0(3.36e+02)3(2.97e+02)
142:1(1.07e+02)2(8.35e+01)3(5.40e+01)0(4.35e+01)
143:2(3.83e+02)1(2.83e+02)3(1.70e+02)0(1.53e+02)
144:1(4.45e+02)2(3.09e+02)0(1.56e+02)3(1.19e+02)
145:1(6.38e+02)3(2.54e+02)2(2.36e+02)0(2.07e+02)
146:2(7.97e+01)0(6.84e+01)3(6.78e+01)1(5.27e+01)
147:1(6.84e+01)2(5.97e+01)0(5.45e+01)3(4.89e+01)
148:1(8.78e+01)2(8.52e+01)3(6.88e+01)0(6.78e+01)
149:2(5.46e+02)0(4.35e+02)1(3.13e+02)3(3.06e+02)
150:2(9.78e+02)1(8.28e+02)0(8.23e+02)3(6.58e+02)
151:2(4.76e+02)0(4.58e+02)3(4.36e+02)1(3.03e+02)
152:0(1.16e+03)2(8.73e+02)1(7.55e+02)3(6.44e+02)
153:1(6.59e+02)2(4.81e+02)3(3.18e+02)0(2.81e+02)
154:2(6.19e+02)1(5.50e+02)0(5.14e+02)3(4.52e+02)
155:1(5.14e+02)3(5.12e+02)2(4.23e+02)0(3.22e+02)
156:0(5.42e+01)1(5.40e+01)3(4.63e+01)2(4.03e+01)
157:1(1.58e+02)2(1.44e+02)0(1.32e+02)3(1.03e+02)
158:0(6.77e+02)2(6.13e+02)1(5.61e+02)3(3.54e+02)
159:0(1.23e+02)2(1.09e+02)1(1.08e+02)3(9.93e+01)
160:2(5.63e+01)3(5.33e+01)1(4.71e+01)0(4.64e+01)
161:3(6.65e+02)1(5.67e+02)2(4.97e+02)0(3.31e+02)
162:2(3.03e+02)1(2.54e+02)0(2.47e+02)3(2.27e+02)
163:2(1.30e+02)0(1.06e+02)1(8.95e+01)3(8.46e+01)
164:1(8.80e+02)2(6.09e+02)3(5.47e+02)0(4.15e+02)
165:1(1.24e+02)3(1.09e+02)2(9.18e+01)0(9.14e+01)
166:3(3.65e+03)2(2.67e+03)1(2.64e+03)0(1.39e+03)
167:2(7.07e+02)0(7.03e+02)1(5.04e+02)3(4.65e+02)
168:2(4.13e+03)1(3.99e+03)3(1.24e+03)0(3.82e+02)
169:2(3.02e+02)0(2.15e+02)1(1.92e+02)3(1.82e+02)
170:1(8.38e+02)2(6.87e+02)3(6.63e+02)0(6.18e+02)
171:2(7.06e+02)1(6.98e+02)3(3.73e+02)0(2.85e+02)
172:1(8.79e+02)0(7.96e+02)3(6.97e+02)2(4.16e+02)
173:2(6.46e+02)1(5.21e+02)3(4.19e+02)0(2.95e+02)
174:0(6.24e+01)3(4.48e+01)2(4.24e+01)1(3.35e+01)
175:2(5.62e+01)0(4.83e+01)1(4.82e+01)3(2.06e+01)
176:2(5.23e+01)1(5.15e+01)3(3.89e+01)0(2.57e+01)
177:3(1.10e+03)2(5.51e+02)0(4.78e+02)1(3.87e+02)
178:1(2.68e+02)2(2.47e+02)3(1.24e+02)0(9.55e+01)
179:2(1.46e+02)0(1.28e+02)1(9.30e+01)3(7.94e+01)
180:1(4.09e+02)2(3.53e+02)0(3.17e+02)3(3.07e+02)
181:2(3.06e+02)0(2.54e+02)1(1.93e+02)3(7.49e+01)
182:2(9.67e+02)0(9.02e+02)1(2.58e+02)3(1.96e+02)
183:1(7.08e+01)2(6.49e+01)3(5.18e+01)0(4.50e+01)
184:3(1.25e+02)2(9.51e+01)0(8.03e+01)1(6.53e+01)
185:3(1.30e+03)1(1.13e+03)2(1.12e+03)0(3.69e+02)
186:1(2.07e+02)2(1.99e+02)3(9.33e+01)0(8.78e+01)
187:3(5.76e+02)0(4.44e+02)2(2.34e+02)1(1.88e+02)
188:1(1.72e+03)0(1.34e+03)3(1.20e+03)2(2.64e+02)
189:2(8.93e+02)1(6.11e+02)3(3.83e+02)0(2.74e+02)
190:0(1.10e+02)2(7.32e+01)1(7.23e+01)3(6.61e+01)
191:2(1.78e+02)0(1.73e+02)3(1.54e+02)1(1.32e+02)
192:1(1.35e+03)2(1.19e+03)3(7.26e+02)0(6.79e+02)
193:1(1.45e+03)3(6.14e+02)2(5.60e+02)0(4.29e+02)
194:2(1.16e+03)0(1.09e+03)1(6.97e+02)3(2.21e+02)
195:1(5.27e+02)2(2.50e+02)0(1.67e+02)3(1.43e+02)
196:0(3.46e+02)2(2.92e+02)3(1.48e+02)1(1.08e+02)
197:0(5.25e+02)1(4.34e+02)2(3.55e+02)3(3.02e+02)
198:0(7.50e+01)2(6.60e+01)1(6.46e+01)3(2.39e+01)
199:2(3.45e+02)0(3.22e+02)3(2.93e+02)1(1.76e+02)
200:1(6.85e+02)0(6.31e+02)3(6.30e+02)2(4.11e+02)
201:2(3.64e+02)0(2.19e+02)1(6.29e+01)3(5.86e+01)
202:2(6.45e+02)0(4.67e+02)1(3.10e+02)3(2.34e+02)
203:2(3.94e+03)1(3.71e+03)3(2.06e+03)0(8.96e+02)
204:1(2.02e+02)2(1.38e+02)3(1.26e+02)0(1.17e+02)
205:2(2.66e+02)0(1.57e+02)1(9.91e+01)3(9.38e+01)
206:0(5.69e+01)2(5.33e+01)1(4.98e+01)3(3.70e+01)
207:1(1.65e+02)0(1.55e+02)2(1.32e+02)3(1.03e+02)
208:0(1.78e+02)1(1.73e+02)2(1.48e+02)3(1.03e+02)
209:2(2.09e+02)0(1.65e+02)1(1.44e+02)3(1.27e+02)
210:1(1.74e+02)0(1.52e+02)3(1.27e+02)2(1.25e+02)
211:0(1.22e+02)2(8.51e+01)1(6.06e+01)3(5.68e+01)
212:1(8.37e+02)2(5.57e+02)0(4.37e+02)3(1.99e+02)
213:0(1.77e+02)3(1.47e+02)1(1.26e+02)2(1.18e+02)
214:3(2.75e+02)2(2.04e+02)0(1.70e+02)1(1.57e+02)
215:1(2.69e+02)3(1.71e+02)0(9.86e+01)2(7.42e+01)
216:2(3.81e+02)0(3.40e+02)1(2.32e+02)3(2.30e+02)
217:2(7.39e+02)1(5.96e+02)0(5.74e+02)3(5.48e+02)
218:0(7.73e+01)2(7.17e+01)1(4.96e+01)3(4.91e+01)
219:2(1.20e+03)1(6.48e+02)0(4.80e+02)3(4.73e+02)
220:1(7.58e+02)2(6.17e+02)0(4.50e+02)3(3.63e+02)
221:3(6.93e+01)1(6.34e+01)2(5.65e+01)0(5.24e+01)
222:1(7.23e+02)2(5.04e+02)3(4.50e+02)0(3.85e+02)
223:0(8.12e+01)1(7.91e+01)3(7.78e+01)2(6.75e+01)
224:2(1.35e+02)0(7.62e+01)3(6.61e+01)1(6.21e+01)
225:2(1.21e+03)1(1.15e+03)3(1.05e+03)0(9.59e+02)
226:2(1.58e+03)3(1.28e+03)1(1.01e+03)0(7.18e+02)
227:2(5.07e+03)0(4.66e+03)1(3.09e+03)3(2.36e+03)
228:1(2.99e+03)2(2.74e+03)3(1.69e+03)0(4.89e+02)
229:1(2.42e+03)2(2.40e+03)3(9.07e+02)0(5.50e+02)
230:2(1.64e+02)1(1.04e+02)3(9.39e+01)0(6.44e+01)
231:2(4.65e+02)0(4.23e+02)3(3.98e+02)1(3.66e+02)
232:2(1.02e+03)1(8.57e+02)3(5.91e+02)0(4.77e+02)
233:2(2.44e+03)1(1.86e+03)3(1.63e+03)0(3.92e+02)
234:3(5.18e+02)0(4.74e+02)2(3.49e+02)1(2.57e+02)
235:2(1.53e+03)1(1.52e+03)0(3.60e+02)3(2.33e+02)
236:2(9.78e+02)1(4.57e+02)3(2.95e+02)0(2.56e+02)
237:2(5.30e+01)0(4.22e+01)3(2.77e+01)1(2.66e+01)
238:2(8.28e+02)1(6.44e+02)3(4.56e+02)0(4.01e+02)
239:3(4.36e+01)1(4.35e+01)2(4.26e+01)0(3.46e+01)
240:2(7.40e+02)0(6.77e+02)1(5.30e+02)3(4.70e+02)
241:2(3.44e+01)3(3.19e+01)1(3.06e+01)0(2.23e+01)
242:0(5.84e+02)2(5.73e+02)3(5.60e+02)1(5.57e+02)
243:1(7.57e+01)0(7.29e+01)2(6.67e+01)3(5.90e+01)
244:0(7.19e+01)1(6.47e+01)2(4.96e+01)3(4.53e+01)
245:2(8.12e+01)1(5.30e+01)0(4.93e+01)3(4.61e+01)
246:2(9.23e+01)1(6.88e+01)0(6.49e+01)3(4.93e+01)
247:2(7.83e+01)3(7.58e+01)1(5.25e+01)0(3.36e+01)
248:1(8.34e+01)0(5.26e+01)2(5.05e+01)3(4.99e+01)
249:1(1.49e+03)2(1.31e+03)3(5.76e+02)0(3.71e+02)
250:1(6.11e+02)3(5.18e+02)2(4.39e+02)0(3.07e+02)
251:2(6.78e+02)1(5.40e+02)0(4.84e+02)3(3.40e+02)
252:1(3.45e+02)0(3.24e+02)2(2.69e+02)3(2.65e+02)
253:1(9.50e+02)2(9.22e+02)3(6.16e+02)0(4.13e+02)
254:2(4.65e+02)0(2.57e+02)3(1.68e+02)1(1.66e+02)
255:2(7.83e+02)0(7.78e+02)1(6.31e+02)3(4.30e+02)
256:2(1.33e+02)0(6.75e+01)3(5.51e+01)1(3.93e+01)
257:2(8.73e+02)1(8.15e+02)3(6.75e+02)0(5.89e+02)
258:1(2.64e+02)2(2.41e+02)0(2.37e+02)3(2.05e+02)
259:0(8.00e+01)2(6.54e+01)3(4.32e+01)1(3.92e+01)
260:1(4.35e+02)2(2.50e+02)0(2.04e+02)3(1.32e+02)
261:2(4.49e+01)0(2.42e+01)1(2.13e+01)3(1.54e+01)
262:2(4.85e+02)3(4.84e+02)1(4.80e+02)0(1.43e+02)
263:1(9.06e+01)2(6.28e+01)0(6.08e+01)3(4.38e+01)
264:2(8.35e+02)0(8.16e+02)1(1.94e+02)3(1.61e+02)
265:2(3.01e+03)0(1.29e+03)3(6.41e+02)1(4.55e+02)
266:2(1.94e+02)0(1.08e+02)1(9.84e+01)3(9.11e+01)
267:2(1.43e+02)1(7.10e+01)0(6.27e+01)3(6.18e+01)
268:2(7.74e+01)0(6.85e+01)1(5.39e+01)3(4.79e+01)
269:0(1.25e+02)2(1.19e+02)1(7.33e+01)3(6.54e+01)
270:3(1.98e+02)2(1.74e+02)0(1.66e+02)1(1.41e+02)
271:2(5.24e+01)0(4.67e+01)3(4.35e+01)1(4.00e+01)
272:0(7.01e+01)2(5.95e+01)3(5.46e+01)1(5.02e+01)
273:1(1.20e+02)2(9.81e+01)3(8.98e+01)0(6.82e+01)
274:1(2.46e+02)2(2.28e+02)3(1.47e+02)0(7.86e+01)
275:2(8.57e+01)1(6.01e+01)3(5.85e+01)0(4.84e+01)
276:2(7.87e+01)0(6.64e+01)1(5.97e+01)3(4.70e+01)
277:0(2.95e+02)1(2.53e+02)2(2.29e+02)3(1.48e+02)
278:0(1.81e+02)1(1.06e+02)2(9.66e+01)3(9.11e+01)
279:2(8.19e+01)1(7.16e+01)0(4.49e+01)3(1.80e+01)
280:0(9.34e+01)2(6.30e+01)3(4.28e+01)1(3.68e+01)
281:2(1.65e+02)0(1.41e+02)1(1.02e+02)3(6.12e+01)
282:1(1.11e+02)0(9.05e+01)3(8.34e+01)2(6.66e+01)
283:1(2.07e+02)3(2.05e+02)0(1.53e+02)2(1.27e+02)
284:1(1.64e+02)0(1.46e+02)2(1.22e+02)3(1.09e+02)
285:1(9.09e+02)2(6.04e+02)3(3.51e+02)0(3.09e+02)
286:1(1.09e+02)0(8.57e+01)2(7.55e+01)3(4.93e+01)
287:3(3.04e+02)2(2.09e+02)0(1.94e+02)1(1.61e+02)
288:2(9.40e+02)3(8.78e+02)1(6.93e+02)0(4.86e+02)
289:1(1.20e+02)3(1.08e+02)2(9.71e+01)0(7.83e+01)
290:2(3.83e+03)1(3.41e+03)3(1.88e+03)0(6.24e+02)
291:2(6.00e+02)0(4.59e+02)3(3.78e+02)1(3.11e+02)
292:0(7.64e+01)3(7.28e+01)1(7.24e+01)2(4.64e+01)INFO: s3mixw_io.c(233): Wrote /home/nguyenvanthinh/Desktop/Git/speech recognition  demo/acoustic/model_parameters/digit.cd_cont_initial/mixture_weights [293x1x8 array]
INFO: s3gau_io.c(228): Wrote /home/nguyenvanthinh/Desktop/Git/speech recognition  demo/acoustic/model_parameters/digit.cd_cont_initial/means [293x1x8 array]
INFO: s3gau_io.c(228): Wrote /home/nguyenvanthinh/Desktop/Git/speech recognition  demo/acoustic/model_parameters/digit.cd_cont_initial/variances [293x1x8 array]

Wed Apr  6 14:11:34 2016
