        INFO: main.c(229): Compiled on Mar 27 2016 at 23:51:23
Current configuration:
[NAME]		[DEFLT]		[VALUE]
-2passvar	no		yes
-abeam		1e-100		1.000000e-90
-accumdir			/home/nguyenvanthinh/Desktop/Git/speech recognition  demo/digit/bwaccumdir/digit_buff_1
-agc		none		none
-agcthresh	2.0		2.000000e+00
-bbeam		1e-100		1.000000e-10
-cb2mllrfn	.1cls.		.1cls.
-cepdir				/home/nguyenvanthinh/Desktop/Git/speech recognition  demo/digit/feat
-cepext		mfc		mfc
-ceplen		13		13
-ckptintv			0
-cmn		current		current
-cmninit	8.0		8.0
-ctlfn				/home/nguyenvanthinh/Desktop/Git/speech recognition  demo/digit/etc/digit_train.fileids
-diagfull	no		no
-dictfn				/home/nguyenvanthinh/Desktop/Git/speech recognition  demo/digit/etc/digit.dic
-example	no		no
-fdictfn			/home/nguyenvanthinh/Desktop/Git/speech recognition  demo/digit/etc/digit.filler
-feat		1s_c_d_dd	1s_c_d_dd
-fullvar	no		no
-help		no		no
-hmmdir				
-latdir				
-latext				
-lda				
-ldadim		0		0
-lsnfn				/home/nguyenvanthinh/Desktop/Git/speech recognition  demo/digit/etc/digit_train.transcription
-lw		11.5		1.150000e+01
-maxuttlen	0		0
-meanfn				/home/nguyenvanthinh/Desktop/Git/speech recognition  demo/digit/model_parameters/digit.cd_cont_200/means
-meanreest	yes		yes
-mixwfn				/home/nguyenvanthinh/Desktop/Git/speech recognition  demo/digit/model_parameters/digit.cd_cont_200/mixture_weights
-mixwreest	yes		yes
-mllrmat			
-mmie		no		no
-mmie_type	rand		rand
-moddeffn			/home/nguyenvanthinh/Desktop/Git/speech recognition  demo/digit/model_architecture/digit.200.mdef
-mwfloor	0.00001		1.000000e-05
-npart				1
-nskip				0
-outphsegdir			
-outputfullpath	no		no
-part				1
-pdumpdir			
-phsegdir			
-phsegext	phseg		phseg
-runlen		-1		-1
-sentdir			
-sentext	sent		sent
-spthresh	0.0		0.000000e+00
-svspec				
-timing		yes		no
-tmatfn				/home/nguyenvanthinh/Desktop/Git/speech recognition  demo/digit/model_parameters/digit.cd_cont_200/transition_matrices
-tmatreest	yes		yes
-topn		4		1
-tpfloor	0.0001		1.000000e-05
-ts2cbfn			.cont.
-varfloor	0.00001		1.000000e-04
-varfn				/home/nguyenvanthinh/Desktop/Git/speech recognition  demo/digit/model_parameters/digit.cd_cont_200/variances
-varnorm	no		no
-varreest	yes		yes
-viterbi	no		no

INFO: feat.c(715): Initializing feature stream to type: '1s_c_d_dd', ceplen=13, CMN='current', VARNORM='no', AGC='none'
INFO: cmn.c(143): mean[0]= 12.00, mean[1..12]= 0.0
INFO: main.c(318): Reading /home/nguyenvanthinh/Desktop/Git/speech recognition  demo/digit/model_architecture/digit.200.mdef
INFO: model_def_io.c(573): Model definition info:
INFO: model_def_io.c(574): 384 total models defined (31 base, 353 tri)
INFO: model_def_io.c(575): 1536 total states
INFO: model_def_io.c(576): 293 total tied states
INFO: model_def_io.c(577): 93 total tied CI states
INFO: model_def_io.c(578): 31 total tied transition matrices
INFO: model_def_io.c(579): 4 max state/model
INFO: model_def_io.c(580): 4 min state/model
INFO: s3mixw_io.c(117): Read /home/nguyenvanthinh/Desktop/Git/speech recognition  demo/digit/model_parameters/digit.cd_cont_200/mixture_weights [293x1x1 array]
INFO: s3tmat_io.c(118): Read /home/nguyenvanthinh/Desktop/Git/speech recognition  demo/digit/model_parameters/digit.cd_cont_200/transition_matrices [31x3x4 array]
INFO: mod_inv.c(301): inserting tprob floor 1.000000e-05 and renormalizing
INFO: s3gau_io.c(169): Read /home/nguyenvanthinh/Desktop/Git/speech recognition  demo/digit/model_parameters/digit.cd_cont_200/means [293x1x1 array]
INFO: s3gau_io.c(169): Read /home/nguyenvanthinh/Desktop/Git/speech recognition  demo/digit/model_parameters/digit.cd_cont_200/variances [293x1x1 array]
INFO: gauden.c(176): 293 total mgau
INFO: gauden.c(150): 1 feature streams (|0|=39 )
INFO: gauden.c(187): 1 total densities
INFO: gauden.c(90): min_var=1.000000e-04
INFO: gauden.c(165): compute 1 densities/frame
INFO: main.c(431): Will reestimate mixing weights.
INFO: main.c(433): Will reestimate means.
INFO: main.c(435): Will reestimate variances.
INFO: main.c(443): Will reestimate transition matrices
INFO: main.c(456): Reading main dictionary: /home/nguyenvanthinh/Desktop/Git/speech recognition  demo/digit/etc/digit.dic
INFO: lexicon.c(221): 17 entries added from /home/nguyenvanthinh/Desktop/Git/speech recognition  demo/digit/etc/digit.dic
INFO: main.c(466): Reading filler dictionary: /home/nguyenvanthinh/Desktop/Git/speech recognition  demo/digit/etc/digit.filler
INFO: lexicon.c(221): 3 entries added from /home/nguyenvanthinh/Desktop/Git/speech recognition  demo/digit/etc/digit.filler
INFO: corpus.c(1062): Will process all remaining utts starting at 0
INFO: main.c(665): Reestimation: Baum-Welch
INFO: cmn.c(183): CMN: 42.81  3.56  9.20 -6.54 -4.16 -7.41 -2.84  1.75 -0.82 -0.89  2.61  0.84 -7.06 
column defns
	<seq>
	<id>
	<n_frame_in>
	<n_frame_del>
	<n_state_shmm>
	<avg_states_alpha>
	<avg_states_beta>
	<avg_states_reest>
	<avg_posterior_prune>
	<frame_log_lik>
	<utt_log_lik>
	... timing info ... 
utt>     0                    file_1  774    0   212 10  1 2 1.781052e-12 -1.528055e+02 -1.182715e+05
INFO: cmn.c(183): CMN: 50.34 12.28  4.70 -12.65  4.33 -13.57 -3.12  8.83 -4.08 -3.82  1.55 -6.19 -7.46 
utt>     1                    file_2  755    0   216 9  1 2 2.230598e-12 -1.531946e+02 -1.156619e+05
INFO: cmn.c(183): CMN: 43.17  4.93  6.77 -9.98 -8.37 -2.18 -4.55  4.82 -1.71 -1.72  7.38 -3.05 -4.70 
utt>     2                    file_3  792    0   212 10  1 2 1.834286e-12 -1.545945e+02 -1.224388e+05
INFO: cmn.c(183): CMN: 37.43  2.52  9.42 -9.72 -4.56 -2.56  1.30  1.66 -0.09  1.87 -0.66  1.48 -3.22 
utt>     3                    file_4  913    0   188 8  1 2 1.189983e-12 -1.541747e+02 -1.407615e+05
INFO: cmn.c(183): CMN: 45.37  3.96  8.15 -9.48 -1.01 -4.04 -7.61  5.50 -0.02  1.45 -8.71 -4.93 -0.23 
utt>     4                    file_5  764    0   216 10  1 2 1.701610e-12 -1.540560e+02 -1.176988e+05
INFO: cmn.c(183): CMN: 42.74  9.57  3.77 -13.46  4.51 -1.61 -6.34 11.23 -1.29 -3.42  3.08  3.47 -1.35 
utt>     5                    file_6  777    0   208 11  1 2 1.163213e-12 -1.553125e+02 -1.206778e+05
INFO: cmn.c(183): CMN: 44.82 11.08  6.61 -12.38  0.89  0.35 -3.24 12.88 -4.56  2.27  1.67  3.25 -1.80 
utt>     6                    file_7  711    0   208 8  1 2 2.369573e-12 -1.537797e+02 -1.093373e+05
INFO: cmn.c(183): CMN: 49.57 12.16  6.85 -10.74  0.03 -14.61 -5.92  5.85 -4.20 -0.64  1.39 -4.08 -8.01 
utt>     7                    file_8  851    0   208 8  1 2 1.476111e-12 -1.535825e+02 -1.306987e+05
INFO: cmn.c(183): CMN: 47.79 16.11 -0.79 -7.57 -2.22 -6.78  1.74  4.97 -1.52 -1.21  0.68  0.15  0.07 
utt>     8                    file_9  721    0   204 12  1 2 1.757330e-12 -1.551884e+02 -1.118908e+05
INFO: cmn.c(183): CMN: 49.39 16.56 -1.53 -2.64 -10.33 -6.57 -1.15  6.54 -2.49 -0.73  1.25  2.02 -1.80 
utt>     9                   file_10  721    0   216 9  1 2 1.505591e-12 -1.542887e+02 -1.112421e+05
INFO: cmn.c(183): CMN: 44.24 14.85  3.32 -8.65 -2.84 -5.18  0.76  6.89 -2.35  2.77  0.74 -0.74 -4.75 
utt>    10                   file_11  887    0   220 10  1 2 1.359306e-12 -1.535123e+02 -1.361654e+05
INFO: cmn.c(183): CMN: 44.72 14.72  4.38 -5.41 -6.49 -4.68 -2.48  7.20 -2.59  2.29  0.77  3.53 -5.20 
utt>    11                   file_12  903    0   228 11  1 2 1.569053e-12 -1.524976e+02 -1.377054e+05
INFO: cmn.c(183): CMN: 43.88 15.11  2.11 -3.03 -9.98 -1.77 -1.83  4.60 -1.85 -1.25 -0.45  2.73 -1.85 
utt>    12                   file_13  933    0   212 10  1 2 1.693166e-12 -1.524351e+02 -1.422220e+05
INFO: cmn.c(183): CMN: 45.49  2.18  7.28 -6.48  0.84 -4.05 -0.94  2.99 -11.73  1.32 -4.69 -4.42 -5.45 
utt>    13                   file_14  979    0   216 10  1 2 1.400437e-12 -1.528131e+02 -1.496040e+05
INFO: cmn.c(183): CMN: 50.22  9.60  9.59 -3.30  3.17  1.58 -8.52  2.58 -12.20 -4.28 -7.02 -9.59 -3.55 
utt>    14                   file_15  866    0   224 11  1 2 1.378814e-12 -1.563678e+02 -1.354146e+05
INFO: cmn.c(183): CMN: 47.16  2.75  3.63 -4.94 -0.12 -1.77 -5.96 -1.34 -11.15 -6.05 -0.47 -4.88 -4.22 
utt>    15                   file_16  948    0   220 9  1 2 1.313741e-12 -1.554869e+02 -1.474016e+05
INFO: cmn.c(183): CMN: 46.00  5.70  1.23 -9.26  1.93 -10.17 -0.03  1.00 -6.31 -2.39 -3.35 -3.64 -4.85 
utt>    16                   file_17  798    0   220 9  1 2 1.647002e-12 -1.550787e+02 -1.237528e+05
INFO: cmn.c(183): CMN: 44.94  4.23  9.73 -9.24 -1.79 -3.60 -1.67  2.12 -12.51 -0.79 -6.28 -0.90 -2.44 
utt>    17                   file_18  935    0   220 11  1 2 1.035642e-12 -1.568658e+02 -1.466695e+05
INFO: cmn.c(183): CMN: 45.44  3.19  8.59 -2.77 -5.57 -1.72 -4.89  5.51 -11.53 -0.41 -2.44 -3.11  0.58 
utt>    18                   file_19 1008    0   224 9  1 2 1.661934e-12 -1.553012e+02 -1.565436e+05
INFO: cmn.c(183): CMN: 45.14  4.94  8.00 -5.57 -0.70 -5.20 -6.61  7.06 -15.55  1.49 -5.82 -3.35 -1.28 
utt>    19                   file_20  881    0   220 9  1 2 1.487763e-12 -1.548383e+02 -1.364126e+05
INFO: cmn.c(183): CMN: 45.88  2.73  7.08 -7.95 -2.33 -0.93 -4.23  4.50 -8.08 -2.68 -1.65 -5.47 -1.39 
utt>    20                   file_21  823    0   200 8  1 2 2.038274e-12 -1.526081e+02 -1.255964e+05
INFO: cmn.c(183): CMN: 50.26  4.68  7.58 -10.16  0.67 -8.95 -5.40  6.24 -15.13  0.36 -7.97 -0.43 -0.09 
utt>    21                   file_22  909    0   228 8  1 2 2.347957e-12 -1.519333e+02 -1.381073e+05
INFO: cmn.c(183): CMN: 48.44  4.09  7.54 -14.98  1.01 -5.28 -1.22 -1.12 -12.11 -3.02 -5.83 -2.16 -3.34 
utt>    22                   file_23  907    0   216 8  1 2 1.728641e-12 -1.534258e+02 -1.391572e+05
INFO: cmn.c(183): CMN: 47.61  5.33  3.99 -16.61  0.07 -8.44  8.52  0.52 -7.92 -4.68 -4.67 -1.52 -1.69 
utt>    23                   file_24  855    0   216 8  1 2 2.029020e-12 -1.514687e+02 -1.295057e+05
INFO: cmn.c(183): CMN: 47.21  2.98  3.90 -8.26  1.69 -1.69 -5.62  0.07 -5.25 -2.47 -5.74 -1.35 -1.82 
utt>    24                   file_25 1034    0   224 8  1 2 1.805001e-12 -1.538109e+02 -1.590405e+05
INFO: cmn.c(183): CMN: 47.01  3.81 -0.57 -4.46 -0.83 -15.59  0.77 -1.50 -1.65 -4.44 -6.59  4.48 -5.40 
utt>    25                   file_26  868    0   220 9  1 2 1.041262e-12 -1.522364e+02 -1.321412e+05
INFO: cmn.c(183): CMN: 43.84  5.29  5.62 -9.30 -3.64 -3.35 -5.50  0.54 -3.07  0.16 -8.96 -0.90 -0.73 
utt>    26                   file_27  943    0   220 9  1 2 1.231037e-12 -1.513994e+02 -1.427696e+05
INFO: cmn.c(183): CMN: 42.21  1.39  3.24 -5.18 -0.44 -3.98 -3.29  4.69 -6.09  0.25 -6.35 -0.18 -0.25 
utt>    27                   file_28 1312    0   220 10  1 2 1.286924e-12 -1.548615e+02 -2.031783e+05
INFO: cmn.c(183): CMN: 41.65  1.17  3.62 -7.75  1.92 -10.49  1.49  2.99 -8.35  0.36 -3.99 -2.45  1.61 
utt>    28                   file_29 1441    0   228 10  1 2 1.161165e-12 -1.530417e+02 -2.205331e+05
INFO: cmn.c(183): CMN: 42.77  6.31  4.84 -12.04  3.72 -11.76  0.76  0.77 -5.77 -1.38 -6.79  0.41  1.23 
utt>    29                   file_30  950    0   216 9  1 2 1.562300e-12 -1.510336e+02 -1.434820e+05
INFO: cmn.c(183): CMN: 43.67 11.59  8.90 -12.30  3.32  3.36 -3.31  6.92 -4.91 -4.01 -0.56 -3.17 -0.73 
utt>    30                   file_31 1671    0   212 9  1 2 1.188621e-12 -1.560670e+02 -2.607880e+05
INFO: cmn.c(183): CMN: 45.84  7.02  8.86 -7.13  1.50 -5.40 -8.21  4.36 -9.53 -3.31 -10.69 -4.43  1.07 
utt>    31                   file_32  907    0   224 8  1 2 1.562098e-12 -1.501255e+02 -1.361639e+05
INFO: cmn.c(183): CMN: 46.97  5.44  5.85 -7.11 -0.26 -1.36 -8.69  5.91 -6.35 -0.72 -8.31 -3.76  1.75 
utt>    32                   file_33  888    0   220 9  1 2 1.167705e-12 -1.496112e+02 -1.328547e+05
INFO: cmn.c(183): CMN: 43.04  6.58  4.32 -9.58  4.74 -8.97 -7.36  4.36 -6.65 -5.91 -7.18 -1.87  0.11 
utt>    33                   file_34 1078    0   212 8  1 2 1.419339e-12 -1.510454e+02 -1.628270e+05
INFO: cmn.c(183): CMN: 45.01  7.10  9.13 -10.54  3.76 -8.09 -6.68  3.99 -8.30 -3.72 -8.03 -0.85  0.54 
utt>    34                   file_35  906    0   220 9  1 2 1.619418e-12 -1.506680e+02 -1.365052e+05
INFO: cmn.c(183): CMN: 43.73  6.65  7.84 -9.57  3.83 -11.17 -7.47  3.84 -8.60 -2.60 -8.13 -0.35 -0.32 
utt>    35                   file_36  873    0   220 9  1 2 2.210209e-12 -1.498035e+02 -1.307784e+05
INFO: cmn.c(183): CMN: 44.81  5.82  3.84 -15.73 10.34 -8.59 -7.02  6.17 -8.73 -2.88 -3.18 -2.64 -1.44 
utt>    36                   file_37  955    0   216 8  1 2 1.322580e-12 -1.512083e+02 -1.444040e+05
INFO: cmn.c(183): CMN: 46.02 10.46  4.39 -11.04  8.74 -13.79 -1.66  0.68 -10.22  0.50 -8.29 -0.99 -4.63 
utt>    37                   file_38  844    0   212 9  1 2 1.616356e-12 -1.518418e+02 -1.281545e+05
INFO: cmn.c(183): CMN: 40.89  4.79  7.10 -5.53  2.87 -3.47 -10.48  3.68 -5.98 -3.30 -5.35 -3.80  0.71 
utt>    38                   file_39  925    0   220 8  1 2 1.851210e-12 -1.498737e+02 -1.386332e+05
INFO: cmn.c(183): CMN: 44.01  7.97  8.57 -9.85  6.59 -12.44 -6.90  8.22 -11.22  3.65 -9.33 -1.96  0.27 
utt>    39                   file_40  873    0   216 8  1 2 1.922048e-12 -1.506896e+02 -1.315520e+05
INFO: cmn.c(183): CMN: 45.38  8.38 11.28 -8.06  8.05 -9.38 -9.09  9.75 -10.71 -1.73 -12.06 -1.38 -2.04 
utt>    40                   file_41  942    0   216 9  1 2 2.043017e-12 -1.513039e+02 -1.425283e+05
INFO: cmn.c(183): CMN: 45.70  7.11  8.49 -7.21  2.44 -8.39 -2.09  0.74 -6.33 -3.61 -7.36 -1.77 -0.41 
utt>    41                   file_42  942    0   228 8  1 2 1.368991e-12 -1.513139e+02 -1.425377e+05
INFO: cmn.c(183): CMN: 46.34  7.73 11.57 -10.37  6.98 -8.73 -8.41  2.89 -11.85 -1.31 -12.31 -1.87 -0.86 
utt>    42                   file_43  864    0   220 10  1 2 1.283787e-12 -1.515891e+02 -1.309730e+05
INFO: cmn.c(183): CMN: 43.44  8.01  8.94 -7.25  5.33 -9.13 -4.77  2.55 -7.56 -2.01 -8.79 -2.01 -2.74 
utt>    43                   file_44  930    0   216 9  1 2 1.790966e-12 -1.509058e+02 -1.403424e+05
INFO: cmn.c(183): CMN: 39.91 17.30 10.24 -14.11 -0.14  2.31 -1.53 11.50 -5.20  0.50 -1.18 -1.30  0.28 
utt>    44                   file_45  937    0   220 9  1 3 2.086857e-12 -1.523389e+02 -1.427415e+05
INFO: cmn.c(183): CMN: 47.42 11.35  9.24 -9.45  2.11 -10.24 -3.61 -1.89 -4.95 -4.83 -7.28 -2.75 -1.54 
utt>    45                   file_46  799    0   220 8  1 2 1.883279e-12 -1.513512e+02 -1.209296e+05
INFO: cmn.c(183): CMN: 44.50  9.61  9.20 -8.58  0.94 -9.06 -3.23 -0.72 -4.91 -3.30 -4.83 -3.21 -0.20 
utt>    46                   file_47  930    0   224 8  1 2 1.729891e-12 -1.505088e+02 -1.399732e+05
INFO: cmn.c(183): CMN: 49.93 10.30 12.71 -12.14  1.01 -6.51 -3.30 -1.34 -9.14 -0.66 -9.59 -3.22  2.60 
utt>    47                   file_48  803    0   224 8  1 2 1.567693e-12 -1.516539e+02 -1.217781e+05
INFO: cmn.c(183): CMN: 50.84  7.11 11.09 -9.91  1.64 -6.15 -8.34 10.18 -14.82  5.48 -11.37 -5.27  1.20 
utt>    48                   file_49  873    0   224 9  1 2 2.104333e-12 -1.526765e+02 -1.332866e+05
INFO: cmn.c(183): CMN: 47.36  7.83  9.40 -8.97 -2.34 -4.53 -4.27  2.86 -10.67  0.23 -8.28 -5.70  1.51 
utt>    49                   file_50  908    0   220 9  1 2 1.613508e-12 -1.502766e+02 -1.364511e+05
INFO: cmn.c(183): CMN: 47.37  4.34  4.13 -3.83  6.73 -12.34 -6.21 12.46 -11.88 -3.56 -7.08 -2.13 -1.06 
utt>    50                   file_51  946    0   224 9  1 2 1.732715e-12 -1.515451e+02 -1.433617e+05
INFO: cmn.c(183): CMN: 47.28  7.44  1.18 -5.75  8.05 -10.81 -12.66 10.75 -11.35  0.09 -5.68 -2.86  3.26 
utt>    51                   file_52  834    0   232 9  1 3 1.901961e-12 -1.495939e+02 -1.247613e+05
INFO: cmn.c(183): CMN: 46.80  7.13  6.70 -10.27  4.56 -6.97 -2.03  2.45 -9.54 -2.13 -8.17 -1.57 -4.19 
utt>    52                   file_53  849    0   220 8  1 3 1.993817e-12 -1.505254e+02 -1.277961e+05
INFO: cmn.c(183): CMN: 46.49  8.17 10.10 -11.62  5.74 -10.69 -8.23 11.29 -9.02  0.70 -11.97 -3.31 -3.27 
utt>    53                   file_54  851    0   224 9  1 2 1.595904e-12 -1.499298e+02 -1.275902e+05
INFO: cmn.c(183): CMN: 47.86  9.70  7.45 -9.61  0.61 -9.43 -9.08  7.97 -8.94 -1.16 -7.89 -0.62  0.88 
utt>    54                   file_55  863    0   220 9  1 2 1.826099e-12 -1.504387e+02 -1.298286e+05
INFO: cmn.c(183): CMN: 49.83  7.45  6.97 -9.59  2.59 -3.47 -11.31  5.31 -5.05 -4.99 -7.33 -8.27 -0.71 
utt>    55                   file_56  785    0   224 9  1 2 1.636585e-12 -1.501279e+02 -1.178504e+05
INFO: cmn.c(183): CMN: 52.54  3.86  0.57 -5.96  6.57 -3.85 -18.74 11.08 -8.64 -1.42 -5.66 -5.49 -2.89 
utt>    56                   file_57  766    0   220 9  1 3 2.875144e-12 -1.505392e+02 -1.153131e+05
INFO: cmn.c(183): CMN: 41.64  6.62 10.37 -9.79  0.53 -7.60 -0.95  2.23 -4.42 -0.89 -9.84 -1.30 -1.54 
utt>    57                   file_58  991    0   216 8  1 2 1.703573e-12 -1.522663e+02 -1.508959e+05
INFO: cmn.c(183): CMN: 47.54  4.39  5.72 -6.94  0.47 -6.24 -2.75  4.87 -2.22 -4.46 -9.01 -1.84  2.10 
utt>    58                   file_59  839    0   224 9  2 3 1.794535e-12 -1.515267e+02 -1.271309e+05
INFO: cmn.c(183): CMN: 45.91  7.28  8.63 -10.72 -2.12 -7.51 -0.87  2.69 -6.11  2.00 -12.95  1.35 -4.43 
utt>    59                   file_60  874    0   220 8  1 2 1.915728e-12 -1.505875e+02 -1.316134e+05
INFO: cmn.c(183): CMN: 44.45  5.69 11.05 -10.64  1.21 -4.84 -8.09  9.76 -10.65  3.10 -9.71 -5.54 -2.96 
utt>    60                   file_61  968    0   216 8  1 2 1.397566e-12 -1.505266e+02 -1.457098e+05
INFO: cmn.c(183): CMN: 47.41  3.56  6.99 -12.69 -0.85 -4.31 -5.13  9.03 -14.18  2.20 -7.42 -3.40 -0.75 
utt>    61                   file_62  898    0   228 8  1 2 1.189652e-12 -1.505739e+02 -1.352154e+05
INFO: cmn.c(183): CMN: 46.04  5.17  9.03 -10.56 -1.79 -8.85  6.23 -1.01 -6.59 -1.02 -6.99  1.82 -4.31 
utt>    62                   file_63  975    0   224 7  1 2 1.529311e-12 -1.515102e+02 -1.477225e+05
INFO: cmn.c(183): CMN: 50.26  6.73  0.84 -5.23 -1.93 -6.14 -1.97  4.47 -6.04 -10.51 -6.03 -0.59 -3.21 
utt>    63                   file_64  845    0   216 8  1 2 1.232054e-12 -1.493802e+02 -1.262262e+05
INFO: cmn.c(183): CMN: 48.89  2.42  4.96 -4.84 -0.73 -1.46 -6.27  4.82 -7.09 -5.16 -9.26 -0.60 -2.58 
utt>    64                   file_65  913    0   224 8  1 2 1.389585e-12 -1.506470e+02 -1.375407e+05
INFO: cmn.c(183): CMN: 49.41  3.08  5.00 -7.91 -3.40 -3.42 -5.69  8.05 -6.85 -8.61 -4.91  0.13 -6.93 
utt>    65                   file_66  920    0   220 7  1 2 1.799514e-12 -1.510914e+02 -1.390041e+05
INFO: cmn.c(183): CMN: 47.89  5.43  0.61 -8.83 -2.36 -4.84 -3.53  7.42 -3.85 -9.12 -1.88  1.68 -2.58 
utt>    66                   file_67  971    0   220 8  1 2 1.061313e-12 -1.518702e+02 -1.474659e+05
INFO: cmn.c(183): CMN: 47.47  4.23  7.50 -10.01 -4.07 -5.28 -0.12  2.15 -4.56 -4.24 -10.24  0.70 -3.26 
utt>    67                   file_68  888    0   224 8  1 2 1.215164e-12 -1.505750e+02 -1.337106e+05
INFO: cmn.c(183): CMN: 50.57  6.21  8.56 -12.62 -5.22 -5.02  0.43  4.34 -4.11 -7.24 -8.53 -1.26 -3.15 
utt>    68                   file_69  843    0   228 8  1 2 1.492500e-12 -1.480975e+02 -1.248462e+05
INFO: cmn.c(183): CMN: 47.46  7.28  7.48 -12.31 -8.55 -1.52 -0.99  2.63 -5.97 -9.76 -2.31 -3.09 -1.84 
utt>    69                   file_70  862    0   220 9  1 2 1.250537e-12 -1.508793e+02 -1.300579e+05
INFO: cmn.c(183): CMN: 47.51  1.17  2.44  0.94 -5.55 -1.68 -3.81  2.04 -6.76 -8.12 -4.37 -2.53 -4.64 
utt>    70                   file_71  933    0   224 9  1 2 1.596239e-12 -1.519232e+02 -1.417443e+05
INFO: cmn.c(183): CMN: 46.60  1.60  1.72 -3.89 -3.52 -5.43 -5.56  8.78 -5.27 -4.18 -5.23  1.82 -6.39 
utt>    71                   file_72  978    0   220 8  1 2 1.651462e-12 -1.519207e+02 -1.485785e+05
INFO: cmn.c(183): CMN: 46.81  4.37  4.84 -8.72 -1.98 -5.46  0.31  2.75 -6.35 -1.18 -12.00 -1.35  0.74 
utt>    72                   file_73  899    0   216 8  1 2 1.385759e-12 -1.498615e+02 -1.347255e+05
INFO: cmn.c(183): CMN: 48.59  7.90 -1.70 -5.53 -4.11 -3.26  0.31  4.68 -3.97 -8.92 -7.32 -2.16 -5.40 
utt>    73                   file_74  821    0   216 9  1 2 1.605830e-12 -1.504777e+02 -1.235422e+05
INFO: cmn.c(183): CMN: 52.89  1.85  1.87  0.27 -1.49 -5.73 -13.29  9.48 -6.70  1.16 -7.28 -9.09 -4.17 
utt>    74                   file_75  792    0   224 9  1 2 1.310133e-12 -1.513492e+02 -1.198686e+05
INFO: cmn.c(183): CMN: 48.17  6.06  2.29 -4.81 -4.10 -7.14 -7.70 11.16 -5.34 -2.07 -9.19 -4.02 -2.53 
utt>    75                   file_76  889    0   220 8  1 2 1.703333e-12 -1.510714e+02 -1.343025e+05
INFO: cmn.c(183): CMN: 48.31  7.96  1.24 -0.90 -6.23 -7.34 -7.09 10.78 -4.35 -3.65 -7.61 -3.14 -1.67 
utt>    76                   file_77  842    0   216 8  1 2 1.072297e-12 -1.500708e+02 -1.263596e+05
INFO: cmn.c(183): CMN: 49.35  7.24  4.97  3.98 -7.06 -8.88 -9.61  9.83 -9.57  2.64 -8.46 -10.09 -0.60 
utt>    77                   file_78  806    0   216 8  1 2 1.803132e-12 -1.505736e+02 -1.213623e+05
INFO: cmn.c(183): CMN: 49.20  4.98  4.05  5.24 -7.26 -10.60 -11.04 14.65 -8.22  4.56 -8.06 -7.12 -0.61 
utt>    78                   file_79  839    0   224 8  1 2 1.989534e-12 -1.506606e+02 -1.264042e+05
INFO: cmn.c(183): CMN: 48.65  6.22 -0.91  0.06 -7.31 -7.56 -4.03 10.70 -6.39 -4.74 -6.60 -1.06 -3.95 
utt>    79                   file_80  878    0   224 8  1 2 1.824704e-12 -1.519020e+02 -1.333700e+05
INFO: cmn.c(183): CMN: 49.89 12.90  2.27 -5.93 -0.90 -15.03  0.00  6.47 -4.32 -2.31 -10.14  1.54 -7.94 
utt>    80                   file_81  787    0   228 8  1 3 2.161034e-12 -1.506917e+02 -1.185944e+05
INFO: cmn.c(183): CMN: 48.22  5.52  1.73 -1.79 -9.12 -5.54 -2.73 10.21 -3.01 -5.21 -7.02 -0.44 -0.71 
utt>    81                   file_82  867    0   224 8  1 2 1.120072e-12 -1.504452e+02 -1.304360e+05
INFO: cmn.c(183): CMN: 45.11  9.56  4.88 -9.54 -0.09 -11.92  2.33  7.11 -1.96 -4.65 -10.78  3.64 -6.64 
utt>    82                   file_83  920    0   220 8  1 2 1.626926e-12 -1.491789e+02 -1.372446e+05
INFO: cmn.c(183): CMN: 47.17 10.95 -0.89 -4.84 -4.26 -7.34 -3.29 11.08 -1.66 -6.77 -2.80  0.31 -3.64 
utt>    83                   file_84  871    0   216 9  1 2 2.181290e-12 -1.491048e+02 -1.298703e+05
INFO: cmn.c(183): CMN: 48.23  8.17  0.87  2.87 -1.55 -9.02 -10.83 10.75 -8.95  2.99 -6.77 -7.14  0.06 
utt>    84                   file_85  892    0   216 8  1 2 1.653794e-12 -1.516557e+02 -1.352768e+05
INFO: cmn.c(183): CMN: 47.00  8.74  2.42 -3.03 -0.53 -9.77 -6.54  4.87 -4.64  1.53 -6.28 -8.56 -1.34 
utt>    85                   file_86  840    0   224 9  1 2 2.198823e-12 -1.503969e+02 -1.263334e+05
INFO: cmn.c(183): CMN: 49.91  4.01  0.26 -3.66 -8.56 -9.46 -3.33  9.24 -5.34 -2.17 -4.62 -1.46  0.16 
utt>    86                   file_87  900    0   224 8  1 2 1.708514e-12 -1.520331e+02 -1.368298e+05
INFO: cmn.c(183): CMN: 49.95  9.28 -0.14 -2.58 -13.14 -4.76 -5.63 12.38 -7.07 -4.50 -4.94 -0.41  1.35 
utt>    87                   file_88  829    0   224 9  1 2 2.154176e-12 -1.523348e+02 -1.262855e+05
INFO: cmn.c(183): CMN: 49.16 11.41 -0.23 -3.62 -11.04 -6.21 -2.82  9.50 -4.37 -7.66 -10.34  3.52 -0.62 
utt>    88                   file_89  808    0   220 8  1 2 1.634001e-12 -1.502593e+02 -1.214095e+05
INFO: cmn.c(183): CMN: 49.27  7.88 -3.85 -3.37 -10.65 -5.36 -5.50 11.98 -4.64 -4.81 -6.78  2.07 -2.32 
utt>    89                   file_90  836    0   220 9  1 2 1.306393e-12 -1.510543e+02 -1.262814e+05
INFO: cmn.c(183): CMN: 49.34  7.96  0.91 -1.56 -11.00 -7.01 -6.63 12.30 -3.56 -4.40 -8.75  1.45 -1.96 
utt>    90                   file_91  850    0   220 8  1 2 1.663282e-12 -1.501150e+02 -1.275977e+05
INFO: cmn.c(183): CMN: 49.42  5.15 -0.06 -1.65 -6.94 -9.08 -5.32 14.26 -5.09 -6.47 -4.10 -0.97 -0.15 
utt>    91                   file_92  885    0   220 7  1 2 2.237315e-12 -1.508438e+02 -1.334967e+05
INFO: cmn.c(183): CMN: 52.16  8.66  4.38 -13.28 -2.48 -13.24 -1.29 13.04 -2.38 -5.21 -5.88  2.12 -0.87 
utt>    92                   file_93  799    0   220 10  1 2 2.020259e-12 -1.494187e+02 -1.193856e+05
INFO: cmn.c(183): CMN: 48.25  8.32 -2.43 -9.02 -5.55 -8.41 -0.63  9.11 -5.50 -5.95 -5.67  1.46 -2.17 
utt>    93                   file_94  919    0   216 8  1 2 1.464464e-12 -1.510248e+02 -1.387917e+05
INFO: cmn.c(183): CMN: 50.90  3.83  3.18 -3.15 -11.40 -9.37 -4.64 12.64 -9.22 -6.98 -4.12  0.15  0.88 
utt>    94                   file_95  881    0   220 8  1 2 1.799170e-12 -1.507325e+02 -1.327954e+05
INFO: cmn.c(183): CMN: 46.69  8.88  0.92 -6.81 -6.40 -9.38 -1.01  8.48 -3.42 -5.53 -7.07  1.73 -0.98 
utt>    95                   file_96  910    0   220 10  1 2 1.828846e-12 -1.507110e+02 -1.371470e+05
INFO: cmn.c(183): CMN: 49.95  9.20  3.71 -10.50 -9.38 -7.20 -5.25  7.97 -3.66 -5.84 -8.93 -1.10 -1.77 
utt>    96                   file_97  831    0   228 8  1 2 1.985497e-12 -1.492625e+02 -1.240372e+05
INFO: cmn.c(183): CMN: 48.96  6.06  0.23 -4.72 -5.45 -10.41 -3.72  9.98 -3.85 -6.70 -7.84 -0.27 -0.99 
utt>    97                   file_98  837    0   220 9  1 2 1.810486e-12 -1.513914e+02 -1.267146e+05
INFO: cmn.c(183): CMN: 45.43  7.29  3.49 -8.20 -8.06 -7.18 -2.19  6.02 -1.25 -5.39 -5.33 -0.15  0.31 
utt>    98                   file_99  889    0   216 8  1 2 1.563862e-12 -1.514298e+02 -1.346211e+05
INFO: cmn.c(183): CMN: 49.01  6.66  3.73 -3.35 -8.69 -5.63 -5.32 15.85 -6.57 -6.79 -6.64  0.19 -0.34 
utt>    99                  file_100  853    0   224 10  1 2 2.057572e-12 -1.497660e+02 -1.277504e+05
INFO: cmn.c(183): CMN: 46.24 11.88  1.72 -13.16 -1.31 -3.38 -3.85  4.70 -6.55 -6.14 -4.54 -0.38 -2.27 
utt>   100                  file_101  741    0   192 8  1 2 1.497397e-12 -1.503440e+02 -1.114049e+05
INFO: cmn.c(183): CMN: 46.16 11.27  8.18 -10.54 -5.51 -3.96 -3.52 -0.18 -6.45 -9.41 -4.78  3.71 -2.54 
utt>   101                  file_102  791    0   216 9  1 2 1.862864e-12 -1.518205e+02 -1.200900e+05
INFO: cmn.c(183): CMN: 46.41  9.99  5.70 -6.39 -11.31 -1.73 -1.34  7.58 -7.95 -6.17 -5.45 -3.24 -0.40 
utt>   102                  file_103  890    0   212 9  1 2 1.979123e-12 -1.493768e+02 -1.329453e+05
INFO: cmn.c(183): CMN: 50.35  7.15 -3.37 -5.93 -0.78 -11.48 -2.26  7.27 -3.63 -12.32 -5.43 -4.50 -2.71 
utt>   103                  file_104  821    0   212 8  1 2 1.152460e-12 -1.498031e+02 -1.229884e+05
INFO: cmn.c(183): CMN: 46.76 11.56  7.39 -11.23 -6.57 -2.15 -5.01  4.60 -6.61 -7.05 -6.75 -3.10  4.60 
utt>   104                  file_105  801    0   216 8  1 2 2.191605e-12 -1.501053e+02 -1.202344e+05
INFO: cmn.c(183): CMN: 44.78  7.96  6.25 -8.68 -4.89 -3.97 -3.27  5.32 -5.60 -5.96 -6.38 -2.04  3.15 
utt>   105                  file_106  910    0   216 10  1 2 2.244483e-12 -1.509924e+02 -1.374030e+05
INFO: cmn.c(183): CMN: 47.90  7.18  1.52 -3.18 -3.47 -11.22 -3.35  9.27 -5.48 -3.79 -7.80 -1.03 -1.74 
utt>   106                  file_107  874    0   224 7  1 2 1.443318e-12 -1.503151e+02 -1.313754e+05
INFO: cmn.c(183): CMN: 50.07 10.53  8.50 -6.28 -10.97 -2.29 -3.83  5.78 -9.54 -6.21 -5.57 -5.02  0.79 
utt>   107                  file_108  757    0   220 8  1 2 1.854900e-12 -1.498662e+02 -1.134487e+05
INFO: cmn.c(183): CMN: 48.14 10.26  7.02 -8.56 -11.54  0.37 -5.85  9.16 -11.10 -0.33 -7.96 -0.80  3.04 
utt>   108                  file_109  769    0   224 8  1 2 1.459635e-12 -1.500673e+02 -1.154018e+05
INFO: cmn.c(183): CMN: 48.54  2.80  3.20 -3.26 -5.19 -5.45  1.57  4.36 -6.46 -4.25 -3.35  2.19 -9.21 
utt>   109                  file_110  876    0   212 9  1 2 1.487725e-12 -1.510404e+02 -1.323114e+05
INFO: cmn.c(183): CMN: 45.86  7.74  8.59 -11.94 -2.85 -8.61 -0.82 10.27 -8.02 -2.77 -2.96  1.01 -3.93 
utt>   110                  file_111  796    0   212 9  1 2 1.247731e-12 -1.509995e+02 -1.201956e+05
INFO: cmn.c(183): CMN: 44.37 12.01  0.62 -7.89 -6.79 -3.53 -0.54  2.66 -2.79 -4.25  3.43 -0.24 -8.58 
utt>   111                  file_112  918    0   204 8  1 2 1.867848e-12 -1.514029e+02 -1.389879e+05
INFO: cmn.c(183): CMN: 45.79 10.50  2.13 -8.19 -9.86 -8.81 -0.49  5.50 -1.94 -3.96  0.03  1.28 -5.06 
utt>   112                  file_113  924    0   220 9  1 2 1.860603e-12 -1.510179e+02 -1.395405e+05
INFO: cmn.c(183): CMN: 51.36  8.20  0.63 -4.44 -9.78 -11.21 -0.91  6.30 -3.12 -10.86  0.12  2.64 -10.73 
utt>   113                  file_114  791    0   212 9  1 2 1.734621e-12 -1.494724e+02 -1.182326e+05
INFO: cmn.c(183): CMN: 44.37 10.55  9.68 -7.63 -5.49 -5.75  1.78  6.32 -3.40 -8.48 -2.74  1.01 -8.76 
utt>   114                  file_115  916    0   220 9  1 3 1.781560e-12 -1.512381e+02 -1.385341e+05
INFO: cmn.c(183): CMN: 53.34  9.29  4.67 -11.16 -8.04 -11.03  5.72  7.72 -1.90 -7.01 -5.18  4.52 -10.60 
utt>   115                  file_116  621    0   224 10  1 2 2.332807e-12 -1.526506e+02 -9.479604e+04
INFO: cmn.c(183): CMN: 42.85 12.09  4.27 -10.25 -6.61  0.71  4.49  0.58 -3.26 -5.49 -2.30 -1.62 -7.42 
utt>   116                  file_117  839    0   220 7  1 2 1.704568e-12 -1.517610e+02 -1.273275e+05
INFO: cmn.c(183): CMN: 44.81  7.70  7.16 -9.42 -4.72 -5.16  6.25 -0.92 -4.61 -4.43 -7.23  4.88 -7.41 
utt>   117                  file_118  829    0   228 9  1 2 1.659070e-12 -1.514970e+02 -1.255910e+05
INFO: cmn.c(183): CMN: 48.86  8.76  5.30 -10.54  0.28 -9.84  0.74  4.78 -2.34 -7.19 -5.87  1.40 -7.10 
utt>   118                  file_119  757    0   228 9  1 2 1.878545e-12 -1.514114e+02 -1.146184e+05
INFO: cmn.c(183): CMN: 46.20 16.80  4.26 -11.85 -1.03 -3.06  4.10 -3.28 -1.34 -0.31 -4.21 -2.27 -4.51 
utt>   119                  file_120  820    0   220 10  1 3 2.240061e-12 -1.486255e+02 -1.218729e+05
INFO: cmn.c(183): CMN: 49.25 14.41  4.66 -15.12 -2.26 -0.44  5.55 -5.80 -5.30 -0.86 -3.41 -4.38 -4.74 
utt>   120                  file_121  819    0   224 9  1 2 1.817954e-12 -1.487783e+02 -1.218495e+05
INFO: cmn.c(183): CMN: 45.06 13.83  5.13 -11.51 -4.27  0.09  1.24 -0.63 -4.91  3.93 -6.52 -2.60 -7.11 
utt>   121                  file_122  792    0   192 7  1 2 1.676173e-12 -1.487189e+02 -1.177854e+05
INFO: cmn.c(183): CMN: 49.69 13.24  7.45 -12.73 -5.00  0.90  3.84 -1.07 -4.01  2.58 -5.08 -2.66 -7.51 
utt>   122                  file_123  800    0   212 8  1 2 1.673478e-12 -1.486749e+02 -1.189399e+05
INFO: cmn.c(183): CMN: 53.17 10.25  7.07 -17.46  3.23 -9.04 -0.48 10.41 -9.21  2.59 -6.73 -5.02 -5.70 
utt>   123                  file_124  718    0   216 8  1 2 2.309743e-12 -1.493461e+02 -1.072305e+05
INFO: cmn.c(183): CMN: 48.97 15.35  8.46 -15.23  0.58 -3.51  5.77 -1.11 -11.64 -0.11 -2.87 -4.09 -1.26 
utt>   124                  file_125  764    0   216 8  1 2 8.945717e-13 -1.495937e+02 -1.142896e+05
INFO: cmn.c(183): CMN: 51.03 13.67  6.48 -14.35 -5.41 -4.09  6.74 -3.40 -1.74  1.50 -5.99 -4.49 -4.21 
utt>   125                  file_126  757    0   216 8  1 2 1.801731e-12 -1.493233e+02 -1.130377e+05
INFO: cmn.c(183): CMN: 47.84 13.12  4.17 -19.00  3.39 -5.03  6.01 -2.30 -2.55 -1.43 -4.07 -3.63 -4.03 
utt>   126                  file_127  816    0   224 9  1 2 1.340757e-12 -1.491775e+02 -1.217288e+05
INFO: cmn.c(183): CMN: 47.89 13.75  8.15 -13.31 -2.06 -4.49  3.22 -3.18  1.66 -4.83 -3.13 -3.84 -3.89 
utt>   127                  file_128  771    0   220 8  1 2 1.651436e-12 -1.499470e+02 -1.156091e+05
INFO: cmn.c(183): CMN: 46.99 11.11  6.47 -16.61 -0.13 -7.14  6.22  3.27 -2.90  2.21 -3.60 -4.01 -4.01 
utt>   128                  file_129  852    0   216 9  1 2 1.234070e-12 -1.489849e+02 -1.269351e+05
INFO: cmn.c(183): CMN: 46.17  9.28  5.95 -14.03  3.75 -5.98 -2.48  8.83 -6.51  2.13 -7.93 -0.05 -5.60 
utt>   129                  file_130  860    0   216 9  1 2 1.755505e-12 -1.493558e+02 -1.284460e+05
INFO: cmn.c(183): CMN: 49.26  7.74  5.00 -7.21 -0.22 -4.49 -6.97 12.50 -7.83 -3.57 -3.09 -1.66 -3.51 
utt>   130                  file_131  812    0   224 8  1 2 2.134395e-12 -1.483911e+02 -1.204936e+05
INFO: cmn.c(183): CMN: 50.06 13.49  1.44 -11.08 -4.09 -7.20  4.75  6.35 -3.23  3.38 -7.40 -0.53 -6.20 
utt>   131                  file_132  780    0   220 8  1 2 1.169360e-12 -1.492980e+02 -1.164524e+05
INFO: cmn.c(183): CMN: 46.79 14.64  7.25 -19.73  0.39 -6.35 -0.63 10.32 -5.65  2.66 -9.10 -0.94 -8.40 
utt>   132                  file_133  808    0   208 9  1 2 2.162252e-12 -1.487917e+02 -1.202237e+05
INFO: cmn.c(183): CMN: 49.07  8.98 12.23 -16.93  1.35 -2.29 -2.69 11.73 -9.09  5.14 -8.87 -3.25 -7.03 
utt>   133                  file_134  868    0   216 8  1 2 1.706652e-12 -1.507475e+02 -1.308488e+05
INFO: cmn.c(183): CMN: 49.90  9.11 14.58 -15.04  1.91 -6.46 -4.42 14.90 -12.26  2.89 -6.47 -4.55 -7.68 
utt>   134                  file_135  828    0   216 8  1 2 1.708227e-12 -1.502093e+02 -1.243733e+05
INFO: cmn.c(183): CMN: 48.29 10.62  7.56 -18.30  1.76 -5.56 -6.36 14.21 -6.08 -0.59 -7.04 -1.02 -6.72 
utt>   135                  file_136  876    0   220 8  1 2 1.836909e-12 -1.485679e+02 -1.301455e+05
INFO: cmn.c(183): CMN: 46.07  9.00  4.17 -8.63  2.90 -10.79  2.45  7.29 -4.10  0.34 -8.41 -1.23 -4.47 
utt>   136                  file_137  945    0   228 8  1 2 1.781362e-12 -1.484346e+02 -1.402707e+05
INFO: cmn.c(183): CMN: 46.68 15.81 10.30 -17.27  0.05 -6.42 -0.96  3.86 -2.95 -1.34 -6.17 -2.01 -5.26 
utt>   137                  file_138  855    0   224 9  1 3 1.935549e-12 -1.499657e+02 -1.282207e+05
INFO: cmn.c(183): CMN: 47.94 11.82  6.28 -15.70  0.12 -5.27 -1.29  8.26 -4.08 -1.02 -8.54 -0.88 -5.89 
utt>   138                  file_139  833    0   212 8  1 2 2.232540e-12 -1.489716e+02 -1.240934e+05
INFO: cmn.c(183): CMN: 43.68 15.50  8.06 -11.08 -1.99 -5.45  2.64  1.21  0.31 -0.74 -6.05 -2.23 -1.98 
utt>   139                  file_140  858    0   216 10  2 3 1.949045e-12 -1.495554e+02 -1.283185e+05
INFO: cmn.c(183): CMN: 48.16 13.55  8.08 -12.54 -1.10 -4.63 -1.48  6.69 -4.25 -2.24 -8.58  0.19 -5.60 
utt>   140                  file_141  832    0   228 9  1 2 2.438943e-12 -1.488827e+02 -1.238704e+05
INFO: cmn.c(183): CMN: 47.64 13.91  7.45 -11.50  1.72 -8.40 -0.19  3.73 -0.43 -4.49 -7.00 -0.15 -6.64 
utt>   141                  file_142  842    0   220 8  1 2 1.468359e-12 -1.489786e+02 -1.254400e+05
INFO: cmn.c(183): CMN: 49.07  9.76  8.49 -13.16  0.55 -9.56  2.95  4.34 -2.92 -3.44 -8.61  0.52 -6.49 
utt>   142                  file_143  862    0   216 8  1 2 1.325213e-12 -1.500924e+02 -1.293796e+05
INFO: cmn.c(183): CMN: 47.01 13.13  9.27 -13.12  1.50 -6.85 -3.59  4.79 -2.99 -4.13 -4.13 -0.75 -3.23 
utt>   143                  file_144  822    0   216 8  1 2 1.661369e-12 -1.495647e+02 -1.229422e+05
INFO: cmn.c(183): CMN: 41.30 15.12  5.37 -15.44  3.53 -2.30  5.06  6.91 -4.84  0.76 -0.75 -2.89 -1.46 
utt>   144                  file_145 1023    0   216 9  1 3 2.320251e-12 -1.515922e+02 -1.550788e+05
INFO: cmn.c(183): CMN: 48.85 11.67 11.40 -12.38  5.10 -3.11 -2.24 13.20 -4.74  6.85 -6.10  1.95 -5.42 
utt>   145                  file_146  802    0   220 10  1 2 1.472210e-12 -1.525347e+02 -1.223328e+05
INFO: cmn.c(183): CMN: 44.31 13.19  7.95 -12.41  1.33 -4.83  0.54  5.11 -4.38 -5.02 -5.88 -2.76 -4.03 
utt>   146                  file_147  901    0   212 8  1 2 1.827049e-12 -1.492858e+02 -1.345065e+05
INFO: cmn.c(183): CMN: 44.86 11.72  6.37 -7.07  2.74 -9.49  1.41  6.43 -4.11 -0.14 -7.80 -0.85 -6.14 
utt>   147                  file_148  894    0   220 8  1 2 1.900372e-12 -1.509841e+02 -1.349798e+05
INFO: cmn.c(183): CMN: 46.73 16.48  5.25 -10.01  2.08 -12.16  4.02  0.76  1.18 -3.18 -6.04  0.93 -2.48 
utt>   148                  file_149  829    0   224 9  1 2 2.029546e-12 -1.500473e+02 -1.243892e+05
INFO: cmn.c(183): CMN: 44.61 16.48  8.37 -8.89 -2.85 -8.38  3.97  0.84 -0.44 -1.87 -6.40 -0.81 -3.12 
utt>   149                  file_150  825    0   212 9  1 2 1.550901e-12 -1.503177e+02 -1.240121e+05
INFO: cmn.c(183): CMN: 45.97 11.83  8.59 -12.04  3.28 -11.59  1.45  4.98 -4.50  0.25 -6.59 -1.49 -5.73 
utt>   150                  file_151  918    0   228 9  1 2 1.735819e-12 -1.505995e+02 -1.382504e+05
INFO: cmn.c(183): CMN: 41.40 16.79 11.24 -11.91  6.30  4.02  1.12  9.39  1.88  1.80  0.02 -3.46 -3.93 
utt>   151                  file_152 1870    0   228 12  1 1 9.091963e-13 -1.587542e+02 -2.968704e+05
INFO: cmn.c(183): CMN: 49.97 10.55  4.46 -9.19 -0.30 -14.69  5.00  3.81  1.13 -1.93 -6.46  1.15 -7.36 
utt>   152                  file_153  831    0   220 8  1 2 2.072581e-12 -1.501931e+02 -1.248105e+05
INFO: cmn.c(183): CMN: 50.34 10.26  3.01 -6.78 -0.86 -14.75  7.66  0.87 -1.66  1.68 -10.49 -0.59 -8.12 
utt>   153                  file_154  818    0   216 8  1 2 1.606893e-12 -1.495671e+02 -1.223459e+05
INFO: cmn.c(183): CMN: 47.06 18.24 10.89 -13.82 -2.70 -11.37  3.36  4.18 -9.17  1.62 -7.98 -3.11 -1.32 
utt>   154                  file_155  781    0   224 9  1 2 2.483250e-12 -1.505281e+02 -1.175624e+05
INFO: cmn.c(183): CMN: 48.66 13.15  7.66 -12.80 -4.93 -4.31  0.23  6.89 -5.97  3.71 -10.39 -1.08 -8.28 
utt>   155                  file_156  807    0   224 8  1 2 2.090246e-12 -1.497036e+02 -1.208108e+05
INFO: cmn.c(183): CMN: 47.54 14.84  7.13 -15.67 -2.49 -4.41  1.09  6.27 -8.57  5.23 -10.55  0.62 -6.03 
utt>   156                  file_157  834    0   224 8  1 2 1.720984e-12 -1.485558e+02 -1.238955e+05
INFO: cmn.c(183): CMN: 46.02  8.39  7.57 -7.61  4.40 -14.85  8.13  7.91 -0.76 -0.07 -7.27 -1.67 -6.34 
utt>   157                  file_158  890    0   228 8  1 2 1.616361e-12 -1.508110e+02 -1.342218e+05
INFO: cmn.c(183): CMN: 47.05  9.36  3.04 -10.04  1.49 -16.31 11.50  4.79  0.49 -3.09 -5.62 -1.02 -5.71 
utt>   158                  file_159  904    0   220 8  1 2 1.377648e-12 -1.507117e+02 -1.362434e+05
INFO: cmn.c(183): CMN: 43.81 10.45  3.46 -8.38 -1.27 -9.53  7.05 10.20 -2.32 -0.04 -7.14 -1.71 -5.45 
utt>   159                  file_160  911    0   220 8  1 2 1.493340e-12 -1.501204e+02 -1.367597e+05
INFO: cmn.c(183): CMN: 46.47 12.58  4.21 -10.91  1.41 -12.18  4.14  7.67 -2.19 -2.44 -6.14  1.21 -3.08 
utt>   160                  file_161  865    0   232 9  1 2 1.268355e-12 -1.503216e+02 -1.300282e+05
INFO: cmn.c(183): CMN: 46.78 13.88  8.12 -18.85  1.78 -8.59  3.10  5.72 -2.21 -1.32 -9.45 -0.93 -7.31 
utt>   161                  file_162  806    0   220 9  1 2 1.406741e-12 -1.507441e+02 -1.214997e+05
INFO: cmn.c(183): CMN: 48.50  8.71  5.28 -8.06 -0.27 -8.86  2.27 12.56 -4.75 -0.62 -9.73 -2.63 -7.47 
utt>   162                  file_163  832    0   224 8  1 2 1.358419e-12 -1.489502e+02 -1.239265e+05
INFO: cmn.c(183): CMN: 44.89 10.72  4.68 -9.40 -0.68 -8.99  1.80  9.24 -2.75  0.32 -7.05  0.89 -5.76 
utt>   163                  file_164  931    0   224 8  1 2 1.614457e-12 -1.500927e+02 -1.397363e+05
INFO: cmn.c(183): CMN: 48.69 12.75  4.54 -5.10  0.55 -8.75 -4.14 21.35 -9.40 -1.42 -9.72 -3.83 -4.74 
utt>   164                  file_165  823    0   220 9  1 2 1.738971e-12 -1.511849e+02 -1.244252e+05
INFO: cmn.c(183): CMN: 47.30 10.47  1.15 -7.91  5.14 -11.01 -3.08 11.12 -4.42  0.24 -10.83  1.62 -7.44 
utt>   165                  file_166  953    0   224 9  1 2 1.974525e-12 -1.521553e+02 -1.450040e+05
INFO: cmn.c(183): CMN: 46.07 15.32 -1.38 -10.30 -0.37 -16.22 13.13  5.16  1.11 -1.85 -3.68 -1.92 -3.18 
utt>   166                  file_167  876    0   220 10  1 2 1.489030e-12 -1.513618e+02 -1.325929e+05
INFO: cmn.c(183): CMN: 50.20 10.98  0.62 -11.80  0.99 -11.98  4.05 12.05 -2.89 -0.50 -9.57 -1.84 -7.91 
utt>   167                  file_168  863    0   220 7  1 2 1.975512e-12 -1.499432e+02 -1.294010e+05
INFO: cmn.c(183): CMN: 46.80 14.51  2.80 -7.53 -0.57 -10.54  7.69  3.84  1.39 -2.48 -7.64 -4.59 -2.77 
utt>   168                  file_169  833    0   224 10  1 2 1.779002e-12 -1.499631e+02 -1.249193e+05
INFO: cmn.c(183): CMN: 47.55 12.81  5.33 -12.39 -1.18 -12.46  7.32  5.28  3.28 -4.14 -6.14 -4.22 -6.58 
utt>   169                  file_170  839    0   216 8  1 2 1.610171e-12 -1.505037e+02 -1.262726e+05
INFO: cmn.c(183): CMN: 44.78  9.87 12.83 -6.92  1.27 -5.31 -0.69  8.75 -5.69 -2.24 -4.16 -5.85  2.59 
utt>   170                  file_171  813    0   220 8  1 2 1.709901e-12 -1.517489e+02 -1.233719e+05
INFO: cmn.c(183): CMN: 43.90 15.61 10.44 -7.36  0.35 -1.07 -4.66  3.92 -6.97  0.18 -4.07 -4.98 -4.55 
utt>   171                  file_172  872    0   220 9  1 2 1.602527e-12 -1.522903e+02 -1.327971e+05
INFO: cmn.c(183): CMN: 45.96 11.19 12.18 -9.13  0.95 -3.92 -0.48  4.61 -2.86 -4.80 -1.44 -7.52 -0.43 
utt>   172                  file_173  831    0   220 8  1 2 1.503323e-12 -1.509006e+02 -1.253984e+05
INFO: cmn.c(183): CMN: 45.58 15.54 10.36 -8.38 -3.86 -3.89  0.76  3.51 -8.61 -1.84 -3.61 -2.87  0.17 
utt>   173                  file_174  836    0   216 9  1 2 1.770640e-12 -1.493873e+02 -1.248878e+05
INFO: cmn.c(183): CMN: 47.97 15.12  5.44 -3.63 -0.21 -6.15 -2.27 11.84 -8.40 -2.59 -5.21 -6.70  2.60 
utt>   174                  file_175  814    0   216 8  1 2 1.636808e-12 -1.504851e+02 -1.224949e+05
INFO: cmn.c(183): CMN: 48.20 13.60  6.16 -11.82 -3.48  0.05  2.83  7.20 -7.25 -1.32 -5.16 -4.58 -0.83 
utt>   175                  file_176  827    0   220 9  1 2 1.572211e-12 -1.518769e+02 -1.256022e+05
INFO: cmn.c(183): CMN: 48.11 12.58  2.94 -4.09  3.40 -16.84  6.35 -1.02 -4.98  1.94 -7.20 -5.76  1.13 
utt>   176                  file_177  771    0   216 7  1 2 1.898408e-12 -1.508946e+02 -1.163398e+05
INFO: cmn.c(183): CMN: 48.03 13.10  6.24 -7.38 -2.04 -4.33 -1.20 -0.32 -3.28  0.55 -3.55 -10.10  3.30 
utt>   177                  file_178  783    0   220 9  1 2 1.777606e-12 -1.518366e+02 -1.188881e+05
INFO: cmn.c(183): CMN: 47.47  7.31  2.29 -9.97 -4.36  1.64 -4.10  5.11 -3.97  2.37 -4.07 -1.17 -4.60 
utt>   178                  file_179  951    0   220 8  1 2 1.443930e-12 -1.513092e+02 -1.438951e+05
INFO: cmn.c(183): CMN: 45.84  7.21  7.45 -4.04 -3.21 -4.13 -0.96  4.37 -11.03  4.79 -3.08 -11.90  1.95 
utt>   179                  file_180  884    0   220 9  1 2 1.438052e-12 -1.519049e+02 -1.342839e+05
INFO: cmn.c(183): CMN: 45.37  8.87  1.99 -3.66 -3.55 -10.34  9.93 -2.00 -6.04  6.21 -8.08 -5.84 -0.37 
utt>   180                  file_181  910    0   224 9  1 3 2.761971e-12 -1.525832e+02 -1.388507e+05
INFO: cmn.c(183): CMN: 46.90  6.27  7.67 -11.62  2.08 -7.47 -2.77  7.39 -7.05 -0.81 -2.88 -6.54 -1.14 
utt>   181                  file_182  827    0   228 9  1 2 2.451156e-12 -1.504395e+02 -1.244135e+05
INFO: cmn.c(183): CMN: 47.32  7.33  8.80 -7.53 -3.10 -6.12 -3.30  7.40 -9.68  0.92 -7.56 -6.84  3.67 
utt>   182                  file_183  844    0   224 8  1 2 1.686440e-12 -1.513952e+02 -1.277775e+05
INFO: cmn.c(183): CMN: 47.67  8.56  4.65 -10.18 -4.07 -8.34  1.52  4.37 -8.78 -0.40 -4.25 -5.18  1.74 
utt>   183                  file_184  878    0   216 8  1 2 1.526047e-12 -1.505477e+02 -1.321809e+05
INFO: cmn.c(183): CMN: 50.38  8.12 -3.93 -0.66 -2.87 -9.73  1.44  3.97 -4.16  0.19 -1.28 -4.27 -7.23 
utt>   184                  file_185  879    0   216 9  1 2 1.631439e-12 -1.517013e+02 -1.333454e+05
INFO: cmn.c(183): CMN: 49.72  3.41  2.96 -1.48 -6.47  2.93 -8.51  0.84 -1.42 -1.69 -4.98 -7.28  3.77 
utt>   185                  file_186  818    0   224 9  1 2 1.633575e-12 -1.515650e+02 -1.239802e+05
INFO: cmn.c(183): CMN: 49.02 15.64 -2.01 -3.83 -5.29 -6.32 -0.84  6.03 -8.31  3.08 -9.73  3.43 -1.15 
utt>   186                  file_187  838    0   220 8  1 2 2.022972e-12 -1.510066e+02 -1.265435e+05
INFO: cmn.c(183): CMN: 53.07  8.16  3.73 -6.34  3.90 -9.24 -14.36 18.75 -11.04 -0.85 -5.52 -3.64  2.53 
utt>   187                  file_188  788    0   224 8  1 2 2.129249e-12 -1.524653e+02 -1.201427e+05
INFO: cmn.c(183): CMN: 51.01 11.99 -1.82 -2.15 -5.66 -3.85 -9.05 12.11 -5.86  0.88 -5.79  1.64 -2.64 
utt>   188                  file_189  845    0   224 8  1 2 1.535784e-12 -1.516347e+02 -1.281313e+05
INFO: cmn.c(183): CMN: 49.46 10.70  3.24 -1.93 -3.48 -4.30 -6.51 10.45  0.46 -3.60 -3.93 -1.40 -1.23 
utt>   189                  file_190  815    0   224 8  1 2 2.021969e-12 -1.513917e+02 -1.233843e+05
INFO: cmn.c(183): CMN: 50.39 11.03  3.41 -2.32 -12.26 -5.59 -5.39  9.81 -3.89 -2.52 -7.02 -2.78 -1.49 
utt>   190                  file_191  808    0   228 8  1 2 1.955816e-12 -1.499317e+02 -1.211448e+05
INFO: cmn.c(183): CMN: 48.53 12.19 -1.74 -4.48 -7.11 -6.34 -2.13  7.25 -2.36 -3.23 -4.31  0.58 -3.09 
utt>   191                  file_192  849    0   224 9  1 2 1.875140e-12 -1.504682e+02 -1.277475e+05
INFO: cmn.c(183): CMN: 50.85 10.63 -0.64 -4.22 -8.38 -6.32 -2.07  4.05  1.23 -2.81 -3.57 -1.82 -0.54 
utt>   192                  file_193  814    0   212 8  1 2 1.187726e-12 -1.497541e+02 -1.218998e+05
INFO: cmn.c(183): CMN: 53.11 12.34 -3.03 -5.64 -5.39 -7.65 -5.65  6.36 -4.62 -1.43 -6.77 -0.78 -4.34 
utt>   193                  file_194  812    0   212 8  1 2 2.478838e-12 -1.498159e+02 -1.216505e+05
INFO: cmn.c(183): CMN: 49.49 13.04  2.44 -6.23 -3.29 -6.84 -5.37 10.27 -3.30 -0.69 -7.61 -1.24 -0.67 
utt>   194                  file_195  851    0   220 8  1 2 1.954665e-12 -1.507850e+02 -1.283181e+05
INFO: cmn.c(183): CMN: 51.30 12.63  1.46 -5.56 -3.89 -4.73 -7.22 11.42 -3.99 -3.17 -3.88 -2.62  0.54 
utt>   195                  file_196  804    0   232 9  1 2 1.860707e-12 -1.510968e+02 -1.214818e+05
INFO: cmn.c(183): CMN: 49.59 12.42  1.81 -4.75 -6.01 -8.46 -6.04  7.48 -8.97 -4.01 -6.10 -2.40 -0.27 
utt>   196                  file_197  869    0   216 8  1 2 1.899000e-12 -1.519837e+02 -1.320739e+05
INFO: cmn.c(183): CMN: 51.48  8.71 -0.33 -4.40 -3.29 -9.90 -3.52  8.05 -2.20 -2.14 -5.29 -5.15  1.75 
utt>   197                  file_198  802    0   220 8  1 2 1.476776e-12 -1.517189e+02 -1.216785e+05
INFO: cmn.c(183): CMN: 48.77 13.00 -3.07 -4.27 -2.21 -8.92 -2.93  8.38 -3.93  1.83 -10.75  1.69 -4.18 
utt>   198                  file_199  850    0   216 9  1 2 1.315785e-12 -1.522434e+02 -1.294069e+05
INFO: cmn.c(183): CMN: 46.49 14.30  0.39  0.45 -10.16 -4.41 -1.90  6.32 -0.34 -9.42  0.15 -0.61 -6.78 
utt>   199                  file_200  878    0   224 10  1 2 1.906998e-12 -1.523976e+02 -1.338051e+05
INFO: cmn.c(183): CMN: 46.25  8.39  2.13 -3.25  9.74 -19.78  2.64 -1.18 -10.39  2.37 -3.59 -3.93  0.59 
utt>   200                  file_201 1493    0   288 12  1 2 1.506864e-12 -1.518137e+02 -2.266579e+05
INFO: cmn.c(183): CMN: 43.96 20.81  5.09 -12.10  5.43 -6.15 -4.60 -7.53 -3.02 -0.39 -1.88 -3.35 -0.66 
utt>   201                  file_202 1352    0   288 12  1 2 1.991633e-12 -1.522908e+02 -2.058972e+05
INFO: cmn.c(183): CMN: 51.16 15.06 -0.23 -17.98  7.43 -5.76 -6.62  0.54 -10.17  0.00 -4.64 -4.38 -4.78 
utt>   202                  file_203 1226    0   288 10  1 2 1.931962e-12 -1.524112e+02 -1.868561e+05
INFO: cmn.c(183): CMN: 47.60 19.83 -0.07 -14.88 10.46 -4.65 -10.95  0.95 -10.59  1.39 -3.87 -4.71 -4.48 
utt>   203                  file_204 1186    0   284 11  1 2 2.108205e-12 -1.518990e+02 -1.801523e+05
INFO: cmn.c(183): CMN: 46.38 20.59  3.70 -18.51  6.93 -1.62 -14.24  4.28 -11.87  1.24 -5.02 -1.85 -5.40 
utt>   204                  file_205 1202    0   284 10  1 2 1.981009e-12 -1.525867e+02 -1.834092e+05
INFO: cmn.c(183): CMN: 49.79 17.92 -8.49 -14.10  0.83 -5.08  5.57  2.00 -6.08  2.66 -5.36 -1.27 -2.72 
utt>   205                  file_206 1105    0   284 10  1 2 1.415104e-12 -1.520568e+02 -1.680228e+05
INFO: cmn.c(183): CMN: 47.95 15.22  0.80 -17.88 -1.54  4.53 -7.69  9.11 -6.52  3.40 -5.31 -1.27 -1.15 
utt>   206                  file_207 1216    0   292 10  1 2 1.717675e-12 -1.537388e+02 -1.869464e+05
INFO: cmn.c(183): CMN: 47.24 18.43  3.63 -18.68 -4.00  6.77 -8.27  8.26 -4.75  1.73 -1.61 -1.86  0.08 
utt>   207                  file_208 1122    0   288 10  1 2 2.091014e-12 -1.531257e+02 -1.718070e+05
INFO: cmn.c(183): CMN: 49.96 18.39 -2.05 -19.73 -2.36  1.71 -5.86  7.37 -2.54 -1.15 -0.52 -3.49 -0.38 
utt>   208                  file_209 1073    0   288 11  1 2 2.325661e-12 -1.515056e+02 -1.625655e+05
INFO: cmn.c(183): CMN: 49.28 14.16 -0.72 -15.74 -6.01  3.05 -4.40  4.67 -3.01  0.58 -4.46 -2.49 -0.80 
utt>   209                  file_210 1126    0   288 10  1 3 2.430524e-12 -1.525958e+02 -1.718229e+05
INFO: cmn.c(183): CMN: 45.81 15.33 -6.19 -8.95 -5.06 -0.55  1.06  7.94 -2.41  1.00  5.74 -7.75  1.00 
utt>   210                  file_211 1146    0   292 13  1 2 1.686802e-12 -1.539363e+02 -1.764109e+05
INFO: cmn.c(183): CMN: 47.73 18.96 -4.40 -17.17  3.08 -7.89  1.58  8.52 -8.31  4.55 -4.90 -1.09  1.20 
utt>   211                  file_212 1083    0   288 12  1 2 2.173186e-12 -1.539025e+02 -1.666764e+05
INFO: cmn.c(183): CMN: 46.44 12.41 -0.81 -21.07 -0.04  0.71 -5.60 13.33 -8.00  0.85 -2.64 -3.42  0.65 
utt>   212                  file_213 1199    0   292 10  1 2 1.735667e-12 -1.539547e+02 -1.845916e+05
INFO: cmn.c(183): CMN: 47.92 18.90  0.39 -20.97  3.25 -0.42 -4.23 15.59 -8.22  5.76 -3.15 -1.84  1.12 
utt>   213                  file_214 1093    0   280 11  1 2 2.186834e-12 -1.529684e+02 -1.671945e+05
INFO: cmn.c(183): CMN: 44.36 16.51  3.99 -17.95  3.10 -2.58 -4.02 13.27 -9.22  4.55 -4.23 -0.77 -0.14 
utt>   214                  file_215 1139    0   288 11  1 3 2.732451e-12 -1.541292e+02 -1.755532e+05
INFO: cmn.c(183): CMN: 49.23 17.00 -3.99 -18.75  4.45 -5.65 -1.96 12.19 -7.93  3.91 -3.00 -1.32  0.86 
utt>   215                  file_216 1076    0   292 11  1 2 1.984582e-12 -1.520529e+02 -1.636090e+05
INFO: cmn.c(183): CMN: 47.47 19.32 -0.02 -20.96  1.50 -4.08 -0.09 10.88 -10.22  3.15 -5.40  1.11 -0.37 
utt>   216                  file_217 1067    0   292 11  1 2 1.976559e-12 -1.525577e+02 -1.627791e+05
INFO: cmn.c(183): CMN: 45.89 22.69 -1.97 -12.27  1.42 -9.76  7.71  8.12 -0.62  3.55 -1.55 -0.08 -2.21 
utt>   217                  file_218 1105    0   292 11  1 3 1.954100e-12 -1.533043e+02 -1.694012e+05
INFO: cmn.c(183): CMN: 49.20 23.18 -3.22 -12.18 -11.33 -0.13 -6.11 10.07 -8.29 -3.53  0.10 -0.82 -5.31 
utt>   218                  file_219 1101    0   288 11  1 3 2.071110e-12 -1.540564e+02 -1.696161e+05
INFO: cmn.c(183): CMN: 47.96 25.58 -1.01 -8.97 -8.23 -1.02 -0.59 10.43 -1.35 -5.10  1.75 -0.60 -2.88 
utt>   219                  file_220 1062    0   284 14  1 3 2.134577e-12 -1.547665e+02 -1.643620e+05
INFO: cmn.c(183): CMN: 46.38 19.53 10.05 -20.04  1.49  2.51 -12.65 18.11 -2.69  4.40 -2.46 -4.16 -0.25 
utt>   220                  file_221 1045    0   292 11  1 3 2.696686e-12 -1.538726e+02 -1.607968e+05
INFO: cmn.c(183): CMN: 45.65 18.50  9.27 -15.60  0.30  3.87 -5.83 15.65 -1.73  7.40 -3.72 -1.08  3.50 
utt>   221                  file_222 1138    0   284 11  1 2 2.063585e-12 -1.519750e+02 -1.729475e+05
INFO: cmn.c(183): CMN: 48.57 19.21 -1.48 -14.97  4.60 -5.31  0.31 17.84 -1.85  4.47 -5.27 -2.58  1.46 
utt>   222                  file_223 1063    0   292 10  1 3 2.253698e-12 -1.501424e+02 -1.596013e+05
INFO: cmn.c(183): CMN: 50.00 18.16  4.86 -18.78  2.27 -3.08 -6.00 17.99 -1.12  6.49  0.42 -4.06  1.16 
utt>   223                  file_224 1087    0   280 12  1 2 2.049868e-12 -1.509803e+02 -1.641156e+05
INFO: cmn.c(183): CMN: 46.19 20.22  3.97 -15.28  3.53 -2.44 -5.29 16.98 -2.27  5.95  0.81 -3.18  1.94 
utt>   224                  file_225 1131    0   288 11  1 3 2.030539e-12 -1.534277e+02 -1.735267e+05
INFO: cmn.c(183): CMN: 48.93 22.84  4.94 -20.21  4.66 -3.18 -6.26 18.88 -2.67  5.78 -3.29 -2.56  1.56 
utt>   225                  file_226  996    0   292 12  1 3 2.585111e-12 -1.523313e+02 -1.517220e+05
INFO: cmn.c(183): CMN: 45.63 19.43  8.64 -18.50  1.79  2.15 -8.72 20.04 -3.25  8.09 -0.35 -3.45  1.68 
utt>   226                  file_227 1144    0   288 12  1 2 2.181571e-12 -1.522011e+02 -1.741180e+05
INFO: cmn.c(183): CMN: 44.46 20.87  7.08 -17.74  1.06  0.06 -6.41 18.08 -5.98  8.71 -2.31 -0.28  3.53 
utt>   227                  file_228 1075    0   292 11  1 3 1.758009e-12 -1.524892e+02 -1.639259e+05
INFO: cmn.c(183): CMN: 46.56 20.27  2.42 -18.07  2.84 -4.31 -3.83 21.74 -5.30  8.41 -3.42 -3.13 -0.24 
utt>   228                  file_229 1098    0   284 11  1 2 2.342871e-12 -1.507432e+02 -1.655160e+05
INFO: cmn.c(183): CMN: 45.52 20.24  5.69 -17.55  5.29 -1.72 -3.31 19.47 -3.24  6.37 -2.05 -2.85  2.18 
utt>   229                  file_230 1051    0   288 11  1 2 1.294502e-12 -1.522076e+02 -1.599702e+05
INFO: cmn.c(183): CMN: 44.89 18.63  5.44 -25.82  7.35  0.10  5.83 17.26 -6.00  4.94 -0.98 -1.29  0.43 
utt>   230                  file_231 1033    0   288 12  1 3 1.882210e-12 -1.525085e+02 -1.575413e+05
INFO: cmn.c(183): CMN: 44.51 17.19  7.69 -21.65  5.13 -0.18 -0.30 20.98 -6.66  6.69  0.35 -0.02 -2.22 
utt>   231                  file_232 1094    0   292 13  1 2 1.971141e-12 -1.531259e+02 -1.675197e+05
INFO: cmn.c(183): CMN: 45.69 15.12  3.27 -21.09  7.24  3.55  1.65 23.38 -4.46  3.63 -3.47  0.19 -3.83 
utt>   232                  file_233 1144    0   288 10  1 2 1.480072e-12 -1.516617e+02 -1.735010e+05
INFO: cmn.c(183): CMN: 42.53 16.71  5.99 -21.78  8.09 -0.73  3.22 18.37 -7.64  1.45 -1.75 -0.46 -3.25 
utt>   233                  file_234 1095    0   284 10  1 2 1.497529e-12 -1.517512e+02 -1.661675e+05
INFO: cmn.c(183): CMN: 43.68 21.40  7.88 -21.53  6.97  0.93 -1.12 16.66 -7.89  1.15 -4.63  3.78 -2.66 
utt>   234                  file_235  973    0   292 12  1 3 2.766951e-12 -1.524514e+02 -1.483352e+05
INFO: cmn.c(183): CMN: 42.19 17.80  8.89 -19.89  3.39  0.55 -1.24 20.96 -7.68  1.79 -3.39  3.74 -1.01 
utt>   235                  file_236 1085    0   288 12  1 3 2.141028e-12 -1.532603e+02 -1.662874e+05
INFO: cmn.c(183): CMN: 43.85 21.71  3.05 -20.98 -0.57  3.51 -0.44 16.94 -0.54  1.89 -2.82  1.06  1.08 
utt>   236                  file_237 1068    0   284 12  1 3 1.839926e-12 -1.525919e+02 -1.629681e+05
INFO: cmn.c(183): CMN: 43.63 19.46  0.52 -17.32  3.81 -3.90  7.54 12.25 -1.98  3.98 -3.38  5.39 -1.48 
utt>   237                  file_238 1087    0   288 12  1 2 1.333715e-12 -1.514463e+02 -1.646221e+05
INFO: cmn.c(183): CMN: 45.53 21.13 -2.74 -18.18  1.78 -4.81  4.80 14.35 -3.61  6.29 -3.75  6.17 -3.57 
utt>   238                  file_239 1069    0   288 12  1 3 2.188945e-12 -1.524517e+02 -1.629709e+05
INFO: cmn.c(183): CMN: 44.92 20.66  2.72 -18.63  3.20 -4.75  3.80 12.40  0.12  4.63 -5.68  5.18 -4.57 
utt>   239                  file_240 1067    0   288 12  1 3 1.758019e-12 -1.513340e+02 -1.614734e+05
INFO: cmn.c(183): CMN: 44.07 19.80 -3.15 -11.85 -1.43 -8.69  0.39 12.50  4.48 -0.40  1.58  3.19 -4.78 
utt>   240                  file_241 1106    0   292 12  1 2 2.632427e-12 -1.527946e+02 -1.689908e+05
INFO: cmn.c(183): CMN: 46.22 21.46 -2.13 -11.67 -1.69 -5.73  5.15 10.28  4.72 -2.36  0.65  3.38 -3.43 
utt>   241                  file_242 1075    0   284 13  1 2 1.830208e-12 -1.527340e+02 -1.641890e+05
INFO: cmn.c(183): CMN: 47.79 17.74 -3.85 -16.14 -1.09 -11.68  8.46  9.96  9.11  2.44  1.08  4.69 -6.60 
utt>   242                  file_243 1034    0   284 11  1 3 1.887253e-12 -1.526453e+02 -1.578352e+05
INFO: cmn.c(183): CMN: 48.63 21.80 -2.42 -18.16  4.38 -10.71 10.68  8.86  5.20 -2.32 -0.59  0.08 -3.50 
utt>   243                  file_244 1009    0   280 11  1 2 1.652168e-12 -1.518412e+02 -1.532078e+05
INFO: cmn.c(183): CMN: 46.28 21.13 -0.17 -18.86  2.17 -12.48  5.81 14.85  3.18  0.61  0.68  5.27 -3.07 
utt>   244                  file_245 1068    0   284 11  1 2 2.189053e-12 -1.521035e+02 -1.624465e+05
INFO: cmn.c(183): CMN: 44.49 19.21  5.36 -11.60  3.51 -4.00  5.31  8.93  1.13 -4.52 -4.56  1.28 -6.87 
utt>   245                  file_246 1133    0   292 10  1 3 1.723108e-12 -1.512997e+02 -1.714226e+05
INFO: cmn.c(183): CMN: 45.09 21.72  2.68 -17.80  3.21 -3.07  4.85 15.58 -0.61  3.00 -7.87  5.11 -6.02 
utt>   246                  file_247 1079    0   292 10  1 3 2.194156e-12 -1.505192e+02 -1.624103e+05
INFO: cmn.c(183): CMN: 47.10 19.73  0.88 -18.17  0.84 -4.59  2.38 14.67 -0.60  5.43 -4.66  5.07 -3.43 
utt>   247                  file_248 1086    0   288 10  1 2 2.000024e-12 -1.507286e+02 -1.636913e+05
INFO: cmn.c(183): CMN: 46.56 18.96 -2.66 -10.00  0.92 -8.82  8.06  6.41  5.35  7.64 -4.94 -0.38 -2.24 
utt>   248                  file_249 1085    0   292 12  1 3 2.458264e-12 -1.514894e+02 -1.643659e+05
INFO: cmn.c(183): CMN: 45.00 12.67  2.09 -10.16  1.88 -6.99  9.13  7.43  4.92  7.61 -5.17 -0.78  0.21 
utt>   249                  file_250 1135    0   284 10  1 2 1.594553e-12 -1.511754e+02 -1.715841e+05
INFO: cmn.c(183): CMN: 50.00 23.82 -0.72 -15.42  1.31 -7.30  5.62 15.07  1.95  5.90 -8.53 -0.17 -0.34 
utt>   250                  file_251 1059    0   288 10  1 3 1.880384e-12 -1.509597e+02 -1.598663e+05
INFO: cmn.c(183): CMN: 47.43 22.88 -0.17 -17.63  1.59 -9.44  5.47 16.02  2.24  7.14 -7.50  1.55 -0.60 
utt>   251                  file_252 1085    0   292 11  1 3 1.804895e-12 -1.514047e+02 -1.642742e+05
INFO: cmn.c(183): CMN: 51.41 19.75  0.06 -19.85  1.33 -12.85  7.92 10.63  3.82  1.17 -8.93 -4.51 -0.60 
utt>   252                  file_253 1056    0   288 10  1 2 1.902020e-12 -1.510498e+02 -1.595086e+05
INFO: cmn.c(183): CMN: 50.50 20.65 -2.82 -17.85  1.94 -9.36  4.31 13.72  2.41  6.35 -6.78 -1.98  0.81 
utt>   253                  file_254 1086    0   280 11  1 2 2.065913e-12 -1.507967e+02 -1.637652e+05
INFO: cmn.c(183): CMN: 53.62 14.41 -6.30 -10.86 -0.01 -13.40  1.33 -1.16  4.40 -2.77 -5.26  2.65 -10.27 
utt>   254                  file_255 1358    0   280 11  1 3 2.344343e-12 -1.529333e+02 -2.076834e+05
INFO: cmn.c(183): CMN: 49.49 18.35 -2.70 -16.33  5.70 -8.91  2.70 13.67 -2.40  9.49 -5.31 -6.01 -1.49 
utt>   255                  file_256 1062    0   284 11  1 3 1.912517e-12 -1.507962e+02 -1.601456e+05
INFO: cmn.c(183): CMN: 48.39 19.49 -1.02 -16.94  4.01 -13.34  6.11  9.42 -0.12  8.26 -7.12 -3.06  0.33 
utt>   256                  file_257 1159    0   288 11  1 2 1.563391e-12 -1.515451e+02 -1.756408e+05
INFO: cmn.c(183): CMN: 49.96 15.88  3.15 -22.00  4.42 -10.18  7.00 13.49  3.52  7.94 -6.49 -4.56  1.12 
utt>   257                  file_258 1045    0   292 9  1 2 1.850301e-12 -1.516787e+02 -1.585042e+05
INFO: cmn.c(183): CMN: 50.03 15.01  1.56 -17.04  2.61 -10.70 -2.13 13.59 -4.38  7.96 -4.23 -0.74 -2.44 
utt>   258                  file_259 1078    0   288 10  1 2 1.961548e-12 -1.513960e+02 -1.632049e+05
INFO: cmn.c(183): CMN: 47.54 14.03  5.46 -20.19  5.40 -4.39 -4.06 18.30 -1.89  6.76 -2.13 -2.02 -2.85 
utt>   259                  file_260 1080    0   288 11  1 2 1.785473e-12 -1.524712e+02 -1.646689e+05
INFO: cmn.c(183): CMN: 51.15 18.76  0.92 -10.31  5.70 -5.76 -7.45  5.18 -5.41  7.28 -1.62  0.20  1.60 
utt>   260                  file_261 1042    0   284 10  1 3 1.944410e-12 -1.515513e+02 -1.579164e+05
INFO: cmn.c(183): CMN: 49.22 19.45 -1.17 -14.21  7.61 -7.04 -4.07  2.59 -2.89  5.66  0.80 -0.08  1.14 
utt>   261                  file_262 1045    0   280 11  1 2 1.926543e-12 -1.517300e+02 -1.585579e+05
INFO: cmn.c(183): CMN: 49.49 14.50 -4.57 -10.86  0.35 -7.78 12.59  7.70  2.78  3.77  2.96 -4.33 -4.07 
utt>   262                  file_263 1128    0   272 10  1 2 1.916419e-12 -1.509582e+02 -1.702809e+05
INFO: cmn.c(183): CMN: 49.12 17.70 -2.41 -15.12  0.07 -7.25 10.04  4.95  9.04  5.99  5.33 -2.68 -3.41 
utt>   263                  file_264 1011    0   272 11  1 2 1.853836e-12 -1.515003e+02 -1.531669e+05
INFO: cmn.c(183): CMN: 46.24 24.05 -0.18 -14.15  1.33 -9.86  7.55  9.81  2.66  8.17  1.45 -3.18 -2.68 
utt>   264                  file_265 1086    0   280 10  1 3 1.814657e-12 -1.508210e+02 -1.637916e+05
INFO: cmn.c(183): CMN: 47.53 22.10 -0.45 -14.99  0.37 -6.23  1.36 11.14 -5.03 10.76 -3.89 -4.65 -2.04 
utt>   265                  file_266 1114    0   276 11  1 2 2.060931e-12 -1.526692e+02 -1.700735e+05
INFO: cmn.c(183): CMN: 48.88 23.04  0.09 -16.47 -1.86 -10.45  3.42 15.43 -4.46  9.07  3.66 -5.08 -1.50 
utt>   266                  file_267 1007    0   284 12  1 3 1.977698e-12 -1.516204e+02 -1.526817e+05
INFO: cmn.c(183): CMN: 47.33 16.98 -0.56 -10.22  3.35 -16.01  9.43 14.41 -2.19  7.85  5.72 -3.09 -3.23 
utt>   267                  file_268 1029    0   280 9  1 2 1.796134e-12 -1.510338e+02 -1.554138e+05
INFO: cmn.c(183): CMN: 46.31 24.02  1.46 -13.37 -0.35 -10.14  0.38 11.44 -6.39 10.74  1.24 -4.06  0.37 
utt>   268                  file_269 1113    0   280 12  1 2 2.048407e-12 -1.524360e+02 -1.696613e+05
INFO: cmn.c(183): CMN: 44.67 18.69  1.81 -12.70 -2.20 -5.59  2.50 10.71 -4.63  7.57 -1.84 -0.77  0.38 
utt>   269                  file_270 1146    0   280 11  1 2 2.023656e-12 -1.508130e+02 -1.728317e+05
INFO: cmn.c(183): CMN: 45.10 21.39 -0.12 -13.80 -0.05 -3.55  3.32 14.56  0.68 14.39 -1.31  2.29 -3.54 
utt>   270                  file_271 1042    0   280 11  1 3 2.075859e-12 -1.504400e+02 -1.567585e+05
INFO: cmn.c(183): CMN: 48.80 17.31 -1.14 -17.78  1.23 -4.81  2.95 13.84  0.57 15.91 -2.21 -1.30 -3.76 
utt>   271                  file_272 1038    0   276 11  1 2 2.235259e-12 -1.507454e+02 -1.564737e+05
INFO: cmn.c(183): CMN: 44.37 18.55  2.76 -14.67  0.92 -4.30  1.81 12.35 -2.93 12.38 -2.75 -2.30 -1.92 
utt>   272                  file_273 1174    0   284 11  1 2 1.875589e-12 -1.509608e+02 -1.772280e+05
INFO: cmn.c(183): CMN: 45.00 19.91 -0.03 -19.97  4.61 -5.15  5.34 11.61 -4.59 10.91 -6.13 -4.03 -4.07 
utt>   273                  file_274 1050    0   268 11  1 2 2.607676e-12 -1.514046e+02 -1.589748e+05
INFO: cmn.c(183): CMN: 44.83 22.01  4.95 -18.35  3.75 -6.69  2.77  8.67 -1.54 10.21 -2.62 -1.53 -2.45 
utt>   274                  file_275 1046    0   276 11  1 2 2.168582e-12 -1.512625e+02 -1.582205e+05
INFO: cmn.c(183): CMN: 44.99 20.25  5.06 -20.03  2.57 -4.23 -2.32 12.64  0.80 10.50 -2.31 -0.85  0.15 
utt>   275                  file_276 1125    0   280 11  1 2 1.666347e-12 -1.516034e+02 -1.705538e+05
INFO: cmn.c(183): CMN: 42.43 22.63  3.14 -18.98  4.64 -3.40  4.57 10.89 -0.59 10.40 -5.80 -1.25 -2.24 
utt>   276                  file_277 1065    0   280 12  1 3 2.590739e-12 -1.516519e+02 -1.615093e+05
INFO: cmn.c(183): CMN: 42.34 20.72  0.87 -17.56  1.46 -3.61  4.97 14.08 -2.33 12.35 -1.88 -4.61 -2.13 
utt>   277                  file_278 1168    0   280 11  1 2 1.772654e-12 -1.520326e+02 -1.775740e+05
INFO: cmn.c(183): CMN: 41.76 21.24  2.50 -15.67  0.82  0.91  0.46 13.71 -3.62 10.27 -1.51 -3.93  1.22 
utt>   278                  file_279 1122    0   280 12  1 3 1.941477e-12 -1.513562e+02 -1.698217e+05
INFO: cmn.c(183): CMN: 41.23 19.38  3.04 -13.25  1.88 -7.68  4.70 14.11 -3.40  9.57 -2.05 -0.09 -2.72 
utt>   279                  file_280 1177    0   284 10  1 2 2.097918e-12 -1.513503e+02 -1.781393e+05
INFO: cmn.c(183): CMN: 44.06 21.88 -0.40 -16.88  1.34 -7.02  3.58 12.77 -5.46 11.24 -1.08 -0.28 -0.63 
utt>   280                  file_281 1034    0   284 11  1 2 2.567001e-12 -1.526559e+02 -1.578462e+05
INFO: cmn.c(183): CMN: 43.98 24.62  1.73 -16.42  2.26 -6.21  2.51  9.57 -2.73 10.71 -5.04 -0.69 -2.42 
utt>   281                  file_282 1026    0   292 12  1 3 2.363974e-12 -1.520755e+02 -1.560294e+05
INFO: cmn.c(183): CMN: 45.99 23.16 -1.99 -14.30 -1.26 -8.52  8.86  9.07  1.39  7.45 -8.17  0.74 -4.74 
utt>   282                  file_283 1098    0   288 10  1 2 2.086321e-12 -1.512579e+02 -1.660811e+05
INFO: cmn.c(183): CMN: 47.01 20.80  0.44 -13.40  1.79 -7.54  4.77 11.15 -3.43  6.67  3.52 -3.80 -0.36 
utt>   283                  file_284 1085    0   284 11  1 2 1.854874e-12 -1.510681e+02 -1.639089e+05
INFO: cmn.c(183): CMN: 43.60 22.16  2.91 -16.80  2.07 -5.24  2.31 10.81 -3.96  9.97 -3.24 -0.91  1.21 
utt>   284                  file_285 1084    0   288 11  1 3 1.855807e-12 -1.517759e+02 -1.645251e+05
INFO: cmn.c(183): CMN: 42.14 18.79  4.47 -18.56  3.17 -3.99  1.67 11.25 -2.03  9.32 -3.40 -0.49  0.61 
utt>   285                  file_286 1121    0   288 12  1 2 1.673377e-12 -1.521491e+02 -1.705591e+05
INFO: cmn.c(183): CMN: 45.77 22.88  1.20 -20.86  4.02 -6.92  3.99  8.34  2.30  8.00 -3.95 -1.16  0.01 
utt>   286                  file_287 1065    0   284 9  1 2 1.421503e-12 -1.508482e+02 -1.606533e+05
INFO: cmn.c(183): CMN: 43.09 21.43  4.48 -18.79  1.65 -1.75 -0.11 11.09 -4.46  8.71 -3.56  1.09  0.62 
utt>   287                  file_288 1102    0   288 11  1 2 1.887647e-12 -1.516054e+02 -1.670692e+05
INFO: cmn.c(183): CMN: 44.39 18.79  1.04 -16.83  3.06 -6.98  5.40 10.20  0.31  9.47 -2.95 -0.51 -2.02 
utt>   288                  file_289 1104    0   288 10  1 2 2.476489e-12 -1.502085e+02 -1.658302e+05
INFO: cmn.c(183): CMN: 42.02 24.02  5.03 -19.25  4.50 -4.67  4.53  5.79  0.50  2.63 -1.07  2.84  1.82 
utt>   289                  file_290 1069    0   292 12  1 2 1.746858e-12 -1.522936e+02 -1.628019e+05
INFO: cmn.c(183): CMN: 45.33 23.96  6.14 -16.40  5.73 -4.70  1.57  9.25 -1.44  7.62 -4.85 -1.03 -4.56 
utt>   290                  file_291 1154    0   288 12  1 3 2.286652e-12 -1.514778e+02 -1.748054e+05
INFO: cmn.c(183): CMN: 45.40 22.85  0.91 -16.64  1.65 -9.98  4.46 10.84 -4.82 10.37  0.07 -2.08 -0.80 
utt>   291                  file_292 1032    0   296 13  1 3 2.384219e-12 -1.526608e+02 -1.575459e+05
INFO: cmn.c(183): CMN: 44.20 23.14  1.75 -15.99  0.70 -6.02  3.87 14.21 -3.52 10.84 -3.89 -3.51 -3.37 
utt>   292                  file_293 1073    0   288 11  1 3 2.674247e-12 -1.523430e+02 -1.634640e+05
INFO: cmn.c(183): CMN: 44.44 19.70  0.36 -12.21  2.04 -5.99  4.15 13.87 -7.95  8.55 -0.96 -4.77 -3.29 
utt>   293                  file_294 1136    0   280 12  1 2 1.852762e-12 -1.520408e+02 -1.727183e+05
INFO: cmn.c(183): CMN: 43.72 18.69  3.28 -18.27  3.45 -2.79 -1.52 11.06 -2.95 11.19 -3.74 -2.86  0.25 
utt>   294                  file_295 1125    0   288 11  1 2 1.711471e-12 -1.521805e+02 -1.712030e+05
INFO: cmn.c(183): CMN: 47.14 23.06 -1.28 -16.67 -1.05 -6.63  2.59 11.68 -2.17 12.71 -2.73 -1.28 -2.13 
utt>   295                  file_296 1036    0   292 11  1 3 1.993641e-12 -1.534680e+02 -1.589929e+05
INFO: cmn.c(183): CMN: 48.73 18.96  1.88 -18.46  1.56 -7.14  2.47 12.34 -2.65  5.73 -1.74 -3.42 -1.19 
utt>   296                  file_297 1157    0   284 12  1 2 1.725728e-12 -1.523849e+02 -1.763093e+05
INFO: cmn.c(183): CMN: 45.86 21.05  1.65 -15.37 -3.92 -7.22  1.90 12.00 -2.84  9.96 -5.64  3.92 -0.51 
utt>   297                  file_298 1084    0   288 11  1 3 1.985386e-12 -1.512280e+02 -1.639312e+05
INFO: cmn.c(183): CMN: 45.86 20.89  0.52 -16.89  0.89 -8.03  2.80 12.77 -3.24  9.33 -2.28 -1.33  0.38 
utt>   298                  file_299 1138    0   288 11  1 2 1.626510e-12 -1.518285e+02 -1.727808e+05
INFO: cmn.c(183): CMN: 46.28 20.22  4.84 -17.25 -0.28 -6.92  1.08 13.15 -2.94 12.58 -0.96 -1.67  0.38 
utt>   299                  file_300 1084    0   284 12  1 3 1.954692e-12 -1.509027e+02 -1.635785e+05
INFO: cmn.c(183): CMN: 49.32 18.28 -3.10 -17.45  4.12 -4.38  0.88 18.44 -0.89  6.73 -4.70 -3.42 -7.15 
utt>   300                  file_301 1147    0   288 13  1 3 1.947375e-12 -1.524176e+02 -1.748230e+05
INFO: cmn.c(183): CMN: 45.46 20.21  0.79 -18.27  0.66 -0.56 -1.81  9.88  3.19  6.35 -6.48 -3.34 -8.62 
utt>   301                  file_302 1273    0   292 14  1 3 2.150253e-12 -1.530724e+02 -1.948612e+05
INFO: cmn.c(183): CMN: 48.59 17.65  1.46 -13.94  0.04 -2.14  0.73 15.23  1.22  3.16 -4.01 -3.40 -6.40 
utt>   302                  file_303 1258    0   296 14  1 3 1.759088e-12 -1.535376e+02 -1.931503e+05
INFO: cmn.c(183): CMN: 50.28 15.31  0.14 -15.85  0.67 -7.79  5.43 15.28 -2.80  8.93 -0.23 -2.84 -8.60 
utt>   303                  file_304 1244    0   284 14  1 2 1.760042e-12 -1.535209e+02 -1.909800e+05
INFO: cmn.c(183): CMN: 46.79 19.31  0.43 -17.04 -1.27 -6.58 -0.30 15.75 -0.75  6.76  0.15 -5.23 -7.34 
utt>   304                  file_305 1310    0   288 14  1 2 1.757158e-12 -1.530454e+02 -2.004895e+05
INFO: cmn.c(183): CMN: 45.85 18.74  0.54 -19.49 -1.69 -5.36  0.30 10.98  4.79  5.72 -0.58 -1.70 -8.16 
utt>   305                  file_306 1385    0   288 18  1 3 1.904732e-12 -1.529776e+02 -2.118739e+05
INFO: cmn.c(183): CMN: 45.88 18.90  1.53 -16.29 -2.92 -5.52  0.12 15.49  0.80  5.67  1.52 -3.23 -6.25 
utt>   306                  file_307 1280    0   292 14  1 2 1.837110e-12 -1.531827e+02 -1.960738e+05
INFO: cmn.c(183): CMN: 47.37 15.74  1.82 -17.81 -5.50 -2.56 -3.61 12.03  1.09  8.63 -1.45 -0.48 -9.56 
utt>   307                  file_308 1460    0   288 13  1 2 1.883263e-12 -1.534059e+02 -2.239727e+05
INFO: cmn.c(183): CMN: 49.90 14.69 -3.70 -19.36 -2.39 -4.21  2.11 15.79 -2.34  6.05  1.80 -4.81 -6.66 
utt>   308                  file_309 1343    0   288 13  1 2 2.347550e-12 -1.518771e+02 -2.039709e+05
INFO: cmn.c(183): CMN: 50.70 15.96  5.00 -17.85 -1.74 -4.12 -0.63 13.65 -0.69  7.52 -2.99 -2.75 -6.23 
utt>   309                  file_310 1383    0   288 12  1 2 1.849291e-12 -1.518327e+02 -2.099847e+05
INFO: cmn.c(183): CMN: 47.71 19.59 -3.56 -19.67 -0.29 -3.23 -3.69 12.34 -0.16  3.79  1.44 -1.58 -6.14 
utt>   310                  file_311 1422    0   280 14  1 2 1.496625e-12 -1.523316e+02 -2.166155e+05
INFO: cmn.c(183): CMN: 50.47 22.39 -1.26 -20.92 -1.39 -3.88 -1.22 12.32  2.99  2.52 -0.36  1.77 -7.22 
utt>   311                  file_312 1308    0   288 15  1 3 2.191245e-12 -1.524725e+02 -1.994341e+05
INFO: cmn.c(183): CMN: 45.47 15.17 -1.08 -9.40  0.43 -6.09  2.68 14.11 -4.27  8.01 -0.30 -3.95 -6.18 
utt>   312                  file_313 1481    0   284 14  1 2 2.120763e-12 -1.531267e+02 -2.267807e+05
INFO: cmn.c(183): CMN: 47.13 18.15 -9.63 -12.70  3.26 -9.00 -1.10 15.93  1.64  3.21 -1.57 -0.08 -5.07 
utt>   313                  file_314 1478    0   272 14  1 2 1.636814e-12 -1.524880e+02 -2.253773e+05
INFO: cmn.c(183): CMN: 45.23 20.34 -8.18 -11.59  1.29 -10.15 -3.19 14.65  0.89 -7.19  3.49  1.30 -5.77 
utt>   314                  file_315 1399    0   292 16  1 3 1.919958e-12 -1.521467e+02 -2.128533e+05
INFO: cmn.c(183): CMN: 45.77 21.87 -5.06 -17.31 -2.89 -2.18  0.42  8.91  4.22  1.06  0.42 -2.17 -5.11 
utt>   315                  file_316 1343    0   284 16  1 2 1.998903e-12 -1.523990e+02 -2.046718e+05
INFO: cmn.c(183): CMN: 44.56 22.16 -2.78 -15.90 -2.24 -5.97 -1.06 11.59  1.35 -0.08  0.47 -0.36 -7.13 
utt>   316                  file_317 1326    0   292 15  1 3 1.804665e-12 -1.522336e+02 -2.018617e+05
INFO: cmn.c(183): CMN: 47.07 17.96 -7.15 -8.86  1.09 -12.85 -0.96 17.08 -0.37 -3.21  0.75  0.90 -9.33 
utt>   317                  file_318 1458    0   288 15  1 2 2.168862e-12 -1.521957e+02 -2.219013e+05
INFO: cmn.c(183): CMN: 46.25 20.03 -5.54 -14.76 -0.05 -6.83  7.88  8.76  0.56  2.01  0.02 -1.67 -6.96 
utt>   318                  file_319 1353    0   284 14  1 2 1.867002e-12 -1.522350e+02 -2.059739e+05
INFO: cmn.c(183): CMN: 46.35 20.52 -2.78 -16.98  2.02 -6.98 -5.00 14.95  2.39  5.58 -3.15  3.94 -8.73 
utt>   319                  file_320 1264    0   288 14  1 3 1.557287e-12 -1.525938e+02 -1.928786e+05
INFO: cmn.c(183): CMN: 45.87 18.64 -2.34 -24.15  3.75 -3.10 -1.07 10.23  1.98  5.49 -2.07  0.95 -10.11 
utt>   320                  file_321 1423    0   288 12  1 2 1.576564e-12 -1.522612e+02 -2.166677e+05
INFO: cmn.c(183): CMN: 46.36 22.00 -2.98 -23.28 -1.06 -8.31 -4.76 11.73  1.32  6.43 -2.29  2.90 -7.53 
utt>   321                  file_322 1325    0   288 12  1 2 1.959391e-12 -1.520178e+02 -2.014236e+05
INFO: cmn.c(183): CMN: 45.72 21.09 -9.71 -14.05 -1.05 -9.52 -3.14 12.82  5.29 -4.02  3.03 -2.27 -4.32 
utt>   322                  file_323 1392    0   288 12  1 2 1.701597e-12 -1.510955e+02 -2.103250e+05
INFO: cmn.c(183): CMN: 45.19 20.09 -2.27 -20.16 -0.38 -3.19  2.17 10.72 -2.53  8.65 -3.23 -2.36 -7.15 
utt>   323                  file_324 1392    0   280 11  1 2 1.483693e-12 -1.516741e+02 -2.111303e+05
INFO: cmn.c(183): CMN: 46.41 20.12 -0.87 -20.54  1.12 -5.87 -3.95 15.23 -2.07  8.29 -3.60  0.59 -5.70 
utt>   324                  file_325 1350    0   288 13  1 2 1.983817e-12 -1.526149e+02 -2.060301e+05
INFO: cmn.c(183): CMN: 45.19 22.66 -2.30 -21.59 -0.81 -4.87  1.34  9.14  3.63  3.13  0.59 -1.94 -7.71 
utt>   325                  file_326 1362    0   292 12  1 2 1.898664e-12 -1.520761e+02 -2.071277e+05
INFO: cmn.c(183): CMN: 47.54 21.37 -5.03 -25.90 -0.18 -5.26 -3.13 13.31 -0.90  7.97 -0.85 -2.49 -7.16 
utt>   326                  file_327 1326    0   284 12  1 2 1.275839e-12 -1.506514e+02 -1.997637e+05
INFO: cmn.c(183): CMN: 43.91 19.34  1.20 -20.18 -4.12 -4.74 -0.93  9.43  2.91  6.09  0.22 -3.90 -7.24 
utt>   327                  file_328 1466    0   292 12  1 2 1.327976e-12 -1.525972e+02 -2.237075e+05
INFO: cmn.c(183): CMN: 45.66 21.95 -2.51 -24.18  0.23 -6.87  0.04 14.00  0.69 10.19  2.71 -5.26 -8.66 
utt>   328                  file_329 1359    0   288 13  1 2 2.111111e-12 -1.520566e+02 -2.066450e+05
INFO: cmn.c(183): CMN: 44.71 20.80  2.29 -23.21 -1.18  0.27 -4.72 13.44  2.84  8.10 -0.51 -1.79 -9.47 
utt>   329                  file_330 1377    0   280 11  1 2 1.986525e-12 -1.516196e+02 -2.087802e+05
INFO: cmn.c(183): CMN: 46.45 21.13 -2.14 -25.23  0.80 -4.41 -3.06 17.40 -3.87 10.56 -4.42  0.42 -9.91 
utt>   330                  file_331 1319    0   288 13  1 2 1.847306e-12 -1.516829e+02 -2.000697e+05
INFO: cmn.c(183): CMN: 46.05 20.56 -2.62 -22.08 -3.38 -3.88  1.04 10.17  3.26  7.43 -5.01 -0.45 -8.45 
utt>   331                  file_332 1273    0   284 13  1 2 1.707733e-12 -1.514488e+02 -1.927944e+05
INFO: cmn.c(183): CMN: 45.93 20.64 -2.87 -20.82 -3.47 -5.40  0.34 11.62  6.61  4.97  2.41 -4.36 -7.29 
utt>   332                  file_333 1316    0   288 12  1 2 1.915325e-12 -1.514667e+02 -1.993301e+05
INFO: cmn.c(183): CMN: 43.73 20.26 -8.16 -18.41 -2.66 -4.04  3.92 12.42  3.67  5.12  2.57 -5.28 -8.50 
utt>   333                  file_334 1587    0   272 12  1 2 1.910018e-12 -1.525068e+02 -2.420283e+05
INFO: cmn.c(183): CMN: 44.65 24.48 -4.04 -21.91 -0.70 -5.24  2.75 11.66  5.70  3.76 -0.22 -1.50 -8.91 
utt>   334                  file_335 1347    0   284 13  1 2 1.917614e-12 -1.514740e+02 -2.040355e+05
INFO: cmn.c(183): CMN: 45.99 22.92 -1.27 -24.87  1.17 -3.10  0.04 11.86  2.91  6.37  0.25 -0.84 -11.32 
utt>   335                  file_336 1317    0   292 14  1 2 1.668910e-12 -1.518885e+02 -2.000372e+05
INFO: cmn.c(183): CMN: 46.64 17.62 -4.29 -17.14  3.47 -10.92 -3.78 16.21 -5.94  4.27 -3.38 -6.14 -6.44 
utt>   336                  file_337 1291    0   288 12  1 2 1.738480e-12 -1.534869e+02 -1.981515e+05
INFO: cmn.c(183): CMN: 48.25 19.19 -1.33 -19.15 -4.49 -9.76 -4.37  9.65 -1.28 -3.34  1.47 -8.42 -5.60 
utt>   337                  file_338 1424    0   288 12  1 2 1.738209e-12 -1.532304e+02 -2.182000e+05
INFO: cmn.c(183): CMN: 47.35 18.98 -3.52 -19.78 -0.38 -11.47 -4.85 11.55 -4.06 -1.04 -2.57 -5.40 -5.08 
utt>   338                  file_339 1353    0   284 13  1 2 2.081162e-12 -1.527274e+02 -2.066402e+05
INFO: cmn.c(183): CMN: 47.36 18.01  4.64 -15.31 -2.61 -5.08 -2.79  5.73 -2.79 -2.22 -1.94 -5.61 -8.87 
utt>   339                  file_340 1257    0   288 12  1 3 2.412788e-12 -1.515291e+02 -1.904720e+05
INFO: cmn.c(183): CMN: 49.44 17.97 -2.49 -10.93 -0.03 -10.94 -7.59  8.53 -7.66  1.25 -2.96  0.32 -8.75 
utt>   340                  file_341 1232    0   288 12  1 2 1.687340e-12 -1.520547e+02 -1.873313e+05
INFO: cmn.c(183): CMN: 48.80 13.90 -2.19 -4.16 -2.35 -10.63 -5.29  6.77 -3.81 -0.98 -5.01 -1.41 -6.20 
utt>   341                  file_342 1324    0   288 13  1 2 2.213172e-12 -1.523881e+02 -2.017619e+05
INFO: cmn.c(183): CMN: 47.13 18.18 -5.56 -14.55  2.65 -15.15  0.21  9.38 -7.18  3.40 -6.75  0.16 -9.26 
utt>   342                  file_343 1371    0   288 11  1 2 1.592773e-12 -1.528447e+02 -2.095500e+05
INFO: cmn.c(183): CMN: 45.26 15.66 -3.18 -11.48 -0.86 -17.41  2.68 10.14 -6.87 -1.92 -4.06 -0.57 -8.11 
utt>   343                  file_344 1432    0   276 11  1 2 1.643401e-12 -1.528530e+02 -2.188855e+05
INFO: cmn.c(183): CMN: 47.21 21.65 -2.98 -10.38 -0.84 -13.50 -6.48 10.36 -6.69 -7.84  0.23 -1.62 -3.70 
utt>   344                  file_345 1269    0   288 13  1 2 1.775767e-12 -1.530820e+02 -1.942611e+05
INFO: cmn.c(183): CMN: 49.01 14.65 -5.93 -5.93 -5.88 -12.03 -4.50 12.13 -3.37 -9.33 -0.82 -5.37 -6.83 
utt>   345                  file_346 1351    0   292 13  1 2 1.576785e-12 -1.526656e+02 -2.062513e+05
INFO: cmn.c(183): CMN: 51.01 21.93 -7.40 -8.58 -2.77 -15.44 -4.47  8.93 -6.04 -4.63 -5.23  0.87 -8.25 
utt>   346                  file_347 1196    0   292 13  1 2 1.826000e-12 -1.520453e+02 -1.818461e+05
INFO: cmn.c(183): CMN: 51.28 19.21 -5.85 -5.59 -10.07 -10.43 -4.79 11.01 -6.60 -2.34 -6.17 -2.16 -3.19 
utt>   347                  file_348 1149    0   292 13  1 2 1.693006e-12 -1.536782e+02 -1.765763e+05
INFO: cmn.c(183): CMN: 49.69 12.68 -5.86 -1.45 -7.64 -13.15 -3.31  9.52 -5.45 -2.68 -9.32  0.74 -4.24 
utt>   348                  file_349 1320    0   288 13  1 2 1.917181e-12 -1.533191e+02 -2.023813e+05
INFO: cmn.c(183): CMN: 50.27 19.93 -2.65 -13.87 -3.19 -14.09  2.51  8.64 -10.13 -3.11 -2.82 -4.81 -6.37 
utt>   349                  file_350 1228    0   288 12  1 2 1.370118e-12 -1.532234e+02 -1.881583e+05
INFO: cmn.c(183): CMN: 56.91  8.38 -6.67 -2.09 -11.10 -10.12 -5.10 10.03 -9.76 -2.67 -3.87 -0.68 -6.87 
utt>   350                  file_351 1202    0   288 15  1 2 1.968161e-12 -1.525938e+02 -1.834177e+05
INFO: cmn.c(183): CMN: 56.01  8.24 -5.49  1.00 -14.24 -10.42 -1.57  8.78 -10.23 -6.75  1.12 -5.23 -4.80 
utt>   351                  file_352 1280    0   292 13  1 2 1.810336e-12 -1.522183e+02 -1.948394e+05
INFO: cmn.c(183): CMN: 50.14 17.57  0.32 -14.00 -8.41 -9.85  3.40  5.51 -11.02  1.91 -1.95 -2.34 -5.57 
utt>   352                  file_353 1258    0   288 12  1 2 2.050997e-12 -1.532432e+02 -1.927799e+05
INFO: cmn.c(183): CMN: 46.48 21.68 -2.67 -20.21 -1.75 -8.79 -0.43  3.74 -11.09 -1.31 -6.75 -4.99 -3.72 
utt>   353                  file_354 1236    0   276 11  1 2 1.755392e-12 -1.530821e+02 -1.892095e+05
INFO: cmn.c(183): CMN: 47.74 21.81 -2.60 -14.82  0.07 -12.38 -2.50  5.75 -5.56  0.74 -6.62 -1.39 -2.96 
utt>   354                  file_355 1285    0   288 12  1 2 2.560528e-12 -1.531963e+02 -1.968573e+05
INFO: cmn.c(183): CMN: 45.63 19.47 -0.85 -21.63 -4.64 -9.86 -0.74  4.22 -9.33 -4.71 -3.93 -3.16 -1.94 
utt>   355                  file_356 1404    0   288 14  1 2 1.779963e-12 -1.538926e+02 -2.160652e+05
INFO: cmn.c(183): CMN: 48.19 21.90  0.64 -16.74 -4.17 -15.82 -1.95  7.68 -9.34 -2.48 -6.09  0.78 -4.41 
utt>   356                  file_357 1295    0   292 11  1 2 1.644313e-12 -1.536205e+02 -1.989386e+05
INFO: cmn.c(183): CMN: 47.84 22.26  3.45 -19.31 -6.01 -10.85 -4.74  8.28 -11.87 -4.53 -6.54 -0.97 -2.42 
utt>   357                  file_358 1110    0   288 11  1 3 2.542037e-12 -1.545654e+02 -1.715676e+05
INFO: cmn.c(183): CMN: 48.82 23.12  5.22 -18.83 -5.12 -15.63 -1.50  6.52 -12.56  1.83 -3.29 -2.65 -2.06 
utt>   358                  file_359 1156    0   288 12  1 2 1.962392e-12 -1.533824e+02 -1.773100e+05
INFO: cmn.c(183): CMN: 46.76 19.70  3.85 -20.76 -2.97 -8.08 -5.43  8.55 -10.62 -1.61 -5.96 -3.06 -2.38 
utt>   359                  file_360 1213    0   288 12  1 2 1.739354e-12 -1.533329e+02 -1.859928e+05
INFO: cmn.c(183): CMN: 46.69 25.54 -0.66 -24.32 -2.01 -8.35 -3.12  2.79 -10.23 -2.00 -3.65 -0.95 -4.76 
utt>   360                  file_361 1217    0   288 14  1 2 1.304618e-12 -1.528058e+02 -1.859646e+05
INFO: cmn.c(183): CMN: 44.02 26.00  3.14 -22.14 -7.39 -8.10 -0.54  4.80 -12.68 -2.56 -4.92 -1.02 -3.84 
utt>   361                  file_362 1235    0   288 12  1 2 1.691104e-12 -1.515527e+02 -1.871676e+05
INFO: cmn.c(183): CMN: 45.90 23.01  0.66 -21.18 -2.60 -12.62 -0.84  6.07 -8.83 -6.83 -4.76  1.55 -2.45 
utt>   362                  file_363 1193    0   288 13  1 3 2.269451e-12 -1.523283e+02 -1.817276e+05
INFO: cmn.c(183): CMN: 44.62 21.60 -2.56 -16.02 -4.96 -12.04  0.69  5.89 -10.93 -2.52 -2.02 -2.40 -4.60 
utt>   363                  file_364 1306    0   276 13  1 2 2.112886e-12 -1.517133e+02 -1.981376e+05
INFO: cmn.c(183): CMN: 41.53 26.62  5.36 -17.58 -6.89 -10.50 -3.16  4.95 -12.47 -1.61 -5.94 -2.46 -3.92 
utt>   364                  file_365 1441    0   296 14  1 2 2.068110e-12 -1.533072e+02 -2.209157e+05
INFO: cmn.c(183): CMN: 44.00 23.16  4.66 -13.14 -3.62 -16.83  0.66  5.06 -7.45 -3.72 -2.18 -2.12 -5.18 
utt>   365                  file_366 1425    0   288 13  1 2 1.724559e-12 -1.526314e+02 -2.174997e+05
INFO: cmn.c(183): CMN: 44.19 24.14 -1.89 -21.91 -4.38 -9.20 -0.59  2.98 -10.73 -4.91 -3.65 -4.06 -3.93 
utt>   366                  file_367 1513    0   288 13  1 2 1.841894e-12 -1.525866e+02 -2.308635e+05
INFO: cmn.c(183): CMN: 42.21 25.47  4.48 -16.91 -5.90 -8.28 -0.48  2.28 -12.19 -3.03 -4.03 -2.36 -3.05 
utt>   367                  file_368 1599    0   284 12  1 2 1.742947e-12 -1.528293e+02 -2.443741e+05
INFO: cmn.c(183): CMN: 43.21 23.37  2.56 -19.76 -7.92 -10.22 -0.29  2.16 -9.63 -3.37 -2.79 -0.16 -4.81 
utt>   368                  file_369 1616    0   288 17  1 3 1.696395e-12 -1.536112e+02 -2.482356e+05
INFO: cmn.c(183): CMN: 46.93 19.88 -6.73 -5.56  1.52 -21.77  1.72  3.80 -9.50 -3.34 -3.21 -4.04 -2.99 
utt>   369                  file_370 1505    0   296 15  1 3 2.859528e-12 -1.547843e+02 -2.329504e+05
INFO: cmn.c(183): CMN: 42.47 20.89 -4.00 -7.38  2.54 -12.77 -2.72  5.55 -6.14  0.31 -5.34 -2.58 -6.43 
utt>   370                  file_371 1681    0   288 16  1 2 1.948060e-12 -1.536196e+02 -2.582345e+05
INFO: cmn.c(183): CMN: 44.97 25.82 -3.08 -17.59  6.01 -15.57 -6.69  6.53 -10.07 -0.90 -4.15 -3.16 -1.16 
utt>   371                  file_372 1443    0   288 15  1 2 1.947818e-12 -1.532259e+02 -2.211049e+05
INFO: cmn.c(183): CMN: 43.32 23.18 -1.08 -11.30  1.22 -14.00 -3.43  5.93 -8.77 -2.36 -5.00 -5.18 -0.90 
utt>   372                  file_373 1593    0   288 13  1 2 2.039309e-12 -1.524343e+02 -2.428278e+05
INFO: cmn.c(183): CMN: 45.86 22.46 -5.55 -9.88  6.88 -15.71 -2.31  7.61 -6.64 -3.25 -2.52 -3.90 -2.99 
utt>   373                  file_374 1420    0   276 14  1 2 1.873594e-12 -1.527859e+02 -2.169560e+05
INFO: cmn.c(183): CMN: 44.50 21.32 -8.25 -1.82  4.72 -22.85 -0.53  6.23 -6.35 -4.36 -4.01 -4.34 -1.18 
utt>   374                  file_375 1577    0   288 12  1 2 1.861517e-12 -1.524626e+02 -2.404335e+05
INFO: cmn.c(183): CMN: 45.22 20.91 -0.79 -12.86  5.78 -16.05 -6.85  5.77 -8.47 -3.74 -4.99 -2.14 -3.20 
utt>   375                  file_376 1547    0   288 17  1 3 2.383938e-12 -1.530194e+02 -2.367210e+05
INFO: cmn.c(183): CMN: 46.10 22.90 -3.77 -14.50  3.17 -16.38 -1.51  8.05 -13.12 -3.56 -2.85 -5.31 -3.92 
utt>   376                  file_377 1391    0   284 14  1 3 2.527606e-12 -1.531396e+02 -2.130172e+05
INFO: cmn.c(183): CMN: 44.91 23.93 -4.12 -10.75  2.30 -15.99 -2.50  9.21 -11.04 -0.78 -5.38 -5.14 -2.73 
utt>   377                  file_378 1442    0   288 14  1 3 2.150997e-12 -1.527232e+02 -2.202268e+05
INFO: cmn.c(183): CMN: 45.95 22.40 -2.48 -12.46  0.09 -16.61 -0.59  7.17 -10.49  0.12 -6.69 -1.89 -4.33 
utt>   378                  file_379 1481    0   288 14  1 2 2.282465e-12 -1.529147e+02 -2.264667e+05
INFO: cmn.c(183): CMN: 43.88 22.28 -0.00 -16.20 -1.97 -12.98 -0.17  3.61 -10.00 -1.69 -5.06 -2.54 -5.97 
utt>   379                  file_380 1585    0   284 13  1 2 1.653428e-12 -1.526683e+02 -2.419792e+05
INFO: cmn.c(183): CMN: 43.58 24.54  0.68 -15.93 -2.82 -13.01 -1.43  1.65 -8.59 -5.02  0.11 -5.39 -5.78 
utt>   380                  file_381 1544    0   288 14  1 2 2.221961e-12 -1.530644e+02 -2.363314e+05
INFO: cmn.c(183): CMN: 45.18 24.77  1.27 -12.34 -5.06 -11.46 -11.38  5.68 -11.10 -2.95 -0.61 -5.23 -0.01 
utt>   381                  file_382 1473    0   292 13  1 3 2.211276e-12 -1.534269e+02 -2.259978e+05
INFO: cmn.c(183): CMN: 43.44 22.16  1.37 -19.20 -3.07 -11.99  0.46  1.41 -9.80 -4.54 -1.72 -4.81 -4.11 
utt>   382                  file_383 1626    0   280 13  1 2 1.802720e-12 -1.525532e+02 -2.480515e+05
INFO: cmn.c(183): CMN: 47.02 22.16  1.14 -20.58 -3.06 -13.30 -2.57  5.09 -14.34 -2.54 -5.12 -1.58 -5.38 
utt>   383                  file_384 1486    0   280 13  1 2 1.798597e-12 -1.513355e+02 -2.248846e+05
INFO: cmn.c(183): CMN: 44.02 16.46  3.17 -13.04  1.44 -4.77 -5.58  4.02 -12.46 -4.01 -4.12 -3.88 -3.09 
utt>   384                  file_385 1549    0   284 13  1 2 2.035680e-12 -1.533062e+02 -2.374713e+05
INFO: cmn.c(183): CMN: 46.09 23.91 -8.05 -11.76 -1.55 -21.57  0.66  7.58 -5.68 -2.71 -7.88 -0.46 -5.63 
utt>   385                  file_386 1391    0   288 14  1 2 2.276016e-12 -1.529826e+02 -2.127988e+05
INFO: cmn.c(183): CMN: 41.33 17.13  2.22 -14.73  3.00 -5.00  4.13  2.02 -1.17  2.08  1.19  0.48 -2.30 
utt>   386                  file_387 1705    0   288 12  1 2 1.866637e-12 -1.513899e+02 -2.581198e+05
INFO: cmn.c(183): CMN: 45.93 24.34 -0.01 -18.33 -3.57 -12.45 -4.38  6.07 -7.33  0.74 -6.09 -2.90 -3.44 
utt>   387                  file_388 1421    0   288 12  1 2 1.727217e-12 -1.518266e+02 -2.157456e+05
INFO: cmn.c(183): CMN: 48.52 19.15 -0.81 -16.92 -0.38 -10.89 -5.89  6.82 -8.04 -4.27 -2.07 -1.16 -5.06 
utt>   388                  file_389 1495    0   288 14  1 3 2.272499e-12 -1.525834e+02 -2.281121e+05
INFO: cmn.c(183): CMN: 47.11 21.67  4.54 -19.85 -0.25 -9.20 -8.16  5.93 -6.44 -4.19 -1.29 -6.50 -0.12 
utt>   389                  file_390 1352    0   288 14  1 3 2.790233e-12 -1.525414e+02 -2.062360e+05
INFO: cmn.c(183): CMN: 44.41 26.06  1.45 -16.62 -2.26 -10.80 -9.08  7.15 -10.53 -3.28 -3.73 -1.66 -4.09 
utt>   390                  file_391 1348    0   292 13  1 3 2.044228e-12 -1.527549e+02 -2.059136e+05
INFO: cmn.c(183): CMN: 47.94 26.33 -1.12 -14.16  0.26 -18.34 -3.01  5.28 -13.14 -5.15 -6.00 -1.10 -5.43 
utt>   391                  file_392 1290    0   288 15  1 3 2.033209e-12 -1.536063e+02 -1.981521e+05
INFO: cmn.c(183): CMN: 45.60 22.80  0.69 -15.50 -2.91 -12.61 -4.75  8.16 -9.15 -5.19 -4.18 -2.52 -4.08 
utt>   392                  file_393 1445    0   292 12  1 2 2.129827e-12 -1.517464e+02 -2.192735e+05
INFO: cmn.c(183): CMN: 51.71 21.93 -10.45 -12.43  0.15 -20.04  5.06  2.02 -11.95 -3.55 -5.05  0.24 -3.80 
utt>   393                  file_394 1329    0   272 12  1 2 1.874942e-12 -1.520165e+02 -2.020299e+05
INFO: cmn.c(183): CMN: 47.24 23.69  0.66 -22.05 -7.76 -8.96 -5.14  4.99 -5.06  1.37 -2.08 -2.92 -5.17 
utt>   394                  file_395 1256    0   288 12  1 2 2.110203e-12 -1.526398e+02 -1.917156e+05
INFO: cmn.c(183): CMN: 45.59 18.52  0.29 -21.80 -6.86 -11.22 -8.75  7.22  0.12  0.78 -0.54 -0.74 -7.25 
utt>   395                  file_396 1498    0   292 17  1 2 2.142562e-12 -1.531489e+02 -2.294170e+05
INFO: cmn.c(183): CMN: 47.75 19.15  0.32 -24.44 -5.54 -9.36 -4.87  9.67 -3.14 -1.58 -2.25  0.01 -8.49 
utt>   396                  file_397 1464    0   292 12  1 2 1.567409e-12 -1.517220e+02 -2.221211e+05
INFO: cmn.c(183): CMN: 46.86 17.53  4.99 -17.94 -9.18 -14.57 -4.63  9.02 -4.43 -0.33  2.45 -2.57 -7.36 
utt>   397                  file_398 1588    0   292 13  1 2 1.802400e-12 -1.521195e+02 -2.415657e+05
INFO: cmn.c(183): CMN: 45.30 24.76  0.76 -18.47 -2.44 -11.29 -4.27  0.77 -4.03 -1.37 -1.22 -3.52 -6.05 
utt>   398                  file_399 1466    0   288 14  1 3 2.395059e-12 -1.524098e+02 -2.234328e+05
INFO: cmn.c(183): CMN: 46.61 20.74  6.40 -16.84 -4.32 -10.85 -6.05  5.83 -5.11 -0.44 -0.69 -2.17 -5.51 
utt>   399                  file_400 1529    0   288 13  1 3 1.924932e-12 -1.529609e+02 -2.338773e+05
overall> stats 422275 (-0) -1.518789e+02 -6.413465e+07

INFO: s3mixw_io.c(233): Wrote /home/nguyenvanthinh/Desktop/Git/speech recognition  demo/digit/bwaccumdir/digit_buff_1/mixw_counts [293x1x1 array]
INFO: s3tmat_io.c(176): Wrote /home/nguyenvanthinh/Desktop/Git/speech recognition  demo/digit/bwaccumdir/digit_buff_1/tmat_counts [31x3x4 array]
INFO: s3gau_io.c(485): Wrote /home/nguyenvanthinh/Desktop/Git/speech recognition  demo/digit/bwaccumdir/digit_buff_1/gauden_counts with means with vars (2pass) [293x1x1 vector arrays]
INFO: main.c(999): Counts saved to /home/nguyenvanthinh/Desktop/Git/speech recognition  demo/digit/bwaccumdir/digit_buff_1
Thu Apr  7 00:44:55 2016
