Current configuration:
[NAME]		[DEFLT]	[VALUE]
-dcountfn		/home/nguyenvanthinh/Desktop/Git/speech recognition  demo/digit/model_parameters/digit.cd_cont_200/mixture_weights
-example	no	no
-fullvar	no	no
-help		no	no
-inmeanfn		/home/nguyenvanthinh/Desktop/Git/speech recognition  demo/digit/model_parameters/digit.cd_cont_200/means
-inmixwfn		/home/nguyenvanthinh/Desktop/Git/speech recognition  demo/digit/model_parameters/digit.cd_cont_200/mixture_weights
-invarfn		/home/nguyenvanthinh/Desktop/Git/speech recognition  demo/digit/model_parameters/digit.cd_cont_200/variances
-ninc		1	4
-outmeanfn		/home/nguyenvanthinh/Desktop/Git/speech recognition  demo/digit/model_parameters/digit.cd_cont_initial/means
-outmixwfn		/home/nguyenvanthinh/Desktop/Git/speech recognition  demo/digit/model_parameters/digit.cd_cont_initial/mixture_weights
-outvarfn		/home/nguyenvanthinh/Desktop/Git/speech recognition  demo/digit/model_parameters/digit.cd_cont_initial/variances

INFO: main.c(86): Reading mixing weight file /home/nguyenvanthinh/Desktop/Git/speech recognition  demo/digit/model_parameters/digit.cd_cont_200/mixture_weights.
INFO: s3mixw_io.c(117): Read /home/nguyenvanthinh/Desktop/Git/speech recognition  demo/digit/model_parameters/digit.cd_cont_200/mixture_weights [293x1x4 array]
INFO: s3gau_io.c(169): Read /home/nguyenvanthinh/Desktop/Git/speech recognition  demo/digit/model_parameters/digit.cd_cont_200/means [293x1x4 array]
INFO: s3gau_io.c(169): Read /home/nguyenvanthinh/Desktop/Git/speech recognition  demo/digit/model_parameters/digit.cd_cont_200/variances [293x1x4 array]
INFO: s3gau_io.c(553): Read /home/nguyenvanthinh/Desktop/Git/speech recognition  demo/digit/model_parameters/digit.cd_cont_200/mixture_weights [293x1x4 array]
INFO: main.c(151): output n_density == 8
0:1(2.25e+03)0(1.69e+03)2(1.53e+03)3(4.46e+02)
1:2(8.74e+03)1(4.27e+03)3(3.38e+03)0(2.81e+03)
2:1(1.07e+04)3(9.05e+03)2(8.23e+03)0(6.75e+03)
3:3(1.67e+03)2(1.31e+03)1(1.17e+03)0(1.11e+03)
4:0(2.82e+03)1(2.53e+03)2(2.07e+03)3(1.96e+03)
5:1(5.16e+03)2(3.13e+03)3(3.12e+03)0(2.39e+03)
6:3(5.93e+02)0(5.73e+02)2(5.59e+02)1(4.87e+02)
7:1(5.85e+02)3(4.80e+02)2(4.14e+02)0(3.79e+02)
8:1(5.51e+02)2(4.33e+02)3(2.54e+02)0(2.47e+02)
9:1(1.55e+03)0(1.49e+03)2(8.77e+02)3(8.31e+02)
10:3(1.15e+03)2(1.15e+03)0(1.11e+03)1(8.53e+02)
11:2(3.80e+03)1(3.03e+03)0(2.34e+03)3(5.00e+02)
12:2(2.24e+03)3(1.54e+03)0(7.13e+02)1(6.05e+02)
13:3(1.04e+03)0(8.94e+02)2(8.89e+02)1(7.04e+02)
14:0(1.63e+03)2(1.52e+03)1(7.50e+02)3(5.45e+02)
15:2(4.09e+03)0(2.08e+03)3(1.68e+03)1(1.38e+03)
16:0(2.05e+03)2(1.79e+03)1(1.29e+03)3(1.05e+03)
17:0(1.85e+03)2(1.67e+03)1(1.00e+03)3(9.96e+02)
18:2(1.64e+03)0(9.61e+02)1(9.34e+02)3(7.22e+02)
19:2(1.20e+03)1(9.85e+02)3(7.10e+02)0(6.79e+02)
20:3(7.81e+02)0(6.88e+02)1(6.33e+02)2(5.83e+02)
21:2(1.28e+03)0(9.05e+02)3(6.20e+02)1(3.35e+02)
22:1(9.59e+02)2(9.56e+02)3(4.84e+02)0(4.63e+02)
23:1(8.19e+02)2(7.96e+02)0(4.87e+02)3(3.15e+02)
24:0(1.07e+02)2(7.21e+01)3(6.99e+01)1(6.93e+01)
25:2(9.58e+01)3(6.75e+01)1(5.61e+01)0(1.97e+01)
26:1(1.13e+02)3(7.44e+01)0(6.05e+01)2(2.62e+01)
27:2(5.91e+02)0(4.88e+02)3(3.20e+02)1(3.13e+02)
28:2(1.18e+03)0(8.92e+02)1(5.88e+02)3(5.60e+02)
29:2(4.56e+02)3(4.49e+02)0(4.30e+02)1(3.17e+02)
30:0(1.14e+03)2(8.74e+02)1(7.56e+02)3(6.38e+02)
31:1(6.87e+02)2(5.39e+02)0(3.34e+02)3(2.92e+02)
32:2(5.87e+02)1(5.72e+02)0(5.05e+02)3(4.40e+02)
33:0(1.59e+03)3(1.29e+03)1(1.26e+03)2(1.05e+03)
34:2(2.63e+03)1(1.89e+03)3(1.11e+03)0(9.57e+02)
35:2(1.02e+04)1(9.76e+03)3(2.26e+03)0(9.67e+02)
36:2(1.72e+03)1(1.70e+03)3(7.48e+02)0(6.73e+02)
37:1(8.77e+02)0(7.62e+02)2(7.24e+02)3(4.37e+02)
38:2(5.84e+02)1(5.13e+02)0(4.33e+02)3(4.16e+02)
39:1(4.19e+01)2(3.93e+01)3(3.90e+01)0(3.77e+01)
40:1(8.24e+01)0(4.64e+01)3(3.78e+01)2(3.70e+01)
41:1(6.71e+01)2(6.05e+01)3(5.67e+01)0(4.77e+01)
42:2(1.71e+03)0(9.69e+02)3(7.89e+02)1(5.45e+02)
43:1(8.01e+02)2(6.75e+02)0(4.95e+02)3(4.43e+02)
44:0(1.22e+03)2(1.18e+03)1(5.47e+02)3(4.02e+02)
45:1(2.15e+03)2(2.09e+03)3(8.32e+02)0(6.69e+02)
46:3(2.23e+03)0(2.08e+03)2(1.39e+03)1(1.30e+03)
47:1(4.50e+03)3(2.95e+03)2(1.97e+03)0(1.85e+03)
48:0(1.13e+03)1(7.56e+02)3(6.31e+02)2(5.75e+02)
49:1(1.05e+03)2(8.13e+02)0(6.28e+02)3(5.69e+02)
50:2(5.28e+03)1(4.33e+03)3(2.04e+03)0(1.11e+03)
51:2(5.39e+02)0(3.85e+02)1(3.54e+02)3(1.50e+02)
52:3(3.03e+02)1(3.01e+02)2(2.99e+02)0(2.45e+02)
53:0(3.83e+02)2(3.34e+02)1(2.96e+02)3(2.29e+02)
54:1(9.25e+02)2(6.31e+02)0(6.30e+02)3(2.62e+02)
55:1(6.80e+02)0(5.64e+02)3(4.76e+02)2(3.05e+02)
56:2(4.52e+02)0(3.12e+02)1(2.90e+02)3(2.54e+02)
57:2(3.61e+03)1(2.14e+03)0(1.28e+03)3(8.97e+02)
58:1(4.68e+03)2(3.19e+03)0(2.12e+03)3(1.68e+03)
59:2(1.13e+04)0(1.01e+04)3(6.02e+03)1(2.13e+03)
60:1(4.55e+02)3(4.35e+02)2(3.95e+02)0(3.49e+02)
61:2(1.04e+03)1(8.51e+02)0(4.98e+02)3(4.89e+02)
62:2(2.57e+03)1(2.21e+03)3(1.24e+03)0(3.77e+02)
63:0(6.07e+02)1(4.53e+02)2(3.54e+02)3(3.41e+02)
64:2(1.65e+03)1(1.53e+03)0(2.55e+02)3(2.55e+02)
65:1(1.71e+03)2(1.32e+03)3(2.72e+02)0(2.05e+02)
66:1(1.07e+03)0(6.59e+02)2(5.37e+02)3(4.57e+02)
67:2(6.62e+02)0(6.22e+02)1(6.21e+02)3(4.90e+02)
68:0(9.15e+02)1(6.98e+02)3(6.82e+02)2(1.66e+02)
69:1(7.95e+01)0(7.17e+01)2(7.01e+01)3(6.85e+01)
70:2(5.38e+01)3(4.96e+01)0(4.54e+01)1(1.42e+01)
71:2(8.78e+01)1(7.15e+01)0(5.69e+01)3(4.31e+01)
72:2(8.93e+01)1(8.36e+01)0(5.93e+01)3(5.31e+01)
73:2(7.39e+01)1(5.91e+01)3(5.62e+01)0(3.58e+01)
74:1(7.81e+01)2(4.72e+01)3(4.52e+01)0(3.97e+01)
75:1(2.74e+03)2(1.54e+03)3(9.06e+02)0(5.20e+02)
76:2(6.97e+02)1(5.19e+02)0(5.15e+02)3(3.44e+02)
77:1(3.45e+02)0(3.29e+02)2(2.90e+02)3(2.75e+02)
78:1(1.41e+03)2(1.10e+03)3(7.76e+02)0(5.92e+02)
79:1(1.25e+03)0(7.56e+02)2(6.41e+02)3(3.04e+02)
80:0(1.59e+03)1(1.25e+03)2(1.05e+03)3(3.73e+02)
81:2(1.45e+03)1(4.97e+02)0(4.90e+02)3(4.55e+02)
82:1(5.99e+02)2(5.43e+02)3(4.64e+02)0(3.39e+02)
83:2(1.95e+03)0(1.43e+03)3(8.02e+02)1(6.04e+02)
84:2(1.04e+03)0(5.68e+02)1(2.17e+02)3(1.92e+02)
85:2(7.84e+02)1(4.53e+02)3(2.79e+02)0(2.39e+02)
86:0(5.30e+02)2(5.14e+02)1(2.22e+02)3(1.88e+02)
87:0(1.56e+02)1(1.46e+02)2(1.17e+02)3(9.93e+01)
88:1(2.76e+02)2(1.90e+02)0(1.82e+02)3(1.30e+02)
89:3(9.26e+02)1(4.61e+02)2(2.68e+02)0(2.42e+02)
90:2(8.98e+02)0(8.44e+02)3(4.84e+02)1(3.16e+02)
91:2(1.22e+03)3(1.11e+03)1(1.05e+03)0(7.51e+02)
92:2(5.00e+03)1(4.43e+03)3(1.51e+03)0(6.45e+02)
93:1(1.02e+03)3(6.46e+02)2(6.28e+02)0(4.73e+02)
94:0(7.02e+02)1(6.98e+02)3(5.95e+02)2(5.02e+02)
95:1(1.57e+03)0(1.52e+03)2(1.35e+03)3(1.22e+03)
96:2(2.07e+02)0(1.55e+02)3(1.22e+02)1(1.16e+02)
97:2(9.79e+01)1(9.54e+01)0(9.33e+01)3(7.93e+01)
98:3(7.37e+02)2(7.26e+02)1(7.05e+02)0(5.84e+02)
99:2(2.39e+03)1(2.31e+03)3(1.02e+03)0(8.07e+02)
100:1(1.38e+03)2(1.33e+03)3(9.97e+02)0(7.97e+02)
101:2(1.35e+02)3(1.17e+02)1(1.07e+02)0(4.39e+01)
102:2(8.90e+01)1(8.54e+01)3(4.74e+01)0(4.41e+01)
103:1(6.59e+02)2(5.60e+02)0(5.15e+02)3(3.51e+02)
104:3(5.93e+02)0(5.73e+02)2(5.59e+02)1(4.87e+02)
105:1(5.85e+02)3(4.80e+02)2(4.14e+02)0(3.79e+02)
106:1(5.51e+02)2(4.33e+02)3(2.54e+02)0(2.47e+02)
107:2(4.38e+02)1(3.75e+02)3(3.72e+02)0(3.27e+02)
108:1(1.43e+03)2(8.62e+02)3(4.80e+02)0(4.75e+02)
109:1(4.80e+02)2(4.46e+02)0(3.84e+02)3(3.74e+02)
110:2(1.15e+03)1(8.51e+02)3(3.62e+02)0(2.11e+02)
111:2(7.79e+02)0(7.00e+02)1(4.56e+02)3(4.06e+02)
112:2(3.81e+03)1(3.01e+03)0(3.13e+02)3(1.86e+02)
113:2(2.15e+03)3(6.02e+02)0(4.14e+02)1(3.50e+02)
114:2(4.90e+02)1(3.86e+02)3(3.83e+02)0(3.14e+02)
115:2(5.32e+02)0(4.67e+02)1(4.50e+02)3(2.85e+02)
116:1(4.85e+02)2(4.59e+02)3(4.37e+02)0(4.09e+02)
117:1(6.98e+02)2(4.90e+02)3(2.97e+02)0(2.86e+02)
118:2(9.81e+02)0(6.97e+02)1(5.51e+02)3(4.40e+02)
119:2(1.80e+03)0(8.10e+02)3(6.36e+02)1(6.08e+02)
120:1(4.60e+02)2(3.17e+02)0(1.87e+02)3(1.65e+02)
121:2(1.29e+03)0(6.06e+02)3(4.19e+02)1(4.15e+02)
122:2(1.84e+02)3(7.37e+01)1(5.86e+01)0(1.95e+01)
123:2(5.52e+02)0(2.30e+02)3(2.07e+02)1(1.96e+02)
124:3(4.80e+02)0(4.64e+02)2(3.72e+02)1(3.24e+02)
125:2(1.55e+02)3(1.46e+02)1(1.09e+02)0(1.07e+02)
126:1(5.30e+02)3(5.12e+02)2(4.09e+02)0(3.61e+02)
127:1(4.29e+02)3(3.97e+02)2(3.70e+02)0(3.53e+02)
128:1(2.33e+02)0(2.05e+02)3(1.43e+02)2(8.79e+01)
129:0(5.09e+02)1(5.03e+02)2(3.66e+02)3(3.36e+02)
130:2(5.86e+02)1(4.99e+02)0(4.11e+02)3(3.20e+02)
131:0(2.41e+02)1(1.65e+02)2(1.53e+02)3(1.37e+02)
132:1(4.01e+02)0(3.53e+02)2(3.08e+02)3(2.30e+02)
133:1(6.64e+02)0(6.35e+02)3(4.07e+02)2(3.84e+02)
134:3(4.21e+02)2(3.89e+02)1(3.58e+02)0(3.37e+02)
135:1(2.69e+02)2(2.16e+02)3(8.98e+01)0(8.65e+01)
136:2(1.20e+03)1(9.85e+02)3(7.10e+02)0(6.79e+02)
137:3(7.81e+02)0(6.88e+02)1(6.33e+02)2(5.83e+02)
138:1(6.63e+02)0(6.28e+02)2(5.74e+02)3(4.67e+02)
139:2(2.32e+02)0(2.23e+02)1(1.82e+02)3(1.74e+02)
140:1(5.05e+02)2(4.27e+02)0(3.02e+02)3(3.02e+02)
141:1(9.67e+01)2(8.56e+01)3(7.26e+01)0(4.21e+01)
142:2(3.76e+02)1(2.82e+02)3(1.94e+02)0(1.75e+02)
143:1(6.24e+02)3(2.90e+02)2(2.35e+02)0(2.27e+02)
144:1(4.38e+02)2(2.99e+02)0(1.55e+02)3(1.49e+02)
145:0(1.07e+02)2(7.21e+01)3(6.99e+01)1(6.93e+01)
146:2(9.58e+01)3(6.75e+01)1(5.61e+01)0(1.97e+01)
147:1(1.13e+02)3(7.44e+01)0(6.05e+01)2(2.62e+01)
148:2(5.91e+02)0(4.88e+02)3(3.20e+02)1(3.13e+02)
149:2(1.18e+03)0(8.92e+02)1(5.88e+02)3(5.60e+02)
150:2(4.56e+02)3(4.49e+02)0(4.30e+02)1(3.17e+02)
151:0(1.14e+03)2(8.74e+02)1(7.56e+02)3(6.38e+02)
152:1(6.87e+02)2(5.39e+02)0(3.34e+02)3(2.92e+02)
153:2(5.87e+02)1(5.72e+02)0(5.05e+02)3(4.40e+02)
154:3(5.28e+02)1(5.17e+02)2(4.37e+02)0(3.18e+02)
155:0(5.38e+01)1(5.13e+01)3(4.80e+01)2(4.26e+01)
156:2(1.50e+02)1(1.48e+02)0(1.32e+02)3(1.26e+02)
157:0(6.84e+02)2(6.07e+02)1(5.59e+02)3(3.54e+02)
158:0(1.21e+02)2(1.14e+02)1(1.06e+02)3(9.38e+01)
159:3(6.93e+02)1(6.02e+02)2(4.62e+02)0(3.43e+02)
160:2(3.29e+02)1(2.61e+02)0(2.32e+02)3(2.23e+02)
161:2(6.58e+01)1(5.57e+01)3(4.83e+01)0(4.33e+01)
162:2(1.12e+02)3(8.92e+01)0(8.63e+01)1(8.01e+01)
163:1(9.38e+02)2(5.79e+02)3(5.22e+02)0(4.17e+02)
164:1(1.42e+02)3(8.83e+01)0(8.67e+01)2(8.40e+01)
165:2(3.33e+03)1(3.20e+03)3(9.53e+02)0(2.74e+02)
166:1(9.62e+02)3(9.00e+02)2(7.19e+02)0(6.33e+02)
167:3(3.96e+03)2(2.90e+03)1(2.79e+03)0(1.44e+03)
168:2(2.57e+02)1(1.94e+02)3(1.90e+02)0(1.31e+02)
169:1(1.29e+02)2(9.28e+01)0(9.07e+01)3(7.82e+01)
170:2(9.34e+02)1(6.70e+02)3(5.85e+02)0(5.67e+02)
171:1(7.40e+02)2(6.93e+02)3(3.69e+02)0(2.86e+02)
172:1(8.77e+02)0(7.62e+02)2(7.24e+02)3(4.37e+02)
173:2(5.84e+02)1(5.13e+02)0(4.33e+02)3(4.16e+02)
174:1(4.19e+01)2(3.93e+01)3(3.90e+01)0(3.77e+01)
175:1(8.24e+01)0(4.64e+01)3(3.78e+01)2(3.70e+01)
176:1(6.71e+01)2(6.05e+01)3(5.67e+01)0(4.77e+01)
177:2(1.18e+03)3(5.40e+02)0(4.73e+02)1(3.88e+02)
178:2(2.95e+02)0(2.92e+02)3(2.24e+02)1(1.41e+02)
179:0(1.49e+02)2(1.44e+02)1(9.89e+01)3(8.68e+01)
180:2(3.44e+02)1(3.33e+02)0(3.03e+02)3(2.57e+02)
181:1(1.66e+02)2(1.22e+02)3(9.16e+01)0(5.44e+01)
182:0(2.66e+02)2(2.46e+02)3(1.19e+02)1(1.14e+02)
183:2(1.06e+03)0(9.02e+02)1(4.71e+02)3(3.44e+02)
184:1(1.06e+02)0(1.02e+02)2(9.39e+01)3(3.41e+01)
185:2(7.15e+01)0(6.02e+01)3(5.70e+01)1(5.51e+01)
186:3(1.27e+03)2(1.13e+03)1(1.11e+03)0(3.65e+02)
187:1(1.99e+02)2(1.98e+02)3(9.60e+01)0(8.90e+01)
188:3(4.59e+02)0(4.39e+02)2(2.24e+02)1(1.61e+02)
189:1(1.69e+03)0(1.29e+03)3(1.15e+03)2(2.85e+02)
190:2(1.07e+03)1(9.42e+02)3(3.27e+02)0(2.48e+02)
191:3(4.66e+02)1(3.97e+02)0(3.84e+02)2(3.77e+02)
192:1(1.41e+03)2(1.29e+03)3(8.32e+02)0(7.78e+02)
193:0(3.38e+01)2(2.98e+01)1(2.31e+01)3(1.59e+01)
194:0(1.68e+02)2(1.66e+02)3(1.44e+02)1(1.32e+02)
195:1(4.94e+02)0(1.74e+02)3(1.36e+02)2(1.10e+02)
196:2(1.34e+03)0(1.15e+03)1(9.08e+02)3(3.14e+02)
197:0(5.53e+02)3(4.18e+02)2(4.06e+02)1(3.49e+02)
198:0(7.04e+01)2(6.97e+01)1(5.22e+01)3(4.08e+01)
199:2(3.60e+02)3(3.06e+02)0(2.96e+02)1(1.76e+02)
200:0(6.82e+02)1(6.63e+02)2(6.18e+02)3(4.99e+02)
201:2(3.04e+02)0(1.62e+02)1(7.21e+01)3(5.67e+01)
202:2(5.89e+02)0(3.84e+02)1(2.93e+02)3(2.27e+02)
203:2(4.25e+03)1(3.94e+03)3(2.03e+03)0(1.04e+03)
204:2(2.92e+02)3(1.39e+02)0(1.35e+02)1(1.20e+02)
205:1(2.08e+02)2(1.41e+02)3(9.87e+01)0(8.01e+01)
206:0(6.17e+01)2(5.86e+01)1(4.93e+01)3(4.41e+01)
207:0(1.44e+02)2(1.42e+02)1(1.36e+02)3(1.16e+02)
208:0(1.79e+02)1(1.69e+02)2(1.39e+02)3(1.24e+02)
209:1(1.74e+02)0(1.53e+02)2(1.37e+02)3(1.27e+02)
210:3(2.24e+02)1(1.64e+02)0(1.36e+02)2(1.28e+02)
211:1(7.81e+02)2(5.53e+02)0(3.52e+02)3(2.93e+02)
212:0(1.37e+02)2(1.25e+02)1(1.22e+02)3(8.53e+01)
213:2(2.37e+02)3(2.20e+02)0(1.96e+02)1(1.50e+02)
214:2(2.30e+02)1(1.99e+02)0(1.28e+02)3(9.27e+01)
215:1(1.63e+02)0(1.63e+02)2(1.43e+02)3(1.03e+02)
216:2(4.52e+02)0(3.12e+02)1(2.90e+02)3(2.54e+02)
217:1(6.68e+02)2(6.48e+02)0(5.79e+02)3(5.30e+02)
218:2(1.10e+02)0(1.05e+02)1(6.45e+01)3(5.59e+01)
219:2(1.27e+03)1(6.81e+02)0(4.82e+02)3(4.74e+02)
220:1(7.50e+01)0(5.88e+01)2(5.57e+01)3(4.94e+01)
221:1(6.59e+02)2(5.73e+02)0(4.46e+02)3(3.49e+02)
222:1(7.02e+02)2(5.53e+02)3(4.61e+02)0(4.47e+02)
223:2(1.19e+03)1(1.13e+03)3(1.06e+03)0(1.04e+03)
224:1(2.23e+02)0(1.20e+02)2(8.14e+01)3(8.11e+01)
225:2(1.60e+03)3(1.22e+03)1(1.01e+03)0(7.37e+02)
226:2(5.15e+03)0(4.68e+03)1(3.01e+03)3(2.20e+03)
227:1(3.12e+03)2(2.89e+03)3(1.28e+03)0(4.65e+02)
228:2(2.58e+03)1(2.55e+03)3(7.66e+02)0(5.58e+02)
229:2(1.55e+02)1(9.90e+01)3(6.81e+01)0(5.43e+01)
230:1(4.55e+02)3(4.35e+02)2(3.95e+02)0(3.49e+02)
231:2(1.04e+03)1(8.51e+02)0(4.98e+02)3(4.89e+02)
232:2(2.57e+03)1(2.21e+03)3(1.24e+03)0(3.77e+02)
233:0(6.07e+02)1(4.53e+02)2(3.54e+02)3(3.41e+02)
234:2(1.65e+03)1(1.53e+03)0(2.55e+02)3(2.55e+02)
235:1(1.71e+03)2(1.32e+03)3(2.72e+02)0(2.05e+02)
236:2(8.16e+02)1(7.19e+02)3(5.26e+02)0(4.17e+02)
237:1(7.16e+01)2(6.77e+01)3(5.49e+01)0(5.24e+01)
238:2(6.80e+02)0(6.19e+02)1(4.67e+02)3(4.46e+02)
239:1(5.32e+01)2(5.19e+01)3(4.79e+01)0(2.83e+01)
240:0(5.61e+02)3(5.59e+02)2(5.53e+02)1(5.50e+02)
241:2(6.89e+01)0(6.06e+01)1(5.89e+01)3(5.01e+01)
242:1(7.95e+01)0(7.17e+01)2(7.01e+01)3(6.85e+01)
243:2(5.38e+01)3(4.96e+01)0(4.54e+01)1(1.42e+01)
244:2(8.78e+01)1(7.15e+01)0(5.69e+01)3(4.31e+01)
245:2(8.93e+01)1(8.36e+01)0(5.93e+01)3(5.31e+01)
246:2(7.39e+01)1(5.91e+01)3(5.62e+01)0(3.58e+01)
247:1(7.81e+01)2(4.72e+01)3(4.52e+01)0(3.97e+01)
248:1(1.55e+03)2(1.34e+03)3(5.86e+02)0(3.43e+02)
249:1(6.73e+02)3(5.11e+02)2(4.06e+02)0(2.96e+02)
250:2(6.97e+02)1(5.19e+02)0(5.15e+02)3(3.44e+02)
251:1(3.45e+02)0(3.29e+02)2(2.90e+02)3(2.75e+02)
252:1(9.30e+02)2(8.60e+02)3(5.97e+02)0(4.21e+02)
253:2(5.27e+02)0(3.40e+02)3(1.42e+02)1(7.01e+01)
254:2(8.18e+02)0(7.95e+02)1(5.96e+02)3(4.48e+02)
255:2(1.27e+02)0(6.99e+01)3(5.62e+01)1(4.11e+01)
256:2(9.13e+02)1(8.28e+02)3(6.69e+02)0(6.31e+02)
257:0(2.82e+02)1(2.78e+02)2(2.41e+02)3(2.00e+02)
258:2(7.02e+01)3(6.16e+01)1(5.56e+01)0(4.19e+01)
259:2(7.38e+02)1(7.27e+02)0(1.02e+02)3(9.91e+01)
260:1(4.24e+02)3(2.76e+02)2(2.53e+02)0(2.16e+02)
261:1(1.90e+01)2(1.80e+01)0(1.30e+01)3(9.98e+00)
262:1(4.96e+02)3(4.38e+02)2(4.08e+02)0(3.01e+02)
263:2(1.80e+02)0(7.34e+01)3(3.15e+01)1(1.77e+01)
264:1(3.75e+02)2(3.22e+02)3(8.29e+01)0(6.68e+01)
265:1(1.43e+03)2(1.02e+03)0(5.26e+02)3(5.21e+02)
266:2(1.65e+02)0(1.39e+02)3(9.74e+01)1(4.40e+01)
267:1(1.50e+02)2(1.38e+02)3(3.27e+01)0(7.14e+00)
268:2(6.94e+01)1(6.72e+01)0(6.21e+01)3(5.21e+01)
269:0(1.90e+02)2(1.63e+02)3(2.11e+01)1(1.58e+01)
270:3(1.75e+02)2(1.67e+02)1(1.57e+02)0(1.36e+02)
271:2(6.25e+01)0(4.58e+01)3(4.41e+01)1(4.05e+01)
272:0(7.64e+01)2(6.01e+01)3(5.35e+01)1(3.02e+01)
273:2(1.38e+02)0(1.18e+02)3(9.09e+01)1(9.01e+01)
274:2(3.13e+02)1(1.80e+02)0(1.46e+02)3(1.43e+02)
275:2(1.04e+02)1(7.41e+01)3(5.67e+01)0(4.60e+01)
276:2(8.08e+01)1(6.55e+01)0(6.45e+01)3(4.44e+01)
277:0(3.35e+02)2(2.51e+02)3(2.22e+02)1(2.12e+02)
278:3(1.45e+02)0(1.08e+02)1(9.47e+01)2(8.67e+01)
279:1(9.37e+01)2(6.35e+01)3(5.38e+01)0(3.70e+01)
280:1(8.58e+01)0(7.61e+01)2(5.66e+01)3(5.16e+01)
281:2(1.51e+02)0(1.46e+02)1(9.30e+01)3(7.98e+01)
282:2(9.35e+01)1(9.20e+01)0(8.28e+01)3(4.01e+01)
283:1(8.97e+02)2(1.74e+02)0(1.47e+02)3(1.47e+02)
284:0(1.53e+02)1(1.41e+02)3(1.27e+02)2(1.09e+02)
285:1(9.34e+02)2(6.51e+02)0(3.22e+02)3(2.83e+02)
286:1(1.21e+02)0(9.48e+01)2(7.65e+01)3(5.92e+01)
287:3(2.91e+02)2(2.08e+02)1(1.74e+02)0(1.69e+02)
288:2(9.69e+02)3(8.47e+02)1(6.33e+02)0(4.34e+02)
289:3(1.09e+02)2(1.07e+02)1(1.06e+02)0(8.43e+01)
290:2(7.63e+01)0(5.86e+01)1(5.65e+01)3(3.65e+01)
291:2(3.94e+03)1(3.47e+03)3(1.59e+03)0(5.91e+02)
292:2(5.62e+02)0(4.08e+02)3(4.08e+02)1(3.70e+02)INFO: s3mixw_io.c(233): Wrote /home/nguyenvanthinh/Desktop/Git/speech recognition  demo/digit/model_parameters/digit.cd_cont_initial/mixture_weights [293x1x8 array]
INFO: s3gau_io.c(228): Wrote /home/nguyenvanthinh/Desktop/Git/speech recognition  demo/digit/model_parameters/digit.cd_cont_initial/means [293x1x8 array]
INFO: s3gau_io.c(228): Wrote /home/nguyenvanthinh/Desktop/Git/speech recognition  demo/digit/model_parameters/digit.cd_cont_initial/variances [293x1x8 array]

Thu Apr  7 00:45:50 2016
