Current configuration:
[NAME]		[DEFLT]	[VALUE]
-dcountfn		/home/nguyenvanthinh/Desktop/Git/speech recognition  demo/digit/model_parameters/digit.cd_cont_200/mixture_weights
-example	no	no
-fullvar	no	no
-help		no	no
-inmeanfn		/home/nguyenvanthinh/Desktop/Git/speech recognition  demo/digit/model_parameters/digit.cd_cont_200/means
-inmixwfn		/home/nguyenvanthinh/Desktop/Git/speech recognition  demo/digit/model_parameters/digit.cd_cont_200/mixture_weights
-invarfn		/home/nguyenvanthinh/Desktop/Git/speech recognition  demo/digit/model_parameters/digit.cd_cont_200/variances
-ninc		1	2
-outmeanfn		/home/nguyenvanthinh/Desktop/Git/speech recognition  demo/digit/model_parameters/digit.cd_cont_initial/means
-outmixwfn		/home/nguyenvanthinh/Desktop/Git/speech recognition  demo/digit/model_parameters/digit.cd_cont_initial/mixture_weights
-outvarfn		/home/nguyenvanthinh/Desktop/Git/speech recognition  demo/digit/model_parameters/digit.cd_cont_initial/variances

INFO: main.c(86): Reading mixing weight file /home/nguyenvanthinh/Desktop/Git/speech recognition  demo/digit/model_parameters/digit.cd_cont_200/mixture_weights.
INFO: s3mixw_io.c(117): Read /home/nguyenvanthinh/Desktop/Git/speech recognition  demo/digit/model_parameters/digit.cd_cont_200/mixture_weights [293x1x2 array]
INFO: s3gau_io.c(169): Read /home/nguyenvanthinh/Desktop/Git/speech recognition  demo/digit/model_parameters/digit.cd_cont_200/means [293x1x2 array]
INFO: s3gau_io.c(169): Read /home/nguyenvanthinh/Desktop/Git/speech recognition  demo/digit/model_parameters/digit.cd_cont_200/variances [293x1x2 array]
INFO: s3gau_io.c(553): Read /home/nguyenvanthinh/Desktop/Git/speech recognition  demo/digit/model_parameters/digit.cd_cont_200/mixture_weights [293x1x2 array]
INFO: main.c(151): output n_density == 4
0:1(3.71e+03)0(1.78e+03)
1:0(8.09e+03)1(6.07e+03)
2:1(2.16e+04)0(1.92e+04)
3:1(2.45e+03)0(2.06e+03)
4:0(5.36e+03)1(4.79e+03)
5:1(9.02e+03)0(4.53e+03)
6:0(1.22e+03)1(1.13e+03)
7:1(9.67e+02)0(7.74e+02)
8:1(8.60e+02)0(6.46e+02)
9:1(2.13e+03)0(2.10e+03)
10:0(2.19e+03)1(1.72e+03)
11:1(6.95e+03)0(2.75e+03)
12:1(3.11e+03)0(2.24e+03)
13:1(2.08e+03)0(1.70e+03)
14:0(2.73e+03)1(1.08e+03)
15:0(5.15e+03)1(3.09e+03)
16:0(3.19e+03)1(2.70e+03)
17:0(3.60e+03)1(1.82e+03)
18:0(2.38e+03)1(1.90e+03)
19:1(2.01e+03)0(1.46e+03)
20:1(1.36e+03)0(1.30e+03)
21:0(1.93e+03)1(1.12e+03)
22:1(1.88e+03)0(9.53e+02)
23:1(1.44e+03)0(8.86e+02)
24:0(2.11e+02)1(1.46e+02)
25:0(1.22e+02)1(1.10e+02)
26:1(1.72e+02)0(1.14e+02)
27:0(9.41e+02)1(6.07e+02)
28:0(2.29e+03)1(1.12e+03)
29:1(8.89e+02)0(8.80e+02)
30:0(2.06e+03)1(1.52e+03)
31:1(9.74e+02)0(6.97e+02)
32:1(1.21e+03)0(9.93e+02)
33:0(2.69e+03)1(2.59e+03)
34:1(4.16e+03)0(2.24e+03)
35:1(1.98e+04)0(4.30e+03)
36:1(3.17e+03)0(1.66e+03)
37:1(1.51e+03)0(1.40e+03)
38:1(9.84e+02)0(9.22e+02)
39:1(8.11e+01)0(7.56e+01)
40:1(1.03e+02)0(9.83e+01)
41:1(1.03e+02)0(9.96e+01)
42:0(1.82e+03)1(1.81e+03)
43:1(1.51e+03)0(1.00e+03)
44:0(2.25e+03)1(8.88e+02)
45:1(4.19e+03)0(1.61e+03)
46:0(3.34e+03)1(3.29e+03)
47:0(6.45e+03)1(5.98e+03)
48:0(1.41e+03)1(1.30e+03)
49:1(1.81e+03)0(1.12e+03)
50:1(9.15e+03)0(4.02e+03)
51:0(8.03e+02)1(4.66e+02)
52:0(6.95e+02)1(5.57e+02)
53:0(7.00e+02)1(4.21e+02)
54:1(1.65e+03)0(7.96e+02)
55:0(9.41e+02)1(8.19e+02)
56:0(7.57e+02)1(5.43e+02)
57:1(5.56e+03)0(1.89e+03)
58:1(6.88e+03)0(3.85e+03)
59:0(2.03e+04)1(1.13e+04)
60:1(7.45e+02)0(6.29e+02)
61:1(1.78e+03)0(1.24e+03)
62:1(4.97e+03)0(1.85e+03)
63:1(7.66e+02)0(7.64e+02)
64:1(5.23e+03)0(5.37e+02)
65:1(1.48e+03)0(5.92e+02)
66:1(1.47e+03)0(1.24e+03)
67:0(1.31e+03)1(1.30e+03)
68:0(1.28e+03)1(1.18e+03)
69:0(1.43e+02)1(1.39e+02)
70:0(1.02e+02)1(7.09e+01)
71:1(1.14e+02)0(8.65e+01)
72:0(1.59e+02)1(1.14e+02)
73:0(1.18e+02)1(1.18e+02)
74:0(9.90e+01)1(9.88e+01)
75:1(4.90e+03)0(1.41e+03)
76:0(1.05e+03)1(8.80e+02)
77:1(5.67e+02)0(5.16e+02)
78:1(2.69e+03)0(1.40e+03)
79:0(1.84e+03)1(1.07e+03)
80:1(2.53e+03)0(1.94e+03)
81:0(1.87e+03)1(1.00e+03)
82:1(1.07e+03)0(6.68e+02)
83:0(3.30e+03)1(1.44e+03)
84:0(1.28e+03)1(7.96e+02)
85:1(1.26e+03)0(4.51e+02)
86:0(1.01e+03)1(4.96e+02)
87:0(2.65e+02)1(2.06e+02)
88:1(4.53e+02)0(2.78e+02)
89:0(7.18e+02)1(4.53e+02)
90:0(1.63e+03)1(7.65e+02)
91:0(2.40e+03)1(1.78e+03)
92:1(9.79e+03)0(2.21e+03)
93:1(1.07e+03)0(9.48e+02)
94:0(1.30e+03)1(1.19e+03)
95:0(3.24e+03)1(2.82e+03)
96:0(3.56e+02)1(2.89e+02)
97:1(2.09e+02)0(2.06e+02)
98:1(1.58e+03)0(1.46e+03)
99:1(5.03e+03)0(1.69e+03)
100:1(2.79e+03)0(1.65e+03)
101:1(2.12e+02)0(1.57e+02)
102:1(1.45e+02)0(1.05e+02)
103:0(9.35e+02)1(8.34e+02)
104:0(1.22e+03)1(1.13e+03)
105:1(9.67e+02)0(7.74e+02)
106:1(8.60e+02)0(6.46e+02)
107:1(7.57e+02)0(6.73e+02)
108:1(1.90e+03)0(8.99e+02)
109:0(8.86e+02)1(7.43e+02)
110:1(1.72e+03)0(5.64e+02)
111:0(1.38e+03)1(8.52e+02)
112:1(6.94e+03)0(5.19e+02)
113:1(2.83e+03)0(8.84e+02)
114:1(8.59e+02)0(7.81e+02)
115:1(1.14e+03)0(9.26e+02)
116:0(8.69e+02)1(8.41e+02)
117:1(1.17e+03)0(3.58e+02)
118:0(1.34e+03)1(9.39e+02)
119:0(1.54e+03)1(1.27e+03)
120:1(7.54e+02)0(5.17e+02)
121:1(1.79e+03)0(1.02e+03)
122:1(2.72e+02)0(8.72e+01)
123:1(6.05e+02)0(3.73e+02)
124:0(8.47e+02)1(7.78e+02)
125:0(2.45e+02)1(2.43e+02)
126:1(8.90e+02)0(7.97e+02)
127:0(7.37e+02)1(7.28e+02)
128:1(3.26e+02)0(3.00e+02)
129:0(1.02e+03)1(8.56e+02)
130:0(9.26e+02)1(8.03e+02)
131:0(4.08e+02)1(1.87e+02)
132:0(6.29e+02)1(5.89e+02)
133:1(1.05e+03)0(1.04e+03)
134:1(8.62e+02)0(6.76e+02)
135:1(5.19e+02)0(1.39e+02)
136:1(2.01e+03)0(1.46e+03)
137:1(1.36e+03)0(1.30e+03)
138:0(1.23e+03)1(1.06e+03)
139:0(4.61e+02)1(2.85e+02)
140:1(9.17e+02)0(5.96e+02)
141:1(1.92e+02)0(9.52e+01)
142:1(7.21e+02)0(3.08e+02)
143:1(7.40e+02)0(6.08e+02)
144:1(5.85e+02)0(3.96e+02)
145:0(2.11e+02)1(1.46e+02)
146:0(1.22e+02)1(1.10e+02)
147:1(1.72e+02)0(1.14e+02)
148:0(9.41e+02)1(6.07e+02)
149:0(2.29e+03)1(1.12e+03)
150:1(8.89e+02)0(8.80e+02)
151:0(2.06e+03)1(1.52e+03)
152:1(9.74e+02)0(6.97e+02)
153:1(1.21e+03)0(9.93e+02)
154:1(9.61e+02)0(8.13e+02)
155:0(1.10e+02)1(9.81e+01)
156:0(2.89e+02)1(2.85e+02)
157:0(1.40e+03)1(8.92e+02)
158:0(2.26e+02)1(2.10e+02)
159:1(1.22e+03)0(9.27e+02)
160:1(5.20e+02)0(3.76e+02)
161:1(1.09e+02)0(7.60e+01)
162:0(2.07e+02)1(1.49e+02)
163:1(1.26e+03)0(1.17e+03)
164:1(2.09e+02)0(1.75e+02)
165:1(6.46e+03)0(1.77e+03)
166:1(1.60e+03)0(1.59e+03)
167:1(6.34e+03)0(5.17e+03)
168:1(4.45e+02)0(3.25e+02)
169:1(2.05e+02)0(1.70e+02)
170:1(1.80e+03)0(1.05e+03)
171:1(1.33e+03)0(6.62e+02)
172:1(1.51e+03)0(1.40e+03)
173:1(9.84e+02)0(9.22e+02)
174:1(8.11e+01)0(7.56e+01)
175:1(1.03e+02)0(9.83e+01)
176:1(1.03e+02)0(9.96e+01)
177:1(1.38e+03)0(8.60e+02)
178:0(6.05e+02)1(3.02e+02)
179:0(3.04e+02)1(1.68e+02)
180:0(7.20e+02)1(5.74e+02)
181:1(3.03e+02)0(1.72e+02)
182:0(4.79e+02)1(2.63e+02)
183:0(2.13e+03)1(4.72e+02)
184:1(1.62e+02)0(1.37e+02)
185:0(1.30e+02)1(1.10e+02)
186:1(2.45e+03)0(1.72e+03)
187:1(3.57e+02)0(1.94e+02)
188:0(6.19e+02)1(4.58e+02)
189:1(2.32e+03)0(2.27e+03)
190:1(1.26e+03)0(7.87e+02)
191:1(1.70e+03)0(6.78e+02)
192:1(2.63e+03)0(1.75e+03)
193:0(4.65e+01)1(4.11e+01)
194:0(3.28e+02)1(3.07e+02)
195:1(6.32e+02)0(3.39e+02)
196:0(2.67e+03)1(1.32e+03)
197:0(8.25e+02)1(5.96e+02)
198:0(1.09e+02)1(9.01e+01)
199:0(6.27e+02)1(4.73e+02)
200:0(1.39e+03)1(1.28e+03)
201:0(1.65e+02)1(1.04e+02)
202:0(7.41e+02)1(6.31e+02)
203:1(8.71e+03)0(3.09e+03)
204:0(3.39e+02)1(2.63e+02)
205:1(2.94e+02)0(1.77e+02)
206:0(1.13e+02)1(8.25e+01)
207:0(3.52e+02)1(2.86e+02)
208:1(3.41e+02)0(2.74e+02)
209:0(2.80e+02)1(2.75e+02)
210:1(2.88e+02)0(2.79e+02)
211:1(1.43e+03)0(6.01e+02)
212:0(2.11e+02)1(2.08e+02)
213:0(3.15e+02)1(3.06e+02)
214:0(2.98e+02)1(2.76e+02)
215:0(3.09e+02)1(2.57e+02)
216:0(7.57e+02)1(5.43e+02)
217:1(1.17e+03)0(1.13e+03)
218:0(1.86e+02)1(1.24e+02)
219:1(1.62e+03)0(9.55e+02)
220:1(1.14e+02)0(7.42e+01)
221:1(1.10e+03)0(9.75e+02)
222:1(1.12e+03)0(7.85e+02)
223:1(2.36e+03)0(1.90e+03)
224:1(3.15e+02)0(1.97e+02)
225:1(2.10e+03)0(1.95e+03)
226:0(1.08e+04)1(5.57e+03)
227:1(6.19e+03)0(1.93e+03)
228:1(5.16e+03)0(1.62e+03)
229:1(2.02e+02)0(1.12e+02)
230:1(7.45e+02)0(6.29e+02)
231:1(1.78e+03)0(1.24e+03)
232:1(4.97e+03)0(1.85e+03)
233:1(7.66e+02)0(7.64e+02)
234:1(5.23e+03)0(5.37e+02)
235:1(1.48e+03)0(5.92e+02)
236:1(1.58e+03)0(8.92e+02)
237:0(1.23e+02)1(1.07e+02)
238:0(1.27e+03)1(1.17e+03)
239:1(9.94e+01)0(7.94e+01)
240:1(1.11e+03)0(1.10e+03)
241:1(1.29e+02)0(1.24e+02)
242:0(1.43e+02)1(1.39e+02)
243:0(1.02e+02)1(7.09e+01)
244:1(1.14e+02)0(8.65e+01)
245:0(1.59e+02)1(1.14e+02)
246:0(1.18e+02)1(1.18e+02)
247:0(9.90e+01)1(9.88e+01)
248:1(3.23e+03)0(9.41e+02)
249:1(1.46e+03)0(6.86e+02)
250:0(1.05e+03)1(8.80e+02)
251:1(5.67e+02)0(5.16e+02)
252:1(1.87e+03)0(1.07e+03)
253:0(7.76e+02)1(3.64e+02)
254:0(1.47e+03)1(1.19e+03)
255:0(1.48e+02)1(1.06e+02)
256:1(1.90e+03)0(1.35e+03)
257:0(5.74e+02)1(4.31e+02)
258:1(1.14e+02)0(9.46e+01)
259:1(1.48e+03)0(2.46e+02)
260:0(5.58e+02)1(5.24e+02)
261:1(3.60e+01)0(2.41e+01)
262:1(9.06e+02)0(6.27e+02)
263:0(1.65e+02)1(3.99e+01)
264:1(7.18e+02)0(2.30e+02)
265:1(1.89e+03)0(1.48e+03)
266:0(2.77e+02)1(1.50e+02)
267:1(3.02e+02)0(8.57e+01)
268:0(1.41e+02)1(1.13e+02)
269:0(3.09e+02)1(6.79e+01)
270:0(3.35e+02)1(3.10e+02)
271:0(9.85e+01)1(8.72e+01)
272:0(1.22e+02)1(1.08e+02)
273:0(2.44e+02)1(1.79e+02)
274:1(5.16e+02)0(3.00e+02)
275:1(1.31e+02)0(1.11e+02)
276:1(1.32e+02)0(9.97e+01)
277:0(5.61e+02)1(4.91e+02)
278:1(2.30e+02)0(2.22e+02)
279:1(1.46e+02)0(6.71e+01)
280:0(1.47e+02)1(1.11e+02)
281:0(2.51e+02)1(2.07e+02)
282:0(1.52e+02)1(1.19e+02)
283:0(3.18e+02)1(2.52e+02)
284:0(3.19e+02)1(2.82e+02)
285:1(1.18e+03)0(9.28e+02)
286:0(1.52e+02)1(1.39e+02)
287:0(4.33e+02)1(4.12e+02)
288:0(1.64e+03)1(1.24e+03)
289:1(2.86e+02)0(1.75e+02)
290:0(1.07e+02)1(9.21e+01)
291:1(7.76e+03)0(2.27e+03)
292:0(9.37e+02)1(8.40e+02)INFO: s3mixw_io.c(233): Wrote /home/nguyenvanthinh/Desktop/Git/speech recognition  demo/digit/model_parameters/digit.cd_cont_initial/mixture_weights [293x1x4 array]
INFO: s3gau_io.c(228): Wrote /home/nguyenvanthinh/Desktop/Git/speech recognition  demo/digit/model_parameters/digit.cd_cont_initial/means [293x1x4 array]
INFO: s3gau_io.c(228): Wrote /home/nguyenvanthinh/Desktop/Git/speech recognition  demo/digit/model_parameters/digit.cd_cont_initial/variances [293x1x4 array]

Thu Apr  7 00:45:19 2016
