Current configuration:
[NAME]		[DEFLT]	[VALUE]
-dest_meanfn		/home/nguyenvanthinh/Desktop/Git/speech recognition  demo/digit/model_parameters/digit.cd_cont_untied/means
-dest_mixwfn		/home/nguyenvanthinh/Desktop/Git/speech recognition  demo/digit/model_parameters/digit.cd_cont_untied/mixture_weights
-dest_moddeffn		/home/nguyenvanthinh/Desktop/Git/speech recognition  demo/digit/model_architecture/digit.untied.mdef
-dest_tmatfn		/home/nguyenvanthinh/Desktop/Git/speech recognition  demo/digit/model_parameters/digit.cd_cont_untied/transition_matrices
-dest_ts2cbfn		.cont.
-dest_varfn		/home/nguyenvanthinh/Desktop/Git/speech recognition  demo/digit/model_parameters/digit.cd_cont_untied/variances
-example	no	no
-fullvar	no	no
-help		no	no
-src_meanfn		/home/nguyenvanthinh/Desktop/Git/speech recognition  demo/digit/model_parameters/digit.ci_cont/means
-src_mixwfn		/home/nguyenvanthinh/Desktop/Git/speech recognition  demo/digit/model_parameters/digit.ci_cont/mixture_weights
-src_moddeffn		/home/nguyenvanthinh/Desktop/Git/speech recognition  demo/digit/model_architecture/digit.ci.mdef
-src_tmatfn		/home/nguyenvanthinh/Desktop/Git/speech recognition  demo/digit/model_parameters/digit.ci_cont/transition_matrices
-src_ts2cbfn		.cont.
-src_varfn		/home/nguyenvanthinh/Desktop/Git/speech recognition  demo/digit/model_parameters/digit.ci_cont/variances

INFO: main.c(261): Reading src /home/nguyenvanthinh/Desktop/Git/speech recognition  demo/digit/model_architecture/digit.ci.mdef
INFO: model_def_io.c(573): Model definition info:
INFO: model_def_io.c(574): 31 total models defined (31 base, 0 tri)
INFO: model_def_io.c(575): 124 total states
INFO: model_def_io.c(576): 93 total tied states
INFO: model_def_io.c(577): 93 total tied CI states
INFO: model_def_io.c(578): 31 total tied transition matrices
INFO: model_def_io.c(579): 4 max state/model
INFO: model_def_io.c(580): 4 min state/model
INFO: main.c(278): Generating continous ts2cb mapping
INFO: main.c(299): Reading src /home/nguyenvanthinh/Desktop/Git/speech recognition  demo/digit/model_parameters/digit.ci_cont/mixture_weights
INFO: s3mixw_io.c(117): Read /home/nguyenvanthinh/Desktop/Git/speech recognition  demo/digit/model_parameters/digit.ci_cont/mixture_weights [93x1x1 array]
INFO: main.c(309): Reading src /home/nguyenvanthinh/Desktop/Git/speech recognition  demo/digit/model_parameters/digit.ci_cont/transition_matrices
INFO: s3tmat_io.c(118): Read /home/nguyenvanthinh/Desktop/Git/speech recognition  demo/digit/model_parameters/digit.ci_cont/transition_matrices [31x3x4 array]
INFO: main.c(318): Reading src /home/nguyenvanthinh/Desktop/Git/speech recognition  demo/digit/model_parameters/digit.ci_cont/means
INFO: s3gau_io.c(169): Read /home/nguyenvanthinh/Desktop/Git/speech recognition  demo/digit/model_parameters/digit.ci_cont/means [93x1x1 array]
INFO: main.c(342): Reading src /home/nguyenvanthinh/Desktop/Git/speech recognition  demo/digit/model_parameters/digit.ci_cont/variances
INFO: s3gau_io.c(169): Read /home/nguyenvanthinh/Desktop/Git/speech recognition  demo/digit/model_parameters/digit.ci_cont/variances [93x1x1 array]
INFO: main.c(391): Reading dest /home/nguyenvanthinh/Desktop/Git/speech recognition  demo/digit/model_architecture/digit.untied.mdef
INFO: model_def_io.c(573): Model definition info:
INFO: model_def_io.c(574): 326 total models defined (31 base, 295 tri)
INFO: model_def_io.c(575): 1304 total states
INFO: model_def_io.c(576): 978 total tied states
INFO: model_def_io.c(577): 93 total tied CI states
INFO: model_def_io.c(578): 31 total tied transition matrices
INFO: model_def_io.c(579): 4 max state/model
INFO: model_def_io.c(580): 4 min state/model
INFO: main.c(407): Generating continous ts2cb mapping
INFO: main.c(431): Calculating initial model parameters
INFO: main.c(439): Alloc 31x3x4 dest tmat
INFO: main.c(450): Alloc 978x1x1 dest mixw
INFO: main.c(463): Alloc 978x1x1 dest mean and var
       SIL <- SIL       : [tm     0 +=     0]
[mx     0(0) +=     0] [mg     0(0) <-     0] [mx     1(1) +=     1] [mg     1(1) <-     1] [mx     2(2) +=     2] [mg     2(2) <-     2] 
         a <- a         : [tm     1 +=     1]
[mx     3(0) +=     3] [mg     3(0) <-     3] [mx     4(1) +=     4] [mg     4(1) <-     4] [mx     5(2) +=     5] [mg     5(2) <-     5] 
       aar <- aar       : [tm     2 +=     2]
[mx     6(0) +=     6] [mg     6(0) <-     6] [mx     7(1) +=     7] [mg     7(1) <-     7] [mx     8(2) +=     8] [mg     8(2) <-     8] 
        as <- as        : [tm     3 +=     3]
[mx     9(0) +=     9] [mg     9(0) <-     9] [mx    10(1) +=    10] [mg    10(1) <-    10] [mx    11(2) +=    11] [mg    11(2) <-    11] 
        aw <- aw        : [tm     4 +=     4]
[mx    12(0) +=    12] [mg    12(0) <-    12] [mx    13(1) +=    13] [mg    13(1) <-    13] [mx    14(2) +=    14] [mg    14(2) <-    14] 
         b <- b         : [tm     5 +=     5]
[mx    15(0) +=    15] [mg    15(0) <-    15] [mx    16(1) +=    16] [mg    16(1) <-    16] [mx    17(2) +=    17] [mg    17(2) <-    17] 
        ch <- ch        : [tm     6 +=     6]
[mx    18(0) +=    18] [mg    18(0) <-    18] [mx    19(1) +=    19] [mg    19(1) <-    19] [mx    20(2) +=    20] [mg    20(2) <-    20] 
         h <- h         : [tm     7 +=     7]
[mx    21(0) +=    21] [mg    21(0) <-    21] [mx    22(1) +=    22] [mg    22(1) <-    22] [mx    23(2) +=    23] [mg    23(2) <-    23] 
         i <- i         : [tm     8 +=     8]
[mx    24(0) +=    24] [mg    24(0) <-    24] [mx    25(1) +=    25] [mg    25(1) <-    25] [mx    26(2) +=    26] [mg    26(2) <-    26] 
        if <- if        : [tm     9 +=     9]
[mx    27(0) +=    27] [mg    27(0) <-    27] [mx    28(1) +=    28] [mg    28(1) <-    28] [mx    29(2) +=    29] [mg    29(2) <-    29] 
        is <- is        : [tm    10 +=    10]
[mx    30(0) +=    30] [mg    30(0) <-    30] [mx    31(1) +=    31] [mg    31(1) <-    31] [mx    32(2) +=    32] [mg    32(2) <-    32] 
        iz <- iz        : [tm    11 +=    11]
[mx    33(0) +=    33] [mg    33(0) <-    33] [mx    34(1) +=    34] [mg    34(1) <-    34] [mx    35(2) +=    35] [mg    35(2) <-    35] 
        kh <- kh        : [tm    12 +=    12]
[mx    36(0) +=    36] [mg    36(0) <-    36] [mx    37(1) +=    37] [mg    37(1) <-    37] [mx    38(2) +=    38] [mg    38(2) <-    38] 
         l <- l         : [tm    13 +=    13]
[mx    39(0) +=    39] [mg    39(0) <-    39] [mx    40(1) +=    40] [mg    40(1) <-    40] [mx    41(2) +=    41] [mg    41(2) <-    41] 
         m <- m         : [tm    14 +=    14]
[mx    42(0) +=    42] [mg    42(0) <-    42] [mx    43(1) +=    43] [mg    43(1) <-    43] [mx    44(2) +=    44] [mg    44(2) <-    44] 
        mz <- mz        : [tm    15 +=    15]
[mx    45(0) +=    45] [mg    45(0) <-    45] [mx    46(1) +=    46] [mg    46(1) <-    46] [mx    47(2) +=    47] [mg    47(2) <-    47] 
         n <- n         : [tm    16 +=    16]
[mx    48(0) +=    48] [mg    48(0) <-    48] [mx    49(1) +=    49] [mg    49(1) <-    49] [mx    50(2) +=    50] [mg    50(2) <-    50] 
        ng <- ng        : [tm    17 +=    17]
[mx    51(0) +=    51] [mg    51(0) <-    51] [mx    52(1) +=    52] [mg    52(1) <-    52] [mx    53(2) +=    53] [mg    53(2) <-    53] 
       ngz <- ngz       : [tm    18 +=    18]
[mx    54(0) +=    54] [mg    54(0) <-    54] [mx    55(1) +=    55] [mg    55(1) <-    55] [mx    56(2) +=    56] [mg    56(2) <-    56] 
        nz <- nz        : [tm    19 +=    19]
[mx    57(0) +=    57] [mg    57(0) <-    57] [mx    58(1) +=    58] [mg    58(1) <-    58] [mx    59(2) +=    59] [mg    59(2) <-    59] 
        oo <- oo        : [tm    20 +=    20]
[mx    60(0) +=    60] [mg    60(0) <-    60] [mx    61(1) +=    61] [mg    61(1) <-    61] [mx    62(2) +=    62] [mg    62(2) <-    62] 
       ooj <- ooj       : [tm    21 +=    21]
[mx    63(0) +=    63] [mg    63(0) <-    63] [mx    64(1) +=    64] [mg    64(1) <-    64] [mx    65(2) +=    65] [mg    65(2) <-    65] 
       oos <- oos       : [tm    22 +=    22]
[mx    66(0) +=    66] [mg    66(0) <-    66] [mx    67(1) +=    67] [mg    67(1) <-    67] [mx    68(2) +=    68] [mg    68(2) <-    68] 
        ow <- ow        : [tm    23 +=    23]
[mx    69(0) +=    69] [mg    69(0) <-    69] [mx    70(1) +=    70] [mg    70(1) <-    70] [mx    71(2) +=    71] [mg    71(2) <-    71] 
       owf <- owf       : [tm    24 +=    24]
[mx    72(0) +=    72] [mg    72(0) <-    72] [mx    73(1) +=    73] [mg    73(1) <-    73] [mx    74(2) +=    74] [mg    74(2) <-    74] 
         s <- s         : [tm    25 +=    25]
[mx    75(0) +=    75] [mg    75(0) <-    75] [mx    76(1) +=    76] [mg    76(1) <-    76] [mx    77(2) +=    77] [mg    77(2) <-    77] 
         t <- t         : [tm    26 +=    26]
[mx    78(0) +=    78] [mg    78(0) <-    78] [mx    79(1) +=    79] [mg    79(1) <-    79] [mx    80(2) +=    80] [mg    80(2) <-    80] 
        tc <- tc        : [tm    27 +=    27]
[mx    81(0) +=    81] [mg    81(0) <-    81] [mx    82(1) +=    82] [mg    82(1) <-    82] [mx    83(2) +=    83] [mg    83(2) <-    83] 
        tr <- tr        : [tm    28 +=    28]
[mx    84(0) +=    84] [mg    84(0) <-    84] [mx    85(1) +=    85] [mg    85(1) <-    85] [mx    86(2) +=    86] [mg    86(2) <-    86] 
        uw <- uw        : [tm    29 +=    29]
[mx    87(0) +=    87] [mg    87(0) <-    87] [mx    88(1) +=    88] [mg    88(1) <-    88] [mx    89(2) +=    89] [mg    89(2) <-    89] 
        uz <- uz        : [tm    30 +=    30]
[mx    90(0) +=    90] [mg    90(0) <-    90] [mx    91(1) +=    91] [mg    91(1) <-    91] [mx    92(2) +=    92] [mg    92(2) <-    92] 
 a b SIL e <- a         : [mx    93(0) +=     3] [mg    93(0) <-     3] [mx    94(1) +=     4] [mg    94(1) <-     4] [mx    95(2) +=     5] [mg    95(2) <-     5] 
   a b b e <- a         : [mx    96(0) +=     3] [mg    96(0) <-     3] [mx    97(1) +=     4] [mg    97(1) <-     4] [mx    98(2) +=     5] [mg    98(2) <-     5] 
  a b ch e <- a         : [mx    99(0) +=     3] [mg    99(0) <-     3] [mx   100(1) +=     4] [mg   100(1) <-     4] [mx   101(2) +=     5] [mg   101(2) <-     5] 
   a b h e <- a         : [mx   102(0) +=     3] [mg   102(0) <-     3] [mx   103(1) +=     4] [mg   103(1) <-     4] [mx   104(2) +=     5] [mg   104(2) <-     5] 
  a b kh e <- a         : [mx   105(0) +=     3] [mg   105(0) <-     3] [mx   106(1) +=     4] [mg   106(1) <-     4] [mx   107(2) +=     5] [mg   107(2) <-     5] 
   a b m e <- a         : [mx   108(0) +=     3] [mg   108(0) <-     3] [mx   109(1) +=     4] [mg   109(1) <-     4] [mx   110(2) +=     5] [mg   110(2) <-     5] 
   a b n e <- a         : [mx   111(0) +=     3] [mg   111(0) <-     3] [mx   112(1) +=     4] [mg   112(1) <-     4] [mx   113(2) +=     5] [mg   113(2) <-     5] 
  a b ng e <- a         : [mx   114(0) +=     3] [mg   114(0) <-     3] [mx   115(1) +=     4] [mg   115(1) <-     4] [mx   116(2) +=     5] [mg   116(2) <-     5] 
   a b s e <- a         : [mx   117(0) +=     3] [mg   117(0) <-     3] [mx   118(1) +=     4] [mg   118(1) <-     4] [mx   119(2) +=     5] [mg   119(2) <-     5] 
   a b t e <- a         : [mx   120(0) +=     3] [mg   120(0) <-     3] [mx   121(1) +=     4] [mg   121(1) <-     4] [mx   122(2) +=     5] [mg   122(2) <-     5] 
  a b tr e <- a         : [mx   123(0) +=     3] [mg   123(0) <-     3] [mx   124(1) +=     4] [mg   124(1) <-     4] [mx   125(2) +=     5] [mg   125(2) <-     5] 
  a h iz i <- a         : [mx   126(0) +=     3] [mg   126(0) <-     3] [mx   127(1) +=     4] [mg   127(1) <-     4] [mx   128(2) +=     5] [mg   128(2) <-     5] 
aar b iz i <- aar       : [mx   129(0) +=     6] [mg   129(0) <-     6] [mx   130(1) +=     7] [mg   130(1) <-     7] [mx   131(2) +=     8] [mg   131(2) <-     8] 
 as s uz i <- as        : [mx   132(0) +=     9] [mg   132(0) <-     9] [mx   133(1) +=    10] [mg   133(1) <-    10] [mx   134(2) +=    11] [mg   134(2) <-    11] 
 as t mz i <- as        : [mx   135(0) +=     9] [mg   135(0) <-     9] [mx   136(1) +=    10] [mg   136(1) <-    10] [mx   137(2) +=    11] [mg   137(2) <-    11] 
 aw n mz i <- aw        : [mx   138(0) +=    12] [mg   138(0) <-    12] [mx   139(1) +=    13] [mg   139(1) <-    13] [mx   140(2) +=    14] [mg   140(2) <-    14] 
aw tr mz i <- aw        : [mx   141(0) +=    12] [mg   141(0) <-    12] [mx   142(1) +=    13] [mg   142(1) <-    13] [mx   143(2) +=    14] [mg   143(2) <-    14] 
 b SIL a b <- b         : [mx   144(0) +=    15] [mg   144(0) <-    15] [mx   145(1) +=    16] [mg   145(1) <-    16] [mx   146(2) +=    17] [mg   146(2) <-    17] 
b SIL aar b <- b         : [mx   147(0) +=    15] [mg   147(0) <-    15] [mx   148(1) +=    16] [mg   148(1) <-    16] [mx   149(2) +=    17] [mg   149(2) <-    17] 
b SIL oos b <- b         : [mx   150(0) +=    15] [mg   150(0) <-    15] [mx   151(1) +=    16] [mg   151(1) <-    16] [mx   152(2) +=    17] [mg   152(2) <-    17] 
   b a a b <- b         : [mx   153(0) +=    15] [mg   153(0) <-    15] [mx   154(1) +=    16] [mg   154(1) <-    16] [mx   155(2) +=    17] [mg   155(2) <-    17] 
 b a aar b <- b         : [mx   156(0) +=    15] [mg   156(0) <-    15] [mx   157(1) +=    16] [mg   157(1) <-    16] [mx   158(2) +=    17] [mg   158(2) <-    17] 
 b a oos b <- b         : [mx   159(0) +=    15] [mg   159(0) <-    15] [mx   160(1) +=    16] [mg   160(1) <-    16] [mx   161(2) +=    17] [mg   161(2) <-    17] 
  b iz a b <- b         : [mx   162(0) +=    15] [mg   162(0) <-    15] [mx   163(1) +=    16] [mg   163(1) <-    16] [mx   164(2) +=    17] [mg   164(2) <-    17] 
b iz aar b <- b         : [mx   165(0) +=    15] [mg   165(0) <-    15] [mx   166(1) +=    16] [mg   166(1) <-    16] [mx   167(2) +=    17] [mg   167(2) <-    17] 
b iz oos b <- b         : [mx   168(0) +=    15] [mg   168(0) <-    15] [mx   169(1) +=    16] [mg   169(1) <-    16] [mx   170(2) +=    17] [mg   170(2) <-    17] 
  b mz a b <- b         : [mx   171(0) +=    15] [mg   171(0) <-    15] [mx   172(1) +=    16] [mg   172(1) <-    16] [mx   173(2) +=    17] [mg   173(2) <-    17] 
b mz aar b <- b         : [mx   174(0) +=    15] [mg   174(0) <-    15] [mx   175(1) +=    16] [mg   175(1) <-    16] [mx   176(2) +=    17] [mg   176(2) <-    17] 
b mz oos b <- b         : [mx   177(0) +=    15] [mg   177(0) <-    15] [mx   178(1) +=    16] [mg   178(1) <-    16] [mx   179(2) +=    17] [mg   179(2) <-    17] 
 b ngz a b <- b         : [mx   180(0) +=    15] [mg   180(0) <-    15] [mx   181(1) +=    16] [mg   181(1) <-    16] [mx   182(2) +=    17] [mg   182(2) <-    17] 
b ngz aar b <- b         : [mx   183(0) +=    15] [mg   183(0) <-    15] [mx   184(1) +=    16] [mg   184(1) <-    16] [mx   185(2) +=    17] [mg   185(2) <-    17] 
b ngz oos b <- b         : [mx   186(0) +=    15] [mg   186(0) <-    15] [mx   187(1) +=    16] [mg   187(1) <-    16] [mx   188(2) +=    17] [mg   188(2) <-    17] 
  b nz a b <- b         : [mx   189(0) +=    15] [mg   189(0) <-    15] [mx   190(1) +=    16] [mg   190(1) <-    16] [mx   191(2) +=    17] [mg   191(2) <-    17] 
b nz aar b <- b         : [mx   192(0) +=    15] [mg   192(0) <-    15] [mx   193(1) +=    16] [mg   193(1) <-    16] [mx   194(2) +=    17] [mg   194(2) <-    17] 
b nz oos b <- b         : [mx   195(0) +=    15] [mg   195(0) <-    15] [mx   196(1) +=    16] [mg   196(1) <-    16] [mx   197(2) +=    17] [mg   197(2) <-    17] 
  b tc a b <- b         : [mx   198(0) +=    15] [mg   198(0) <-    15] [mx   199(1) +=    16] [mg   199(1) <-    16] [mx   200(2) +=    17] [mg   200(2) <-    17] 
b tc aar b <- b         : [mx   201(0) +=    15] [mg   201(0) <-    15] [mx   202(1) +=    16] [mg   202(1) <-    16] [mx   203(2) +=    17] [mg   203(2) <-    17] 
b tc oos b <- b         : [mx   204(0) +=    15] [mg   204(0) <-    15] [mx   205(1) +=    16] [mg   205(1) <-    16] [mx   206(2) +=    17] [mg   206(2) <-    17] 
  b uw a b <- b         : [mx   207(0) +=    15] [mg   207(0) <-    15] [mx   208(1) +=    16] [mg   208(1) <-    16] [mx   209(2) +=    17] [mg   209(2) <-    17] 
b uw aar b <- b         : [mx   210(0) +=    15] [mg   210(0) <-    15] [mx   211(1) +=    16] [mg   211(1) <-    16] [mx   212(2) +=    17] [mg   212(2) <-    17] 
  b uz a b <- b         : [mx   213(0) +=    15] [mg   213(0) <-    15] [mx   214(1) +=    16] [mg   214(1) <-    16] [mx   215(2) +=    17] [mg   215(2) <-    17] 
b uz aar b <- b         : [mx   216(0) +=    15] [mg   216(0) <-    15] [mx   217(1) +=    16] [mg   217(1) <-    16] [mx   218(2) +=    17] [mg   218(2) <-    17] 
b uz oos b <- b         : [mx   219(0) +=    15] [mg   219(0) <-    15] [mx   220(1) +=    16] [mg   220(1) <-    16] [mx   221(2) +=    17] [mg   221(2) <-    17] 
ch SIL is b <- ch        : [mx   222(0) +=    18] [mg   222(0) <-    18] [mx   223(1) +=    19] [mg   223(1) <-    19] [mx   224(2) +=    20] [mg   224(2) <-    20] 
 ch a is b <- ch        : [mx   225(0) +=    18] [mg   225(0) <-    18] [mx   226(1) +=    19] [mg   226(1) <-    19] [mx   227(2) +=    20] [mg   227(2) <-    20] 
ch iz is b <- ch        : [mx   228(0) +=    18] [mg   228(0) <-    18] [mx   229(1) +=    19] [mg   229(1) <-    19] [mx   230(2) +=    20] [mg   230(2) <-    20] 
ch mz is b <- ch        : [mx   231(0) +=    18] [mg   231(0) <-    18] [mx   232(1) +=    19] [mg   232(1) <-    19] [mx   233(2) +=    20] [mg   233(2) <-    20] 
ch ngz is b <- ch        : [mx   234(0) +=    18] [mg   234(0) <-    18] [mx   235(1) +=    19] [mg   235(1) <-    19] [mx   236(2) +=    20] [mg   236(2) <-    20] 
ch nz is b <- ch        : [mx   237(0) +=    18] [mg   237(0) <-    18] [mx   238(1) +=    19] [mg   238(1) <-    19] [mx   239(2) +=    20] [mg   239(2) <-    20] 
ch tc is b <- ch        : [mx   240(0) +=    18] [mg   240(0) <-    18] [mx   241(1) +=    19] [mg   241(1) <-    19] [mx   242(2) +=    20] [mg   242(2) <-    20] 
ch uw is b <- ch        : [mx   243(0) +=    18] [mg   243(0) <-    18] [mx   244(1) +=    19] [mg   244(1) <-    19] [mx   245(2) +=    20] [mg   245(2) <-    20] 
ch uz is b <- ch        : [mx   246(0) +=    18] [mg   246(0) <-    18] [mx   247(1) +=    19] [mg   247(1) <-    19] [mx   248(2) +=    20] [mg   248(2) <-    20] 
 h SIL a b <- h         : [mx   249(0) +=    21] [mg   249(0) <-    21] [mx   250(1) +=    22] [mg   250(1) <-    22] [mx   251(2) +=    23] [mg   251(2) <-    23] 
   h a a b <- h         : [mx   252(0) +=    21] [mg   252(0) <-    21] [mx   253(1) +=    22] [mg   253(1) <-    22] [mx   254(2) +=    23] [mg   254(2) <-    23] 
  h iz a b <- h         : [mx   255(0) +=    21] [mg   255(0) <-    21] [mx   256(1) +=    22] [mg   256(1) <-    22] [mx   257(2) +=    23] [mg   257(2) <-    23] 
  h mz a b <- h         : [mx   258(0) +=    21] [mg   258(0) <-    21] [mx   259(1) +=    22] [mg   259(1) <-    22] [mx   260(2) +=    23] [mg   260(2) <-    23] 
 h ngz a b <- h         : [mx   261(0) +=    21] [mg   261(0) <-    21] [mx   262(1) +=    22] [mg   262(1) <-    22] [mx   263(2) +=    23] [mg   263(2) <-    23] 
  h nz a b <- h         : [mx   264(0) +=    21] [mg   264(0) <-    21] [mx   265(1) +=    22] [mg   265(1) <-    22] [mx   266(2) +=    23] [mg   266(2) <-    23] 
  h tc a b <- h         : [mx   267(0) +=    21] [mg   267(0) <-    21] [mx   268(1) +=    22] [mg   268(1) <-    22] [mx   269(2) +=    23] [mg   269(2) <-    23] 
  h uw a b <- h         : [mx   270(0) +=    21] [mg   270(0) <-    21] [mx   271(1) +=    22] [mg   271(1) <-    22] [mx   272(2) +=    23] [mg   272(2) <-    23] 
  h uz a b <- h         : [mx   273(0) +=    21] [mg   273(0) <-    21] [mx   274(1) +=    22] [mg   274(1) <-    22] [mx   275(2) +=    23] [mg   275(2) <-    23] 
 i l ngz i <- i         : [mx   276(0) +=    24] [mg   276(0) <-    24] [mx   277(1) +=    25] [mg   277(1) <-    25] [mx   278(2) +=    26] [mg   278(2) <-    26] 
if ng nz i <- if        : [mx   279(0) +=    27] [mg   279(0) <-    27] [mx   280(1) +=    28] [mg   280(1) <-    28] [mx   281(2) +=    29] [mg   281(2) <-    29] 
is ch nz i <- is        : [mx   282(0) +=    30] [mg   282(0) <-    30] [mx   283(1) +=    31] [mg   283(1) <-    31] [mx   284(2) +=    32] [mg   284(2) <-    32] 
iz a SIL e <- iz        : [mx   285(0) +=    33] [mg   285(0) <-    33] [mx   286(1) +=    34] [mg   286(1) <-    34] [mx   287(2) +=    35] [mg   287(2) <-    35] 
  iz a b e <- iz        : [mx   288(0) +=    33] [mg   288(0) <-    33] [mx   289(1) +=    34] [mg   289(1) <-    34] [mx   290(2) +=    35] [mg   290(2) <-    35] 
 iz a ch e <- iz        : [mx   291(0) +=    33] [mg   291(0) <-    33] [mx   292(1) +=    34] [mg   292(1) <-    34] [mx   293(2) +=    35] [mg   293(2) <-    35] 
  iz a h e <- iz        : [mx   294(0) +=    33] [mg   294(0) <-    33] [mx   295(1) +=    34] [mg   295(1) <-    34] [mx   296(2) +=    35] [mg   296(2) <-    35] 
 iz a kh e <- iz        : [mx   297(0) +=    33] [mg   297(0) <-    33] [mx   298(1) +=    34] [mg   298(1) <-    34] [mx   299(2) +=    35] [mg   299(2) <-    35] 
  iz a m e <- iz        : [mx   300(0) +=    33] [mg   300(0) <-    33] [mx   301(1) +=    34] [mg   301(1) <-    34] [mx   302(2) +=    35] [mg   302(2) <-    35] 
  iz a n e <- iz        : [mx   303(0) +=    33] [mg   303(0) <-    33] [mx   304(1) +=    34] [mg   304(1) <-    34] [mx   305(2) +=    35] [mg   305(2) <-    35] 
 iz a ng e <- iz        : [mx   306(0) +=    33] [mg   306(0) <-    33] [mx   307(1) +=    34] [mg   307(1) <-    34] [mx   308(2) +=    35] [mg   308(2) <-    35] 
  iz a s e <- iz        : [mx   309(0) +=    33] [mg   309(0) <-    33] [mx   310(1) +=    34] [mg   310(1) <-    34] [mx   311(2) +=    35] [mg   311(2) <-    35] 
  iz a t e <- iz        : [mx   312(0) +=    33] [mg   312(0) <-    33] [mx   313(1) +=    34] [mg   313(1) <-    34] [mx   314(2) +=    35] [mg   314(2) <-    35] 
 iz a tr e <- iz        : [mx   315(0) +=    33] [mg   315(0) <-    33] [mx   316(1) +=    34] [mg   316(1) <-    34] [mx   317(2) +=    35] [mg   317(2) <-    35] 
iz aar SIL e <- iz        : [mx   318(0) +=    33] [mg   318(0) <-    33] [mx   319(1) +=    34] [mg   319(1) <-    34] [mx   320(2) +=    35] [mg   320(2) <-    35] 
iz aar b e <- iz        : [mx   321(0) +=    33] [mg   321(0) <-    33] [mx   322(1) +=    34] [mg   322(1) <-    34] [mx   323(2) +=    35] [mg   323(2) <-    35] 
iz aar ch e <- iz        : [mx   324(0) +=    33] [mg   324(0) <-    33] [mx   325(1) +=    34] [mg   325(1) <-    34] [mx   326(2) +=    35] [mg   326(2) <-    35] 
iz aar h e <- iz        : [mx   327(0) +=    33] [mg   327(0) <-    33] [mx   328(1) +=    34] [mg   328(1) <-    34] [mx   329(2) +=    35] [mg   329(2) <-    35] 
iz aar kh e <- iz        : [mx   330(0) +=    33] [mg   330(0) <-    33] [mx   331(1) +=    34] [mg   331(1) <-    34] [mx   332(2) +=    35] [mg   332(2) <-    35] 
iz aar m e <- iz        : [mx   333(0) +=    33] [mg   333(0) <-    33] [mx   334(1) +=    34] [mg   334(1) <-    34] [mx   335(2) +=    35] [mg   335(2) <-    35] 
iz aar n e <- iz        : [mx   336(0) +=    33] [mg   336(0) <-    33] [mx   337(1) +=    34] [mg   337(1) <-    34] [mx   338(2) +=    35] [mg   338(2) <-    35] 
iz aar ng e <- iz        : [mx   339(0) +=    33] [mg   339(0) <-    33] [mx   340(1) +=    34] [mg   340(1) <-    34] [mx   341(2) +=    35] [mg   341(2) <-    35] 
iz aar s e <- iz        : [mx   342(0) +=    33] [mg   342(0) <-    33] [mx   343(1) +=    34] [mg   343(1) <-    34] [mx   344(2) +=    35] [mg   344(2) <-    35] 
iz aar t e <- iz        : [mx   345(0) +=    33] [mg   345(0) <-    33] [mx   346(1) +=    34] [mg   346(1) <-    34] [mx   347(2) +=    35] [mg   347(2) <-    35] 
iz aar tr e <- iz        : [mx   348(0) +=    33] [mg   348(0) <-    33] [mx   349(1) +=    34] [mg   349(1) <-    34] [mx   350(2) +=    35] [mg   350(2) <-    35] 
iz ow SIL e <- iz        : [mx   351(0) +=    33] [mg   351(0) <-    33] [mx   352(1) +=    34] [mg   352(1) <-    34] [mx   353(2) +=    35] [mg   353(2) <-    35] 
 iz ow b e <- iz        : [mx   354(0) +=    33] [mg   354(0) <-    33] [mx   355(1) +=    34] [mg   355(1) <-    34] [mx   356(2) +=    35] [mg   356(2) <-    35] 
iz ow ch e <- iz        : [mx   357(0) +=    33] [mg   357(0) <-    33] [mx   358(1) +=    34] [mg   358(1) <-    34] [mx   359(2) +=    35] [mg   359(2) <-    35] 
 iz ow h e <- iz        : [mx   360(0) +=    33] [mg   360(0) <-    33] [mx   361(1) +=    34] [mg   361(1) <-    34] [mx   362(2) +=    35] [mg   362(2) <-    35] 
 iz ow m e <- iz        : [mx   363(0) +=    33] [mg   363(0) <-    33] [mx   364(1) +=    34] [mg   364(1) <-    34] [mx   365(2) +=    35] [mg   365(2) <-    35] 
 iz ow n e <- iz        : [mx   366(0) +=    33] [mg   366(0) <-    33] [mx   367(1) +=    34] [mg   367(1) <-    34] [mx   368(2) +=    35] [mg   368(2) <-    35] 
iz ow ng e <- iz        : [mx   369(0) +=    33] [mg   369(0) <-    33] [mx   370(1) +=    34] [mg   370(1) <-    34] [mx   371(2) +=    35] [mg   371(2) <-    35] 
 iz ow t e <- iz        : [mx   372(0) +=    33] [mg   372(0) <-    33] [mx   373(1) +=    34] [mg   373(1) <-    34] [mx   374(2) +=    35] [mg   374(2) <-    35] 
iz owf SIL e <- iz        : [mx   375(0) +=    33] [mg   375(0) <-    33] [mx   376(1) +=    34] [mg   376(1) <-    34] [mx   377(2) +=    35] [mg   377(2) <-    35] 
iz owf b e <- iz        : [mx   378(0) +=    33] [mg   378(0) <-    33] [mx   379(1) +=    34] [mg   379(1) <-    34] [mx   380(2) +=    35] [mg   380(2) <-    35] 
iz owf ch e <- iz        : [mx   381(0) +=    33] [mg   381(0) <-    33] [mx   382(1) +=    34] [mg   382(1) <-    34] [mx   383(2) +=    35] [mg   383(2) <-    35] 
iz owf h e <- iz        : [mx   384(0) +=    33] [mg   384(0) <-    33] [mx   385(1) +=    34] [mg   385(1) <-    34] [mx   386(2) +=    35] [mg   386(2) <-    35] 
iz owf m e <- iz        : [mx   387(0) +=    33] [mg   387(0) <-    33] [mx   388(1) +=    34] [mg   388(1) <-    34] [mx   389(2) +=    35] [mg   389(2) <-    35] 
iz owf n e <- iz        : [mx   390(0) +=    33] [mg   390(0) <-    33] [mx   391(1) +=    34] [mg   391(1) <-    34] [mx   392(2) +=    35] [mg   392(2) <-    35] 
iz owf ng e <- iz        : [mx   393(0) +=    33] [mg   393(0) <-    33] [mx   394(1) +=    34] [mg   394(1) <-    34] [mx   395(2) +=    35] [mg   395(2) <-    35] 
iz owf s e <- iz        : [mx   396(0) +=    33] [mg   396(0) <-    33] [mx   397(1) +=    34] [mg   397(1) <-    34] [mx   398(2) +=    35] [mg   398(2) <-    35] 
iz owf t e <- iz        : [mx   399(0) +=    33] [mg   399(0) <-    33] [mx   400(1) +=    34] [mg   400(1) <-    34] [mx   401(2) +=    35] [mg   401(2) <-    35] 
kh SIL oo b <- kh        : [mx   402(0) +=    36] [mg   402(0) <-    36] [mx   403(1) +=    37] [mg   403(1) <-    37] [mx   404(2) +=    38] [mg   404(2) <-    38] 
 kh a oo b <- kh        : [mx   405(0) +=    36] [mg   405(0) <-    36] [mx   406(1) +=    37] [mg   406(1) <-    37] [mx   407(2) +=    38] [mg   407(2) <-    38] 
kh iz oo b <- kh        : [mx   408(0) +=    36] [mg   408(0) <-    36] [mx   409(1) +=    37] [mg   409(1) <-    37] [mx   410(2) +=    38] [mg   410(2) <-    38] 
kh mz oo b <- kh        : [mx   411(0) +=    36] [mg   411(0) <-    36] [mx   412(1) +=    37] [mg   412(1) <-    37] [mx   413(2) +=    38] [mg   413(2) <-    38] 
kh ngz oo b <- kh        : [mx   414(0) +=    36] [mg   414(0) <-    36] [mx   415(1) +=    37] [mg   415(1) <-    37] [mx   416(2) +=    38] [mg   416(2) <-    38] 
kh nz oo b <- kh        : [mx   417(0) +=    36] [mg   417(0) <-    36] [mx   418(1) +=    37] [mg   418(1) <-    37] [mx   419(2) +=    38] [mg   419(2) <-    38] 
kh tc oo b <- kh        : [mx   420(0) +=    36] [mg   420(0) <-    36] [mx   421(1) +=    37] [mg   421(1) <-    37] [mx   422(2) +=    38] [mg   422(2) <-    38] 
kh uw oo b <- kh        : [mx   423(0) +=    36] [mg   423(0) <-    36] [mx   424(1) +=    37] [mg   424(1) <-    37] [mx   425(2) +=    38] [mg   425(2) <-    38] 
kh uz oo b <- kh        : [mx   426(0) +=    36] [mg   426(0) <-    36] [mx   427(1) +=    37] [mg   427(1) <-    37] [mx   428(2) +=    38] [mg   428(2) <-    38] 
  l mz i b <- l         : [mx   429(0) +=    39] [mg   429(0) <-    39] [mx   430(1) +=    40] [mg   430(1) <-    40] [mx   431(2) +=    41] [mg   431(2) <-    41] 
m SIL ooj b <- m         : [mx   432(0) +=    42] [mg   432(0) <-    42] [mx   433(1) +=    43] [mg   433(1) <-    43] [mx   434(2) +=    44] [mg   434(2) <-    44] 
 m a ooj b <- m         : [mx   435(0) +=    42] [mg   435(0) <-    42] [mx   436(1) +=    43] [mg   436(1) <-    43] [mx   437(2) +=    44] [mg   437(2) <-    44] 
 m a oos b <- m         : [mx   438(0) +=    42] [mg   438(0) <-    42] [mx   439(1) +=    43] [mg   439(1) <-    43] [mx   440(2) +=    44] [mg   440(2) <-    44] 
  m a uw b <- m         : [mx   441(0) +=    42] [mg   441(0) <-    42] [mx   442(1) +=    43] [mg   442(1) <-    43] [mx   443(2) +=    44] [mg   443(2) <-    44] 
m iz ooj b <- m         : [mx   444(0) +=    42] [mg   444(0) <-    42] [mx   445(1) +=    43] [mg   445(1) <-    43] [mx   446(2) +=    44] [mg   446(2) <-    44] 
m iz oos b <- m         : [mx   447(0) +=    42] [mg   447(0) <-    42] [mx   448(1) +=    43] [mg   448(1) <-    43] [mx   449(2) +=    44] [mg   449(2) <-    44] 
 m iz uw b <- m         : [mx   450(0) +=    42] [mg   450(0) <-    42] [mx   451(1) +=    43] [mg   451(1) <-    43] [mx   452(2) +=    44] [mg   452(2) <-    44] 
m mz ooj b <- m         : [mx   453(0) +=    42] [mg   453(0) <-    42] [mx   454(1) +=    43] [mg   454(1) <-    43] [mx   455(2) +=    44] [mg   455(2) <-    44] 
m mz oos b <- m         : [mx   456(0) +=    42] [mg   456(0) <-    42] [mx   457(1) +=    43] [mg   457(1) <-    43] [mx   458(2) +=    44] [mg   458(2) <-    44] 
 m mz uw b <- m         : [mx   459(0) +=    42] [mg   459(0) <-    42] [mx   460(1) +=    43] [mg   460(1) <-    43] [mx   461(2) +=    44] [mg   461(2) <-    44] 
m ngz ooj b <- m         : [mx   462(0) +=    42] [mg   462(0) <-    42] [mx   463(1) +=    43] [mg   463(1) <-    43] [mx   464(2) +=    44] [mg   464(2) <-    44] 
m ngz uw b <- m         : [mx   465(0) +=    42] [mg   465(0) <-    42] [mx   466(1) +=    43] [mg   466(1) <-    43] [mx   467(2) +=    44] [mg   467(2) <-    44] 
m nz ooj b <- m         : [mx   468(0) +=    42] [mg   468(0) <-    42] [mx   469(1) +=    43] [mg   469(1) <-    43] [mx   470(2) +=    44] [mg   470(2) <-    44] 
m nz oos b <- m         : [mx   471(0) +=    42] [mg   471(0) <-    42] [mx   472(1) +=    43] [mg   472(1) <-    43] [mx   473(2) +=    44] [mg   473(2) <-    44] 
 m nz uw b <- m         : [mx   474(0) +=    42] [mg   474(0) <-    42] [mx   475(1) +=    43] [mg   475(1) <-    43] [mx   476(2) +=    44] [mg   476(2) <-    44] 
m tc ooj b <- m         : [mx   477(0) +=    42] [mg   477(0) <-    42] [mx   478(1) +=    43] [mg   478(1) <-    43] [mx   479(2) +=    44] [mg   479(2) <-    44] 
m uz ooj b <- m         : [mx   480(0) +=    42] [mg   480(0) <-    42] [mx   481(1) +=    43] [mg   481(1) <-    43] [mx   482(2) +=    44] [mg   482(2) <-    44] 
m uz oos b <- m         : [mx   483(0) +=    42] [mg   483(0) <-    42] [mx   484(1) +=    43] [mg   484(1) <-    43] [mx   485(2) +=    44] [mg   485(2) <-    44] 
 m uz uw b <- m         : [mx   486(0) +=    42] [mg   486(0) <-    42] [mx   487(1) +=    43] [mg   487(1) <-    43] [mx   488(2) +=    44] [mg   488(2) <-    44] 
mz as SIL e <- mz        : [mx   489(0) +=    45] [mg   489(0) <-    45] [mx   490(1) +=    46] [mg   490(1) <-    46] [mx   491(2) +=    47] [mg   491(2) <-    47] 
 mz as b e <- mz        : [mx   492(0) +=    45] [mg   492(0) <-    45] [mx   493(1) +=    46] [mg   493(1) <-    46] [mx   494(2) +=    47] [mg   494(2) <-    47] 
mz as ch e <- mz        : [mx   495(0) +=    45] [mg   495(0) <-    45] [mx   496(1) +=    46] [mg   496(1) <-    46] [mx   497(2) +=    47] [mg   497(2) <-    47] 
 mz as h e <- mz        : [mx   498(0) +=    45] [mg   498(0) <-    45] [mx   499(1) +=    46] [mg   499(1) <-    46] [mx   500(2) +=    47] [mg   500(2) <-    47] 
mz as kh e <- mz        : [mx   501(0) +=    45] [mg   501(0) <-    45] [mx   502(1) +=    46] [mg   502(1) <-    46] [mx   503(2) +=    47] [mg   503(2) <-    47] 
 mz as m e <- mz        : [mx   504(0) +=    45] [mg   504(0) <-    45] [mx   505(1) +=    46] [mg   505(1) <-    46] [mx   506(2) +=    47] [mg   506(2) <-    47] 
 mz as n e <- mz        : [mx   507(0) +=    45] [mg   507(0) <-    45] [mx   508(1) +=    46] [mg   508(1) <-    46] [mx   509(2) +=    47] [mg   509(2) <-    47] 
mz as ng e <- mz        : [mx   510(0) +=    45] [mg   510(0) <-    45] [mx   511(1) +=    46] [mg   511(1) <-    46] [mx   512(2) +=    47] [mg   512(2) <-    47] 
 mz as s e <- mz        : [mx   513(0) +=    45] [mg   513(0) <-    45] [mx   514(1) +=    46] [mg   514(1) <-    46] [mx   515(2) +=    47] [mg   515(2) <-    47] 
 mz as t e <- mz        : [mx   516(0) +=    45] [mg   516(0) <-    45] [mx   517(1) +=    46] [mg   517(1) <-    46] [mx   518(2) +=    47] [mg   518(2) <-    47] 
mz as tr e <- mz        : [mx   519(0) +=    45] [mg   519(0) <-    45] [mx   520(1) +=    46] [mg   520(1) <-    46] [mx   521(2) +=    47] [mg   521(2) <-    47] 
mz aw SIL e <- mz        : [mx   522(0) +=    45] [mg   522(0) <-    45] [mx   523(1) +=    46] [mg   523(1) <-    46] [mx   524(2) +=    47] [mg   524(2) <-    47] 
 mz aw b e <- mz        : [mx   525(0) +=    45] [mg   525(0) <-    45] [mx   526(1) +=    46] [mg   526(1) <-    46] [mx   527(2) +=    47] [mg   527(2) <-    47] 
mz aw ch e <- mz        : [mx   528(0) +=    45] [mg   528(0) <-    45] [mx   529(1) +=    46] [mg   529(1) <-    46] [mx   530(2) +=    47] [mg   530(2) <-    47] 
 mz aw h e <- mz        : [mx   531(0) +=    45] [mg   531(0) <-    45] [mx   532(1) +=    46] [mg   532(1) <-    46] [mx   533(2) +=    47] [mg   533(2) <-    47] 
mz aw kh e <- mz        : [mx   534(0) +=    45] [mg   534(0) <-    45] [mx   535(1) +=    46] [mg   535(1) <-    46] [mx   536(2) +=    47] [mg   536(2) <-    47] 
 mz aw l e <- mz        : [mx   537(0) +=    45] [mg   537(0) <-    45] [mx   538(1) +=    46] [mg   538(1) <-    46] [mx   539(2) +=    47] [mg   539(2) <-    47] 
 mz aw m e <- mz        : [mx   540(0) +=    45] [mg   540(0) <-    45] [mx   541(1) +=    46] [mg   541(1) <-    46] [mx   542(2) +=    47] [mg   542(2) <-    47] 
 mz aw n e <- mz        : [mx   543(0) +=    45] [mg   543(0) <-    45] [mx   544(1) +=    46] [mg   544(1) <-    46] [mx   545(2) +=    47] [mg   545(2) <-    47] 
mz aw ng e <- mz        : [mx   546(0) +=    45] [mg   546(0) <-    45] [mx   547(1) +=    46] [mg   547(1) <-    46] [mx   548(2) +=    47] [mg   548(2) <-    47] 
 mz aw s e <- mz        : [mx   549(0) +=    45] [mg   549(0) <-    45] [mx   550(1) +=    46] [mg   550(1) <-    46] [mx   551(2) +=    47] [mg   551(2) <-    47] 
 mz aw t e <- mz        : [mx   552(0) +=    45] [mg   552(0) <-    45] [mx   553(1) +=    46] [mg   553(1) <-    46] [mx   554(2) +=    47] [mg   554(2) <-    47] 
mz aw tr e <- mz        : [mx   555(0) +=    45] [mg   555(0) <-    45] [mx   556(1) +=    46] [mg   556(1) <-    46] [mx   557(2) +=    47] [mg   557(2) <-    47] 
n SIL aw b <- n         : [mx   558(0) +=    48] [mg   558(0) <-    48] [mx   559(1) +=    49] [mg   559(1) <-    49] [mx   560(2) +=    50] [mg   560(2) <-    50] 
  n a aw b <- n         : [mx   561(0) +=    48] [mg   561(0) <-    48] [mx   562(1) +=    49] [mg   562(1) <-    49] [mx   563(2) +=    50] [mg   563(2) <-    50] 
 n iz aw b <- n         : [mx   564(0) +=    48] [mg   564(0) <-    48] [mx   565(1) +=    49] [mg   565(1) <-    49] [mx   566(2) +=    50] [mg   566(2) <-    50] 
 n mz aw b <- n         : [mx   567(0) +=    48] [mg   567(0) <-    48] [mx   568(1) +=    49] [mg   568(1) <-    49] [mx   569(2) +=    50] [mg   569(2) <-    50] 
n ngz aw b <- n         : [mx   570(0) +=    48] [mg   570(0) <-    48] [mx   571(1) +=    49] [mg   571(1) <-    49] [mx   572(2) +=    50] [mg   572(2) <-    50] 
 n nz aw b <- n         : [mx   573(0) +=    48] [mg   573(0) <-    48] [mx   574(1) +=    49] [mg   574(1) <-    49] [mx   575(2) +=    50] [mg   575(2) <-    50] 
 n tc aw b <- n         : [mx   576(0) +=    48] [mg   576(0) <-    48] [mx   577(1) +=    49] [mg   577(1) <-    49] [mx   578(2) +=    50] [mg   578(2) <-    50] 
 n uw aw b <- n         : [mx   579(0) +=    48] [mg   579(0) <-    48] [mx   580(1) +=    49] [mg   580(1) <-    49] [mx   581(2) +=    50] [mg   581(2) <-    50] 
 n uz aw b <- n         : [mx   582(0) +=    48] [mg   582(0) <-    48] [mx   583(1) +=    49] [mg   583(1) <-    49] [mx   584(2) +=    50] [mg   584(2) <-    50] 
 ng a if b <- ng        : [mx   585(0) +=    51] [mg   585(0) <-    51] [mx   586(1) +=    52] [mg   586(1) <-    52] [mx   587(2) +=    53] [mg   587(2) <-    53] 
ng iz if b <- ng        : [mx   588(0) +=    51] [mg   588(0) <-    51] [mx   589(1) +=    52] [mg   589(1) <-    52] [mx   590(2) +=    53] [mg   590(2) <-    53] 
ng mz if b <- ng        : [mx   591(0) +=    51] [mg   591(0) <-    51] [mx   592(1) +=    52] [mg   592(1) <-    52] [mx   593(2) +=    53] [mg   593(2) <-    53] 
ng nz if b <- ng        : [mx   594(0) +=    51] [mg   594(0) <-    51] [mx   595(1) +=    52] [mg   595(1) <-    52] [mx   596(2) +=    53] [mg   596(2) <-    53] 
ng tc if b <- ng        : [mx   597(0) +=    51] [mg   597(0) <-    51] [mx   598(1) +=    52] [mg   598(1) <-    52] [mx   599(2) +=    53] [mg   599(2) <-    53] 
ng uw if b <- ng        : [mx   600(0) +=    51] [mg   600(0) <-    51] [mx   601(1) +=    52] [mg   601(1) <-    52] [mx   602(2) +=    53] [mg   602(2) <-    53] 
ng uz if b <- ng        : [mx   603(0) +=    51] [mg   603(0) <-    51] [mx   604(1) +=    52] [mg   604(1) <-    52] [mx   605(2) +=    53] [mg   605(2) <-    53] 
 ngz i b e <- ngz       : [mx   606(0) +=    54] [mg   606(0) <-    54] [mx   607(1) +=    55] [mg   607(1) <-    55] [mx   608(2) +=    56] [mg   608(2) <-    56] 
ngz i ch e <- ngz       : [mx   609(0) +=    54] [mg   609(0) <-    54] [mx   610(1) +=    55] [mg   610(1) <-    55] [mx   611(2) +=    56] [mg   611(2) <-    56] 
 ngz i h e <- ngz       : [mx   612(0) +=    54] [mg   612(0) <-    54] [mx   613(1) +=    55] [mg   613(1) <-    55] [mx   614(2) +=    56] [mg   614(2) <-    56] 
 ngz i m e <- ngz       : [mx   615(0) +=    54] [mg   615(0) <-    54] [mx   616(1) +=    55] [mg   616(1) <-    55] [mx   617(2) +=    56] [mg   617(2) <-    56] 
 ngz i n e <- ngz       : [mx   618(0) +=    54] [mg   618(0) <-    54] [mx   619(1) +=    55] [mg   619(1) <-    55] [mx   620(2) +=    56] [mg   620(2) <-    56] 
 ngz i s e <- ngz       : [mx   621(0) +=    54] [mg   621(0) <-    54] [mx   622(1) +=    55] [mg   622(1) <-    55] [mx   623(2) +=    56] [mg   623(2) <-    56] 
 ngz i t e <- ngz       : [mx   624(0) +=    54] [mg   624(0) <-    54] [mx   625(1) +=    55] [mg   625(1) <-    55] [mx   626(2) +=    56] [mg   626(2) <-    56] 
ngz oo SIL e <- ngz       : [mx   627(0) +=    54] [mg   627(0) <-    54] [mx   628(1) +=    55] [mg   628(1) <-    55] [mx   629(2) +=    56] [mg   629(2) <-    56] 
ngz oo b e <- ngz       : [mx   630(0) +=    54] [mg   630(0) <-    54] [mx   631(1) +=    55] [mg   631(1) <-    55] [mx   632(2) +=    56] [mg   632(2) <-    56] 
ngz oo ch e <- ngz       : [mx   633(0) +=    54] [mg   633(0) <-    54] [mx   634(1) +=    55] [mg   634(1) <-    55] [mx   635(2) +=    56] [mg   635(2) <-    56] 
ngz oo h e <- ngz       : [mx   636(0) +=    54] [mg   636(0) <-    54] [mx   637(1) +=    55] [mg   637(1) <-    55] [mx   638(2) +=    56] [mg   638(2) <-    56] 
ngz oo kh e <- ngz       : [mx   639(0) +=    54] [mg   639(0) <-    54] [mx   640(1) +=    55] [mg   640(1) <-    55] [mx   641(2) +=    56] [mg   641(2) <-    56] 
ngz oo m e <- ngz       : [mx   642(0) +=    54] [mg   642(0) <-    54] [mx   643(1) +=    55] [mg   643(1) <-    55] [mx   644(2) +=    56] [mg   644(2) <-    56] 
ngz oo n e <- ngz       : [mx   645(0) +=    54] [mg   645(0) <-    54] [mx   646(1) +=    55] [mg   646(1) <-    55] [mx   647(2) +=    56] [mg   647(2) <-    56] 
ngz oo s e <- ngz       : [mx   648(0) +=    54] [mg   648(0) <-    54] [mx   649(1) +=    55] [mg   649(1) <-    55] [mx   650(2) +=    56] [mg   650(2) <-    56] 
ngz oo t e <- ngz       : [mx   651(0) +=    54] [mg   651(0) <-    54] [mx   652(1) +=    55] [mg   652(1) <-    55] [mx   653(2) +=    56] [mg   653(2) <-    56] 
ngz oo tr e <- ngz       : [mx   654(0) +=    54] [mg   654(0) <-    54] [mx   655(1) +=    55] [mg   655(1) <-    55] [mx   656(2) +=    56] [mg   656(2) <-    56] 
 nz if b e <- nz        : [mx   657(0) +=    57] [mg   657(0) <-    57] [mx   658(1) +=    58] [mg   658(1) <-    58] [mx   659(2) +=    59] [mg   659(2) <-    59] 
nz if ch e <- nz        : [mx   660(0) +=    57] [mg   660(0) <-    57] [mx   661(1) +=    58] [mg   661(1) <-    58] [mx   662(2) +=    59] [mg   662(2) <-    59] 
 nz if h e <- nz        : [mx   663(0) +=    57] [mg   663(0) <-    57] [mx   664(1) +=    58] [mg   664(1) <-    58] [mx   665(2) +=    59] [mg   665(2) <-    59] 
nz if kh e <- nz        : [mx   666(0) +=    57] [mg   666(0) <-    57] [mx   667(1) +=    58] [mg   667(1) <-    58] [mx   668(2) +=    59] [mg   668(2) <-    59] 
 nz if m e <- nz        : [mx   669(0) +=    57] [mg   669(0) <-    57] [mx   670(1) +=    58] [mg   670(1) <-    58] [mx   671(2) +=    59] [mg   671(2) <-    59] 
 nz if n e <- nz        : [mx   672(0) +=    57] [mg   672(0) <-    57] [mx   673(1) +=    58] [mg   673(1) <-    58] [mx   674(2) +=    59] [mg   674(2) <-    59] 
 nz if s e <- nz        : [mx   675(0) +=    57] [mg   675(0) <-    57] [mx   676(1) +=    58] [mg   676(1) <-    58] [mx   677(2) +=    59] [mg   677(2) <-    59] 
 nz if t e <- nz        : [mx   678(0) +=    57] [mg   678(0) <-    57] [mx   679(1) +=    58] [mg   679(1) <-    58] [mx   680(2) +=    59] [mg   680(2) <-    59] 
nz is SIL e <- nz        : [mx   681(0) +=    57] [mg   681(0) <-    57] [mx   682(1) +=    58] [mg   682(1) <-    58] [mx   683(2) +=    59] [mg   683(2) <-    59] 
 nz is b e <- nz        : [mx   684(0) +=    57] [mg   684(0) <-    57] [mx   685(1) +=    58] [mg   685(1) <-    58] [mx   686(2) +=    59] [mg   686(2) <-    59] 
nz is ch e <- nz        : [mx   687(0) +=    57] [mg   687(0) <-    57] [mx   688(1) +=    58] [mg   688(1) <-    58] [mx   689(2) +=    59] [mg   689(2) <-    59] 
 nz is h e <- nz        : [mx   690(0) +=    57] [mg   690(0) <-    57] [mx   691(1) +=    58] [mg   691(1) <-    58] [mx   692(2) +=    59] [mg   692(2) <-    59] 
nz is kh e <- nz        : [mx   693(0) +=    57] [mg   693(0) <-    57] [mx   694(1) +=    58] [mg   694(1) <-    58] [mx   695(2) +=    59] [mg   695(2) <-    59] 
 nz is m e <- nz        : [mx   696(0) +=    57] [mg   696(0) <-    57] [mx   697(1) +=    58] [mg   697(1) <-    58] [mx   698(2) +=    59] [mg   698(2) <-    59] 
 nz is n e <- nz        : [mx   699(0) +=    57] [mg   699(0) <-    57] [mx   700(1) +=    58] [mg   700(1) <-    58] [mx   701(2) +=    59] [mg   701(2) <-    59] 
nz is ng e <- nz        : [mx   702(0) +=    57] [mg   702(0) <-    57] [mx   703(1) +=    58] [mg   703(1) <-    58] [mx   704(2) +=    59] [mg   704(2) <-    59] 
 nz is s e <- nz        : [mx   705(0) +=    57] [mg   705(0) <-    57] [mx   706(1) +=    58] [mg   706(1) <-    58] [mx   707(2) +=    59] [mg   707(2) <-    59] 
 nz is t e <- nz        : [mx   708(0) +=    57] [mg   708(0) <-    57] [mx   709(1) +=    58] [mg   709(1) <-    58] [mx   710(2) +=    59] [mg   710(2) <-    59] 
nz is tr e <- nz        : [mx   711(0) +=    57] [mg   711(0) <-    57] [mx   712(1) +=    58] [mg   712(1) <-    58] [mx   713(2) +=    59] [mg   713(2) <-    59] 
nz oos SIL e <- nz        : [mx   714(0) +=    57] [mg   714(0) <-    57] [mx   715(1) +=    58] [mg   715(1) <-    58] [mx   716(2) +=    59] [mg   716(2) <-    59] 
nz oos b e <- nz        : [mx   717(0) +=    57] [mg   717(0) <-    57] [mx   718(1) +=    58] [mg   718(1) <-    58] [mx   719(2) +=    59] [mg   719(2) <-    59] 
nz oos ch e <- nz        : [mx   720(0) +=    57] [mg   720(0) <-    57] [mx   721(1) +=    58] [mg   721(1) <-    58] [mx   722(2) +=    59] [mg   722(2) <-    59] 
nz oos h e <- nz        : [mx   723(0) +=    57] [mg   723(0) <-    57] [mx   724(1) +=    58] [mg   724(1) <-    58] [mx   725(2) +=    59] [mg   725(2) <-    59] 
nz oos kh e <- nz        : [mx   726(0) +=    57] [mg   726(0) <-    57] [mx   727(1) +=    58] [mg   727(1) <-    58] [mx   728(2) +=    59] [mg   728(2) <-    59] 
nz oos m e <- nz        : [mx   729(0) +=    57] [mg   729(0) <-    57] [mx   730(1) +=    58] [mg   730(1) <-    58] [mx   731(2) +=    59] [mg   731(2) <-    59] 
nz oos n e <- nz        : [mx   732(0) +=    57] [mg   732(0) <-    57] [mx   733(1) +=    58] [mg   733(1) <-    58] [mx   734(2) +=    59] [mg   734(2) <-    59] 
nz oos ng e <- nz        : [mx   735(0) +=    57] [mg   735(0) <-    57] [mx   736(1) +=    58] [mg   736(1) <-    58] [mx   737(2) +=    59] [mg   737(2) <-    59] 
nz oos s e <- nz        : [mx   738(0) +=    57] [mg   738(0) <-    57] [mx   739(1) +=    58] [mg   739(1) <-    58] [mx   740(2) +=    59] [mg   740(2) <-    59] 
nz oos t e <- nz        : [mx   741(0) +=    57] [mg   741(0) <-    57] [mx   742(1) +=    58] [mg   742(1) <-    58] [mx   743(2) +=    59] [mg   743(2) <-    59] 
nz oos tr e <- nz        : [mx   744(0) +=    57] [mg   744(0) <-    57] [mx   745(1) +=    58] [mg   745(1) <-    58] [mx   746(2) +=    59] [mg   746(2) <-    59] 
oo kh ngz i <- oo        : [mx   747(0) +=    60] [mg   747(0) <-    60] [mx   748(1) +=    61] [mg   748(1) <-    61] [mx   749(2) +=    62] [mg   749(2) <-    62] 
ooj m tc i <- ooj       : [mx   750(0) +=    63] [mg   750(0) <-    63] [mx   751(1) +=    64] [mg   751(1) <-    64] [mx   752(2) +=    65] [mg   752(2) <-    65] 
oos b nz i <- oos       : [mx   753(0) +=    66] [mg   753(0) <-    66] [mx   754(1) +=    67] [mg   754(1) <-    67] [mx   755(2) +=    68] [mg   755(2) <-    68] 
oos m tc i <- oos       : [mx   756(0) +=    66] [mg   756(0) <-    66] [mx   757(1) +=    67] [mg   757(1) <-    67] [mx   758(2) +=    68] [mg   758(2) <-    68] 
ow uw iz i <- ow        : [mx   759(0) +=    69] [mg   759(0) <-    69] [mx   760(1) +=    70] [mg   760(1) <-    70] [mx   761(2) +=    71] [mg   761(2) <-    71] 
owf uw iz i <- owf       : [mx   762(0) +=    72] [mg   762(0) <-    72] [mx   763(1) +=    73] [mg   763(1) <-    73] [mx   764(2) +=    74] [mg   764(2) <-    74] 
s SIL as b <- s         : [mx   765(0) +=    75] [mg   765(0) <-    75] [mx   766(1) +=    76] [mg   766(1) <-    76] [mx   767(2) +=    77] [mg   767(2) <-    77] 
  s a as b <- s         : [mx   768(0) +=    75] [mg   768(0) <-    75] [mx   769(1) +=    76] [mg   769(1) <-    76] [mx   770(2) +=    77] [mg   770(2) <-    77] 
 s iz as b <- s         : [mx   771(0) +=    75] [mg   771(0) <-    75] [mx   772(1) +=    76] [mg   772(1) <-    76] [mx   773(2) +=    77] [mg   773(2) <-    77] 
 s mz as b <- s         : [mx   774(0) +=    75] [mg   774(0) <-    75] [mx   775(1) +=    76] [mg   775(1) <-    76] [mx   776(2) +=    77] [mg   776(2) <-    77] 
s ngz as b <- s         : [mx   777(0) +=    75] [mg   777(0) <-    75] [mx   778(1) +=    76] [mg   778(1) <-    76] [mx   779(2) +=    77] [mg   779(2) <-    77] 
 s nz as b <- s         : [mx   780(0) +=    75] [mg   780(0) <-    75] [mx   781(1) +=    76] [mg   781(1) <-    76] [mx   782(2) +=    77] [mg   782(2) <-    77] 
 s tc as b <- s         : [mx   783(0) +=    75] [mg   783(0) <-    75] [mx   784(1) +=    76] [mg   784(1) <-    76] [mx   785(2) +=    77] [mg   785(2) <-    77] 
 s uw as b <- s         : [mx   786(0) +=    75] [mg   786(0) <-    75] [mx   787(1) +=    76] [mg   787(1) <-    76] [mx   788(2) +=    77] [mg   788(2) <-    77] 
 s uz as b <- s         : [mx   789(0) +=    75] [mg   789(0) <-    75] [mx   790(1) +=    76] [mg   790(1) <-    76] [mx   791(2) +=    77] [mg   791(2) <-    77] 
t SIL as b <- t         : [mx   792(0) +=    78] [mg   792(0) <-    78] [mx   793(1) +=    79] [mg   793(1) <-    79] [mx   794(2) +=    80] [mg   794(2) <-    80] 
  t a as b <- t         : [mx   795(0) +=    78] [mg   795(0) <-    78] [mx   796(1) +=    79] [mg   796(1) <-    79] [mx   797(2) +=    80] [mg   797(2) <-    80] 
  t a uw b <- t         : [mx   798(0) +=    78] [mg   798(0) <-    78] [mx   799(1) +=    79] [mg   799(1) <-    79] [mx   800(2) +=    80] [mg   800(2) <-    80] 
 t iz as b <- t         : [mx   801(0) +=    78] [mg   801(0) <-    78] [mx   802(1) +=    79] [mg   802(1) <-    79] [mx   803(2) +=    80] [mg   803(2) <-    80] 
 t iz uw b <- t         : [mx   804(0) +=    78] [mg   804(0) <-    78] [mx   805(1) +=    79] [mg   805(1) <-    79] [mx   806(2) +=    80] [mg   806(2) <-    80] 
 t mz as b <- t         : [mx   807(0) +=    78] [mg   807(0) <-    78] [mx   808(1) +=    79] [mg   808(1) <-    79] [mx   809(2) +=    80] [mg   809(2) <-    80] 
 t mz uw b <- t         : [mx   810(0) +=    78] [mg   810(0) <-    78] [mx   811(1) +=    79] [mg   811(1) <-    79] [mx   812(2) +=    80] [mg   812(2) <-    80] 
t ngz as b <- t         : [mx   813(0) +=    78] [mg   813(0) <-    78] [mx   814(1) +=    79] [mg   814(1) <-    79] [mx   815(2) +=    80] [mg   815(2) <-    80] 
t ngz uw b <- t         : [mx   816(0) +=    78] [mg   816(0) <-    78] [mx   817(1) +=    79] [mg   817(1) <-    79] [mx   818(2) +=    80] [mg   818(2) <-    80] 
 t nz as b <- t         : [mx   819(0) +=    78] [mg   819(0) <-    78] [mx   820(1) +=    79] [mg   820(1) <-    79] [mx   821(2) +=    80] [mg   821(2) <-    80] 
 t nz uw b <- t         : [mx   822(0) +=    78] [mg   822(0) <-    78] [mx   823(1) +=    79] [mg   823(1) <-    79] [mx   824(2) +=    80] [mg   824(2) <-    80] 
 t tc as b <- t         : [mx   825(0) +=    78] [mg   825(0) <-    78] [mx   826(1) +=    79] [mg   826(1) <-    79] [mx   827(2) +=    80] [mg   827(2) <-    80] 
 t uw as b <- t         : [mx   828(0) +=    78] [mg   828(0) <-    78] [mx   829(1) +=    79] [mg   829(1) <-    79] [mx   830(2) +=    80] [mg   830(2) <-    80] 
 t uz as b <- t         : [mx   831(0) +=    78] [mg   831(0) <-    78] [mx   832(1) +=    79] [mg   832(1) <-    79] [mx   833(2) +=    80] [mg   833(2) <-    80] 
 t uz uw b <- t         : [mx   834(0) +=    78] [mg   834(0) <-    78] [mx   835(1) +=    79] [mg   835(1) <-    79] [mx   836(2) +=    80] [mg   836(2) <-    80] 
tc ooj SIL e <- tc        : [mx   837(0) +=    81] [mg   837(0) <-    81] [mx   838(1) +=    82] [mg   838(1) <-    82] [mx   839(2) +=    83] [mg   839(2) <-    83] 
tc ooj b e <- tc        : [mx   840(0) +=    81] [mg   840(0) <-    81] [mx   841(1) +=    82] [mg   841(1) <-    82] [mx   842(2) +=    83] [mg   842(2) <-    83] 
tc ooj ch e <- tc        : [mx   843(0) +=    81] [mg   843(0) <-    81] [mx   844(1) +=    82] [mg   844(1) <-    82] [mx   845(2) +=    83] [mg   845(2) <-    83] 
tc ooj h e <- tc        : [mx   846(0) +=    81] [mg   846(0) <-    81] [mx   847(1) +=    82] [mg   847(1) <-    82] [mx   848(2) +=    83] [mg   848(2) <-    83] 
tc ooj kh e <- tc        : [mx   849(0) +=    81] [mg   849(0) <-    81] [mx   850(1) +=    82] [mg   850(1) <-    82] [mx   851(2) +=    83] [mg   851(2) <-    83] 
tc ooj m e <- tc        : [mx   852(0) +=    81] [mg   852(0) <-    81] [mx   853(1) +=    82] [mg   853(1) <-    82] [mx   854(2) +=    83] [mg   854(2) <-    83] 
tc ooj n e <- tc        : [mx   855(0) +=    81] [mg   855(0) <-    81] [mx   856(1) +=    82] [mg   856(1) <-    82] [mx   857(2) +=    83] [mg   857(2) <-    83] 
tc ooj ng e <- tc        : [mx   858(0) +=    81] [mg   858(0) <-    81] [mx   859(1) +=    82] [mg   859(1) <-    82] [mx   860(2) +=    83] [mg   860(2) <-    83] 
tc ooj s e <- tc        : [mx   861(0) +=    81] [mg   861(0) <-    81] [mx   862(1) +=    82] [mg   862(1) <-    82] [mx   863(2) +=    83] [mg   863(2) <-    83] 
tc ooj t e <- tc        : [mx   864(0) +=    81] [mg   864(0) <-    81] [mx   865(1) +=    82] [mg   865(1) <-    82] [mx   866(2) +=    83] [mg   866(2) <-    83] 
tc ooj tr e <- tc        : [mx   867(0) +=    81] [mg   867(0) <-    81] [mx   868(1) +=    82] [mg   868(1) <-    82] [mx   869(2) +=    83] [mg   869(2) <-    83] 
tc oos SIL e <- tc        : [mx   870(0) +=    81] [mg   870(0) <-    81] [mx   871(1) +=    82] [mg   871(1) <-    82] [mx   872(2) +=    83] [mg   872(2) <-    83] 
tc oos b e <- tc        : [mx   873(0) +=    81] [mg   873(0) <-    81] [mx   874(1) +=    82] [mg   874(1) <-    82] [mx   875(2) +=    83] [mg   875(2) <-    83] 
tc oos ch e <- tc        : [mx   876(0) +=    81] [mg   876(0) <-    81] [mx   877(1) +=    82] [mg   877(1) <-    82] [mx   878(2) +=    83] [mg   878(2) <-    83] 
tc oos h e <- tc        : [mx   879(0) +=    81] [mg   879(0) <-    81] [mx   880(1) +=    82] [mg   880(1) <-    82] [mx   881(2) +=    83] [mg   881(2) <-    83] 
tc oos kh e <- tc        : [mx   882(0) +=    81] [mg   882(0) <-    81] [mx   883(1) +=    82] [mg   883(1) <-    82] [mx   884(2) +=    83] [mg   884(2) <-    83] 
tc oos n e <- tc        : [mx   885(0) +=    81] [mg   885(0) <-    81] [mx   886(1) +=    82] [mg   886(1) <-    82] [mx   887(2) +=    83] [mg   887(2) <-    83] 
tc oos ng e <- tc        : [mx   888(0) +=    81] [mg   888(0) <-    81] [mx   889(1) +=    82] [mg   889(1) <-    82] [mx   890(2) +=    83] [mg   890(2) <-    83] 
 tr a aw b <- tr        : [mx   891(0) +=    84] [mg   891(0) <-    84] [mx   892(1) +=    85] [mg   892(1) <-    85] [mx   893(2) +=    86] [mg   893(2) <-    86] 
tr iz aw b <- tr        : [mx   894(0) +=    84] [mg   894(0) <-    84] [mx   895(1) +=    85] [mg   895(1) <-    85] [mx   896(2) +=    86] [mg   896(2) <-    86] 
tr mz aw b <- tr        : [mx   897(0) +=    84] [mg   897(0) <-    84] [mx   898(1) +=    85] [mg   898(1) <-    85] [mx   899(2) +=    86] [mg   899(2) <-    86] 
tr ngz aw b <- tr        : [mx   900(0) +=    84] [mg   900(0) <-    84] [mx   901(1) +=    85] [mg   901(1) <-    85] [mx   902(2) +=    86] [mg   902(2) <-    86] 
tr nz aw b <- tr        : [mx   903(0) +=    84] [mg   903(0) <-    84] [mx   904(1) +=    85] [mg   904(1) <-    85] [mx   905(2) +=    86] [mg   905(2) <-    86] 
tr tc aw b <- tr        : [mx   906(0) +=    84] [mg   906(0) <-    84] [mx   907(1) +=    85] [mg   907(1) <-    85] [mx   908(2) +=    86] [mg   908(2) <-    86] 
tr uz aw b <- tr        : [mx   909(0) +=    84] [mg   909(0) <-    84] [mx   910(1) +=    85] [mg   910(1) <-    85] [mx   911(2) +=    86] [mg   911(2) <-    86] 
 uw m ow i <- uw        : [mx   912(0) +=    87] [mg   912(0) <-    87] [mx   913(1) +=    88] [mg   913(1) <-    88] [mx   914(2) +=    89] [mg   914(2) <-    89] 
uw m owf i <- uw        : [mx   915(0) +=    87] [mg   915(0) <-    87] [mx   916(1) +=    88] [mg   916(1) <-    88] [mx   917(2) +=    89] [mg   917(2) <-    89] 
uw t SIL e <- uw        : [mx   918(0) +=    87] [mg   918(0) <-    87] [mx   919(1) +=    88] [mg   919(1) <-    88] [mx   920(2) +=    89] [mg   920(2) <-    89] 
  uw t b e <- uw        : [mx   921(0) +=    87] [mg   921(0) <-    87] [mx   922(1) +=    88] [mg   922(1) <-    88] [mx   923(2) +=    89] [mg   923(2) <-    89] 
 uw t ch e <- uw        : [mx   924(0) +=    87] [mg   924(0) <-    87] [mx   925(1) +=    88] [mg   925(1) <-    88] [mx   926(2) +=    89] [mg   926(2) <-    89] 
  uw t h e <- uw        : [mx   927(0) +=    87] [mg   927(0) <-    87] [mx   928(1) +=    88] [mg   928(1) <-    88] [mx   929(2) +=    89] [mg   929(2) <-    89] 
 uw t kh e <- uw        : [mx   930(0) +=    87] [mg   930(0) <-    87] [mx   931(1) +=    88] [mg   931(1) <-    88] [mx   932(2) +=    89] [mg   932(2) <-    89] 
  uw t n e <- uw        : [mx   933(0) +=    87] [mg   933(0) <-    87] [mx   934(1) +=    88] [mg   934(1) <-    88] [mx   935(2) +=    89] [mg   935(2) <-    89] 
 uw t ng e <- uw        : [mx   936(0) +=    87] [mg   936(0) <-    87] [mx   937(1) +=    88] [mg   937(1) <-    88] [mx   938(2) +=    89] [mg   938(2) <-    89] 
  uw t s e <- uw        : [mx   939(0) +=    87] [mg   939(0) <-    87] [mx   940(1) +=    88] [mg   940(1) <-    88] [mx   941(2) +=    89] [mg   941(2) <-    89] 
  uw t t e <- uw        : [mx   942(0) +=    87] [mg   942(0) <-    87] [mx   943(1) +=    88] [mg   943(1) <-    88] [mx   944(2) +=    89] [mg   944(2) <-    89] 
uz as SIL e <- uz        : [mx   945(0) +=    90] [mg   945(0) <-    90] [mx   946(1) +=    91] [mg   946(1) <-    91] [mx   947(2) +=    92] [mg   947(2) <-    92] 
 uz as b e <- uz        : [mx   948(0) +=    90] [mg   948(0) <-    90] [mx   949(1) +=    91] [mg   949(1) <-    91] [mx   950(2) +=    92] [mg   950(2) <-    92] 
uz as ch e <- uz        : [mx   951(0) +=    90] [mg   951(0) <-    90] [mx   952(1) +=    91] [mg   952(1) <-    91] [mx   953(2) +=    92] [mg   953(2) <-    92] 
 uz as h e <- uz        : [mx   954(0) +=    90] [mg   954(0) <-    90] [mx   955(1) +=    91] [mg   955(1) <-    91] [mx   956(2) +=    92] [mg   956(2) <-    92] 
uz as kh e <- uz        : [mx   957(0) +=    90] [mg   957(0) <-    90] [mx   958(1) +=    91] [mg   958(1) <-    91] [mx   959(2) +=    92] [mg   959(2) <-    92] 
 uz as m e <- uz        : [mx   960(0) +=    90] [mg   960(0) <-    90] [mx   961(1) +=    91] [mg   961(1) <-    91] [mx   962(2) +=    92] [mg   962(2) <-    92] 
 uz as n e <- uz        : [mx   963(0) +=    90] [mg   963(0) <-    90] [mx   964(1) +=    91] [mg   964(1) <-    91] [mx   965(2) +=    92] [mg   965(2) <-    92] 
uz as ng e <- uz        : [mx   966(0) +=    90] [mg   966(0) <-    90] [mx   967(1) +=    91] [mg   967(1) <-    91] [mx   968(2) +=    92] [mg   968(2) <-    92] 
 uz as s e <- uz        : [mx   969(0) +=    90] [mg   969(0) <-    90] [mx   970(1) +=    91] [mg   970(1) <-    91] [mx   971(2) +=    92] [mg   971(2) <-    92] 
 uz as t e <- uz        : [mx   972(0) +=    90] [mg   972(0) <-    90] [mx   973(1) +=    91] [mg   973(1) <-    91] [mx   974(2) +=    92] [mg   974(2) <-    92] 
uz as tr e <- uz        : INFO: main.c(529): Writing dest /home/nguyenvanthinh/Desktop/Git/speech recognition  demo/digit/model_parameters/digit.cd_cont_untied/transition_matrices
INFO: s3tmat_io.c(176): Wrote /home/nguyenvanthinh/Desktop/Git/speech recognition  demo/digit/model_parameters/digit.cd_cont_untied/transition_matrices [31x3x4 array]
INFO: main.c(540): Writing dest /home/nguyenvanthinh/Desktop/Git/speech recognition  demo/digit/model_parameters/digit.cd_cont_untied/mixture_weights
INFO: s3mixw_io.c(233): Wrote /home/nguyenvanthinh/Desktop/Git/speech recognition  demo/digit/model_parameters/digit.cd_cont_untied/mixture_weights [978x1x1 array]
INFO: main.c(549): Writing dest /home/nguyenvanthinh/Desktop/Git/speech recognition  demo/digit/model_parameters/digit.cd_cont_untied/means
INFO: s3gau_io.c(228): Wrote /home/nguyenvanthinh/Desktop/Git/speech recognition  demo/digit/model_parameters/digit.cd_cont_untied/means [978x1x1 array]
INFO: main.c(561): Writing dest /home/nguyenvanthinh/Desktop/Git/speech recognition  demo/digit/model_parameters/digit.cd_cont_untied/variances
INFO: s3gau_io.c(228): Wrote /home/nguyenvanthinh/Desktop/Git/speech recognition  demo/digit/model_parameters/digit.cd_cont_untied/variances [978x1x1 array]
[mx   975(0) +=    90] [mg   975(0) <-    90] [mx   976(1) +=    91] [mg   976(1) <-    91] [mx   977(2) +=    92] [mg   977(2) <-    92] 
Thu Apr  7 00:44:31 2016
