Current configuration:
[NAME]		[DEFLT]	[VALUE]
-allphones	no	no
-cntthresh	0.00001	1.000000e-05
-csplitmax	100	2000
-csplitmin	1	1
-csplitthr	8e-4	0.000000e+00
-example	no	no
-fullvar	no	no
-help		no	no
-meanfn			/home/nguyenvanthinh/Desktop/Git/speech recognition  demo/acoustic/model_parameters/digit.cd_cont_untied/means
-mixwfn			/home/nguyenvanthinh/Desktop/Git/speech recognition  demo/acoustic/model_parameters/digit.cd_cont_untied/mixture_weights
-moddeffn		/home/nguyenvanthinh/Desktop/Git/speech recognition  demo/acoustic/model_architecture/digit.untied.mdef
-mwfloor	1e-4	1.000000e-08
-phone			uw
-psetfn			/home/nguyenvanthinh/Desktop/Git/speech recognition  demo/acoustic/model_architecture/digit.tree_questions
-ssplitmax	5	7
-ssplitmin	1	1
-ssplitthr	8e-4	0.000000e+00
-state			1
-stwt			1.0,0.05,0.0,
-treefn			/home/nguyenvanthinh/Desktop/Git/speech recognition  demo/acoustic/trees/digit.unpruned/uw-1.dtree
-ts2cbfn	.semi.	.cont.
-varfloor	0.00001	1.000000e-05
-varfn			/home/nguyenvanthinh/Desktop/Git/speech recognition  demo/acoustic/model_parameters/digit.cd_cont_untied/variances

INFO: main.c(223): Reading: /home/nguyenvanthinh/Desktop/Git/speech recognition  demo/acoustic/model_architecture/digit.untied.mdef
INFO: model_def_io.c(573): Model definition info:
INFO: model_def_io.c(574): 326 total models defined (31 base, 295 tri)
INFO: model_def_io.c(575): 1304 total states
INFO: model_def_io.c(576): 978 total tied states
INFO: model_def_io.c(577): 93 total tied CI states
INFO: model_def_io.c(578): 31 total tied transition matrices
INFO: model_def_io.c(579): 4 max state/model
INFO: model_def_io.c(580): 4 min state/model
INFO: main.c(242): Building trees for [uw m ow i] through [uw t t e]
INFO: main.c(269): Covering states |[912 944]| == 33
INFO: main.c(275): Reading: /home/nguyenvanthinh/Desktop/Git/speech recognition  demo/acoustic/model_parameters/digit.cd_cont_untied/mixture_weights
INFO: s3mixw_io.c(173): Read /home/nguyenvanthinh/Desktop/Git/speech recognition  demo/acoustic/model_parameters/digit.cd_cont_untied/mixture_weights [33x1x1 array]
INFO: main.c(311): 11 of 11 models have observation count greater than 0.000010
INFO: main.c(95): nrm stwt: 0.045 0.909 0.045 
INFO: s3gau_io.c(169): Read /home/nguyenvanthinh/Desktop/Git/speech recognition  demo/acoustic/model_parameters/digit.cd_cont_untied/means [978x1x1 array]
INFO: s3gau_io.c(169): Read /home/nguyenvanthinh/Desktop/Git/speech recognition  demo/acoustic/model_parameters/digit.cd_cont_untied/variances [978x1x1 array]
INFO: main.c(549): Reading: /home/nguyenvanthinh/Desktop/Git/speech recognition  demo/acoustic/model_architecture/digit.tree_questions
INFO: main.c(588): 178 total simple questions (170 phone; 8 word bndry)
INFO: main.c(590): 42 Left Only questions, and 40 Right Only questions
INFO: dtree.c(1478): Final simple tree
|( WDBNDRY_E 0 -1.222e+05 4.263e+03 5.354e+02
|    ( QUESTION0_11_R 1 -4.914e+04 8.706e+02 2.274e+02
|        ( - -1.364e+04 1 0)
|        ( QUESTION0_7_R 1 -3.463e+04 3.200e+02 1.703e+02
|            ( - -4.517e+03 1 0)
|            ( QUESTION11 1 -2.980e+04 4.411e+02 1.501e+02
|                ( - 2.463e+01 1 0)
|                ( QUESTION0_9_R 1 -2.938e+04 4.091e+02 1.491e+02
|                    ( - 5.039e+01 1 0)
|                    ( SILENCE 1 -2.902e+04 2.420e+02 1.481e+02
|                        ( - -2.383e+04 1 0)
|                        ( - -4.945e+03 4 0))))))
|    ( QUESTION0_1_R 1 -6.878e+04 6.506e+02 3.081e+02
|        ( - -3.418e+04 1 0)
|        ( - -3.395e+04 1 0)))
s>    ( WDBNDRY_E 0 -1.222e+05 4.263e+03 5.354e+02
s>        ( QUESTION0_11_R 1 -4.914e+04 8.706e+02 2.274e+02
s>            ( - -1.364e+04 1 0)
s>            ( QUESTION0_7_R 1 -3.463e+04 3.200e+02 1.703e+02
s>                ( - -4.517e+03 1 0)
s>                ( QUESTION11 1 -2.980e+04 4.411e+02 1.501e+02
s>                    ( - 2.463e+01 1 0)
s>                    ( QUESTION0_9_R 1 -2.938e+04 4.091e+02 1.491e+02
s>                        ( - 5.039e+01 1 0)
s>                        ( SILENCE 1 -2.902e+04 2.420e+02 1.481e+02
s>                            ( - -2.383e+04 1 0)
s>                            ( - -4.945e+03 4 0))))))
s>        ( QUESTION0_1_R 1 -6.878e+04 6.506e+02 3.081e+02
s>            ( - -3.418e+04 1 0)
s>            ( - -3.395e+04 1 0)))INFO: dtree.c(1315): Comp split 0
INFO: dtree.c(1439): stop. leaf nodes are specific
INFO: dtree.c(1478): Final simple tree
|( QUESTION0_11_R 1 -4.914e+04 8.706e+02 2.274e+02
|    ( - -1.364e+04 1 0)
|    ( QUESTION0_7_R 1 -3.463e+04 3.200e+02 1.703e+02
|        ( - -4.517e+03 1 0)
|        ( QUESTION11 1 -2.980e+04 4.411e+02 1.501e+02
|            ( - 2.463e+01 1 0)
|            ( QUESTION0_9_R 1 -2.938e+04 4.091e+02 1.491e+02
|                ( - 5.039e+01 1 0)
|                ( SILENCE 1 -2.902e+04 2.420e+02 1.481e+02
|                    ( - -2.383e+04 1 0)
|                    ( - -4.945e+03 4 0))))))
s>    ( QUESTION0_11_R 1 -4.914e+04 8.706e+02 2.274e+02
s>        ( - -1.364e+04 1 0)
s>        ( QUESTION0_7_R 1 -3.463e+04 3.200e+02 1.703e+02
s>            ( - -4.517e+03 1 0)
s>            ( QUESTION11 1 -2.980e+04 4.411e+02 1.501e+02
s>                ( - 2.463e+01 1 0)
s>                ( QUESTION0_9_R 1 -2.938e+04 4.091e+02 1.491e+02
s>                    ( - 5.039e+01 1 0)
s>                    ( SILENCE 1 -2.902e+04 2.420e+02 1.481e+02
s>                        ( - -2.383e+04 1 0)
s>                        ( - -4.945e+03 4 0))))))INFO: dtree.c(1439): stop. leaf nodes are specific
INFO: dtree.c(1478): Final simple tree
|( QUESTION0_1_R 1 -6.878e+04 6.506e+02 3.081e+02
|    ( - -3.418e+04 1 0)
|    ( - -3.395e+04 1 0))
s>    ( QUESTION0_1_R 1 -6.878e+04 6.506e+02 3.081e+02
s>        ( - -3.418e+04 1 0)
s>        ( - -3.395e+04 1 0))INFO: dtree.c(1315): Comp split 1
INFO: dtree.c(1439): stop. leaf nodes are specific
INFO: dtree.c(1478): Final simple tree
|( QUESTION11 1 -2.980e+04 4.411e+02 1.501e+02
|    ( - 2.463e+01 1 0)
|    ( QUESTION0_9_R 1 -2.938e+04 4.091e+02 1.491e+02
|        ( - 5.039e+01 1 0)
|        ( SILENCE 1 -2.902e+04 2.420e+02 1.481e+02
|            ( - -2.383e+04 1 0)
|            ( - -4.945e+03 4 0))))
s>    ( QUESTION11 1 -2.980e+04 4.411e+02 1.501e+02
s>        ( - 2.463e+01 1 0)
s>        ( QUESTION0_9_R 1 -2.938e+04 4.091e+02 1.491e+02
s>            ( - 5.039e+01 1 0)
s>            ( SILENCE 1 -2.902e+04 2.420e+02 1.481e+02
s>                ( - -2.383e+04 1 0)
s>                ( - -4.945e+03 4 0))))INFO: dtree.c(1439): stop. leaf nodes are specific
INFO: dtree.c(1478): Final simple tree
|( QUESTION0_6_R 1 -1.844e+04 2.835e+02 7.728e+01
|    ( - -4.517e+03 1 0)
|    ( - -1.364e+04 1 0))
s>    ( QUESTION0_6_R 1 -1.844e+04 2.835e+02 7.728e+01
s>        ( - -4.517e+03 1 0)
s>        ( - -1.364e+04 1 0))INFO: dtree.c(1315): Comp split 2
INFO: dtree.c(1315): Comp split 3
INFO: dtree.c(1439): stop. leaf nodes are specific
INFO: dtree.c(1478): Final simple tree
|( QUESTION0_9_R 1 -2.938e+04 4.091e+02 1.491e+02
|    ( - 5.039e+01 1 0)
|    ( SILENCE 1 -2.902e+04 2.420e+02 1.481e+02
|        ( - -2.383e+04 1 0)
|        ( - -4.945e+03 4 0)))
s>    ( QUESTION0_9_R 1 -2.938e+04 4.091e+02 1.491e+02
s>        ( - 5.039e+01 1 0)
s>        ( SILENCE 1 -2.902e+04 2.420e+02 1.481e+02
s>            ( - -2.383e+04 1 0)
s>            ( - -4.945e+03 4 0)))INFO: dtree.c(1315): Comp split 4
INFO: dtree.c(1439): stop. leaf nodes are specific
INFO: dtree.c(1478): Final simple tree
|( SILENCE 1 -2.902e+04 2.420e+02 1.481e+02
|    ( - -2.383e+04 1 0)
|    ( - -4.945e+03 4 0))
s>    ( SILENCE 1 -2.902e+04 2.420e+02 1.481e+02
s>        ( - -2.383e+04 1 0)
s>        ( - -4.945e+03 4 0))INFO: dtree.c(1315): Comp split 5
INFO: dtree.c(1315): Comp split 6
INFO: dtree.c(1315): Comp split 7
INFO: dtree.c(1318): stop. leaf nodes are specific
!!!!!!!!Allocated 67 lines
Wed Apr  6 14:10:36 2016
