Current configuration:
[NAME]		[DEFLT]	[VALUE]
-allphones	no	no
-cntthresh	0.00001	1.000000e-05
-csplitmax	100	2000
-csplitmin	1	1
-csplitthr	8e-4	0.000000e+00
-example	no	no
-fullvar	no	no
-help		no	no
-meanfn			/home/nguyenvanthinh/Desktop/Git/speech recognition  demo/acoustic/model_parameters/digit.cd_cont_untied/means
-mixwfn			/home/nguyenvanthinh/Desktop/Git/speech recognition  demo/acoustic/model_parameters/digit.cd_cont_untied/mixture_weights
-moddeffn		/home/nguyenvanthinh/Desktop/Git/speech recognition  demo/acoustic/model_architecture/digit.untied.mdef
-mwfloor	1e-4	1.000000e-08
-phone			a
-psetfn			/home/nguyenvanthinh/Desktop/Git/speech recognition  demo/acoustic/model_architecture/digit.tree_questions
-ssplitmax	5	7
-ssplitmin	1	1
-ssplitthr	8e-4	0.000000e+00
-state			2
-stwt			1.0,0.05,0.0,
-treefn			/home/nguyenvanthinh/Desktop/Git/speech recognition  demo/acoustic/trees/digit.unpruned/a-2.dtree
-ts2cbfn	.semi.	.cont.
-varfloor	0.00001	1.000000e-05
-varfn			/home/nguyenvanthinh/Desktop/Git/speech recognition  demo/acoustic/model_parameters/digit.cd_cont_untied/variances

INFO: main.c(223): Reading: /home/nguyenvanthinh/Desktop/Git/speech recognition  demo/acoustic/model_architecture/digit.untied.mdef
INFO: model_def_io.c(573): Model definition info:
INFO: model_def_io.c(574): 326 total models defined (31 base, 295 tri)
INFO: model_def_io.c(575): 1304 total states
INFO: model_def_io.c(576): 978 total tied states
INFO: model_def_io.c(577): 93 total tied CI states
INFO: model_def_io.c(578): 31 total tied transition matrices
INFO: model_def_io.c(579): 4 max state/model
INFO: model_def_io.c(580): 4 min state/model
INFO: main.c(242): Building trees for [a b SIL e] through [a h iz i]
INFO: main.c(269): Covering states |[93 128]| == 36
INFO: main.c(275): Reading: /home/nguyenvanthinh/Desktop/Git/speech recognition  demo/acoustic/model_parameters/digit.cd_cont_untied/mixture_weights
INFO: s3mixw_io.c(173): Read /home/nguyenvanthinh/Desktop/Git/speech recognition  demo/acoustic/model_parameters/digit.cd_cont_untied/mixture_weights [36x1x1 array]
INFO: main.c(311): 12 of 12 models have observation count greater than 0.000010
INFO: main.c(95): nrm stwt: 0.000 0.048 0.952 
INFO: s3gau_io.c(169): Read /home/nguyenvanthinh/Desktop/Git/speech recognition  demo/acoustic/model_parameters/digit.cd_cont_untied/means [978x1x1 array]
INFO: s3gau_io.c(169): Read /home/nguyenvanthinh/Desktop/Git/speech recognition  demo/acoustic/model_parameters/digit.cd_cont_untied/variances [978x1x1 array]
INFO: main.c(549): Reading: /home/nguyenvanthinh/Desktop/Git/speech recognition  demo/acoustic/model_architecture/digit.tree_questions
INFO: main.c(588): 178 total simple questions (170 phone; 8 word bndry)
INFO: main.c(590): 42 Left Only questions, and 40 Right Only questions
INFO: dtree.c(1478): Final simple tree
|( WDBNDRY_E 0 -2.935e+06 4.454e+04 1.351e+04
|    ( QUESTION0_11_R 1 -2.469e+06 1.055e+04 1.141e+04
|        ( QUESTION0_17_R 1 -9.875e+04 1.896e+03 4.505e+02
|            ( - -4.191e+04 1 0)
|            ( - -5.495e+04 1 0))
|        ( QUESTION14 1 -2.359e+06 2.091e+03 1.096e+04
|            ( - -6.853e+05 1 0)
|            ( SILENCE 1 -1.672e+06 1.290e+03 7.761e+03
|                ( - -3.071e+05 1 0)
|                ( QUESTION0_7_R 1 -1.363e+06 5.986e+02 6.313e+03
|                    ( - -1.715e+05 1 0)
|                    ( QUESTION11 1 -1.191e+06 7.771e+02 5.522e+03
|                        ( - -2.656e+05 1 0)
|                        ( - -9.249e+05 5 0 QUESTION0_9_R 1 5.645e+02 4.277e+03))))))
|    ( - -4.221e+05 1 0))
s>    ( WDBNDRY_E 0 -2.935e+06 4.454e+04 1.351e+04
s>        ( QUESTION0_11_R 1 -2.469e+06 1.055e+04 1.141e+04
s>            ( QUESTION0_17_R 1 -9.875e+04 1.896e+03 4.505e+02
s>                ( - -4.191e+04 1 0)
s>                ( - -5.495e+04 1 0))
s>            ( QUESTION14 1 -2.359e+06 2.091e+03 1.096e+04
s>                ( - -6.853e+05 1 0)
s>                ( SILENCE 1 -1.672e+06 1.290e+03 7.761e+03
s>                    ( - -3.071e+05 1 0)
s>                    ( QUESTION0_7_R 1 -1.363e+06 5.986e+02 6.313e+03
s>                        ( - -1.715e+05 1 0)
s>                        ( QUESTION11 1 -1.191e+06 7.771e+02 5.522e+03
s>                            ( - -2.656e+05 1 0)
s>                            ( - -9.249e+05 5 0 QUESTION0_9_R 1 5.645e+02 4.277e+03))))))
s>        ( - -4.221e+05 1 0))INFO: dtree.c(1315): Comp split 0
INFO: dtree.c(1439): stop. leaf nodes are specific
INFO: dtree.c(1478): Final simple tree
|( QUESTION0_11_R 1 -2.406e+06 4.776e+03 1.116e+04
|    ( - -4.191e+04 1 0)
|    ( QUESTION14 1 -2.359e+06 2.091e+03 1.096e+04
|        ( - -6.853e+05 1 0)
|        ( SILENCE 1 -1.672e+06 1.290e+03 7.761e+03
|            ( - -3.071e+05 1 0)
|            ( QUESTION0_7_R 1 -1.363e+06 5.986e+02 6.313e+03
|                ( - -1.715e+05 1 0)
|                ( QUESTION11 1 -1.191e+06 7.771e+02 5.522e+03
|                    ( - -2.656e+05 1 0)
|                    ( QUESTION0_9_R 1 -9.249e+05 5.645e+02 4.277e+03
|                        ( - -2.015e+05 1 0)
|                        ( - -7.229e+05 4 0)))))))
s>    ( QUESTION0_11_R 1 -2.406e+06 4.776e+03 1.116e+04
s>        ( - -4.191e+04 1 0)
s>        ( QUESTION14 1 -2.359e+06 2.091e+03 1.096e+04
s>            ( - -6.853e+05 1 0)
s>            ( SILENCE 1 -1.672e+06 1.290e+03 7.761e+03
s>                ( - -3.071e+05 1 0)
s>                ( QUESTION0_7_R 1 -1.363e+06 5.986e+02 6.313e+03
s>                    ( - -1.715e+05 1 0)
s>                    ( QUESTION11 1 -1.191e+06 7.771e+02 5.522e+03
s>                        ( - -2.656e+05 1 0)
s>                        ( QUESTION0_9_R 1 -9.249e+05 5.645e+02 4.277e+03
s>                            ( - -2.015e+05 1 0)
s>                            ( - -7.229e+05 4 0)))))))INFO: dtree.c(1439): stop. leaf nodes are specific
INFO: dtree.c(1478): Final simple tree
|( WDBNDRY_E 0 -4.821e+05 5.127e+03 2.352e+03
|    ( - -5.495e+04 1 0)
|    ( - -4.221e+05 1 0))
s>    ( WDBNDRY_E 0 -4.821e+05 5.127e+03 2.352e+03
s>        ( - -5.495e+04 1 0)
s>        ( - -4.221e+05 1 0))INFO: dtree.c(1315): Comp split 1
INFO: dtree.c(1315): Comp split 2
INFO: dtree.c(1439): stop. leaf nodes are specific
INFO: dtree.c(1478): Final simple tree
|( QUESTION14 1 -2.359e+06 2.091e+03 1.096e+04
|    ( - -6.853e+05 1 0)
|    ( SILENCE 1 -1.672e+06 1.290e+03 7.761e+03
|        ( - -3.071e+05 1 0)
|        ( QUESTION0_7_R 1 -1.363e+06 5.986e+02 6.313e+03
|            ( - -1.715e+05 1 0)
|            ( QUESTION11 1 -1.191e+06 7.771e+02 5.522e+03
|                ( - -2.656e+05 1 0)
|                ( QUESTION0_9_R 1 -9.249e+05 5.645e+02 4.277e+03
|                    ( - -2.015e+05 1 0)
|                    ( - -7.229e+05 4 0))))))
s>    ( QUESTION14 1 -2.359e+06 2.091e+03 1.096e+04
s>        ( - -6.853e+05 1 0)
s>        ( SILENCE 1 -1.672e+06 1.290e+03 7.761e+03
s>            ( - -3.071e+05 1 0)
s>            ( QUESTION0_7_R 1 -1.363e+06 5.986e+02 6.313e+03
s>                ( - -1.715e+05 1 0)
s>                ( QUESTION11 1 -1.191e+06 7.771e+02 5.522e+03
s>                    ( - -2.656e+05 1 0)
s>                    ( QUESTION0_9_R 1 -9.249e+05 5.645e+02 4.277e+03
s>                        ( - -2.015e+05 1 0)
s>                        ( - -7.229e+05 4 0))))))INFO: dtree.c(1315): Comp split 3
INFO: dtree.c(1439): stop. leaf nodes are specific
INFO: dtree.c(1478): Final simple tree
|( QUESTION0_9_R 1 -1.097e+06 6.041e+02 5.067e+03
|    ( - -2.015e+05 1 0)
|    ( QUESTION0_7_R 1 -8.949e+05 5.019e+02 4.127e+03
|        ( - -1.715e+05 1 0)
|        ( - -7.229e+05 4 0)))
s>    ( QUESTION0_9_R 1 -1.097e+06 6.041e+02 5.067e+03
s>        ( - -2.015e+05 1 0)
s>        ( QUESTION0_7_R 1 -8.949e+05 5.019e+02 4.127e+03
s>            ( - -1.715e+05 1 0)
s>            ( - -7.229e+05 4 0)))INFO: dtree.c(1439): stop. leaf nodes are specific
INFO: dtree.c(1478): Final simple tree
|( SILENCE 1 -1.260e+06 1.028e+03 5.896e+03
|    ( - -3.071e+05 1 0)
|    ( QUESTION0_7_R 1 -9.513e+05 4.452e+02 4.448e+03
|        ( - -6.853e+05 1 0)
|        ( - -2.656e+05 1 0)))
s>    ( SILENCE 1 -1.260e+06 1.028e+03 5.896e+03
s>        ( - -3.071e+05 1 0)
s>        ( QUESTION0_7_R 1 -9.513e+05 4.452e+02 4.448e+03
s>            ( - -6.853e+05 1 0)
s>            ( - -2.656e+05 1 0)))INFO: dtree.c(1315): Comp split 4
INFO: dtree.c(1439): stop. leaf nodes are specific
INFO: dtree.c(1478): Final simple tree
|( QUESTION0_7_R 1 -9.513e+05 4.452e+02 4.448e+03
|    ( - -6.853e+05 1 0)
|    ( - -2.656e+05 1 0))
s>    ( QUESTION0_7_R 1 -9.513e+05 4.452e+02 4.448e+03
s>        ( - -6.853e+05 1 0)
s>        ( - -2.656e+05 1 0))INFO: dtree.c(1315): Comp split 5
INFO: dtree.c(1439): stop. leaf nodes are specific
INFO: dtree.c(1478): Final simple tree
|( QUESTION0_7_R 1 -8.949e+05 5.019e+02 4.127e+03
|    ( - -1.715e+05 1 0)
|    ( - -7.229e+05 4 0))
s>    ( QUESTION0_7_R 1 -8.949e+05 5.019e+02 4.127e+03
s>        ( - -1.715e+05 1 0)
s>        ( - -7.229e+05 4 0))INFO: dtree.c(1315): Comp split 6
INFO: dtree.c(1315): Comp split 7
INFO: dtree.c(1315): Comp split 8
INFO: dtree.c(1318): stop. leaf nodes are specific
!!!!!!!!Allocated 67 lines
Wed Apr  6 14:10:34 2016
