Current configuration:
[NAME]		[DEFLT]	[VALUE]
-allphones	no	no
-cntthresh	0.00001	1.000000e-05
-csplitmax	100	2000
-csplitmin	1	1
-csplitthr	8e-4	0.000000e+00
-example	no	no
-fullvar	no	no
-help		no	no
-meanfn			/home/nguyenvanthinh/Desktop/Git/speech recognition  demo/acoustic/model_parameters/digit.cd_cont_untied/means
-mixwfn			/home/nguyenvanthinh/Desktop/Git/speech recognition  demo/acoustic/model_parameters/digit.cd_cont_untied/mixture_weights
-moddeffn		/home/nguyenvanthinh/Desktop/Git/speech recognition  demo/acoustic/model_architecture/digit.untied.mdef
-mwfloor	1e-4	1.000000e-08
-phone			kh
-psetfn			/home/nguyenvanthinh/Desktop/Git/speech recognition  demo/acoustic/model_architecture/digit.tree_questions
-ssplitmax	5	7
-ssplitmin	1	1
-ssplitthr	8e-4	0.000000e+00
-state			0
-stwt			1.0,0.05,0.0,
-treefn			/home/nguyenvanthinh/Desktop/Git/speech recognition  demo/acoustic/trees/digit.unpruned/kh-0.dtree
-ts2cbfn	.semi.	.cont.
-varfloor	0.00001	1.000000e-05
-varfn			/home/nguyenvanthinh/Desktop/Git/speech recognition  demo/acoustic/model_parameters/digit.cd_cont_untied/variances

INFO: main.c(223): Reading: /home/nguyenvanthinh/Desktop/Git/speech recognition  demo/acoustic/model_architecture/digit.untied.mdef
INFO: model_def_io.c(573): Model definition info:
INFO: model_def_io.c(574): 326 total models defined (31 base, 295 tri)
INFO: model_def_io.c(575): 1304 total states
INFO: model_def_io.c(576): 978 total tied states
INFO: model_def_io.c(577): 93 total tied CI states
INFO: model_def_io.c(578): 31 total tied transition matrices
INFO: model_def_io.c(579): 4 max state/model
INFO: model_def_io.c(580): 4 min state/model
INFO: main.c(242): Building trees for [kh SIL oo b] through [kh uz oo b]
INFO: main.c(269): Covering states |[402 428]| == 27
INFO: main.c(275): Reading: /home/nguyenvanthinh/Desktop/Git/speech recognition  demo/acoustic/model_parameters/digit.cd_cont_untied/mixture_weights
INFO: s3mixw_io.c(173): Read /home/nguyenvanthinh/Desktop/Git/speech recognition  demo/acoustic/model_parameters/digit.cd_cont_untied/mixture_weights [27x1x1 array]
INFO: main.c(311): 9 of 9 models have observation count greater than 0.000010
INFO: main.c(95): nrm stwt: 0.952 0.048 0.000 
INFO: s3gau_io.c(169): Read /home/nguyenvanthinh/Desktop/Git/speech recognition  demo/acoustic/model_parameters/digit.cd_cont_untied/means [978x1x1 array]
INFO: s3gau_io.c(169): Read /home/nguyenvanthinh/Desktop/Git/speech recognition  demo/acoustic/model_parameters/digit.cd_cont_untied/variances [978x1x1 array]
INFO: main.c(549): Reading: /home/nguyenvanthinh/Desktop/Git/speech recognition  demo/acoustic/model_architecture/digit.tree_questions
INFO: main.c(588): 178 total simple questions (170 phone; 8 word bndry)
INFO: main.c(590): 42 Left Only questions, and 40 Right Only questions
INFO: dtree.c(1478): Final simple tree
|( QUESTION2_3_L -1 -9.967e+05 2.027e+03 4.320e+03
|    ( QUESTION20 -1 -3.449e+05 6.418e+02 1.506e+03
|        ( QUESTION2_7_L -1 -2.009e+05 3.055e+02 8.859e+02
|            ( - -1.995e+05 1 0)
|            ( - -1.139e+03 1 0))
|        ( QUESTION2 -1 -1.433e+05 4.568e+02 6.203e+02
|            ( - -8.289e+04 1 0)
|            ( - -5.999e+04 1 0)))
|    ( QUESTION9 -1 -6.497e+05 1.757e+03 2.814e+03
|        ( - -9.022e+04 1 0)
|        ( QUESTION5 -1 -5.577e+05 1.158e+03 2.419e+03
|            ( - -1.286e+05 1 0)
|            ( QUESTION1 -1 -4.280e+05 4.755e+02 1.865e+03
|                ( - -2.569e+05 1 0)
|                ( - -1.707e+05 2 0 SILENCE -1 3.047e+02 7.528e+02)))))
s>    ( QUESTION2_3_L -1 -9.967e+05 2.027e+03 4.320e+03
s>        ( QUESTION20 -1 -3.449e+05 6.418e+02 1.506e+03
s>            ( QUESTION2_7_L -1 -2.009e+05 3.055e+02 8.859e+02
s>                ( - -1.995e+05 1 0)
s>                ( - -1.139e+03 1 0))
s>            ( QUESTION2 -1 -1.433e+05 4.568e+02 6.203e+02
s>                ( - -8.289e+04 1 0)
s>                ( - -5.999e+04 1 0)))
s>        ( QUESTION9 -1 -6.497e+05 1.757e+03 2.814e+03
s>            ( - -9.022e+04 1 0)
s>            ( QUESTION5 -1 -5.577e+05 1.158e+03 2.419e+03
s>                ( - -1.286e+05 1 0)
s>                ( QUESTION1 -1 -4.280e+05 4.755e+02 1.865e+03
s>                    ( - -2.569e+05 1 0)
s>                    ( - -1.707e+05 2 0 SILENCE -1 3.047e+02 7.528e+02)))))INFO: dtree.c(1315): Comp split 0
INFO: dtree.c(1439): stop. leaf nodes are specific
INFO: dtree.c(1478): Final simple tree
|( QUESTION5 -1 -5.592e+05 1.163e+03 2.425e+03
|    ( - -1.286e+05 1 0)
|    ( QUESTION2 -1 -4.295e+05 4.773e+02 1.871e+03
|        ( - -2.569e+05 1 0)
|        ( SILENCE -1 -1.721e+05 3.086e+02 7.587e+02
|            ( - -1.050e+05 1 0)
|            ( QUESTION0 -1 -6.677e+04 2.886e+02 2.925e+02
|                ( - -6.534e+04 1 0)
|                ( - -1.139e+03 1 0)))))
s>    ( QUESTION5 -1 -5.592e+05 1.163e+03 2.425e+03
s>        ( - -1.286e+05 1 0)
s>        ( QUESTION2 -1 -4.295e+05 4.773e+02 1.871e+03
s>            ( - -2.569e+05 1 0)
s>            ( SILENCE -1 -1.721e+05 3.086e+02 7.587e+02
s>                ( - -1.050e+05 1 0)
s>                ( QUESTION0 -1 -6.677e+04 2.886e+02 2.925e+02
s>                    ( - -6.534e+04 1 0)
s>                    ( - -1.139e+03 1 0)))))INFO: dtree.c(1439): stop. leaf nodes are specific
INFO: dtree.c(1478): Final simple tree
|( QUESTION2 -1 -4.344e+05 7.815e+02 1.895e+03
|    ( QUESTION3 -1 -1.736e+05 5.206e+02 7.532e+02
|        ( - -8.289e+04 1 0)
|        ( - -9.022e+04 1 0))
|    ( QUESTION11 -1 -2.600e+05 5.136e+02 1.142e+03
|        ( - -5.999e+04 1 0)
|        ( - -1.995e+05 1 0)))
s>    ( QUESTION2 -1 -4.344e+05 7.815e+02 1.895e+03
s>        ( QUESTION3 -1 -1.736e+05 5.206e+02 7.532e+02
s>            ( - -8.289e+04 1 0)
s>            ( - -9.022e+04 1 0))
s>        ( QUESTION11 -1 -2.600e+05 5.136e+02 1.142e+03
s>            ( - -5.999e+04 1 0)
s>            ( - -1.995e+05 1 0)))INFO: dtree.c(1315): Comp split 1
INFO: dtree.c(1439): stop. leaf nodes are specific
INFO: dtree.c(1478): Final simple tree
|( QUESTION2 -1 -4.295e+05 4.773e+02 1.871e+03
|    ( - -2.569e+05 1 0)
|    ( SILENCE -1 -1.721e+05 3.086e+02 7.587e+02
|        ( - -1.050e+05 1 0)
|        ( QUESTION0 -1 -6.677e+04 2.886e+02 2.925e+02
|            ( - -6.534e+04 1 0)
|            ( - -1.139e+03 1 0))))
s>    ( QUESTION2 -1 -4.295e+05 4.773e+02 1.871e+03
s>        ( - -2.569e+05 1 0)
s>        ( SILENCE -1 -1.721e+05 3.086e+02 7.587e+02
s>            ( - -1.050e+05 1 0)
s>            ( QUESTION0 -1 -6.677e+04 2.886e+02 2.925e+02
s>                ( - -6.534e+04 1 0)
s>                ( - -1.139e+03 1 0))))INFO: dtree.c(1315): Comp split 2
INFO: dtree.c(1439): stop. leaf nodes are specific
INFO: dtree.c(1478): Final simple tree
|( QUESTION11 -1 -2.600e+05 5.136e+02 1.142e+03
|    ( - -5.999e+04 1 0)
|    ( - -1.995e+05 1 0))
s>    ( QUESTION11 -1 -2.600e+05 5.136e+02 1.142e+03
s>        ( - -5.999e+04 1 0)
s>        ( - -1.995e+05 1 0))INFO: dtree.c(1439): stop. leaf nodes are specific
INFO: dtree.c(1478): Final simple tree
|( QUESTION3 -1 -1.736e+05 5.206e+02 7.532e+02
|    ( - -8.289e+04 1 0)
|    ( - -9.022e+04 1 0))
s>    ( QUESTION3 -1 -1.736e+05 5.206e+02 7.532e+02
s>        ( - -8.289e+04 1 0)
s>        ( - -9.022e+04 1 0))INFO: dtree.c(1315): Comp split 3
INFO: dtree.c(1315): Comp split 4
INFO: dtree.c(1315): Comp split 5
INFO: dtree.c(1439): stop. leaf nodes are specific
INFO: dtree.c(1478): Final simple tree
|( SILENCE -1 -1.721e+05 3.086e+02 7.587e+02
|    ( - -1.050e+05 1 0)
|    ( QUESTION0 -1 -6.677e+04 2.886e+02 2.925e+02
|        ( - -6.534e+04 1 0)
|        ( - -1.139e+03 1 0)))
s>    ( SILENCE -1 -1.721e+05 3.086e+02 7.587e+02
s>        ( - -1.050e+05 1 0)
s>        ( QUESTION0 -1 -6.677e+04 2.886e+02 2.925e+02
s>            ( - -6.534e+04 1 0)
s>            ( - -1.139e+03 1 0)))INFO: dtree.c(1315): Comp split 6
INFO: dtree.c(1439): stop. leaf nodes are specific
INFO: dtree.c(1478): Final simple tree
|( QUESTION0 -1 -6.677e+04 2.886e+02 2.925e+02
|    ( - -6.534e+04 1 0)
|    ( - -1.139e+03 1 0))
s>    ( QUESTION0 -1 -6.677e+04 2.886e+02 2.925e+02
s>        ( - -6.534e+04 1 0)
s>        ( - -1.139e+03 1 0))INFO: dtree.c(1315): Comp split 7
INFO: dtree.c(1315): Comp split 8
INFO: dtree.c(1318): stop. leaf nodes are specific
!!!!!!!!Allocated 67 lines
Wed Apr  6 14:10:33 2016
