Current configuration:
[NAME]		[DEFLT]	[VALUE]
-allphones	no	no
-cntthresh	0.00001	1.000000e-05
-csplitmax	100	2000
-csplitmin	1	1
-csplitthr	8e-4	0.000000e+00
-example	no	no
-fullvar	no	no
-help		no	no
-meanfn			/home/nguyenvanthinh/Desktop/Git/speech recognition  demo/acoustic/model_parameters/digit.cd_cont_untied/means
-mixwfn			/home/nguyenvanthinh/Desktop/Git/speech recognition  demo/acoustic/model_parameters/digit.cd_cont_untied/mixture_weights
-moddeffn		/home/nguyenvanthinh/Desktop/Git/speech recognition  demo/acoustic/model_architecture/digit.untied.mdef
-mwfloor	1e-4	1.000000e-08
-phone			s
-psetfn			/home/nguyenvanthinh/Desktop/Git/speech recognition  demo/acoustic/model_architecture/digit.tree_questions
-ssplitmax	5	7
-ssplitmin	1	1
-ssplitthr	8e-4	0.000000e+00
-state			0
-stwt			1.0,0.05,0.0,
-treefn			/home/nguyenvanthinh/Desktop/Git/speech recognition  demo/acoustic/trees/digit.unpruned/s-0.dtree
-ts2cbfn	.semi.	.cont.
-varfloor	0.00001	1.000000e-05
-varfn			/home/nguyenvanthinh/Desktop/Git/speech recognition  demo/acoustic/model_parameters/digit.cd_cont_untied/variances

INFO: main.c(223): Reading: /home/nguyenvanthinh/Desktop/Git/speech recognition  demo/acoustic/model_architecture/digit.untied.mdef
INFO: model_def_io.c(573): Model definition info:
INFO: model_def_io.c(574): 326 total models defined (31 base, 295 tri)
INFO: model_def_io.c(575): 1304 total states
INFO: model_def_io.c(576): 978 total tied states
INFO: model_def_io.c(577): 93 total tied CI states
INFO: model_def_io.c(578): 31 total tied transition matrices
INFO: model_def_io.c(579): 4 max state/model
INFO: model_def_io.c(580): 4 min state/model
INFO: main.c(242): Building trees for [s SIL as b] through [s uz as b]
INFO: main.c(269): Covering states |[765 791]| == 27
INFO: main.c(275): Reading: /home/nguyenvanthinh/Desktop/Git/speech recognition  demo/acoustic/model_parameters/digit.cd_cont_untied/mixture_weights
INFO: s3mixw_io.c(173): Read /home/nguyenvanthinh/Desktop/Git/speech recognition  demo/acoustic/model_parameters/digit.cd_cont_untied/mixture_weights [27x1x1 array]
INFO: main.c(311): 9 of 9 models have observation count greater than 0.000010
INFO: main.c(95): nrm stwt: 0.952 0.048 0.000 
INFO: s3gau_io.c(169): Read /home/nguyenvanthinh/Desktop/Git/speech recognition  demo/acoustic/model_parameters/digit.cd_cont_untied/means [978x1x1 array]
INFO: s3gau_io.c(169): Read /home/nguyenvanthinh/Desktop/Git/speech recognition  demo/acoustic/model_parameters/digit.cd_cont_untied/variances [978x1x1 array]
INFO: main.c(549): Reading: /home/nguyenvanthinh/Desktop/Git/speech recognition  demo/acoustic/model_architecture/digit.tree_questions
INFO: main.c(588): 178 total simple questions (170 phone; 8 word bndry)
INFO: main.c(590): 42 Left Only questions, and 40 Right Only questions
INFO: dtree.c(1478): Final simple tree
|( QUESTION2_7_L -1 -1.314e+06 2.329e+03 5.897e+03
|    ( - -3.791e+05 1 0)
|    ( QUESTION0 -1 -9.328e+05 1.706e+03 4.188e+03
|        ( - -1.444e+05 1 0)
|        ( QUESTION5 -1 -7.866e+05 7.910e+02 3.528e+03
|            ( QUESTION7 -1 -2.279e+05 4.336e+02 1.025e+03
|                ( - -6.487e+04 1 0)
|                ( - -1.626e+05 1 0))
|            ( QUESTION11 -1 -5.579e+05 5.223e+02 2.503e+03
|                ( - -5.972e+04 1 0)
|                ( QUESTION10 -1 -4.977e+05 4.869e+02 2.233e+03
|                    ( - -1.278e+04 1 0)
|                    ( QUESTION9 -1 -4.844e+05 4.046e+02 2.172e+03
|                        ( - -1.265e+05 1 0)
|                        ( - -3.575e+05 2 0 SILENCE -1 2.477e+02 1.603e+03)))))))
s>    ( QUESTION2_7_L -1 -1.314e+06 2.329e+03 5.897e+03
s>        ( - -3.791e+05 1 0)
s>        ( QUESTION0 -1 -9.328e+05 1.706e+03 4.188e+03
s>            ( - -1.444e+05 1 0)
s>            ( QUESTION5 -1 -7.866e+05 7.910e+02 3.528e+03
s>                ( QUESTION7 -1 -2.279e+05 4.336e+02 1.025e+03
s>                    ( - -6.487e+04 1 0)
s>                    ( - -1.626e+05 1 0))
s>                ( QUESTION11 -1 -5.579e+05 5.223e+02 2.503e+03
s>                    ( - -5.972e+04 1 0)
s>                    ( QUESTION10 -1 -4.977e+05 4.869e+02 2.233e+03
s>                        ( - -1.278e+04 1 0)
s>                        ( QUESTION9 -1 -4.844e+05 4.046e+02 2.172e+03
s>                            ( - -1.265e+05 1 0)
s>                            ( - -3.575e+05 2 0 SILENCE -1 2.477e+02 1.603e+03)))))))INFO: dtree.c(1315): Comp split 0
INFO: dtree.c(1439): stop. leaf nodes are specific
INFO: dtree.c(1478): Final simple tree
|( QUESTION5 -1 -7.866e+05 7.910e+02 3.528e+03
|    ( QUESTION7 -1 -2.279e+05 4.336e+02 1.025e+03
|        ( - -6.487e+04 1 0)
|        ( - -1.626e+05 1 0))
|    ( QUESTION11 -1 -5.579e+05 5.223e+02 2.503e+03
|        ( - -5.972e+04 1 0)
|        ( QUESTION10 -1 -4.977e+05 4.869e+02 2.233e+03
|            ( - -1.278e+04 1 0)
|            ( QUESTION9 -1 -4.844e+05 4.046e+02 2.172e+03
|                ( - -1.265e+05 1 0)
|                ( SILENCE -1 -3.575e+05 2.477e+02 1.603e+03
|                    ( - -9.561e+04 1 0)
|                    ( - -2.617e+05 1 0))))))
s>    ( QUESTION5 -1 -7.866e+05 7.910e+02 3.528e+03
s>        ( QUESTION7 -1 -2.279e+05 4.336e+02 1.025e+03
s>            ( - -6.487e+04 1 0)
s>            ( - -1.626e+05 1 0))
s>        ( QUESTION11 -1 -5.579e+05 5.223e+02 2.503e+03
s>            ( - -5.972e+04 1 0)
s>            ( QUESTION10 -1 -4.977e+05 4.869e+02 2.233e+03
s>                ( - -1.278e+04 1 0)
s>                ( QUESTION9 -1 -4.844e+05 4.046e+02 2.172e+03
s>                    ( - -1.265e+05 1 0)
s>                    ( SILENCE -1 -3.575e+05 2.477e+02 1.603e+03
s>                        ( - -9.561e+04 1 0)
s>                        ( - -2.617e+05 1 0))))))INFO: dtree.c(1439): stop. leaf nodes are specific
INFO: dtree.c(1478): Final simple tree
|( QUESTION0 -1 -5.247e+05 1.112e+03 2.370e+03
|    ( - -1.444e+05 1 0)
|    ( - -3.791e+05 1 0))
s>    ( QUESTION0 -1 -5.247e+05 1.112e+03 2.370e+03
s>        ( - -1.444e+05 1 0)
s>        ( - -3.791e+05 1 0))INFO: dtree.c(1315): Comp split 1
INFO: dtree.c(1315): Comp split 2
INFO: dtree.c(1439): stop. leaf nodes are specific
INFO: dtree.c(1478): Final simple tree
|( QUESTION10 -1 -4.977e+05 4.869e+02 2.233e+03
|    ( - -1.278e+04 1 0)
|    ( QUESTION9 -1 -4.844e+05 4.046e+02 2.172e+03
|        ( - -1.265e+05 1 0)
|        ( SILENCE -1 -3.575e+05 2.477e+02 1.603e+03
|            ( - -9.561e+04 1 0)
|            ( - -2.617e+05 1 0))))
s>    ( QUESTION10 -1 -4.977e+05 4.869e+02 2.233e+03
s>        ( - -1.278e+04 1 0)
s>        ( QUESTION9 -1 -4.844e+05 4.046e+02 2.172e+03
s>            ( - -1.265e+05 1 0)
s>            ( SILENCE -1 -3.575e+05 2.477e+02 1.603e+03
s>                ( - -9.561e+04 1 0)
s>                ( - -2.617e+05 1 0))))INFO: dtree.c(1439): stop. leaf nodes are specific
INFO: dtree.c(1478): Final simple tree
|( QUESTION8 -1 -2.882e+05 6.507e+02 1.295e+03
|    ( - -1.626e+05 1 0)
|    ( QUESTION2 -1 -1.249e+05 3.033e+02 5.609e+02
|        ( - -6.487e+04 1 0)
|        ( - -5.972e+04 1 0)))
s>    ( QUESTION8 -1 -2.882e+05 6.507e+02 1.295e+03
s>        ( - -1.626e+05 1 0)
s>        ( QUESTION2 -1 -1.249e+05 3.033e+02 5.609e+02
s>            ( - -6.487e+04 1 0)
s>            ( - -5.972e+04 1 0)))INFO: dtree.c(1315): Comp split 3
INFO: dtree.c(1439): stop. leaf nodes are specific
INFO: dtree.c(1478): Final simple tree
|( QUESTION2 -1 -1.249e+05 3.033e+02 5.609e+02
|    ( - -6.487e+04 1 0)
|    ( - -5.972e+04 1 0))
s>    ( QUESTION2 -1 -1.249e+05 3.033e+02 5.609e+02
s>        ( - -6.487e+04 1 0)
s>        ( - -5.972e+04 1 0))INFO: dtree.c(1315): Comp split 4
INFO: dtree.c(1439): stop. leaf nodes are specific
INFO: dtree.c(1478): Final simple tree
|( QUESTION9 -1 -4.844e+05 4.046e+02 2.172e+03
|    ( - -1.265e+05 1 0)
|    ( SILENCE -1 -3.575e+05 2.477e+02 1.603e+03
|        ( - -9.561e+04 1 0)
|        ( - -2.617e+05 1 0)))
s>    ( QUESTION9 -1 -4.844e+05 4.046e+02 2.172e+03
s>        ( - -1.265e+05 1 0)
s>        ( SILENCE -1 -3.575e+05 2.477e+02 1.603e+03
s>            ( - -9.561e+04 1 0)
s>            ( - -2.617e+05 1 0)))INFO: dtree.c(1315): Comp split 5
INFO: dtree.c(1439): stop. leaf nodes are specific
INFO: dtree.c(1478): Final simple tree
|( SILENCE -1 -3.575e+05 2.477e+02 1.603e+03
|    ( - -9.561e+04 1 0)
|    ( - -2.617e+05 1 0))
s>    ( SILENCE -1 -3.575e+05 2.477e+02 1.603e+03
s>        ( - -9.561e+04 1 0)
s>        ( - -2.617e+05 1 0))INFO: dtree.c(1315): Comp split 6
INFO: dtree.c(1315): Comp split 7
INFO: dtree.c(1315): Comp split 8
INFO: dtree.c(1318): stop. leaf nodes are specific
!!!!!!!!Allocated 67 lines
Wed Apr  6 14:10:35 2016
