Current configuration:
[NAME]		[DEFLT]	[VALUE]
-allphones	no	no
-cntthresh	0.00001	1.000000e-05
-csplitmax	100	2000
-csplitmin	1	1
-csplitthr	8e-4	0.000000e+00
-example	no	no
-fullvar	no	no
-help		no	no
-meanfn			/home/nguyenvanthinh/Desktop/Git/speech recognition  demo/acoustic/model_parameters/digit.cd_cont_untied/means
-mixwfn			/home/nguyenvanthinh/Desktop/Git/speech recognition  demo/acoustic/model_parameters/digit.cd_cont_untied/mixture_weights
-moddeffn		/home/nguyenvanthinh/Desktop/Git/speech recognition  demo/acoustic/model_architecture/digit.untied.mdef
-mwfloor	1e-4	1.000000e-08
-phone			ch
-psetfn			/home/nguyenvanthinh/Desktop/Git/speech recognition  demo/acoustic/model_architecture/digit.tree_questions
-ssplitmax	5	7
-ssplitmin	1	1
-ssplitthr	8e-4	0.000000e+00
-state			1
-stwt			1.0,0.05,0.0,
-treefn			/home/nguyenvanthinh/Desktop/Git/speech recognition  demo/acoustic/trees/digit.unpruned/ch-1.dtree
-ts2cbfn	.semi.	.cont.
-varfloor	0.00001	1.000000e-05
-varfn			/home/nguyenvanthinh/Desktop/Git/speech recognition  demo/acoustic/model_parameters/digit.cd_cont_untied/variances

INFO: main.c(223): Reading: /home/nguyenvanthinh/Desktop/Git/speech recognition  demo/acoustic/model_architecture/digit.untied.mdef
INFO: model_def_io.c(573): Model definition info:
INFO: model_def_io.c(574): 326 total models defined (31 base, 295 tri)
INFO: model_def_io.c(575): 1304 total states
INFO: model_def_io.c(576): 978 total tied states
INFO: model_def_io.c(577): 93 total tied CI states
INFO: model_def_io.c(578): 31 total tied transition matrices
INFO: model_def_io.c(579): 4 max state/model
INFO: model_def_io.c(580): 4 min state/model
INFO: main.c(242): Building trees for [ch SIL is b] through [ch uz is b]
INFO: main.c(269): Covering states |[222 248]| == 27
INFO: main.c(275): Reading: /home/nguyenvanthinh/Desktop/Git/speech recognition  demo/acoustic/model_parameters/digit.cd_cont_untied/mixture_weights
INFO: s3mixw_io.c(173): Read /home/nguyenvanthinh/Desktop/Git/speech recognition  demo/acoustic/model_parameters/digit.cd_cont_untied/mixture_weights [27x1x1 array]
INFO: main.c(311): 9 of 9 models have observation count greater than 0.000010
INFO: main.c(95): nrm stwt: 0.045 0.909 0.045 
INFO: s3gau_io.c(169): Read /home/nguyenvanthinh/Desktop/Git/speech recognition  demo/acoustic/model_parameters/digit.cd_cont_untied/means [978x1x1 array]
INFO: s3gau_io.c(169): Read /home/nguyenvanthinh/Desktop/Git/speech recognition  demo/acoustic/model_parameters/digit.cd_cont_untied/variances [978x1x1 array]
INFO: main.c(549): Reading: /home/nguyenvanthinh/Desktop/Git/speech recognition  demo/acoustic/model_architecture/digit.tree_questions
INFO: main.c(588): 178 total simple questions (170 phone; 8 word bndry)
INFO: main.c(590): 42 Left Only questions, and 40 Right Only questions
INFO: dtree.c(1478): Final simple tree
|( QUESTION2_7_L -1 -7.615e+05 1.499e+03 3.351e+03
|    ( - -1.915e+05 1 0)
|    ( QUESTION0 -1 -5.684e+05 5.774e+02 2.501e+03
|        ( - -7.315e+04 1 0)
|        ( QUESTION8 -1 -4.947e+05 6.808e+02 2.182e+03
|            ( - -1.144e+05 1 0)
|            ( SILENCE -1 -3.796e+05 4.228e+02 1.670e+03
|                ( - -5.417e+04 1 0)
|                ( QUESTION2_8_L -1 -3.250e+05 3.169e+02 1.431e+03
|                    ( QUESTION2 -1 -9.804e+04 1.548e+02 4.395e+02
|                        ( - -5.282e+04 1 0)
|                        ( - -4.506e+04 1 0))
|                    ( QUESTION3 -1 -2.267e+05 2.832e+02 9.918e+02
|                        ( - -1.540e+05 1 0)
|                        ( - -7.240e+04 2 0 QUESTION2 -1 1.165e+02 3.157e+02)))))))
s>    ( QUESTION2_7_L -1 -7.615e+05 1.499e+03 3.351e+03
s>        ( - -1.915e+05 1 0)
s>        ( QUESTION0 -1 -5.684e+05 5.774e+02 2.501e+03
s>            ( - -7.315e+04 1 0)
s>            ( QUESTION8 -1 -4.947e+05 6.808e+02 2.182e+03
s>                ( - -1.144e+05 1 0)
s>                ( SILENCE -1 -3.796e+05 4.228e+02 1.670e+03
s>                    ( - -5.417e+04 1 0)
s>                    ( QUESTION2_8_L -1 -3.250e+05 3.169e+02 1.431e+03
s>                        ( QUESTION2 -1 -9.804e+04 1.548e+02 4.395e+02
s>                            ( - -5.282e+04 1 0)
s>                            ( - -4.506e+04 1 0))
s>                        ( QUESTION3 -1 -2.267e+05 2.832e+02 9.918e+02
s>                            ( - -1.540e+05 1 0)
s>                            ( - -7.240e+04 2 0 QUESTION2 -1 1.165e+02 3.157e+02)))))))INFO: dtree.c(1315): Comp split 0
INFO: dtree.c(1439): stop. leaf nodes are specific
INFO: dtree.c(1478): Final simple tree
|( SILENCE -1 -3.796e+05 4.228e+02 1.670e+03
|    ( - -5.417e+04 1 0)
|    ( QUESTION2_8_L -1 -3.250e+05 3.169e+02 1.431e+03
|        ( QUESTION2 -1 -9.804e+04 1.548e+02 4.395e+02
|            ( - -5.282e+04 1 0)
|            ( - -4.506e+04 1 0))
|        ( QUESTION3 -1 -2.267e+05 2.832e+02 9.918e+02
|            ( - -1.540e+05 1 0)
|            ( QUESTION2 -1 -7.240e+04 1.165e+02 3.157e+02
|                ( - -7.099e+04 1 0)
|                ( - -1.285e+03 1 0)))))
s>    ( SILENCE -1 -3.796e+05 4.228e+02 1.670e+03
s>        ( - -5.417e+04 1 0)
s>        ( QUESTION2_8_L -1 -3.250e+05 3.169e+02 1.431e+03
s>            ( QUESTION2 -1 -9.804e+04 1.548e+02 4.395e+02
s>                ( - -5.282e+04 1 0)
s>                ( - -4.506e+04 1 0))
s>            ( QUESTION3 -1 -2.267e+05 2.832e+02 9.918e+02
s>                ( - -1.540e+05 1 0)
s>                ( QUESTION2 -1 -7.240e+04 1.165e+02 3.157e+02
s>                    ( - -7.099e+04 1 0)
s>                    ( - -1.285e+03 1 0)))))INFO: dtree.c(1439): stop. leaf nodes are specific
INFO: dtree.c(1478): Final simple tree
|( QUESTION10 -1 -3.801e+05 7.292e+02 1.681e+03
|    ( - -1.915e+05 1 0)
|    ( QUESTION0 -1 -1.879e+05 3.206e+02 8.310e+02
|        ( - -7.315e+04 1 0)
|        ( - -1.144e+05 1 0)))
s>    ( QUESTION10 -1 -3.801e+05 7.292e+02 1.681e+03
s>        ( - -1.915e+05 1 0)
s>        ( QUESTION0 -1 -1.879e+05 3.206e+02 8.310e+02
s>            ( - -7.315e+04 1 0)
s>            ( - -1.144e+05 1 0)))INFO: dtree.c(1315): Comp split 1
INFO: dtree.c(1439): stop. leaf nodes are specific
INFO: dtree.c(1478): Final simple tree
|( QUESTION0 -1 -1.879e+05 3.206e+02 8.310e+02
|    ( - -7.315e+04 1 0)
|    ( - -1.144e+05 1 0))
s>    ( QUESTION0 -1 -1.879e+05 3.206e+02 8.310e+02
s>        ( - -7.315e+04 1 0)
s>        ( - -1.144e+05 1 0))INFO: dtree.c(1315): Comp split 2
INFO: dtree.c(1439): stop. leaf nodes are specific
INFO: dtree.c(1478): Final simple tree
|( QUESTION2_8_L -1 -3.250e+05 3.169e+02 1.431e+03
|    ( QUESTION2 -1 -9.804e+04 1.548e+02 4.395e+02
|        ( - -5.282e+04 1 0)
|        ( - -4.506e+04 1 0))
|    ( QUESTION3 -1 -2.267e+05 2.832e+02 9.918e+02
|        ( - -1.540e+05 1 0)
|        ( QUESTION2 -1 -7.240e+04 1.165e+02 3.157e+02
|            ( - -7.099e+04 1 0)
|            ( - -1.285e+03 1 0))))
s>    ( QUESTION2_8_L -1 -3.250e+05 3.169e+02 1.431e+03
s>        ( QUESTION2 -1 -9.804e+04 1.548e+02 4.395e+02
s>            ( - -5.282e+04 1 0)
s>            ( - -4.506e+04 1 0))
s>        ( QUESTION3 -1 -2.267e+05 2.832e+02 9.918e+02
s>            ( - -1.540e+05 1 0)
s>            ( QUESTION2 -1 -7.240e+04 1.165e+02 3.157e+02
s>                ( - -7.099e+04 1 0)
s>                ( - -1.285e+03 1 0))))INFO: dtree.c(1315): Comp split 3
INFO: dtree.c(1315): Comp split 4
INFO: dtree.c(1439): stop. leaf nodes are specific
INFO: dtree.c(1478): Final simple tree
|( QUESTION3 -1 -2.267e+05 2.832e+02 9.918e+02
|    ( - -1.540e+05 1 0)
|    ( QUESTION2 -1 -7.240e+04 1.165e+02 3.157e+02
|        ( - -7.099e+04 1 0)
|        ( - -1.285e+03 1 0)))
s>    ( QUESTION3 -1 -2.267e+05 2.832e+02 9.918e+02
s>        ( - -1.540e+05 1 0)
s>        ( QUESTION2 -1 -7.240e+04 1.165e+02 3.157e+02
s>            ( - -7.099e+04 1 0)
s>            ( - -1.285e+03 1 0)))INFO: dtree.c(1439): stop. leaf nodes are specific
INFO: dtree.c(1478): Final simple tree
|( QUESTION2 -1 -9.804e+04 1.548e+02 4.395e+02
|    ( - -5.282e+04 1 0)
|    ( - -4.506e+04 1 0))
s>    ( QUESTION2 -1 -9.804e+04 1.548e+02 4.395e+02
s>        ( - -5.282e+04 1 0)
s>        ( - -4.506e+04 1 0))INFO: dtree.c(1315): Comp split 5
INFO: dtree.c(1439): stop. leaf nodes are specific
INFO: dtree.c(1478): Final simple tree
|( QUESTION2 -1 -7.240e+04 1.165e+02 3.157e+02
|    ( - -7.099e+04 1 0)
|    ( - -1.285e+03 1 0))
s>    ( QUESTION2 -1 -7.240e+04 1.165e+02 3.157e+02
s>        ( - -7.099e+04 1 0)
s>        ( - -1.285e+03 1 0))INFO: dtree.c(1315): Comp split 6
INFO: dtree.c(1315): Comp split 7
INFO: dtree.c(1315): Comp split 8
INFO: dtree.c(1318): stop. leaf nodes are specific
!!!!!!!!Allocated 67 lines
Wed Apr  6 14:10:36 2016
