Current configuration:
[NAME]		[DEFLT]	[VALUE]
-allphones	no	no
-cntthresh	0.00001	1.000000e-05
-csplitmax	100	2000
-csplitmin	1	1
-csplitthr	8e-4	0.000000e+00
-example	no	no
-fullvar	no	no
-help		no	no
-meanfn			/home/nguyenvanthinh/Desktop/Git/speech recognition  demo/acoustic/model_parameters/digit.cd_cont_untied/means
-mixwfn			/home/nguyenvanthinh/Desktop/Git/speech recognition  demo/acoustic/model_parameters/digit.cd_cont_untied/mixture_weights
-moddeffn		/home/nguyenvanthinh/Desktop/Git/speech recognition  demo/acoustic/model_architecture/digit.untied.mdef
-mwfloor	1e-4	1.000000e-08
-phone			s
-psetfn			/home/nguyenvanthinh/Desktop/Git/speech recognition  demo/acoustic/model_architecture/digit.tree_questions
-ssplitmax	5	7
-ssplitmin	1	1
-ssplitthr	8e-4	0.000000e+00
-state			2
-stwt			1.0,0.05,0.0,
-treefn			/home/nguyenvanthinh/Desktop/Git/speech recognition  demo/acoustic/trees/digit.unpruned/s-2.dtree
-ts2cbfn	.semi.	.cont.
-varfloor	0.00001	1.000000e-05
-varfn			/home/nguyenvanthinh/Desktop/Git/speech recognition  demo/acoustic/model_parameters/digit.cd_cont_untied/variances

INFO: main.c(223): Reading: /home/nguyenvanthinh/Desktop/Git/speech recognition  demo/acoustic/model_architecture/digit.untied.mdef
INFO: model_def_io.c(573): Model definition info:
INFO: model_def_io.c(574): 326 total models defined (31 base, 295 tri)
INFO: model_def_io.c(575): 1304 total states
INFO: model_def_io.c(576): 978 total tied states
INFO: model_def_io.c(577): 93 total tied CI states
INFO: model_def_io.c(578): 31 total tied transition matrices
INFO: model_def_io.c(579): 4 max state/model
INFO: model_def_io.c(580): 4 min state/model
INFO: main.c(242): Building trees for [s SIL as b] through [s uz as b]
INFO: main.c(269): Covering states |[765 791]| == 27
INFO: main.c(275): Reading: /home/nguyenvanthinh/Desktop/Git/speech recognition  demo/acoustic/model_parameters/digit.cd_cont_untied/mixture_weights
INFO: s3mixw_io.c(173): Read /home/nguyenvanthinh/Desktop/Git/speech recognition  demo/acoustic/model_parameters/digit.cd_cont_untied/mixture_weights [27x1x1 array]
INFO: main.c(311): 9 of 9 models have observation count greater than 0.000010
INFO: main.c(95): nrm stwt: 0.000 0.048 0.952 
INFO: s3gau_io.c(169): Read /home/nguyenvanthinh/Desktop/Git/speech recognition  demo/acoustic/model_parameters/digit.cd_cont_untied/means [978x1x1 array]
INFO: s3gau_io.c(169): Read /home/nguyenvanthinh/Desktop/Git/speech recognition  demo/acoustic/model_parameters/digit.cd_cont_untied/variances [978x1x1 array]
INFO: main.c(549): Reading: /home/nguyenvanthinh/Desktop/Git/speech recognition  demo/acoustic/model_architecture/digit.tree_questions
INFO: main.c(588): 178 total simple questions (170 phone; 8 word bndry)
INFO: main.c(590): 42 Left Only questions, and 40 Right Only questions
INFO: dtree.c(1478): Final simple tree
|( QUESTION20 -1 -2.508e+05 7.151e+02 1.140e+03
|    ( QUESTION2_7_L -1 -6.849e+04 4.323e+02 3.132e+02
|        ( - -6.826e+04 1 0)
|        ( - 2.045e+02 1 0))
|    ( QUESTION8 -1 -1.816e+05 3.174e+02 8.271e+02
|        ( - -3.771e+04 1 0)
|        ( SILENCE -1 -1.436e+05 2.801e+02 6.547e+02
|            ( - -2.114e+04 1 0)
|            ( QUESTION4 -1 -1.222e+05 3.042e+02 5.572e+02
|                ( - -4.516e+04 1 0)
|                ( QUESTION0 -1 -7.671e+04 2.064e+02 3.494e+02
|                    ( - -1.905e+04 1 0)
|                    ( QUESTION3 -1 -5.745e+04 1.538e+02 2.625e+02
|                        ( - -2.068e+04 1 0)
|                        ( - -3.661e+04 2 0 QUESTION2 -1 1.174e+02 1.671e+02)))))))
s>    ( QUESTION20 -1 -2.508e+05 7.151e+02 1.140e+03
s>        ( QUESTION2_7_L -1 -6.849e+04 4.323e+02 3.132e+02
s>            ( - -6.826e+04 1 0)
s>            ( - 2.045e+02 1 0))
s>        ( QUESTION8 -1 -1.816e+05 3.174e+02 8.271e+02
s>            ( - -3.771e+04 1 0)
s>            ( SILENCE -1 -1.436e+05 2.801e+02 6.547e+02
s>                ( - -2.114e+04 1 0)
s>                ( QUESTION4 -1 -1.222e+05 3.042e+02 5.572e+02
s>                    ( - -4.516e+04 1 0)
s>                    ( QUESTION0 -1 -7.671e+04 2.064e+02 3.494e+02
s>                        ( - -1.905e+04 1 0)
s>                        ( QUESTION3 -1 -5.745e+04 1.538e+02 2.625e+02
s>                            ( - -2.068e+04 1 0)
s>                            ( - -3.661e+04 2 0 QUESTION2 -1 1.174e+02 1.671e+02)))))))INFO: dtree.c(1315): Comp split 0
INFO: dtree.c(1439): stop. leaf nodes are specific
INFO: dtree.c(1478): Final simple tree
|( QUESTION8 -1 -1.816e+05 3.174e+02 8.271e+02
|    ( - -3.771e+04 1 0)
|    ( SILENCE -1 -1.436e+05 2.801e+02 6.547e+02
|        ( - -2.114e+04 1 0)
|        ( QUESTION4 -1 -1.222e+05 3.042e+02 5.572e+02
|            ( - -4.516e+04 1 0)
|            ( QUESTION0 -1 -7.671e+04 2.064e+02 3.494e+02
|                ( - -1.905e+04 1 0)
|                ( QUESTION3 -1 -5.745e+04 1.538e+02 2.625e+02
|                    ( - -2.068e+04 1 0)
|                    ( QUESTION2 -1 -3.661e+04 1.174e+02 1.671e+02
|                        ( - -2.153e+04 1 0)
|                        ( - -1.497e+04 1 0)))))))
s>    ( QUESTION8 -1 -1.816e+05 3.174e+02 8.271e+02
s>        ( - -3.771e+04 1 0)
s>        ( SILENCE -1 -1.436e+05 2.801e+02 6.547e+02
s>            ( - -2.114e+04 1 0)
s>            ( QUESTION4 -1 -1.222e+05 3.042e+02 5.572e+02
s>                ( - -4.516e+04 1 0)
s>                ( QUESTION0 -1 -7.671e+04 2.064e+02 3.494e+02
s>                    ( - -1.905e+04 1 0)
s>                    ( QUESTION3 -1 -5.745e+04 1.538e+02 2.625e+02
s>                        ( - -2.068e+04 1 0)
s>                        ( QUESTION2 -1 -3.661e+04 1.174e+02 1.671e+02
s>                            ( - -2.153e+04 1 0)
s>                            ( - -1.497e+04 1 0)))))))INFO: dtree.c(1439): stop. leaf nodes are specific
INFO: dtree.c(1478): Final simple tree
|( QUESTION2_7_L -1 -6.849e+04 4.323e+02 3.132e+02
|    ( - -6.826e+04 1 0)
|    ( - 2.045e+02 1 0))
s>    ( QUESTION2_7_L -1 -6.849e+04 4.323e+02 3.132e+02
s>        ( - -6.826e+04 1 0)
s>        ( - 2.045e+02 1 0))INFO: dtree.c(1315): Comp split 1
INFO: dtree.c(1439): stop. leaf nodes are specific
INFO: dtree.c(1478): Final simple tree
|( QUESTION3 -1 -5.745e+04 1.538e+02 2.625e+02
|    ( - -2.068e+04 1 0)
|    ( QUESTION2 -1 -3.661e+04 1.174e+02 1.671e+02
|        ( - -2.153e+04 1 0)
|        ( - -1.497e+04 1 0)))
s>    ( QUESTION3 -1 -5.745e+04 1.538e+02 2.625e+02
s>        ( - -2.068e+04 1 0)
s>        ( QUESTION2 -1 -3.661e+04 1.174e+02 1.671e+02
s>            ( - -2.153e+04 1 0)
s>            ( - -1.497e+04 1 0)))INFO: dtree.c(1439): stop. leaf nodes are specific
INFO: dtree.c(1478): Final simple tree
|( QUESTION4 -1 -1.236e+05 2.083e+02 5.646e+02
|    ( - -4.516e+04 1 0)
|    ( SILENCE -1 -7.826e+04 1.909e+02 3.568e+02
|        ( - -2.114e+04 1 0)
|        ( QUESTION0 -1 -5.693e+04 1.692e+02 2.593e+02
|            ( - -1.905e+04 1 0)
|            ( - -3.771e+04 1 0))))
s>    ( QUESTION4 -1 -1.236e+05 2.083e+02 5.646e+02
s>        ( - -4.516e+04 1 0)
s>        ( SILENCE -1 -7.826e+04 1.909e+02 3.568e+02
s>            ( - -2.114e+04 1 0)
s>            ( QUESTION0 -1 -5.693e+04 1.692e+02 2.593e+02
s>                ( - -1.905e+04 1 0)
s>                ( - -3.771e+04 1 0))))INFO: dtree.c(1315): Comp split 2
INFO: dtree.c(1315): Comp split 3
INFO: dtree.c(1439): stop. leaf nodes are specific
INFO: dtree.c(1478): Final simple tree
|( QUESTION0 -1 -5.693e+04 1.692e+02 2.593e+02
|    ( - -1.905e+04 1 0)
|    ( - -3.771e+04 1 0))
s>    ( QUESTION0 -1 -5.693e+04 1.692e+02 2.593e+02
s>        ( - -1.905e+04 1 0)
s>        ( - -3.771e+04 1 0))INFO: dtree.c(1439): stop. leaf nodes are specific
INFO: dtree.c(1478): Final simple tree
|( SILENCE -1 -6.647e+04 1.731e+02 3.053e+02
|    ( - -2.114e+04 1 0)
|    ( - -4.516e+04 1 0))
s>    ( SILENCE -1 -6.647e+04 1.731e+02 3.053e+02
s>        ( - -2.114e+04 1 0)
s>        ( - -4.516e+04 1 0))INFO: dtree.c(1315): Comp split 4
INFO: dtree.c(1315): Comp split 5
INFO: dtree.c(1315): Comp split 6
INFO: dtree.c(1439): stop. leaf nodes are specific
INFO: dtree.c(1478): Final simple tree
|( QUESTION2 -1 -3.661e+04 1.174e+02 1.671e+02
|    ( - -2.153e+04 1 0)
|    ( - -1.497e+04 1 0))
s>    ( QUESTION2 -1 -3.661e+04 1.174e+02 1.671e+02
s>        ( - -2.153e+04 1 0)
s>        ( - -1.497e+04 1 0))INFO: dtree.c(1315): Comp split 7
INFO: dtree.c(1315): Comp split 8
INFO: dtree.c(1318): stop. leaf nodes are specific
!!!!!!!!Allocated 67 lines
Wed Apr  6 14:10:35 2016
