Current configuration:
[NAME]		[DEFLT]	[VALUE]
-allphones	no	no
-cntthresh	0.00001	1.000000e-05
-csplitmax	100	2000
-csplitmin	1	1
-csplitthr	8e-4	0.000000e+00
-example	no	no
-fullvar	no	no
-help		no	no
-meanfn			/home/nguyenvanthinh/Desktop/Git/speech recognition  demo/acoustic/model_parameters/digit.cd_cont_untied/means
-mixwfn			/home/nguyenvanthinh/Desktop/Git/speech recognition  demo/acoustic/model_parameters/digit.cd_cont_untied/mixture_weights
-moddeffn		/home/nguyenvanthinh/Desktop/Git/speech recognition  demo/acoustic/model_architecture/digit.untied.mdef
-mwfloor	1e-4	1.000000e-08
-phone			iz
-psetfn			/home/nguyenvanthinh/Desktop/Git/speech recognition  demo/acoustic/model_architecture/digit.tree_questions
-ssplitmax	5	7
-ssplitmin	1	1
-ssplitthr	8e-4	0.000000e+00
-state			0
-stwt			1.0,0.05,0.0,
-treefn			/home/nguyenvanthinh/Desktop/Git/speech recognition  demo/acoustic/trees/digit.unpruned/iz-0.dtree
-ts2cbfn	.semi.	.cont.
-varfloor	0.00001	1.000000e-05
-varfn			/home/nguyenvanthinh/Desktop/Git/speech recognition  demo/acoustic/model_parameters/digit.cd_cont_untied/variances

INFO: main.c(223): Reading: /home/nguyenvanthinh/Desktop/Git/speech recognition  demo/acoustic/model_architecture/digit.untied.mdef
INFO: model_def_io.c(573): Model definition info:
INFO: model_def_io.c(574): 326 total models defined (31 base, 295 tri)
INFO: model_def_io.c(575): 1304 total states
INFO: model_def_io.c(576): 978 total tied states
INFO: model_def_io.c(577): 93 total tied CI states
INFO: model_def_io.c(578): 31 total tied transition matrices
INFO: model_def_io.c(579): 4 max state/model
INFO: model_def_io.c(580): 4 min state/model
INFO: main.c(242): Building trees for [iz a SIL e] through [iz owf t e]
INFO: main.c(269): Covering states |[285 401]| == 117
INFO: main.c(275): Reading: /home/nguyenvanthinh/Desktop/Git/speech recognition  demo/acoustic/model_parameters/digit.cd_cont_untied/mixture_weights
INFO: s3mixw_io.c(173): Read /home/nguyenvanthinh/Desktop/Git/speech recognition  demo/acoustic/model_parameters/digit.cd_cont_untied/mixture_weights [117x1x1 array]
INFO: main.c(311): 39 of 39 models have observation count greater than 0.000010
INFO: main.c(95): nrm stwt: 0.952 0.048 0.000 
INFO: s3gau_io.c(169): Read /home/nguyenvanthinh/Desktop/Git/speech recognition  demo/acoustic/model_parameters/digit.cd_cont_untied/means [978x1x1 array]
INFO: s3gau_io.c(169): Read /home/nguyenvanthinh/Desktop/Git/speech recognition  demo/acoustic/model_parameters/digit.cd_cont_untied/variances [978x1x1 array]
INFO: main.c(549): Reading: /home/nguyenvanthinh/Desktop/Git/speech recognition  demo/acoustic/model_architecture/digit.tree_questions
INFO: main.c(588): 178 total simple questions (170 phone; 8 word bndry)
INFO: main.c(590): 42 Left Only questions, and 40 Right Only questions
INFO: dtree.c(1478): Final simple tree
|( QUESTION0 -1 -1.105e+06 3.605e+04 4.873e+03
|    ( QUESTION0_11_R 1 -5.961e+05 3.001e+03 2.763e+03
|        ( QUESTION0_17_R 1 -8.780e+04 7.747e+02 4.212e+02
|            ( - -3.540e+04 1 0)
|            ( - -5.163e+04 1 0))
|        ( QUESTION0_7_R 1 -5.053e+05 1.008e+03 2.341e+03
|            ( - -1.727e+05 2 0 QUESTION14 1 1.834e+02 8.170e+02)
|            ( - -3.316e+05 7 0 SILENCE 1 7.184e+02 1.524e+03)))
|    ( QUESTION0_11_R 1 -4.727e+05 3.721e+03 2.110e+03
|        ( - -9.567e+04 4 0 QUESTION0_17_R 1 6.276e+02 4.612e+02)
|        ( QUESTION19 -1 -3.733e+05 2.357e+03 1.649e+03
|            ( QUESTION0_8_R 1 -3.282e+05 7.297e+02 1.450e+03
|                ( - -1.783e+05 10 0 QUESTION0_9_R 1 2.611e+02 7.927e+02)
|                ( - -1.492e+05 6 0 SILENCE 1 5.006e+02 6.574e+02))
|            ( - -4.273e+04 8 0 QUESTION0_7_R 1 5.798e+02 1.987e+02))))
s>    ( QUESTION0 -1 -1.105e+06 3.605e+04 4.873e+03
s>        ( QUESTION0_11_R 1 -5.961e+05 3.001e+03 2.763e+03
s>            ( QUESTION0_17_R 1 -8.780e+04 7.747e+02 4.212e+02
s>                ( - -3.540e+04 1 0)
s>                ( - -5.163e+04 1 0))
s>            ( QUESTION0_7_R 1 -5.053e+05 1.008e+03 2.341e+03
s>                ( - -1.727e+05 2 0 QUESTION14 1 1.834e+02 8.170e+02)
s>                ( - -3.316e+05 7 0 SILENCE 1 7.184e+02 1.524e+03)))
s>        ( QUESTION0_11_R 1 -4.727e+05 3.721e+03 2.110e+03
s>            ( - -9.567e+04 4 0 QUESTION0_17_R 1 6.276e+02 4.612e+02)
s>            ( QUESTION19 -1 -3.733e+05 2.357e+03 1.649e+03
s>                ( QUESTION0_8_R 1 -3.282e+05 7.297e+02 1.450e+03
s>                    ( - -1.783e+05 10 0 QUESTION0_9_R 1 2.611e+02 7.927e+02)
s>                    ( - -1.492e+05 6 0 SILENCE 1 5.006e+02 6.574e+02))
s>                ( - -4.273e+04 8 0 QUESTION0_7_R 1 5.798e+02 1.987e+02))))INFO: dtree.c(1315): Comp split 0
INFO: dtree.c(1478): Final simple tree
|( QUESTION0_11_R 1 -4.727e+05 3.721e+03 2.110e+03
|    ( QUESTION0_17_R 1 -9.567e+04 6.276e+02 4.612e+02
|        ( - -4.577e+04 3 0 QUESTION19 -1 3.019e+02 2.214e+02)
|        ( - -4.927e+04 1 0))
|    ( QUESTION19 -1 -3.733e+05 2.357e+03 1.649e+03
|        ( QUESTION0_8_R 1 -3.282e+05 7.297e+02 1.450e+03
|            ( - -1.783e+05 10 0 QUESTION0_9_R 1 2.611e+02 7.927e+02)
|            ( SILENCE 1 -1.492e+05 5.006e+02 6.574e+02
|                ( - -2.719e+04 2 0)
|                ( - -1.215e+05 4 0 QUESTION14 1 1.590e+02 5.381e+02)))
|        ( QUESTION0_7_R 1 -4.273e+04 5.798e+02 1.987e+02
|            ( - -1.708e+04 2 0 QUESTION14 1 1.101e+02 8.159e+01)
|            ( QUESTION0_9_R 1 -2.508e+04 3.913e+02 1.171e+02
|                ( - -1.052e+04 2 0 QUESTION11 1 1.282e+02 5.021e+01)
|                ( - -1.417e+04 4 0 SILENCE 1 1.473e+02 6.690e+01)))))
s>    ( QUESTION0_11_R 1 -4.727e+05 3.721e+03 2.110e+03
s>        ( QUESTION0_17_R 1 -9.567e+04 6.276e+02 4.612e+02
s>            ( - -4.577e+04 3 0 QUESTION19 -1 3.019e+02 2.214e+02)
s>            ( - -4.927e+04 1 0))
s>        ( QUESTION19 -1 -3.733e+05 2.357e+03 1.649e+03
s>            ( QUESTION0_8_R 1 -3.282e+05 7.297e+02 1.450e+03
s>                ( - -1.783e+05 10 0 QUESTION0_9_R 1 2.611e+02 7.927e+02)
s>                ( SILENCE 1 -1.492e+05 5.006e+02 6.574e+02
s>                    ( - -2.719e+04 2 0)
s>                    ( - -1.215e+05 4 0 QUESTION14 1 1.590e+02 5.381e+02)))
s>            ( QUESTION0_7_R 1 -4.273e+04 5.798e+02 1.987e+02
s>                ( - -1.708e+04 2 0 QUESTION14 1 1.101e+02 8.159e+01)
s>                ( QUESTION0_9_R 1 -2.508e+04 3.913e+02 1.171e+02
s>                    ( - -1.052e+04 2 0 QUESTION11 1 1.282e+02 5.021e+01)
s>                    ( - -1.417e+04 4 0 SILENCE 1 1.473e+02 6.690e+01)))))INFO: dtree.c(1478): Final simple tree
|( QUESTION0_11_R 1 -5.961e+05 3.001e+03 2.763e+03
|    ( QUESTION0_17_R 1 -8.780e+04 7.747e+02 4.212e+02
|        ( - -3.540e+04 1 0)
|        ( - -5.163e+04 1 0))
|    ( QUESTION0_7_R 1 -5.053e+05 1.008e+03 2.341e+03
|        ( QUESTION14 1 -1.727e+05 1.834e+02 8.170e+02
|            ( - -1.161e+05 1 0)
|            ( - -5.641e+04 1 0))
|        ( SILENCE 1 -3.316e+05 7.184e+02 1.524e+03
|            ( - -4.061e+04 1 0)
|            ( QUESTION0_9_R 1 -2.903e+05 5.614e+02 1.336e+03
|                ( QUESTION11 1 -9.614e+04 1.771e+02 4.385e+02
|                    ( - -4.982e+04 1 0)
|                    ( - -4.613e+04 1 0))
|                ( - -1.936e+05 4 0)))))
s>    ( QUESTION0_11_R 1 -5.961e+05 3.001e+03 2.763e+03
s>        ( QUESTION0_17_R 1 -8.780e+04 7.747e+02 4.212e+02
s>            ( - -3.540e+04 1 0)
s>            ( - -5.163e+04 1 0))
s>        ( QUESTION0_7_R 1 -5.053e+05 1.008e+03 2.341e+03
s>            ( QUESTION14 1 -1.727e+05 1.834e+02 8.170e+02
s>                ( - -1.161e+05 1 0)
s>                ( - -5.641e+04 1 0))
s>            ( SILENCE 1 -3.316e+05 7.184e+02 1.524e+03
s>                ( - -4.061e+04 1 0)
s>                ( QUESTION0_9_R 1 -2.903e+05 5.614e+02 1.336e+03
s>                    ( QUESTION11 1 -9.614e+04 1.771e+02 4.385e+02
s>                        ( - -4.982e+04 1 0)
s>                        ( - -4.613e+04 1 0))
s>                    ( - -1.936e+05 4 0)))))INFO: dtree.c(1315): Comp split 1
INFO: dtree.c(1478): Final simple tree
|( QUESTION19 -1 -3.733e+05 2.357e+03 1.649e+03
|    ( QUESTION0_8_R 1 -3.282e+05 7.297e+02 1.450e+03
|        ( QUESTION0_9_R 1 -1.783e+05 2.611e+02 7.927e+02
|            ( QUESTION11 1 -5.743e+04 1.946e+02 2.594e+02
|                ( - -3.415e+04 2 0)
|                ( - -2.308e+04 1 0))
|            ( - -1.206e+05 7 0))
|        ( SILENCE 1 -1.492e+05 5.006e+02 6.574e+02
|            ( - -2.719e+04 2 0)
|            ( - -1.215e+05 4 0 QUESTION14 1 1.590e+02 5.381e+02)))
|    ( QUESTION0_7_R 1 -4.273e+04 5.798e+02 1.987e+02
|        ( - -1.708e+04 2 0 QUESTION14 1 1.101e+02 8.159e+01)
|        ( QUESTION0_9_R 1 -2.508e+04 3.913e+02 1.171e+02
|            ( - -1.052e+04 2 0 QUESTION11 1 1.282e+02 5.021e+01)
|            ( - -1.417e+04 4 0 SILENCE 1 1.473e+02 6.690e+01))))
s>    ( QUESTION19 -1 -3.733e+05 2.357e+03 1.649e+03
s>        ( QUESTION0_8_R 1 -3.282e+05 7.297e+02 1.450e+03
s>            ( QUESTION0_9_R 1 -1.783e+05 2.611e+02 7.927e+02
s>                ( QUESTION11 1 -5.743e+04 1.946e+02 2.594e+02
s>                    ( - -3.415e+04 2 0)
s>                    ( - -2.308e+04 1 0))
s>                ( - -1.206e+05 7 0))
s>            ( SILENCE 1 -1.492e+05 5.006e+02 6.574e+02
s>                ( - -2.719e+04 2 0)
s>                ( - -1.215e+05 4 0 QUESTION14 1 1.590e+02 5.381e+02)))
s>        ( QUESTION0_7_R 1 -4.273e+04 5.798e+02 1.987e+02
s>            ( - -1.708e+04 2 0 QUESTION14 1 1.101e+02 8.159e+01)
s>            ( QUESTION0_9_R 1 -2.508e+04 3.913e+02 1.171e+02
s>                ( - -1.052e+04 2 0 QUESTION11 1 1.282e+02 5.021e+01)
s>                ( - -1.417e+04 4 0 SILENCE 1 1.473e+02 6.690e+01))))INFO: dtree.c(1439): stop. leaf nodes are specific
INFO: dtree.c(1478): Final simple tree
|( QUESTION0_17_R 1 -9.567e+04 6.276e+02 4.612e+02
|    ( QUESTION19 -1 -4.577e+04 3.019e+02 2.214e+02
|        ( - -4.294e+04 2 0)
|        ( - -2.523e+03 1 0))
|    ( - -4.927e+04 1 0))
s>    ( QUESTION0_17_R 1 -9.567e+04 6.276e+02 4.612e+02
s>        ( QUESTION19 -1 -4.577e+04 3.019e+02 2.214e+02
s>            ( - -4.294e+04 2 0)
s>            ( - -2.523e+03 1 0))
s>        ( - -4.927e+04 1 0))INFO: dtree.c(1315): Comp split 2
INFO: dtree.c(1439): stop. leaf nodes are specific
INFO: dtree.c(1478): Final simple tree
|( QUESTION0_7_R 1 -5.053e+05 1.008e+03 2.341e+03
|    ( QUESTION14 1 -1.727e+05 1.834e+02 8.170e+02
|        ( - -1.161e+05 1 0)
|        ( - -5.641e+04 1 0))
|    ( SILENCE 1 -3.316e+05 7.184e+02 1.524e+03
|        ( - -4.061e+04 1 0)
|        ( QUESTION0_9_R 1 -2.903e+05 5.614e+02 1.336e+03
|            ( QUESTION11 1 -9.614e+04 1.771e+02 4.385e+02
|                ( - -4.982e+04 1 0)
|                ( - -4.613e+04 1 0))
|            ( - -1.936e+05 4 0))))
s>    ( QUESTION0_7_R 1 -5.053e+05 1.008e+03 2.341e+03
s>        ( QUESTION14 1 -1.727e+05 1.834e+02 8.170e+02
s>            ( - -1.161e+05 1 0)
s>            ( - -5.641e+04 1 0))
s>        ( SILENCE 1 -3.316e+05 7.184e+02 1.524e+03
s>            ( - -4.061e+04 1 0)
s>            ( QUESTION0_9_R 1 -2.903e+05 5.614e+02 1.336e+03
s>                ( QUESTION11 1 -9.614e+04 1.771e+02 4.385e+02
s>                    ( - -4.982e+04 1 0)
s>                    ( - -4.613e+04 1 0))
s>                ( - -1.936e+05 4 0))))INFO: dtree.c(1439): stop. leaf nodes are specific
INFO: dtree.c(1478): Final simple tree
|( QUESTION0_17_R 1 -8.780e+04 7.747e+02 4.212e+02
|    ( - -3.540e+04 1 0)
|    ( - -5.163e+04 1 0))
s>    ( QUESTION0_17_R 1 -8.780e+04 7.747e+02 4.212e+02
s>        ( - -3.540e+04 1 0)
s>        ( - -5.163e+04 1 0))INFO: dtree.c(1315): Comp split 3
INFO: dtree.c(1439): stop. leaf nodes are specific
INFO: dtree.c(1478): Final simple tree
|( QUESTION0_8_R 1 -3.282e+05 7.297e+02 1.450e+03
|    ( QUESTION0_9_R 1 -1.783e+05 2.611e+02 7.927e+02
|        ( QUESTION11 1 -5.743e+04 1.946e+02 2.594e+02
|            ( - -3.415e+04 2 0)
|            ( - -2.308e+04 1 0))
|        ( - -1.206e+05 7 0))
|    ( SILENCE 1 -1.492e+05 5.006e+02 6.574e+02
|        ( - -2.719e+04 2 0)
|        ( QUESTION14 1 -1.215e+05 1.590e+02 5.381e+02
|            ( - -8.983e+04 2 0)
|            ( - -3.150e+04 2 0))))
s>    ( QUESTION0_8_R 1 -3.282e+05 7.297e+02 1.450e+03
s>        ( QUESTION0_9_R 1 -1.783e+05 2.611e+02 7.927e+02
s>            ( QUESTION11 1 -5.743e+04 1.946e+02 2.594e+02
s>                ( - -3.415e+04 2 0)
s>                ( - -2.308e+04 1 0))
s>            ( - -1.206e+05 7 0))
s>        ( SILENCE 1 -1.492e+05 5.006e+02 6.574e+02
s>            ( - -2.719e+04 2 0)
s>            ( QUESTION14 1 -1.215e+05 1.590e+02 5.381e+02
s>                ( - -8.983e+04 2 0)
s>                ( - -3.150e+04 2 0))))INFO: dtree.c(1439): stop. leaf nodes are specific
INFO: dtree.c(1478): Final simple tree
|( QUESTION0_7_R 1 -4.273e+04 5.798e+02 1.987e+02
|    ( QUESTION14 1 -1.708e+04 1.101e+02 8.159e+01
|        ( - -1.518e+04 1 0)
|        ( - -1.789e+03 1 0))
|    ( QUESTION0_9_R 1 -2.508e+04 3.913e+02 1.171e+02
|        ( QUESTION11 1 -1.052e+04 1.282e+02 5.021e+01
|            ( - -5.844e+03 1 0)
|            ( - -4.544e+03 1 0))
|        ( SILENCE 1 -1.417e+04 1.473e+02 6.690e+01
|            ( - -6.649e+02 1 0)
|            ( - -1.336e+04 3 0))))
s>    ( QUESTION0_7_R 1 -4.273e+04 5.798e+02 1.987e+02
s>        ( QUESTION14 1 -1.708e+04 1.101e+02 8.159e+01
s>            ( - -1.518e+04 1 0)
s>            ( - -1.789e+03 1 0))
s>        ( QUESTION0_9_R 1 -2.508e+04 3.913e+02 1.171e+02
s>            ( QUESTION11 1 -1.052e+04 1.282e+02 5.021e+01
s>                ( - -5.844e+03 1 0)
s>                ( - -4.544e+03 1 0))
s>            ( SILENCE 1 -1.417e+04 1.473e+02 6.690e+01
s>                ( - -6.649e+02 1 0)
s>                ( - -1.336e+04 3 0))))INFO: dtree.c(1315): Comp split 4
INFO: dtree.c(1439): stop. leaf nodes are specific
INFO: dtree.c(1478): Final simple tree
|( SILENCE 1 -3.316e+05 7.184e+02 1.524e+03
|    ( - -4.061e+04 1 0)
|    ( QUESTION0_9_R 1 -2.903e+05 5.614e+02 1.336e+03
|        ( QUESTION11 1 -9.614e+04 1.771e+02 4.385e+02
|            ( - -4.982e+04 1 0)
|            ( - -4.613e+04 1 0))
|        ( - -1.936e+05 4 0)))
s>    ( SILENCE 1 -3.316e+05 7.184e+02 1.524e+03
s>        ( - -4.061e+04 1 0)
s>        ( QUESTION0_9_R 1 -2.903e+05 5.614e+02 1.336e+03
s>            ( QUESTION11 1 -9.614e+04 1.771e+02 4.385e+02
s>                ( - -4.982e+04 1 0)
s>                ( - -4.613e+04 1 0))
s>            ( - -1.936e+05 4 0)))INFO: dtree.c(1439): stop. leaf nodes are specific
INFO: dtree.c(1478): Final simple tree
|( QUESTION14 1 -1.727e+05 1.834e+02 8.170e+02
|    ( - -1.161e+05 1 0)
|    ( - -5.641e+04 1 0))
s>    ( QUESTION14 1 -1.727e+05 1.834e+02 8.170e+02
s>        ( - -1.161e+05 1 0)
s>        ( - -5.641e+04 1 0))INFO: dtree.c(1315): Comp split 5
INFO: dtree.c(1315): Comp split 6
INFO: dtree.c(1439): stop. leaf nodes are specific
INFO: dtree.c(1478): Final simple tree
|( SILENCE 1 -1.492e+05 5.006e+02 6.574e+02
|    ( - -2.719e+04 2 0)
|    ( QUESTION14 1 -1.215e+05 1.590e+02 5.381e+02
|        ( - -8.983e+04 2 0)
|        ( - -3.150e+04 2 0)))
s>    ( SILENCE 1 -1.492e+05 5.006e+02 6.574e+02
s>        ( - -2.719e+04 2 0)
s>        ( QUESTION14 1 -1.215e+05 1.590e+02 5.381e+02
s>            ( - -8.983e+04 2 0)
s>            ( - -3.150e+04 2 0)))INFO: dtree.c(1439): stop. leaf nodes are specific
INFO: dtree.c(1478): Final simple tree
|( QUESTION0_9_R 1 -1.783e+05 2.611e+02 7.927e+02
|    ( QUESTION11 1 -5.743e+04 1.946e+02 2.594e+02
|        ( - -3.415e+04 2 0)
|        ( - -2.308e+04 1 0))
|    ( - -1.206e+05 7 0))
s>    ( QUESTION0_9_R 1 -1.783e+05 2.611e+02 7.927e+02
s>        ( QUESTION11 1 -5.743e+04 1.946e+02 2.594e+02
s>            ( - -3.415e+04 2 0)
s>            ( - -2.308e+04 1 0))
s>        ( - -1.206e+05 7 0))INFO: dtree.c(1315): Comp split 7
INFO: dtree.c(1439): stop. leaf nodes are specific
INFO: dtree.c(1478): Final simple tree
|( QUESTION0_9_R 1 -2.903e+05 5.614e+02 1.336e+03
|    ( QUESTION11 1 -9.614e+04 1.771e+02 4.385e+02
|        ( - -4.982e+04 1 0)
|        ( - -4.613e+04 1 0))
|    ( - -1.936e+05 4 0))
s>    ( QUESTION0_9_R 1 -2.903e+05 5.614e+02 1.336e+03
s>        ( QUESTION11 1 -9.614e+04 1.771e+02 4.385e+02
s>            ( - -4.982e+04 1 0)
s>            ( - -4.613e+04 1 0))
s>        ( - -1.936e+05 4 0))INFO: dtree.c(1315): Comp split 8
INFO: dtree.c(1439): stop. leaf nodes are specific
INFO: dtree.c(1478): Final simple tree
|( QUESTION19 -1 -4.577e+04 3.019e+02 2.214e+02
|    ( - -4.294e+04 2 0)
|    ( - -2.523e+03 1 0))
s>    ( QUESTION19 -1 -4.577e+04 3.019e+02 2.214e+02
s>        ( - -4.294e+04 2 0)
s>        ( - -2.523e+03 1 0))INFO: dtree.c(1315): Comp split 9
INFO: dtree.c(1439): stop. leaf nodes are specific
INFO: dtree.c(1478): Final simple tree
|( QUESTION0_9_R 1 -2.508e+04 3.913e+02 1.171e+02
|    ( QUESTION11 1 -1.052e+04 1.282e+02 5.021e+01
|        ( - -5.844e+03 1 0)
|        ( - -4.544e+03 1 0))
|    ( SILENCE 1 -1.417e+04 1.473e+02 6.690e+01
|        ( - -6.649e+02 1 0)
|        ( - -1.336e+04 3 0)))
s>    ( QUESTION0_9_R 1 -2.508e+04 3.913e+02 1.171e+02
s>        ( QUESTION11 1 -1.052e+04 1.282e+02 5.021e+01
s>            ( - -5.844e+03 1 0)
s>            ( - -4.544e+03 1 0))
s>        ( SILENCE 1 -1.417e+04 1.473e+02 6.690e+01
s>            ( - -6.649e+02 1 0)
s>            ( - -1.336e+04 3 0)))INFO: dtree.c(1439): stop. leaf nodes are specific
INFO: dtree.c(1478): Final simple tree
|( QUESTION14 1 -1.708e+04 1.101e+02 8.159e+01
|    ( - -1.518e+04 1 0)
|    ( - -1.789e+03 1 0))
s>    ( QUESTION14 1 -1.708e+04 1.101e+02 8.159e+01
s>        ( - -1.518e+04 1 0)
s>        ( - -1.789e+03 1 0))INFO: dtree.c(1315): Comp split 10
INFO: dtree.c(1439): stop. leaf nodes are specific
INFO: dtree.c(1478): Final simple tree
|( QUESTION11 1 -9.614e+04 1.771e+02 4.385e+02
|    ( - -4.982e+04 1 0)
|    ( - -4.613e+04 1 0))
s>    ( QUESTION11 1 -9.614e+04 1.771e+02 4.385e+02
s>        ( - -4.982e+04 1 0)
s>        ( - -4.613e+04 1 0))INFO: dtree.c(1315): Comp split 11
INFO: dtree.c(1439): stop. leaf nodes are specific
INFO: dtree.c(1478): Final simple tree
|( QUESTION14 1 -1.215e+05 1.590e+02 5.381e+02
|    ( - -8.983e+04 2 0)
|    ( - -3.150e+04 2 0))
s>    ( QUESTION14 1 -1.215e+05 1.590e+02 5.381e+02
s>        ( - -8.983e+04 2 0)
s>        ( - -3.150e+04 2 0))INFO: dtree.c(1315): Comp split 12
INFO: dtree.c(1439): stop. leaf nodes are specific
INFO: dtree.c(1478): Final simple tree
|( SILENCE 1 -1.417e+04 1.473e+02 6.690e+01
|    ( - -6.649e+02 1 0)
|    ( - -1.336e+04 3 0))
s>    ( SILENCE 1 -1.417e+04 1.473e+02 6.690e+01
s>        ( - -6.649e+02 1 0)
s>        ( - -1.336e+04 3 0))INFO: dtree.c(1439): stop. leaf nodes are specific
INFO: dtree.c(1478): Final simple tree
|( QUESTION11 1 -1.052e+04 1.282e+02 5.021e+01
|    ( - -5.844e+03 1 0)
|    ( - -4.544e+03 1 0))
s>    ( QUESTION11 1 -1.052e+04 1.282e+02 5.021e+01
s>        ( - -5.844e+03 1 0)
s>        ( - -4.544e+03 1 0))INFO: dtree.c(1315): Comp split 13
INFO: dtree.c(1315): Comp split 14
INFO: dtree.c(1439): stop. leaf nodes are specific
INFO: dtree.c(1478): Final simple tree
|( QUESTION11 1 -5.743e+04 1.946e+02 2.594e+02
|    ( - -3.415e+04 2 0)
|    ( - -2.308e+04 1 0))
s>    ( QUESTION11 1 -5.743e+04 1.946e+02 2.594e+02
s>        ( - -3.415e+04 2 0)
s>        ( - -2.308e+04 1 0))INFO: dtree.c(1315): Comp split 15
INFO: dtree.c(1315): Comp split 16
INFO: dtree.c(1315): Comp split 17
INFO: dtree.c(1315): Comp split 18
INFO: dtree.c(1315): Comp split 19
INFO: dtree.c(1315): Comp split 20
INFO: dtree.c(1315): Comp split 21
INFO: dtree.c(1315): Comp split 22
INFO: dtree.c(1318): stop. leaf nodes are specific
!!!!!!!!Allocated 67 lines
Wed Apr  6 14:10:34 2016
