Current configuration:
[NAME]		[DEFLT]	[VALUE]
-allphones	no	no
-cntthresh	0.00001	1.000000e-05
-csplitmax	100	2000
-csplitmin	1	1
-csplitthr	8e-4	0.000000e+00
-example	no	no
-fullvar	no	no
-help		no	no
-meanfn			/home/nguyenvanthinh/Desktop/Git/speech recognition  demo/acoustic/model_parameters/digit.cd_cont_untied/means
-mixwfn			/home/nguyenvanthinh/Desktop/Git/speech recognition  demo/acoustic/model_parameters/digit.cd_cont_untied/mixture_weights
-moddeffn		/home/nguyenvanthinh/Desktop/Git/speech recognition  demo/acoustic/model_architecture/digit.untied.mdef
-mwfloor	1e-4	1.000000e-08
-phone			uz
-psetfn			/home/nguyenvanthinh/Desktop/Git/speech recognition  demo/acoustic/model_architecture/digit.tree_questions
-ssplitmax	5	7
-ssplitmin	1	1
-ssplitthr	8e-4	0.000000e+00
-state			0
-stwt			1.0,0.05,0.0,
-treefn			/home/nguyenvanthinh/Desktop/Git/speech recognition  demo/acoustic/trees/digit.unpruned/uz-0.dtree
-ts2cbfn	.semi.	.cont.
-varfloor	0.00001	1.000000e-05
-varfn			/home/nguyenvanthinh/Desktop/Git/speech recognition  demo/acoustic/model_parameters/digit.cd_cont_untied/variances

INFO: main.c(223): Reading: /home/nguyenvanthinh/Desktop/Git/speech recognition  demo/acoustic/model_architecture/digit.untied.mdef
INFO: model_def_io.c(573): Model definition info:
INFO: model_def_io.c(574): 326 total models defined (31 base, 295 tri)
INFO: model_def_io.c(575): 1304 total states
INFO: model_def_io.c(576): 978 total tied states
INFO: model_def_io.c(577): 93 total tied CI states
INFO: model_def_io.c(578): 31 total tied transition matrices
INFO: model_def_io.c(579): 4 max state/model
INFO: model_def_io.c(580): 4 min state/model
INFO: main.c(242): Building trees for [uz as SIL e] through [uz as tr e]
INFO: main.c(269): Covering states |[945 977]| == 33
INFO: main.c(275): Reading: /home/nguyenvanthinh/Desktop/Git/speech recognition  demo/acoustic/model_parameters/digit.cd_cont_untied/mixture_weights
INFO: s3mixw_io.c(173): Read /home/nguyenvanthinh/Desktop/Git/speech recognition  demo/acoustic/model_parameters/digit.cd_cont_untied/mixture_weights [33x1x1 array]
INFO: main.c(311): 11 of 11 models have observation count greater than 0.000010
INFO: main.c(95): nrm stwt: 0.952 0.048 0.000 
INFO: s3gau_io.c(169): Read /home/nguyenvanthinh/Desktop/Git/speech recognition  demo/acoustic/model_parameters/digit.cd_cont_untied/means [978x1x1 array]
INFO: s3gau_io.c(169): Read /home/nguyenvanthinh/Desktop/Git/speech recognition  demo/acoustic/model_parameters/digit.cd_cont_untied/variances [978x1x1 array]
INFO: main.c(549): Reading: /home/nguyenvanthinh/Desktop/Git/speech recognition  demo/acoustic/model_architecture/digit.tree_questions
INFO: main.c(588): 178 total simple questions (170 phone; 8 word bndry)
INFO: main.c(590): 42 Left Only questions, and 40 Right Only questions
INFO: dtree.c(1478): Final simple tree
|( QUESTION0_11_R 1 -6.026e+05 2.127e+03 2.887e+03
|    ( QUESTION0_17_R 1 -7.117e+04 4.877e+02 3.498e+02
|        ( - -2.141e+04 1 0)
|        ( - -4.927e+04 1 0))
|    ( SILENCE 1 -5.293e+05 6.995e+02 2.537e+03
|        ( - -4.994e+04 1 0)
|        ( QUESTION0_7_R 1 -4.786e+05 4.558e+02 2.290e+03
|            ( QUESTION14 1 -1.974e+05 1.650e+02 9.572e+02
|                ( - -1.345e+05 1 0)
|                ( - -6.273e+04 1 0))
|            ( QUESTION0_9_R 1 -2.807e+05 3.335e+02 1.333e+03
|                ( QUESTION11 1 -1.121e+05 3.404e+02 5.329e+02
|                    ( - -5.114e+04 1 0)
|                    ( - -6.065e+04 1 0))
|                ( - -1.683e+05 4 0)))))
s>    ( QUESTION0_11_R 1 -6.026e+05 2.127e+03 2.887e+03
s>        ( QUESTION0_17_R 1 -7.117e+04 4.877e+02 3.498e+02
s>            ( - -2.141e+04 1 0)
s>            ( - -4.927e+04 1 0))
s>        ( SILENCE 1 -5.293e+05 6.995e+02 2.537e+03
s>            ( - -4.994e+04 1 0)
s>            ( QUESTION0_7_R 1 -4.786e+05 4.558e+02 2.290e+03
s>                ( QUESTION14 1 -1.974e+05 1.650e+02 9.572e+02
s>                    ( - -1.345e+05 1 0)
s>                    ( - -6.273e+04 1 0))
s>                ( QUESTION0_9_R 1 -2.807e+05 3.335e+02 1.333e+03
s>                    ( QUESTION11 1 -1.121e+05 3.404e+02 5.329e+02
s>                        ( - -5.114e+04 1 0)
s>                        ( - -6.065e+04 1 0))
s>                    ( - -1.683e+05 4 0)))))INFO: dtree.c(1315): Comp split 0
INFO: dtree.c(1439): stop. leaf nodes are specific
INFO: dtree.c(1478): Final simple tree
|( SILENCE 1 -5.293e+05 6.995e+02 2.537e+03
|    ( - -4.994e+04 1 0)
|    ( QUESTION0_7_R 1 -4.786e+05 4.558e+02 2.290e+03
|        ( QUESTION14 1 -1.974e+05 1.650e+02 9.572e+02
|            ( - -1.345e+05 1 0)
|            ( - -6.273e+04 1 0))
|        ( QUESTION0_9_R 1 -2.807e+05 3.335e+02 1.333e+03
|            ( QUESTION11 1 -1.121e+05 3.404e+02 5.329e+02
|                ( - -5.114e+04 1 0)
|                ( - -6.065e+04 1 0))
|            ( - -1.683e+05 4 0))))
s>    ( SILENCE 1 -5.293e+05 6.995e+02 2.537e+03
s>        ( - -4.994e+04 1 0)
s>        ( QUESTION0_7_R 1 -4.786e+05 4.558e+02 2.290e+03
s>            ( QUESTION14 1 -1.974e+05 1.650e+02 9.572e+02
s>                ( - -1.345e+05 1 0)
s>                ( - -6.273e+04 1 0))
s>            ( QUESTION0_9_R 1 -2.807e+05 3.335e+02 1.333e+03
s>                ( QUESTION11 1 -1.121e+05 3.404e+02 5.329e+02
s>                    ( - -5.114e+04 1 0)
s>                    ( - -6.065e+04 1 0))
s>                ( - -1.683e+05 4 0))))INFO: dtree.c(1439): stop. leaf nodes are specific
INFO: dtree.c(1478): Final simple tree
|( QUESTION0_17_R 1 -7.117e+04 4.877e+02 3.498e+02
|    ( - -2.141e+04 1 0)
|    ( - -4.927e+04 1 0))
s>    ( QUESTION0_17_R 1 -7.117e+04 4.877e+02 3.498e+02
s>        ( - -2.141e+04 1 0)
s>        ( - -4.927e+04 1 0))INFO: dtree.c(1315): Comp split 1
INFO: dtree.c(1439): stop. leaf nodes are specific
INFO: dtree.c(1478): Final simple tree
|( QUESTION0_7_R 1 -4.786e+05 4.558e+02 2.290e+03
|    ( QUESTION14 1 -1.974e+05 1.650e+02 9.572e+02
|        ( - -1.345e+05 1 0)
|        ( - -6.273e+04 1 0))
|    ( QUESTION0_9_R 1 -2.807e+05 3.335e+02 1.333e+03
|        ( QUESTION11 1 -1.121e+05 3.404e+02 5.329e+02
|            ( - -5.114e+04 1 0)
|            ( - -6.065e+04 1 0))
|        ( - -1.683e+05 4 0)))
s>    ( QUESTION0_7_R 1 -4.786e+05 4.558e+02 2.290e+03
s>        ( QUESTION14 1 -1.974e+05 1.650e+02 9.572e+02
s>            ( - -1.345e+05 1 0)
s>            ( - -6.273e+04 1 0))
s>        ( QUESTION0_9_R 1 -2.807e+05 3.335e+02 1.333e+03
s>            ( QUESTION11 1 -1.121e+05 3.404e+02 5.329e+02
s>                ( - -5.114e+04 1 0)
s>                ( - -6.065e+04 1 0))
s>            ( - -1.683e+05 4 0)))INFO: dtree.c(1315): Comp split 2
INFO: dtree.c(1315): Comp split 3
INFO: dtree.c(1439): stop. leaf nodes are specific
INFO: dtree.c(1478): Final simple tree
|( QUESTION0_9_R 1 -2.807e+05 3.335e+02 1.333e+03
|    ( QUESTION11 1 -1.121e+05 3.404e+02 5.329e+02
|        ( - -5.114e+04 1 0)
|        ( - -6.065e+04 1 0))
|    ( - -1.683e+05 4 0))
s>    ( QUESTION0_9_R 1 -2.807e+05 3.335e+02 1.333e+03
s>        ( QUESTION11 1 -1.121e+05 3.404e+02 5.329e+02
s>            ( - -5.114e+04 1 0)
s>            ( - -6.065e+04 1 0))
s>        ( - -1.683e+05 4 0))INFO: dtree.c(1439): stop. leaf nodes are specific
INFO: dtree.c(1478): Final simple tree
|( QUESTION14 1 -1.974e+05 1.650e+02 9.572e+02
|    ( - -1.345e+05 1 0)
|    ( - -6.273e+04 1 0))
s>    ( QUESTION14 1 -1.974e+05 1.650e+02 9.572e+02
s>        ( - -1.345e+05 1 0)
s>        ( - -6.273e+04 1 0))INFO: dtree.c(1315): Comp split 4
INFO: dtree.c(1439): stop. leaf nodes are specific
INFO: dtree.c(1478): Final simple tree
|( QUESTION0_9_R 1 -2.197e+05 2.862e+02 1.043e+03
|    ( - -5.114e+04 1 0)
|    ( - -1.683e+05 4 0))
s>    ( QUESTION0_9_R 1 -2.197e+05 2.862e+02 1.043e+03
s>        ( - -5.114e+04 1 0)
s>        ( - -1.683e+05 4 0))INFO: dtree.c(1315): Comp split 5
INFO: dtree.c(1315): Comp split 6
INFO: dtree.c(1315): Comp split 7
INFO: dtree.c(1318): stop. leaf nodes are specific
!!!!!!!!Allocated 67 lines
Wed Apr  6 14:10:36 2016
