Current configuration:
[NAME]		[DEFLT]	[VALUE]
-allphones	no	no
-cntthresh	0.00001	1.000000e-05
-csplitmax	100	2000
-csplitmin	1	1
-csplitthr	8e-4	0.000000e+00
-example	no	no
-fullvar	no	no
-help		no	no
-meanfn			/home/nguyenvanthinh/Desktop/Git/speech recognition  demo/acoustic/model_parameters/digit.cd_cont_untied/means
-mixwfn			/home/nguyenvanthinh/Desktop/Git/speech recognition  demo/acoustic/model_parameters/digit.cd_cont_untied/mixture_weights
-moddeffn		/home/nguyenvanthinh/Desktop/Git/speech recognition  demo/acoustic/model_architecture/digit.untied.mdef
-mwfloor	1e-4	1.000000e-08
-phone			ch
-psetfn			/home/nguyenvanthinh/Desktop/Git/speech recognition  demo/acoustic/model_architecture/digit.tree_questions
-ssplitmax	5	7
-ssplitmin	1	1
-ssplitthr	8e-4	0.000000e+00
-state			2
-stwt			1.0,0.05,0.0,
-treefn			/home/nguyenvanthinh/Desktop/Git/speech recognition  demo/acoustic/trees/digit.unpruned/ch-2.dtree
-ts2cbfn	.semi.	.cont.
-varfloor	0.00001	1.000000e-05
-varfn			/home/nguyenvanthinh/Desktop/Git/speech recognition  demo/acoustic/model_parameters/digit.cd_cont_untied/variances

INFO: main.c(223): Reading: /home/nguyenvanthinh/Desktop/Git/speech recognition  demo/acoustic/model_architecture/digit.untied.mdef
INFO: model_def_io.c(573): Model definition info:
INFO: model_def_io.c(574): 326 total models defined (31 base, 295 tri)
INFO: model_def_io.c(575): 1304 total states
INFO: model_def_io.c(576): 978 total tied states
INFO: model_def_io.c(577): 93 total tied CI states
INFO: model_def_io.c(578): 31 total tied transition matrices
INFO: model_def_io.c(579): 4 max state/model
INFO: model_def_io.c(580): 4 min state/model
INFO: main.c(242): Building trees for [ch SIL is b] through [ch uz is b]
INFO: main.c(269): Covering states |[222 248]| == 27
INFO: main.c(275): Reading: /home/nguyenvanthinh/Desktop/Git/speech recognition  demo/acoustic/model_parameters/digit.cd_cont_untied/mixture_weights
INFO: s3mixw_io.c(173): Read /home/nguyenvanthinh/Desktop/Git/speech recognition  demo/acoustic/model_parameters/digit.cd_cont_untied/mixture_weights [27x1x1 array]
INFO: main.c(311): 9 of 9 models have observation count greater than 0.000010
INFO: main.c(95): nrm stwt: 0.000 0.048 0.952 
INFO: s3gau_io.c(169): Read /home/nguyenvanthinh/Desktop/Git/speech recognition  demo/acoustic/model_parameters/digit.cd_cont_untied/means [978x1x1 array]
INFO: s3gau_io.c(169): Read /home/nguyenvanthinh/Desktop/Git/speech recognition  demo/acoustic/model_parameters/digit.cd_cont_untied/variances [978x1x1 array]
INFO: main.c(549): Reading: /home/nguyenvanthinh/Desktop/Git/speech recognition  demo/acoustic/model_architecture/digit.tree_questions
INFO: main.c(588): 178 total simple questions (170 phone; 8 word bndry)
INFO: main.c(590): 42 Left Only questions, and 40 Right Only questions
INFO: dtree.c(1478): Final simple tree
|( QUESTION20 -1 -5.388e+05 8.395e+02 2.413e+03
|    ( QUESTION2_7_L -1 -1.303e+05 1.365e+02 5.841e+02
|        ( - -1.296e+05 1 0)
|        ( - -5.692e+02 1 0))
|    ( SILENCE -1 -4.076e+05 4.157e+02 1.829e+03
|        ( - -3.589e+04 1 0)
|        ( QUESTION8 -1 -3.713e+05 3.892e+02 1.669e+03
|            ( - -8.993e+04 1 0)
|            ( QUESTION0 -1 -2.810e+05 3.497e+02 1.260e+03
|                ( - -4.319e+04 1 0)
|                ( QUESTION4 -1 -2.375e+05 2.221e+02 1.070e+03
|                    ( - -1.121e+05 1 0)
|                    ( QUESTION9 -1 -1.252e+05 1.776e+02 5.654e+02
|                        ( - -4.589e+04 1 0)
|                        ( - -7.911e+04 2 0 QUESTION2 -1 1.281e+02 3.591e+02)))))))
s>    ( QUESTION20 -1 -5.388e+05 8.395e+02 2.413e+03
s>        ( QUESTION2_7_L -1 -1.303e+05 1.365e+02 5.841e+02
s>            ( - -1.296e+05 1 0)
s>            ( - -5.692e+02 1 0))
s>        ( SILENCE -1 -4.076e+05 4.157e+02 1.829e+03
s>            ( - -3.589e+04 1 0)
s>            ( QUESTION8 -1 -3.713e+05 3.892e+02 1.669e+03
s>                ( - -8.993e+04 1 0)
s>                ( QUESTION0 -1 -2.810e+05 3.497e+02 1.260e+03
s>                    ( - -4.319e+04 1 0)
s>                    ( QUESTION4 -1 -2.375e+05 2.221e+02 1.070e+03
s>                        ( - -1.121e+05 1 0)
s>                        ( QUESTION9 -1 -1.252e+05 1.776e+02 5.654e+02
s>                            ( - -4.589e+04 1 0)
s>                            ( - -7.911e+04 2 0 QUESTION2 -1 1.281e+02 3.591e+02)))))))INFO: dtree.c(1315): Comp split 0
INFO: dtree.c(1439): stop. leaf nodes are specific
INFO: dtree.c(1478): Final simple tree
|( SILENCE -1 -2.745e+05 4.579e+02 1.234e+03
|    ( - -3.589e+04 1 0)
|    ( QUESTION4 -1 -2.382e+05 2.199e+02 1.073e+03
|        ( - -1.121e+05 1 0)
|        ( QUESTION9 -1 -1.259e+05 1.777e+02 5.684e+02
|            ( - -4.589e+04 1 0)
|            ( QUESTION20 -1 -7.981e+04 1.398e+02 3.621e+02
|                ( - -5.692e+02 1 0)
|                ( QUESTION2 -1 -7.911e+04 1.281e+02 3.591e+02
|                    ( - -4.264e+04 1 0)
|                    ( - -3.634e+04 1 0))))))
s>    ( SILENCE -1 -2.745e+05 4.579e+02 1.234e+03
s>        ( - -3.589e+04 1 0)
s>        ( QUESTION4 -1 -2.382e+05 2.199e+02 1.073e+03
s>            ( - -1.121e+05 1 0)
s>            ( QUESTION9 -1 -1.259e+05 1.777e+02 5.684e+02
s>                ( - -4.589e+04 1 0)
s>                ( QUESTION20 -1 -7.981e+04 1.398e+02 3.621e+02
s>                    ( - -5.692e+02 1 0)
s>                    ( QUESTION2 -1 -7.911e+04 1.281e+02 3.591e+02
s>                        ( - -4.264e+04 1 0)
s>                        ( - -3.634e+04 1 0))))))INFO: dtree.c(1439): stop. leaf nodes are specific
INFO: dtree.c(1478): Final simple tree
|( QUESTION10 -1 -2.633e+05 3.798e+02 1.180e+03
|    ( - -1.296e+05 1 0)
|    ( QUESTION0 -1 -1.333e+05 1.598e+02 5.985e+02
|        ( - -4.319e+04 1 0)
|        ( - -8.993e+04 1 0)))
s>    ( QUESTION10 -1 -2.633e+05 3.798e+02 1.180e+03
s>        ( - -1.296e+05 1 0)
s>        ( QUESTION0 -1 -1.333e+05 1.598e+02 5.985e+02
s>            ( - -4.319e+04 1 0)
s>            ( - -8.993e+04 1 0)))INFO: dtree.c(1315): Comp split 1
INFO: dtree.c(1439): stop. leaf nodes are specific
INFO: dtree.c(1478): Final simple tree
|( QUESTION4 -1 -2.382e+05 2.199e+02 1.073e+03
|    ( - -1.121e+05 1 0)
|    ( QUESTION9 -1 -1.259e+05 1.777e+02 5.684e+02
|        ( - -4.589e+04 1 0)
|        ( QUESTION20 -1 -7.981e+04 1.398e+02 3.621e+02
|            ( - -5.692e+02 1 0)
|            ( QUESTION2 -1 -7.911e+04 1.281e+02 3.591e+02
|                ( - -4.264e+04 1 0)
|                ( - -3.634e+04 1 0)))))
s>    ( QUESTION4 -1 -2.382e+05 2.199e+02 1.073e+03
s>        ( - -1.121e+05 1 0)
s>        ( QUESTION9 -1 -1.259e+05 1.777e+02 5.684e+02
s>            ( - -4.589e+04 1 0)
s>            ( QUESTION20 -1 -7.981e+04 1.398e+02 3.621e+02
s>                ( - -5.692e+02 1 0)
s>                ( QUESTION2 -1 -7.911e+04 1.281e+02 3.591e+02
s>                    ( - -4.264e+04 1 0)
s>                    ( - -3.634e+04 1 0)))))INFO: dtree.c(1315): Comp split 2
INFO: dtree.c(1439): stop. leaf nodes are specific
INFO: dtree.c(1478): Final simple tree
|( QUESTION0 -1 -1.333e+05 1.598e+02 5.985e+02
|    ( - -4.319e+04 1 0)
|    ( - -8.993e+04 1 0))
s>    ( QUESTION0 -1 -1.333e+05 1.598e+02 5.985e+02
s>        ( - -4.319e+04 1 0)
s>        ( - -8.993e+04 1 0))INFO: dtree.c(1315): Comp split 3
INFO: dtree.c(1439): stop. leaf nodes are specific
INFO: dtree.c(1478): Final simple tree
|( QUESTION9 -1 -1.252e+05 1.776e+02 5.654e+02
|    ( - -4.589e+04 1 0)
|    ( QUESTION2 -1 -7.911e+04 1.281e+02 3.591e+02
|        ( - -4.264e+04 1 0)
|        ( - -3.634e+04 1 0)))
s>    ( QUESTION9 -1 -1.252e+05 1.776e+02 5.654e+02
s>        ( - -4.589e+04 1 0)
s>        ( QUESTION2 -1 -7.911e+04 1.281e+02 3.591e+02
s>            ( - -4.264e+04 1 0)
s>            ( - -3.634e+04 1 0)))INFO: dtree.c(1439): stop. leaf nodes are specific
INFO: dtree.c(1478): Final simple tree
|( QUESTION2 -1 -1.128e+05 1.359e+02 5.077e+02
|    ( - -1.121e+05 1 0)
|    ( - -5.692e+02 1 0))
s>    ( QUESTION2 -1 -1.128e+05 1.359e+02 5.077e+02
s>        ( - -1.121e+05 1 0)
s>        ( - -5.692e+02 1 0))INFO: dtree.c(1315): Comp split 4
INFO: dtree.c(1439): stop. leaf nodes are specific
INFO: dtree.c(1478): Final simple tree
|( QUESTION2 -1 -7.911e+04 1.281e+02 3.591e+02
|    ( - -4.264e+04 1 0)
|    ( - -3.634e+04 1 0))
s>    ( QUESTION2 -1 -7.911e+04 1.281e+02 3.591e+02
s>        ( - -4.264e+04 1 0)
s>        ( - -3.634e+04 1 0))INFO: dtree.c(1315): Comp split 5
INFO: dtree.c(1315): Comp split 6
INFO: dtree.c(1315): Comp split 7
INFO: dtree.c(1315): Comp split 8
INFO: dtree.c(1318): stop. leaf nodes are specific
!!!!!!!!Allocated 67 lines
Wed Apr  6 14:10:36 2016
