Current configuration:
[NAME]		[DEFLT]	[VALUE]
-allphones	no	no
-cntthresh	0.00001	1.000000e-05
-csplitmax	100	2000
-csplitmin	1	1
-csplitthr	8e-4	0.000000e+00
-example	no	no
-fullvar	no	no
-help		no	no
-meanfn			/home/nguyenvanthinh/Desktop/Git/speech recognition  demo/acoustic/model_parameters/digit.cd_cont_untied/means
-mixwfn			/home/nguyenvanthinh/Desktop/Git/speech recognition  demo/acoustic/model_parameters/digit.cd_cont_untied/mixture_weights
-moddeffn		/home/nguyenvanthinh/Desktop/Git/speech recognition  demo/acoustic/model_architecture/digit.untied.mdef
-mwfloor	1e-4	1.000000e-08
-phone			ngz
-psetfn			/home/nguyenvanthinh/Desktop/Git/speech recognition  demo/acoustic/model_architecture/digit.tree_questions
-ssplitmax	5	7
-ssplitmin	1	1
-ssplitthr	8e-4	0.000000e+00
-state			2
-stwt			1.0,0.05,0.0,
-treefn			/home/nguyenvanthinh/Desktop/Git/speech recognition  demo/acoustic/trees/digit.unpruned/ngz-2.dtree
-ts2cbfn	.semi.	.cont.
-varfloor	0.00001	1.000000e-05
-varfn			/home/nguyenvanthinh/Desktop/Git/speech recognition  demo/acoustic/model_parameters/digit.cd_cont_untied/variances

INFO: main.c(223): Reading: /home/nguyenvanthinh/Desktop/Git/speech recognition  demo/acoustic/model_architecture/digit.untied.mdef
INFO: model_def_io.c(573): Model definition info:
INFO: model_def_io.c(574): 326 total models defined (31 base, 295 tri)
INFO: model_def_io.c(575): 1304 total states
INFO: model_def_io.c(576): 978 total tied states
INFO: model_def_io.c(577): 93 total tied CI states
INFO: model_def_io.c(578): 31 total tied transition matrices
INFO: model_def_io.c(579): 4 max state/model
INFO: model_def_io.c(580): 4 min state/model
INFO: main.c(242): Building trees for [ngz i b e] through [ngz oo tr e]
INFO: main.c(269): Covering states |[606 656]| == 51
INFO: main.c(275): Reading: /home/nguyenvanthinh/Desktop/Git/speech recognition  demo/acoustic/model_parameters/digit.cd_cont_untied/mixture_weights
INFO: s3mixw_io.c(173): Read /home/nguyenvanthinh/Desktop/Git/speech recognition  demo/acoustic/model_parameters/digit.cd_cont_untied/mixture_weights [51x1x1 array]
INFO: main.c(311): 17 of 17 models have observation count greater than 0.000010
INFO: main.c(95): nrm stwt: 0.000 0.048 0.952 
INFO: s3gau_io.c(169): Read /home/nguyenvanthinh/Desktop/Git/speech recognition  demo/acoustic/model_parameters/digit.cd_cont_untied/means [978x1x1 array]
INFO: s3gau_io.c(169): Read /home/nguyenvanthinh/Desktop/Git/speech recognition  demo/acoustic/model_parameters/digit.cd_cont_untied/variances [978x1x1 array]
INFO: main.c(549): Reading: /home/nguyenvanthinh/Desktop/Git/speech recognition  demo/acoustic/model_architecture/digit.tree_questions
INFO: main.c(588): 178 total simple questions (170 phone; 8 word bndry)
INFO: main.c(590): 42 Left Only questions, and 40 Right Only questions
INFO: dtree.c(1478): Final simple tree
|( QUESTION0_7_R 1 -3.105e+05 1.476e+03 1.296e+03
|    ( QUESTION2 -1 -8.538e+04 8.401e+02 3.546e+02
|        ( QUESTION14 1 -6.795e+04 4.183e+02 2.844e+02
|            ( - -4.944e+04 1 0)
|            ( - -1.809e+04 1 0))
|        ( - -1.659e+04 2 0 QUESTION14 1 4.125e+02 7.023e+01))
|    ( QUESTION2 -1 -2.236e+05 8.720e+02 9.418e+02
|        ( QUESTION0_11_R 1 -1.733e+05 8.817e+02 7.334e+02
|            ( - -2.340e+04 1 0)
|            ( QUESTION0_9_R 1 -1.490e+05 6.772e+02 6.350e+02
|                ( QUESTION11 1 -5.029e+04 4.310e+02 2.181e+02
|                    ( - -2.419e+04 1 0)
|                    ( - -2.567e+04 1 0))
|                ( - -9.804e+04 5 0 SILENCE 1 3.627e+02 4.168e+02)))
|        ( - -4.947e+04 5 0 QUESTION0_9_R 1 3.349e+02 2.084e+02)))
s>    ( QUESTION0_7_R 1 -3.105e+05 1.476e+03 1.296e+03
s>        ( QUESTION2 -1 -8.538e+04 8.401e+02 3.546e+02
s>            ( QUESTION14 1 -6.795e+04 4.183e+02 2.844e+02
s>                ( - -4.944e+04 1 0)
s>                ( - -1.809e+04 1 0))
s>            ( - -1.659e+04 2 0 QUESTION14 1 4.125e+02 7.023e+01))
s>        ( QUESTION2 -1 -2.236e+05 8.720e+02 9.418e+02
s>            ( QUESTION0_11_R 1 -1.733e+05 8.817e+02 7.334e+02
s>                ( - -2.340e+04 1 0)
s>                ( QUESTION0_9_R 1 -1.490e+05 6.772e+02 6.350e+02
s>                    ( QUESTION11 1 -5.029e+04 4.310e+02 2.181e+02
s>                        ( - -2.419e+04 1 0)
s>                        ( - -2.567e+04 1 0))
s>                    ( - -9.804e+04 5 0 SILENCE 1 3.627e+02 4.168e+02)))
s>            ( - -4.947e+04 5 0 QUESTION0_9_R 1 3.349e+02 2.084e+02)))INFO: dtree.c(1315): Comp split 0
INFO: dtree.c(1439): stop. leaf nodes are specific
INFO: dtree.c(1478): Final simple tree
|( QUESTION2 -1 -8.538e+04 8.401e+02 3.546e+02
|    ( QUESTION14 1 -6.795e+04 4.183e+02 2.844e+02
|        ( - -4.944e+04 1 0)
|        ( - -1.809e+04 1 0))
|    ( QUESTION14 1 -1.659e+04 4.125e+02 7.023e+01
|        ( - -8.093e+03 1 0)
|        ( - -8.081e+03 1 0)))
s>    ( QUESTION2 -1 -8.538e+04 8.401e+02 3.546e+02
s>        ( QUESTION14 1 -6.795e+04 4.183e+02 2.844e+02
s>            ( - -4.944e+04 1 0)
s>            ( - -1.809e+04 1 0))
s>        ( QUESTION14 1 -1.659e+04 4.125e+02 7.023e+01
s>            ( - -8.093e+03 1 0)
s>            ( - -8.081e+03 1 0)))INFO: dtree.c(1478): Final simple tree
|( QUESTION2 -1 -2.236e+05 8.720e+02 9.418e+02
|    ( QUESTION0_11_R 1 -1.733e+05 8.817e+02 7.334e+02
|        ( - -2.340e+04 1 0)
|        ( QUESTION0_9_R 1 -1.490e+05 6.772e+02 6.350e+02
|            ( QUESTION11 1 -5.029e+04 4.310e+02 2.181e+02
|                ( - -2.419e+04 1 0)
|                ( - -2.567e+04 1 0))
|            ( SILENCE 1 -9.804e+04 3.627e+02 4.168e+02
|                ( - -7.277e+03 1 0)
|                ( - -9.040e+04 4 0))))
|    ( QUESTION0_9_R 1 -4.947e+04 3.349e+02 2.084e+02
|        ( QUESTION11 1 -1.220e+04 2.721e+02 5.237e+01
|            ( - -6.468e+03 1 0)
|            ( - -5.459e+03 1 0))
|        ( - -3.693e+04 3 0)))
s>    ( QUESTION2 -1 -2.236e+05 8.720e+02 9.418e+02
s>        ( QUESTION0_11_R 1 -1.733e+05 8.817e+02 7.334e+02
s>            ( - -2.340e+04 1 0)
s>            ( QUESTION0_9_R 1 -1.490e+05 6.772e+02 6.350e+02
s>                ( QUESTION11 1 -5.029e+04 4.310e+02 2.181e+02
s>                    ( - -2.419e+04 1 0)
s>                    ( - -2.567e+04 1 0))
s>                ( SILENCE 1 -9.804e+04 3.627e+02 4.168e+02
s>                    ( - -7.277e+03 1 0)
s>                    ( - -9.040e+04 4 0))))
s>        ( QUESTION0_9_R 1 -4.947e+04 3.349e+02 2.084e+02
s>            ( QUESTION11 1 -1.220e+04 2.721e+02 5.237e+01
s>                ( - -6.468e+03 1 0)
s>                ( - -5.459e+03 1 0))
s>            ( - -3.693e+04 3 0)))INFO: dtree.c(1315): Comp split 1
INFO: dtree.c(1439): stop. leaf nodes are specific
INFO: dtree.c(1478): Final simple tree
|( QUESTION0_9_R 1 -1.558e+05 7.559e+02 6.630e+02
|    ( QUESTION11 1 -5.704e+04 4.644e+02 2.462e+02
|        ( QUESTION2 -1 -3.091e+04 2.541e+02 1.344e+02
|            ( - -2.419e+04 1 0)
|            ( - -6.468e+03 1 0))
|        ( - -2.567e+04 1 0))
|    ( SILENCE 1 -9.804e+04 3.627e+02 4.168e+02
|        ( - -7.277e+03 1 0)
|        ( - -9.040e+04 4 0)))
s>    ( QUESTION0_9_R 1 -1.558e+05 7.559e+02 6.630e+02
s>        ( QUESTION11 1 -5.704e+04 4.644e+02 2.462e+02
s>            ( QUESTION2 -1 -3.091e+04 2.541e+02 1.344e+02
s>                ( - -2.419e+04 1 0)
s>                ( - -6.468e+03 1 0))
s>            ( - -2.567e+04 1 0))
s>        ( SILENCE 1 -9.804e+04 3.627e+02 4.168e+02
s>            ( - -7.277e+03 1 0)
s>            ( - -9.040e+04 4 0)))INFO: dtree.c(1439): stop. leaf nodes are specific
INFO: dtree.c(1478): Final simple tree
|( QUESTION0_6_R 1 -6.678e+04 7.067e+02 2.788e+02
|    ( QUESTION0_9_R 1 -4.267e+04 2.756e+02 1.804e+02
|        ( - -5.459e+03 1 0)
|        ( - -3.693e+04 3 0))
|    ( - -2.340e+04 1 0))
s>    ( QUESTION0_6_R 1 -6.678e+04 7.067e+02 2.788e+02
s>        ( QUESTION0_9_R 1 -4.267e+04 2.756e+02 1.804e+02
s>            ( - -5.459e+03 1 0)
s>            ( - -3.693e+04 3 0))
s>        ( - -2.340e+04 1 0))INFO: dtree.c(1315): Comp split 2
INFO: dtree.c(1439): stop. leaf nodes are specific
INFO: dtree.c(1478): Final simple tree
|( QUESTION14 1 -1.659e+04 4.125e+02 7.023e+01
|    ( - -8.093e+03 1 0)
|    ( - -8.081e+03 1 0))
s>    ( QUESTION14 1 -1.659e+04 4.125e+02 7.023e+01
s>        ( - -8.093e+03 1 0)
s>        ( - -8.081e+03 1 0))INFO: dtree.c(1439): stop. leaf nodes are specific
INFO: dtree.c(1478): Final simple tree
|( QUESTION14 1 -6.795e+04 4.183e+02 2.844e+02
|    ( - -4.944e+04 1 0)
|    ( - -1.809e+04 1 0))
s>    ( QUESTION14 1 -6.795e+04 4.183e+02 2.844e+02
s>        ( - -4.944e+04 1 0)
s>        ( - -1.809e+04 1 0))INFO: dtree.c(1315): Comp split 3
INFO: dtree.c(1439): stop. leaf nodes are specific
INFO: dtree.c(1478): Final simple tree
|( QUESTION11 1 -5.704e+04 4.644e+02 2.462e+02
|    ( QUESTION2 -1 -3.091e+04 2.541e+02 1.344e+02
|        ( - -2.419e+04 1 0)
|        ( - -6.468e+03 1 0))
|    ( - -2.567e+04 1 0))
s>    ( QUESTION11 1 -5.704e+04 4.644e+02 2.462e+02
s>        ( QUESTION2 -1 -3.091e+04 2.541e+02 1.344e+02
s>            ( - -2.419e+04 1 0)
s>            ( - -6.468e+03 1 0))
s>        ( - -2.567e+04 1 0))INFO: dtree.c(1439): stop. leaf nodes are specific
INFO: dtree.c(1478): Final simple tree
|( SILENCE 1 -9.804e+04 3.627e+02 4.168e+02
|    ( - -7.277e+03 1 0)
|    ( - -9.040e+04 4 0))
s>    ( SILENCE 1 -9.804e+04 3.627e+02 4.168e+02
s>        ( - -7.277e+03 1 0)
s>        ( - -9.040e+04 4 0))INFO: dtree.c(1315): Comp split 4
INFO: dtree.c(1439): stop. leaf nodes are specific
INFO: dtree.c(1478): Final simple tree
|( QUESTION0_9_R 1 -4.267e+04 2.756e+02 1.804e+02
|    ( - -5.459e+03 1 0)
|    ( - -3.693e+04 3 0))
s>    ( QUESTION0_9_R 1 -4.267e+04 2.756e+02 1.804e+02
s>        ( - -5.459e+03 1 0)
s>        ( - -3.693e+04 3 0))INFO: dtree.c(1315): Comp split 5
INFO: dtree.c(1439): stop. leaf nodes are specific
INFO: dtree.c(1478): Final simple tree
|( QUESTION2 -1 -3.091e+04 2.541e+02 1.344e+02
|    ( - -2.419e+04 1 0)
|    ( - -6.468e+03 1 0))
s>    ( QUESTION2 -1 -3.091e+04 2.541e+02 1.344e+02
s>        ( - -2.419e+04 1 0)
s>        ( - -6.468e+03 1 0))INFO: dtree.c(1315): Comp split 6
INFO: dtree.c(1315): Comp split 7
INFO: dtree.c(1315): Comp split 8
INFO: dtree.c(1315): Comp split 9
INFO: dtree.c(1315): Comp split 10
INFO: dtree.c(1315): Comp split 11
INFO: dtree.c(1318): stop. leaf nodes are specific
!!!!!!!!Allocated 67 lines
Wed Apr  6 14:10:33 2016
