Current configuration:
[NAME]		[DEFLT]	[VALUE]
-allphones	no	no
-cntthresh	0.00001	1.000000e-05
-csplitmax	100	2000
-csplitmin	1	1
-csplitthr	8e-4	0.000000e+00
-example	no	no
-fullvar	no	no
-help		no	no
-meanfn			/home/nguyenvanthinh/Desktop/Git/speech recognition  demo/acoustic/model_parameters/digit.cd_cont_untied/means
-mixwfn			/home/nguyenvanthinh/Desktop/Git/speech recognition  demo/acoustic/model_parameters/digit.cd_cont_untied/mixture_weights
-moddeffn		/home/nguyenvanthinh/Desktop/Git/speech recognition  demo/acoustic/model_architecture/digit.untied.mdef
-mwfloor	1e-4	1.000000e-08
-phone			n
-psetfn			/home/nguyenvanthinh/Desktop/Git/speech recognition  demo/acoustic/model_architecture/digit.tree_questions
-ssplitmax	5	7
-ssplitmin	1	1
-ssplitthr	8e-4	0.000000e+00
-state			1
-stwt			1.0,0.05,0.0,
-treefn			/home/nguyenvanthinh/Desktop/Git/speech recognition  demo/acoustic/trees/digit.unpruned/n-1.dtree
-ts2cbfn	.semi.	.cont.
-varfloor	0.00001	1.000000e-05
-varfn			/home/nguyenvanthinh/Desktop/Git/speech recognition  demo/acoustic/model_parameters/digit.cd_cont_untied/variances

INFO: main.c(223): Reading: /home/nguyenvanthinh/Desktop/Git/speech recognition  demo/acoustic/model_architecture/digit.untied.mdef
INFO: model_def_io.c(573): Model definition info:
INFO: model_def_io.c(574): 326 total models defined (31 base, 295 tri)
INFO: model_def_io.c(575): 1304 total states
INFO: model_def_io.c(576): 978 total tied states
INFO: model_def_io.c(577): 93 total tied CI states
INFO: model_def_io.c(578): 31 total tied transition matrices
INFO: model_def_io.c(579): 4 max state/model
INFO: model_def_io.c(580): 4 min state/model
INFO: main.c(242): Building trees for [n SIL aw b] through [n uz aw b]
INFO: main.c(269): Covering states |[558 584]| == 27
INFO: main.c(275): Reading: /home/nguyenvanthinh/Desktop/Git/speech recognition  demo/acoustic/model_parameters/digit.cd_cont_untied/mixture_weights
INFO: s3mixw_io.c(173): Read /home/nguyenvanthinh/Desktop/Git/speech recognition  demo/acoustic/model_parameters/digit.cd_cont_untied/mixture_weights [27x1x1 array]
INFO: main.c(311): 9 of 9 models have observation count greater than 0.000010
INFO: main.c(95): nrm stwt: 0.045 0.909 0.045 
INFO: s3gau_io.c(169): Read /home/nguyenvanthinh/Desktop/Git/speech recognition  demo/acoustic/model_parameters/digit.cd_cont_untied/means [978x1x1 array]
INFO: s3gau_io.c(169): Read /home/nguyenvanthinh/Desktop/Git/speech recognition  demo/acoustic/model_parameters/digit.cd_cont_untied/variances [978x1x1 array]
INFO: main.c(549): Reading: /home/nguyenvanthinh/Desktop/Git/speech recognition  demo/acoustic/model_architecture/digit.tree_questions
INFO: main.c(588): 178 total simple questions (170 phone; 8 word bndry)
INFO: main.c(590): 42 Left Only questions, and 40 Right Only questions
INFO: dtree.c(1478): Final simple tree
|( SILENCE -1 -8.031e+05 3.239e+03 3.106e+03
|    ( - -4.785e+04 1 0)
|    ( QUESTION20 -1 -7.520e+05 1.278e+03 2.915e+03
|        ( - -2.078e+05 2 0 QUESTION2_7_L -1 1.898e+02 7.607e+02)
|        ( QUESTION9 -1 -5.429e+05 8.212e+02 2.155e+03
|            ( - -4.094e+04 1 0)
|            ( QUESTION10 -1 -5.011e+05 6.655e+02 1.995e+03
|                ( - -6.612e+04 1 0)
|                ( QUESTION4 -1 -4.344e+05 4.462e+02 1.743e+03
|                    ( - -1.484e+05 1 0)
|                    ( QUESTION0 -1 -2.855e+05 3.488e+02 1.140e+03
|                        ( - -8.707e+04 1 0)
|                        ( QUESTION7 -1 -1.981e+05 2.781e+02 8.100e+02
|                            ( - -5.926e+04 1 0)
|                            ( - -1.385e+05 1 0))))))))
s>    ( SILENCE -1 -8.031e+05 3.239e+03 3.106e+03
s>        ( - -4.785e+04 1 0)
s>        ( QUESTION20 -1 -7.520e+05 1.278e+03 2.915e+03
s>            ( - -2.078e+05 2 0 QUESTION2_7_L -1 1.898e+02 7.607e+02)
s>            ( QUESTION9 -1 -5.429e+05 8.212e+02 2.155e+03
s>                ( - -4.094e+04 1 0)
s>                ( QUESTION10 -1 -5.011e+05 6.655e+02 1.995e+03
s>                    ( - -6.612e+04 1 0)
s>                    ( QUESTION4 -1 -4.344e+05 4.462e+02 1.743e+03
s>                        ( - -1.484e+05 1 0)
s>                        ( QUESTION0 -1 -2.855e+05 3.488e+02 1.140e+03
s>                            ( - -8.707e+04 1 0)
s>                            ( QUESTION7 -1 -1.981e+05 2.781e+02 8.100e+02
s>                                ( - -5.926e+04 1 0)
s>                                ( - -1.385e+05 1 0))))))))INFO: dtree.c(1315): Comp split 0
INFO: dtree.c(1478): Final simple tree
|( QUESTION20 -1 -7.520e+05 1.278e+03 2.915e+03
|    ( QUESTION2_7_L -1 -2.078e+05 1.898e+02 7.607e+02
|        ( - -2.060e+05 1 0)
|        ( - -1.653e+03 1 0))
|    ( QUESTION9 -1 -5.429e+05 8.212e+02 2.155e+03
|        ( - -4.094e+04 1 0)
|        ( QUESTION10 -1 -5.011e+05 6.655e+02 1.995e+03
|            ( - -6.612e+04 1 0)
|            ( QUESTION4 -1 -4.344e+05 4.462e+02 1.743e+03
|                ( - -1.484e+05 1 0)
|                ( QUESTION0 -1 -2.855e+05 3.488e+02 1.140e+03
|                    ( - -8.707e+04 1 0)
|                    ( QUESTION7 -1 -1.981e+05 2.781e+02 8.100e+02
|                        ( - -5.926e+04 1 0)
|                        ( - -1.385e+05 1 0)))))))
s>    ( QUESTION20 -1 -7.520e+05 1.278e+03 2.915e+03
s>        ( QUESTION2_7_L -1 -2.078e+05 1.898e+02 7.607e+02
s>            ( - -2.060e+05 1 0)
s>            ( - -1.653e+03 1 0))
s>        ( QUESTION9 -1 -5.429e+05 8.212e+02 2.155e+03
s>            ( - -4.094e+04 1 0)
s>            ( QUESTION10 -1 -5.011e+05 6.655e+02 1.995e+03
s>                ( - -6.612e+04 1 0)
s>                ( QUESTION4 -1 -4.344e+05 4.462e+02 1.743e+03
s>                    ( - -1.484e+05 1 0)
s>                    ( QUESTION0 -1 -2.855e+05 3.488e+02 1.140e+03
s>                        ( - -8.707e+04 1 0)
s>                        ( QUESTION7 -1 -1.981e+05 2.781e+02 8.100e+02
s>                            ( - -5.926e+04 1 0)
s>                            ( - -1.385e+05 1 0)))))))INFO: dtree.c(1315): Comp split 1
INFO: dtree.c(1439): stop. leaf nodes are specific
INFO: dtree.c(1478): Final simple tree
|( QUESTION10 -1 -5.011e+05 6.655e+02 1.995e+03
|    ( - -6.612e+04 1 0)
|    ( QUESTION4 -1 -4.344e+05 4.462e+02 1.743e+03
|        ( - -1.484e+05 1 0)
|        ( QUESTION0 -1 -2.855e+05 3.488e+02 1.140e+03
|            ( - -8.707e+04 1 0)
|            ( QUESTION7 -1 -1.981e+05 2.781e+02 8.100e+02
|                ( - -5.926e+04 1 0)
|                ( - -1.385e+05 1 0)))))
s>    ( QUESTION10 -1 -5.011e+05 6.655e+02 1.995e+03
s>        ( - -6.612e+04 1 0)
s>        ( QUESTION4 -1 -4.344e+05 4.462e+02 1.743e+03
s>            ( - -1.484e+05 1 0)
s>            ( QUESTION0 -1 -2.855e+05 3.488e+02 1.140e+03
s>                ( - -8.707e+04 1 0)
s>                ( QUESTION7 -1 -1.981e+05 2.781e+02 8.100e+02
s>                    ( - -5.926e+04 1 0)
s>                    ( - -1.385e+05 1 0)))))INFO: dtree.c(1439): stop. leaf nodes are specific
INFO: dtree.c(1478): Final simple tree
|( QUESTION2 -1 -2.496e+05 7.869e+02 9.207e+02
|    ( - -4.094e+04 1 0)
|    ( QUESTION2_7_L -1 -2.078e+05 1.898e+02 7.607e+02
|        ( - -2.060e+05 1 0)
|        ( - -1.653e+03 1 0)))
s>    ( QUESTION2 -1 -2.496e+05 7.869e+02 9.207e+02
s>        ( - -4.094e+04 1 0)
s>        ( QUESTION2_7_L -1 -2.078e+05 1.898e+02 7.607e+02
s>            ( - -2.060e+05 1 0)
s>            ( - -1.653e+03 1 0)))INFO: dtree.c(1315): Comp split 2
INFO: dtree.c(1439): stop. leaf nodes are specific
INFO: dtree.c(1478): Final simple tree
|( QUESTION2_7_L -1 -2.078e+05 1.898e+02 7.607e+02
|    ( - -2.060e+05 1 0)
|    ( - -1.653e+03 1 0))
s>    ( QUESTION2_7_L -1 -2.078e+05 1.898e+02 7.607e+02
s>        ( - -2.060e+05 1 0)
s>        ( - -1.653e+03 1 0))INFO: dtree.c(1315): Comp split 3
INFO: dtree.c(1439): stop. leaf nodes are specific
INFO: dtree.c(1478): Final simple tree
|( QUESTION4 -1 -4.344e+05 4.462e+02 1.743e+03
|    ( - -1.484e+05 1 0)
|    ( QUESTION0 -1 -2.855e+05 3.488e+02 1.140e+03
|        ( - -8.707e+04 1 0)
|        ( QUESTION7 -1 -1.981e+05 2.781e+02 8.100e+02
|            ( - -5.926e+04 1 0)
|            ( - -1.385e+05 1 0))))
s>    ( QUESTION4 -1 -4.344e+05 4.462e+02 1.743e+03
s>        ( - -1.484e+05 1 0)
s>        ( QUESTION0 -1 -2.855e+05 3.488e+02 1.140e+03
s>            ( - -8.707e+04 1 0)
s>            ( QUESTION7 -1 -1.981e+05 2.781e+02 8.100e+02
s>                ( - -5.926e+04 1 0)
s>                ( - -1.385e+05 1 0))))INFO: dtree.c(1315): Comp split 4
INFO: dtree.c(1439): stop. leaf nodes are specific
INFO: dtree.c(1478): Final simple tree
|( QUESTION0 -1 -2.259e+05 3.468e+02 9.021e+02
|    ( - -8.707e+04 1 0)
|    ( - -1.385e+05 1 0))
s>    ( QUESTION0 -1 -2.259e+05 3.468e+02 9.021e+02
s>        ( - -8.707e+04 1 0)
s>        ( - -1.385e+05 1 0))INFO: dtree.c(1439): stop. leaf nodes are specific
INFO: dtree.c(1478): Final simple tree
|( QUESTION4 -1 -2.079e+05 2.200e+02 8.408e+02
|    ( - -1.484e+05 1 0)
|    ( - -5.926e+04 1 0))
s>    ( QUESTION4 -1 -2.079e+05 2.200e+02 8.408e+02
s>        ( - -1.484e+05 1 0)
s>        ( - -5.926e+04 1 0))INFO: dtree.c(1315): Comp split 5
INFO: dtree.c(1315): Comp split 6
INFO: dtree.c(1315): Comp split 7
INFO: dtree.c(1315): Comp split 8
INFO: dtree.c(1318): stop. leaf nodes are specific
!!!!!!!!Allocated 67 lines
Wed Apr  6 14:10:35 2016
