Current configuration:
[NAME]		[DEFLT]	[VALUE]
-allphones	no	no
-cntthresh	0.00001	1.000000e-05
-csplitmax	100	2000
-csplitmin	1	1
-csplitthr	8e-4	0.000000e+00
-example	no	no
-fullvar	no	no
-help		no	no
-meanfn			/home/nguyenvanthinh/Desktop/Git/speech recognition  demo/acoustic/model_parameters/digit.cd_cont_untied/means
-mixwfn			/home/nguyenvanthinh/Desktop/Git/speech recognition  demo/acoustic/model_parameters/digit.cd_cont_untied/mixture_weights
-moddeffn		/home/nguyenvanthinh/Desktop/Git/speech recognition  demo/acoustic/model_architecture/digit.untied.mdef
-mwfloor	1e-4	1.000000e-08
-phone			m
-psetfn			/home/nguyenvanthinh/Desktop/Git/speech recognition  demo/acoustic/model_architecture/digit.tree_questions
-ssplitmax	5	7
-ssplitmin	1	1
-ssplitthr	8e-4	0.000000e+00
-state			1
-stwt			1.0,0.05,0.0,
-treefn			/home/nguyenvanthinh/Desktop/Git/speech recognition  demo/acoustic/trees/digit.unpruned/m-1.dtree
-ts2cbfn	.semi.	.cont.
-varfloor	0.00001	1.000000e-05
-varfn			/home/nguyenvanthinh/Desktop/Git/speech recognition  demo/acoustic/model_parameters/digit.cd_cont_untied/variances

INFO: main.c(223): Reading: /home/nguyenvanthinh/Desktop/Git/speech recognition  demo/acoustic/model_architecture/digit.untied.mdef
INFO: model_def_io.c(573): Model definition info:
INFO: model_def_io.c(574): 326 total models defined (31 base, 295 tri)
INFO: model_def_io.c(575): 1304 total states
INFO: model_def_io.c(576): 978 total tied states
INFO: model_def_io.c(577): 93 total tied CI states
INFO: model_def_io.c(578): 31 total tied transition matrices
INFO: model_def_io.c(579): 4 max state/model
INFO: model_def_io.c(580): 4 min state/model
INFO: main.c(242): Building trees for [m SIL ooj b] through [m uz uw b]
INFO: main.c(269): Covering states |[432 488]| == 57
INFO: main.c(275): Reading: /home/nguyenvanthinh/Desktop/Git/speech recognition  demo/acoustic/model_parameters/digit.cd_cont_untied/mixture_weights
INFO: s3mixw_io.c(173): Read /home/nguyenvanthinh/Desktop/Git/speech recognition  demo/acoustic/model_parameters/digit.cd_cont_untied/mixture_weights [57x1x1 array]
INFO: main.c(311): 19 of 19 models have observation count greater than 0.000010
INFO: main.c(95): nrm stwt: 0.045 0.909 0.045 
INFO: s3gau_io.c(169): Read /home/nguyenvanthinh/Desktop/Git/speech recognition  demo/acoustic/model_parameters/digit.cd_cont_untied/means [978x1x1 array]
INFO: s3gau_io.c(169): Read /home/nguyenvanthinh/Desktop/Git/speech recognition  demo/acoustic/model_parameters/digit.cd_cont_untied/variances [978x1x1 array]
INFO: main.c(549): Reading: /home/nguyenvanthinh/Desktop/Git/speech recognition  demo/acoustic/model_architecture/digit.tree_questions
INFO: main.c(588): 178 total simple questions (170 phone; 8 word bndry)
INFO: main.c(590): 42 Left Only questions, and 40 Right Only questions
INFO: dtree.c(1478): Final simple tree
|( QUESTION20 -1 -5.849e+05 4.468e+03 2.534e+03
|    ( QUESTION0_19_R 1 -1.778e+05 1.378e+03 8.230e+02
|        ( - -8.931e+04 1 0)
|        ( - -8.707e+04 2 0 QUESTION0_14_R 1 6.439e+02 4.051e+02))
|    ( QUESTION0_19_R 1 -4.027e+05 1.764e+03 1.711e+03
|        ( QUESTION2_0_L -1 -3.427e+05 1.176e+03 1.451e+03
|            ( QUESTION3 -1 -2.332e+05 1.193e+03 9.926e+02
|                ( - -1.481e+05 2 0 QUESTION4 -1 6.889e+02 6.294e+02)
|                ( QUESTION0 -1 -8.392e+04 7.255e+02 3.632e+02
|                    ( - -4.374e+04 1 0)
|                    ( - -3.945e+04 1 0)))
|            ( QUESTION2 -1 -1.083e+05 9.578e+02 4.582e+02
|                ( - -3.278e+04 1 0)
|                ( - -7.455e+04 2 0 SILENCE -1 3.994e+02 3.206e+02)))
|        ( - -5.818e+04 9 0 QUESTION3 -1 6.782e+02 2.603e+02)))
s>    ( QUESTION20 -1 -5.849e+05 4.468e+03 2.534e+03
s>        ( QUESTION0_19_R 1 -1.778e+05 1.378e+03 8.230e+02
s>            ( - -8.931e+04 1 0)
s>            ( - -8.707e+04 2 0 QUESTION0_14_R 1 6.439e+02 4.051e+02))
s>        ( QUESTION0_19_R 1 -4.027e+05 1.764e+03 1.711e+03
s>            ( QUESTION2_0_L -1 -3.427e+05 1.176e+03 1.451e+03
s>                ( QUESTION3 -1 -2.332e+05 1.193e+03 9.926e+02
s>                    ( - -1.481e+05 2 0 QUESTION4 -1 6.889e+02 6.294e+02)
s>                    ( QUESTION0 -1 -8.392e+04 7.255e+02 3.632e+02
s>                        ( - -4.374e+04 1 0)
s>                        ( - -3.945e+04 1 0)))
s>                ( QUESTION2 -1 -1.083e+05 9.578e+02 4.582e+02
s>                    ( - -3.278e+04 1 0)
s>                    ( - -7.455e+04 2 0 SILENCE -1 3.994e+02 3.206e+02)))
s>            ( - -5.818e+04 9 0 QUESTION3 -1 6.782e+02 2.603e+02)))INFO: dtree.c(1315): Comp split 0
INFO: dtree.c(1439): stop. leaf nodes are specific
INFO: dtree.c(1478): Final simple tree
|( QUESTION2 -1 -2.978e+05 1.151e+03 1.262e+03
|    ( QUESTION3 -1 -2.221e+05 1.005e+03 9.411e+02
|        ( QUESTION8 -1 -1.816e+05 7.877e+02 7.670e+02
|            ( - -7.695e+04 1 0)
|            ( QUESTION4 -1 -1.039e+05 6.303e+02 4.348e+02
|                ( - -7.049e+04 1 0)
|                ( - -3.278e+04 1 0)))
|        ( - -3.945e+04 1 0))
|    ( SILENCE -1 -7.455e+04 3.994e+02 3.206e+02
|        ( - -2.934e+04 1 0)
|        ( - -4.482e+04 1 0)))
s>    ( QUESTION2 -1 -2.978e+05 1.151e+03 1.262e+03
s>        ( QUESTION3 -1 -2.221e+05 1.005e+03 9.411e+02
s>            ( QUESTION8 -1 -1.816e+05 7.877e+02 7.670e+02
s>                ( - -7.695e+04 1 0)
s>                ( QUESTION4 -1 -1.039e+05 6.303e+02 4.348e+02
s>                    ( - -7.049e+04 1 0)
s>                    ( - -3.278e+04 1 0)))
s>            ( - -3.945e+04 1 0))
s>        ( SILENCE -1 -7.455e+04 3.994e+02 3.206e+02
s>            ( - -2.934e+04 1 0)
s>            ( - -4.482e+04 1 0)))INFO: dtree.c(1478): Final simple tree
|( QUESTION0_19_R 1 -2.820e+05 1.596e+03 1.272e+03
|    ( QUESTION0 -1 -1.337e+05 6.516e+02 6.070e+02
|        ( - -4.374e+04 1 0)
|        ( - -8.931e+04 1 0))
|    ( QUESTION10 -1 -1.467e+05 1.449e+03 6.654e+02
|        ( QUESTION0_14_R 1 -8.707e+04 6.439e+02 4.051e+02
|            ( - -7.551e+04 1 0)
|            ( - -1.092e+04 1 0))
|        ( QUESTION3 -1 -5.818e+04 6.782e+02 2.603e+02
|            ( QUESTION7 -1 -2.866e+04 5.451e+02 1.287e+02
|                ( - 2.159e+02 1 0)
|                ( - -2.833e+04 4 0 QUESTION0_14_R 1 3.739e+02 1.277e+02))
|            ( QUESTION0 -1 -2.884e+04 4.360e+02 1.316e+02
|                ( - -1.303e+04 2 0 QUESTION0_14_R 1 1.837e+02 5.884e+01)
|                ( - -1.537e+04 2 0 QUESTION0_14_R 1 1.764e+02 7.277e+01)))))
s>    ( QUESTION0_19_R 1 -2.820e+05 1.596e+03 1.272e+03
s>        ( QUESTION0 -1 -1.337e+05 6.516e+02 6.070e+02
s>            ( - -4.374e+04 1 0)
s>            ( - -8.931e+04 1 0))
s>        ( QUESTION10 -1 -1.467e+05 1.449e+03 6.654e+02
s>            ( QUESTION0_14_R 1 -8.707e+04 6.439e+02 4.051e+02
s>                ( - -7.551e+04 1 0)
s>                ( - -1.092e+04 1 0))
s>            ( QUESTION3 -1 -5.818e+04 6.782e+02 2.603e+02
s>                ( QUESTION7 -1 -2.866e+04 5.451e+02 1.287e+02
s>                    ( - 2.159e+02 1 0)
s>                    ( - -2.833e+04 4 0 QUESTION0_14_R 1 3.739e+02 1.277e+02))
s>                ( QUESTION0 -1 -2.884e+04 4.360e+02 1.316e+02
s>                    ( - -1.303e+04 2 0 QUESTION0_14_R 1 1.837e+02 5.884e+01)
s>                    ( - -1.537e+04 2 0 QUESTION0_14_R 1 1.764e+02 7.277e+01)))))INFO: dtree.c(1315): Comp split 1
INFO: dtree.c(1478): Final simple tree
|( QUESTION0_19_R 1 -2.048e+05 1.518e+03 9.178e+02
|    ( QUESTION0 -1 -1.337e+05 6.516e+02 6.070e+02
|        ( - -4.374e+04 1 0)
|        ( - -8.931e+04 1 0))
|    ( QUESTION3 -1 -6.959e+04 6.620e+02 3.107e+02
|        ( QUESTION7 -1 -2.866e+04 5.451e+02 1.287e+02
|            ( - 2.159e+02 1 0)
|            ( QUESTION0_14_R 1 -2.833e+04 3.739e+02 1.277e+02
|                ( - -1.326e+04 2 0 QUESTION4 -1 2.228e+02 6.128e+01)
|                ( - -1.470e+04 2 0 QUESTION4 -1 2.322e+02 6.641e+01)))
|        ( QUESTION2 -1 -4.027e+04 5.222e+02 1.820e+02
|            ( - -1.537e+04 2 0 QUESTION0_14_R 1 1.764e+02 7.277e+01)
|            ( QUESTION0 -1 -2.437e+04 4.184e+02 1.093e+02
|                ( - -1.303e+04 2 0 QUESTION0_14_R 1 1.837e+02 5.884e+01)
|                ( - -1.092e+04 1 0)))))
s>    ( QUESTION0_19_R 1 -2.048e+05 1.518e+03 9.178e+02
s>        ( QUESTION0 -1 -1.337e+05 6.516e+02 6.070e+02
s>            ( - -4.374e+04 1 0)
s>            ( - -8.931e+04 1 0))
s>        ( QUESTION3 -1 -6.959e+04 6.620e+02 3.107e+02
s>            ( QUESTION7 -1 -2.866e+04 5.451e+02 1.287e+02
s>                ( - 2.159e+02 1 0)
s>                ( QUESTION0_14_R 1 -2.833e+04 3.739e+02 1.277e+02
s>                    ( - -1.326e+04 2 0 QUESTION4 -1 2.228e+02 6.128e+01)
s>                    ( - -1.470e+04 2 0 QUESTION4 -1 2.322e+02 6.641e+01)))
s>            ( QUESTION2 -1 -4.027e+04 5.222e+02 1.820e+02
s>                ( - -1.537e+04 2 0 QUESTION0_14_R 1 1.764e+02 7.277e+01)
s>                ( QUESTION0 -1 -2.437e+04 4.184e+02 1.093e+02
s>                    ( - -1.303e+04 2 0 QUESTION0_14_R 1 1.837e+02 5.884e+01)
s>                    ( - -1.092e+04 1 0)))))INFO: dtree.c(1315): Comp split 2
INFO: dtree.c(1478): Final simple tree
|( QUESTION3 -1 -6.959e+04 6.620e+02 3.107e+02
|    ( QUESTION7 -1 -2.866e+04 5.451e+02 1.287e+02
|        ( - 2.159e+02 1 0)
|        ( QUESTION0_14_R 1 -2.833e+04 3.739e+02 1.277e+02
|            ( QUESTION4 -1 -1.326e+04 2.228e+02 6.128e+01
|                ( - -6.079e+03 1 0)
|                ( - -6.954e+03 1 0))
|            ( QUESTION4 -1 -1.470e+04 2.322e+02 6.641e+01
|                ( - -7.544e+03 1 0)
|                ( - -6.928e+03 1 0))))
|    ( QUESTION2 -1 -4.027e+04 5.222e+02 1.820e+02
|        ( - -1.537e+04 2 0 QUESTION0_14_R 1 1.764e+02 7.277e+01)
|        ( QUESTION0 -1 -2.437e+04 4.184e+02 1.093e+02
|            ( - -1.303e+04 2 0 QUESTION0_14_R 1 1.837e+02 5.884e+01)
|            ( - -1.092e+04 1 0))))
s>    ( QUESTION3 -1 -6.959e+04 6.620e+02 3.107e+02
s>        ( QUESTION7 -1 -2.866e+04 5.451e+02 1.287e+02
s>            ( - 2.159e+02 1 0)
s>            ( QUESTION0_14_R 1 -2.833e+04 3.739e+02 1.277e+02
s>                ( QUESTION4 -1 -1.326e+04 2.228e+02 6.128e+01
s>                    ( - -6.079e+03 1 0)
s>                    ( - -6.954e+03 1 0))
s>                ( QUESTION4 -1 -1.470e+04 2.322e+02 6.641e+01
s>                    ( - -7.544e+03 1 0)
s>                    ( - -6.928e+03 1 0))))
s>        ( QUESTION2 -1 -4.027e+04 5.222e+02 1.820e+02
s>            ( - -1.537e+04 2 0 QUESTION0_14_R 1 1.764e+02 7.277e+01)
s>            ( QUESTION0 -1 -2.437e+04 4.184e+02 1.093e+02
s>                ( - -1.303e+04 2 0 QUESTION0_14_R 1 1.837e+02 5.884e+01)
s>                ( - -1.092e+04 1 0))))INFO: dtree.c(1439): stop. leaf nodes are specific
INFO: dtree.c(1478): Final simple tree
|( QUESTION0 -1 -1.337e+05 6.516e+02 6.070e+02
|    ( - -4.374e+04 1 0)
|    ( - -8.931e+04 1 0))
s>    ( QUESTION0 -1 -1.337e+05 6.516e+02 6.070e+02
s>        ( - -4.374e+04 1 0)
s>        ( - -8.931e+04 1 0))INFO: dtree.c(1315): Comp split 3
INFO: dtree.c(1439): stop. leaf nodes are specific
INFO: dtree.c(1478): Final simple tree
|( QUESTION3 -1 -2.221e+05 1.005e+03 9.411e+02
|    ( QUESTION8 -1 -1.816e+05 7.877e+02 7.670e+02
|        ( - -7.695e+04 1 0)
|        ( QUESTION4 -1 -1.039e+05 6.303e+02 4.348e+02
|            ( - -7.049e+04 1 0)
|            ( - -3.278e+04 1 0)))
|    ( - -3.945e+04 1 0))
s>    ( QUESTION3 -1 -2.221e+05 1.005e+03 9.411e+02
s>        ( QUESTION8 -1 -1.816e+05 7.877e+02 7.670e+02
s>            ( - -7.695e+04 1 0)
s>            ( QUESTION4 -1 -1.039e+05 6.303e+02 4.348e+02
s>                ( - -7.049e+04 1 0)
s>                ( - -3.278e+04 1 0)))
s>        ( - -3.945e+04 1 0))INFO: dtree.c(1439): stop. leaf nodes are specific
INFO: dtree.c(1478): Final simple tree
|( SILENCE -1 -7.455e+04 3.994e+02 3.206e+02
|    ( - -2.934e+04 1 0)
|    ( - -4.482e+04 1 0))
s>    ( SILENCE -1 -7.455e+04 3.994e+02 3.206e+02
s>        ( - -2.934e+04 1 0)
s>        ( - -4.482e+04 1 0))INFO: dtree.c(1315): Comp split 4
INFO: dtree.c(1439): stop. leaf nodes are specific
INFO: dtree.c(1478): Final simple tree
|( QUESTION4 -1 -1.481e+05 6.889e+02 6.294e+02
|    ( - -7.049e+04 1 0)
|    ( - -7.695e+04 1 0))
s>    ( QUESTION4 -1 -1.481e+05 6.889e+02 6.294e+02
s>        ( - -7.049e+04 1 0)
s>        ( - -7.695e+04 1 0))INFO: dtree.c(1439): stop. leaf nodes are specific
INFO: dtree.c(1478): Final simple tree
|( QUESTION3 -1 -7.296e+04 7.239e+02 3.117e+02
|    ( - -3.278e+04 1 0)
|    ( - -3.945e+04 1 0))
s>    ( QUESTION3 -1 -7.296e+04 7.239e+02 3.117e+02
s>        ( - -3.278e+04 1 0)
s>        ( - -3.945e+04 1 0))INFO: dtree.c(1315): Comp split 5
INFO: dtree.c(1315): Comp split 6
INFO: dtree.c(1315): Comp split 7
INFO: dtree.c(1439): stop. leaf nodes are specific
INFO: dtree.c(1478): Final simple tree
|( QUESTION7 -1 -2.866e+04 5.451e+02 1.287e+02
|    ( - 2.159e+02 1 0)
|    ( QUESTION0_14_R 1 -2.833e+04 3.739e+02 1.277e+02
|        ( QUESTION4 -1 -1.326e+04 2.228e+02 6.128e+01
|            ( - -6.079e+03 1 0)
|            ( - -6.954e+03 1 0))
|        ( QUESTION4 -1 -1.470e+04 2.322e+02 6.641e+01
|            ( - -7.544e+03 1 0)
|            ( - -6.928e+03 1 0))))
s>    ( QUESTION7 -1 -2.866e+04 5.451e+02 1.287e+02
s>        ( - 2.159e+02 1 0)
s>        ( QUESTION0_14_R 1 -2.833e+04 3.739e+02 1.277e+02
s>            ( QUESTION4 -1 -1.326e+04 2.228e+02 6.128e+01
s>                ( - -6.079e+03 1 0)
s>                ( - -6.954e+03 1 0))
s>            ( QUESTION4 -1 -1.470e+04 2.322e+02 6.641e+01
s>                ( - -7.544e+03 1 0)
s>                ( - -6.928e+03 1 0))))INFO: dtree.c(1439): stop. leaf nodes are specific
INFO: dtree.c(1478): Final simple tree
|( QUESTION2 -1 -4.027e+04 5.222e+02 1.820e+02
|    ( QUESTION0_14_R 1 -1.537e+04 1.764e+02 7.277e+01
|        ( - -9.405e+03 1 0)
|        ( - -5.792e+03 1 0))
|    ( QUESTION0 -1 -2.437e+04 4.184e+02 1.093e+02
|        ( QUESTION0_14_R 1 -1.303e+04 1.837e+02 5.884e+01
|            ( - -5.713e+03 1 0)
|            ( - -7.136e+03 1 0))
|        ( - -1.092e+04 1 0)))
s>    ( QUESTION2 -1 -4.027e+04 5.222e+02 1.820e+02
s>        ( QUESTION0_14_R 1 -1.537e+04 1.764e+02 7.277e+01
s>            ( - -9.405e+03 1 0)
s>            ( - -5.792e+03 1 0))
s>        ( QUESTION0 -1 -2.437e+04 4.184e+02 1.093e+02
s>            ( QUESTION0_14_R 1 -1.303e+04 1.837e+02 5.884e+01
s>                ( - -5.713e+03 1 0)
s>                ( - -7.136e+03 1 0))
s>            ( - -1.092e+04 1 0)))INFO: dtree.c(1315): Comp split 8
INFO: dtree.c(1315): Comp split 9
INFO: dtree.c(1439): stop. leaf nodes are specific
INFO: dtree.c(1478): Final simple tree
|( QUESTION0_14_R 1 -2.833e+04 3.739e+02 1.277e+02
|    ( QUESTION4 -1 -1.326e+04 2.228e+02 6.128e+01
|        ( - -6.079e+03 1 0)
|        ( - -6.954e+03 1 0))
|    ( QUESTION4 -1 -1.470e+04 2.322e+02 6.641e+01
|        ( - -7.544e+03 1 0)
|        ( - -6.928e+03 1 0)))
s>    ( QUESTION0_14_R 1 -2.833e+04 3.739e+02 1.277e+02
s>        ( QUESTION4 -1 -1.326e+04 2.228e+02 6.128e+01
s>            ( - -6.079e+03 1 0)
s>            ( - -6.954e+03 1 0))
s>        ( QUESTION4 -1 -1.470e+04 2.322e+02 6.641e+01
s>            ( - -7.544e+03 1 0)
s>            ( - -6.928e+03 1 0)))INFO: dtree.c(1315): Comp split 10
INFO: dtree.c(1439): stop. leaf nodes are specific
INFO: dtree.c(1478): Final simple tree
|( QUESTION0 -1 -2.437e+04 4.184e+02 1.093e+02
|    ( QUESTION0_14_R 1 -1.303e+04 1.837e+02 5.884e+01
|        ( - -5.713e+03 1 0)
|        ( - -7.136e+03 1 0))
|    ( - -1.092e+04 1 0))
s>    ( QUESTION0 -1 -2.437e+04 4.184e+02 1.093e+02
s>        ( QUESTION0_14_R 1 -1.303e+04 1.837e+02 5.884e+01
s>            ( - -5.713e+03 1 0)
s>            ( - -7.136e+03 1 0))
s>        ( - -1.092e+04 1 0))INFO: dtree.c(1439): stop. leaf nodes are specific
INFO: dtree.c(1478): Final simple tree
|( QUESTION0_14_R 1 -1.537e+04 1.764e+02 7.277e+01
|    ( - -9.405e+03 1 0)
|    ( - -5.792e+03 1 0))
s>    ( QUESTION0_14_R 1 -1.537e+04 1.764e+02 7.277e+01
s>        ( - -9.405e+03 1 0)
s>        ( - -5.792e+03 1 0))INFO: dtree.c(1315): Comp split 11
INFO: dtree.c(1439): stop. leaf nodes are specific
INFO: dtree.c(1478): Final simple tree
|( QUESTION0_14_R 1 -1.303e+04 1.837e+02 5.884e+01
|    ( - -5.713e+03 1 0)
|    ( - -7.136e+03 1 0))
s>    ( QUESTION0_14_R 1 -1.303e+04 1.837e+02 5.884e+01
s>        ( - -5.713e+03 1 0)
s>        ( - -7.136e+03 1 0))INFO: dtree.c(1315): Comp split 12
INFO: dtree.c(1315): Comp split 13
INFO: dtree.c(1439): stop. leaf nodes are specific
INFO: dtree.c(1478): Final simple tree
|( QUESTION4 -1 -1.470e+04 2.322e+02 6.641e+01
|    ( - -7.544e+03 1 0)
|    ( - -6.928e+03 1 0))
s>    ( QUESTION4 -1 -1.470e+04 2.322e+02 6.641e+01
s>        ( - -7.544e+03 1 0)
s>        ( - -6.928e+03 1 0))INFO: dtree.c(1439): stop. leaf nodes are specific
INFO: dtree.c(1478): Final simple tree
|( QUESTION4 -1 -1.326e+04 2.228e+02 6.128e+01
|    ( - -6.079e+03 1 0)
|    ( - -6.954e+03 1 0))
s>    ( QUESTION4 -1 -1.326e+04 2.228e+02 6.128e+01
s>        ( - -6.079e+03 1 0)
s>        ( - -6.954e+03 1 0))INFO: dtree.c(1315): Comp split 14
INFO: dtree.c(1315): Comp split 15
INFO: dtree.c(1315): Comp split 16
INFO: dtree.c(1315): Comp split 17
INFO: dtree.c(1315): Comp split 18
INFO: dtree.c(1318): stop. leaf nodes are specific
!!!!!!!!Allocated 67 lines
Wed Apr  6 14:10:33 2016
