Current configuration:
[NAME]		[DEFLT]	[VALUE]
-allphones	no	no
-cntthresh	0.00001	1.000000e-05
-csplitmax	100	2000
-csplitmin	1	1
-csplitthr	8e-4	0.000000e+00
-example	no	no
-fullvar	no	no
-help		no	no
-meanfn			/home/nguyenvanthinh/Desktop/Git/speech recognition  demo/acoustic/model_parameters/digit.cd_cont_untied/means
-mixwfn			/home/nguyenvanthinh/Desktop/Git/speech recognition  demo/acoustic/model_parameters/digit.cd_cont_untied/mixture_weights
-moddeffn		/home/nguyenvanthinh/Desktop/Git/speech recognition  demo/acoustic/model_architecture/digit.untied.mdef
-mwfloor	1e-4	1.000000e-08
-phone			tc
-psetfn			/home/nguyenvanthinh/Desktop/Git/speech recognition  demo/acoustic/model_architecture/digit.tree_questions
-ssplitmax	5	7
-ssplitmin	1	1
-ssplitthr	8e-4	0.000000e+00
-state			0
-stwt			1.0,0.05,0.0,
-treefn			/home/nguyenvanthinh/Desktop/Git/speech recognition  demo/acoustic/trees/digit.unpruned/tc-0.dtree
-ts2cbfn	.semi.	.cont.
-varfloor	0.00001	1.000000e-05
-varfn			/home/nguyenvanthinh/Desktop/Git/speech recognition  demo/acoustic/model_parameters/digit.cd_cont_untied/variances

INFO: main.c(223): Reading: /home/nguyenvanthinh/Desktop/Git/speech recognition  demo/acoustic/model_architecture/digit.untied.mdef
INFO: model_def_io.c(573): Model definition info:
INFO: model_def_io.c(574): 326 total models defined (31 base, 295 tri)
INFO: model_def_io.c(575): 1304 total states
INFO: model_def_io.c(576): 978 total tied states
INFO: model_def_io.c(577): 93 total tied CI states
INFO: model_def_io.c(578): 31 total tied transition matrices
INFO: model_def_io.c(579): 4 max state/model
INFO: model_def_io.c(580): 4 min state/model
INFO: main.c(242): Building trees for [tc ooj SIL e] through [tc oos ng e]
INFO: main.c(269): Covering states |[837 890]| == 54
INFO: main.c(275): Reading: /home/nguyenvanthinh/Desktop/Git/speech recognition  demo/acoustic/model_parameters/digit.cd_cont_untied/mixture_weights
INFO: s3mixw_io.c(173): Read /home/nguyenvanthinh/Desktop/Git/speech recognition  demo/acoustic/model_parameters/digit.cd_cont_untied/mixture_weights [54x1x1 array]
INFO: main.c(311): 18 of 18 models have observation count greater than 0.000010
INFO: main.c(95): nrm stwt: 0.952 0.048 0.000 
INFO: s3gau_io.c(169): Read /home/nguyenvanthinh/Desktop/Git/speech recognition  demo/acoustic/model_parameters/digit.cd_cont_untied/means [978x1x1 array]
INFO: s3gau_io.c(169): Read /home/nguyenvanthinh/Desktop/Git/speech recognition  demo/acoustic/model_parameters/digit.cd_cont_untied/variances [978x1x1 array]
INFO: main.c(549): Reading: /home/nguyenvanthinh/Desktop/Git/speech recognition  demo/acoustic/model_architecture/digit.tree_questions
INFO: main.c(588): 178 total simple questions (170 phone; 8 word bndry)
INFO: main.c(590): 42 Left Only questions, and 40 Right Only questions
INFO: dtree.c(1478): Final simple tree
|( QUESTION3 -1 -2.985e+05 2.493e+03 1.286e+03
|    ( QUESTION0_11_R 1 -2.680e+05 1.406e+03 1.170e+03
|        ( - -5.618e+04 2 0 QUESTION0_17_R 1 1.616e+02 2.545e+02)
|        ( QUESTION0_8_R 1 -2.104e+05 4.450e+02 9.155e+02
|            ( QUESTION0_9_R 1 -1.153e+05 3.069e+02 5.005e+02
|                ( - -3.761e+04 2 0 QUESTION11 1 1.145e+02 1.650e+02)
|                ( - -7.736e+04 4 0))
|            ( SILENCE 1 -9.469e+04 2.159e+02 4.150e+02
|                ( - -8.138e+03 1 0)
|                ( - -8.634e+04 2 0 QUESTION14 1 1.335e+02 3.787e+02))))
|    ( QUESTION0_11_R 1 -2.799e+04 2.507e+02 1.159e+02
|        ( - -1.259e+04 1 0)
|        ( QUESTION0_9_R 1 -1.515e+04 2.150e+02 6.254e+01
|            ( - -6.892e+02 1 0)
|            ( - -1.424e+04 5 0 QUESTION0_8_R 1 1.657e+02 5.854e+01))))
s>    ( QUESTION3 -1 -2.985e+05 2.493e+03 1.286e+03
s>        ( QUESTION0_11_R 1 -2.680e+05 1.406e+03 1.170e+03
s>            ( - -5.618e+04 2 0 QUESTION0_17_R 1 1.616e+02 2.545e+02)
s>            ( QUESTION0_8_R 1 -2.104e+05 4.450e+02 9.155e+02
s>                ( QUESTION0_9_R 1 -1.153e+05 3.069e+02 5.005e+02
s>                    ( - -3.761e+04 2 0 QUESTION11 1 1.145e+02 1.650e+02)
s>                    ( - -7.736e+04 4 0))
s>                ( SILENCE 1 -9.469e+04 2.159e+02 4.150e+02
s>                    ( - -8.138e+03 1 0)
s>                    ( - -8.634e+04 2 0 QUESTION14 1 1.335e+02 3.787e+02))))
s>        ( QUESTION0_11_R 1 -2.799e+04 2.507e+02 1.159e+02
s>            ( - -1.259e+04 1 0)
s>            ( QUESTION0_9_R 1 -1.515e+04 2.150e+02 6.254e+01
s>                ( - -6.892e+02 1 0)
s>                ( - -1.424e+04 5 0 QUESTION0_8_R 1 1.657e+02 5.854e+01))))INFO: dtree.c(1315): Comp split 0
INFO: dtree.c(1478): Final simple tree
|( QUESTION0_11_R 1 -2.680e+05 1.406e+03 1.170e+03
|    ( QUESTION0_17_R 1 -5.618e+04 1.616e+02 2.545e+02
|        ( - -4.484e+03 1 0)
|        ( - -5.154e+04 1 0))
|    ( QUESTION0_8_R 1 -2.104e+05 4.450e+02 9.155e+02
|        ( QUESTION0_9_R 1 -1.153e+05 3.069e+02 5.005e+02
|            ( QUESTION11 1 -3.761e+04 1.145e+02 1.650e+02
|                ( - -1.914e+04 1 0)
|                ( - -1.836e+04 1 0))
|            ( - -7.736e+04 4 0))
|        ( SILENCE 1 -9.469e+04 2.159e+02 4.150e+02
|            ( - -8.138e+03 1 0)
|            ( QUESTION14 1 -8.634e+04 1.335e+02 3.787e+02
|                ( - -6.268e+04 1 0)
|                ( - -2.352e+04 1 0)))))
s>    ( QUESTION0_11_R 1 -2.680e+05 1.406e+03 1.170e+03
s>        ( QUESTION0_17_R 1 -5.618e+04 1.616e+02 2.545e+02
s>            ( - -4.484e+03 1 0)
s>            ( - -5.154e+04 1 0))
s>        ( QUESTION0_8_R 1 -2.104e+05 4.450e+02 9.155e+02
s>            ( QUESTION0_9_R 1 -1.153e+05 3.069e+02 5.005e+02
s>                ( QUESTION11 1 -3.761e+04 1.145e+02 1.650e+02
s>                    ( - -1.914e+04 1 0)
s>                    ( - -1.836e+04 1 0))
s>                ( - -7.736e+04 4 0))
s>            ( SILENCE 1 -9.469e+04 2.159e+02 4.150e+02
s>                ( - -8.138e+03 1 0)
s>                ( QUESTION14 1 -8.634e+04 1.335e+02 3.787e+02
s>                    ( - -6.268e+04 1 0)
s>                    ( - -2.352e+04 1 0)))))INFO: dtree.c(1439): stop. leaf nodes are specific
INFO: dtree.c(1478): Final simple tree
|( QUESTION0_11_R 1 -2.799e+04 2.507e+02 1.159e+02
|    ( - -1.259e+04 1 0)
|    ( QUESTION0_9_R 1 -1.515e+04 2.150e+02 6.254e+01
|        ( - -6.892e+02 1 0)
|        ( QUESTION0_8_R 1 -1.424e+04 1.657e+02 5.854e+01
|            ( - -5.370e+03 3 0)
|            ( SILENCE 1 -8.707e+03 1.195e+02 3.611e+01
|                ( - -5.723e+03 1 0)
|                ( - -2.865e+03 1 0)))))
s>    ( QUESTION0_11_R 1 -2.799e+04 2.507e+02 1.159e+02
s>        ( - -1.259e+04 1 0)
s>        ( QUESTION0_9_R 1 -1.515e+04 2.150e+02 6.254e+01
s>            ( - -6.892e+02 1 0)
s>            ( QUESTION0_8_R 1 -1.424e+04 1.657e+02 5.854e+01
s>                ( - -5.370e+03 3 0)
s>                ( SILENCE 1 -8.707e+03 1.195e+02 3.611e+01
s>                    ( - -5.723e+03 1 0)
s>                    ( - -2.865e+03 1 0)))))INFO: dtree.c(1315): Comp split 1
INFO: dtree.c(1439): stop. leaf nodes are specific
INFO: dtree.c(1478): Final simple tree
|( QUESTION0_8_R 1 -2.104e+05 4.450e+02 9.155e+02
|    ( QUESTION0_9_R 1 -1.153e+05 3.069e+02 5.005e+02
|        ( QUESTION11 1 -3.761e+04 1.145e+02 1.650e+02
|            ( - -1.914e+04 1 0)
|            ( - -1.836e+04 1 0))
|        ( - -7.736e+04 4 0))
|    ( SILENCE 1 -9.469e+04 2.159e+02 4.150e+02
|        ( - -8.138e+03 1 0)
|        ( QUESTION14 1 -8.634e+04 1.335e+02 3.787e+02
|            ( - -6.268e+04 1 0)
|            ( - -2.352e+04 1 0))))
s>    ( QUESTION0_8_R 1 -2.104e+05 4.450e+02 9.155e+02
s>        ( QUESTION0_9_R 1 -1.153e+05 3.069e+02 5.005e+02
s>            ( QUESTION11 1 -3.761e+04 1.145e+02 1.650e+02
s>                ( - -1.914e+04 1 0)
s>                ( - -1.836e+04 1 0))
s>            ( - -7.736e+04 4 0))
s>        ( SILENCE 1 -9.469e+04 2.159e+02 4.150e+02
s>            ( - -8.138e+03 1 0)
s>            ( QUESTION14 1 -8.634e+04 1.335e+02 3.787e+02
s>                ( - -6.268e+04 1 0)
s>                ( - -2.352e+04 1 0))))INFO: dtree.c(1439): stop. leaf nodes are specific
INFO: dtree.c(1478): Final simple tree
|( QUESTION0_17_R 1 -5.618e+04 1.616e+02 2.545e+02
|    ( - -4.484e+03 1 0)
|    ( - -5.154e+04 1 0))
s>    ( QUESTION0_17_R 1 -5.618e+04 1.616e+02 2.545e+02
s>        ( - -4.484e+03 1 0)
s>        ( - -5.154e+04 1 0))INFO: dtree.c(1315): Comp split 2
INFO: dtree.c(1439): stop. leaf nodes are specific
INFO: dtree.c(1478): Final simple tree
|( SILENCE 1 -9.469e+04 2.159e+02 4.150e+02
|    ( - -8.138e+03 1 0)
|    ( QUESTION14 1 -8.634e+04 1.335e+02 3.787e+02
|        ( - -6.268e+04 1 0)
|        ( - -2.352e+04 1 0)))
s>    ( SILENCE 1 -9.469e+04 2.159e+02 4.150e+02
s>        ( - -8.138e+03 1 0)
s>        ( QUESTION14 1 -8.634e+04 1.335e+02 3.787e+02
s>            ( - -6.268e+04 1 0)
s>            ( - -2.352e+04 1 0)))INFO: dtree.c(1439): stop. leaf nodes are specific
INFO: dtree.c(1478): Final simple tree
|( QUESTION0_9_R 1 -1.153e+05 3.069e+02 5.005e+02
|    ( QUESTION11 1 -3.761e+04 1.145e+02 1.650e+02
|        ( - -1.914e+04 1 0)
|        ( - -1.836e+04 1 0))
|    ( - -7.736e+04 4 0))
s>    ( QUESTION0_9_R 1 -1.153e+05 3.069e+02 5.005e+02
s>        ( QUESTION11 1 -3.761e+04 1.145e+02 1.650e+02
s>            ( - -1.914e+04 1 0)
s>            ( - -1.836e+04 1 0))
s>        ( - -7.736e+04 4 0))INFO: dtree.c(1315): Comp split 3
INFO: dtree.c(1439): stop. leaf nodes are specific
INFO: dtree.c(1478): Final simple tree
|( QUESTION11 1 -3.761e+04 1.145e+02 1.650e+02
|    ( - -1.914e+04 1 0)
|    ( - -1.836e+04 1 0))
s>    ( QUESTION11 1 -3.761e+04 1.145e+02 1.650e+02
s>        ( - -1.914e+04 1 0)
s>        ( - -1.836e+04 1 0))INFO: dtree.c(1315): Comp split 4
INFO: dtree.c(1439): stop. leaf nodes are specific
INFO: dtree.c(1478): Final simple tree
|( QUESTION0_9_R 1 -1.515e+04 2.150e+02 6.254e+01
|    ( - -6.892e+02 1 0)
|    ( QUESTION0_8_R 1 -1.424e+04 1.657e+02 5.854e+01
|        ( - -5.370e+03 3 0)
|        ( SILENCE 1 -8.707e+03 1.195e+02 3.611e+01
|            ( - -5.723e+03 1 0)
|            ( - -2.865e+03 1 0))))
s>    ( QUESTION0_9_R 1 -1.515e+04 2.150e+02 6.254e+01
s>        ( - -6.892e+02 1 0)
s>        ( QUESTION0_8_R 1 -1.424e+04 1.657e+02 5.854e+01
s>            ( - -5.370e+03 3 0)
s>            ( SILENCE 1 -8.707e+03 1.195e+02 3.611e+01
s>                ( - -5.723e+03 1 0)
s>                ( - -2.865e+03 1 0))))INFO: dtree.c(1315): Comp split 5
INFO: dtree.c(1439): stop. leaf nodes are specific
INFO: dtree.c(1478): Final simple tree
|( QUESTION14 1 -8.634e+04 1.335e+02 3.787e+02
|    ( - -6.268e+04 1 0)
|    ( - -2.352e+04 1 0))
s>    ( QUESTION14 1 -8.634e+04 1.335e+02 3.787e+02
s>        ( - -6.268e+04 1 0)
s>        ( - -2.352e+04 1 0))INFO: dtree.c(1315): Comp split 6
INFO: dtree.c(1439): stop. leaf nodes are specific
INFO: dtree.c(1478): Final simple tree
|( QUESTION0_8_R 1 -1.424e+04 1.657e+02 5.854e+01
|    ( - -5.370e+03 3 0)
|    ( SILENCE 1 -8.707e+03 1.195e+02 3.611e+01
|        ( - -5.723e+03 1 0)
|        ( - -2.865e+03 1 0)))
s>    ( QUESTION0_8_R 1 -1.424e+04 1.657e+02 5.854e+01
s>        ( - -5.370e+03 3 0)
s>        ( SILENCE 1 -8.707e+03 1.195e+02 3.611e+01
s>            ( - -5.723e+03 1 0)
s>            ( - -2.865e+03 1 0)))INFO: dtree.c(1315): Comp split 7
INFO: dtree.c(1439): stop. leaf nodes are specific
INFO: dtree.c(1478): Final simple tree
|( SILENCE 1 -8.707e+03 1.195e+02 3.611e+01
|    ( - -5.723e+03 1 0)
|    ( - -2.865e+03 1 0))
s>    ( SILENCE 1 -8.707e+03 1.195e+02 3.611e+01
s>        ( - -5.723e+03 1 0)
s>        ( - -2.865e+03 1 0))INFO: dtree.c(1315): Comp split 8
INFO: dtree.c(1315): Comp split 9
INFO: dtree.c(1315): Comp split 10
INFO: dtree.c(1315): Comp split 11
INFO: dtree.c(1315): Comp split 12
INFO: dtree.c(1318): stop. leaf nodes are specific
!!!!!!!!Allocated 67 lines
Wed Apr  6 14:10:33 2016
