Current configuration:
[NAME]		[DEFLT]	[VALUE]
-allphones	no	no
-cntthresh	0.00001	1.000000e-05
-csplitmax	100	2000
-csplitmin	1	1
-csplitthr	8e-4	0.000000e+00
-example	no	no
-fullvar	no	no
-help		no	no
-meanfn			/home/nguyenvanthinh/Desktop/Git/speech recognition  demo/acoustic/model_parameters/digit.cd_cont_untied/means
-mixwfn			/home/nguyenvanthinh/Desktop/Git/speech recognition  demo/acoustic/model_parameters/digit.cd_cont_untied/mixture_weights
-moddeffn		/home/nguyenvanthinh/Desktop/Git/speech recognition  demo/acoustic/model_architecture/digit.untied.mdef
-mwfloor	1e-4	1.000000e-08
-phone			h
-psetfn			/home/nguyenvanthinh/Desktop/Git/speech recognition  demo/acoustic/model_architecture/digit.tree_questions
-ssplitmax	5	7
-ssplitmin	1	1
-ssplitthr	8e-4	0.000000e+00
-state			2
-stwt			1.0,0.05,0.0,
-treefn			/home/nguyenvanthinh/Desktop/Git/speech recognition  demo/acoustic/trees/digit.unpruned/h-2.dtree
-ts2cbfn	.semi.	.cont.
-varfloor	0.00001	1.000000e-05
-varfn			/home/nguyenvanthinh/Desktop/Git/speech recognition  demo/acoustic/model_parameters/digit.cd_cont_untied/variances

INFO: main.c(223): Reading: /home/nguyenvanthinh/Desktop/Git/speech recognition  demo/acoustic/model_architecture/digit.untied.mdef
INFO: model_def_io.c(573): Model definition info:
INFO: model_def_io.c(574): 326 total models defined (31 base, 295 tri)
INFO: model_def_io.c(575): 1304 total states
INFO: model_def_io.c(576): 978 total tied states
INFO: model_def_io.c(577): 93 total tied CI states
INFO: model_def_io.c(578): 31 total tied transition matrices
INFO: model_def_io.c(579): 4 max state/model
INFO: model_def_io.c(580): 4 min state/model
INFO: main.c(242): Building trees for [h SIL a b] through [h uz a b]
INFO: main.c(269): Covering states |[249 275]| == 27
INFO: main.c(275): Reading: /home/nguyenvanthinh/Desktop/Git/speech recognition  demo/acoustic/model_parameters/digit.cd_cont_untied/mixture_weights
INFO: s3mixw_io.c(173): Read /home/nguyenvanthinh/Desktop/Git/speech recognition  demo/acoustic/model_parameters/digit.cd_cont_untied/mixture_weights [27x1x1 array]
INFO: main.c(311): 9 of 9 models have observation count greater than 0.000010
INFO: main.c(95): nrm stwt: 0.000 0.048 0.952 
INFO: s3gau_io.c(169): Read /home/nguyenvanthinh/Desktop/Git/speech recognition  demo/acoustic/model_parameters/digit.cd_cont_untied/means [978x1x1 array]
INFO: s3gau_io.c(169): Read /home/nguyenvanthinh/Desktop/Git/speech recognition  demo/acoustic/model_parameters/digit.cd_cont_untied/variances [978x1x1 array]
INFO: main.c(549): Reading: /home/nguyenvanthinh/Desktop/Git/speech recognition  demo/acoustic/model_architecture/digit.tree_questions
INFO: main.c(588): 178 total simple questions (170 phone; 8 word bndry)
INFO: main.c(590): 42 Left Only questions, and 40 Right Only questions
INFO: dtree.c(1478): Final simple tree
|( QUESTION2_7_L -1 -5.468e+05 1.864e+03 2.500e+03
|    ( - -1.544e+05 1 0)
|    ( QUESTION3 -1 -3.905e+05 8.404e+02 1.772e+03
|        ( QUESTION8 -1 -2.439e+05 9.236e+02 1.113e+03
|            ( - -8.268e+04 1 0)
|            ( QUESTION4 -1 -1.603e+05 5.810e+02 7.349e+02
|                ( - -1.166e+05 1 0)
|                ( - -4.312e+04 1 0)))
|        ( SILENCE -1 -1.458e+05 6.319e+02 6.587e+02
|            ( - -2.738e+04 1 0)
|            ( QUESTION2 -1 -1.178e+05 5.731e+02 5.346e+02
|                ( - -3.835e+04 1 0)
|                ( QUESTION0 -1 -7.890e+04 3.845e+02 3.553e+02
|                    ( - -3.942e+04 1 0)
|                    ( - -3.910e+04 2 0 QUESTION11 -1 1.559e+02 1.754e+02))))))
s>    ( QUESTION2_7_L -1 -5.468e+05 1.864e+03 2.500e+03
s>        ( - -1.544e+05 1 0)
s>        ( QUESTION3 -1 -3.905e+05 8.404e+02 1.772e+03
s>            ( QUESTION8 -1 -2.439e+05 9.236e+02 1.113e+03
s>                ( - -8.268e+04 1 0)
s>                ( QUESTION4 -1 -1.603e+05 5.810e+02 7.349e+02
s>                    ( - -1.166e+05 1 0)
s>                    ( - -4.312e+04 1 0)))
s>            ( SILENCE -1 -1.458e+05 6.319e+02 6.587e+02
s>                ( - -2.738e+04 1 0)
s>                ( QUESTION2 -1 -1.178e+05 5.731e+02 5.346e+02
s>                    ( - -3.835e+04 1 0)
s>                    ( QUESTION0 -1 -7.890e+04 3.845e+02 3.553e+02
s>                        ( - -3.942e+04 1 0)
s>                        ( - -3.910e+04 2 0 QUESTION11 -1 1.559e+02 1.754e+02))))))INFO: dtree.c(1315): Comp split 0
INFO: dtree.c(1439): stop. leaf nodes are specific
INFO: dtree.c(1478): Final simple tree
|( QUESTION2 -1 -1.979e+05 4.089e+02 9.306e+02
|    ( - -4.312e+04 1 0)
|    ( - -1.544e+05 1 0))
s>    ( QUESTION2 -1 -1.979e+05 4.089e+02 9.306e+02
s>        ( - -4.312e+04 1 0)
s>        ( - -1.544e+05 1 0))INFO: dtree.c(1439): stop. leaf nodes are specific
INFO: dtree.c(1478): Final simple tree
|( QUESTION4 -1 -3.466e+05 8.544e+02 1.569e+03
|    ( - -1.166e+05 1 0)
|    ( QUESTION9 -1 -2.292e+05 7.439e+02 1.037e+03
|        ( - -3.835e+04 1 0)
|        ( SILENCE -1 -1.901e+05 6.777e+02 8.577e+02
|            ( - -2.738e+04 1 0)
|            ( QUESTION11 -1 -1.620e+05 4.609e+02 7.336e+02
|                ( - -3.763e+04 1 0)
|                ( QUESTION0 -1 -1.239e+05 3.778e+02 5.642e+02
|                    ( - -3.942e+04 1 0)
|                    ( QUESTION2 -1 -8.412e+04 1.357e+02 3.844e+02
|                        ( - -8.268e+04 1 0)
|                        ( - -1.307e+03 1 0)))))))
s>    ( QUESTION4 -1 -3.466e+05 8.544e+02 1.569e+03
s>        ( - -1.166e+05 1 0)
s>        ( QUESTION9 -1 -2.292e+05 7.439e+02 1.037e+03
s>            ( - -3.835e+04 1 0)
s>            ( SILENCE -1 -1.901e+05 6.777e+02 8.577e+02
s>                ( - -2.738e+04 1 0)
s>                ( QUESTION11 -1 -1.620e+05 4.609e+02 7.336e+02
s>                    ( - -3.763e+04 1 0)
s>                    ( QUESTION0 -1 -1.239e+05 3.778e+02 5.642e+02
s>                        ( - -3.942e+04 1 0)
s>                        ( QUESTION2 -1 -8.412e+04 1.357e+02 3.844e+02
s>                            ( - -8.268e+04 1 0)
s>                            ( - -1.307e+03 1 0)))))))INFO: dtree.c(1315): Comp split 1
INFO: dtree.c(1439): stop. leaf nodes are specific
INFO: dtree.c(1478): Final simple tree
|( QUESTION2 -1 -1.459e+05 5.360e+02 6.624e+02
|    ( - -1.166e+05 1 0)
|    ( SILENCE -1 -2.879e+04 1.099e+02 1.301e+02
|        ( - -2.738e+04 1 0)
|        ( - -1.307e+03 1 0)))
s>    ( QUESTION2 -1 -1.459e+05 5.360e+02 6.624e+02
s>        ( - -1.166e+05 1 0)
s>        ( SILENCE -1 -2.879e+04 1.099e+02 1.301e+02
s>            ( - -2.738e+04 1 0)
s>            ( - -1.307e+03 1 0)))INFO: dtree.c(1439): stop. leaf nodes are specific
INFO: dtree.c(1478): Final simple tree
|( QUESTION9 -1 -1.997e+05 7.443e+02 9.070e+02
|    ( - -3.835e+04 1 0)
|    ( QUESTION10 -1 -1.606e+05 4.623e+02 7.277e+02
|        ( - -3.763e+04 1 0)
|        ( QUESTION0 -1 -1.225e+05 3.746e+02 5.582e+02
|            ( - -3.942e+04 1 0)
|            ( - -8.268e+04 1 0))))
s>    ( QUESTION9 -1 -1.997e+05 7.443e+02 9.070e+02
s>        ( - -3.835e+04 1 0)
s>        ( QUESTION10 -1 -1.606e+05 4.623e+02 7.277e+02
s>            ( - -3.763e+04 1 0)
s>            ( QUESTION0 -1 -1.225e+05 3.746e+02 5.582e+02
s>                ( - -3.942e+04 1 0)
s>                ( - -8.268e+04 1 0))))INFO: dtree.c(1315): Comp split 2
INFO: dtree.c(1439): stop. leaf nodes are specific
INFO: dtree.c(1478): Final simple tree
|( QUESTION10 -1 -1.606e+05 4.623e+02 7.277e+02
|    ( - -3.763e+04 1 0)
|    ( QUESTION0 -1 -1.225e+05 3.746e+02 5.582e+02
|        ( - -3.942e+04 1 0)
|        ( - -8.268e+04 1 0)))
s>    ( QUESTION10 -1 -1.606e+05 4.623e+02 7.277e+02
s>        ( - -3.763e+04 1 0)
s>        ( QUESTION0 -1 -1.225e+05 3.746e+02 5.582e+02
s>            ( - -3.942e+04 1 0)
s>            ( - -8.268e+04 1 0)))INFO: dtree.c(1315): Comp split 3
INFO: dtree.c(1439): stop. leaf nodes are specific
INFO: dtree.c(1478): Final simple tree
|( SILENCE -1 -2.879e+04 1.099e+02 1.301e+02
|    ( - -2.738e+04 1 0)
|    ( - -1.307e+03 1 0))
s>    ( SILENCE -1 -2.879e+04 1.099e+02 1.301e+02
s>        ( - -2.738e+04 1 0)
s>        ( - -1.307e+03 1 0))INFO: dtree.c(1315): Comp split 4
INFO: dtree.c(1439): stop. leaf nodes are specific
INFO: dtree.c(1478): Final simple tree
|( QUESTION0 -1 -1.225e+05 3.746e+02 5.582e+02
|    ( - -3.942e+04 1 0)
|    ( - -8.268e+04 1 0))
s>    ( QUESTION0 -1 -1.225e+05 3.746e+02 5.582e+02
s>        ( - -3.942e+04 1 0)
s>        ( - -8.268e+04 1 0))INFO: dtree.c(1315): Comp split 5
INFO: dtree.c(1315): Comp split 6
INFO: dtree.c(1315): Comp split 7
INFO: dtree.c(1315): Comp split 8
INFO: dtree.c(1318): stop. leaf nodes are specific
!!!!!!!!Allocated 67 lines
Wed Apr  6 14:10:34 2016
