Current configuration:
[NAME]		[DEFLT]	[VALUE]
-allphones	no	no
-cntthresh	0.00001	1.000000e-05
-csplitmax	100	2000
-csplitmin	1	1
-csplitthr	8e-4	0.000000e+00
-example	no	no
-fullvar	no	no
-help		no	no
-meanfn			/home/nguyenvanthinh/Desktop/Git/speech recognition  demo/acoustic/model_parameters/digit.cd_cont_untied/means
-mixwfn			/home/nguyenvanthinh/Desktop/Git/speech recognition  demo/acoustic/model_parameters/digit.cd_cont_untied/mixture_weights
-moddeffn		/home/nguyenvanthinh/Desktop/Git/speech recognition  demo/acoustic/model_architecture/digit.untied.mdef
-mwfloor	1e-4	1.000000e-08
-phone			nz
-psetfn			/home/nguyenvanthinh/Desktop/Git/speech recognition  demo/acoustic/model_architecture/digit.tree_questions
-ssplitmax	5	7
-ssplitmin	1	1
-ssplitthr	8e-4	0.000000e+00
-state			0
-stwt			1.0,0.05,0.0,
-treefn			/home/nguyenvanthinh/Desktop/Git/speech recognition  demo/acoustic/trees/digit.unpruned/nz-0.dtree
-ts2cbfn	.semi.	.cont.
-varfloor	0.00001	1.000000e-05
-varfn			/home/nguyenvanthinh/Desktop/Git/speech recognition  demo/acoustic/model_parameters/digit.cd_cont_untied/variances

INFO: main.c(223): Reading: /home/nguyenvanthinh/Desktop/Git/speech recognition  demo/acoustic/model_architecture/digit.untied.mdef
INFO: model_def_io.c(573): Model definition info:
INFO: model_def_io.c(574): 326 total models defined (31 base, 295 tri)
INFO: model_def_io.c(575): 1304 total states
INFO: model_def_io.c(576): 978 total tied states
INFO: model_def_io.c(577): 93 total tied CI states
INFO: model_def_io.c(578): 31 total tied transition matrices
INFO: model_def_io.c(579): 4 max state/model
INFO: model_def_io.c(580): 4 min state/model
INFO: main.c(242): Building trees for [nz if b e] through [nz oos tr e]
INFO: main.c(269): Covering states |[657 746]| == 90
INFO: main.c(275): Reading: /home/nguyenvanthinh/Desktop/Git/speech recognition  demo/acoustic/model_parameters/digit.cd_cont_untied/mixture_weights
INFO: s3mixw_io.c(173): Read /home/nguyenvanthinh/Desktop/Git/speech recognition  demo/acoustic/model_parameters/digit.cd_cont_untied/mixture_weights [90x1x1 array]
INFO: main.c(311): 30 of 30 models have observation count greater than 0.000010
INFO: main.c(95): nrm stwt: 0.952 0.048 0.000 
INFO: s3gau_io.c(169): Read /home/nguyenvanthinh/Desktop/Git/speech recognition  demo/acoustic/model_parameters/digit.cd_cont_untied/means [978x1x1 array]
INFO: s3gau_io.c(169): Read /home/nguyenvanthinh/Desktop/Git/speech recognition  demo/acoustic/model_parameters/digit.cd_cont_untied/variances [978x1x1 array]
INFO: main.c(549): Reading: /home/nguyenvanthinh/Desktop/Git/speech recognition  demo/acoustic/model_architecture/digit.tree_questions
INFO: main.c(588): 178 total simple questions (170 phone; 8 word bndry)
INFO: main.c(590): 42 Left Only questions, and 40 Right Only questions
INFO: dtree.c(1478): Final simple tree
|( QUESTION3 -1 -1.704e+06 2.143e+04 7.408e+03
|    ( QUESTION6 -1 -1.040e+06 7.926e+03 4.681e+03
|        ( QUESTION0_11_R 1 -5.212e+05 2.592e+03 2.357e+03
|            ( QUESTION0_17_R 1 -5.597e+04 8.581e+02 2.576e+02
|                ( - -1.612e+04 1 0)
|                ( - -3.899e+04 1 0))
|            ( QUESTION0_7_R 1 -4.627e+05 1.835e+03 2.100e+03
|                ( - -1.626e+05 2 0 QUESTION14 1 5.256e+02 7.588e+02)
|                ( - -2.982e+05 7 0 QUESTION0_10_R 1 6.548e+02 1.341e+03)))
|        ( - -5.105e+05 8 0 QUESTION0_9_R 1 1.769e+02 2.324e+03))
|    ( QUESTION0_19_R 1 -6.433e+05 2.535e+03 2.727e+03
|        ( - -5.025e+04 1 0)
|        ( QUESTION0_10_R 1 -5.905e+05 1.026e+03 2.502e+03
|            ( - -1.930e+05 4 0)
|            ( - -3.965e+05 6 0 QUESTION0_7_R 1 6.652e+02 1.700e+03))))
s>    ( QUESTION3 -1 -1.704e+06 2.143e+04 7.408e+03
s>        ( QUESTION6 -1 -1.040e+06 7.926e+03 4.681e+03
s>            ( QUESTION0_11_R 1 -5.212e+05 2.592e+03 2.357e+03
s>                ( QUESTION0_17_R 1 -5.597e+04 8.581e+02 2.576e+02
s>                    ( - -1.612e+04 1 0)
s>                    ( - -3.899e+04 1 0))
s>                ( QUESTION0_7_R 1 -4.627e+05 1.835e+03 2.100e+03
s>                    ( - -1.626e+05 2 0 QUESTION14 1 5.256e+02 7.588e+02)
s>                    ( - -2.982e+05 7 0 QUESTION0_10_R 1 6.548e+02 1.341e+03)))
s>            ( - -5.105e+05 8 0 QUESTION0_9_R 1 1.769e+02 2.324e+03))
s>        ( QUESTION0_19_R 1 -6.433e+05 2.535e+03 2.727e+03
s>            ( - -5.025e+04 1 0)
s>            ( QUESTION0_10_R 1 -5.905e+05 1.026e+03 2.502e+03
s>                ( - -1.930e+05 4 0)
s>                ( - -3.965e+05 6 0 QUESTION0_7_R 1 6.652e+02 1.700e+03))))INFO: dtree.c(1315): Comp split 0
INFO: dtree.c(1478): Final simple tree
|( QUESTION6 -1 -1.040e+06 7.926e+03 4.681e+03
|    ( QUESTION0_11_R 1 -5.212e+05 2.592e+03 2.357e+03
|        ( QUESTION0_17_R 1 -5.597e+04 8.581e+02 2.576e+02
|            ( - -1.612e+04 1 0)
|            ( - -3.899e+04 1 0))
|        ( QUESTION0_7_R 1 -4.627e+05 1.835e+03 2.100e+03
|            ( QUESTION14 1 -1.626e+05 5.256e+02 7.588e+02
|                ( - -1.216e+05 1 0)
|                ( - -4.048e+04 1 0))
|            ( QUESTION0_10_R 1 -2.982e+05 6.548e+02 1.341e+03
|                ( - -1.676e+05 4 0)
|                ( SILENCE 1 -1.299e+05 4.583e+02 5.836e+02
|                    ( - -4.166e+04 1 0)
|                    ( - -8.780e+04 2 0 QUESTION11 1 3.384e+02 4.017e+02)))))
|    ( - -5.105e+05 8 0 QUESTION0_9_R 1 1.769e+02 2.324e+03))
s>    ( QUESTION6 -1 -1.040e+06 7.926e+03 4.681e+03
s>        ( QUESTION0_11_R 1 -5.212e+05 2.592e+03 2.357e+03
s>            ( QUESTION0_17_R 1 -5.597e+04 8.581e+02 2.576e+02
s>                ( - -1.612e+04 1 0)
s>                ( - -3.899e+04 1 0))
s>            ( QUESTION0_7_R 1 -4.627e+05 1.835e+03 2.100e+03
s>                ( QUESTION14 1 -1.626e+05 5.256e+02 7.588e+02
s>                    ( - -1.216e+05 1 0)
s>                    ( - -4.048e+04 1 0))
s>                ( QUESTION0_10_R 1 -2.982e+05 6.548e+02 1.341e+03
s>                    ( - -1.676e+05 4 0)
s>                    ( SILENCE 1 -1.299e+05 4.583e+02 5.836e+02
s>                        ( - -4.166e+04 1 0)
s>                        ( - -8.780e+04 2 0 QUESTION11 1 3.384e+02 4.017e+02)))))
s>        ( - -5.105e+05 8 0 QUESTION0_9_R 1 1.769e+02 2.324e+03))INFO: dtree.c(1478): Final simple tree
|( QUESTION0_19_R 1 -6.433e+05 2.535e+03 2.727e+03
|    ( - -5.025e+04 1 0)
|    ( QUESTION0_10_R 1 -5.905e+05 1.026e+03 2.502e+03
|        ( - -1.930e+05 4 0)
|        ( QUESTION0_7_R 1 -3.965e+05 6.652e+02 1.700e+03
|            ( QUESTION14 1 -2.306e+05 4.270e+02 9.938e+02
|                ( - -1.825e+05 1 0)
|                ( - -4.770e+04 1 0))
|            ( QUESTION11 1 -1.652e+05 5.406e+02 7.065e+02
|                ( - -5.821e+04 1 0)
|                ( QUESTION0_6_R 1 -1.065e+05 3.063e+02 4.529e+02
|                    ( - -7.233e+04 1 0)
|                    ( SILENCE 1 -3.382e+04 2.568e+02 1.435e+02
|                        ( - -3.043e+04 1 0)
|                        ( - -3.139e+03 1 0)))))))
s>    ( QUESTION0_19_R 1 -6.433e+05 2.535e+03 2.727e+03
s>        ( - -5.025e+04 1 0)
s>        ( QUESTION0_10_R 1 -5.905e+05 1.026e+03 2.502e+03
s>            ( - -1.930e+05 4 0)
s>            ( QUESTION0_7_R 1 -3.965e+05 6.652e+02 1.700e+03
s>                ( QUESTION14 1 -2.306e+05 4.270e+02 9.938e+02
s>                    ( - -1.825e+05 1 0)
s>                    ( - -4.770e+04 1 0))
s>                ( QUESTION11 1 -1.652e+05 5.406e+02 7.065e+02
s>                    ( - -5.821e+04 1 0)
s>                    ( QUESTION0_6_R 1 -1.065e+05 3.063e+02 4.529e+02
s>                        ( - -7.233e+04 1 0)
s>                        ( SILENCE 1 -3.382e+04 2.568e+02 1.435e+02
s>                            ( - -3.043e+04 1 0)
s>                            ( - -3.139e+03 1 0)))))))INFO: dtree.c(1315): Comp split 1
INFO: dtree.c(1478): Final simple tree
|( QUESTION0_11_R 1 -5.212e+05 2.592e+03 2.357e+03
|    ( QUESTION0_17_R 1 -5.597e+04 8.581e+02 2.576e+02
|        ( - -1.612e+04 1 0)
|        ( - -3.899e+04 1 0))
|    ( QUESTION0_7_R 1 -4.627e+05 1.835e+03 2.100e+03
|        ( QUESTION14 1 -1.626e+05 5.256e+02 7.588e+02
|            ( - -1.216e+05 1 0)
|            ( - -4.048e+04 1 0))
|        ( QUESTION0_10_R 1 -2.982e+05 6.548e+02 1.341e+03
|            ( - -1.676e+05 4 0)
|            ( SILENCE 1 -1.299e+05 4.583e+02 5.836e+02
|                ( - -4.166e+04 1 0)
|                ( QUESTION11 1 -8.780e+04 3.384e+02 4.017e+02
|                    ( - -4.783e+04 1 0)
|                    ( - -3.964e+04 1 0))))))
s>    ( QUESTION0_11_R 1 -5.212e+05 2.592e+03 2.357e+03
s>        ( QUESTION0_17_R 1 -5.597e+04 8.581e+02 2.576e+02
s>            ( - -1.612e+04 1 0)
s>            ( - -3.899e+04 1 0))
s>        ( QUESTION0_7_R 1 -4.627e+05 1.835e+03 2.100e+03
s>            ( QUESTION14 1 -1.626e+05 5.256e+02 7.588e+02
s>                ( - -1.216e+05 1 0)
s>                ( - -4.048e+04 1 0))
s>            ( QUESTION0_10_R 1 -2.982e+05 6.548e+02 1.341e+03
s>                ( - -1.676e+05 4 0)
s>                ( SILENCE 1 -1.299e+05 4.583e+02 5.836e+02
s>                    ( - -4.166e+04 1 0)
s>                    ( QUESTION11 1 -8.780e+04 3.384e+02 4.017e+02
s>                        ( - -4.783e+04 1 0)
s>                        ( - -3.964e+04 1 0))))))INFO: dtree.c(1439): stop. leaf nodes are specific
INFO: dtree.c(1478): Final simple tree
|( QUESTION0_9_R 1 -5.105e+05 1.769e+02 2.324e+03
|    ( QUESTION11 1 -9.943e+04 1.194e+02 4.475e+02
|        ( - -4.454e+04 1 0)
|        ( - -5.478e+04 1 0))
|    ( QUESTION15 1 -4.109e+05 1.626e+02 1.876e+03
|        ( - -5.649e+04 1 0)
|        ( QUESTION0_7_R 1 -3.542e+05 1.327e+02 1.616e+03
|            ( - -1.534e+05 1 0)
|            ( - -2.007e+05 4 0))))
s>    ( QUESTION0_9_R 1 -5.105e+05 1.769e+02 2.324e+03
s>        ( QUESTION11 1 -9.943e+04 1.194e+02 4.475e+02
s>            ( - -4.454e+04 1 0)
s>            ( - -5.478e+04 1 0))
s>        ( QUESTION15 1 -4.109e+05 1.626e+02 1.876e+03
s>            ( - -5.649e+04 1 0)
s>            ( QUESTION0_7_R 1 -3.542e+05 1.327e+02 1.616e+03
s>                ( - -1.534e+05 1 0)
s>                ( - -2.007e+05 4 0))))INFO: dtree.c(1315): Comp split 2
INFO: dtree.c(1439): stop. leaf nodes are specific
INFO: dtree.c(1478): Final simple tree
|( QUESTION0_7_R 1 -4.627e+05 1.835e+03 2.100e+03
|    ( QUESTION14 1 -1.626e+05 5.256e+02 7.588e+02
|        ( - -1.216e+05 1 0)
|        ( - -4.048e+04 1 0))
|    ( QUESTION0_10_R 1 -2.982e+05 6.548e+02 1.341e+03
|        ( - -1.676e+05 4 0)
|        ( SILENCE 1 -1.299e+05 4.583e+02 5.836e+02
|            ( - -4.166e+04 1 0)
|            ( QUESTION11 1 -8.780e+04 3.384e+02 4.017e+02
|                ( - -4.783e+04 1 0)
|                ( - -3.964e+04 1 0)))))
s>    ( QUESTION0_7_R 1 -4.627e+05 1.835e+03 2.100e+03
s>        ( QUESTION14 1 -1.626e+05 5.256e+02 7.588e+02
s>            ( - -1.216e+05 1 0)
s>            ( - -4.048e+04 1 0))
s>        ( QUESTION0_10_R 1 -2.982e+05 6.548e+02 1.341e+03
s>            ( - -1.676e+05 4 0)
s>            ( SILENCE 1 -1.299e+05 4.583e+02 5.836e+02
s>                ( - -4.166e+04 1 0)
s>                ( QUESTION11 1 -8.780e+04 3.384e+02 4.017e+02
s>                    ( - -4.783e+04 1 0)
s>                    ( - -3.964e+04 1 0)))))INFO: dtree.c(1439): stop. leaf nodes are specific
INFO: dtree.c(1478): Final simple tree
|( QUESTION0_17_R 1 -5.597e+04 8.581e+02 2.576e+02
|    ( - -1.612e+04 1 0)
|    ( - -3.899e+04 1 0))
s>    ( QUESTION0_17_R 1 -5.597e+04 8.581e+02 2.576e+02
s>        ( - -1.612e+04 1 0)
s>        ( - -3.899e+04 1 0))INFO: dtree.c(1315): Comp split 3
INFO: dtree.c(1439): stop. leaf nodes are specific
INFO: dtree.c(1478): Final simple tree
|( QUESTION0_10_R 1 -5.905e+05 1.026e+03 2.502e+03
|    ( - -1.930e+05 4 0)
|    ( QUESTION0_7_R 1 -3.965e+05 6.652e+02 1.700e+03
|        ( QUESTION14 1 -2.306e+05 4.270e+02 9.938e+02
|            ( - -1.825e+05 1 0)
|            ( - -4.770e+04 1 0))
|        ( QUESTION11 1 -1.652e+05 5.406e+02 7.065e+02
|            ( - -5.821e+04 1 0)
|            ( QUESTION0_6_R 1 -1.065e+05 3.063e+02 4.529e+02
|                ( - -7.233e+04 1 0)
|                ( SILENCE 1 -3.382e+04 2.568e+02 1.435e+02
|                    ( - -3.043e+04 1 0)
|                    ( - -3.139e+03 1 0))))))
s>    ( QUESTION0_10_R 1 -5.905e+05 1.026e+03 2.502e+03
s>        ( - -1.930e+05 4 0)
s>        ( QUESTION0_7_R 1 -3.965e+05 6.652e+02 1.700e+03
s>            ( QUESTION14 1 -2.306e+05 4.270e+02 9.938e+02
s>                ( - -1.825e+05 1 0)
s>                ( - -4.770e+04 1 0))
s>            ( QUESTION11 1 -1.652e+05 5.406e+02 7.065e+02
s>                ( - -5.821e+04 1 0)
s>                ( QUESTION0_6_R 1 -1.065e+05 3.063e+02 4.529e+02
s>                    ( - -7.233e+04 1 0)
s>                    ( SILENCE 1 -3.382e+04 2.568e+02 1.435e+02
s>                        ( - -3.043e+04 1 0)
s>                        ( - -3.139e+03 1 0))))))INFO: dtree.c(1315): Comp split 4
INFO: dtree.c(1439): stop. leaf nodes are specific
INFO: dtree.c(1478): Final simple tree
|( QUESTION0_10_R 1 -2.982e+05 6.548e+02 1.341e+03
|    ( - -1.676e+05 4 0)
|    ( SILENCE 1 -1.299e+05 4.583e+02 5.836e+02
|        ( - -4.166e+04 1 0)
|        ( QUESTION11 1 -8.780e+04 3.384e+02 4.017e+02
|            ( - -4.783e+04 1 0)
|            ( - -3.964e+04 1 0))))
s>    ( QUESTION0_10_R 1 -2.982e+05 6.548e+02 1.341e+03
s>        ( - -1.676e+05 4 0)
s>        ( SILENCE 1 -1.299e+05 4.583e+02 5.836e+02
s>            ( - -4.166e+04 1 0)
s>            ( QUESTION11 1 -8.780e+04 3.384e+02 4.017e+02
s>                ( - -4.783e+04 1 0)
s>                ( - -3.964e+04 1 0))))INFO: dtree.c(1439): stop. leaf nodes are specific
INFO: dtree.c(1478): Final simple tree
|( QUESTION14 1 -1.626e+05 5.256e+02 7.588e+02
|    ( - -1.216e+05 1 0)
|    ( - -4.048e+04 1 0))
s>    ( QUESTION14 1 -1.626e+05 5.256e+02 7.588e+02
s>        ( - -1.216e+05 1 0)
s>        ( - -4.048e+04 1 0))INFO: dtree.c(1315): Comp split 5
INFO: dtree.c(1439): stop. leaf nodes are specific
INFO: dtree.c(1478): Final simple tree
|( QUESTION0_7_R 1 -2.446e+05 5.065e+02 1.027e+03
|    ( - -4.770e+04 1 0)
|    ( QUESTION0_6_R 1 -1.964e+05 2.063e+02 8.163e+02
|        ( - -1.930e+05 4 0)
|        ( - -3.139e+03 1 0)))
s>    ( QUESTION0_7_R 1 -2.446e+05 5.065e+02 1.027e+03
s>        ( - -4.770e+04 1 0)
s>        ( QUESTION0_6_R 1 -1.964e+05 2.063e+02 8.163e+02
s>            ( - -1.930e+05 4 0)
s>            ( - -3.139e+03 1 0)))INFO: dtree.c(1439): stop. leaf nodes are specific
INFO: dtree.c(1478): Final simple tree
|( QUESTION11 1 -3.448e+05 5.912e+02 1.475e+03
|    ( QUESTION0_7_R 1 -2.412e+05 5.194e+02 1.037e+03
|        ( - -1.825e+05 1 0)
|        ( - -5.821e+04 1 0))
|    ( SILENCE 1 -1.031e+05 2.982e+02 4.385e+02
|        ( - -3.043e+04 1 0)
|        ( - -7.233e+04 1 0)))
s>    ( QUESTION11 1 -3.448e+05 5.912e+02 1.475e+03
s>        ( QUESTION0_7_R 1 -2.412e+05 5.194e+02 1.037e+03
s>            ( - -1.825e+05 1 0)
s>            ( - -5.821e+04 1 0))
s>        ( SILENCE 1 -1.031e+05 2.982e+02 4.385e+02
s>            ( - -3.043e+04 1 0)
s>            ( - -7.233e+04 1 0)))INFO: dtree.c(1315): Comp split 6
INFO: dtree.c(1315): Comp split 7
INFO: dtree.c(1439): stop. leaf nodes are specific
INFO: dtree.c(1478): Final simple tree
|( SILENCE 1 -8.167e+04 3.765e+02 3.630e+02
|    ( - -4.166e+04 1 0)
|    ( - -3.964e+04 1 0))
s>    ( SILENCE 1 -8.167e+04 3.765e+02 3.630e+02
s>        ( - -4.166e+04 1 0)
s>        ( - -3.964e+04 1 0))INFO: dtree.c(1439): stop. leaf nodes are specific
INFO: dtree.c(1478): Final simple tree
|( QUESTION0_9_R 1 -2.159e+05 3.998e+02 9.778e+02
|    ( - -4.783e+04 1 0)
|    ( - -1.676e+05 4 0))
s>    ( QUESTION0_9_R 1 -2.159e+05 3.998e+02 9.778e+02
s>        ( - -4.783e+04 1 0)
s>        ( - -1.676e+05 4 0))INFO: dtree.c(1315): Comp split 8
INFO: dtree.c(1439): stop. leaf nodes are specific
INFO: dtree.c(1478): Final simple tree
|( SILENCE 1 -1.031e+05 2.982e+02 4.385e+02
|    ( - -3.043e+04 1 0)
|    ( - -7.233e+04 1 0))
s>    ( SILENCE 1 -1.031e+05 2.982e+02 4.385e+02
s>        ( - -3.043e+04 1 0)
s>        ( - -7.233e+04 1 0))INFO: dtree.c(1439): stop. leaf nodes are specific
INFO: dtree.c(1478): Final simple tree
|( QUESTION0_7_R 1 -2.412e+05 5.194e+02 1.037e+03
|    ( - -1.825e+05 1 0)
|    ( - -5.821e+04 1 0))
s>    ( QUESTION0_7_R 1 -2.412e+05 5.194e+02 1.037e+03
s>        ( - -1.825e+05 1 0)
s>        ( - -5.821e+04 1 0))INFO: dtree.c(1315): Comp split 9
INFO: dtree.c(1315): Comp split 10
INFO: dtree.c(1315): Comp split 11
INFO: dtree.c(1439): stop. leaf nodes are specific
INFO: dtree.c(1478): Final simple tree
|( QUESTION0_6_R 1 -1.964e+05 2.063e+02 8.163e+02
|    ( - -1.930e+05 4 0)
|    ( - -3.139e+03 1 0))
s>    ( QUESTION0_6_R 1 -1.964e+05 2.063e+02 8.163e+02
s>        ( - -1.930e+05 4 0)
s>        ( - -3.139e+03 1 0))INFO: dtree.c(1315): Comp split 12
INFO: dtree.c(1315): Comp split 13
INFO: dtree.c(1315): Comp split 14
INFO: dtree.c(1315): Comp split 15
INFO: dtree.c(1439): stop. leaf nodes are specific
INFO: dtree.c(1478): Final simple tree
|( QUESTION0_7_R 1 -3.542e+05 1.327e+02 1.616e+03
|    ( - -1.534e+05 1 0)
|    ( - -2.007e+05 4 0))
s>    ( QUESTION0_7_R 1 -3.542e+05 1.327e+02 1.616e+03
s>        ( - -1.534e+05 1 0)
s>        ( - -2.007e+05 4 0))INFO: dtree.c(1439): stop. leaf nodes are specific
INFO: dtree.c(1478): Final simple tree
|( QUESTION11 1 -1.560e+05 1.458e+02 7.077e+02
|    ( QUESTION0_7_R 1 -1.011e+05 1.036e+02 4.630e+02
|        ( - -5.649e+04 1 0)
|        ( - -4.454e+04 1 0))
|    ( - -5.478e+04 1 0))
s>    ( QUESTION11 1 -1.560e+05 1.458e+02 7.077e+02
s>        ( QUESTION0_7_R 1 -1.011e+05 1.036e+02 4.630e+02
s>            ( - -5.649e+04 1 0)
s>            ( - -4.454e+04 1 0))
s>        ( - -5.478e+04 1 0))INFO: dtree.c(1315): Comp split 16
INFO: dtree.c(1315): Comp split 17
INFO: dtree.c(1439): stop. leaf nodes are specific
INFO: dtree.c(1478): Final simple tree
|( QUESTION0_7_R 1 -1.011e+05 1.036e+02 4.630e+02
|    ( - -5.649e+04 1 0)
|    ( - -4.454e+04 1 0))
s>    ( QUESTION0_7_R 1 -1.011e+05 1.036e+02 4.630e+02
s>        ( - -5.649e+04 1 0)
s>        ( - -4.454e+04 1 0))INFO: dtree.c(1315): Comp split 18
INFO: dtree.c(1315): Comp split 19
INFO: dtree.c(1315): Comp split 20
INFO: dtree.c(1318): stop. leaf nodes are specific
!!!!!!!!Allocated 67 lines
Wed Apr  6 14:10:35 2016
