Current configuration:
[NAME]		[DEFLT]	[VALUE]
-allphones	no	no
-cntthresh	0.00001	1.000000e-05
-csplitmax	100	2000
-csplitmin	1	1
-csplitthr	8e-4	0.000000e+00
-example	no	no
-fullvar	no	no
-help		no	no
-meanfn			/home/nguyenvanthinh/Desktop/Git/speech recognition  demo/acoustic/model_parameters/digit.cd_cont_untied/means
-mixwfn			/home/nguyenvanthinh/Desktop/Git/speech recognition  demo/acoustic/model_parameters/digit.cd_cont_untied/mixture_weights
-moddeffn		/home/nguyenvanthinh/Desktop/Git/speech recognition  demo/acoustic/model_architecture/digit.untied.mdef
-mwfloor	1e-4	1.000000e-08
-phone			iz
-psetfn			/home/nguyenvanthinh/Desktop/Git/speech recognition  demo/acoustic/model_architecture/digit.tree_questions
-ssplitmax	5	7
-ssplitmin	1	1
-ssplitthr	8e-4	0.000000e+00
-state			2
-stwt			1.0,0.05,0.0,
-treefn			/home/nguyenvanthinh/Desktop/Git/speech recognition  demo/acoustic/trees/digit.unpruned/iz-2.dtree
-ts2cbfn	.semi.	.cont.
-varfloor	0.00001	1.000000e-05
-varfn			/home/nguyenvanthinh/Desktop/Git/speech recognition  demo/acoustic/model_parameters/digit.cd_cont_untied/variances

INFO: main.c(223): Reading: /home/nguyenvanthinh/Desktop/Git/speech recognition  demo/acoustic/model_architecture/digit.untied.mdef
INFO: model_def_io.c(573): Model definition info:
INFO: model_def_io.c(574): 326 total models defined (31 base, 295 tri)
INFO: model_def_io.c(575): 1304 total states
INFO: model_def_io.c(576): 978 total tied states
INFO: model_def_io.c(577): 93 total tied CI states
INFO: model_def_io.c(578): 31 total tied transition matrices
INFO: model_def_io.c(579): 4 max state/model
INFO: model_def_io.c(580): 4 min state/model
INFO: main.c(242): Building trees for [iz a SIL e] through [iz owf t e]
INFO: main.c(269): Covering states |[285 401]| == 117
INFO: main.c(275): Reading: /home/nguyenvanthinh/Desktop/Git/speech recognition  demo/acoustic/model_parameters/digit.cd_cont_untied/mixture_weights
INFO: s3mixw_io.c(173): Read /home/nguyenvanthinh/Desktop/Git/speech recognition  demo/acoustic/model_parameters/digit.cd_cont_untied/mixture_weights [117x1x1 array]
INFO: main.c(311): 39 of 39 models have observation count greater than 0.000010
INFO: main.c(95): nrm stwt: 0.000 0.048 0.952 
INFO: s3gau_io.c(169): Read /home/nguyenvanthinh/Desktop/Git/speech recognition  demo/acoustic/model_parameters/digit.cd_cont_untied/means [978x1x1 array]
INFO: s3gau_io.c(169): Read /home/nguyenvanthinh/Desktop/Git/speech recognition  demo/acoustic/model_parameters/digit.cd_cont_untied/variances [978x1x1 array]
INFO: main.c(549): Reading: /home/nguyenvanthinh/Desktop/Git/speech recognition  demo/acoustic/model_architecture/digit.tree_questions
INFO: main.c(588): 178 total simple questions (170 phone; 8 word bndry)
INFO: main.c(590): 42 Left Only questions, and 40 Right Only questions
INFO: dtree.c(1478): Final simple tree
|( QUESTION0_11_R 1 -5.165e+06 1.272e+04 2.446e+04
|    ( QUESTION0 -1 -1.535e+05 1.342e+03 6.821e+02
|        ( QUESTION0_17_R 1 -5.425e+04 1.476e+03 2.383e+02
|            ( - -1.735e+04 1 0)
|            ( - -3.542e+04 1 0))
|        ( - -9.786e+04 4 0 QUESTION0_17_R 1 7.540e+02 4.439e+02))
|    ( QUESTION19 -1 -4.999e+06 9.180e+03 2.378e+04
|        ( SILENCE 1 -2.769e+06 2.126e+03 1.330e+04
|            ( - -4.972e+05 2 0)
|            ( - -2.270e+06 14 0 QUESTION0_9_R 1 4.433e+02 1.089e+04))
|        ( QUESTION0 -1 -2.220e+06 5.023e+03 1.048e+04
|            ( SILENCE 1 -2.145e+06 1.549e+03 1.016e+04
|                ( - -3.750e+05 1 0)
|                ( - -1.769e+06 8 0 QUESTION0_7_R 1 9.304e+02 8.348e+03))
|            ( - -7.006e+04 8 0 SILENCE 1 9.168e+02 3.128e+02))))
s>    ( QUESTION0_11_R 1 -5.165e+06 1.272e+04 2.446e+04
s>        ( QUESTION0 -1 -1.535e+05 1.342e+03 6.821e+02
s>            ( QUESTION0_17_R 1 -5.425e+04 1.476e+03 2.383e+02
s>                ( - -1.735e+04 1 0)
s>                ( - -3.542e+04 1 0))
s>            ( - -9.786e+04 4 0 QUESTION0_17_R 1 7.540e+02 4.439e+02))
s>        ( QUESTION19 -1 -4.999e+06 9.180e+03 2.378e+04
s>            ( SILENCE 1 -2.769e+06 2.126e+03 1.330e+04
s>                ( - -4.972e+05 2 0)
s>                ( - -2.270e+06 14 0 QUESTION0_9_R 1 4.433e+02 1.089e+04))
s>            ( QUESTION0 -1 -2.220e+06 5.023e+03 1.048e+04
s>                ( SILENCE 1 -2.145e+06 1.549e+03 1.016e+04
s>                    ( - -3.750e+05 1 0)
s>                    ( - -1.769e+06 8 0 QUESTION0_7_R 1 9.304e+02 8.348e+03))
s>                ( - -7.006e+04 8 0 SILENCE 1 9.168e+02 3.128e+02))))INFO: dtree.c(1315): Comp split 0
INFO: dtree.c(1478): Final simple tree
|( QUESTION0 -1 -4.923e+06 8.050e+03 2.347e+04
|    ( SILENCE 1 -2.145e+06 1.549e+03 1.016e+04
|        ( - -3.750e+05 1 0)
|        ( QUESTION0_7_R 1 -1.769e+06 9.304e+02 8.348e+03
|            ( - -6.870e+05 2 0 QUESTION14 1 2.707e+02 3.245e+03)
|            ( QUESTION0_9_R 1 -1.081e+06 4.824e+02 5.103e+03
|                ( - -3.311e+05 2 0 QUESTION11 1 2.003e+02 1.568e+03)
|                ( - -7.494e+05 4 0))))
|    ( SILENCE 1 -2.769e+06 2.126e+03 1.330e+04
|        ( - -4.972e+05 2 0)
|        ( QUESTION0_9_R 1 -2.270e+06 4.433e+02 1.089e+04
|            ( - -3.795e+05 3 0 QUESTION11 1 2.281e+02 1.829e+03)
|            ( QUESTION14 1 -1.890e+06 3.103e+02 9.056e+03
|                ( - -9.212e+05 2 0)
|                ( - -9.684e+05 9 0 QUESTION0_7_R 1 1.968e+02 4.626e+03)))))
s>    ( QUESTION0 -1 -4.923e+06 8.050e+03 2.347e+04
s>        ( SILENCE 1 -2.145e+06 1.549e+03 1.016e+04
s>            ( - -3.750e+05 1 0)
s>            ( QUESTION0_7_R 1 -1.769e+06 9.304e+02 8.348e+03
s>                ( - -6.870e+05 2 0 QUESTION14 1 2.707e+02 3.245e+03)
s>                ( QUESTION0_9_R 1 -1.081e+06 4.824e+02 5.103e+03
s>                    ( - -3.311e+05 2 0 QUESTION11 1 2.003e+02 1.568e+03)
s>                    ( - -7.494e+05 4 0))))
s>        ( SILENCE 1 -2.769e+06 2.126e+03 1.330e+04
s>            ( - -4.972e+05 2 0)
s>            ( QUESTION0_9_R 1 -2.270e+06 4.433e+02 1.089e+04
s>                ( - -3.795e+05 3 0 QUESTION11 1 2.281e+02 1.829e+03)
s>                ( QUESTION14 1 -1.890e+06 3.103e+02 9.056e+03
s>                    ( - -9.212e+05 2 0)
s>                    ( - -9.684e+05 9 0 QUESTION0_7_R 1 1.968e+02 4.626e+03)))))INFO: dtree.c(1478): Final simple tree
|( QUESTION0_17_R 1 -2.248e+05 1.569e+03 9.949e+02
|    ( QUESTION0 -1 -6.790e+04 1.317e+03 3.060e+02
|        ( - -1.735e+04 1 0)
|        ( - -4.923e+04 3 0 QUESTION19 -1 2.150e+02 2.252e+02))
|    ( QUESTION0_6_R 1 -1.553e+05 1.011e+03 6.889e+02
|        ( QUESTION0_7_R 1 -5.257e+04 4.749e+02 2.310e+02
|            ( - -2.295e+04 2 0 QUESTION14 1 1.592e+02 1.021e+02)
|            ( QUESTION11 1 -2.914e+04 3.136e+02 1.289e+02
|                ( - -6.603e+03 1 0)
|                ( - -2.223e+04 4 0 QUESTION0_9_R 1 2.801e+02 9.833e+01)))
|        ( QUESTION0 -1 -1.017e+05 1.090e+03 4.579e+02
|            ( - -3.542e+04 1 0)
|            ( SILENCE 1 -6.522e+04 7.542e+02 3.004e+02
|                ( - -1.658e+04 1 0)
|                ( - -4.788e+04 1 0)))))
s>    ( QUESTION0_17_R 1 -2.248e+05 1.569e+03 9.949e+02
s>        ( QUESTION0 -1 -6.790e+04 1.317e+03 3.060e+02
s>            ( - -1.735e+04 1 0)
s>            ( - -4.923e+04 3 0 QUESTION19 -1 2.150e+02 2.252e+02))
s>        ( QUESTION0_6_R 1 -1.553e+05 1.011e+03 6.889e+02
s>            ( QUESTION0_7_R 1 -5.257e+04 4.749e+02 2.310e+02
s>                ( - -2.295e+04 2 0 QUESTION14 1 1.592e+02 1.021e+02)
s>                ( QUESTION11 1 -2.914e+04 3.136e+02 1.289e+02
s>                    ( - -6.603e+03 1 0)
s>                    ( - -2.223e+04 4 0 QUESTION0_9_R 1 2.801e+02 9.833e+01)))
s>            ( QUESTION0 -1 -1.017e+05 1.090e+03 4.579e+02
s>                ( - -3.542e+04 1 0)
s>                ( SILENCE 1 -6.522e+04 7.542e+02 3.004e+02
s>                    ( - -1.658e+04 1 0)
s>                    ( - -4.788e+04 1 0)))))INFO: dtree.c(1315): Comp split 1
INFO: dtree.c(1439): stop. leaf nodes are specific
INFO: dtree.c(1478): Final simple tree
|( SILENCE 1 -2.769e+06 2.126e+03 1.330e+04
|    ( - -4.972e+05 2 0)
|    ( QUESTION0_9_R 1 -2.270e+06 4.433e+02 1.089e+04
|        ( QUESTION11 1 -3.795e+05 2.281e+02 1.829e+03
|            ( - -2.020e+05 2 0)
|            ( - -1.773e+05 1 0))
|        ( QUESTION14 1 -1.890e+06 3.103e+02 9.056e+03
|            ( - -9.212e+05 2 0)
|            ( QUESTION0_7_R 1 -9.684e+05 1.968e+02 4.626e+03
|                ( - -1.886e+05 2 0)
|                ( - -7.795e+05 7 0)))))
s>    ( SILENCE 1 -2.769e+06 2.126e+03 1.330e+04
s>        ( - -4.972e+05 2 0)
s>        ( QUESTION0_9_R 1 -2.270e+06 4.433e+02 1.089e+04
s>            ( QUESTION11 1 -3.795e+05 2.281e+02 1.829e+03
s>                ( - -2.020e+05 2 0)
s>                ( - -1.773e+05 1 0))
s>            ( QUESTION14 1 -1.890e+06 3.103e+02 9.056e+03
s>                ( - -9.212e+05 2 0)
s>                ( QUESTION0_7_R 1 -9.684e+05 1.968e+02 4.626e+03
s>                    ( - -1.886e+05 2 0)
s>                    ( - -7.795e+05 7 0)))))INFO: dtree.c(1439): stop. leaf nodes are specific
INFO: dtree.c(1478): Final simple tree
|( SILENCE 1 -2.145e+06 1.549e+03 1.016e+04
|    ( - -3.750e+05 1 0)
|    ( QUESTION0_7_R 1 -1.769e+06 9.304e+02 8.348e+03
|        ( QUESTION14 1 -6.870e+05 2.707e+02 3.245e+03
|            ( - -5.130e+05 1 0)
|            ( - -1.737e+05 1 0))
|        ( QUESTION0_9_R 1 -1.081e+06 4.824e+02 5.103e+03
|            ( QUESTION11 1 -3.311e+05 2.003e+02 1.568e+03
|                ( - -1.380e+05 1 0)
|                ( - -1.929e+05 1 0))
|            ( - -7.494e+05 4 0))))
s>    ( SILENCE 1 -2.145e+06 1.549e+03 1.016e+04
s>        ( - -3.750e+05 1 0)
s>        ( QUESTION0_7_R 1 -1.769e+06 9.304e+02 8.348e+03
s>            ( QUESTION14 1 -6.870e+05 2.707e+02 3.245e+03
s>                ( - -5.130e+05 1 0)
s>                ( - -1.737e+05 1 0))
s>            ( QUESTION0_9_R 1 -1.081e+06 4.824e+02 5.103e+03
s>                ( QUESTION11 1 -3.311e+05 2.003e+02 1.568e+03
s>                    ( - -1.380e+05 1 0)
s>                    ( - -1.929e+05 1 0))
s>                ( - -7.494e+05 4 0))))INFO: dtree.c(1315): Comp split 2
INFO: dtree.c(1439): stop. leaf nodes are specific
INFO: dtree.c(1478): Final simple tree
|( QUESTION0_9_R 1 -2.270e+06 4.433e+02 1.089e+04
|    ( QUESTION11 1 -3.795e+05 2.281e+02 1.829e+03
|        ( - -2.020e+05 2 0)
|        ( - -1.773e+05 1 0))
|    ( QUESTION14 1 -1.890e+06 3.103e+02 9.056e+03
|        ( - -9.212e+05 2 0)
|        ( QUESTION0_7_R 1 -9.684e+05 1.968e+02 4.626e+03
|            ( - -1.886e+05 2 0)
|            ( - -7.795e+05 7 0))))
s>    ( QUESTION0_9_R 1 -2.270e+06 4.433e+02 1.089e+04
s>        ( QUESTION11 1 -3.795e+05 2.281e+02 1.829e+03
s>            ( - -2.020e+05 2 0)
s>            ( - -1.773e+05 1 0))
s>        ( QUESTION14 1 -1.890e+06 3.103e+02 9.056e+03
s>            ( - -9.212e+05 2 0)
s>            ( QUESTION0_7_R 1 -9.684e+05 1.968e+02 4.626e+03
s>                ( - -1.886e+05 2 0)
s>                ( - -7.795e+05 7 0))))INFO: dtree.c(1315): Comp split 3
INFO: dtree.c(1478): Final simple tree
|( QUESTION10 1 -2.056e+05 1.325e+03 9.141e+02
|    ( QUESTION19 -1 -1.378e+05 1.027e+03 6.072e+02
|        ( - -4.788e+04 1 0)
|        ( QUESTION0_6_R 1 -8.890e+04 9.085e+02 3.885e+02
|            ( QUESTION0_7_R 1 -5.257e+04 4.749e+02 2.310e+02
|                ( - -2.295e+04 2 0 QUESTION14 1 1.592e+02 1.021e+02)
|                ( QUESTION11 1 -2.914e+04 3.136e+02 1.289e+02
|                    ( - -6.603e+03 1 0)
|                    ( QUESTION0_9_R 1 -2.223e+04 2.801e+02 9.833e+01
|                        ( - -6.393e+03 1 0)
|                        ( - -1.555e+04 3 0))))
|            ( - -3.542e+04 1 0)))
|    ( SILENCE 1 -6.649e+04 6.828e+02 3.069e+02
|        ( - -1.658e+04 1 0)
|        ( - -4.923e+04 3 0 QUESTION19 -1 2.150e+02 2.252e+02)))
s>    ( QUESTION10 1 -2.056e+05 1.325e+03 9.141e+02
s>        ( QUESTION19 -1 -1.378e+05 1.027e+03 6.072e+02
s>            ( - -4.788e+04 1 0)
s>            ( QUESTION0_6_R 1 -8.890e+04 9.085e+02 3.885e+02
s>                ( QUESTION0_7_R 1 -5.257e+04 4.749e+02 2.310e+02
s>                    ( - -2.295e+04 2 0 QUESTION14 1 1.592e+02 1.021e+02)
s>                    ( QUESTION11 1 -2.914e+04 3.136e+02 1.289e+02
s>                        ( - -6.603e+03 1 0)
s>                        ( QUESTION0_9_R 1 -2.223e+04 2.801e+02 9.833e+01
s>                            ( - -6.393e+03 1 0)
s>                            ( - -1.555e+04 3 0))))
s>                ( - -3.542e+04 1 0)))
s>        ( SILENCE 1 -6.649e+04 6.828e+02 3.069e+02
s>            ( - -1.658e+04 1 0)
s>            ( - -4.923e+04 3 0 QUESTION19 -1 2.150e+02 2.252e+02)))INFO: dtree.c(1315): Comp split 4
INFO: dtree.c(1439): stop. leaf nodes are specific
INFO: dtree.c(1478): Final simple tree
|( SILENCE 1 -5.683e+05 4.559e+02 2.736e+03
|    ( - -3.750e+05 1 0)
|    ( - -1.929e+05 1 0))
s>    ( SILENCE 1 -5.683e+05 4.559e+02 2.736e+03
s>        ( - -3.750e+05 1 0)
s>        ( - -1.929e+05 1 0))INFO: dtree.c(1439): stop. leaf nodes are specific
INFO: dtree.c(1478): Final simple tree
|( QUESTION0_7_R 1 -1.575e+06 8.690e+02 7.427e+03
|    ( QUESTION14 1 -6.870e+05 2.707e+02 3.245e+03
|        ( - -5.130e+05 1 0)
|        ( - -1.737e+05 1 0))
|    ( QUESTION0_9_R 1 -8.876e+05 2.475e+02 4.183e+03
|        ( - -1.380e+05 1 0)
|        ( - -7.494e+05 4 0)))
s>    ( QUESTION0_7_R 1 -1.575e+06 8.690e+02 7.427e+03
s>        ( QUESTION14 1 -6.870e+05 2.707e+02 3.245e+03
s>            ( - -5.130e+05 1 0)
s>            ( - -1.737e+05 1 0))
s>        ( QUESTION0_9_R 1 -8.876e+05 2.475e+02 4.183e+03
s>            ( - -1.380e+05 1 0)
s>            ( - -7.494e+05 4 0)))INFO: dtree.c(1315): Comp split 5
INFO: dtree.c(1439): stop. leaf nodes are specific
INFO: dtree.c(1478): Final simple tree
|( QUESTION0_6_R 1 -8.890e+04 9.085e+02 3.885e+02
|    ( QUESTION0_7_R 1 -5.257e+04 4.749e+02 2.310e+02
|        ( QUESTION14 1 -2.295e+04 1.592e+02 1.021e+02
|            ( - -2.096e+04 1 0)
|            ( - -1.830e+03 1 0))
|        ( QUESTION11 1 -2.914e+04 3.136e+02 1.289e+02
|            ( - -6.603e+03 1 0)
|            ( QUESTION0_9_R 1 -2.223e+04 2.801e+02 9.833e+01
|                ( - -6.393e+03 1 0)
|                ( - -1.555e+04 3 0))))
|    ( - -3.542e+04 1 0))
s>    ( QUESTION0_6_R 1 -8.890e+04 9.085e+02 3.885e+02
s>        ( QUESTION0_7_R 1 -5.257e+04 4.749e+02 2.310e+02
s>            ( QUESTION14 1 -2.295e+04 1.592e+02 1.021e+02
s>                ( - -2.096e+04 1 0)
s>                ( - -1.830e+03 1 0))
s>            ( QUESTION11 1 -2.914e+04 3.136e+02 1.289e+02
s>                ( - -6.603e+03 1 0)
s>                ( QUESTION0_9_R 1 -2.223e+04 2.801e+02 9.833e+01
s>                    ( - -6.393e+03 1 0)
s>                    ( - -1.555e+04 3 0))))
s>        ( - -3.542e+04 1 0))INFO: dtree.c(1439): stop. leaf nodes are specific
INFO: dtree.c(1478): Final simple tree
|( QUESTION0_19_R 1 -1.152e+05 8.087e+02 5.256e+02
|    ( - -4.788e+04 1 0)
|    ( SILENCE 1 -6.649e+04 6.828e+02 3.069e+02
|        ( - -1.658e+04 1 0)
|        ( QUESTION19 -1 -4.923e+04 2.150e+02 2.252e+02
|            ( - -4.711e+04 2 0)
|            ( - -1.901e+03 1 0))))
s>    ( QUESTION0_19_R 1 -1.152e+05 8.087e+02 5.256e+02
s>        ( - -4.788e+04 1 0)
s>        ( SILENCE 1 -6.649e+04 6.828e+02 3.069e+02
s>            ( - -1.658e+04 1 0)
s>            ( QUESTION19 -1 -4.923e+04 2.150e+02 2.252e+02
s>                ( - -4.711e+04 2 0)
s>                ( - -1.901e+03 1 0))))INFO: dtree.c(1315): Comp split 6
INFO: dtree.c(1439): stop. leaf nodes are specific
INFO: dtree.c(1478): Final simple tree
|( QUESTION0_7_R 1 -5.257e+04 4.749e+02 2.310e+02
|    ( QUESTION14 1 -2.295e+04 1.592e+02 1.021e+02
|        ( - -2.096e+04 1 0)
|        ( - -1.830e+03 1 0))
|    ( QUESTION11 1 -2.914e+04 3.136e+02 1.289e+02
|        ( - -6.603e+03 1 0)
|        ( QUESTION0_9_R 1 -2.223e+04 2.801e+02 9.833e+01
|            ( - -6.393e+03 1 0)
|            ( - -1.555e+04 3 0))))
s>    ( QUESTION0_7_R 1 -5.257e+04 4.749e+02 2.310e+02
s>        ( QUESTION14 1 -2.295e+04 1.592e+02 1.021e+02
s>            ( - -2.096e+04 1 0)
s>            ( - -1.830e+03 1 0))
s>        ( QUESTION11 1 -2.914e+04 3.136e+02 1.289e+02
s>            ( - -6.603e+03 1 0)
s>            ( QUESTION0_9_R 1 -2.223e+04 2.801e+02 9.833e+01
s>                ( - -6.393e+03 1 0)
s>                ( - -1.555e+04 3 0))))INFO: dtree.c(1315): Comp split 7
INFO: dtree.c(1439): stop. leaf nodes are specific
INFO: dtree.c(1478): Final simple tree
|( QUESTION0_9_R 1 -8.876e+05 2.475e+02 4.183e+03
|    ( - -1.380e+05 1 0)
|    ( - -7.494e+05 4 0))
s>    ( QUESTION0_9_R 1 -8.876e+05 2.475e+02 4.183e+03
s>        ( - -1.380e+05 1 0)
s>        ( - -7.494e+05 4 0))INFO: dtree.c(1439): stop. leaf nodes are specific
INFO: dtree.c(1478): Final simple tree
|( QUESTION14 1 -6.870e+05 2.707e+02 3.245e+03
|    ( - -5.130e+05 1 0)
|    ( - -1.737e+05 1 0))
s>    ( QUESTION14 1 -6.870e+05 2.707e+02 3.245e+03
s>        ( - -5.130e+05 1 0)
s>        ( - -1.737e+05 1 0))INFO: dtree.c(1315): Comp split 8
INFO: dtree.c(1439): stop. leaf nodes are specific
INFO: dtree.c(1478): Final simple tree
|( SILENCE 1 -6.649e+04 6.828e+02 3.069e+02
|    ( - -1.658e+04 1 0)
|    ( QUESTION19 -1 -4.923e+04 2.150e+02 2.252e+02
|        ( - -4.711e+04 2 0)
|        ( - -1.901e+03 1 0)))
s>    ( SILENCE 1 -6.649e+04 6.828e+02 3.069e+02
s>        ( - -1.658e+04 1 0)
s>        ( QUESTION19 -1 -4.923e+04 2.150e+02 2.252e+02
s>            ( - -4.711e+04 2 0)
s>            ( - -1.901e+03 1 0)))INFO: dtree.c(1315): Comp split 9
INFO: dtree.c(1439): stop. leaf nodes are specific
INFO: dtree.c(1478): Final simple tree
|( QUESTION19 -1 -4.923e+04 2.150e+02 2.252e+02
|    ( - -4.711e+04 2 0)
|    ( - -1.901e+03 1 0))
s>    ( QUESTION19 -1 -4.923e+04 2.150e+02 2.252e+02
s>        ( - -4.711e+04 2 0)
s>        ( - -1.901e+03 1 0))INFO: dtree.c(1315): Comp split 10
INFO: dtree.c(1439): stop. leaf nodes are specific
INFO: dtree.c(1478): Final simple tree
|( QUESTION11 1 -2.914e+04 3.136e+02 1.289e+02
|    ( - -6.603e+03 1 0)
|    ( QUESTION0_9_R 1 -2.223e+04 2.801e+02 9.833e+01
|        ( - -6.393e+03 1 0)
|        ( - -1.555e+04 3 0)))
s>    ( QUESTION11 1 -2.914e+04 3.136e+02 1.289e+02
s>        ( - -6.603e+03 1 0)
s>        ( QUESTION0_9_R 1 -2.223e+04 2.801e+02 9.833e+01
s>            ( - -6.393e+03 1 0)
s>            ( - -1.555e+04 3 0)))INFO: dtree.c(1439): stop. leaf nodes are specific
INFO: dtree.c(1478): Final simple tree
|( QUESTION14 1 -2.295e+04 1.592e+02 1.021e+02
|    ( - -2.096e+04 1 0)
|    ( - -1.830e+03 1 0))
s>    ( QUESTION14 1 -2.295e+04 1.592e+02 1.021e+02
s>        ( - -2.096e+04 1 0)
s>        ( - -1.830e+03 1 0))INFO: dtree.c(1315): Comp split 11
INFO: dtree.c(1315): Comp split 12
INFO: dtree.c(1439): stop. leaf nodes are specific
INFO: dtree.c(1478): Final simple tree
|( QUESTION14 1 -1.890e+06 3.103e+02 9.056e+03
|    ( - -9.212e+05 2 0)
|    ( QUESTION0_7_R 1 -9.684e+05 1.968e+02 4.626e+03
|        ( - -1.886e+05 2 0)
|        ( - -7.795e+05 7 0)))
s>    ( QUESTION14 1 -1.890e+06 3.103e+02 9.056e+03
s>        ( - -9.212e+05 2 0)
s>        ( QUESTION0_7_R 1 -9.684e+05 1.968e+02 4.626e+03
s>            ( - -1.886e+05 2 0)
s>            ( - -7.795e+05 7 0)))INFO: dtree.c(1439): stop. leaf nodes are specific
INFO: dtree.c(1478): Final simple tree
|( QUESTION11 1 -3.795e+05 2.281e+02 1.829e+03
|    ( - -2.020e+05 2 0)
|    ( - -1.773e+05 1 0))
s>    ( QUESTION11 1 -3.795e+05 2.281e+02 1.829e+03
s>        ( - -2.020e+05 2 0)
s>        ( - -1.773e+05 1 0))INFO: dtree.c(1315): Comp split 13
INFO: dtree.c(1439): stop. leaf nodes are specific
INFO: dtree.c(1478): Final simple tree
|( QUESTION0_9_R 1 -2.223e+04 2.801e+02 9.833e+01
|    ( - -6.393e+03 1 0)
|    ( - -1.555e+04 3 0))
s>    ( QUESTION0_9_R 1 -2.223e+04 2.801e+02 9.833e+01
s>        ( - -6.393e+03 1 0)
s>        ( - -1.555e+04 3 0))INFO: dtree.c(1315): Comp split 14
INFO: dtree.c(1439): stop. leaf nodes are specific
INFO: dtree.c(1478): Final simple tree
|( QUESTION0_7_R 1 -9.684e+05 1.968e+02 4.626e+03
|    ( - -1.886e+05 2 0)
|    ( - -7.795e+05 7 0))
s>    ( QUESTION0_7_R 1 -9.684e+05 1.968e+02 4.626e+03
s>        ( - -1.886e+05 2 0)
s>        ( - -7.795e+05 7 0))INFO: dtree.c(1315): Comp split 15
INFO: dtree.c(1315): Comp split 16
INFO: dtree.c(1315): Comp split 17
INFO: dtree.c(1315): Comp split 18
INFO: dtree.c(1315): Comp split 19
INFO: dtree.c(1315): Comp split 20
INFO: dtree.c(1315): Comp split 21
INFO: dtree.c(1315): Comp split 22
INFO: dtree.c(1318): stop. leaf nodes are specific
!!!!!!!!Allocated 67 lines
Wed Apr  6 14:10:34 2016
