Current configuration:
[NAME]		[DEFLT]	[VALUE]
-allphones	no	no
-cntthresh	0.00001	1.000000e-05
-csplitmax	100	2000
-csplitmin	1	1
-csplitthr	8e-4	0.000000e+00
-example	no	no
-fullvar	no	no
-help		no	no
-meanfn			/home/nguyenvanthinh/Desktop/Git/speech recognition  demo/acoustic/model_parameters/digit.cd_cont_untied/means
-mixwfn			/home/nguyenvanthinh/Desktop/Git/speech recognition  demo/acoustic/model_parameters/digit.cd_cont_untied/mixture_weights
-moddeffn		/home/nguyenvanthinh/Desktop/Git/speech recognition  demo/acoustic/model_architecture/digit.untied.mdef
-mwfloor	1e-4	1.000000e-08
-phone			h
-psetfn			/home/nguyenvanthinh/Desktop/Git/speech recognition  demo/acoustic/model_architecture/digit.tree_questions
-ssplitmax	5	7
-ssplitmin	1	1
-ssplitthr	8e-4	0.000000e+00
-state			0
-stwt			1.0,0.05,0.0,
-treefn			/home/nguyenvanthinh/Desktop/Git/speech recognition  demo/acoustic/trees/digit.unpruned/h-0.dtree
-ts2cbfn	.semi.	.cont.
-varfloor	0.00001	1.000000e-05
-varfn			/home/nguyenvanthinh/Desktop/Git/speech recognition  demo/acoustic/model_parameters/digit.cd_cont_untied/variances

INFO: main.c(223): Reading: /home/nguyenvanthinh/Desktop/Git/speech recognition  demo/acoustic/model_architecture/digit.untied.mdef
INFO: model_def_io.c(573): Model definition info:
INFO: model_def_io.c(574): 326 total models defined (31 base, 295 tri)
INFO: model_def_io.c(575): 1304 total states
INFO: model_def_io.c(576): 978 total tied states
INFO: model_def_io.c(577): 93 total tied CI states
INFO: model_def_io.c(578): 31 total tied transition matrices
INFO: model_def_io.c(579): 4 max state/model
INFO: model_def_io.c(580): 4 min state/model
INFO: main.c(242): Building trees for [h SIL a b] through [h uz a b]
INFO: main.c(269): Covering states |[249 275]| == 27
INFO: main.c(275): Reading: /home/nguyenvanthinh/Desktop/Git/speech recognition  demo/acoustic/model_parameters/digit.cd_cont_untied/mixture_weights
INFO: s3mixw_io.c(173): Read /home/nguyenvanthinh/Desktop/Git/speech recognition  demo/acoustic/model_parameters/digit.cd_cont_untied/mixture_weights [27x1x1 array]
INFO: main.c(311): 9 of 9 models have observation count greater than 0.000010
INFO: main.c(95): nrm stwt: 0.952 0.048 0.000 
INFO: s3gau_io.c(169): Read /home/nguyenvanthinh/Desktop/Git/speech recognition  demo/acoustic/model_parameters/digit.cd_cont_untied/means [978x1x1 array]
INFO: s3gau_io.c(169): Read /home/nguyenvanthinh/Desktop/Git/speech recognition  demo/acoustic/model_parameters/digit.cd_cont_untied/variances [978x1x1 array]
INFO: main.c(549): Reading: /home/nguyenvanthinh/Desktop/Git/speech recognition  demo/acoustic/model_architecture/digit.tree_questions
INFO: main.c(588): 178 total simple questions (170 phone; 8 word bndry)
INFO: main.c(590): 42 Left Only questions, and 40 Right Only questions
INFO: dtree.c(1478): Final simple tree
|( QUESTION2_7_L -1 -6.533e+05 3.145e+03 2.787e+03
|    ( - -1.276e+05 1 0)
|    ( QUESTION20 -1 -5.226e+05 1.084e+03 2.240e+03
|        ( - -2.197e+04 1 0)
|        ( QUESTION4 -1 -4.996e+05 9.690e+02 2.134e+03
|            ( - -1.398e+05 1 0)
|            ( QUESTION2_3_L -1 -3.588e+05 9.463e+02 1.540e+03
|                ( QUESTION2 -1 -8.977e+04 7.095e+02 3.829e+02
|                    ( - -3.265e+04 1 0)
|                    ( - -5.641e+04 1 0))
|                ( QUESTION9 -1 -2.681e+05 6.927e+02 1.157e+03
|                    ( - -4.921e+04 1 0)
|                    ( QUESTION0 -1 -2.182e+05 6.423e+02 9.456e+02
|                        ( - -5.314e+04 1 0)
|                        ( - -1.644e+05 2 0 SILENCE -1 5.168e+02 7.193e+02)))))))
s>    ( QUESTION2_7_L -1 -6.533e+05 3.145e+03 2.787e+03
s>        ( - -1.276e+05 1 0)
s>        ( QUESTION20 -1 -5.226e+05 1.084e+03 2.240e+03
s>            ( - -2.197e+04 1 0)
s>            ( QUESTION4 -1 -4.996e+05 9.690e+02 2.134e+03
s>                ( - -1.398e+05 1 0)
s>                ( QUESTION2_3_L -1 -3.588e+05 9.463e+02 1.540e+03
s>                    ( QUESTION2 -1 -8.977e+04 7.095e+02 3.829e+02
s>                        ( - -3.265e+04 1 0)
s>                        ( - -5.641e+04 1 0))
s>                    ( QUESTION9 -1 -2.681e+05 6.927e+02 1.157e+03
s>                        ( - -4.921e+04 1 0)
s>                        ( QUESTION0 -1 -2.182e+05 6.423e+02 9.456e+02
s>                            ( - -5.314e+04 1 0)
s>                            ( - -1.644e+05 2 0 SILENCE -1 5.168e+02 7.193e+02)))))))INFO: dtree.c(1315): Comp split 0
INFO: dtree.c(1478): Final simple tree
|( QUESTION20 -1 -5.226e+05 1.084e+03 2.240e+03
|    ( - -2.197e+04 1 0)
|    ( QUESTION4 -1 -4.996e+05 9.690e+02 2.134e+03
|        ( - -1.398e+05 1 0)
|        ( QUESTION2_3_L -1 -3.588e+05 9.463e+02 1.540e+03
|            ( QUESTION2 -1 -8.977e+04 7.095e+02 3.829e+02
|                ( - -3.265e+04 1 0)
|                ( - -5.641e+04 1 0))
|            ( QUESTION9 -1 -2.681e+05 6.927e+02 1.157e+03
|                ( - -4.921e+04 1 0)
|                ( QUESTION0 -1 -2.182e+05 6.423e+02 9.456e+02
|                    ( - -5.314e+04 1 0)
|                    ( SILENCE -1 -1.644e+05 5.168e+02 7.193e+02
|                        ( - -5.239e+04 1 0)
|                        ( - -1.115e+05 1 0)))))))
s>    ( QUESTION20 -1 -5.226e+05 1.084e+03 2.240e+03
s>        ( - -2.197e+04 1 0)
s>        ( QUESTION4 -1 -4.996e+05 9.690e+02 2.134e+03
s>            ( - -1.398e+05 1 0)
s>            ( QUESTION2_3_L -1 -3.588e+05 9.463e+02 1.540e+03
s>                ( QUESTION2 -1 -8.977e+04 7.095e+02 3.829e+02
s>                    ( - -3.265e+04 1 0)
s>                    ( - -5.641e+04 1 0))
s>                ( QUESTION9 -1 -2.681e+05 6.927e+02 1.157e+03
s>                    ( - -4.921e+04 1 0)
s>                    ( QUESTION0 -1 -2.182e+05 6.423e+02 9.456e+02
s>                        ( - -5.314e+04 1 0)
s>                        ( SILENCE -1 -1.644e+05 5.168e+02 7.193e+02
s>                            ( - -5.239e+04 1 0)
s>                            ( - -1.115e+05 1 0)))))))INFO: dtree.c(1315): Comp split 1
INFO: dtree.c(1439): stop. leaf nodes are specific
INFO: dtree.c(1478): Final simple tree
|( QUESTION10 -1 -2.910e+05 9.377e+02 1.263e+03
|    ( - -2.197e+04 1 0)
|    ( QUESTION9 -1 -2.681e+05 6.927e+02 1.157e+03
|        ( - -4.921e+04 1 0)
|        ( QUESTION0 -1 -2.182e+05 6.423e+02 9.456e+02
|            ( - -5.314e+04 1 0)
|            ( SILENCE -1 -1.644e+05 5.168e+02 7.193e+02
|                ( - -5.239e+04 1 0)
|                ( - -1.115e+05 1 0)))))
s>    ( QUESTION10 -1 -2.910e+05 9.377e+02 1.263e+03
s>        ( - -2.197e+04 1 0)
s>        ( QUESTION9 -1 -2.681e+05 6.927e+02 1.157e+03
s>            ( - -4.921e+04 1 0)
s>            ( QUESTION0 -1 -2.182e+05 6.423e+02 9.456e+02
s>                ( - -5.314e+04 1 0)
s>                ( SILENCE -1 -1.644e+05 5.168e+02 7.193e+02
s>                    ( - -5.239e+04 1 0)
s>                    ( - -1.115e+05 1 0)))))INFO: dtree.c(1439): stop. leaf nodes are specific
INFO: dtree.c(1478): Final simple tree
|( QUESTION2 -1 -2.301e+05 8.318e+02 9.773e+02
|    ( QUESTION4 -1 -1.729e+05 4.737e+02 7.325e+02
|        ( - -1.398e+05 1 0)
|        ( - -3.265e+04 1 0))
|    ( - -5.641e+04 1 0))
s>    ( QUESTION2 -1 -2.301e+05 8.318e+02 9.773e+02
s>        ( QUESTION4 -1 -1.729e+05 4.737e+02 7.325e+02
s>            ( - -1.398e+05 1 0)
s>            ( - -3.265e+04 1 0))
s>        ( - -5.641e+04 1 0))INFO: dtree.c(1315): Comp split 2
INFO: dtree.c(1439): stop. leaf nodes are specific
INFO: dtree.c(1478): Final simple tree
|( QUESTION9 -1 -2.681e+05 6.927e+02 1.157e+03
|    ( - -4.921e+04 1 0)
|    ( QUESTION0 -1 -2.182e+05 6.423e+02 9.456e+02
|        ( - -5.314e+04 1 0)
|        ( SILENCE -1 -1.644e+05 5.168e+02 7.193e+02
|            ( - -5.239e+04 1 0)
|            ( - -1.115e+05 1 0))))
s>    ( QUESTION9 -1 -2.681e+05 6.927e+02 1.157e+03
s>        ( - -4.921e+04 1 0)
s>        ( QUESTION0 -1 -2.182e+05 6.423e+02 9.456e+02
s>            ( - -5.314e+04 1 0)
s>            ( SILENCE -1 -1.644e+05 5.168e+02 7.193e+02
s>                ( - -5.239e+04 1 0)
s>                ( - -1.115e+05 1 0))))INFO: dtree.c(1315): Comp split 3
INFO: dtree.c(1439): stop. leaf nodes are specific
INFO: dtree.c(1478): Final simple tree
|( SILENCE -1 -1.644e+05 5.168e+02 7.193e+02
|    ( - -5.239e+04 1 0)
|    ( - -1.115e+05 1 0))
s>    ( SILENCE -1 -1.644e+05 5.168e+02 7.193e+02
s>        ( - -5.239e+04 1 0)
s>        ( - -1.115e+05 1 0))INFO: dtree.c(1439): stop. leaf nodes are specific
INFO: dtree.c(1478): Final simple tree
|( QUESTION0 -1 -1.028e+05 4.777e+02 4.374e+02
|    ( - -5.314e+04 1 0)
|    ( - -4.921e+04 1 0))
s>    ( QUESTION0 -1 -1.028e+05 4.777e+02 4.374e+02
s>        ( - -5.314e+04 1 0)
s>        ( - -4.921e+04 1 0))INFO: dtree.c(1315): Comp split 4
INFO: dtree.c(1439): stop. leaf nodes are specific
INFO: dtree.c(1478): Final simple tree
|( QUESTION4 -1 -1.729e+05 4.737e+02 7.325e+02
|    ( - -1.398e+05 1 0)
|    ( - -3.265e+04 1 0))
s>    ( QUESTION4 -1 -1.729e+05 4.737e+02 7.325e+02
s>        ( - -1.398e+05 1 0)
s>        ( - -3.265e+04 1 0))INFO: dtree.c(1315): Comp split 5
INFO: dtree.c(1315): Comp split 6
INFO: dtree.c(1315): Comp split 7
INFO: dtree.c(1315): Comp split 8
INFO: dtree.c(1318): stop. leaf nodes are specific
!!!!!!!!Allocated 67 lines
Wed Apr  6 14:10:34 2016
