Current configuration:
[NAME]		[DEFLT]	[VALUE]
-allphones	no	no
-cntthresh	0.00001	1.000000e-05
-csplitmax	100	2000
-csplitmin	1	1
-csplitthr	8e-4	0.000000e+00
-example	no	no
-fullvar	no	no
-help		no	no
-meanfn			/home/nguyenvanthinh/Desktop/Git/speech recognition  demo/acoustic/model_parameters/digit.cd_cont_untied/means
-mixwfn			/home/nguyenvanthinh/Desktop/Git/speech recognition  demo/acoustic/model_parameters/digit.cd_cont_untied/mixture_weights
-moddeffn		/home/nguyenvanthinh/Desktop/Git/speech recognition  demo/acoustic/model_architecture/digit.untied.mdef
-mwfloor	1e-4	1.000000e-08
-phone			tc
-psetfn			/home/nguyenvanthinh/Desktop/Git/speech recognition  demo/acoustic/model_architecture/digit.tree_questions
-ssplitmax	5	7
-ssplitmin	1	1
-ssplitthr	8e-4	0.000000e+00
-state			2
-stwt			1.0,0.05,0.0,
-treefn			/home/nguyenvanthinh/Desktop/Git/speech recognition  demo/acoustic/trees/digit.unpruned/tc-2.dtree
-ts2cbfn	.semi.	.cont.
-varfloor	0.00001	1.000000e-05
-varfn			/home/nguyenvanthinh/Desktop/Git/speech recognition  demo/acoustic/model_parameters/digit.cd_cont_untied/variances

INFO: main.c(223): Reading: /home/nguyenvanthinh/Desktop/Git/speech recognition  demo/acoustic/model_architecture/digit.untied.mdef
INFO: model_def_io.c(573): Model definition info:
INFO: model_def_io.c(574): 326 total models defined (31 base, 295 tri)
INFO: model_def_io.c(575): 1304 total states
INFO: model_def_io.c(576): 978 total tied states
INFO: model_def_io.c(577): 93 total tied CI states
INFO: model_def_io.c(578): 31 total tied transition matrices
INFO: model_def_io.c(579): 4 max state/model
INFO: model_def_io.c(580): 4 min state/model
INFO: main.c(242): Building trees for [tc ooj SIL e] through [tc oos ng e]
INFO: main.c(269): Covering states |[837 890]| == 54
INFO: main.c(275): Reading: /home/nguyenvanthinh/Desktop/Git/speech recognition  demo/acoustic/model_parameters/digit.cd_cont_untied/mixture_weights
INFO: s3mixw_io.c(173): Read /home/nguyenvanthinh/Desktop/Git/speech recognition  demo/acoustic/model_parameters/digit.cd_cont_untied/mixture_weights [54x1x1 array]
INFO: main.c(311): 18 of 18 models have observation count greater than 0.000010
INFO: main.c(95): nrm stwt: 0.000 0.048 0.952 
INFO: s3gau_io.c(169): Read /home/nguyenvanthinh/Desktop/Git/speech recognition  demo/acoustic/model_parameters/digit.cd_cont_untied/means [978x1x1 array]
INFO: s3gau_io.c(169): Read /home/nguyenvanthinh/Desktop/Git/speech recognition  demo/acoustic/model_parameters/digit.cd_cont_untied/variances [978x1x1 array]
INFO: main.c(549): Reading: /home/nguyenvanthinh/Desktop/Git/speech recognition  demo/acoustic/model_architecture/digit.tree_questions
INFO: main.c(588): 178 total simple questions (170 phone; 8 word bndry)
INFO: main.c(590): 42 Left Only questions, and 40 Right Only questions
INFO: dtree.c(1478): Final simple tree
|( QUESTION3 -1 -1.010e+06 4.385e+03 4.547e+03
|    ( QUESTION0_19_R 1 -7.025e+05 2.148e+03 3.134e+03
|        ( - -7.534e+04 1 0)
|        ( QUESTION0_8_R 1 -6.250e+05 1.474e+03 2.801e+03
|            ( QUESTION0_9_R 1 -3.054e+05 8.029e+02 1.354e+03
|                ( - -1.242e+05 2 0 QUESTION11 1 3.376e+02 5.602e+02)
|                ( - -1.804e+05 4 0))
|            ( SILENCE 1 -3.181e+05 1.396e+03 1.447e+03
|                ( - -7.491e+04 1 0)
|                ( - -2.418e+05 3 0 QUESTION0_6_R 1 2.666e+02 1.096e+03))))
|    ( QUESTION0_11_R 1 -3.033e+05 3.291e+03 1.413e+03
|        ( - -3.780e+04 1 0)
|        ( QUESTION0_10_R 1 -2.622e+05 4.893e+02 1.248e+03
|            ( - -7.258e+04 3 0)
|            ( - -1.891e+05 3 0 QUESTION0_7_R 1 3.775e+02 9.043e+02))))
s>    ( QUESTION3 -1 -1.010e+06 4.385e+03 4.547e+03
s>        ( QUESTION0_19_R 1 -7.025e+05 2.148e+03 3.134e+03
s>            ( - -7.534e+04 1 0)
s>            ( QUESTION0_8_R 1 -6.250e+05 1.474e+03 2.801e+03
s>                ( QUESTION0_9_R 1 -3.054e+05 8.029e+02 1.354e+03
s>                    ( - -1.242e+05 2 0 QUESTION11 1 3.376e+02 5.602e+02)
s>                    ( - -1.804e+05 4 0))
s>                ( SILENCE 1 -3.181e+05 1.396e+03 1.447e+03
s>                    ( - -7.491e+04 1 0)
s>                    ( - -2.418e+05 3 0 QUESTION0_6_R 1 2.666e+02 1.096e+03))))
s>        ( QUESTION0_11_R 1 -3.033e+05 3.291e+03 1.413e+03
s>            ( - -3.780e+04 1 0)
s>            ( QUESTION0_10_R 1 -2.622e+05 4.893e+02 1.248e+03
s>                ( - -7.258e+04 3 0)
s>                ( - -1.891e+05 3 0 QUESTION0_7_R 1 3.775e+02 9.043e+02))))INFO: dtree.c(1315): Comp split 0
INFO: dtree.c(1439): stop. leaf nodes are specific
INFO: dtree.c(1478): Final simple tree
|( QUESTION3 -1 -3.382e+05 1.071e+03 1.599e+03
|    ( - -7.491e+04 1 0)
|    ( QUESTION0_10_R 1 -2.622e+05 4.893e+02 1.248e+03
|        ( - -7.258e+04 3 0)
|        ( QUESTION0_7_R 1 -1.891e+05 3.775e+02 9.043e+02
|            ( - -5.903e+04 1 0)
|            ( SILENCE 1 -1.297e+05 1.267e+02 6.246e+02
|                ( - -1.194e+05 1 0)
|                ( - -1.013e+04 1 0)))))
s>    ( QUESTION3 -1 -3.382e+05 1.071e+03 1.599e+03
s>        ( - -7.491e+04 1 0)
s>        ( QUESTION0_10_R 1 -2.622e+05 4.893e+02 1.248e+03
s>            ( - -7.258e+04 3 0)
s>            ( QUESTION0_7_R 1 -1.891e+05 3.775e+02 9.043e+02
s>                ( - -5.903e+04 1 0)
s>                ( SILENCE 1 -1.297e+05 1.267e+02 6.246e+02
s>                    ( - -1.194e+05 1 0)
s>                    ( - -1.013e+04 1 0)))))INFO: dtree.c(1478): Final simple tree
|( QUESTION0_6_R 1 -6.647e+05 2.067e+03 2.948e+03
|    ( QUESTION0_7_R 1 -5.362e+05 1.521e+03 2.395e+03
|        ( QUESTION14 1 -2.292e+05 1.755e+02 1.041e+03
|            ( - -1.646e+05 1 0)
|            ( - -6.446e+04 1 0))
|        ( QUESTION0_9_R 1 -3.054e+05 8.029e+02 1.354e+03
|            ( QUESTION11 1 -1.242e+05 3.376e+02 5.602e+02
|                ( - -6.180e+04 1 0)
|                ( - -6.208e+04 1 0))
|            ( - -1.804e+05 4 0)))
|    ( QUESTION0_17_R 1 -1.264e+05 7.841e+02 5.527e+02
|        ( QUESTION3 -1 -5.032e+04 2.475e+02 2.203e+02
|            ( - -1.227e+04 1 0)
|            ( - -3.780e+04 1 0))
|        ( - -7.534e+04 1 0)))
s>    ( QUESTION0_6_R 1 -6.647e+05 2.067e+03 2.948e+03
s>        ( QUESTION0_7_R 1 -5.362e+05 1.521e+03 2.395e+03
s>            ( QUESTION14 1 -2.292e+05 1.755e+02 1.041e+03
s>                ( - -1.646e+05 1 0)
s>                ( - -6.446e+04 1 0))
s>            ( QUESTION0_9_R 1 -3.054e+05 8.029e+02 1.354e+03
s>                ( QUESTION11 1 -1.242e+05 3.376e+02 5.602e+02
s>                    ( - -6.180e+04 1 0)
s>                    ( - -6.208e+04 1 0))
s>                ( - -1.804e+05 4 0)))
s>        ( QUESTION0_17_R 1 -1.264e+05 7.841e+02 5.527e+02
s>            ( QUESTION3 -1 -5.032e+04 2.475e+02 2.203e+02
s>                ( - -1.227e+04 1 0)
s>                ( - -3.780e+04 1 0))
s>            ( - -7.534e+04 1 0)))INFO: dtree.c(1315): Comp split 1
INFO: dtree.c(1439): stop. leaf nodes are specific
INFO: dtree.c(1478): Final simple tree
|( QUESTION0_7_R 1 -5.362e+05 1.521e+03 2.395e+03
|    ( QUESTION14 1 -2.292e+05 1.755e+02 1.041e+03
|        ( - -1.646e+05 1 0)
|        ( - -6.446e+04 1 0))
|    ( QUESTION0_9_R 1 -3.054e+05 8.029e+02 1.354e+03
|        ( QUESTION11 1 -1.242e+05 3.376e+02 5.602e+02
|            ( - -6.180e+04 1 0)
|            ( - -6.208e+04 1 0))
|        ( - -1.804e+05 4 0)))
s>    ( QUESTION0_7_R 1 -5.362e+05 1.521e+03 2.395e+03
s>        ( QUESTION14 1 -2.292e+05 1.755e+02 1.041e+03
s>            ( - -1.646e+05 1 0)
s>            ( - -6.446e+04 1 0))
s>        ( QUESTION0_9_R 1 -3.054e+05 8.029e+02 1.354e+03
s>            ( QUESTION11 1 -1.242e+05 3.376e+02 5.602e+02
s>                ( - -6.180e+04 1 0)
s>                ( - -6.208e+04 1 0))
s>            ( - -1.804e+05 4 0)))INFO: dtree.c(1439): stop. leaf nodes are specific
INFO: dtree.c(1478): Final simple tree
|( QUESTION0_17_R 1 -1.264e+05 7.841e+02 5.527e+02
|    ( QUESTION3 -1 -5.032e+04 2.475e+02 2.203e+02
|        ( - -1.227e+04 1 0)
|        ( - -3.780e+04 1 0))
|    ( - -7.534e+04 1 0))
s>    ( QUESTION0_17_R 1 -1.264e+05 7.841e+02 5.527e+02
s>        ( QUESTION3 -1 -5.032e+04 2.475e+02 2.203e+02
s>            ( - -1.227e+04 1 0)
s>            ( - -3.780e+04 1 0))
s>        ( - -7.534e+04 1 0))INFO: dtree.c(1315): Comp split 2
INFO: dtree.c(1439): stop. leaf nodes are specific
INFO: dtree.c(1478): Final simple tree
|( QUESTION0_9_R 1 -3.054e+05 8.029e+02 1.354e+03
|    ( QUESTION11 1 -1.242e+05 3.376e+02 5.602e+02
|        ( - -6.180e+04 1 0)
|        ( - -6.208e+04 1 0))
|    ( - -1.804e+05 4 0))
s>    ( QUESTION0_9_R 1 -3.054e+05 8.029e+02 1.354e+03
s>        ( QUESTION11 1 -1.242e+05 3.376e+02 5.602e+02
s>            ( - -6.180e+04 1 0)
s>            ( - -6.208e+04 1 0))
s>        ( - -1.804e+05 4 0))INFO: dtree.c(1439): stop. leaf nodes are specific
INFO: dtree.c(1478): Final simple tree
|( QUESTION14 1 -2.292e+05 1.755e+02 1.041e+03
|    ( - -1.646e+05 1 0)
|    ( - -6.446e+04 1 0))
s>    ( QUESTION14 1 -2.292e+05 1.755e+02 1.041e+03
s>        ( - -1.646e+05 1 0)
s>        ( - -6.446e+04 1 0))INFO: dtree.c(1315): Comp split 3
INFO: dtree.c(1439): stop. leaf nodes are specific
INFO: dtree.c(1478): Final simple tree
|( QUESTION0_10_R 1 -2.622e+05 4.893e+02 1.248e+03
|    ( - -7.258e+04 3 0)
|    ( QUESTION0_7_R 1 -1.891e+05 3.775e+02 9.043e+02
|        ( - -5.903e+04 1 0)
|        ( SILENCE 1 -1.297e+05 1.267e+02 6.246e+02
|            ( - -1.194e+05 1 0)
|            ( - -1.013e+04 1 0))))
s>    ( QUESTION0_10_R 1 -2.622e+05 4.893e+02 1.248e+03
s>        ( - -7.258e+04 3 0)
s>        ( QUESTION0_7_R 1 -1.891e+05 3.775e+02 9.043e+02
s>            ( - -5.903e+04 1 0)
s>            ( SILENCE 1 -1.297e+05 1.267e+02 6.246e+02
s>                ( - -1.194e+05 1 0)
s>                ( - -1.013e+04 1 0))))INFO: dtree.c(1315): Comp split 4
INFO: dtree.c(1439): stop. leaf nodes are specific
INFO: dtree.c(1478): Final simple tree
|( QUESTION11 1 -1.242e+05 3.376e+02 5.602e+02
|    ( - -6.180e+04 1 0)
|    ( - -6.208e+04 1 0))
s>    ( QUESTION11 1 -1.242e+05 3.376e+02 5.602e+02
s>        ( - -6.180e+04 1 0)
s>        ( - -6.208e+04 1 0))INFO: dtree.c(1315): Comp split 5
INFO: dtree.c(1439): stop. leaf nodes are specific
INFO: dtree.c(1478): Final simple tree
|( QUESTION3 -1 -5.032e+04 2.475e+02 2.203e+02
|    ( - -1.227e+04 1 0)
|    ( - -3.780e+04 1 0))
s>    ( QUESTION3 -1 -5.032e+04 2.475e+02 2.203e+02
s>        ( - -1.227e+04 1 0)
s>        ( - -3.780e+04 1 0))INFO: dtree.c(1315): Comp split 6
INFO: dtree.c(1439): stop. leaf nodes are specific
INFO: dtree.c(1478): Final simple tree
|( SILENCE 1 -1.297e+05 1.267e+02 6.246e+02
|    ( - -1.194e+05 1 0)
|    ( - -1.013e+04 1 0))
s>    ( SILENCE 1 -1.297e+05 1.267e+02 6.246e+02
s>        ( - -1.194e+05 1 0)
s>        ( - -1.013e+04 1 0))INFO: dtree.c(1439): stop. leaf nodes are specific
INFO: dtree.c(1478): Final simple tree
|( QUESTION0_7_R 1 -1.319e+05 3.098e+02 6.232e+02
|    ( - -5.903e+04 1 0)
|    ( - -7.258e+04 3 0))
s>    ( QUESTION0_7_R 1 -1.319e+05 3.098e+02 6.232e+02
s>        ( - -5.903e+04 1 0)
s>        ( - -7.258e+04 3 0))INFO: dtree.c(1315): Comp split 7
INFO: dtree.c(1315): Comp split 8
INFO: dtree.c(1315): Comp split 9
INFO: dtree.c(1315): Comp split 10
INFO: dtree.c(1315): Comp split 11
INFO: dtree.c(1315): Comp split 12
INFO: dtree.c(1318): stop. leaf nodes are specific
!!!!!!!!Allocated 67 lines
Wed Apr  6 14:10:34 2016
