Current configuration:
[NAME]		[DEFLT]	[VALUE]
-allphones	no	no
-cntthresh	0.00001	1.000000e-05
-csplitmax	100	2000
-csplitmin	1	1
-csplitthr	8e-4	0.000000e+00
-example	no	no
-fullvar	no	no
-help		no	no
-meanfn			/home/nguyenvanthinh/Desktop/Git/speech recognition  demo/acoustic/model_parameters/digit.cd_cont_untied/means
-mixwfn			/home/nguyenvanthinh/Desktop/Git/speech recognition  demo/acoustic/model_parameters/digit.cd_cont_untied/mixture_weights
-moddeffn		/home/nguyenvanthinh/Desktop/Git/speech recognition  demo/acoustic/model_architecture/digit.untied.mdef
-mwfloor	1e-4	1.000000e-08
-phone			ng
-psetfn			/home/nguyenvanthinh/Desktop/Git/speech recognition  demo/acoustic/model_architecture/digit.tree_questions
-ssplitmax	5	7
-ssplitmin	1	1
-ssplitthr	8e-4	0.000000e+00
-state			2
-stwt			1.0,0.05,0.0,
-treefn			/home/nguyenvanthinh/Desktop/Git/speech recognition  demo/acoustic/trees/digit.unpruned/ng-2.dtree
-ts2cbfn	.semi.	.cont.
-varfloor	0.00001	1.000000e-05
-varfn			/home/nguyenvanthinh/Desktop/Git/speech recognition  demo/acoustic/model_parameters/digit.cd_cont_untied/variances

INFO: main.c(223): Reading: /home/nguyenvanthinh/Desktop/Git/speech recognition  demo/acoustic/model_architecture/digit.untied.mdef
INFO: model_def_io.c(573): Model definition info:
INFO: model_def_io.c(574): 326 total models defined (31 base, 295 tri)
INFO: model_def_io.c(575): 1304 total states
INFO: model_def_io.c(576): 978 total tied states
INFO: model_def_io.c(577): 93 total tied CI states
INFO: model_def_io.c(578): 31 total tied transition matrices
INFO: model_def_io.c(579): 4 max state/model
INFO: model_def_io.c(580): 4 min state/model
INFO: main.c(242): Building trees for [ng a if b] through [ng uz if b]
INFO: main.c(269): Covering states |[585 605]| == 21
INFO: main.c(275): Reading: /home/nguyenvanthinh/Desktop/Git/speech recognition  demo/acoustic/model_parameters/digit.cd_cont_untied/mixture_weights
INFO: s3mixw_io.c(173): Read /home/nguyenvanthinh/Desktop/Git/speech recognition  demo/acoustic/model_parameters/digit.cd_cont_untied/mixture_weights [21x1x1 array]
INFO: main.c(311): 7 of 7 models have observation count greater than 0.000010
INFO: main.c(95): nrm stwt: 0.000 0.048 0.952 
INFO: s3gau_io.c(169): Read /home/nguyenvanthinh/Desktop/Git/speech recognition  demo/acoustic/model_parameters/digit.cd_cont_untied/means [978x1x1 array]
INFO: s3gau_io.c(169): Read /home/nguyenvanthinh/Desktop/Git/speech recognition  demo/acoustic/model_parameters/digit.cd_cont_untied/variances [978x1x1 array]
INFO: main.c(549): Reading: /home/nguyenvanthinh/Desktop/Git/speech recognition  demo/acoustic/model_architecture/digit.tree_questions
INFO: main.c(588): 178 total simple questions (170 phone; 8 word bndry)
INFO: main.c(590): 42 Left Only questions, and 40 Right Only questions
INFO: dtree.c(1439): stop. leaf nodes are specific
INFO: dtree.c(1478): Final simple tree
|( QUESTION3 -1 -2.449e+05 1.604e+03 1.115e+03
|    ( QUESTION4 -1 -9.517e+04 4.440e+02 4.408e+02
|        ( - -2.853e+04 1 0)
|        ( - -6.620e+04 1 0))
|    ( QUESTION11 -1 -1.481e+05 1.101e+03 6.743e+02
|        ( - -2.213e+04 1 0)
|        ( QUESTION2_7_L -1 -1.249e+05 4.971e+02 5.739e+02
|            ( - -5.940e+04 1 0)
|            ( QUESTION0 -1 -6.498e+04 4.389e+02 2.991e+02
|                ( - -2.655e+04 1 0)
|                ( QUESTION2 -1 -3.799e+04 3.823e+02 1.745e+02
|                    ( - -1.682e+04 1 0)
|                    ( - -2.079e+04 1 0))))))
s>    ( QUESTION3 -1 -2.449e+05 1.604e+03 1.115e+03
s>        ( QUESTION4 -1 -9.517e+04 4.440e+02 4.408e+02
s>            ( - -2.853e+04 1 0)
s>            ( - -6.620e+04 1 0))
s>        ( QUESTION11 -1 -1.481e+05 1.101e+03 6.743e+02
s>            ( - -2.213e+04 1 0)
s>            ( QUESTION2_7_L -1 -1.249e+05 4.971e+02 5.739e+02
s>                ( - -5.940e+04 1 0)
s>                ( QUESTION0 -1 -6.498e+04 4.389e+02 2.991e+02
s>                    ( - -2.655e+04 1 0)
s>                    ( QUESTION2 -1 -3.799e+04 3.823e+02 1.745e+02
s>                        ( - -1.682e+04 1 0)
s>                        ( - -2.079e+04 1 0))))))INFO: dtree.c(1315): Comp split 0
INFO: dtree.c(1439): stop. leaf nodes are specific
INFO: dtree.c(1478): Final simple tree
|( QUESTION4 -1 -1.389e+05 4.564e+02 6.364e+02
|    ( - -2.853e+04 1 0)
|    ( QUESTION2 -1 -1.099e+05 4.268e+02 5.033e+02
|        ( - -6.620e+04 1 0)
|        ( QUESTION11 -1 -4.332e+04 4.002e+02 1.955e+02
|            ( - -2.213e+04 1 0)
|            ( - -2.079e+04 1 0))))
s>    ( QUESTION4 -1 -1.389e+05 4.564e+02 6.364e+02
s>        ( - -2.853e+04 1 0)
s>        ( QUESTION2 -1 -1.099e+05 4.268e+02 5.033e+02
s>            ( - -6.620e+04 1 0)
s>            ( QUESTION11 -1 -4.332e+04 4.002e+02 1.955e+02
s>                ( - -2.213e+04 1 0)
s>                ( - -2.079e+04 1 0))))INFO: dtree.c(1439): stop. leaf nodes are specific
INFO: dtree.c(1478): Final simple tree
|( QUESTION2 -1 -1.035e+05 4.424e+02 4.788e+02
|    ( - -1.682e+04 1 0)
|    ( QUESTION0 -1 -8.622e+04 2.717e+02 3.994e+02
|        ( - -2.655e+04 1 0)
|        ( - -5.940e+04 1 0)))
s>    ( QUESTION2 -1 -1.035e+05 4.424e+02 4.788e+02
s>        ( - -1.682e+04 1 0)
s>        ( QUESTION0 -1 -8.622e+04 2.717e+02 3.994e+02
s>            ( - -2.655e+04 1 0)
s>            ( - -5.940e+04 1 0)))INFO: dtree.c(1315): Comp split 1
INFO: dtree.c(1439): stop. leaf nodes are specific
INFO: dtree.c(1478): Final simple tree
|( QUESTION2 -1 -1.099e+05 4.268e+02 5.033e+02
|    ( - -6.620e+04 1 0)
|    ( QUESTION11 -1 -4.332e+04 4.002e+02 1.955e+02
|        ( - -2.213e+04 1 0)
|        ( - -2.079e+04 1 0)))
s>    ( QUESTION2 -1 -1.099e+05 4.268e+02 5.033e+02
s>        ( - -6.620e+04 1 0)
s>        ( QUESTION11 -1 -4.332e+04 4.002e+02 1.955e+02
s>            ( - -2.213e+04 1 0)
s>            ( - -2.079e+04 1 0)))INFO: dtree.c(1315): Comp split 2
INFO: dtree.c(1439): stop. leaf nodes are specific
INFO: dtree.c(1478): Final simple tree
|( QUESTION0 -1 -8.622e+04 2.717e+02 3.994e+02
|    ( - -2.655e+04 1 0)
|    ( - -5.940e+04 1 0))
s>    ( QUESTION0 -1 -8.622e+04 2.717e+02 3.994e+02
s>        ( - -2.655e+04 1 0)
s>        ( - -5.940e+04 1 0))INFO: dtree.c(1315): Comp split 3
INFO: dtree.c(1439): stop. leaf nodes are specific
INFO: dtree.c(1478): Final simple tree
|( QUESTION11 -1 -4.332e+04 4.002e+02 1.955e+02
|    ( - -2.213e+04 1 0)
|    ( - -2.079e+04 1 0))
s>    ( QUESTION11 -1 -4.332e+04 4.002e+02 1.955e+02
s>        ( - -2.213e+04 1 0)
s>        ( - -2.079e+04 1 0))INFO: dtree.c(1315): Comp split 4
INFO: dtree.c(1315): Comp split 5
INFO: dtree.c(1315): Comp split 6
INFO: dtree.c(1318): stop. leaf nodes are specific
!!!!!!!!Allocated 67 lines
Wed Apr  6 14:10:37 2016
