Current configuration:
[NAME]		[DEFLT]	[VALUE]
-allphones	no	no
-cntthresh	0.00001	1.000000e-05
-csplitmax	100	2000
-csplitmin	1	1
-csplitthr	8e-4	0.000000e+00
-example	no	no
-fullvar	no	no
-help		no	no
-meanfn			/home/nguyenvanthinh/Desktop/Git/speech recognition  demo/acoustic/model_parameters/digit.cd_cont_untied/means
-mixwfn			/home/nguyenvanthinh/Desktop/Git/speech recognition  demo/acoustic/model_parameters/digit.cd_cont_untied/mixture_weights
-moddeffn		/home/nguyenvanthinh/Desktop/Git/speech recognition  demo/acoustic/model_architecture/digit.untied.mdef
-mwfloor	1e-4	1.000000e-08
-phone			b
-psetfn			/home/nguyenvanthinh/Desktop/Git/speech recognition  demo/acoustic/model_architecture/digit.tree_questions
-ssplitmax	5	7
-ssplitmin	1	1
-ssplitthr	8e-4	0.000000e+00
-state			0
-stwt			1.0,0.05,0.0,
-treefn			/home/nguyenvanthinh/Desktop/Git/speech recognition  demo/acoustic/trees/digit.unpruned/b-0.dtree
-ts2cbfn	.semi.	.cont.
-varfloor	0.00001	1.000000e-05
-varfn			/home/nguyenvanthinh/Desktop/Git/speech recognition  demo/acoustic/model_parameters/digit.cd_cont_untied/variances

INFO: main.c(223): Reading: /home/nguyenvanthinh/Desktop/Git/speech recognition  demo/acoustic/model_architecture/digit.untied.mdef
INFO: model_def_io.c(573): Model definition info:
INFO: model_def_io.c(574): 326 total models defined (31 base, 295 tri)
INFO: model_def_io.c(575): 1304 total states
INFO: model_def_io.c(576): 978 total tied states
INFO: model_def_io.c(577): 93 total tied CI states
INFO: model_def_io.c(578): 31 total tied transition matrices
INFO: model_def_io.c(579): 4 max state/model
INFO: model_def_io.c(580): 4 min state/model
INFO: main.c(242): Building trees for [b SIL a b] through [b uz oos b]
INFO: main.c(269): Covering states |[144 221]| == 78
INFO: main.c(275): Reading: /home/nguyenvanthinh/Desktop/Git/speech recognition  demo/acoustic/model_parameters/digit.cd_cont_untied/mixture_weights
INFO: s3mixw_io.c(173): Read /home/nguyenvanthinh/Desktop/Git/speech recognition  demo/acoustic/model_parameters/digit.cd_cont_untied/mixture_weights [78x1x1 array]
INFO: main.c(311): 26 of 26 models have observation count greater than 0.000010
INFO: main.c(95): nrm stwt: 0.952 0.048 0.000 
INFO: s3gau_io.c(169): Read /home/nguyenvanthinh/Desktop/Git/speech recognition  demo/acoustic/model_parameters/digit.cd_cont_untied/means [978x1x1 array]
INFO: s3gau_io.c(169): Read /home/nguyenvanthinh/Desktop/Git/speech recognition  demo/acoustic/model_parameters/digit.cd_cont_untied/variances [978x1x1 array]
INFO: main.c(549): Reading: /home/nguyenvanthinh/Desktop/Git/speech recognition  demo/acoustic/model_architecture/digit.tree_questions
INFO: main.c(588): 178 total simple questions (170 phone; 8 word bndry)
INFO: main.c(590): 42 Left Only questions, and 40 Right Only questions
INFO: dtree.c(1478): Final simple tree
|( QUESTION0 -1 -1.728e+06 5.354e+03 7.456e+03
|    ( - -1.903e+05 3 0 QUESTION0_0_R 1 6.797e+02 8.282e+02)
|    ( QUESTION0_0_R 1 -1.533e+06 4.123e+03 6.628e+03
|        ( QUESTION20 -1 -1.045e+06 2.703e+03 4.504e+03
|            ( QUESTION2_7_L -1 -3.169e+05 2.561e+03 1.382e+03
|                ( - -2.462e+05 2 0 QUESTION0_2_R 1 6.250e+02 1.058e+03)
|                ( - -6.805e+04 2 0 QUESTION0_2_R 1 1.827e+02 3.239e+02))
|            ( QUESTION7 -1 -7.255e+05 1.853e+03 3.122e+03
|                ( - -3.672e+04 2 0 QUESTION0_2_R 1 3.054e+02 1.552e+02)
|                ( QUESTION5 -1 -6.869e+05 8.594e+02 2.967e+03
|                    ( - -2.474e+05 2 0 QUESTION0_2_R 1 4.541e+02 1.074e+03)
|                    ( - -4.387e+05 8 0 QUESTION9 -1 6.178e+02 1.892e+03))))
|        ( QUESTION20 -1 -4.834e+05 1.287e+03 2.124e+03
|            ( - -1.162e+05 1 0)
|            ( - -3.659e+05 6 0 QUESTION2_3_L -1 7.750e+02 1.617e+03))))
s>    ( QUESTION0 -1 -1.728e+06 5.354e+03 7.456e+03
s>        ( - -1.903e+05 3 0 QUESTION0_0_R 1 6.797e+02 8.282e+02)
s>        ( QUESTION0_0_R 1 -1.533e+06 4.123e+03 6.628e+03
s>            ( QUESTION20 -1 -1.045e+06 2.703e+03 4.504e+03
s>                ( QUESTION2_7_L -1 -3.169e+05 2.561e+03 1.382e+03
s>                    ( - -2.462e+05 2 0 QUESTION0_2_R 1 6.250e+02 1.058e+03)
s>                    ( - -6.805e+04 2 0 QUESTION0_2_R 1 1.827e+02 3.239e+02))
s>                ( QUESTION7 -1 -7.255e+05 1.853e+03 3.122e+03
s>                    ( - -3.672e+04 2 0 QUESTION0_2_R 1 3.054e+02 1.552e+02)
s>                    ( QUESTION5 -1 -6.869e+05 8.594e+02 2.967e+03
s>                        ( - -2.474e+05 2 0 QUESTION0_2_R 1 4.541e+02 1.074e+03)
s>                        ( - -4.387e+05 8 0 QUESTION9 -1 6.178e+02 1.892e+03))))
s>            ( QUESTION20 -1 -4.834e+05 1.287e+03 2.124e+03
s>                ( - -1.162e+05 1 0)
s>                ( - -3.659e+05 6 0 QUESTION2_3_L -1 7.750e+02 1.617e+03))))INFO: dtree.c(1315): Comp split 0
INFO: dtree.c(1478): Final simple tree
|( QUESTION20 -1 -9.738e+05 2.037e+03 4.180e+03
|    ( QUESTION0_2_R 1 -2.462e+05 6.250e+02 1.058e+03
|        ( - -1.169e+05 1 0)
|        ( - -1.287e+05 1 0))
|    ( QUESTION7 -1 -7.255e+05 1.853e+03 3.122e+03
|        ( - -3.672e+04 2 0 QUESTION0_2_R 1 3.054e+02 1.552e+02)
|        ( QUESTION5 -1 -6.869e+05 8.594e+02 2.967e+03
|            ( QUESTION0_2_R 1 -2.474e+05 4.541e+02 1.074e+03
|                ( - -1.072e+05 1 0)
|                ( - -1.397e+05 1 0))
|            ( QUESTION9 -1 -4.387e+05 6.178e+02 1.892e+03
|                ( - -7.599e+04 2 0 QUESTION0_2_R 1 2.671e+02 3.281e+02)
|                ( QUESTION10 -1 -3.621e+05 4.264e+02 1.564e+03
|                    ( - -8.742e+04 2 0 QUESTION0_2_R 1 2.481e+02 3.810e+02)
|                    ( - -2.743e+05 4 0 SILENCE -1 3.864e+02 1.183e+03))))))
s>    ( QUESTION20 -1 -9.738e+05 2.037e+03 4.180e+03
s>        ( QUESTION0_2_R 1 -2.462e+05 6.250e+02 1.058e+03
s>            ( - -1.169e+05 1 0)
s>            ( - -1.287e+05 1 0))
s>        ( QUESTION7 -1 -7.255e+05 1.853e+03 3.122e+03
s>            ( - -3.672e+04 2 0 QUESTION0_2_R 1 3.054e+02 1.552e+02)
s>            ( QUESTION5 -1 -6.869e+05 8.594e+02 2.967e+03
s>                ( QUESTION0_2_R 1 -2.474e+05 4.541e+02 1.074e+03
s>                    ( - -1.072e+05 1 0)
s>                    ( - -1.397e+05 1 0))
s>                ( QUESTION9 -1 -4.387e+05 6.178e+02 1.892e+03
s>                    ( - -7.599e+04 2 0 QUESTION0_2_R 1 2.671e+02 3.281e+02)
s>                    ( QUESTION10 -1 -3.621e+05 4.264e+02 1.564e+03
s>                        ( - -8.742e+04 2 0 QUESTION0_2_R 1 2.481e+02 3.810e+02)
s>                        ( - -2.743e+05 4 0 SILENCE -1 3.864e+02 1.183e+03))))))INFO: dtree.c(1478): Final simple tree
|( QUESTION0 -1 -7.486e+05 4.604e+03 3.276e+03
|    ( QUESTION0_0_R 1 -1.903e+05 6.797e+02 8.282e+02
|        ( - -1.476e+05 2 0 QUESTION0_2_R 1 2.687e+02 6.441e+02)
|        ( - -4.203e+04 1 0))
|    ( QUESTION0_0_R 1 -5.537e+05 2.262e+03 2.448e+03
|        ( - -6.805e+04 2 0 QUESTION0_2_R 1 1.827e+02 3.239e+02)
|        ( QUESTION20 -1 -4.834e+05 1.287e+03 2.124e+03
|            ( - -1.162e+05 1 0)
|            ( QUESTION2_3_L -1 -3.659e+05 7.750e+02 1.617e+03
|                ( - -6.043e+04 2 0 QUESTION2 -1 3.809e+02 2.674e+02)
|                ( QUESTION9 -1 -3.047e+05 4.485e+02 1.349e+03
|                    ( - -3.654e+04 1 0)
|                    ( QUESTION5 -1 -2.677e+05 3.865e+02 1.186e+03
|                        ( - -9.651e+04 1 0)
|                        ( - -1.708e+05 2 0 SILENCE -1 1.648e+02 7.569e+02)))))))
s>    ( QUESTION0 -1 -7.486e+05 4.604e+03 3.276e+03
s>        ( QUESTION0_0_R 1 -1.903e+05 6.797e+02 8.282e+02
s>            ( - -1.476e+05 2 0 QUESTION0_2_R 1 2.687e+02 6.441e+02)
s>            ( - -4.203e+04 1 0))
s>        ( QUESTION0_0_R 1 -5.537e+05 2.262e+03 2.448e+03
s>            ( - -6.805e+04 2 0 QUESTION0_2_R 1 1.827e+02 3.239e+02)
s>            ( QUESTION20 -1 -4.834e+05 1.287e+03 2.124e+03
s>                ( - -1.162e+05 1 0)
s>                ( QUESTION2_3_L -1 -3.659e+05 7.750e+02 1.617e+03
s>                    ( - -6.043e+04 2 0 QUESTION2 -1 3.809e+02 2.674e+02)
s>                    ( QUESTION9 -1 -3.047e+05 4.485e+02 1.349e+03
s>                        ( - -3.654e+04 1 0)
s>                        ( QUESTION5 -1 -2.677e+05 3.865e+02 1.186e+03
s>                            ( - -9.651e+04 1 0)
s>                            ( - -1.708e+05 2 0 SILENCE -1 1.648e+02 7.569e+02)))))))INFO: dtree.c(1315): Comp split 1
INFO: dtree.c(1478): Final simple tree
|( QUESTION0_0_R 1 -5.537e+05 2.262e+03 2.448e+03
|    ( QUESTION0_2_R 1 -6.805e+04 1.827e+02 3.239e+02
|        ( - -3.427e+04 1 0)
|        ( - -3.359e+04 1 0))
|    ( QUESTION20 -1 -4.834e+05 1.287e+03 2.124e+03
|        ( - -1.162e+05 1 0)
|        ( QUESTION2_3_L -1 -3.659e+05 7.750e+02 1.617e+03
|            ( QUESTION2 -1 -6.043e+04 3.809e+02 2.674e+02
|                ( - -1.826e+04 1 0)
|                ( - -4.178e+04 1 0))
|            ( QUESTION9 -1 -3.047e+05 4.485e+02 1.349e+03
|                ( - -3.654e+04 1 0)
|                ( QUESTION5 -1 -2.677e+05 3.865e+02 1.186e+03
|                    ( - -9.651e+04 1 0)
|                    ( - -1.708e+05 2 0 SILENCE -1 1.648e+02 7.569e+02))))))
s>    ( QUESTION0_0_R 1 -5.537e+05 2.262e+03 2.448e+03
s>        ( QUESTION0_2_R 1 -6.805e+04 1.827e+02 3.239e+02
s>            ( - -3.427e+04 1 0)
s>            ( - -3.359e+04 1 0))
s>        ( QUESTION20 -1 -4.834e+05 1.287e+03 2.124e+03
s>            ( - -1.162e+05 1 0)
s>            ( QUESTION2_3_L -1 -3.659e+05 7.750e+02 1.617e+03
s>                ( QUESTION2 -1 -6.043e+04 3.809e+02 2.674e+02
s>                    ( - -1.826e+04 1 0)
s>                    ( - -4.178e+04 1 0))
s>                ( QUESTION9 -1 -3.047e+05 4.485e+02 1.349e+03
s>                    ( - -3.654e+04 1 0)
s>                    ( QUESTION5 -1 -2.677e+05 3.865e+02 1.186e+03
s>                        ( - -9.651e+04 1 0)
s>                        ( - -1.708e+05 2 0 SILENCE -1 1.648e+02 7.569e+02))))))INFO: dtree.c(1439): stop. leaf nodes are specific
INFO: dtree.c(1478): Final simple tree
|( QUESTION0_0_R 1 -1.903e+05 6.797e+02 8.282e+02
|    ( QUESTION0_2_R 1 -1.476e+05 2.687e+02 6.441e+02
|        ( - -8.452e+04 1 0)
|        ( - -6.281e+04 1 0))
|    ( - -4.203e+04 1 0))
s>    ( QUESTION0_0_R 1 -1.903e+05 6.797e+02 8.282e+02
s>        ( QUESTION0_2_R 1 -1.476e+05 2.687e+02 6.441e+02
s>            ( - -8.452e+04 1 0)
s>            ( - -6.281e+04 1 0))
s>        ( - -4.203e+04 1 0))INFO: dtree.c(1315): Comp split 2
INFO: dtree.c(1439): stop. leaf nodes are specific
INFO: dtree.c(1478): Final simple tree
|( QUESTION20 -1 -4.834e+05 1.287e+03 2.124e+03
|    ( - -1.162e+05 1 0)
|    ( QUESTION2_3_L -1 -3.659e+05 7.750e+02 1.617e+03
|        ( QUESTION2 -1 -6.043e+04 3.809e+02 2.674e+02
|            ( - -1.826e+04 1 0)
|            ( - -4.178e+04 1 0))
|        ( QUESTION9 -1 -3.047e+05 4.485e+02 1.349e+03
|            ( - -3.654e+04 1 0)
|            ( QUESTION5 -1 -2.677e+05 3.865e+02 1.186e+03
|                ( - -9.651e+04 1 0)
|                ( SILENCE -1 -1.708e+05 1.648e+02 7.569e+02
|                    ( - -3.572e+04 1 0)
|                    ( - -1.349e+05 1 0))))))
s>    ( QUESTION20 -1 -4.834e+05 1.287e+03 2.124e+03
s>        ( - -1.162e+05 1 0)
s>        ( QUESTION2_3_L -1 -3.659e+05 7.750e+02 1.617e+03
s>            ( QUESTION2 -1 -6.043e+04 3.809e+02 2.674e+02
s>                ( - -1.826e+04 1 0)
s>                ( - -4.178e+04 1 0))
s>            ( QUESTION9 -1 -3.047e+05 4.485e+02 1.349e+03
s>                ( - -3.654e+04 1 0)
s>                ( QUESTION5 -1 -2.677e+05 3.865e+02 1.186e+03
s>                    ( - -9.651e+04 1 0)
s>                    ( SILENCE -1 -1.708e+05 1.648e+02 7.569e+02
s>                        ( - -3.572e+04 1 0)
s>                        ( - -1.349e+05 1 0))))))INFO: dtree.c(1439): stop. leaf nodes are specific
INFO: dtree.c(1478): Final simple tree
|( QUESTION0_2_R 1 -6.805e+04 1.827e+02 3.239e+02
|    ( - -3.427e+04 1 0)
|    ( - -3.359e+04 1 0))
s>    ( QUESTION0_2_R 1 -6.805e+04 1.827e+02 3.239e+02
s>        ( - -3.427e+04 1 0)
s>        ( - -3.359e+04 1 0))INFO: dtree.c(1315): Comp split 3
INFO: dtree.c(1478): Final simple tree
|( QUESTION5 -1 -6.869e+05 8.594e+02 2.967e+03
|    ( QUESTION0_2_R 1 -2.474e+05 4.541e+02 1.074e+03
|        ( - -1.072e+05 1 0)
|        ( - -1.397e+05 1 0))
|    ( QUESTION9 -1 -4.387e+05 6.178e+02 1.892e+03
|        ( QUESTION0_2_R 1 -7.599e+04 2.671e+02 3.281e+02
|            ( - -3.281e+04 1 0)
|            ( - -4.292e+04 1 0))
|        ( QUESTION10 -1 -3.621e+05 4.264e+02 1.564e+03
|            ( - -8.742e+04 2 0 QUESTION0_2_R 1 2.481e+02 3.810e+02)
|            ( SILENCE -1 -2.743e+05 3.864e+02 1.183e+03
|                ( - -7.142e+04 2 0 QUESTION0_2_R 1 1.791e+02 3.146e+02)
|                ( QUESTION0_2_R 1 -2.025e+05 3.208e+02 8.685e+02
|                    ( - -9.079e+04 1 0)
|                    ( - -1.113e+05 1 0))))))
s>    ( QUESTION5 -1 -6.869e+05 8.594e+02 2.967e+03
s>        ( QUESTION0_2_R 1 -2.474e+05 4.541e+02 1.074e+03
s>            ( - -1.072e+05 1 0)
s>            ( - -1.397e+05 1 0))
s>        ( QUESTION9 -1 -4.387e+05 6.178e+02 1.892e+03
s>            ( QUESTION0_2_R 1 -7.599e+04 2.671e+02 3.281e+02
s>                ( - -3.281e+04 1 0)
s>                ( - -4.292e+04 1 0))
s>            ( QUESTION10 -1 -3.621e+05 4.264e+02 1.564e+03
s>                ( - -8.742e+04 2 0 QUESTION0_2_R 1 2.481e+02 3.810e+02)
s>                ( SILENCE -1 -2.743e+05 3.864e+02 1.183e+03
s>                    ( - -7.142e+04 2 0 QUESTION0_2_R 1 1.791e+02 3.146e+02)
s>                    ( QUESTION0_2_R 1 -2.025e+05 3.208e+02 8.685e+02
s>                        ( - -9.079e+04 1 0)
s>                        ( - -1.113e+05 1 0))))))INFO: dtree.c(1439): stop. leaf nodes are specific
INFO: dtree.c(1478): Final simple tree
|( QUESTION2 -1 -2.846e+05 1.684e+03 1.214e+03
|    ( QUESTION0_2_R 1 -3.672e+04 3.054e+02 1.552e+02
|        ( - -1.515e+04 1 0)
|        ( - -2.127e+04 1 0))
|    ( QUESTION0_2_R 1 -2.462e+05 6.250e+02 1.058e+03
|        ( - -1.169e+05 1 0)
|        ( - -1.287e+05 1 0)))
s>    ( QUESTION2 -1 -2.846e+05 1.684e+03 1.214e+03
s>        ( QUESTION0_2_R 1 -3.672e+04 3.054e+02 1.552e+02
s>            ( - -1.515e+04 1 0)
s>            ( - -2.127e+04 1 0))
s>        ( QUESTION0_2_R 1 -2.462e+05 6.250e+02 1.058e+03
s>            ( - -1.169e+05 1 0)
s>            ( - -1.287e+05 1 0)))INFO: dtree.c(1315): Comp split 4
INFO: dtree.c(1439): stop. leaf nodes are specific
INFO: dtree.c(1478): Final simple tree
|( QUESTION0_2_R 1 -2.462e+05 6.250e+02 1.058e+03
|    ( - -1.169e+05 1 0)
|    ( - -1.287e+05 1 0))
s>    ( QUESTION0_2_R 1 -2.462e+05 6.250e+02 1.058e+03
s>        ( - -1.169e+05 1 0)
s>        ( - -1.287e+05 1 0))INFO: dtree.c(1439): stop. leaf nodes are specific
INFO: dtree.c(1478): Final simple tree
|( QUESTION0_2_R 1 -3.672e+04 3.054e+02 1.552e+02
|    ( - -1.515e+04 1 0)
|    ( - -2.127e+04 1 0))
s>    ( QUESTION0_2_R 1 -3.672e+04 3.054e+02 1.552e+02
s>        ( - -1.515e+04 1 0)
s>        ( - -2.127e+04 1 0))INFO: dtree.c(1315): Comp split 5
INFO: dtree.c(1439): stop. leaf nodes are specific
INFO: dtree.c(1478): Final simple tree
|( QUESTION2_3_L -1 -3.659e+05 7.750e+02 1.617e+03
|    ( QUESTION2 -1 -6.043e+04 3.809e+02 2.674e+02
|        ( - -1.826e+04 1 0)
|        ( - -4.178e+04 1 0))
|    ( QUESTION9 -1 -3.047e+05 4.485e+02 1.349e+03
|        ( - -3.654e+04 1 0)
|        ( QUESTION5 -1 -2.677e+05 3.865e+02 1.186e+03
|            ( - -9.651e+04 1 0)
|            ( SILENCE -1 -1.708e+05 1.648e+02 7.569e+02
|                ( - -3.572e+04 1 0)
|                ( - -1.349e+05 1 0)))))
s>    ( QUESTION2_3_L -1 -3.659e+05 7.750e+02 1.617e+03
s>        ( QUESTION2 -1 -6.043e+04 3.809e+02 2.674e+02
s>            ( - -1.826e+04 1 0)
s>            ( - -4.178e+04 1 0))
s>        ( QUESTION9 -1 -3.047e+05 4.485e+02 1.349e+03
s>            ( - -3.654e+04 1 0)
s>            ( QUESTION5 -1 -2.677e+05 3.865e+02 1.186e+03
s>                ( - -9.651e+04 1 0)
s>                ( SILENCE -1 -1.708e+05 1.648e+02 7.569e+02
s>                    ( - -3.572e+04 1 0)
s>                    ( - -1.349e+05 1 0)))))INFO: dtree.c(1315): Comp split 6
INFO: dtree.c(1478): Final simple tree
|( QUESTION9 -1 -4.387e+05 6.178e+02 1.892e+03
|    ( QUESTION0_2_R 1 -7.599e+04 2.671e+02 3.281e+02
|        ( - -3.281e+04 1 0)
|        ( - -4.292e+04 1 0))
|    ( QUESTION10 -1 -3.621e+05 4.264e+02 1.564e+03
|        ( QUESTION0_2_R 1 -8.742e+04 2.481e+02 3.810e+02
|            ( - -3.857e+04 1 0)
|            ( - -4.861e+04 1 0))
|        ( SILENCE -1 -2.743e+05 3.864e+02 1.183e+03
|            ( QUESTION0_2_R 1 -7.142e+04 1.791e+02 3.146e+02
|                ( - -2.969e+04 1 0)
|                ( - -4.156e+04 1 0))
|            ( QUESTION0_2_R 1 -2.025e+05 3.208e+02 8.685e+02
|                ( - -9.079e+04 1 0)
|                ( - -1.113e+05 1 0)))))
s>    ( QUESTION9 -1 -4.387e+05 6.178e+02 1.892e+03
s>        ( QUESTION0_2_R 1 -7.599e+04 2.671e+02 3.281e+02
s>            ( - -3.281e+04 1 0)
s>            ( - -4.292e+04 1 0))
s>        ( QUESTION10 -1 -3.621e+05 4.264e+02 1.564e+03
s>            ( QUESTION0_2_R 1 -8.742e+04 2.481e+02 3.810e+02
s>                ( - -3.857e+04 1 0)
s>                ( - -4.861e+04 1 0))
s>            ( SILENCE -1 -2.743e+05 3.864e+02 1.183e+03
s>                ( QUESTION0_2_R 1 -7.142e+04 1.791e+02 3.146e+02
s>                    ( - -2.969e+04 1 0)
s>                    ( - -4.156e+04 1 0))
s>                ( QUESTION0_2_R 1 -2.025e+05 3.208e+02 8.685e+02
s>                    ( - -9.079e+04 1 0)
s>                    ( - -1.113e+05 1 0)))))INFO: dtree.c(1439): stop. leaf nodes are specific
INFO: dtree.c(1478): Final simple tree
|( QUESTION0_2_R 1 -2.474e+05 4.541e+02 1.074e+03
|    ( - -1.072e+05 1 0)
|    ( - -1.397e+05 1 0))
s>    ( QUESTION0_2_R 1 -2.474e+05 4.541e+02 1.074e+03
s>        ( - -1.072e+05 1 0)
s>        ( - -1.397e+05 1 0))INFO: dtree.c(1315): Comp split 7
INFO: dtree.c(1439): stop. leaf nodes are specific
INFO: dtree.c(1478): Final simple tree
|( QUESTION9 -1 -3.047e+05 4.485e+02 1.349e+03
|    ( - -3.654e+04 1 0)
|    ( QUESTION5 -1 -2.677e+05 3.865e+02 1.186e+03
|        ( - -9.651e+04 1 0)
|        ( SILENCE -1 -1.708e+05 1.648e+02 7.569e+02
|            ( - -3.572e+04 1 0)
|            ( - -1.349e+05 1 0))))
s>    ( QUESTION9 -1 -3.047e+05 4.485e+02 1.349e+03
s>        ( - -3.654e+04 1 0)
s>        ( QUESTION5 -1 -2.677e+05 3.865e+02 1.186e+03
s>            ( - -9.651e+04 1 0)
s>            ( SILENCE -1 -1.708e+05 1.648e+02 7.569e+02
s>                ( - -3.572e+04 1 0)
s>                ( - -1.349e+05 1 0))))INFO: dtree.c(1439): stop. leaf nodes are specific
INFO: dtree.c(1478): Final simple tree
|( QUESTION2 -1 -6.043e+04 3.809e+02 2.674e+02
|    ( - -1.826e+04 1 0)
|    ( - -4.178e+04 1 0))
s>    ( QUESTION2 -1 -6.043e+04 3.809e+02 2.674e+02
s>        ( - -1.826e+04 1 0)
s>        ( - -4.178e+04 1 0))INFO: dtree.c(1315): Comp split 8
INFO: dtree.c(1439): stop. leaf nodes are specific
INFO: dtree.c(1478): Final simple tree
|( QUESTION0_2_R 1 -1.476e+05 2.687e+02 6.441e+02
|    ( - -8.452e+04 1 0)
|    ( - -6.281e+04 1 0))
s>    ( QUESTION0_2_R 1 -1.476e+05 2.687e+02 6.441e+02
s>        ( - -8.452e+04 1 0)
s>        ( - -6.281e+04 1 0))INFO: dtree.c(1315): Comp split 9
INFO: dtree.c(1315): Comp split 10
INFO: dtree.c(1439): stop. leaf nodes are specific
INFO: dtree.c(1478): Final simple tree
|( QUESTION10 -1 -3.621e+05 4.264e+02 1.564e+03
|    ( QUESTION0_2_R 1 -8.742e+04 2.481e+02 3.810e+02
|        ( - -3.857e+04 1 0)
|        ( - -4.861e+04 1 0))
|    ( SILENCE -1 -2.743e+05 3.864e+02 1.183e+03
|        ( QUESTION0_2_R 1 -7.142e+04 1.791e+02 3.146e+02
|            ( - -2.969e+04 1 0)
|            ( - -4.156e+04 1 0))
|        ( QUESTION0_2_R 1 -2.025e+05 3.208e+02 8.685e+02
|            ( - -9.079e+04 1 0)
|            ( - -1.113e+05 1 0))))
s>    ( QUESTION10 -1 -3.621e+05 4.264e+02 1.564e+03
s>        ( QUESTION0_2_R 1 -8.742e+04 2.481e+02 3.810e+02
s>            ( - -3.857e+04 1 0)
s>            ( - -4.861e+04 1 0))
s>        ( SILENCE -1 -2.743e+05 3.864e+02 1.183e+03
s>            ( QUESTION0_2_R 1 -7.142e+04 1.791e+02 3.146e+02
s>                ( - -2.969e+04 1 0)
s>                ( - -4.156e+04 1 0))
s>            ( QUESTION0_2_R 1 -2.025e+05 3.208e+02 8.685e+02
s>                ( - -9.079e+04 1 0)
s>                ( - -1.113e+05 1 0))))INFO: dtree.c(1439): stop. leaf nodes are specific
INFO: dtree.c(1478): Final simple tree
|( QUESTION0_2_R 1 -7.599e+04 2.671e+02 3.281e+02
|    ( - -3.281e+04 1 0)
|    ( - -4.292e+04 1 0))
s>    ( QUESTION0_2_R 1 -7.599e+04 2.671e+02 3.281e+02
s>        ( - -3.281e+04 1 0)
s>        ( - -4.292e+04 1 0))INFO: dtree.c(1315): Comp split 11
INFO: dtree.c(1439): stop. leaf nodes are specific
INFO: dtree.c(1478): Final simple tree
|( SILENCE -1 -1.708e+05 1.648e+02 7.569e+02
|    ( - -3.572e+04 1 0)
|    ( - -1.349e+05 1 0))
s>    ( SILENCE -1 -1.708e+05 1.648e+02 7.569e+02
s>        ( - -3.572e+04 1 0)
s>        ( - -1.349e+05 1 0))INFO: dtree.c(1439): stop. leaf nodes are specific
INFO: dtree.c(1478): Final simple tree
|( QUESTION3 -1 -1.334e+05 3.684e+02 5.922e+02
|    ( - -9.651e+04 1 0)
|    ( - -3.654e+04 1 0))
s>    ( QUESTION3 -1 -1.334e+05 3.684e+02 5.922e+02
s>        ( - -9.651e+04 1 0)
s>        ( - -3.654e+04 1 0))INFO: dtree.c(1315): Comp split 12
INFO: dtree.c(1315): Comp split 13
INFO: dtree.c(1439): stop. leaf nodes are specific
INFO: dtree.c(1478): Final simple tree
|( QUESTION2 -1 -1.603e+05 2.991e+02 6.877e+02
|    ( - -1.113e+05 1 0)
|    ( - -4.861e+04 1 0))
s>    ( QUESTION2 -1 -1.603e+05 2.991e+02 6.877e+02
s>        ( - -1.113e+05 1 0)
s>        ( - -4.861e+04 1 0))INFO: dtree.c(1439): stop. leaf nodes are specific
INFO: dtree.c(1478): Final simple tree
|( QUESTION2 -1 -2.014e+05 3.755e+02 8.763e+02
|    ( - -9.079e+04 1 0)
|    ( SILENCE -1 -1.103e+05 2.788e+02 4.832e+02
|        ( QUESTION0_2_R 1 -7.142e+04 1.791e+02 3.146e+02
|            ( - -2.969e+04 1 0)
|            ( - -4.156e+04 1 0))
|        ( - -3.857e+04 1 0)))
s>    ( QUESTION2 -1 -2.014e+05 3.755e+02 8.763e+02
s>        ( - -9.079e+04 1 0)
s>        ( SILENCE -1 -1.103e+05 2.788e+02 4.832e+02
s>            ( QUESTION0_2_R 1 -7.142e+04 1.791e+02 3.146e+02
s>                ( - -2.969e+04 1 0)
s>                ( - -4.156e+04 1 0))
s>            ( - -3.857e+04 1 0)))INFO: dtree.c(1315): Comp split 14
INFO: dtree.c(1315): Comp split 15
INFO: dtree.c(1439): stop. leaf nodes are specific
INFO: dtree.c(1478): Final simple tree
|( SILENCE -1 -1.103e+05 2.788e+02 4.832e+02
|    ( QUESTION0_2_R 1 -7.142e+04 1.791e+02 3.146e+02
|        ( - -2.969e+04 1 0)
|        ( - -4.156e+04 1 0))
|    ( - -3.857e+04 1 0))
s>    ( SILENCE -1 -1.103e+05 2.788e+02 4.832e+02
s>        ( QUESTION0_2_R 1 -7.142e+04 1.791e+02 3.146e+02
s>            ( - -2.969e+04 1 0)
s>            ( - -4.156e+04 1 0))
s>        ( - -3.857e+04 1 0))INFO: dtree.c(1315): Comp split 16
INFO: dtree.c(1315): Comp split 17
INFO: dtree.c(1315): Comp split 18
INFO: dtree.c(1315): Comp split 19
INFO: dtree.c(1439): stop. leaf nodes are specific
INFO: dtree.c(1478): Final simple tree
|( QUESTION0_2_R 1 -7.142e+04 1.791e+02 3.146e+02
|    ( - -2.969e+04 1 0)
|    ( - -4.156e+04 1 0))
s>    ( QUESTION0_2_R 1 -7.142e+04 1.791e+02 3.146e+02
s>        ( - -2.969e+04 1 0)
s>        ( - -4.156e+04 1 0))INFO: dtree.c(1315): Comp split 20
INFO: dtree.c(1315): Comp split 21
INFO: dtree.c(1315): Comp split 22
INFO: dtree.c(1315): Comp split 23
INFO: dtree.c(1315): Comp split 24
INFO: dtree.c(1315): Comp split 25
INFO: dtree.c(1318): stop. leaf nodes are specific
!!!!!!!!Allocated 67 lines
Wed Apr  6 14:10:34 2016
