Current configuration:
[NAME]		[DEFLT]	[VALUE]
-allphones	no	no
-cntthresh	0.00001	1.000000e-05
-csplitmax	100	2000
-csplitmin	1	1
-csplitthr	8e-4	0.000000e+00
-example	no	no
-fullvar	no	no
-help		no	no
-meanfn			/home/nguyenvanthinh/Desktop/Git/speech recognition  demo/acoustic/model_parameters/digit.cd_cont_untied/means
-mixwfn			/home/nguyenvanthinh/Desktop/Git/speech recognition  demo/acoustic/model_parameters/digit.cd_cont_untied/mixture_weights
-moddeffn		/home/nguyenvanthinh/Desktop/Git/speech recognition  demo/acoustic/model_architecture/digit.untied.mdef
-mwfloor	1e-4	1.000000e-08
-phone			b
-psetfn			/home/nguyenvanthinh/Desktop/Git/speech recognition  demo/acoustic/model_architecture/digit.tree_questions
-ssplitmax	5	7
-ssplitmin	1	1
-ssplitthr	8e-4	0.000000e+00
-state			2
-stwt			1.0,0.05,0.0,
-treefn			/home/nguyenvanthinh/Desktop/Git/speech recognition  demo/acoustic/trees/digit.unpruned/b-2.dtree
-ts2cbfn	.semi.	.cont.
-varfloor	0.00001	1.000000e-05
-varfn			/home/nguyenvanthinh/Desktop/Git/speech recognition  demo/acoustic/model_parameters/digit.cd_cont_untied/variances

INFO: main.c(223): Reading: /home/nguyenvanthinh/Desktop/Git/speech recognition  demo/acoustic/model_architecture/digit.untied.mdef
INFO: model_def_io.c(573): Model definition info:
INFO: model_def_io.c(574): 326 total models defined (31 base, 295 tri)
INFO: model_def_io.c(575): 1304 total states
INFO: model_def_io.c(576): 978 total tied states
INFO: model_def_io.c(577): 93 total tied CI states
INFO: model_def_io.c(578): 31 total tied transition matrices
INFO: model_def_io.c(579): 4 max state/model
INFO: model_def_io.c(580): 4 min state/model
INFO: main.c(242): Building trees for [b SIL a b] through [b uz oos b]
INFO: main.c(269): Covering states |[144 221]| == 78
INFO: main.c(275): Reading: /home/nguyenvanthinh/Desktop/Git/speech recognition  demo/acoustic/model_parameters/digit.cd_cont_untied/mixture_weights
INFO: s3mixw_io.c(173): Read /home/nguyenvanthinh/Desktop/Git/speech recognition  demo/acoustic/model_parameters/digit.cd_cont_untied/mixture_weights [78x1x1 array]
INFO: main.c(311): 26 of 26 models have observation count greater than 0.000010
INFO: main.c(95): nrm stwt: 0.000 0.048 0.952 
INFO: s3gau_io.c(169): Read /home/nguyenvanthinh/Desktop/Git/speech recognition  demo/acoustic/model_parameters/digit.cd_cont_untied/means [978x1x1 array]
INFO: s3gau_io.c(169): Read /home/nguyenvanthinh/Desktop/Git/speech recognition  demo/acoustic/model_parameters/digit.cd_cont_untied/variances [978x1x1 array]
INFO: main.c(549): Reading: /home/nguyenvanthinh/Desktop/Git/speech recognition  demo/acoustic/model_architecture/digit.tree_questions
INFO: main.c(588): 178 total simple questions (170 phone; 8 word bndry)
INFO: main.c(590): 42 Left Only questions, and 40 Right Only questions
INFO: dtree.c(1478): Final simple tree
|( QUESTION0_0_R 1 -1.149e+06 3.531e+04 4.924e+03
|    ( QUESTION0_2_R 1 -8.144e+05 9.957e+03 3.597e+03
|        ( QUESTION2_7_L -1 -3.948e+05 1.409e+03 1.764e+03
|            ( - -1.013e+05 1 0)
|            ( QUESTION8 -1 -2.921e+05 9.823e+02 1.300e+03
|                ( - -7.426e+04 1 0)
|                ( - -2.169e+05 7 0 QUESTION9 -1 7.240e+02 9.642e+02)))
|        ( QUESTION2_7_L -1 -4.096e+05 1.022e+03 1.833e+03
|            ( - -1.168e+05 1 0)
|            ( - -2.918e+05 8 0 QUESTION8 -1 4.634e+02 1.304e+03)))
|    ( QUESTION20 -1 -2.994e+05 1.810e+03 1.326e+03
|        ( - -7.595e+04 1 0)
|        ( QUESTION9 -1 -2.216e+05 9.441e+02 9.834e+02
|            ( - -2.653e+04 1 0)
|            ( - -1.942e+05 6 0 QUESTION0 -1 4.799e+02 8.600e+02))))
s>    ( QUESTION0_0_R 1 -1.149e+06 3.531e+04 4.924e+03
s>        ( QUESTION0_2_R 1 -8.144e+05 9.957e+03 3.597e+03
s>            ( QUESTION2_7_L -1 -3.948e+05 1.409e+03 1.764e+03
s>                ( - -1.013e+05 1 0)
s>                ( QUESTION8 -1 -2.921e+05 9.823e+02 1.300e+03
s>                    ( - -7.426e+04 1 0)
s>                    ( - -2.169e+05 7 0 QUESTION9 -1 7.240e+02 9.642e+02)))
s>            ( QUESTION2_7_L -1 -4.096e+05 1.022e+03 1.833e+03
s>                ( - -1.168e+05 1 0)
s>                ( - -2.918e+05 8 0 QUESTION8 -1 4.634e+02 1.304e+03)))
s>        ( QUESTION20 -1 -2.994e+05 1.810e+03 1.326e+03
s>            ( - -7.595e+04 1 0)
s>            ( QUESTION9 -1 -2.216e+05 9.441e+02 9.834e+02
s>                ( - -2.653e+04 1 0)
s>                ( - -1.942e+05 6 0 QUESTION0 -1 4.799e+02 8.600e+02))))INFO: dtree.c(1315): Comp split 0
INFO: dtree.c(1478): Final simple tree
|( QUESTION0_2_R 1 -8.144e+05 9.957e+03 3.597e+03
|    ( QUESTION2_7_L -1 -3.948e+05 1.409e+03 1.764e+03
|        ( - -1.013e+05 1 0)
|        ( QUESTION8 -1 -2.921e+05 9.823e+02 1.300e+03
|            ( - -7.426e+04 1 0)
|            ( QUESTION9 -1 -2.169e+05 7.240e+02 9.642e+02
|                ( - -2.424e+04 1 0)
|                ( QUESTION5 -1 -1.919e+05 6.512e+02 8.545e+02
|                    ( - -2.529e+04 1 0)
|                    ( - -1.660e+05 5 0 QUESTION0 -1 4.527e+02 7.404e+02)))))
|    ( QUESTION2_7_L -1 -4.096e+05 1.022e+03 1.833e+03
|        ( - -1.168e+05 1 0)
|        ( QUESTION8 -1 -2.918e+05 4.634e+02 1.304e+03
|            ( - -6.809e+04 1 0)
|            ( - -2.232e+05 7 0 QUESTION4 -1 5.057e+02 9.966e+02))))
s>    ( QUESTION0_2_R 1 -8.144e+05 9.957e+03 3.597e+03
s>        ( QUESTION2_7_L -1 -3.948e+05 1.409e+03 1.764e+03
s>            ( - -1.013e+05 1 0)
s>            ( QUESTION8 -1 -2.921e+05 9.823e+02 1.300e+03
s>                ( - -7.426e+04 1 0)
s>                ( QUESTION9 -1 -2.169e+05 7.240e+02 9.642e+02
s>                    ( - -2.424e+04 1 0)
s>                    ( QUESTION5 -1 -1.919e+05 6.512e+02 8.545e+02
s>                        ( - -2.529e+04 1 0)
s>                        ( - -1.660e+05 5 0 QUESTION0 -1 4.527e+02 7.404e+02)))))
s>        ( QUESTION2_7_L -1 -4.096e+05 1.022e+03 1.833e+03
s>            ( - -1.168e+05 1 0)
s>            ( QUESTION8 -1 -2.918e+05 4.634e+02 1.304e+03
s>                ( - -6.809e+04 1 0)
s>                ( - -2.232e+05 7 0 QUESTION4 -1 5.057e+02 9.966e+02))))INFO: dtree.c(1478): Final simple tree
|( QUESTION20 -1 -2.994e+05 1.810e+03 1.326e+03
|    ( - -7.595e+04 1 0)
|    ( QUESTION9 -1 -2.216e+05 9.441e+02 9.834e+02
|        ( - -2.653e+04 1 0)
|        ( QUESTION0 -1 -1.942e+05 4.799e+02 8.600e+02
|            ( - -1.667e+04 1 0)
|            ( QUESTION8 -1 -1.770e+05 4.302e+02 7.850e+02
|                ( - -4.195e+04 1 0)
|                ( QUESTION2_3_L -1 -1.346e+05 4.155e+02 5.950e+02
|                    ( QUESTION2 -1 -4.175e+04 2.193e+02 1.877e+02
|                        ( - -1.605e+04 1 0)
|                        ( - -2.549e+04 1 0))
|                    ( SILENCE -1 -9.246e+04 2.071e+02 4.073e+02
|                        ( - -1.667e+04 1 0)
|                        ( - -7.559e+04 1 0)))))))
s>    ( QUESTION20 -1 -2.994e+05 1.810e+03 1.326e+03
s>        ( - -7.595e+04 1 0)
s>        ( QUESTION9 -1 -2.216e+05 9.441e+02 9.834e+02
s>            ( - -2.653e+04 1 0)
s>            ( QUESTION0 -1 -1.942e+05 4.799e+02 8.600e+02
s>                ( - -1.667e+04 1 0)
s>                ( QUESTION8 -1 -1.770e+05 4.302e+02 7.850e+02
s>                    ( - -4.195e+04 1 0)
s>                    ( QUESTION2_3_L -1 -1.346e+05 4.155e+02 5.950e+02
s>                        ( QUESTION2 -1 -4.175e+04 2.193e+02 1.877e+02
s>                            ( - -1.605e+04 1 0)
s>                            ( - -2.549e+04 1 0))
s>                        ( SILENCE -1 -9.246e+04 2.071e+02 4.073e+02
s>                            ( - -1.667e+04 1 0)
s>                            ( - -7.559e+04 1 0)))))))INFO: dtree.c(1315): Comp split 1
INFO: dtree.c(1478): Final simple tree
|( QUESTION2_7_L -1 -3.948e+05 1.409e+03 1.764e+03
|    ( - -1.013e+05 1 0)
|    ( QUESTION8 -1 -2.921e+05 9.823e+02 1.300e+03
|        ( - -7.426e+04 1 0)
|        ( QUESTION9 -1 -2.169e+05 7.240e+02 9.642e+02
|            ( - -2.424e+04 1 0)
|            ( QUESTION5 -1 -1.919e+05 6.512e+02 8.545e+02
|                ( - -2.529e+04 1 0)
|                ( QUESTION0 -1 -1.660e+05 4.527e+02 7.404e+02
|                    ( - -3.383e+04 1 0)
|                    ( QUESTION11 -1 -1.317e+05 3.605e+02 5.876e+02
|                        ( - -3.352e+04 1 0)
|                        ( QUESTION2 -1 -9.784e+04 2.118e+02 4.366e+02
|                            ( - -7.889e+04 1 0)
|                            ( - -1.874e+04 2 0 SILENCE -1 7.579e+01 8.388e+01))))))))
s>    ( QUESTION2_7_L -1 -3.948e+05 1.409e+03 1.764e+03
s>        ( - -1.013e+05 1 0)
s>        ( QUESTION8 -1 -2.921e+05 9.823e+02 1.300e+03
s>            ( - -7.426e+04 1 0)
s>            ( QUESTION9 -1 -2.169e+05 7.240e+02 9.642e+02
s>                ( - -2.424e+04 1 0)
s>                ( QUESTION5 -1 -1.919e+05 6.512e+02 8.545e+02
s>                    ( - -2.529e+04 1 0)
s>                    ( QUESTION0 -1 -1.660e+05 4.527e+02 7.404e+02
s>                        ( - -3.383e+04 1 0)
s>                        ( QUESTION11 -1 -1.317e+05 3.605e+02 5.876e+02
s>                            ( - -3.352e+04 1 0)
s>                            ( QUESTION2 -1 -9.784e+04 2.118e+02 4.366e+02
s>                                ( - -7.889e+04 1 0)
s>                                ( - -1.874e+04 2 0 SILENCE -1 7.579e+01 8.388e+01))))))))INFO: dtree.c(1478): Final simple tree
|( QUESTION2_7_L -1 -4.096e+05 1.022e+03 1.833e+03
|    ( - -1.168e+05 1 0)
|    ( QUESTION8 -1 -2.918e+05 4.634e+02 1.304e+03
|        ( - -6.809e+04 1 0)
|        ( QUESTION4 -1 -2.232e+05 5.057e+02 9.966e+02
|            ( - -8.751e+04 1 0)
|            ( QUESTION2 -1 -1.352e+05 4.462e+02 6.048e+02
|                ( - -5.606e+04 2 0 QUESTION3 -1 1.210e+02 2.526e+02)
|                ( SILENCE -1 -7.872e+04 2.551e+02 3.522e+02
|                    ( - -2.298e+04 1 0)
|                    ( QUESTION20 -1 -5.549e+04 1.445e+02 2.500e+02
|                        ( - -1.757e+03 1 0)
|                        ( QUESTION0 -1 -5.358e+04 1.364e+02 2.420e+02
|                            ( - -2.606e+04 1 0)
|                            ( - -2.739e+04 1 0))))))))
s>    ( QUESTION2_7_L -1 -4.096e+05 1.022e+03 1.833e+03
s>        ( - -1.168e+05 1 0)
s>        ( QUESTION8 -1 -2.918e+05 4.634e+02 1.304e+03
s>            ( - -6.809e+04 1 0)
s>            ( QUESTION4 -1 -2.232e+05 5.057e+02 9.966e+02
s>                ( - -8.751e+04 1 0)
s>                ( QUESTION2 -1 -1.352e+05 4.462e+02 6.048e+02
s>                    ( - -5.606e+04 2 0 QUESTION3 -1 1.210e+02 2.526e+02)
s>                    ( SILENCE -1 -7.872e+04 2.551e+02 3.522e+02
s>                        ( - -2.298e+04 1 0)
s>                        ( QUESTION20 -1 -5.549e+04 1.445e+02 2.500e+02
s>                            ( - -1.757e+03 1 0)
s>                            ( QUESTION0 -1 -5.358e+04 1.364e+02 2.420e+02
s>                                ( - -2.606e+04 1 0)
s>                                ( - -2.739e+04 1 0))))))))INFO: dtree.c(1315): Comp split 2
INFO: dtree.c(1439): stop. leaf nodes are specific
INFO: dtree.c(1478): Final simple tree
|( QUESTION0 -1 -9.302e+04 4.029e+02 4.176e+02
|    ( - -1.667e+04 1 0)
|    ( - -7.595e+04 1 0))
s>    ( QUESTION0 -1 -9.302e+04 4.029e+02 4.176e+02
s>        ( - -1.667e+04 1 0)
s>        ( - -7.595e+04 1 0))INFO: dtree.c(1439): stop. leaf nodes are specific
INFO: dtree.c(1478): Final simple tree
|( QUESTION9 -1 -2.045e+05 9.797e+02 9.085e+02
|    ( - -2.653e+04 1 0)
|    ( QUESTION8 -1 -1.770e+05 4.302e+02 7.850e+02
|        ( - -4.195e+04 1 0)
|        ( QUESTION2_3_L -1 -1.346e+05 4.155e+02 5.950e+02
|            ( QUESTION2 -1 -4.175e+04 2.193e+02 1.877e+02
|                ( - -1.605e+04 1 0)
|                ( - -2.549e+04 1 0))
|            ( SILENCE -1 -9.246e+04 2.071e+02 4.073e+02
|                ( - -1.667e+04 1 0)
|                ( - -7.559e+04 1 0)))))
s>    ( QUESTION9 -1 -2.045e+05 9.797e+02 9.085e+02
s>        ( - -2.653e+04 1 0)
s>        ( QUESTION8 -1 -1.770e+05 4.302e+02 7.850e+02
s>            ( - -4.195e+04 1 0)
s>            ( QUESTION2_3_L -1 -1.346e+05 4.155e+02 5.950e+02
s>                ( QUESTION2 -1 -4.175e+04 2.193e+02 1.877e+02
s>                    ( - -1.605e+04 1 0)
s>                    ( - -2.549e+04 1 0))
s>                ( SILENCE -1 -9.246e+04 2.071e+02 4.073e+02
s>                    ( - -1.667e+04 1 0)
s>                    ( - -7.559e+04 1 0)))))INFO: dtree.c(1315): Comp split 3
INFO: dtree.c(1439): stop. leaf nodes are specific
INFO: dtree.c(1478): Final simple tree
|( QUESTION5 -1 -2.409e+05 6.347e+02 1.076e+03
|    ( - -7.426e+04 1 0)
|    ( QUESTION0 -1 -1.660e+05 4.527e+02 7.404e+02
|        ( - -3.383e+04 1 0)
|        ( QUESTION11 -1 -1.317e+05 3.605e+02 5.876e+02
|            ( - -3.352e+04 1 0)
|            ( QUESTION2 -1 -9.784e+04 2.118e+02 4.366e+02
|                ( - -7.889e+04 1 0)
|                ( SILENCE -1 -1.874e+04 7.579e+01 8.388e+01
|                    ( - -1.689e+04 1 0)
|                    ( - -1.772e+03 1 0))))))
s>    ( QUESTION5 -1 -2.409e+05 6.347e+02 1.076e+03
s>        ( - -7.426e+04 1 0)
s>        ( QUESTION0 -1 -1.660e+05 4.527e+02 7.404e+02
s>            ( - -3.383e+04 1 0)
s>            ( QUESTION11 -1 -1.317e+05 3.605e+02 5.876e+02
s>                ( - -3.352e+04 1 0)
s>                ( QUESTION2 -1 -9.784e+04 2.118e+02 4.366e+02
s>                    ( - -7.889e+04 1 0)
s>                    ( SILENCE -1 -1.874e+04 7.579e+01 8.388e+01
s>                        ( - -1.689e+04 1 0)
s>                        ( - -1.772e+03 1 0))))))INFO: dtree.c(1439): stop. leaf nodes are specific
INFO: dtree.c(1478): Final simple tree
|( QUESTION2 -1 -1.523e+05 1.185e+03 6.879e+02
|    ( QUESTION3 -1 -4.979e+04 2.602e+02 2.239e+02
|        ( - -2.529e+04 1 0)
|        ( - -2.424e+04 1 0))
|    ( - -1.013e+05 1 0))
s>    ( QUESTION2 -1 -1.523e+05 1.185e+03 6.879e+02
s>        ( QUESTION3 -1 -4.979e+04 2.602e+02 2.239e+02
s>            ( - -2.529e+04 1 0)
s>            ( - -2.424e+04 1 0))
s>        ( - -1.013e+05 1 0))INFO: dtree.c(1315): Comp split 4
INFO: dtree.c(1439): stop. leaf nodes are specific
INFO: dtree.c(1478): Final simple tree
|( QUESTION3 -1 -4.979e+04 2.602e+02 2.239e+02
|    ( - -2.529e+04 1 0)
|    ( - -2.424e+04 1 0))
s>    ( QUESTION3 -1 -4.979e+04 2.602e+02 2.239e+02
s>        ( - -2.529e+04 1 0)
s>        ( - -2.424e+04 1 0))INFO: dtree.c(1315): Comp split 5
INFO: dtree.c(1478): Final simple tree
|( QUESTION8 -1 -2.918e+05 4.634e+02 1.304e+03
|    ( - -6.809e+04 1 0)
|    ( QUESTION4 -1 -2.232e+05 5.057e+02 9.966e+02
|        ( - -8.751e+04 1 0)
|        ( QUESTION2 -1 -1.352e+05 4.462e+02 6.048e+02
|            ( QUESTION3 -1 -5.606e+04 1.210e+02 2.526e+02
|                ( - -2.858e+04 1 0)
|                ( - -2.736e+04 1 0))
|            ( SILENCE -1 -7.872e+04 2.551e+02 3.522e+02
|                ( - -2.298e+04 1 0)
|                ( QUESTION20 -1 -5.549e+04 1.445e+02 2.500e+02
|                    ( - -1.757e+03 1 0)
|                    ( QUESTION0 -1 -5.358e+04 1.364e+02 2.420e+02
|                        ( - -2.606e+04 1 0)
|                        ( - -2.739e+04 1 0)))))))
s>    ( QUESTION8 -1 -2.918e+05 4.634e+02 1.304e+03
s>        ( - -6.809e+04 1 0)
s>        ( QUESTION4 -1 -2.232e+05 5.057e+02 9.966e+02
s>            ( - -8.751e+04 1 0)
s>            ( QUESTION2 -1 -1.352e+05 4.462e+02 6.048e+02
s>                ( QUESTION3 -1 -5.606e+04 1.210e+02 2.526e+02
s>                    ( - -2.858e+04 1 0)
s>                    ( - -2.736e+04 1 0))
s>                ( SILENCE -1 -7.872e+04 2.551e+02 3.522e+02
s>                    ( - -2.298e+04 1 0)
s>                    ( QUESTION20 -1 -5.549e+04 1.445e+02 2.500e+02
s>                        ( - -1.757e+03 1 0)
s>                        ( QUESTION0 -1 -5.358e+04 1.364e+02 2.420e+02
s>                            ( - -2.606e+04 1 0)
s>                            ( - -2.739e+04 1 0)))))))INFO: dtree.c(1315): Comp split 6
INFO: dtree.c(1439): stop. leaf nodes are specific
INFO: dtree.c(1478): Final simple tree
|( QUESTION3 -1 -4.289e+04 3.195e+02 1.966e+02
|    ( - -1.605e+04 1 0)
|    ( - -2.653e+04 1 0))
s>    ( QUESTION3 -1 -4.289e+04 3.195e+02 1.966e+02
s>        ( - -1.605e+04 1 0)
s>        ( - -2.653e+04 1 0))INFO: dtree.c(1439): stop. leaf nodes are specific
INFO: dtree.c(1478): Final simple tree
|( QUESTION5 -1 -1.606e+05 4.210e+02 7.119e+02
|    ( - -4.195e+04 1 0)
|    ( QUESTION10 -1 -1.183e+05 3.075e+02 5.219e+02
|        ( - -2.549e+04 1 0)
|        ( SILENCE -1 -9.246e+04 2.071e+02 4.073e+02
|            ( - -1.667e+04 1 0)
|            ( - -7.559e+04 1 0))))
s>    ( QUESTION5 -1 -1.606e+05 4.210e+02 7.119e+02
s>        ( - -4.195e+04 1 0)
s>        ( QUESTION10 -1 -1.183e+05 3.075e+02 5.219e+02
s>            ( - -2.549e+04 1 0)
s>            ( SILENCE -1 -9.246e+04 2.071e+02 4.073e+02
s>                ( - -1.667e+04 1 0)
s>                ( - -7.559e+04 1 0))))INFO: dtree.c(1315): Comp split 7
INFO: dtree.c(1439): stop. leaf nodes are specific
INFO: dtree.c(1478): Final simple tree
|( QUESTION2 -1 -5.795e+04 1.271e+02 2.606e+02
|    ( QUESTION3 -1 -5.606e+04 1.210e+02 2.526e+02
|        ( - -2.858e+04 1 0)
|        ( - -2.736e+04 1 0))
|    ( - -1.757e+03 1 0))
s>    ( QUESTION2 -1 -5.795e+04 1.271e+02 2.606e+02
s>        ( QUESTION3 -1 -5.606e+04 1.210e+02 2.526e+02
s>            ( - -2.858e+04 1 0)
s>            ( - -2.736e+04 1 0))
s>        ( - -1.757e+03 1 0))INFO: dtree.c(1439): stop. leaf nodes are specific
INFO: dtree.c(1478): Final simple tree
|( QUESTION4 -1 -2.331e+05 3.808e+02 1.043e+03
|    ( - -8.751e+04 1 0)
|    ( SILENCE -1 -1.452e+05 3.392e+02 6.516e+02
|        ( - -2.298e+04 1 0)
|        ( QUESTION2 -1 -1.219e+05 1.890e+02 5.494e+02
|            ( - -6.809e+04 1 0)
|            ( QUESTION0 -1 -5.358e+04 1.364e+02 2.420e+02
|                ( - -2.606e+04 1 0)
|                ( - -2.739e+04 1 0)))))
s>    ( QUESTION4 -1 -2.331e+05 3.808e+02 1.043e+03
s>        ( - -8.751e+04 1 0)
s>        ( SILENCE -1 -1.452e+05 3.392e+02 6.516e+02
s>            ( - -2.298e+04 1 0)
s>            ( QUESTION2 -1 -1.219e+05 1.890e+02 5.494e+02
s>                ( - -6.809e+04 1 0)
s>                ( QUESTION0 -1 -5.358e+04 1.364e+02 2.420e+02
s>                    ( - -2.606e+04 1 0)
s>                    ( - -2.739e+04 1 0)))))INFO: dtree.c(1315): Comp split 8
INFO: dtree.c(1439): stop. leaf nodes are specific
INFO: dtree.c(1478): Final simple tree
|( QUESTION11 -1 -1.317e+05 3.605e+02 5.876e+02
|    ( - -3.352e+04 1 0)
|    ( QUESTION2 -1 -9.784e+04 2.118e+02 4.366e+02
|        ( - -7.889e+04 1 0)
|        ( SILENCE -1 -1.874e+04 7.579e+01 8.388e+01
|            ( - -1.689e+04 1 0)
|            ( - -1.772e+03 1 0))))
s>    ( QUESTION11 -1 -1.317e+05 3.605e+02 5.876e+02
s>        ( - -3.352e+04 1 0)
s>        ( QUESTION2 -1 -9.784e+04 2.118e+02 4.366e+02
s>            ( - -7.889e+04 1 0)
s>            ( SILENCE -1 -1.874e+04 7.579e+01 8.388e+01
s>                ( - -1.689e+04 1 0)
s>                ( - -1.772e+03 1 0))))INFO: dtree.c(1439): stop. leaf nodes are specific
INFO: dtree.c(1478): Final simple tree
|( QUESTION0 -1 -1.084e+05 3.542e+02 4.889e+02
|    ( - -3.383e+04 1 0)
|    ( - -7.426e+04 1 0))
s>    ( QUESTION0 -1 -1.084e+05 3.542e+02 4.889e+02
s>        ( - -3.383e+04 1 0)
s>        ( - -7.426e+04 1 0))INFO: dtree.c(1315): Comp split 9
INFO: dtree.c(1439): stop. leaf nodes are specific
INFO: dtree.c(1478): Final simple tree
|( QUESTION2 -1 -1.219e+05 1.890e+02 5.494e+02
|    ( - -6.809e+04 1 0)
|    ( QUESTION0 -1 -5.358e+04 1.364e+02 2.420e+02
|        ( - -2.606e+04 1 0)
|        ( - -2.739e+04 1 0)))
s>    ( QUESTION2 -1 -1.219e+05 1.890e+02 5.494e+02
s>        ( - -6.809e+04 1 0)
s>        ( QUESTION0 -1 -5.358e+04 1.364e+02 2.420e+02
s>            ( - -2.606e+04 1 0)
s>            ( - -2.739e+04 1 0)))INFO: dtree.c(1439): stop. leaf nodes are specific
INFO: dtree.c(1478): Final simple tree
|( SILENCE -1 -1.107e+05 2.327e+02 4.939e+02
|    ( - -2.298e+04 1 0)
|    ( - -8.751e+04 1 0))
s>    ( SILENCE -1 -1.107e+05 2.327e+02 4.939e+02
s>        ( - -2.298e+04 1 0)
s>        ( - -8.751e+04 1 0))INFO: dtree.c(1315): Comp split 10
INFO: dtree.c(1439): stop. leaf nodes are specific
INFO: dtree.c(1478): Final simple tree
|( SILENCE -1 -9.246e+04 2.071e+02 4.073e+02
|    ( - -1.667e+04 1 0)
|    ( - -7.559e+04 1 0))
s>    ( SILENCE -1 -9.246e+04 2.071e+02 4.073e+02
s>        ( - -1.667e+04 1 0)
s>        ( - -7.559e+04 1 0))INFO: dtree.c(1439): stop. leaf nodes are specific
INFO: dtree.c(1478): Final simple tree
|( QUESTION2 -1 -6.771e+04 2.661e+02 3.046e+02
|    ( - -4.195e+04 1 0)
|    ( - -2.549e+04 1 0))
s>    ( QUESTION2 -1 -6.771e+04 2.661e+02 3.046e+02
s>        ( - -4.195e+04 1 0)
s>        ( - -2.549e+04 1 0))INFO: dtree.c(1315): Comp split 11
INFO: dtree.c(1315): Comp split 12
INFO: dtree.c(1439): stop. leaf nodes are specific
INFO: dtree.c(1478): Final simple tree
|( QUESTION2 -1 -9.784e+04 2.118e+02 4.366e+02
|    ( - -7.889e+04 1 0)
|    ( SILENCE -1 -1.874e+04 7.579e+01 8.388e+01
|        ( - -1.689e+04 1 0)
|        ( - -1.772e+03 1 0)))
s>    ( QUESTION2 -1 -9.784e+04 2.118e+02 4.366e+02
s>        ( - -7.889e+04 1 0)
s>        ( SILENCE -1 -1.874e+04 7.579e+01 8.388e+01
s>            ( - -1.689e+04 1 0)
s>            ( - -1.772e+03 1 0)))INFO: dtree.c(1315): Comp split 13
INFO: dtree.c(1315): Comp split 14
INFO: dtree.c(1315): Comp split 15
INFO: dtree.c(1315): Comp split 16
INFO: dtree.c(1315): Comp split 17
INFO: dtree.c(1315): Comp split 18
INFO: dtree.c(1439): stop. leaf nodes are specific
INFO: dtree.c(1478): Final simple tree
|( SILENCE -1 -1.874e+04 7.579e+01 8.388e+01
|    ( - -1.689e+04 1 0)
|    ( - -1.772e+03 1 0))
s>    ( SILENCE -1 -1.874e+04 7.579e+01 8.388e+01
s>        ( - -1.689e+04 1 0)
s>        ( - -1.772e+03 1 0))INFO: dtree.c(1315): Comp split 19
INFO: dtree.c(1315): Comp split 20
INFO: dtree.c(1439): stop. leaf nodes are specific
INFO: dtree.c(1478): Final simple tree
|( QUESTION0 -1 -5.358e+04 1.364e+02 2.420e+02
|    ( - -2.606e+04 1 0)
|    ( - -2.739e+04 1 0))
s>    ( QUESTION0 -1 -5.358e+04 1.364e+02 2.420e+02
s>        ( - -2.606e+04 1 0)
s>        ( - -2.739e+04 1 0))INFO: dtree.c(1315): Comp split 21
INFO: dtree.c(1315): Comp split 22
INFO: dtree.c(1439): stop. leaf nodes are specific
INFO: dtree.c(1478): Final simple tree
|( QUESTION3 -1 -5.606e+04 1.210e+02 2.526e+02
|    ( - -2.858e+04 1 0)
|    ( - -2.736e+04 1 0))
s>    ( QUESTION3 -1 -5.606e+04 1.210e+02 2.526e+02
s>        ( - -2.858e+04 1 0)
s>        ( - -2.736e+04 1 0))INFO: dtree.c(1315): Comp split 23
INFO: dtree.c(1315): Comp split 24
INFO: dtree.c(1315): Comp split 25
INFO: dtree.c(1318): stop. leaf nodes are specific
!!!!!!!!Allocated 67 lines
Wed Apr  6 14:10:35 2016
