Current configuration:
[NAME]		[DEFLT]	[VALUE]
-allphones	no	no
-cntthresh	0.00001	1.000000e-05
-csplitmax	100	2000
-csplitmin	1	1
-csplitthr	8e-4	0.000000e+00
-example	no	no
-fullvar	no	no
-help		no	no
-meanfn			/home/nguyenvanthinh/Desktop/Git/speech recognition  demo/acoustic/model_parameters/digit.cd_cont_untied/means
-mixwfn			/home/nguyenvanthinh/Desktop/Git/speech recognition  demo/acoustic/model_parameters/digit.cd_cont_untied/mixture_weights
-moddeffn		/home/nguyenvanthinh/Desktop/Git/speech recognition  demo/acoustic/model_architecture/digit.untied.mdef
-mwfloor	1e-4	1.000000e-08
-phone			h
-psetfn			/home/nguyenvanthinh/Desktop/Git/speech recognition  demo/acoustic/model_architecture/digit.tree_questions
-ssplitmax	5	7
-ssplitmin	1	1
-ssplitthr	8e-4	0.000000e+00
-state			1
-stwt			1.0,0.05,0.0,
-treefn			/home/nguyenvanthinh/Desktop/Git/speech recognition  demo/acoustic/trees/digit.unpruned/h-1.dtree
-ts2cbfn	.semi.	.cont.
-varfloor	0.00001	1.000000e-05
-varfn			/home/nguyenvanthinh/Desktop/Git/speech recognition  demo/acoustic/model_parameters/digit.cd_cont_untied/variances

INFO: main.c(223): Reading: /home/nguyenvanthinh/Desktop/Git/speech recognition  demo/acoustic/model_architecture/digit.untied.mdef
INFO: model_def_io.c(573): Model definition info:
INFO: model_def_io.c(574): 326 total models defined (31 base, 295 tri)
INFO: model_def_io.c(575): 1304 total states
INFO: model_def_io.c(576): 978 total tied states
INFO: model_def_io.c(577): 93 total tied CI states
INFO: model_def_io.c(578): 31 total tied transition matrices
INFO: model_def_io.c(579): 4 max state/model
INFO: model_def_io.c(580): 4 min state/model
INFO: main.c(242): Building trees for [h SIL a b] through [h uz a b]
INFO: main.c(269): Covering states |[249 275]| == 27
INFO: main.c(275): Reading: /home/nguyenvanthinh/Desktop/Git/speech recognition  demo/acoustic/model_parameters/digit.cd_cont_untied/mixture_weights
INFO: s3mixw_io.c(173): Read /home/nguyenvanthinh/Desktop/Git/speech recognition  demo/acoustic/model_parameters/digit.cd_cont_untied/mixture_weights [27x1x1 array]
INFO: main.c(311): 9 of 9 models have observation count greater than 0.000010
INFO: main.c(95): nrm stwt: 0.045 0.909 0.045 
INFO: s3gau_io.c(169): Read /home/nguyenvanthinh/Desktop/Git/speech recognition  demo/acoustic/model_parameters/digit.cd_cont_untied/means [978x1x1 array]
INFO: s3gau_io.c(169): Read /home/nguyenvanthinh/Desktop/Git/speech recognition  demo/acoustic/model_parameters/digit.cd_cont_untied/variances [978x1x1 array]
INFO: main.c(549): Reading: /home/nguyenvanthinh/Desktop/Git/speech recognition  demo/acoustic/model_architecture/digit.tree_questions
INFO: main.c(588): 178 total simple questions (170 phone; 8 word bndry)
INFO: main.c(590): 42 Left Only questions, and 40 Right Only questions
INFO: dtree.c(1478): Final simple tree
|( QUESTION2_7_L -1 -6.644e+05 2.305e+03 2.926e+03
|    ( - -1.566e+05 1 0)
|    ( QUESTION0 -1 -5.056e+05 1.966e+03 2.227e+03
|        ( - -6.372e+04 1 0)
|        ( QUESTION9 -1 -4.399e+05 1.316e+03 1.924e+03
|            ( - -4.373e+04 1 0)
|            ( QUESTION7 -1 -3.948e+05 1.148e+03 1.730e+03
|                ( - -4.088e+04 1 0)
|                ( QUESTION5 -1 -3.528e+05 9.759e+02 1.547e+03
|                    ( - -1.053e+05 1 0)
|                    ( QUESTION11 -1 -2.465e+05 7.681e+02 1.080e+03
|                        ( - -6.006e+04 1 0)
|                        ( QUESTION2 -1 -1.857e+05 6.686e+02 8.074e+02
|                            ( - -1.409e+05 1 0)
|                            ( - -4.413e+04 2 0 SILENCE -1 1.697e+02 1.888e+02))))))))
s>    ( QUESTION2_7_L -1 -6.644e+05 2.305e+03 2.926e+03
s>        ( - -1.566e+05 1 0)
s>        ( QUESTION0 -1 -5.056e+05 1.966e+03 2.227e+03
s>            ( - -6.372e+04 1 0)
s>            ( QUESTION9 -1 -4.399e+05 1.316e+03 1.924e+03
s>                ( - -4.373e+04 1 0)
s>                ( QUESTION7 -1 -3.948e+05 1.148e+03 1.730e+03
s>                    ( - -4.088e+04 1 0)
s>                    ( QUESTION5 -1 -3.528e+05 9.759e+02 1.547e+03
s>                        ( - -1.053e+05 1 0)
s>                        ( QUESTION11 -1 -2.465e+05 7.681e+02 1.080e+03
s>                            ( - -6.006e+04 1 0)
s>                            ( QUESTION2 -1 -1.857e+05 6.686e+02 8.074e+02
s>                                ( - -1.409e+05 1 0)
s>                                ( - -4.413e+04 2 0 SILENCE -1 1.697e+02 1.888e+02))))))))INFO: dtree.c(1315): Comp split 0
INFO: dtree.c(1439): stop. leaf nodes are specific
INFO: dtree.c(1478): Final simple tree
|( QUESTION0 -1 -4.185e+05 1.991e+03 1.850e+03
|    ( - -6.372e+04 1 0)
|    ( QUESTION5 -1 -3.528e+05 9.759e+02 1.547e+03
|        ( - -1.053e+05 1 0)
|        ( QUESTION11 -1 -2.465e+05 7.681e+02 1.080e+03
|            ( - -6.006e+04 1 0)
|            ( QUESTION2 -1 -1.857e+05 6.686e+02 8.074e+02
|                ( - -1.409e+05 1 0)
|                ( SILENCE -1 -4.413e+04 1.697e+02 1.888e+02
|                    ( - -3.932e+04 1 0)
|                    ( - -4.637e+03 1 0))))))
s>    ( QUESTION0 -1 -4.185e+05 1.991e+03 1.850e+03
s>        ( - -6.372e+04 1 0)
s>        ( QUESTION5 -1 -3.528e+05 9.759e+02 1.547e+03
s>            ( - -1.053e+05 1 0)
s>            ( QUESTION11 -1 -2.465e+05 7.681e+02 1.080e+03
s>                ( - -6.006e+04 1 0)
s>                ( QUESTION2 -1 -1.857e+05 6.686e+02 8.074e+02
s>                    ( - -1.409e+05 1 0)
s>                    ( SILENCE -1 -4.413e+04 1.697e+02 1.888e+02
s>                        ( - -3.932e+04 1 0)
s>                        ( - -4.637e+03 1 0))))))INFO: dtree.c(1439): stop. leaf nodes are specific
INFO: dtree.c(1478): Final simple tree
|( QUESTION9 -1 -2.431e+05 1.326e+03 1.076e+03
|    ( - -4.373e+04 1 0)
|    ( QUESTION2 -1 -1.981e+05 6.230e+02 8.824e+02
|        ( - -4.088e+04 1 0)
|        ( - -1.566e+05 1 0)))
s>    ( QUESTION9 -1 -2.431e+05 1.326e+03 1.076e+03
s>        ( - -4.373e+04 1 0)
s>        ( QUESTION2 -1 -1.981e+05 6.230e+02 8.824e+02
s>            ( - -4.088e+04 1 0)
s>            ( - -1.566e+05 1 0)))INFO: dtree.c(1315): Comp split 1
INFO: dtree.c(1439): stop. leaf nodes are specific
INFO: dtree.c(1478): Final simple tree
|( QUESTION5 -1 -3.528e+05 9.759e+02 1.547e+03
|    ( - -1.053e+05 1 0)
|    ( QUESTION11 -1 -2.465e+05 7.681e+02 1.080e+03
|        ( - -6.006e+04 1 0)
|        ( QUESTION2 -1 -1.857e+05 6.686e+02 8.074e+02
|            ( - -1.409e+05 1 0)
|            ( SILENCE -1 -4.413e+04 1.697e+02 1.888e+02
|                ( - -3.932e+04 1 0)
|                ( - -4.637e+03 1 0)))))
s>    ( QUESTION5 -1 -3.528e+05 9.759e+02 1.547e+03
s>        ( - -1.053e+05 1 0)
s>        ( QUESTION11 -1 -2.465e+05 7.681e+02 1.080e+03
s>            ( - -6.006e+04 1 0)
s>            ( QUESTION2 -1 -1.857e+05 6.686e+02 8.074e+02
s>                ( - -1.409e+05 1 0)
s>                ( SILENCE -1 -4.413e+04 1.697e+02 1.888e+02
s>                    ( - -3.932e+04 1 0)
s>                    ( - -4.637e+03 1 0)))))INFO: dtree.c(1315): Comp split 2
INFO: dtree.c(1439): stop. leaf nodes are specific
INFO: dtree.c(1478): Final simple tree
|( QUESTION2 -1 -1.981e+05 6.230e+02 8.824e+02
|    ( - -4.088e+04 1 0)
|    ( - -1.566e+05 1 0))
s>    ( QUESTION2 -1 -1.981e+05 6.230e+02 8.824e+02
s>        ( - -4.088e+04 1 0)
s>        ( - -1.566e+05 1 0))INFO: dtree.c(1315): Comp split 3
INFO: dtree.c(1439): stop. leaf nodes are specific
INFO: dtree.c(1478): Final simple tree
|( QUESTION2 -1 -1.857e+05 6.686e+02 8.074e+02
|    ( - -1.409e+05 1 0)
|    ( SILENCE -1 -4.413e+04 1.697e+02 1.888e+02
|        ( - -3.932e+04 1 0)
|        ( - -4.637e+03 1 0)))
s>    ( QUESTION2 -1 -1.857e+05 6.686e+02 8.074e+02
s>        ( - -1.409e+05 1 0)
s>        ( SILENCE -1 -4.413e+04 1.697e+02 1.888e+02
s>            ( - -3.932e+04 1 0)
s>            ( - -4.637e+03 1 0)))INFO: dtree.c(1439): stop. leaf nodes are specific
INFO: dtree.c(1478): Final simple tree
|( QUESTION2 -1 -1.660e+05 6.191e+02 7.395e+02
|    ( - -1.053e+05 1 0)
|    ( - -6.006e+04 1 0))
s>    ( QUESTION2 -1 -1.660e+05 6.191e+02 7.395e+02
s>        ( - -1.053e+05 1 0)
s>        ( - -6.006e+04 1 0))INFO: dtree.c(1315): Comp split 4
INFO: dtree.c(1439): stop. leaf nodes are specific
INFO: dtree.c(1478): Final simple tree
|( SILENCE -1 -4.413e+04 1.697e+02 1.888e+02
|    ( - -3.932e+04 1 0)
|    ( - -4.637e+03 1 0))
s>    ( SILENCE -1 -4.413e+04 1.697e+02 1.888e+02
s>        ( - -3.932e+04 1 0)
s>        ( - -4.637e+03 1 0))INFO: dtree.c(1315): Comp split 5
INFO: dtree.c(1315): Comp split 6
INFO: dtree.c(1315): Comp split 7
INFO: dtree.c(1315): Comp split 8
INFO: dtree.c(1318): stop. leaf nodes are specific
!!!!!!!!Allocated 67 lines
Wed Apr  6 14:10:34 2016
