Current configuration:
[NAME]		[DEFLT]	[VALUE]
-allphones	no	no
-cntthresh	0.00001	1.000000e-05
-csplitmax	100	2000
-csplitmin	1	1
-csplitthr	8e-4	0.000000e+00
-example	no	no
-fullvar	no	no
-help		no	no
-meanfn			/home/nguyenvanthinh/Desktop/Git/speech recognition  demo/acoustic/model_parameters/digit.cd_cont_untied/means
-mixwfn			/home/nguyenvanthinh/Desktop/Git/speech recognition  demo/acoustic/model_parameters/digit.cd_cont_untied/mixture_weights
-moddeffn		/home/nguyenvanthinh/Desktop/Git/speech recognition  demo/acoustic/model_architecture/digit.untied.mdef
-mwfloor	1e-4	1.000000e-08
-phone			ngz
-psetfn			/home/nguyenvanthinh/Desktop/Git/speech recognition  demo/acoustic/model_architecture/digit.tree_questions
-ssplitmax	5	7
-ssplitmin	1	1
-ssplitthr	8e-4	0.000000e+00
-state			0
-stwt			1.0,0.05,0.0,
-treefn			/home/nguyenvanthinh/Desktop/Git/speech recognition  demo/acoustic/trees/digit.unpruned/ngz-0.dtree
-ts2cbfn	.semi.	.cont.
-varfloor	0.00001	1.000000e-05
-varfn			/home/nguyenvanthinh/Desktop/Git/speech recognition  demo/acoustic/model_parameters/digit.cd_cont_untied/variances

INFO: main.c(223): Reading: /home/nguyenvanthinh/Desktop/Git/speech recognition  demo/acoustic/model_architecture/digit.untied.mdef
INFO: model_def_io.c(573): Model definition info:
INFO: model_def_io.c(574): 326 total models defined (31 base, 295 tri)
INFO: model_def_io.c(575): 1304 total states
INFO: model_def_io.c(576): 978 total tied states
INFO: model_def_io.c(577): 93 total tied CI states
INFO: model_def_io.c(578): 31 total tied transition matrices
INFO: model_def_io.c(579): 4 max state/model
INFO: model_def_io.c(580): 4 min state/model
INFO: main.c(242): Building trees for [ngz i b e] through [ngz oo tr e]
INFO: main.c(269): Covering states |[606 656]| == 51
INFO: main.c(275): Reading: /home/nguyenvanthinh/Desktop/Git/speech recognition  demo/acoustic/model_parameters/digit.cd_cont_untied/mixture_weights
INFO: s3mixw_io.c(173): Read /home/nguyenvanthinh/Desktop/Git/speech recognition  demo/acoustic/model_parameters/digit.cd_cont_untied/mixture_weights [51x1x1 array]
INFO: main.c(311): 17 of 17 models have observation count greater than 0.000010
INFO: main.c(95): nrm stwt: 0.952 0.048 0.000 
INFO: s3gau_io.c(169): Read /home/nguyenvanthinh/Desktop/Git/speech recognition  demo/acoustic/model_parameters/digit.cd_cont_untied/means [978x1x1 array]
INFO: s3gau_io.c(169): Read /home/nguyenvanthinh/Desktop/Git/speech recognition  demo/acoustic/model_parameters/digit.cd_cont_untied/variances [978x1x1 array]
INFO: main.c(549): Reading: /home/nguyenvanthinh/Desktop/Git/speech recognition  demo/acoustic/model_architecture/digit.tree_questions
INFO: main.c(588): 178 total simple questions (170 phone; 8 word bndry)
INFO: main.c(590): 42 Left Only questions, and 40 Right Only questions
INFO: dtree.c(1478): Final simple tree
|( QUESTION2 -1 -6.049e+05 3.073e+03 2.709e+03
|    ( QUESTION0_11_R 1 -5.298e+05 8.657e+02 2.395e+03
|        ( - -3.054e+04 1 0)
|        ( SILENCE 1 -4.983e+05 7.885e+02 2.262e+03
|            ( - -7.170e+04 1 0)
|            ( QUESTION0_7_R 1 -4.259e+05 3.920e+02 1.932e+03
|                ( QUESTION14 1 -1.342e+05 2.438e+02 6.085e+02
|                    ( - -9.911e+04 1 0)
|                    ( - -3.487e+04 1 0))
|                ( - -2.912e+05 6 0 QUESTION0_9_R 1 2.151e+02 1.323e+03))))
|    ( QUESTION15 1 -7.204e+04 9.177e+02 3.140e+02
|        ( - -1.870e+04 1 0)
|        ( QUESTION0_10_R 1 -5.243e+04 5.631e+02 2.283e+02
|            ( - -3.203e+04 3 0)
|            ( - -1.983e+04 3 0 QUESTION11 1 9.304e+01 8.704e+01))))
s>    ( QUESTION2 -1 -6.049e+05 3.073e+03 2.709e+03
s>        ( QUESTION0_11_R 1 -5.298e+05 8.657e+02 2.395e+03
s>            ( - -3.054e+04 1 0)
s>            ( SILENCE 1 -4.983e+05 7.885e+02 2.262e+03
s>                ( - -7.170e+04 1 0)
s>                ( QUESTION0_7_R 1 -4.259e+05 3.920e+02 1.932e+03
s>                    ( QUESTION14 1 -1.342e+05 2.438e+02 6.085e+02
s>                        ( - -9.911e+04 1 0)
s>                        ( - -3.487e+04 1 0))
s>                    ( - -2.912e+05 6 0 QUESTION0_9_R 1 2.151e+02 1.323e+03))))
s>        ( QUESTION15 1 -7.204e+04 9.177e+02 3.140e+02
s>            ( - -1.870e+04 1 0)
s>            ( QUESTION0_10_R 1 -5.243e+04 5.631e+02 2.283e+02
s>                ( - -3.203e+04 3 0)
s>                ( - -1.983e+04 3 0 QUESTION11 1 9.304e+01 8.704e+01))))INFO: dtree.c(1315): Comp split 0
INFO: dtree.c(1439): stop. leaf nodes are specific
INFO: dtree.c(1478): Final simple tree
|( QUESTION0_10_R 1 -5.243e+04 5.631e+02 2.283e+02
|    ( - -3.203e+04 3 0)
|    ( QUESTION11 1 -1.983e+04 9.304e+01 8.704e+01
|        ( QUESTION0_7_R 1 -1.672e+04 9.324e+01 7.286e+01
|            ( - -1.127e+04 1 0)
|            ( - -5.359e+03 1 0))
|        ( - -3.017e+03 1 0)))
s>    ( QUESTION0_10_R 1 -5.243e+04 5.631e+02 2.283e+02
s>        ( - -3.203e+04 3 0)
s>        ( QUESTION11 1 -1.983e+04 9.304e+01 8.704e+01
s>            ( QUESTION0_7_R 1 -1.672e+04 9.324e+01 7.286e+01
s>                ( - -1.127e+04 1 0)
s>                ( - -5.359e+03 1 0))
s>            ( - -3.017e+03 1 0)))INFO: dtree.c(1478): Final simple tree
|( QUESTION0_11_R 1 -5.487e+05 8.724e+02 2.481e+03
|    ( - -3.054e+04 1 0)
|    ( SILENCE 1 -5.173e+05 7.727e+02 2.348e+03
|        ( - -7.170e+04 1 0)
|        ( QUESTION0_7_R 1 -4.449e+05 3.954e+02 2.017e+03
|            ( QUESTION2 -1 -1.532e+05 2.981e+02 6.942e+02
|                ( QUESTION14 1 -1.342e+05 2.438e+02 6.085e+02
|                    ( - -9.911e+04 1 0)
|                    ( - -3.487e+04 1 0))
|                ( - -1.870e+04 1 0))
|            ( QUESTION0_9_R 1 -2.912e+05 2.151e+02 1.323e+03
|                ( QUESTION11 1 -8.283e+04 1.960e+02 3.754e+02
|                    ( - -4.039e+04 1 0)
|                    ( - -4.225e+04 1 0))
|                ( - -2.082e+05 4 0)))))
s>    ( QUESTION0_11_R 1 -5.487e+05 8.724e+02 2.481e+03
s>        ( - -3.054e+04 1 0)
s>        ( SILENCE 1 -5.173e+05 7.727e+02 2.348e+03
s>            ( - -7.170e+04 1 0)
s>            ( QUESTION0_7_R 1 -4.449e+05 3.954e+02 2.017e+03
s>                ( QUESTION2 -1 -1.532e+05 2.981e+02 6.942e+02
s>                    ( QUESTION14 1 -1.342e+05 2.438e+02 6.085e+02
s>                        ( - -9.911e+04 1 0)
s>                        ( - -3.487e+04 1 0))
s>                    ( - -1.870e+04 1 0))
s>                ( QUESTION0_9_R 1 -2.912e+05 2.151e+02 1.323e+03
s>                    ( QUESTION11 1 -8.283e+04 1.960e+02 3.754e+02
s>                        ( - -4.039e+04 1 0)
s>                        ( - -4.225e+04 1 0))
s>                    ( - -2.082e+05 4 0)))))INFO: dtree.c(1315): Comp split 1
INFO: dtree.c(1439): stop. leaf nodes are specific
INFO: dtree.c(1478): Final simple tree
|( SILENCE 1 -5.173e+05 7.727e+02 2.348e+03
|    ( - -7.170e+04 1 0)
|    ( QUESTION0_7_R 1 -4.449e+05 3.954e+02 2.017e+03
|        ( QUESTION2 -1 -1.532e+05 2.981e+02 6.942e+02
|            ( QUESTION14 1 -1.342e+05 2.438e+02 6.085e+02
|                ( - -9.911e+04 1 0)
|                ( - -3.487e+04 1 0))
|            ( - -1.870e+04 1 0))
|        ( QUESTION0_9_R 1 -2.912e+05 2.151e+02 1.323e+03
|            ( QUESTION11 1 -8.283e+04 1.960e+02 3.754e+02
|                ( - -4.039e+04 1 0)
|                ( - -4.225e+04 1 0))
|            ( - -2.082e+05 4 0))))
s>    ( SILENCE 1 -5.173e+05 7.727e+02 2.348e+03
s>        ( - -7.170e+04 1 0)
s>        ( QUESTION0_7_R 1 -4.449e+05 3.954e+02 2.017e+03
s>            ( QUESTION2 -1 -1.532e+05 2.981e+02 6.942e+02
s>                ( QUESTION14 1 -1.342e+05 2.438e+02 6.085e+02
s>                    ( - -9.911e+04 1 0)
s>                    ( - -3.487e+04 1 0))
s>                ( - -1.870e+04 1 0))
s>            ( QUESTION0_9_R 1 -2.912e+05 2.151e+02 1.323e+03
s>                ( QUESTION11 1 -8.283e+04 1.960e+02 3.754e+02
s>                    ( - -4.039e+04 1 0)
s>                    ( - -4.225e+04 1 0))
s>                ( - -2.082e+05 4 0))))INFO: dtree.c(1315): Comp split 2
INFO: dtree.c(1439): stop. leaf nodes are specific
INFO: dtree.c(1478): Final simple tree
|( QUESTION0_7_R 1 -4.259e+05 3.920e+02 1.932e+03
|    ( QUESTION14 1 -1.342e+05 2.438e+02 6.085e+02
|        ( - -9.911e+04 1 0)
|        ( - -3.487e+04 1 0))
|    ( QUESTION0_9_R 1 -2.912e+05 2.151e+02 1.323e+03
|        ( QUESTION11 1 -8.283e+04 1.960e+02 3.754e+02
|            ( - -4.039e+04 1 0)
|            ( - -4.225e+04 1 0))
|        ( - -2.082e+05 4 0)))
s>    ( QUESTION0_7_R 1 -4.259e+05 3.920e+02 1.932e+03
s>        ( QUESTION14 1 -1.342e+05 2.438e+02 6.085e+02
s>            ( - -9.911e+04 1 0)
s>            ( - -3.487e+04 1 0))
s>        ( QUESTION0_9_R 1 -2.912e+05 2.151e+02 1.323e+03
s>            ( QUESTION11 1 -8.283e+04 1.960e+02 3.754e+02
s>                ( - -4.039e+04 1 0)
s>                ( - -4.225e+04 1 0))
s>            ( - -2.082e+05 4 0)))INFO: dtree.c(1439): stop. leaf nodes are specific
INFO: dtree.c(1478): Final simple tree
|( SILENCE 1 -9.068e+04 2.875e+02 4.163e+02
|    ( - -7.170e+04 1 0)
|    ( - -1.870e+04 1 0))
s>    ( SILENCE 1 -9.068e+04 2.875e+02 4.163e+02
s>        ( - -7.170e+04 1 0)
s>        ( - -1.870e+04 1 0))INFO: dtree.c(1315): Comp split 3
INFO: dtree.c(1439): stop. leaf nodes are specific
INFO: dtree.c(1478): Final simple tree
|( QUESTION11 1 -1.983e+04 9.304e+01 8.704e+01
|    ( QUESTION0_7_R 1 -1.672e+04 9.324e+01 7.286e+01
|        ( - -1.127e+04 1 0)
|        ( - -5.359e+03 1 0))
|    ( - -3.017e+03 1 0))
s>    ( QUESTION11 1 -1.983e+04 9.304e+01 8.704e+01
s>        ( QUESTION0_7_R 1 -1.672e+04 9.324e+01 7.286e+01
s>            ( - -1.127e+04 1 0)
s>            ( - -5.359e+03 1 0))
s>        ( - -3.017e+03 1 0))INFO: dtree.c(1315): Comp split 4
INFO: dtree.c(1439): stop. leaf nodes are specific
INFO: dtree.c(1478): Final simple tree
|( QUESTION0_9_R 1 -2.912e+05 2.151e+02 1.323e+03
|    ( QUESTION11 1 -8.283e+04 1.960e+02 3.754e+02
|        ( - -4.039e+04 1 0)
|        ( - -4.225e+04 1 0))
|    ( - -2.082e+05 4 0))
s>    ( QUESTION0_9_R 1 -2.912e+05 2.151e+02 1.323e+03
s>        ( QUESTION11 1 -8.283e+04 1.960e+02 3.754e+02
s>            ( - -4.039e+04 1 0)
s>            ( - -4.225e+04 1 0))
s>        ( - -2.082e+05 4 0))INFO: dtree.c(1439): stop. leaf nodes are specific
INFO: dtree.c(1478): Final simple tree
|( QUESTION14 1 -1.342e+05 2.438e+02 6.085e+02
|    ( - -9.911e+04 1 0)
|    ( - -3.487e+04 1 0))
s>    ( QUESTION14 1 -1.342e+05 2.438e+02 6.085e+02
s>        ( - -9.911e+04 1 0)
s>        ( - -3.487e+04 1 0))INFO: dtree.c(1315): Comp split 5
INFO: dtree.c(1315): Comp split 6
INFO: dtree.c(1315): Comp split 7
INFO: dtree.c(1439): stop. leaf nodes are specific
INFO: dtree.c(1478): Final simple tree
|( QUESTION11 1 -8.283e+04 1.960e+02 3.754e+02
|    ( - -4.039e+04 1 0)
|    ( - -4.225e+04 1 0))
s>    ( QUESTION11 1 -8.283e+04 1.960e+02 3.754e+02
s>        ( - -4.039e+04 1 0)
s>        ( - -4.225e+04 1 0))INFO: dtree.c(1315): Comp split 8
INFO: dtree.c(1315): Comp split 9
INFO: dtree.c(1439): stop. leaf nodes are specific
INFO: dtree.c(1478): Final simple tree
|( QUESTION0_7_R 1 -1.672e+04 9.324e+01 7.286e+01
|    ( - -1.127e+04 1 0)
|    ( - -5.359e+03 1 0))
s>    ( QUESTION0_7_R 1 -1.672e+04 9.324e+01 7.286e+01
s>        ( - -1.127e+04 1 0)
s>        ( - -5.359e+03 1 0))INFO: dtree.c(1315): Comp split 10
INFO: dtree.c(1315): Comp split 11
INFO: dtree.c(1318): stop. leaf nodes are specific
!!!!!!!!Allocated 67 lines
Wed Apr  6 14:10:33 2016
