Current configuration:
[NAME]		[DEFLT]	[VALUE]
-allphones	no	no
-cntthresh	0.00001	1.000000e-05
-csplitmax	100	2000
-csplitmin	1	1
-csplitthr	8e-4	0.000000e+00
-example	no	no
-fullvar	no	no
-help		no	no
-meanfn			/home/nguyenvanthinh/Desktop/Git/speech recognition  demo/acoustic/model_parameters/digit.cd_cont_untied/means
-mixwfn			/home/nguyenvanthinh/Desktop/Git/speech recognition  demo/acoustic/model_parameters/digit.cd_cont_untied/mixture_weights
-moddeffn		/home/nguyenvanthinh/Desktop/Git/speech recognition  demo/acoustic/model_architecture/digit.untied.mdef
-mwfloor	1e-4	1.000000e-08
-phone			ngz
-psetfn			/home/nguyenvanthinh/Desktop/Git/speech recognition  demo/acoustic/model_architecture/digit.tree_questions
-ssplitmax	5	7
-ssplitmin	1	1
-ssplitthr	8e-4	0.000000e+00
-state			1
-stwt			1.0,0.05,0.0,
-treefn			/home/nguyenvanthinh/Desktop/Git/speech recognition  demo/acoustic/trees/digit.unpruned/ngz-1.dtree
-ts2cbfn	.semi.	.cont.
-varfloor	0.00001	1.000000e-05
-varfn			/home/nguyenvanthinh/Desktop/Git/speech recognition  demo/acoustic/model_parameters/digit.cd_cont_untied/variances

INFO: main.c(223): Reading: /home/nguyenvanthinh/Desktop/Git/speech recognition  demo/acoustic/model_architecture/digit.untied.mdef
INFO: model_def_io.c(573): Model definition info:
INFO: model_def_io.c(574): 326 total models defined (31 base, 295 tri)
INFO: model_def_io.c(575): 1304 total states
INFO: model_def_io.c(576): 978 total tied states
INFO: model_def_io.c(577): 93 total tied CI states
INFO: model_def_io.c(578): 31 total tied transition matrices
INFO: model_def_io.c(579): 4 max state/model
INFO: model_def_io.c(580): 4 min state/model
INFO: main.c(242): Building trees for [ngz i b e] through [ngz oo tr e]
INFO: main.c(269): Covering states |[606 656]| == 51
INFO: main.c(275): Reading: /home/nguyenvanthinh/Desktop/Git/speech recognition  demo/acoustic/model_parameters/digit.cd_cont_untied/mixture_weights
INFO: s3mixw_io.c(173): Read /home/nguyenvanthinh/Desktop/Git/speech recognition  demo/acoustic/model_parameters/digit.cd_cont_untied/mixture_weights [51x1x1 array]
INFO: main.c(311): 17 of 17 models have observation count greater than 0.000010
INFO: main.c(95): nrm stwt: 0.045 0.909 0.045 
INFO: s3gau_io.c(169): Read /home/nguyenvanthinh/Desktop/Git/speech recognition  demo/acoustic/model_parameters/digit.cd_cont_untied/means [978x1x1 array]
INFO: s3gau_io.c(169): Read /home/nguyenvanthinh/Desktop/Git/speech recognition  demo/acoustic/model_parameters/digit.cd_cont_untied/variances [978x1x1 array]
INFO: main.c(549): Reading: /home/nguyenvanthinh/Desktop/Git/speech recognition  demo/acoustic/model_architecture/digit.tree_questions
INFO: main.c(588): 178 total simple questions (170 phone; 8 word bndry)
INFO: main.c(590): 42 Left Only questions, and 40 Right Only questions
INFO: dtree.c(1478): Final simple tree
|( QUESTION2 -1 -3.716e+05 2.728e+03 1.589e+03
|    ( QUESTION0_7_R 1 -2.685e+05 2.019e+03 1.119e+03
|        ( QUESTION14 1 -9.034e+04 7.560e+02 4.052e+02
|            ( - -5.937e+04 1 0)
|            ( - -3.021e+04 1 0))
|        ( QUESTION0_11_R 1 -1.762e+05 1.330e+03 7.134e+02
|            ( - -2.739e+04 1 0)
|            ( SILENCE 1 -1.474e+05 4.786e+02 5.886e+02
|                ( - -1.077e+04 1 0)
|                ( QUESTION11 1 -1.362e+05 3.539e+02 5.532e+02
|                    ( - -2.612e+04 1 0)
|                    ( - -1.097e+05 5 0 QUESTION0_9_R 1 2.142e+02 4.412e+02)))))
|    ( QUESTION0_7_R 1 -1.003e+05 4.507e+02 4.708e+02
|        ( - -3.983e+04 2 0 QUESTION14 1 3.083e+02 1.933e+02)
|        ( - -6.005e+04 5 0 QUESTION0_9_R 1 2.289e+02 2.775e+02)))
s>    ( QUESTION2 -1 -3.716e+05 2.728e+03 1.589e+03
s>        ( QUESTION0_7_R 1 -2.685e+05 2.019e+03 1.119e+03
s>            ( QUESTION14 1 -9.034e+04 7.560e+02 4.052e+02
s>                ( - -5.937e+04 1 0)
s>                ( - -3.021e+04 1 0))
s>            ( QUESTION0_11_R 1 -1.762e+05 1.330e+03 7.134e+02
s>                ( - -2.739e+04 1 0)
s>                ( SILENCE 1 -1.474e+05 4.786e+02 5.886e+02
s>                    ( - -1.077e+04 1 0)
s>                    ( QUESTION11 1 -1.362e+05 3.539e+02 5.532e+02
s>                        ( - -2.612e+04 1 0)
s>                        ( - -1.097e+05 5 0 QUESTION0_9_R 1 2.142e+02 4.412e+02)))))
s>        ( QUESTION0_7_R 1 -1.003e+05 4.507e+02 4.708e+02
s>            ( - -3.983e+04 2 0 QUESTION14 1 3.083e+02 1.933e+02)
s>            ( - -6.005e+04 5 0 QUESTION0_9_R 1 2.289e+02 2.775e+02)))INFO: dtree.c(1315): Comp split 0
INFO: dtree.c(1439): stop. leaf nodes are specific
INFO: dtree.c(1478): Final simple tree
|( QUESTION0_6_R 1 -1.290e+05 1.294e+03 5.955e+02
|    ( QUESTION0_7_R 1 -1.003e+05 4.507e+02 4.708e+02
|        ( QUESTION14 1 -3.983e+04 3.083e+02 1.933e+02
|            ( - -2.648e+04 1 0)
|            ( - -1.305e+04 1 0))
|        ( QUESTION0_9_R 1 -6.005e+04 2.289e+02 2.775e+02
|            ( QUESTION11 1 -1.638e+04 1.430e+02 7.721e+01
|                ( - -1.175e+04 1 0)
|                ( - -4.490e+03 1 0))
|            ( - -4.344e+04 3 0)))
|    ( - -2.739e+04 1 0))
s>    ( QUESTION0_6_R 1 -1.290e+05 1.294e+03 5.955e+02
s>        ( QUESTION0_7_R 1 -1.003e+05 4.507e+02 4.708e+02
s>            ( QUESTION14 1 -3.983e+04 3.083e+02 1.933e+02
s>                ( - -2.648e+04 1 0)
s>                ( - -1.305e+04 1 0))
s>            ( QUESTION0_9_R 1 -6.005e+04 2.289e+02 2.775e+02
s>                ( QUESTION11 1 -1.638e+04 1.430e+02 7.721e+01
s>                    ( - -1.175e+04 1 0)
s>                    ( - -4.490e+03 1 0))
s>                ( - -4.344e+04 3 0)))
s>        ( - -2.739e+04 1 0))INFO: dtree.c(1439): stop. leaf nodes are specific
INFO: dtree.c(1478): Final simple tree
|( QUESTION0_7_R 1 -2.396e+05 1.855e+03 9.939e+02
|    ( QUESTION14 1 -9.034e+04 7.560e+02 4.052e+02
|        ( - -5.937e+04 1 0)
|        ( - -3.021e+04 1 0))
|    ( SILENCE 1 -1.474e+05 4.786e+02 5.886e+02
|        ( - -1.077e+04 1 0)
|        ( QUESTION11 1 -1.362e+05 3.539e+02 5.532e+02
|            ( - -2.612e+04 1 0)
|            ( QUESTION0_9_R 1 -1.097e+05 2.142e+02 4.412e+02
|                ( - -2.045e+04 1 0)
|                ( - -8.906e+04 4 0)))))
s>    ( QUESTION0_7_R 1 -2.396e+05 1.855e+03 9.939e+02
s>        ( QUESTION14 1 -9.034e+04 7.560e+02 4.052e+02
s>            ( - -5.937e+04 1 0)
s>            ( - -3.021e+04 1 0))
s>        ( SILENCE 1 -1.474e+05 4.786e+02 5.886e+02
s>            ( - -1.077e+04 1 0)
s>            ( QUESTION11 1 -1.362e+05 3.539e+02 5.532e+02
s>                ( - -2.612e+04 1 0)
s>                ( QUESTION0_9_R 1 -1.097e+05 2.142e+02 4.412e+02
s>                    ( - -2.045e+04 1 0)
s>                    ( - -8.906e+04 4 0)))))INFO: dtree.c(1315): Comp split 1
INFO: dtree.c(1439): stop. leaf nodes are specific
INFO: dtree.c(1478): Final simple tree
|( SILENCE 1 -1.474e+05 4.786e+02 5.886e+02
|    ( - -1.077e+04 1 0)
|    ( QUESTION11 1 -1.362e+05 3.539e+02 5.532e+02
|        ( - -2.612e+04 1 0)
|        ( QUESTION0_9_R 1 -1.097e+05 2.142e+02 4.412e+02
|            ( - -2.045e+04 1 0)
|            ( - -8.906e+04 4 0))))
s>    ( SILENCE 1 -1.474e+05 4.786e+02 5.886e+02
s>        ( - -1.077e+04 1 0)
s>        ( QUESTION11 1 -1.362e+05 3.539e+02 5.532e+02
s>            ( - -2.612e+04 1 0)
s>            ( QUESTION0_9_R 1 -1.097e+05 2.142e+02 4.412e+02
s>                ( - -2.045e+04 1 0)
s>                ( - -8.906e+04 4 0))))INFO: dtree.c(1439): stop. leaf nodes are specific
INFO: dtree.c(1478): Final simple tree
|( QUESTION14 1 -9.034e+04 7.560e+02 4.052e+02
|    ( - -5.937e+04 1 0)
|    ( - -3.021e+04 1 0))
s>    ( QUESTION14 1 -9.034e+04 7.560e+02 4.052e+02
s>        ( - -5.937e+04 1 0)
s>        ( - -3.021e+04 1 0))INFO: dtree.c(1315): Comp split 2
INFO: dtree.c(1439): stop. leaf nodes are specific
INFO: dtree.c(1478): Final simple tree
|( QUESTION0_7_R 1 -1.003e+05 4.507e+02 4.708e+02
|    ( QUESTION14 1 -3.983e+04 3.083e+02 1.933e+02
|        ( - -2.648e+04 1 0)
|        ( - -1.305e+04 1 0))
|    ( QUESTION0_9_R 1 -6.005e+04 2.289e+02 2.775e+02
|        ( QUESTION11 1 -1.638e+04 1.430e+02 7.721e+01
|            ( - -1.175e+04 1 0)
|            ( - -4.490e+03 1 0))
|        ( - -4.344e+04 3 0)))
s>    ( QUESTION0_7_R 1 -1.003e+05 4.507e+02 4.708e+02
s>        ( QUESTION14 1 -3.983e+04 3.083e+02 1.933e+02
s>            ( - -2.648e+04 1 0)
s>            ( - -1.305e+04 1 0))
s>        ( QUESTION0_9_R 1 -6.005e+04 2.289e+02 2.775e+02
s>            ( QUESTION11 1 -1.638e+04 1.430e+02 7.721e+01
s>                ( - -1.175e+04 1 0)
s>                ( - -4.490e+03 1 0))
s>            ( - -4.344e+04 3 0)))INFO: dtree.c(1315): Comp split 3
INFO: dtree.c(1315): Comp split 4
INFO: dtree.c(1439): stop. leaf nodes are specific
INFO: dtree.c(1478): Final simple tree
|( QUESTION11 1 -1.362e+05 3.539e+02 5.532e+02
|    ( - -2.612e+04 1 0)
|    ( QUESTION0_9_R 1 -1.097e+05 2.142e+02 4.412e+02
|        ( - -2.045e+04 1 0)
|        ( - -8.906e+04 4 0)))
s>    ( QUESTION11 1 -1.362e+05 3.539e+02 5.532e+02
s>        ( - -2.612e+04 1 0)
s>        ( QUESTION0_9_R 1 -1.097e+05 2.142e+02 4.412e+02
s>            ( - -2.045e+04 1 0)
s>            ( - -8.906e+04 4 0)))INFO: dtree.c(1315): Comp split 5
INFO: dtree.c(1439): stop. leaf nodes are specific
INFO: dtree.c(1478): Final simple tree
|( QUESTION0_9_R 1 -6.005e+04 2.289e+02 2.775e+02
|    ( QUESTION11 1 -1.638e+04 1.430e+02 7.721e+01
|        ( - -1.175e+04 1 0)
|        ( - -4.490e+03 1 0))
|    ( - -4.344e+04 3 0))
s>    ( QUESTION0_9_R 1 -6.005e+04 2.289e+02 2.775e+02
s>        ( QUESTION11 1 -1.638e+04 1.430e+02 7.721e+01
s>            ( - -1.175e+04 1 0)
s>            ( - -4.490e+03 1 0))
s>        ( - -4.344e+04 3 0))INFO: dtree.c(1439): stop. leaf nodes are specific
INFO: dtree.c(1478): Final simple tree
|( QUESTION14 1 -3.983e+04 3.083e+02 1.933e+02
|    ( - -2.648e+04 1 0)
|    ( - -1.305e+04 1 0))
s>    ( QUESTION14 1 -3.983e+04 3.083e+02 1.933e+02
s>        ( - -2.648e+04 1 0)
s>        ( - -1.305e+04 1 0))INFO: dtree.c(1315): Comp split 6
INFO: dtree.c(1439): stop. leaf nodes are specific
INFO: dtree.c(1478): Final simple tree
|( QUESTION0_9_R 1 -1.097e+05 2.142e+02 4.412e+02
|    ( - -2.045e+04 1 0)
|    ( - -8.906e+04 4 0))
s>    ( QUESTION0_9_R 1 -1.097e+05 2.142e+02 4.412e+02
s>        ( - -2.045e+04 1 0)
s>        ( - -8.906e+04 4 0))INFO: dtree.c(1315): Comp split 7
INFO: dtree.c(1315): Comp split 8
INFO: dtree.c(1439): stop. leaf nodes are specific
INFO: dtree.c(1478): Final simple tree
|( QUESTION11 1 -1.638e+04 1.430e+02 7.721e+01
|    ( - -1.175e+04 1 0)
|    ( - -4.490e+03 1 0))
s>    ( QUESTION11 1 -1.638e+04 1.430e+02 7.721e+01
s>        ( - -1.175e+04 1 0)
s>        ( - -4.490e+03 1 0))INFO: dtree.c(1315): Comp split 9
INFO: dtree.c(1315): Comp split 10
INFO: dtree.c(1315): Comp split 11
INFO: dtree.c(1318): stop. leaf nodes are specific
!!!!!!!!Allocated 67 lines
Wed Apr  6 14:10:33 2016
