Current configuration:
[NAME]		[DEFLT]	[VALUE]
-allphones	no	no
-cntthresh	0.00001	1.000000e-05
-csplitmax	100	2000
-csplitmin	1	1
-csplitthr	8e-4	0.000000e+00
-example	no	no
-fullvar	no	no
-help		no	no
-meanfn			/home/nguyenvanthinh/Desktop/Git/speech recognition  demo/acoustic/model_parameters/digit.cd_cont_untied/means
-mixwfn			/home/nguyenvanthinh/Desktop/Git/speech recognition  demo/acoustic/model_parameters/digit.cd_cont_untied/mixture_weights
-moddeffn		/home/nguyenvanthinh/Desktop/Git/speech recognition  demo/acoustic/model_architecture/digit.untied.mdef
-mwfloor	1e-4	1.000000e-08
-phone			mz
-psetfn			/home/nguyenvanthinh/Desktop/Git/speech recognition  demo/acoustic/model_architecture/digit.tree_questions
-ssplitmax	5	7
-ssplitmin	1	1
-ssplitthr	8e-4	0.000000e+00
-state			0
-stwt			1.0,0.05,0.0,
-treefn			/home/nguyenvanthinh/Desktop/Git/speech recognition  demo/acoustic/trees/digit.unpruned/mz-0.dtree
-ts2cbfn	.semi.	.cont.
-varfloor	0.00001	1.000000e-05
-varfn			/home/nguyenvanthinh/Desktop/Git/speech recognition  demo/acoustic/model_parameters/digit.cd_cont_untied/variances

INFO: main.c(223): Reading: /home/nguyenvanthinh/Desktop/Git/speech recognition  demo/acoustic/model_architecture/digit.untied.mdef
INFO: model_def_io.c(573): Model definition info:
INFO: model_def_io.c(574): 326 total models defined (31 base, 295 tri)
INFO: model_def_io.c(575): 1304 total states
INFO: model_def_io.c(576): 978 total tied states
INFO: model_def_io.c(577): 93 total tied CI states
INFO: model_def_io.c(578): 31 total tied transition matrices
INFO: model_def_io.c(579): 4 max state/model
INFO: model_def_io.c(580): 4 min state/model
INFO: main.c(242): Building trees for [mz as SIL e] through [mz aw tr e]
INFO: main.c(269): Covering states |[489 557]| == 69
INFO: main.c(275): Reading: /home/nguyenvanthinh/Desktop/Git/speech recognition  demo/acoustic/model_parameters/digit.cd_cont_untied/mixture_weights
INFO: s3mixw_io.c(173): Read /home/nguyenvanthinh/Desktop/Git/speech recognition  demo/acoustic/model_parameters/digit.cd_cont_untied/mixture_weights [69x1x1 array]
INFO: main.c(311): 23 of 23 models have observation count greater than 0.000010
INFO: main.c(95): nrm stwt: 0.952 0.048 0.000 
INFO: s3gau_io.c(169): Read /home/nguyenvanthinh/Desktop/Git/speech recognition  demo/acoustic/model_parameters/digit.cd_cont_untied/means [978x1x1 array]
INFO: s3gau_io.c(169): Read /home/nguyenvanthinh/Desktop/Git/speech recognition  demo/acoustic/model_parameters/digit.cd_cont_untied/variances [978x1x1 array]
INFO: main.c(549): Reading: /home/nguyenvanthinh/Desktop/Git/speech recognition  demo/acoustic/model_architecture/digit.tree_questions
INFO: main.c(588): 178 total simple questions (170 phone; 8 word bndry)
INFO: main.c(590): 42 Left Only questions, and 40 Right Only questions
INFO: dtree.c(1478): Final simple tree
|( QUESTION11 -1 -1.490e+06 1.871e+04 6.913e+03
|    ( QUESTION0_13_R 1 -1.223e+06 2.196e+03 5.804e+03
|        ( QUESTION0_17_R 1 -1.255e+05 1.013e+03 6.128e+02
|            ( - -6.129e+04 1 0)
|            ( - -6.323e+04 1 0))
|        ( SILENCE 1 -1.095e+06 1.041e+03 5.191e+03
|            ( - -3.274e+04 1 0)
|            ( QUESTION0_6_R 1 -1.061e+06 9.328e+02 5.030e+03
|                ( - -9.956e+05 8 0 QUESTION0_10_R 1 5.264e+02 4.713e+03)
|                ( - -6.448e+04 1 0))))
|    ( QUESTION0_11_R 1 -2.487e+05 1.187e+03 1.109e+03
|        ( QUESTION0_17_R 1 -4.781e+04 7.971e+02 2.238e+02
|            ( - -1.224e+04 1 0)
|            ( - -3.477e+04 1 0))
|        ( - -1.997e+05 9 0 QUESTION0_7_R 1 4.855e+02 8.855e+02)))
s>    ( QUESTION11 -1 -1.490e+06 1.871e+04 6.913e+03
s>        ( QUESTION0_13_R 1 -1.223e+06 2.196e+03 5.804e+03
s>            ( QUESTION0_17_R 1 -1.255e+05 1.013e+03 6.128e+02
s>                ( - -6.129e+04 1 0)
s>                ( - -6.323e+04 1 0))
s>            ( SILENCE 1 -1.095e+06 1.041e+03 5.191e+03
s>                ( - -3.274e+04 1 0)
s>                ( QUESTION0_6_R 1 -1.061e+06 9.328e+02 5.030e+03
s>                    ( - -9.956e+05 8 0 QUESTION0_10_R 1 5.264e+02 4.713e+03)
s>                    ( - -6.448e+04 1 0))))
s>        ( QUESTION0_11_R 1 -2.487e+05 1.187e+03 1.109e+03
s>            ( QUESTION0_17_R 1 -4.781e+04 7.971e+02 2.238e+02
s>                ( - -1.224e+04 1 0)
s>                ( - -3.477e+04 1 0))
s>            ( - -1.997e+05 9 0 QUESTION0_7_R 1 4.855e+02 8.855e+02)))INFO: dtree.c(1315): Comp split 0
INFO: dtree.c(1478): Final simple tree
|( QUESTION0_13_R 1 -1.223e+06 2.196e+03 5.804e+03
|    ( QUESTION0_17_R 1 -1.255e+05 1.013e+03 6.128e+02
|        ( - -6.129e+04 1 0)
|        ( - -6.323e+04 1 0))
|    ( SILENCE 1 -1.095e+06 1.041e+03 5.191e+03
|        ( - -3.274e+04 1 0)
|        ( QUESTION0_6_R 1 -1.061e+06 9.328e+02 5.030e+03
|            ( QUESTION0_10_R 1 -9.956e+05 5.264e+02 4.713e+03
|                ( - -3.649e+05 4 0)
|                ( QUESTION15 1 -6.302e+05 5.029e+02 2.973e+03
|                    ( - -1.220e+05 1 0)
|                    ( QUESTION0_7_R 1 -5.076e+05 3.188e+02 2.389e+03
|                        ( - -3.237e+05 1 0)
|                        ( - -1.836e+05 2 0 QUESTION11 1 1.696e+02 8.632e+02))))
|            ( - -6.448e+04 1 0))))
s>    ( QUESTION0_13_R 1 -1.223e+06 2.196e+03 5.804e+03
s>        ( QUESTION0_17_R 1 -1.255e+05 1.013e+03 6.128e+02
s>            ( - -6.129e+04 1 0)
s>            ( - -6.323e+04 1 0))
s>        ( SILENCE 1 -1.095e+06 1.041e+03 5.191e+03
s>            ( - -3.274e+04 1 0)
s>            ( QUESTION0_6_R 1 -1.061e+06 9.328e+02 5.030e+03
s>                ( QUESTION0_10_R 1 -9.956e+05 5.264e+02 4.713e+03
s>                    ( - -3.649e+05 4 0)
s>                    ( QUESTION15 1 -6.302e+05 5.029e+02 2.973e+03
s>                        ( - -1.220e+05 1 0)
s>                        ( QUESTION0_7_R 1 -5.076e+05 3.188e+02 2.389e+03
s>                            ( - -3.237e+05 1 0)
s>                            ( - -1.836e+05 2 0 QUESTION11 1 1.696e+02 8.632e+02))))
s>                ( - -6.448e+04 1 0))))INFO: dtree.c(1478): Final simple tree
|( QUESTION0_11_R 1 -2.487e+05 1.187e+03 1.109e+03
|    ( QUESTION0_17_R 1 -4.781e+04 7.971e+02 2.238e+02
|        ( - -1.224e+04 1 0)
|        ( - -3.477e+04 1 0))
|    ( QUESTION0_7_R 1 -1.997e+05 4.855e+02 8.855e+02
|        ( QUESTION14 1 -6.717e+04 1.076e+02 3.003e+02
|            ( - -4.853e+04 1 0)
|            ( - -1.853e+04 1 0))
|        ( QUESTION20 1 -1.320e+05 1.827e+02 5.852e+02
|            ( QUESTION0_9_R 1 -1.089e+05 1.762e+02 4.827e+02
|                ( - -1.830e+04 1 0)
|                ( - -9.041e+04 4 0))
|            ( SILENCE 1 -2.297e+04 1.204e+02 1.025e+02
|                ( - -9.081e+03 1 0)
|                ( - -1.377e+04 1 0)))))
s>    ( QUESTION0_11_R 1 -2.487e+05 1.187e+03 1.109e+03
s>        ( QUESTION0_17_R 1 -4.781e+04 7.971e+02 2.238e+02
s>            ( - -1.224e+04 1 0)
s>            ( - -3.477e+04 1 0))
s>        ( QUESTION0_7_R 1 -1.997e+05 4.855e+02 8.855e+02
s>            ( QUESTION14 1 -6.717e+04 1.076e+02 3.003e+02
s>                ( - -4.853e+04 1 0)
s>                ( - -1.853e+04 1 0))
s>            ( QUESTION20 1 -1.320e+05 1.827e+02 5.852e+02
s>                ( QUESTION0_9_R 1 -1.089e+05 1.762e+02 4.827e+02
s>                    ( - -1.830e+04 1 0)
s>                    ( - -9.041e+04 4 0))
s>                ( SILENCE 1 -2.297e+04 1.204e+02 1.025e+02
s>                    ( - -9.081e+03 1 0)
s>                    ( - -1.377e+04 1 0)))))INFO: dtree.c(1315): Comp split 1
INFO: dtree.c(1439): stop. leaf nodes are specific
INFO: dtree.c(1478): Final simple tree
|( SILENCE 1 -1.095e+06 1.041e+03 5.191e+03
|    ( - -3.274e+04 1 0)
|    ( QUESTION0_6_R 1 -1.061e+06 9.328e+02 5.030e+03
|        ( QUESTION0_10_R 1 -9.956e+05 5.264e+02 4.713e+03
|            ( - -3.649e+05 4 0)
|            ( QUESTION15 1 -6.302e+05 5.029e+02 2.973e+03
|                ( - -1.220e+05 1 0)
|                ( QUESTION0_7_R 1 -5.076e+05 3.188e+02 2.389e+03
|                    ( - -3.237e+05 1 0)
|                    ( QUESTION11 1 -1.836e+05 1.696e+02 8.632e+02
|                        ( - -9.293e+04 1 0)
|                        ( - -9.055e+04 1 0)))))
|        ( - -6.448e+04 1 0)))
s>    ( SILENCE 1 -1.095e+06 1.041e+03 5.191e+03
s>        ( - -3.274e+04 1 0)
s>        ( QUESTION0_6_R 1 -1.061e+06 9.328e+02 5.030e+03
s>            ( QUESTION0_10_R 1 -9.956e+05 5.264e+02 4.713e+03
s>                ( - -3.649e+05 4 0)
s>                ( QUESTION15 1 -6.302e+05 5.029e+02 2.973e+03
s>                    ( - -1.220e+05 1 0)
s>                    ( QUESTION0_7_R 1 -5.076e+05 3.188e+02 2.389e+03
s>                        ( - -3.237e+05 1 0)
s>                        ( QUESTION11 1 -1.836e+05 1.696e+02 8.632e+02
s>                            ( - -9.293e+04 1 0)
s>                            ( - -9.055e+04 1 0)))))
s>            ( - -6.448e+04 1 0)))INFO: dtree.c(1439): stop. leaf nodes are specific
INFO: dtree.c(1478): Final simple tree
|( QUESTION0_17_R 1 -1.255e+05 1.013e+03 6.128e+02
|    ( - -6.129e+04 1 0)
|    ( - -6.323e+04 1 0))
s>    ( QUESTION0_17_R 1 -1.255e+05 1.013e+03 6.128e+02
s>        ( - -6.129e+04 1 0)
s>        ( - -6.323e+04 1 0))INFO: dtree.c(1315): Comp split 2
INFO: dtree.c(1439): stop. leaf nodes are specific
INFO: dtree.c(1478): Final simple tree
|( QUESTION0_7_R 1 -1.997e+05 4.855e+02 8.855e+02
|    ( QUESTION14 1 -6.717e+04 1.076e+02 3.003e+02
|        ( - -4.853e+04 1 0)
|        ( - -1.853e+04 1 0))
|    ( QUESTION20 1 -1.320e+05 1.827e+02 5.852e+02
|        ( QUESTION0_9_R 1 -1.089e+05 1.762e+02 4.827e+02
|            ( - -1.830e+04 1 0)
|            ( - -9.041e+04 4 0))
|        ( SILENCE 1 -2.297e+04 1.204e+02 1.025e+02
|            ( - -9.081e+03 1 0)
|            ( - -1.377e+04 1 0))))
s>    ( QUESTION0_7_R 1 -1.997e+05 4.855e+02 8.855e+02
s>        ( QUESTION14 1 -6.717e+04 1.076e+02 3.003e+02
s>            ( - -4.853e+04 1 0)
s>            ( - -1.853e+04 1 0))
s>        ( QUESTION20 1 -1.320e+05 1.827e+02 5.852e+02
s>            ( QUESTION0_9_R 1 -1.089e+05 1.762e+02 4.827e+02
s>                ( - -1.830e+04 1 0)
s>                ( - -9.041e+04 4 0))
s>            ( SILENCE 1 -2.297e+04 1.204e+02 1.025e+02
s>                ( - -9.081e+03 1 0)
s>                ( - -1.377e+04 1 0))))INFO: dtree.c(1439): stop. leaf nodes are specific
INFO: dtree.c(1478): Final simple tree
|( QUESTION0_17_R 1 -4.781e+04 7.971e+02 2.238e+02
|    ( - -1.224e+04 1 0)
|    ( - -3.477e+04 1 0))
s>    ( QUESTION0_17_R 1 -4.781e+04 7.971e+02 2.238e+02
s>        ( - -1.224e+04 1 0)
s>        ( - -3.477e+04 1 0))INFO: dtree.c(1315): Comp split 3
INFO: dtree.c(1439): stop. leaf nodes are specific
INFO: dtree.c(1478): Final simple tree
|( QUESTION0_6_R 1 -1.061e+06 9.328e+02 5.030e+03
|    ( QUESTION0_10_R 1 -9.956e+05 5.264e+02 4.713e+03
|        ( - -3.649e+05 4 0)
|        ( QUESTION15 1 -6.302e+05 5.029e+02 2.973e+03
|            ( - -1.220e+05 1 0)
|            ( QUESTION0_7_R 1 -5.076e+05 3.188e+02 2.389e+03
|                ( - -3.237e+05 1 0)
|                ( QUESTION11 1 -1.836e+05 1.696e+02 8.632e+02
|                    ( - -9.293e+04 1 0)
|                    ( - -9.055e+04 1 0)))))
|    ( - -6.448e+04 1 0))
s>    ( QUESTION0_6_R 1 -1.061e+06 9.328e+02 5.030e+03
s>        ( QUESTION0_10_R 1 -9.956e+05 5.264e+02 4.713e+03
s>            ( - -3.649e+05 4 0)
s>            ( QUESTION15 1 -6.302e+05 5.029e+02 2.973e+03
s>                ( - -1.220e+05 1 0)
s>                ( QUESTION0_7_R 1 -5.076e+05 3.188e+02 2.389e+03
s>                    ( - -3.237e+05 1 0)
s>                    ( QUESTION11 1 -1.836e+05 1.696e+02 8.632e+02
s>                        ( - -9.293e+04 1 0)
s>                        ( - -9.055e+04 1 0)))))
s>        ( - -6.448e+04 1 0))INFO: dtree.c(1315): Comp split 4
INFO: dtree.c(1315): Comp split 5
INFO: dtree.c(1439): stop. leaf nodes are specific
INFO: dtree.c(1478): Final simple tree
|( QUESTION0_10_R 1 -9.956e+05 5.264e+02 4.713e+03
|    ( - -3.649e+05 4 0)
|    ( QUESTION15 1 -6.302e+05 5.029e+02 2.973e+03
|        ( - -1.220e+05 1 0)
|        ( QUESTION0_7_R 1 -5.076e+05 3.188e+02 2.389e+03
|            ( - -3.237e+05 1 0)
|            ( QUESTION11 1 -1.836e+05 1.696e+02 8.632e+02
|                ( - -9.293e+04 1 0)
|                ( - -9.055e+04 1 0)))))
s>    ( QUESTION0_10_R 1 -9.956e+05 5.264e+02 4.713e+03
s>        ( - -3.649e+05 4 0)
s>        ( QUESTION15 1 -6.302e+05 5.029e+02 2.973e+03
s>            ( - -1.220e+05 1 0)
s>            ( QUESTION0_7_R 1 -5.076e+05 3.188e+02 2.389e+03
s>                ( - -3.237e+05 1 0)
s>                ( QUESTION11 1 -1.836e+05 1.696e+02 8.632e+02
s>                    ( - -9.293e+04 1 0)
s>                    ( - -9.055e+04 1 0)))))INFO: dtree.c(1315): Comp split 6
INFO: dtree.c(1315): Comp split 7
INFO: dtree.c(1439): stop. leaf nodes are specific
INFO: dtree.c(1478): Final simple tree
|( QUESTION0_7_R 1 -5.076e+05 3.188e+02 2.389e+03
|    ( - -3.237e+05 1 0)
|    ( QUESTION11 1 -1.836e+05 1.696e+02 8.632e+02
|        ( - -9.293e+04 1 0)
|        ( - -9.055e+04 1 0)))
s>    ( QUESTION0_7_R 1 -5.076e+05 3.188e+02 2.389e+03
s>        ( - -3.237e+05 1 0)
s>        ( QUESTION11 1 -1.836e+05 1.696e+02 8.632e+02
s>            ( - -9.293e+04 1 0)
s>            ( - -9.055e+04 1 0)))INFO: dtree.c(1439): stop. leaf nodes are specific
INFO: dtree.c(1478): Final simple tree
|( QUESTION0_7_R 1 -4.872e+05 3.164e+02 2.324e+03
|    ( - -1.220e+05 1 0)
|    ( - -3.649e+05 4 0))
s>    ( QUESTION0_7_R 1 -4.872e+05 3.164e+02 2.324e+03
s>        ( - -1.220e+05 1 0)
s>        ( - -3.649e+05 4 0))INFO: dtree.c(1315): Comp split 8
INFO: dtree.c(1439): stop. leaf nodes are specific
INFO: dtree.c(1478): Final simple tree
|( QUESTION0_10_R 1 -1.136e+05 1.803e+02 5.034e+02
|    ( - -9.041e+04 4 0)
|    ( SILENCE 1 -2.297e+04 1.204e+02 1.025e+02
|        ( - -9.081e+03 1 0)
|        ( - -1.377e+04 1 0)))
s>    ( QUESTION0_10_R 1 -1.136e+05 1.803e+02 5.034e+02
s>        ( - -9.041e+04 4 0)
s>        ( SILENCE 1 -2.297e+04 1.204e+02 1.025e+02
s>            ( - -9.081e+03 1 0)
s>            ( - -1.377e+04 1 0)))INFO: dtree.c(1439): stop. leaf nodes are specific
INFO: dtree.c(1478): Final simple tree
|( QUESTION0_7_R 1 -8.561e+04 1.449e+02 3.821e+02
|    ( QUESTION14 1 -6.717e+04 1.076e+02 3.003e+02
|        ( - -4.853e+04 1 0)
|        ( - -1.853e+04 1 0))
|    ( - -1.830e+04 1 0))
s>    ( QUESTION0_7_R 1 -8.561e+04 1.449e+02 3.821e+02
s>        ( QUESTION14 1 -6.717e+04 1.076e+02 3.003e+02
s>            ( - -4.853e+04 1 0)
s>            ( - -1.853e+04 1 0))
s>        ( - -1.830e+04 1 0))INFO: dtree.c(1315): Comp split 9
INFO: dtree.c(1439): stop. leaf nodes are specific
INFO: dtree.c(1478): Final simple tree
|( QUESTION11 1 -1.836e+05 1.696e+02 8.632e+02
|    ( - -9.293e+04 1 0)
|    ( - -9.055e+04 1 0))
s>    ( QUESTION11 1 -1.836e+05 1.696e+02 8.632e+02
s>        ( - -9.293e+04 1 0)
s>        ( - -9.055e+04 1 0))INFO: dtree.c(1315): Comp split 10
INFO: dtree.c(1315): Comp split 11
INFO: dtree.c(1439): stop. leaf nodes are specific
INFO: dtree.c(1478): Final simple tree
|( SILENCE 1 -2.297e+04 1.204e+02 1.025e+02
|    ( - -9.081e+03 1 0)
|    ( - -1.377e+04 1 0))
s>    ( SILENCE 1 -2.297e+04 1.204e+02 1.025e+02
s>        ( - -9.081e+03 1 0)
s>        ( - -1.377e+04 1 0))INFO: dtree.c(1315): Comp split 12
INFO: dtree.c(1315): Comp split 13
INFO: dtree.c(1439): stop. leaf nodes are specific
INFO: dtree.c(1478): Final simple tree
|( QUESTION14 1 -6.717e+04 1.076e+02 3.003e+02
|    ( - -4.853e+04 1 0)
|    ( - -1.853e+04 1 0))
s>    ( QUESTION14 1 -6.717e+04 1.076e+02 3.003e+02
s>        ( - -4.853e+04 1 0)
s>        ( - -1.853e+04 1 0))INFO: dtree.c(1315): Comp split 14
INFO: dtree.c(1315): Comp split 15
INFO: dtree.c(1315): Comp split 16
INFO: dtree.c(1318): stop. leaf nodes are specific
!!!!!!!!Allocated 67 lines
Wed Apr  6 14:10:35 2016
