Current configuration:
[NAME]		[DEFLT]	[VALUE]
-allphones	no	no
-cntthresh	0.00001	1.000000e-05
-csplitmax	100	2000
-csplitmin	1	1
-csplitthr	8e-4	0.000000e+00
-example	no	no
-fullvar	no	no
-help		no	no
-meanfn			/home/nguyenvanthinh/Desktop/Git/speech recognition  demo/acoustic/model_parameters/digit.cd_cont_untied/means
-mixwfn			/home/nguyenvanthinh/Desktop/Git/speech recognition  demo/acoustic/model_parameters/digit.cd_cont_untied/mixture_weights
-moddeffn		/home/nguyenvanthinh/Desktop/Git/speech recognition  demo/acoustic/model_architecture/digit.untied.mdef
-mwfloor	1e-4	1.000000e-08
-phone			mz
-psetfn			/home/nguyenvanthinh/Desktop/Git/speech recognition  demo/acoustic/model_architecture/digit.tree_questions
-ssplitmax	5	7
-ssplitmin	1	1
-ssplitthr	8e-4	0.000000e+00
-state			2
-stwt			1.0,0.05,0.0,
-treefn			/home/nguyenvanthinh/Desktop/Git/speech recognition  demo/acoustic/trees/digit.unpruned/mz-2.dtree
-ts2cbfn	.semi.	.cont.
-varfloor	0.00001	1.000000e-05
-varfn			/home/nguyenvanthinh/Desktop/Git/speech recognition  demo/acoustic/model_parameters/digit.cd_cont_untied/variances

INFO: main.c(223): Reading: /home/nguyenvanthinh/Desktop/Git/speech recognition  demo/acoustic/model_architecture/digit.untied.mdef
INFO: model_def_io.c(573): Model definition info:
INFO: model_def_io.c(574): 326 total models defined (31 base, 295 tri)
INFO: model_def_io.c(575): 1304 total states
INFO: model_def_io.c(576): 978 total tied states
INFO: model_def_io.c(577): 93 total tied CI states
INFO: model_def_io.c(578): 31 total tied transition matrices
INFO: model_def_io.c(579): 4 max state/model
INFO: model_def_io.c(580): 4 min state/model
INFO: main.c(242): Building trees for [mz as SIL e] through [mz aw tr e]
INFO: main.c(269): Covering states |[489 557]| == 69
INFO: main.c(275): Reading: /home/nguyenvanthinh/Desktop/Git/speech recognition  demo/acoustic/model_parameters/digit.cd_cont_untied/mixture_weights
INFO: s3mixw_io.c(173): Read /home/nguyenvanthinh/Desktop/Git/speech recognition  demo/acoustic/model_parameters/digit.cd_cont_untied/mixture_weights [69x1x1 array]
INFO: main.c(311): 23 of 23 models have observation count greater than 0.000010
INFO: main.c(95): nrm stwt: 0.000 0.048 0.952 
INFO: s3gau_io.c(169): Read /home/nguyenvanthinh/Desktop/Git/speech recognition  demo/acoustic/model_parameters/digit.cd_cont_untied/means [978x1x1 array]
INFO: s3gau_io.c(169): Read /home/nguyenvanthinh/Desktop/Git/speech recognition  demo/acoustic/model_parameters/digit.cd_cont_untied/variances [978x1x1 array]
INFO: main.c(549): Reading: /home/nguyenvanthinh/Desktop/Git/speech recognition  demo/acoustic/model_architecture/digit.tree_questions
INFO: main.c(588): 178 total simple questions (170 phone; 8 word bndry)
INFO: main.c(590): 42 Left Only questions, and 40 Right Only questions
INFO: dtree.c(1478): Final simple tree
|( QUESTION0_7_R 1 -2.888e+06 1.391e+04 1.313e+04
|    ( QUESTION11 -1 -1.110e+06 2.460e+03 5.172e+03
|        ( QUESTION14 1 -9.074e+05 2.031e+03 4.244e+03
|            ( - -7.425e+05 1 0)
|            ( - -1.629e+05 1 0))
|        ( - -1.998e+05 2 0 QUESTION14 1 7.571e+02 9.285e+02))
|    ( QUESTION11 -1 -1.765e+06 6.243e+03 7.956e+03
|        ( SILENCE 1 -1.264e+06 3.533e+03 5.725e+03
|            ( - -8.237e+04 1 0)
|            ( QUESTION0_6_R 1 -1.178e+06 3.082e+03 5.340e+03
|                ( - -9.911e+05 6 0 QUESTION0_9_R 1 1.408e+03 4.495e+03)
|                ( - -1.843e+05 3 0 QUESTION0_19_R 1 1.679e+03 8.450e+02)))
|        ( QUESTION0_11_R 1 -4.943e+05 2.804e+03 2.231e+03
|            ( - -8.261e+04 2 0 QUESTION0_17_R 1 9.359e+02 3.844e+02)
|            ( - -4.089e+05 7 0 SILENCE 1 9.419e+02 1.847e+03))))
s>    ( QUESTION0_7_R 1 -2.888e+06 1.391e+04 1.313e+04
s>        ( QUESTION11 -1 -1.110e+06 2.460e+03 5.172e+03
s>            ( QUESTION14 1 -9.074e+05 2.031e+03 4.244e+03
s>                ( - -7.425e+05 1 0)
s>                ( - -1.629e+05 1 0))
s>            ( - -1.998e+05 2 0 QUESTION14 1 7.571e+02 9.285e+02))
s>        ( QUESTION11 -1 -1.765e+06 6.243e+03 7.956e+03
s>            ( SILENCE 1 -1.264e+06 3.533e+03 5.725e+03
s>                ( - -8.237e+04 1 0)
s>                ( QUESTION0_6_R 1 -1.178e+06 3.082e+03 5.340e+03
s>                    ( - -9.911e+05 6 0 QUESTION0_9_R 1 1.408e+03 4.495e+03)
s>                    ( - -1.843e+05 3 0 QUESTION0_19_R 1 1.679e+03 8.450e+02)))
s>            ( QUESTION0_11_R 1 -4.943e+05 2.804e+03 2.231e+03
s>                ( - -8.261e+04 2 0 QUESTION0_17_R 1 9.359e+02 3.844e+02)
s>                ( - -4.089e+05 7 0 SILENCE 1 9.419e+02 1.847e+03))))INFO: dtree.c(1315): Comp split 0
INFO: dtree.c(1478): Final simple tree
|( QUESTION11 -1 -1.765e+06 6.243e+03 7.956e+03
|    ( SILENCE 1 -1.264e+06 3.533e+03 5.725e+03
|        ( - -8.237e+04 1 0)
|        ( QUESTION0_6_R 1 -1.178e+06 3.082e+03 5.340e+03
|            ( QUESTION0_9_R 1 -9.911e+05 1.408e+03 4.495e+03
|                ( QUESTION11 1 -3.718e+05 1.137e+03 1.682e+03
|                    ( - -1.713e+05 1 0)
|                    ( - -1.994e+05 1 0))
|                ( - -6.178e+05 4 0))
|            ( QUESTION0_19_R 1 -1.843e+05 1.679e+03 8.450e+02
|                ( - -9.550e+04 1 0)
|                ( - -8.707e+04 2 0 QUESTION0_12_R 1 8.802e+02 3.977e+02))))
|    ( QUESTION0_11_R 1 -4.943e+05 2.804e+03 2.231e+03
|        ( - -8.261e+04 2 0 QUESTION0_17_R 1 9.359e+02 3.844e+02)
|        ( - -4.089e+05 7 0 SILENCE 1 9.419e+02 1.847e+03)))
s>    ( QUESTION11 -1 -1.765e+06 6.243e+03 7.956e+03
s>        ( SILENCE 1 -1.264e+06 3.533e+03 5.725e+03
s>            ( - -8.237e+04 1 0)
s>            ( QUESTION0_6_R 1 -1.178e+06 3.082e+03 5.340e+03
s>                ( QUESTION0_9_R 1 -9.911e+05 1.408e+03 4.495e+03
s>                    ( QUESTION11 1 -3.718e+05 1.137e+03 1.682e+03
s>                        ( - -1.713e+05 1 0)
s>                        ( - -1.994e+05 1 0))
s>                    ( - -6.178e+05 4 0))
s>                ( QUESTION0_19_R 1 -1.843e+05 1.679e+03 8.450e+02
s>                    ( - -9.550e+04 1 0)
s>                    ( - -8.707e+04 2 0 QUESTION0_12_R 1 8.802e+02 3.977e+02))))
s>        ( QUESTION0_11_R 1 -4.943e+05 2.804e+03 2.231e+03
s>            ( - -8.261e+04 2 0 QUESTION0_17_R 1 9.359e+02 3.844e+02)
s>            ( - -4.089e+05 7 0 SILENCE 1 9.419e+02 1.847e+03)))INFO: dtree.c(1439): stop. leaf nodes are specific
INFO: dtree.c(1478): Final simple tree
|( QUESTION11 -1 -1.110e+06 2.460e+03 5.172e+03
|    ( QUESTION14 1 -9.074e+05 2.031e+03 4.244e+03
|        ( - -7.425e+05 1 0)
|        ( - -1.629e+05 1 0))
|    ( QUESTION14 1 -1.998e+05 7.571e+02 9.285e+02
|        ( - -1.656e+05 1 0)
|        ( - -3.337e+04 1 0)))
s>    ( QUESTION11 -1 -1.110e+06 2.460e+03 5.172e+03
s>        ( QUESTION14 1 -9.074e+05 2.031e+03 4.244e+03
s>            ( - -7.425e+05 1 0)
s>            ( - -1.629e+05 1 0))
s>        ( QUESTION14 1 -1.998e+05 7.571e+02 9.285e+02
s>            ( - -1.656e+05 1 0)
s>            ( - -3.337e+04 1 0)))INFO: dtree.c(1315): Comp split 1
INFO: dtree.c(1478): Final simple tree
|( QUESTION13 1 -1.263e+06 3.024e+03 5.725e+03
|    ( QUESTION0_12_R 1 -1.983e+05 1.591e+03 9.151e+02
|        ( - -3.790e+04 1 0)
|        ( QUESTION11 -1 -1.588e+05 1.311e+03 7.390e+02
|            ( - -9.550e+04 1 0)
|            ( - -6.203e+04 1 0)))
|    ( QUESTION0_9_R 1 -1.061e+06 1.629e+03 4.810e+03
|        ( QUESTION11 1 -3.718e+05 1.137e+03 1.682e+03
|            ( - -1.713e+05 1 0)
|            ( - -1.994e+05 1 0))
|        ( QUESTION0_6_R 1 -6.878e+05 1.299e+03 3.127e+03
|            ( - -6.178e+05 4 0)
|            ( QUESTION11 -1 -6.865e+04 7.106e+02 3.144e+02
|                ( - -4.830e+04 1 0)
|                ( - -1.964e+04 1 0)))))
s>    ( QUESTION13 1 -1.263e+06 3.024e+03 5.725e+03
s>        ( QUESTION0_12_R 1 -1.983e+05 1.591e+03 9.151e+02
s>            ( - -3.790e+04 1 0)
s>            ( QUESTION11 -1 -1.588e+05 1.311e+03 7.390e+02
s>                ( - -9.550e+04 1 0)
s>                ( - -6.203e+04 1 0)))
s>        ( QUESTION0_9_R 1 -1.061e+06 1.629e+03 4.810e+03
s>            ( QUESTION11 1 -3.718e+05 1.137e+03 1.682e+03
s>                ( - -1.713e+05 1 0)
s>                ( - -1.994e+05 1 0))
s>            ( QUESTION0_6_R 1 -6.878e+05 1.299e+03 3.127e+03
s>                ( - -6.178e+05 4 0)
s>                ( QUESTION11 -1 -6.865e+04 7.106e+02 3.144e+02
s>                    ( - -4.830e+04 1 0)
s>                    ( - -1.964e+04 1 0)))))INFO: dtree.c(1439): stop. leaf nodes are specific
INFO: dtree.c(1478): Final simple tree
|( SILENCE 1 -4.923e+05 1.397e+03 2.232e+03
|    ( QUESTION11 -1 -1.483e+05 5.481e+02 6.852e+02
|        ( - -8.237e+04 1 0)
|        ( - -6.534e+04 1 0))
|    ( QUESTION0_9_R 1 -3.426e+05 7.253e+02 1.547e+03
|        ( QUESTION11 1 -9.730e+04 3.252e+02 4.443e+02
|            ( - -3.851e+04 1 0)
|            ( - -5.846e+04 1 0))
|        ( - -2.446e+05 4 0)))
s>    ( SILENCE 1 -4.923e+05 1.397e+03 2.232e+03
s>        ( QUESTION11 -1 -1.483e+05 5.481e+02 6.852e+02
s>            ( - -8.237e+04 1 0)
s>            ( - -6.534e+04 1 0))
s>        ( QUESTION0_9_R 1 -3.426e+05 7.253e+02 1.547e+03
s>            ( QUESTION11 1 -9.730e+04 3.252e+02 4.443e+02
s>                ( - -3.851e+04 1 0)
s>                ( - -5.846e+04 1 0))
s>            ( - -2.446e+05 4 0)))INFO: dtree.c(1315): Comp split 2
INFO: dtree.c(1439): stop. leaf nodes are specific
INFO: dtree.c(1478): Final simple tree
|( QUESTION0_19_R 1 -2.479e+05 1.937e+03 1.137e+03
|    ( QUESTION11 -1 -1.588e+05 1.311e+03 7.390e+02
|        ( - -9.550e+04 1 0)
|        ( - -6.203e+04 1 0))
|    ( QUESTION0_12_R 1 -8.707e+04 8.802e+02 3.977e+02
|        ( - -3.790e+04 1 0)
|        ( - -4.830e+04 1 0)))
s>    ( QUESTION0_19_R 1 -2.479e+05 1.937e+03 1.137e+03
s>        ( QUESTION11 -1 -1.588e+05 1.311e+03 7.390e+02
s>            ( - -9.550e+04 1 0)
s>            ( - -6.203e+04 1 0))
s>        ( QUESTION0_12_R 1 -8.707e+04 8.802e+02 3.977e+02
s>            ( - -3.790e+04 1 0)
s>            ( - -4.830e+04 1 0)))INFO: dtree.c(1439): stop. leaf nodes are specific
INFO: dtree.c(1478): Final simple tree
|( QUESTION0_9_R 1 -1.012e+06 1.429e+03 4.588e+03
|    ( QUESTION11 1 -3.718e+05 1.137e+03 1.682e+03
|        ( - -1.713e+05 1 0)
|        ( - -1.994e+05 1 0))
|    ( QUESTION0_6_R 1 -6.384e+05 9.519e+02 2.906e+03
|        ( - -6.178e+05 4 0)
|        ( - -1.964e+04 1 0)))
s>    ( QUESTION0_9_R 1 -1.012e+06 1.429e+03 4.588e+03
s>        ( QUESTION11 1 -3.718e+05 1.137e+03 1.682e+03
s>            ( - -1.713e+05 1 0)
s>            ( - -1.994e+05 1 0))
s>        ( QUESTION0_6_R 1 -6.384e+05 9.519e+02 2.906e+03
s>            ( - -6.178e+05 4 0)
s>            ( - -1.964e+04 1 0)))INFO: dtree.c(1315): Comp split 3
INFO: dtree.c(1439): stop. leaf nodes are specific
INFO: dtree.c(1478): Final simple tree
|( QUESTION11 -1 -3.646e+05 1.985e+03 1.678e+03
|    ( - -1.629e+05 1 0)
|    ( QUESTION14 1 -1.998e+05 7.571e+02 9.285e+02
|        ( - -1.656e+05 1 0)
|        ( - -3.337e+04 1 0)))
s>    ( QUESTION11 -1 -3.646e+05 1.985e+03 1.678e+03
s>        ( - -1.629e+05 1 0)
s>        ( QUESTION14 1 -1.998e+05 7.571e+02 9.285e+02
s>            ( - -1.656e+05 1 0)
s>            ( - -3.337e+04 1 0)))INFO: dtree.c(1315): Comp split 4
INFO: dtree.c(1439): stop. leaf nodes are specific
INFO: dtree.c(1478): Final simple tree
|( QUESTION14 1 -1.998e+05 7.571e+02 9.285e+02
|    ( - -1.656e+05 1 0)
|    ( - -3.337e+04 1 0))
s>    ( QUESTION14 1 -1.998e+05 7.571e+02 9.285e+02
s>        ( - -1.656e+05 1 0)
s>        ( - -3.337e+04 1 0))INFO: dtree.c(1315): Comp split 5
INFO: dtree.c(1439): stop. leaf nodes are specific
INFO: dtree.c(1478): Final simple tree
|( QUESTION0_12_R 1 -8.707e+04 8.802e+02 3.977e+02
|    ( - -3.790e+04 1 0)
|    ( - -4.830e+04 1 0))
s>    ( QUESTION0_12_R 1 -8.707e+04 8.802e+02 3.977e+02
s>        ( - -3.790e+04 1 0)
s>        ( - -4.830e+04 1 0))INFO: dtree.c(1439): stop. leaf nodes are specific
INFO: dtree.c(1478): Final simple tree
|( QUESTION11 -1 -1.588e+05 1.311e+03 7.390e+02
|    ( - -9.550e+04 1 0)
|    ( - -6.203e+04 1 0))
s>    ( QUESTION11 -1 -1.588e+05 1.311e+03 7.390e+02
s>        ( - -9.550e+04 1 0)
s>        ( - -6.203e+04 1 0))INFO: dtree.c(1315): Comp split 6
INFO: dtree.c(1439): stop. leaf nodes are specific
INFO: dtree.c(1478): Final simple tree
|( QUESTION0_6_R 1 -6.384e+05 9.519e+02 2.906e+03
|    ( - -6.178e+05 4 0)
|    ( - -1.964e+04 1 0))
s>    ( QUESTION0_6_R 1 -6.384e+05 9.519e+02 2.906e+03
s>        ( - -6.178e+05 4 0)
s>        ( - -1.964e+04 1 0))INFO: dtree.c(1439): stop. leaf nodes are specific
INFO: dtree.c(1478): Final simple tree
|( QUESTION11 1 -3.718e+05 1.137e+03 1.682e+03
|    ( - -1.713e+05 1 0)
|    ( - -1.994e+05 1 0))
s>    ( QUESTION11 1 -3.718e+05 1.137e+03 1.682e+03
s>        ( - -1.713e+05 1 0)
s>        ( - -1.994e+05 1 0))INFO: dtree.c(1315): Comp split 7
INFO: dtree.c(1439): stop. leaf nodes are specific
INFO: dtree.c(1478): Final simple tree
|( QUESTION0_9_R 1 -3.426e+05 7.253e+02 1.547e+03
|    ( QUESTION11 1 -9.730e+04 3.252e+02 4.443e+02
|        ( - -3.851e+04 1 0)
|        ( - -5.846e+04 1 0))
|    ( - -2.446e+05 4 0))
s>    ( QUESTION0_9_R 1 -3.426e+05 7.253e+02 1.547e+03
s>        ( QUESTION11 1 -9.730e+04 3.252e+02 4.443e+02
s>            ( - -3.851e+04 1 0)
s>            ( - -5.846e+04 1 0))
s>        ( - -2.446e+05 4 0))INFO: dtree.c(1439): stop. leaf nodes are specific
INFO: dtree.c(1478): Final simple tree
|( QUESTION11 -1 -1.483e+05 5.481e+02 6.852e+02
|    ( - -8.237e+04 1 0)
|    ( - -6.534e+04 1 0))
s>    ( QUESTION11 -1 -1.483e+05 5.481e+02 6.852e+02
s>        ( - -8.237e+04 1 0)
s>        ( - -6.534e+04 1 0))INFO: dtree.c(1315): Comp split 8
INFO: dtree.c(1315): Comp split 9
INFO: dtree.c(1315): Comp split 10
INFO: dtree.c(1315): Comp split 11
INFO: dtree.c(1315): Comp split 12
INFO: dtree.c(1315): Comp split 13
INFO: dtree.c(1439): stop. leaf nodes are specific
INFO: dtree.c(1478): Final simple tree
|( QUESTION11 1 -9.730e+04 3.252e+02 4.443e+02
|    ( - -3.851e+04 1 0)
|    ( - -5.846e+04 1 0))
s>    ( QUESTION11 1 -9.730e+04 3.252e+02 4.443e+02
s>        ( - -3.851e+04 1 0)
s>        ( - -5.846e+04 1 0))INFO: dtree.c(1315): Comp split 14
INFO: dtree.c(1315): Comp split 15
INFO: dtree.c(1315): Comp split 16
INFO: dtree.c(1318): stop. leaf nodes are specific
!!!!!!!!Allocated 67 lines
Wed Apr  6 14:10:35 2016
