Current configuration:
[NAME]		[DEFLT]	[VALUE]
-allphones	no	no
-cntthresh	0.00001	1.000000e-05
-csplitmax	100	2000
-csplitmin	1	1
-csplitthr	8e-4	0.000000e+00
-example	no	no
-fullvar	no	no
-help		no	no
-meanfn			/home/nguyenvanthinh/Desktop/Git/speech recognition  demo/acoustic/model_parameters/digit.cd_cont_untied/means
-mixwfn			/home/nguyenvanthinh/Desktop/Git/speech recognition  demo/acoustic/model_parameters/digit.cd_cont_untied/mixture_weights
-moddeffn		/home/nguyenvanthinh/Desktop/Git/speech recognition  demo/acoustic/model_architecture/digit.untied.mdef
-mwfloor	1e-4	1.000000e-08
-phone			ng
-psetfn			/home/nguyenvanthinh/Desktop/Git/speech recognition  demo/acoustic/model_architecture/digit.tree_questions
-ssplitmax	5	7
-ssplitmin	1	1
-ssplitthr	8e-4	0.000000e+00
-state			1
-stwt			1.0,0.05,0.0,
-treefn			/home/nguyenvanthinh/Desktop/Git/speech recognition  demo/acoustic/trees/digit.unpruned/ng-1.dtree
-ts2cbfn	.semi.	.cont.
-varfloor	0.00001	1.000000e-05
-varfn			/home/nguyenvanthinh/Desktop/Git/speech recognition  demo/acoustic/model_parameters/digit.cd_cont_untied/variances

INFO: main.c(223): Reading: /home/nguyenvanthinh/Desktop/Git/speech recognition  demo/acoustic/model_architecture/digit.untied.mdef
INFO: model_def_io.c(573): Model definition info:
INFO: model_def_io.c(574): 326 total models defined (31 base, 295 tri)
INFO: model_def_io.c(575): 1304 total states
INFO: model_def_io.c(576): 978 total tied states
INFO: model_def_io.c(577): 93 total tied CI states
INFO: model_def_io.c(578): 31 total tied transition matrices
INFO: model_def_io.c(579): 4 max state/model
INFO: model_def_io.c(580): 4 min state/model
INFO: main.c(242): Building trees for [ng a if b] through [ng uz if b]
INFO: main.c(269): Covering states |[585 605]| == 21
INFO: main.c(275): Reading: /home/nguyenvanthinh/Desktop/Git/speech recognition  demo/acoustic/model_parameters/digit.cd_cont_untied/mixture_weights
INFO: s3mixw_io.c(173): Read /home/nguyenvanthinh/Desktop/Git/speech recognition  demo/acoustic/model_parameters/digit.cd_cont_untied/mixture_weights [21x1x1 array]
INFO: main.c(311): 7 of 7 models have observation count greater than 0.000010
INFO: main.c(95): nrm stwt: 0.045 0.909 0.045 
INFO: s3gau_io.c(169): Read /home/nguyenvanthinh/Desktop/Git/speech recognition  demo/acoustic/model_parameters/digit.cd_cont_untied/means [978x1x1 array]
INFO: s3gau_io.c(169): Read /home/nguyenvanthinh/Desktop/Git/speech recognition  demo/acoustic/model_parameters/digit.cd_cont_untied/variances [978x1x1 array]
INFO: main.c(549): Reading: /home/nguyenvanthinh/Desktop/Git/speech recognition  demo/acoustic/model_architecture/digit.tree_questions
INFO: main.c(588): 178 total simple questions (170 phone; 8 word bndry)
INFO: main.c(590): 42 Left Only questions, and 40 Right Only questions
INFO: dtree.c(1439): stop. leaf nodes are specific
INFO: dtree.c(1478): Final simple tree
|( QUESTION2_7_L -1 -2.630e+05 3.086e+03 1.203e+03
|    ( - -7.728e+04 1 0)
|    ( QUESTION0 -1 -1.826e+05 1.895e+03 8.329e+02
|        ( - -3.203e+04 1 0)
|        ( QUESTION11 -1 -1.487e+05 1.536e+03 6.789e+02
|            ( - -2.234e+04 1 0)
|            ( QUESTION3 -1 -1.248e+05 1.141e+03 5.797e+02
|                ( QUESTION4 -1 -8.367e+04 7.117e+02 3.945e+02
|                    ( - -2.253e+04 1 0)
|                    ( - -6.043e+04 1 0))
|                ( QUESTION2 -1 -4.003e+04 6.332e+02 1.852e+02
|                    ( - -1.558e+04 1 0)
|                    ( - -2.382e+04 1 0))))))
s>    ( QUESTION2_7_L -1 -2.630e+05 3.086e+03 1.203e+03
s>        ( - -7.728e+04 1 0)
s>        ( QUESTION0 -1 -1.826e+05 1.895e+03 8.329e+02
s>            ( - -3.203e+04 1 0)
s>            ( QUESTION11 -1 -1.487e+05 1.536e+03 6.789e+02
s>                ( - -2.234e+04 1 0)
s>                ( QUESTION3 -1 -1.248e+05 1.141e+03 5.797e+02
s>                    ( QUESTION4 -1 -8.367e+04 7.117e+02 3.945e+02
s>                        ( - -2.253e+04 1 0)
s>                        ( - -6.043e+04 1 0))
s>                    ( QUESTION2 -1 -4.003e+04 6.332e+02 1.852e+02
s>                        ( - -1.558e+04 1 0)
s>                        ( - -2.382e+04 1 0))))))INFO: dtree.c(1315): Comp split 0
INFO: dtree.c(1439): stop. leaf nodes are specific
INFO: dtree.c(1478): Final simple tree
|( QUESTION11 -1 -1.322e+05 1.462e+03 6.042e+02
|    ( - -2.234e+04 1 0)
|    ( QUESTION5 -1 -1.084e+05 9.803e+02 5.050e+02
|        ( - -6.043e+04 1 0)
|        ( QUESTION2 -1 -4.700e+04 6.488e+02 2.162e+02
|            ( - -2.253e+04 1 0)
|            ( - -2.382e+04 1 0))))
s>    ( QUESTION11 -1 -1.322e+05 1.462e+03 6.042e+02
s>        ( - -2.234e+04 1 0)
s>        ( QUESTION5 -1 -1.084e+05 9.803e+02 5.050e+02
s>            ( - -6.043e+04 1 0)
s>            ( QUESTION2 -1 -4.700e+04 6.488e+02 2.162e+02
s>                ( - -2.253e+04 1 0)
s>                ( - -2.382e+04 1 0))))INFO: dtree.c(1439): stop. leaf nodes are specific
INFO: dtree.c(1478): Final simple tree
|( QUESTION0 -1 -1.266e+05 1.076e+03 5.984e+02
|    ( - -3.203e+04 1 0)
|    ( QUESTION2 -1 -9.347e+04 6.120e+02 4.445e+02
|        ( - -1.558e+04 1 0)
|        ( - -7.728e+04 1 0)))
s>    ( QUESTION0 -1 -1.266e+05 1.076e+03 5.984e+02
s>        ( - -3.203e+04 1 0)
s>        ( QUESTION2 -1 -9.347e+04 6.120e+02 4.445e+02
s>            ( - -1.558e+04 1 0)
s>            ( - -7.728e+04 1 0)))INFO: dtree.c(1315): Comp split 1
INFO: dtree.c(1439): stop. leaf nodes are specific
INFO: dtree.c(1478): Final simple tree
|( QUESTION5 -1 -1.084e+05 9.803e+02 5.050e+02
|    ( - -6.043e+04 1 0)
|    ( QUESTION2 -1 -4.700e+04 6.488e+02 2.162e+02
|        ( - -2.253e+04 1 0)
|        ( - -2.382e+04 1 0)))
s>    ( QUESTION5 -1 -1.084e+05 9.803e+02 5.050e+02
s>        ( - -6.043e+04 1 0)
s>        ( QUESTION2 -1 -4.700e+04 6.488e+02 2.162e+02
s>            ( - -2.253e+04 1 0)
s>            ( - -2.382e+04 1 0)))INFO: dtree.c(1315): Comp split 2
INFO: dtree.c(1439): stop. leaf nodes are specific
INFO: dtree.c(1478): Final simple tree
|( QUESTION2 -1 -9.347e+04 6.120e+02 4.445e+02
|    ( - -1.558e+04 1 0)
|    ( - -7.728e+04 1 0))
s>    ( QUESTION2 -1 -9.347e+04 6.120e+02 4.445e+02
s>        ( - -1.558e+04 1 0)
s>        ( - -7.728e+04 1 0))INFO: dtree.c(1315): Comp split 3
INFO: dtree.c(1439): stop. leaf nodes are specific
INFO: dtree.c(1478): Final simple tree
|( QUESTION2 -1 -4.700e+04 6.488e+02 2.162e+02
|    ( - -2.253e+04 1 0)
|    ( - -2.382e+04 1 0))
s>    ( QUESTION2 -1 -4.700e+04 6.488e+02 2.162e+02
s>        ( - -2.253e+04 1 0)
s>        ( - -2.382e+04 1 0))INFO: dtree.c(1315): Comp split 4
INFO: dtree.c(1315): Comp split 5
INFO: dtree.c(1315): Comp split 6
INFO: dtree.c(1318): stop. leaf nodes are specific
!!!!!!!!Allocated 67 lines
Wed Apr  6 14:10:37 2016
