Current configuration:
[NAME]		[DEFLT]	[VALUE]
-allphones	no	no
-cntthresh	0.00001	1.000000e-05
-csplitmax	100	2000
-csplitmin	1	1
-csplitthr	8e-4	0.000000e+00
-example	no	no
-fullvar	no	no
-help		no	no
-meanfn			/home/nguyenvanthinh/Desktop/Git/speech recognition  demo/acoustic/model_parameters/digit.cd_cont_untied/means
-mixwfn			/home/nguyenvanthinh/Desktop/Git/speech recognition  demo/acoustic/model_parameters/digit.cd_cont_untied/mixture_weights
-moddeffn		/home/nguyenvanthinh/Desktop/Git/speech recognition  demo/acoustic/model_architecture/digit.untied.mdef
-mwfloor	1e-4	1.000000e-08
-phone			tr
-psetfn			/home/nguyenvanthinh/Desktop/Git/speech recognition  demo/acoustic/model_architecture/digit.tree_questions
-ssplitmax	5	7
-ssplitmin	1	1
-ssplitthr	8e-4	0.000000e+00
-state			2
-stwt			1.0,0.05,0.0,
-treefn			/home/nguyenvanthinh/Desktop/Git/speech recognition  demo/acoustic/trees/digit.unpruned/tr-2.dtree
-ts2cbfn	.semi.	.cont.
-varfloor	0.00001	1.000000e-05
-varfn			/home/nguyenvanthinh/Desktop/Git/speech recognition  demo/acoustic/model_parameters/digit.cd_cont_untied/variances

INFO: main.c(223): Reading: /home/nguyenvanthinh/Desktop/Git/speech recognition  demo/acoustic/model_architecture/digit.untied.mdef
INFO: model_def_io.c(573): Model definition info:
INFO: model_def_io.c(574): 326 total models defined (31 base, 295 tri)
INFO: model_def_io.c(575): 1304 total states
INFO: model_def_io.c(576): 978 total tied states
INFO: model_def_io.c(577): 93 total tied CI states
INFO: model_def_io.c(578): 31 total tied transition matrices
INFO: model_def_io.c(579): 4 max state/model
INFO: model_def_io.c(580): 4 min state/model
INFO: main.c(242): Building trees for [tr a aw b] through [tr uz aw b]
INFO: main.c(269): Covering states |[891 911]| == 21
INFO: main.c(275): Reading: /home/nguyenvanthinh/Desktop/Git/speech recognition  demo/acoustic/model_parameters/digit.cd_cont_untied/mixture_weights
INFO: s3mixw_io.c(173): Read /home/nguyenvanthinh/Desktop/Git/speech recognition  demo/acoustic/model_parameters/digit.cd_cont_untied/mixture_weights [21x1x1 array]
INFO: main.c(311): 7 of 7 models have observation count greater than 0.000010
INFO: main.c(95): nrm stwt: 0.000 0.048 0.952 
INFO: s3gau_io.c(169): Read /home/nguyenvanthinh/Desktop/Git/speech recognition  demo/acoustic/model_parameters/digit.cd_cont_untied/means [978x1x1 array]
INFO: s3gau_io.c(169): Read /home/nguyenvanthinh/Desktop/Git/speech recognition  demo/acoustic/model_parameters/digit.cd_cont_untied/variances [978x1x1 array]
INFO: main.c(549): Reading: /home/nguyenvanthinh/Desktop/Git/speech recognition  demo/acoustic/model_architecture/digit.tree_questions
INFO: main.c(588): 178 total simple questions (170 phone; 8 word bndry)
INFO: main.c(590): 42 Left Only questions, and 40 Right Only questions
INFO: dtree.c(1439): stop. leaf nodes are specific
INFO: dtree.c(1478): Final simple tree
|( QUESTION0 -1 -3.914e+05 2.550e+03 1.695e+03
|    ( - -6.962e+04 1 0)
|    ( QUESTION9 -1 -3.193e+05 2.921e+03 1.386e+03
|        ( - -5.145e+04 1 0)
|        ( QUESTION11 -1 -2.649e+05 1.428e+03 1.158e+03
|            ( - -3.597e+04 1 0)
|            ( QUESTION8 -1 -2.275e+05 9.661e+02 9.968e+02
|                ( - -5.368e+04 1 0)
|                ( QUESTION2 -1 -1.728e+05 6.573e+02 7.560e+02
|                    ( QUESTION4 -1 -9.129e+04 3.720e+02 4.025e+02
|                        ( - -6.625e+04 1 0)
|                        ( - -2.467e+04 1 0))
|                    ( - -8.090e+04 1 0))))))
s>    ( QUESTION0 -1 -3.914e+05 2.550e+03 1.695e+03
s>        ( - -6.962e+04 1 0)
s>        ( QUESTION9 -1 -3.193e+05 2.921e+03 1.386e+03
s>            ( - -5.145e+04 1 0)
s>            ( QUESTION11 -1 -2.649e+05 1.428e+03 1.158e+03
s>                ( - -3.597e+04 1 0)
s>                ( QUESTION8 -1 -2.275e+05 9.661e+02 9.968e+02
s>                    ( - -5.368e+04 1 0)
s>                    ( QUESTION2 -1 -1.728e+05 6.573e+02 7.560e+02
s>                        ( QUESTION4 -1 -9.129e+04 3.720e+02 4.025e+02
s>                            ( - -6.625e+04 1 0)
s>                            ( - -2.467e+04 1 0))
s>                        ( - -8.090e+04 1 0))))))INFO: dtree.c(1315): Comp split 0
INFO: dtree.c(1439): stop. leaf nodes are specific
INFO: dtree.c(1478): Final simple tree
|( QUESTION11 -1 -2.649e+05 1.428e+03 1.158e+03
|    ( - -3.597e+04 1 0)
|    ( QUESTION8 -1 -2.275e+05 9.661e+02 9.968e+02
|        ( - -5.368e+04 1 0)
|        ( QUESTION2 -1 -1.728e+05 6.573e+02 7.560e+02
|            ( QUESTION4 -1 -9.129e+04 3.720e+02 4.025e+02
|                ( - -6.625e+04 1 0)
|                ( - -2.467e+04 1 0))
|            ( - -8.090e+04 1 0))))
s>    ( QUESTION11 -1 -2.649e+05 1.428e+03 1.158e+03
s>        ( - -3.597e+04 1 0)
s>        ( QUESTION8 -1 -2.275e+05 9.661e+02 9.968e+02
s>            ( - -5.368e+04 1 0)
s>            ( QUESTION2 -1 -1.728e+05 6.573e+02 7.560e+02
s>                ( QUESTION4 -1 -9.129e+04 3.720e+02 4.025e+02
s>                    ( - -6.625e+04 1 0)
s>                    ( - -2.467e+04 1 0))
s>                ( - -8.090e+04 1 0))))INFO: dtree.c(1439): stop. leaf nodes are specific
INFO: dtree.c(1478): Final simple tree
|( QUESTION0 -1 -1.228e+05 1.682e+03 5.371e+02
|    ( - -6.962e+04 1 0)
|    ( - -5.145e+04 1 0))
s>    ( QUESTION0 -1 -1.228e+05 1.682e+03 5.371e+02
s>        ( - -6.962e+04 1 0)
s>        ( - -5.145e+04 1 0))INFO: dtree.c(1315): Comp split 1
INFO: dtree.c(1315): Comp split 2
INFO: dtree.c(1439): stop. leaf nodes are specific
INFO: dtree.c(1478): Final simple tree
|( QUESTION2 -1 -1.728e+05 6.573e+02 7.560e+02
|    ( QUESTION4 -1 -9.129e+04 3.720e+02 4.025e+02
|        ( - -6.625e+04 1 0)
|        ( - -2.467e+04 1 0))
|    ( - -8.090e+04 1 0))
s>    ( QUESTION2 -1 -1.728e+05 6.573e+02 7.560e+02
s>        ( QUESTION4 -1 -9.129e+04 3.720e+02 4.025e+02
s>            ( - -6.625e+04 1 0)
s>            ( - -2.467e+04 1 0))
s>        ( - -8.090e+04 1 0))INFO: dtree.c(1439): stop. leaf nodes are specific
INFO: dtree.c(1478): Final simple tree
|( QUESTION2 -1 -9.041e+04 7.631e+02 4.021e+02
|    ( - -5.368e+04 1 0)
|    ( - -3.597e+04 1 0))
s>    ( QUESTION2 -1 -9.041e+04 7.631e+02 4.021e+02
s>        ( - -5.368e+04 1 0)
s>        ( - -3.597e+04 1 0))INFO: dtree.c(1315): Comp split 3
INFO: dtree.c(1315): Comp split 4
INFO: dtree.c(1439): stop. leaf nodes are specific
INFO: dtree.c(1478): Final simple tree
|( QUESTION4 -1 -9.129e+04 3.720e+02 4.025e+02
|    ( - -6.625e+04 1 0)
|    ( - -2.467e+04 1 0))
s>    ( QUESTION4 -1 -9.129e+04 3.720e+02 4.025e+02
s>        ( - -6.625e+04 1 0)
s>        ( - -2.467e+04 1 0))INFO: dtree.c(1315): Comp split 5
INFO: dtree.c(1315): Comp split 6
INFO: dtree.c(1318): stop. leaf nodes are specific
!!!!!!!!Allocated 67 lines
Wed Apr  6 14:10:36 2016
