Current configuration:
[NAME]		[DEFLT]	[VALUE]
-allphones	no	no
-cntthresh	0.00001	1.000000e-05
-csplitmax	100	2000
-csplitmin	1	1
-csplitthr	8e-4	0.000000e+00
-example	no	no
-fullvar	no	no
-help		no	no
-meanfn			/home/nguyenvanthinh/Desktop/Git/speech recognition  demo/acoustic/model_parameters/digit.cd_cont_untied/means
-mixwfn			/home/nguyenvanthinh/Desktop/Git/speech recognition  demo/acoustic/model_parameters/digit.cd_cont_untied/mixture_weights
-moddeffn		/home/nguyenvanthinh/Desktop/Git/speech recognition  demo/acoustic/model_architecture/digit.untied.mdef
-mwfloor	1e-4	1.000000e-08
-phone			iz
-psetfn			/home/nguyenvanthinh/Desktop/Git/speech recognition  demo/acoustic/model_architecture/digit.tree_questions
-ssplitmax	5	7
-ssplitmin	1	1
-ssplitthr	8e-4	0.000000e+00
-state			1
-stwt			1.0,0.05,0.0,
-treefn			/home/nguyenvanthinh/Desktop/Git/speech recognition  demo/acoustic/trees/digit.unpruned/iz-1.dtree
-ts2cbfn	.semi.	.cont.
-varfloor	0.00001	1.000000e-05
-varfn			/home/nguyenvanthinh/Desktop/Git/speech recognition  demo/acoustic/model_parameters/digit.cd_cont_untied/variances

INFO: main.c(223): Reading: /home/nguyenvanthinh/Desktop/Git/speech recognition  demo/acoustic/model_architecture/digit.untied.mdef
INFO: model_def_io.c(573): Model definition info:
INFO: model_def_io.c(574): 326 total models defined (31 base, 295 tri)
INFO: model_def_io.c(575): 1304 total states
INFO: model_def_io.c(576): 978 total tied states
INFO: model_def_io.c(577): 93 total tied CI states
INFO: model_def_io.c(578): 31 total tied transition matrices
INFO: model_def_io.c(579): 4 max state/model
INFO: model_def_io.c(580): 4 min state/model
INFO: main.c(242): Building trees for [iz a SIL e] through [iz owf t e]
INFO: main.c(269): Covering states |[285 401]| == 117
INFO: main.c(275): Reading: /home/nguyenvanthinh/Desktop/Git/speech recognition  demo/acoustic/model_parameters/digit.cd_cont_untied/mixture_weights
INFO: s3mixw_io.c(173): Read /home/nguyenvanthinh/Desktop/Git/speech recognition  demo/acoustic/model_parameters/digit.cd_cont_untied/mixture_weights [117x1x1 array]
INFO: main.c(311): 39 of 39 models have observation count greater than 0.000010
INFO: main.c(95): nrm stwt: 0.045 0.909 0.045 
INFO: s3gau_io.c(169): Read /home/nguyenvanthinh/Desktop/Git/speech recognition  demo/acoustic/model_parameters/digit.cd_cont_untied/means [978x1x1 array]
INFO: s3gau_io.c(169): Read /home/nguyenvanthinh/Desktop/Git/speech recognition  demo/acoustic/model_parameters/digit.cd_cont_untied/variances [978x1x1 array]
INFO: main.c(549): Reading: /home/nguyenvanthinh/Desktop/Git/speech recognition  demo/acoustic/model_architecture/digit.tree_questions
INFO: main.c(588): 178 total simple questions (170 phone; 8 word bndry)
INFO: main.c(590): 42 Left Only questions, and 40 Right Only questions
INFO: dtree.c(1478): Final simple tree
|( QUESTION19 -1 -1.591e+06 1.116e+04 6.294e+03
|    ( QUESTION0_11_R 1 -6.990e+05 4.082e+03 2.666e+03
|        ( - -8.620e+04 3 0 QUESTION0_17_R 1 1.014e+03 3.942e+02)
|        ( - -6.088e+05 16 0 SILENCE 1 9.051e+02 2.272e+03))
|    ( QUESTION0_11_R 1 -8.810e+05 4.099e+03 3.627e+03
|        ( QUESTION0_17_R 1 -7.717e+04 1.329e+03 3.549e+02
|            ( - -2.916e+04 2 0 QUESTION0 -1 4.708e+02 1.361e+02)
|            ( - -4.668e+04 1 0))
|        ( QUESTION0_7_R 1 -7.997e+05 2.340e+03 3.273e+03
|            ( QUESTION0 -1 -2.432e+05 1.447e+03 9.900e+02
|                ( - -2.221e+05 2 0 QUESTION14 1 3.187e+02 9.011e+02)
|                ( - -1.969e+04 2 0 QUESTION14 1 1.049e+02 8.888e+01))
|            ( SILENCE 1 -5.542e+05 1.260e+03 2.283e+03
|                ( - -8.276e+04 2 0 QUESTION0 -1 1.858e+02 3.139e+02)
|                ( - -4.701e+05 11 0 QUESTION0 -1 1.199e+03 1.969e+03)))))
s>    ( QUESTION19 -1 -1.591e+06 1.116e+04 6.294e+03
s>        ( QUESTION0_11_R 1 -6.990e+05 4.082e+03 2.666e+03
s>            ( - -8.620e+04 3 0 QUESTION0_17_R 1 1.014e+03 3.942e+02)
s>            ( - -6.088e+05 16 0 SILENCE 1 9.051e+02 2.272e+03))
s>        ( QUESTION0_11_R 1 -8.810e+05 4.099e+03 3.627e+03
s>            ( QUESTION0_17_R 1 -7.717e+04 1.329e+03 3.549e+02
s>                ( - -2.916e+04 2 0 QUESTION0 -1 4.708e+02 1.361e+02)
s>                ( - -4.668e+04 1 0))
s>            ( QUESTION0_7_R 1 -7.997e+05 2.340e+03 3.273e+03
s>                ( QUESTION0 -1 -2.432e+05 1.447e+03 9.900e+02
s>                    ( - -2.221e+05 2 0 QUESTION14 1 3.187e+02 9.011e+02)
s>                    ( - -1.969e+04 2 0 QUESTION14 1 1.049e+02 8.888e+01))
s>                ( SILENCE 1 -5.542e+05 1.260e+03 2.283e+03
s>                    ( - -8.276e+04 2 0 QUESTION0 -1 1.858e+02 3.139e+02)
s>                    ( - -4.701e+05 11 0 QUESTION0 -1 1.199e+03 1.969e+03)))))INFO: dtree.c(1315): Comp split 0
INFO: dtree.c(1478): Final simple tree
|( QUESTION0_11_R 1 -8.810e+05 4.099e+03 3.627e+03
|    ( QUESTION0_17_R 1 -7.717e+04 1.329e+03 3.549e+02
|        ( - -2.916e+04 2 0 QUESTION0 -1 4.708e+02 1.361e+02)
|        ( - -4.668e+04 1 0))
|    ( QUESTION0_7_R 1 -7.997e+05 2.340e+03 3.273e+03
|        ( QUESTION0 -1 -2.432e+05 1.447e+03 9.900e+02
|            ( - -2.221e+05 2 0 QUESTION14 1 3.187e+02 9.011e+02)
|            ( - -1.969e+04 2 0 QUESTION14 1 1.049e+02 8.888e+01))
|        ( SILENCE 1 -5.542e+05 1.260e+03 2.283e+03
|            ( - -8.276e+04 2 0 QUESTION0 -1 1.858e+02 3.139e+02)
|            ( QUESTION0 -1 -4.701e+05 1.199e+03 1.969e+03
|                ( QUESTION0_9_R 1 -4.439e+05 6.314e+02 1.858e+03
|                    ( - -1.579e+05 2 0 QUESTION11 1 2.743e+02 6.768e+02)
|                    ( - -2.853e+05 4 0))
|                ( - -2.508e+04 5 0 QUESTION0_9_R 1 3.459e+02 1.109e+02)))))
s>    ( QUESTION0_11_R 1 -8.810e+05 4.099e+03 3.627e+03
s>        ( QUESTION0_17_R 1 -7.717e+04 1.329e+03 3.549e+02
s>            ( - -2.916e+04 2 0 QUESTION0 -1 4.708e+02 1.361e+02)
s>            ( - -4.668e+04 1 0))
s>        ( QUESTION0_7_R 1 -7.997e+05 2.340e+03 3.273e+03
s>            ( QUESTION0 -1 -2.432e+05 1.447e+03 9.900e+02
s>                ( - -2.221e+05 2 0 QUESTION14 1 3.187e+02 9.011e+02)
s>                ( - -1.969e+04 2 0 QUESTION14 1 1.049e+02 8.888e+01))
s>            ( SILENCE 1 -5.542e+05 1.260e+03 2.283e+03
s>                ( - -8.276e+04 2 0 QUESTION0 -1 1.858e+02 3.139e+02)
s>                ( QUESTION0 -1 -4.701e+05 1.199e+03 1.969e+03
s>                    ( QUESTION0_9_R 1 -4.439e+05 6.314e+02 1.858e+03
s>                        ( - -1.579e+05 2 0 QUESTION11 1 2.743e+02 6.768e+02)
s>                        ( - -2.853e+05 4 0))
s>                    ( - -2.508e+04 5 0 QUESTION0_9_R 1 3.459e+02 1.109e+02)))))INFO: dtree.c(1478): Final simple tree
|( QUESTION0_11_R 1 -6.990e+05 4.082e+03 2.666e+03
|    ( QUESTION0_17_R 1 -8.620e+04 1.014e+03 3.942e+02
|        ( - -4.215e+04 2 0)
|        ( - -4.303e+04 1 0))
|    ( SILENCE 1 -6.088e+05 9.051e+02 2.272e+03
|        ( - -7.290e+04 2 0)
|        ( QUESTION0_7_R 1 -5.349e+05 8.170e+02 2.030e+03
|            ( QUESTION14 1 -2.249e+05 1.267e+02 8.247e+02
|                ( - -1.730e+05 2 0)
|                ( - -5.176e+04 2 0))
|            ( QUESTION0_9_R 1 -3.092e+05 3.777e+02 1.206e+03
|                ( QUESTION11 1 -9.372e+04 3.412e+02 3.600e+02
|                    ( - -4.921e+04 2 0)
|                    ( - -4.417e+04 1 0))
|                ( - -2.151e+05 7 0)))))
s>    ( QUESTION0_11_R 1 -6.990e+05 4.082e+03 2.666e+03
s>        ( QUESTION0_17_R 1 -8.620e+04 1.014e+03 3.942e+02
s>            ( - -4.215e+04 2 0)
s>            ( - -4.303e+04 1 0))
s>        ( SILENCE 1 -6.088e+05 9.051e+02 2.272e+03
s>            ( - -7.290e+04 2 0)
s>            ( QUESTION0_7_R 1 -5.349e+05 8.170e+02 2.030e+03
s>                ( QUESTION14 1 -2.249e+05 1.267e+02 8.247e+02
s>                    ( - -1.730e+05 2 0)
s>                    ( - -5.176e+04 2 0))
s>                ( QUESTION0_9_R 1 -3.092e+05 3.777e+02 1.206e+03
s>                    ( QUESTION11 1 -9.372e+04 3.412e+02 3.600e+02
s>                        ( - -4.921e+04 2 0)
s>                        ( - -4.417e+04 1 0))
s>                    ( - -2.151e+05 7 0)))))INFO: dtree.c(1315): Comp split 1
INFO: dtree.c(1478): Final simple tree
|( QUESTION0_7_R 1 -7.997e+05 2.340e+03 3.273e+03
|    ( QUESTION0 -1 -2.432e+05 1.447e+03 9.900e+02
|        ( QUESTION14 1 -2.221e+05 3.187e+02 9.011e+02
|            ( - -1.619e+05 1 0)
|            ( - -5.986e+04 1 0))
|        ( - -1.969e+04 2 0 QUESTION14 1 1.049e+02 8.888e+01))
|    ( SILENCE 1 -5.542e+05 1.260e+03 2.283e+03
|        ( - -8.276e+04 2 0 QUESTION0 -1 1.858e+02 3.139e+02)
|        ( QUESTION0 -1 -4.701e+05 1.199e+03 1.969e+03
|            ( QUESTION0_9_R 1 -4.439e+05 6.314e+02 1.858e+03
|                ( - -1.579e+05 2 0 QUESTION11 1 2.743e+02 6.768e+02)
|                ( - -2.853e+05 4 0))
|            ( QUESTION0_9_R 1 -2.508e+04 3.459e+02 1.109e+02
|                ( - -1.166e+04 2 0 QUESTION11 1 1.997e+02 5.308e+01)
|                ( - -1.307e+04 3 0)))))
s>    ( QUESTION0_7_R 1 -7.997e+05 2.340e+03 3.273e+03
s>        ( QUESTION0 -1 -2.432e+05 1.447e+03 9.900e+02
s>            ( QUESTION14 1 -2.221e+05 3.187e+02 9.011e+02
s>                ( - -1.619e+05 1 0)
s>                ( - -5.986e+04 1 0))
s>            ( - -1.969e+04 2 0 QUESTION14 1 1.049e+02 8.888e+01))
s>        ( SILENCE 1 -5.542e+05 1.260e+03 2.283e+03
s>            ( - -8.276e+04 2 0 QUESTION0 -1 1.858e+02 3.139e+02)
s>            ( QUESTION0 -1 -4.701e+05 1.199e+03 1.969e+03
s>                ( QUESTION0_9_R 1 -4.439e+05 6.314e+02 1.858e+03
s>                    ( - -1.579e+05 2 0 QUESTION11 1 2.743e+02 6.768e+02)
s>                    ( - -2.853e+05 4 0))
s>                ( QUESTION0_9_R 1 -2.508e+04 3.459e+02 1.109e+02
s>                    ( - -1.166e+04 2 0 QUESTION11 1 1.997e+02 5.308e+01)
s>                    ( - -1.307e+04 3 0)))))INFO: dtree.c(1439): stop. leaf nodes are specific
INFO: dtree.c(1478): Final simple tree
|( QUESTION0_17_R 1 -7.717e+04 1.329e+03 3.549e+02
|    ( QUESTION0 -1 -2.916e+04 4.708e+02 1.361e+02
|        ( - -2.627e+04 1 0)
|        ( - -2.414e+03 1 0))
|    ( - -4.668e+04 1 0))
s>    ( QUESTION0_17_R 1 -7.717e+04 1.329e+03 3.549e+02
s>        ( QUESTION0 -1 -2.916e+04 4.708e+02 1.361e+02
s>            ( - -2.627e+04 1 0)
s>            ( - -2.414e+03 1 0))
s>        ( - -4.668e+04 1 0))INFO: dtree.c(1315): Comp split 2
INFO: dtree.c(1439): stop. leaf nodes are specific
INFO: dtree.c(1478): Final simple tree
|( SILENCE 1 -6.088e+05 9.051e+02 2.272e+03
|    ( - -7.290e+04 2 0)
|    ( QUESTION0_7_R 1 -5.349e+05 8.170e+02 2.030e+03
|        ( QUESTION14 1 -2.249e+05 1.267e+02 8.247e+02
|            ( - -1.730e+05 2 0)
|            ( - -5.176e+04 2 0))
|        ( QUESTION0_9_R 1 -3.092e+05 3.777e+02 1.206e+03
|            ( QUESTION11 1 -9.372e+04 3.412e+02 3.600e+02
|                ( - -4.921e+04 2 0)
|                ( - -4.417e+04 1 0))
|            ( - -2.151e+05 7 0))))
s>    ( SILENCE 1 -6.088e+05 9.051e+02 2.272e+03
s>        ( - -7.290e+04 2 0)
s>        ( QUESTION0_7_R 1 -5.349e+05 8.170e+02 2.030e+03
s>            ( QUESTION14 1 -2.249e+05 1.267e+02 8.247e+02
s>                ( - -1.730e+05 2 0)
s>                ( - -5.176e+04 2 0))
s>            ( QUESTION0_9_R 1 -3.092e+05 3.777e+02 1.206e+03
s>                ( QUESTION11 1 -9.372e+04 3.412e+02 3.600e+02
s>                    ( - -4.921e+04 2 0)
s>                    ( - -4.417e+04 1 0))
s>                ( - -2.151e+05 7 0))))INFO: dtree.c(1439): stop. leaf nodes are specific
INFO: dtree.c(1478): Final simple tree
|( QUESTION0_17_R 1 -8.620e+04 1.014e+03 3.942e+02
|    ( - -4.215e+04 2 0)
|    ( - -4.303e+04 1 0))
s>    ( QUESTION0_17_R 1 -8.620e+04 1.014e+03 3.942e+02
s>        ( - -4.215e+04 2 0)
s>        ( - -4.303e+04 1 0))INFO: dtree.c(1315): Comp split 3
INFO: dtree.c(1439): stop. leaf nodes are specific
INFO: dtree.c(1478): Final simple tree
|( QUESTION0_7_R 1 -4.535e+04 5.854e+02 1.998e+02
|    ( QUESTION14 1 -1.969e+04 1.049e+02 8.888e+01
|        ( - -1.774e+04 1 0)
|        ( - -1.848e+03 1 0))
|    ( QUESTION0_9_R 1 -2.508e+04 3.459e+02 1.109e+02
|        ( QUESTION11 1 -1.166e+04 1.997e+02 5.308e+01
|            ( - -6.423e+03 1 0)
|            ( - -5.035e+03 1 0))
|        ( - -1.307e+04 3 0)))
s>    ( QUESTION0_7_R 1 -4.535e+04 5.854e+02 1.998e+02
s>        ( QUESTION14 1 -1.969e+04 1.049e+02 8.888e+01
s>            ( - -1.774e+04 1 0)
s>            ( - -1.848e+03 1 0))
s>        ( QUESTION0_9_R 1 -2.508e+04 3.459e+02 1.109e+02
s>            ( QUESTION11 1 -1.166e+04 1.997e+02 5.308e+01
s>                ( - -6.423e+03 1 0)
s>                ( - -5.035e+03 1 0))
s>            ( - -1.307e+04 3 0)))INFO: dtree.c(1439): stop. leaf nodes are specific
INFO: dtree.c(1478): Final simple tree
|( QUESTION0_7_R 1 -7.519e+05 2.100e+03 3.073e+03
|    ( QUESTION14 1 -2.221e+05 3.187e+02 9.011e+02
|        ( - -1.619e+05 1 0)
|        ( - -5.986e+04 1 0))
|    ( SILENCE 1 -5.278e+05 1.150e+03 2.172e+03
|        ( QUESTION0 -1 -8.276e+04 1.858e+02 3.139e+02
|            ( - -7.945e+04 1 0)
|            ( - -3.126e+03 1 0))
|        ( QUESTION0_9_R 1 -4.439e+05 6.314e+02 1.858e+03
|            ( QUESTION11 1 -1.579e+05 2.743e+02 6.768e+02
|                ( - -8.005e+04 1 0)
|                ( - -7.757e+04 1 0))
|            ( - -2.853e+05 4 0))))
s>    ( QUESTION0_7_R 1 -7.519e+05 2.100e+03 3.073e+03
s>        ( QUESTION14 1 -2.221e+05 3.187e+02 9.011e+02
s>            ( - -1.619e+05 1 0)
s>            ( - -5.986e+04 1 0))
s>        ( SILENCE 1 -5.278e+05 1.150e+03 2.172e+03
s>            ( QUESTION0 -1 -8.276e+04 1.858e+02 3.139e+02
s>                ( - -7.945e+04 1 0)
s>                ( - -3.126e+03 1 0))
s>            ( QUESTION0_9_R 1 -4.439e+05 6.314e+02 1.858e+03
s>                ( QUESTION11 1 -1.579e+05 2.743e+02 6.768e+02
s>                    ( - -8.005e+04 1 0)
s>                    ( - -7.757e+04 1 0))
s>                ( - -2.853e+05 4 0))))INFO: dtree.c(1315): Comp split 4
INFO: dtree.c(1439): stop. leaf nodes are specific
INFO: dtree.c(1478): Final simple tree
|( SILENCE 1 -5.278e+05 1.150e+03 2.172e+03
|    ( QUESTION0 -1 -8.276e+04 1.858e+02 3.139e+02
|        ( - -7.945e+04 1 0)
|        ( - -3.126e+03 1 0))
|    ( QUESTION0_9_R 1 -4.439e+05 6.314e+02 1.858e+03
|        ( QUESTION11 1 -1.579e+05 2.743e+02 6.768e+02
|            ( - -8.005e+04 1 0)
|            ( - -7.757e+04 1 0))
|        ( - -2.853e+05 4 0)))
s>    ( SILENCE 1 -5.278e+05 1.150e+03 2.172e+03
s>        ( QUESTION0 -1 -8.276e+04 1.858e+02 3.139e+02
s>            ( - -7.945e+04 1 0)
s>            ( - -3.126e+03 1 0))
s>        ( QUESTION0_9_R 1 -4.439e+05 6.314e+02 1.858e+03
s>            ( QUESTION11 1 -1.579e+05 2.743e+02 6.768e+02
s>                ( - -8.005e+04 1 0)
s>                ( - -7.757e+04 1 0))
s>            ( - -2.853e+05 4 0)))INFO: dtree.c(1439): stop. leaf nodes are specific
INFO: dtree.c(1478): Final simple tree
|( QUESTION14 1 -2.221e+05 3.187e+02 9.011e+02
|    ( - -1.619e+05 1 0)
|    ( - -5.986e+04 1 0))
s>    ( QUESTION14 1 -2.221e+05 3.187e+02 9.011e+02
s>        ( - -1.619e+05 1 0)
s>        ( - -5.986e+04 1 0))INFO: dtree.c(1315): Comp split 5
INFO: dtree.c(1439): stop. leaf nodes are specific
INFO: dtree.c(1478): Final simple tree
|( QUESTION0 -1 -2.916e+04 4.708e+02 1.361e+02
|    ( - -2.627e+04 1 0)
|    ( - -2.414e+03 1 0))
s>    ( QUESTION0 -1 -2.916e+04 4.708e+02 1.361e+02
s>        ( - -2.627e+04 1 0)
s>        ( - -2.414e+03 1 0))INFO: dtree.c(1315): Comp split 6
INFO: dtree.c(1439): stop. leaf nodes are specific
INFO: dtree.c(1478): Final simple tree
|( QUESTION0_10_R 1 -4.471e+05 6.344e+02 1.870e+03
|    ( - -2.853e+05 4 0)
|    ( QUESTION11 1 -1.612e+05 2.730e+02 6.888e+02
|        ( - -8.005e+04 1 0)
|        ( SILENCE 1 -8.085e+04 1.617e+02 3.406e+02
|            ( - -3.126e+03 1 0)
|            ( - -7.757e+04 1 0))))
s>    ( QUESTION0_10_R 1 -4.471e+05 6.344e+02 1.870e+03
s>        ( - -2.853e+05 4 0)
s>        ( QUESTION11 1 -1.612e+05 2.730e+02 6.888e+02
s>            ( - -8.005e+04 1 0)
s>            ( SILENCE 1 -8.085e+04 1.617e+02 3.406e+02
s>                ( - -3.126e+03 1 0)
s>                ( - -7.757e+04 1 0))))INFO: dtree.c(1315): Comp split 7
INFO: dtree.c(1315): Comp split 8
INFO: dtree.c(1439): stop. leaf nodes are specific
INFO: dtree.c(1478): Final simple tree
|( QUESTION0_7_R 1 -5.349e+05 8.170e+02 2.030e+03
|    ( QUESTION14 1 -2.249e+05 1.267e+02 8.247e+02
|        ( - -1.730e+05 2 0)
|        ( - -5.176e+04 2 0))
|    ( QUESTION0_9_R 1 -3.092e+05 3.777e+02 1.206e+03
|        ( QUESTION11 1 -9.372e+04 3.412e+02 3.600e+02
|            ( - -4.921e+04 2 0)
|            ( - -4.417e+04 1 0))
|        ( - -2.151e+05 7 0)))
s>    ( QUESTION0_7_R 1 -5.349e+05 8.170e+02 2.030e+03
s>        ( QUESTION14 1 -2.249e+05 1.267e+02 8.247e+02
s>            ( - -1.730e+05 2 0)
s>            ( - -5.176e+04 2 0))
s>        ( QUESTION0_9_R 1 -3.092e+05 3.777e+02 1.206e+03
s>            ( QUESTION11 1 -9.372e+04 3.412e+02 3.600e+02
s>                ( - -4.921e+04 2 0)
s>                ( - -4.417e+04 1 0))
s>            ( - -2.151e+05 7 0)))INFO: dtree.c(1315): Comp split 9
INFO: dtree.c(1439): stop. leaf nodes are specific
INFO: dtree.c(1478): Final simple tree
|( QUESTION0_9_R 1 -3.092e+05 3.777e+02 1.206e+03
|    ( QUESTION11 1 -9.372e+04 3.412e+02 3.600e+02
|        ( - -4.921e+04 2 0)
|        ( - -4.417e+04 1 0))
|    ( - -2.151e+05 7 0))
s>    ( QUESTION0_9_R 1 -3.092e+05 3.777e+02 1.206e+03
s>        ( QUESTION11 1 -9.372e+04 3.412e+02 3.600e+02
s>            ( - -4.921e+04 2 0)
s>            ( - -4.417e+04 1 0))
s>        ( - -2.151e+05 7 0))INFO: dtree.c(1439): stop. leaf nodes are specific
INFO: dtree.c(1478): Final simple tree
|( QUESTION14 1 -2.249e+05 1.267e+02 8.247e+02
|    ( - -1.730e+05 2 0)
|    ( - -5.176e+04 2 0))
s>    ( QUESTION14 1 -2.249e+05 1.267e+02 8.247e+02
s>        ( - -1.730e+05 2 0)
s>        ( - -5.176e+04 2 0))INFO: dtree.c(1315): Comp split 10
INFO: dtree.c(1439): stop. leaf nodes are specific
INFO: dtree.c(1478): Final simple tree
|( QUESTION11 1 -1.612e+05 2.730e+02 6.888e+02
|    ( - -8.005e+04 1 0)
|    ( SILENCE 1 -8.085e+04 1.617e+02 3.406e+02
|        ( - -3.126e+03 1 0)
|        ( - -7.757e+04 1 0)))
s>    ( QUESTION11 1 -1.612e+05 2.730e+02 6.888e+02
s>        ( - -8.005e+04 1 0)
s>        ( SILENCE 1 -8.085e+04 1.617e+02 3.406e+02
s>            ( - -3.126e+03 1 0)
s>            ( - -7.757e+04 1 0)))INFO: dtree.c(1315): Comp split 11
INFO: dtree.c(1439): stop. leaf nodes are specific
INFO: dtree.c(1478): Final simple tree
|( QUESTION0_9_R 1 -2.508e+04 3.459e+02 1.109e+02
|    ( QUESTION11 1 -1.166e+04 1.997e+02 5.308e+01
|        ( - -6.423e+03 1 0)
|        ( - -5.035e+03 1 0))
|    ( - -1.307e+04 3 0))
s>    ( QUESTION0_9_R 1 -2.508e+04 3.459e+02 1.109e+02
s>        ( QUESTION11 1 -1.166e+04 1.997e+02 5.308e+01
s>            ( - -6.423e+03 1 0)
s>            ( - -5.035e+03 1 0))
s>        ( - -1.307e+04 3 0))INFO: dtree.c(1439): stop. leaf nodes are specific
INFO: dtree.c(1478): Final simple tree
|( QUESTION14 1 -1.969e+04 1.049e+02 8.888e+01
|    ( - -1.774e+04 1 0)
|    ( - -1.848e+03 1 0))
s>    ( QUESTION14 1 -1.969e+04 1.049e+02 8.888e+01
s>        ( - -1.774e+04 1 0)
s>        ( - -1.848e+03 1 0))INFO: dtree.c(1315): Comp split 12
INFO: dtree.c(1315): Comp split 13
INFO: dtree.c(1439): stop. leaf nodes are specific
INFO: dtree.c(1478): Final simple tree
|( QUESTION11 1 -9.372e+04 3.412e+02 3.600e+02
|    ( - -4.921e+04 2 0)
|    ( - -4.417e+04 1 0))
s>    ( QUESTION11 1 -9.372e+04 3.412e+02 3.600e+02
s>        ( - -4.921e+04 2 0)
s>        ( - -4.417e+04 1 0))INFO: dtree.c(1315): Comp split 14
INFO: dtree.c(1439): stop. leaf nodes are specific
INFO: dtree.c(1478): Final simple tree
|( QUESTION11 1 -1.166e+04 1.997e+02 5.308e+01
|    ( - -6.423e+03 1 0)
|    ( - -5.035e+03 1 0))
s>    ( QUESTION11 1 -1.166e+04 1.997e+02 5.308e+01
s>        ( - -6.423e+03 1 0)
s>        ( - -5.035e+03 1 0))INFO: dtree.c(1315): Comp split 15
INFO: dtree.c(1315): Comp split 16
INFO: dtree.c(1315): Comp split 17
INFO: dtree.c(1439): stop. leaf nodes are specific
INFO: dtree.c(1478): Final simple tree
|( SILENCE 1 -8.085e+04 1.617e+02 3.406e+02
|    ( - -3.126e+03 1 0)
|    ( - -7.757e+04 1 0))
s>    ( SILENCE 1 -8.085e+04 1.617e+02 3.406e+02
s>        ( - -3.126e+03 1 0)
s>        ( - -7.757e+04 1 0))INFO: dtree.c(1315): Comp split 18
INFO: dtree.c(1315): Comp split 19
INFO: dtree.c(1315): Comp split 20
INFO: dtree.c(1315): Comp split 21
INFO: dtree.c(1315): Comp split 22
INFO: dtree.c(1318): stop. leaf nodes are specific
!!!!!!!!Allocated 67 lines
Wed Apr  6 14:10:34 2016
