Current configuration:
[NAME]		[DEFLT]	[VALUE]
-allphones	no	no
-cntthresh	0.00001	1.000000e-05
-csplitmax	100	2000
-csplitmin	1	1
-csplitthr	8e-4	0.000000e+00
-example	no	no
-fullvar	no	no
-help		no	no
-meanfn			/home/nguyenvanthinh/Desktop/Git/speech recognition  demo/acoustic/model_parameters/digit.cd_cont_untied/means
-mixwfn			/home/nguyenvanthinh/Desktop/Git/speech recognition  demo/acoustic/model_parameters/digit.cd_cont_untied/mixture_weights
-moddeffn		/home/nguyenvanthinh/Desktop/Git/speech recognition  demo/acoustic/model_architecture/digit.untied.mdef
-mwfloor	1e-4	1.000000e-08
-phone			uw
-psetfn			/home/nguyenvanthinh/Desktop/Git/speech recognition  demo/acoustic/model_architecture/digit.tree_questions
-ssplitmax	5	7
-ssplitmin	1	1
-ssplitthr	8e-4	0.000000e+00
-state			0
-stwt			1.0,0.05,0.0,
-treefn			/home/nguyenvanthinh/Desktop/Git/speech recognition  demo/acoustic/trees/digit.unpruned/uw-0.dtree
-ts2cbfn	.semi.	.cont.
-varfloor	0.00001	1.000000e-05
-varfn			/home/nguyenvanthinh/Desktop/Git/speech recognition  demo/acoustic/model_parameters/digit.cd_cont_untied/variances

INFO: main.c(223): Reading: /home/nguyenvanthinh/Desktop/Git/speech recognition  demo/acoustic/model_architecture/digit.untied.mdef
INFO: model_def_io.c(573): Model definition info:
INFO: model_def_io.c(574): 326 total models defined (31 base, 295 tri)
INFO: model_def_io.c(575): 1304 total states
INFO: model_def_io.c(576): 978 total tied states
INFO: model_def_io.c(577): 93 total tied CI states
INFO: model_def_io.c(578): 31 total tied transition matrices
INFO: model_def_io.c(579): 4 max state/model
INFO: model_def_io.c(580): 4 min state/model
INFO: main.c(242): Building trees for [uw m ow i] through [uw t t e]
INFO: main.c(269): Covering states |[912 944]| == 33
INFO: main.c(275): Reading: /home/nguyenvanthinh/Desktop/Git/speech recognition  demo/acoustic/model_parameters/digit.cd_cont_untied/mixture_weights
INFO: s3mixw_io.c(173): Read /home/nguyenvanthinh/Desktop/Git/speech recognition  demo/acoustic/model_parameters/digit.cd_cont_untied/mixture_weights [33x1x1 array]
INFO: main.c(311): 11 of 11 models have observation count greater than 0.000010
INFO: main.c(95): nrm stwt: 0.952 0.048 0.000 
INFO: s3gau_io.c(169): Read /home/nguyenvanthinh/Desktop/Git/speech recognition  demo/acoustic/model_parameters/digit.cd_cont_untied/means [978x1x1 array]
INFO: s3gau_io.c(169): Read /home/nguyenvanthinh/Desktop/Git/speech recognition  demo/acoustic/model_parameters/digit.cd_cont_untied/variances [978x1x1 array]
INFO: main.c(549): Reading: /home/nguyenvanthinh/Desktop/Git/speech recognition  demo/acoustic/model_architecture/digit.tree_questions
INFO: main.c(588): 178 total simple questions (170 phone; 8 word bndry)
INFO: main.c(590): 42 Left Only questions, and 40 Right Only questions
INFO: dtree.c(1478): Final simple tree
|( WDBNDRY_E 0 -8.419e+04 2.697e+03 3.649e+02
|    ( QUESTION0_6_R 1 -3.006e+04 4.242e+02 1.292e+02
|        ( QUESTION0_9_R 1 -5.352e+03 1.356e+02 2.600e+01
|            ( QUESTION11 1 -6.563e+02 2.867e+02 4.000e+00
|                ( - -1.984e+02 1 0)
|                ( - -1.713e+02 1 0))
|            ( QUESTION0_7_R 1 -4.560e+03 1.295e+02 2.200e+01
|                ( - -1.427e+03 1 0)
|                ( - -3.003e+03 4 0)))
|        ( SILENCE 1 -2.429e+04 2.691e+02 1.032e+02
|            ( - -1.001e+04 1 0)
|            ( - -1.401e+04 1 0)))
|    ( QUESTION0_1_R 1 -5.143e+04 3.306e+02 2.356e+02
|        ( - -2.199e+04 1 0)
|        ( - -2.911e+04 1 0)))
s>    ( WDBNDRY_E 0 -8.419e+04 2.697e+03 3.649e+02
s>        ( QUESTION0_6_R 1 -3.006e+04 4.242e+02 1.292e+02
s>            ( QUESTION0_9_R 1 -5.352e+03 1.356e+02 2.600e+01
s>                ( QUESTION11 1 -6.563e+02 2.867e+02 4.000e+00
s>                    ( - -1.984e+02 1 0)
s>                    ( - -1.713e+02 1 0))
s>                ( QUESTION0_7_R 1 -4.560e+03 1.295e+02 2.200e+01
s>                    ( - -1.427e+03 1 0)
s>                    ( - -3.003e+03 4 0)))
s>            ( SILENCE 1 -2.429e+04 2.691e+02 1.032e+02
s>                ( - -1.001e+04 1 0)
s>                ( - -1.401e+04 1 0)))
s>        ( QUESTION0_1_R 1 -5.143e+04 3.306e+02 2.356e+02
s>            ( - -2.199e+04 1 0)
s>            ( - -2.911e+04 1 0)))INFO: dtree.c(1315): Comp split 0
INFO: dtree.c(1439): stop. leaf nodes are specific
INFO: dtree.c(1478): Final simple tree
|( QUESTION0_6_R 1 -3.006e+04 4.242e+02 1.292e+02
|    ( QUESTION0_9_R 1 -5.352e+03 1.356e+02 2.600e+01
|        ( QUESTION11 1 -6.563e+02 2.867e+02 4.000e+00
|            ( - -1.984e+02 1 0)
|            ( - -1.713e+02 1 0))
|        ( QUESTION0_7_R 1 -4.560e+03 1.295e+02 2.200e+01
|            ( - -1.427e+03 1 0)
|            ( - -3.003e+03 4 0)))
|    ( SILENCE 1 -2.429e+04 2.691e+02 1.032e+02
|        ( - -1.001e+04 1 0)
|        ( - -1.401e+04 1 0)))
s>    ( QUESTION0_6_R 1 -3.006e+04 4.242e+02 1.292e+02
s>        ( QUESTION0_9_R 1 -5.352e+03 1.356e+02 2.600e+01
s>            ( QUESTION11 1 -6.563e+02 2.867e+02 4.000e+00
s>                ( - -1.984e+02 1 0)
s>                ( - -1.713e+02 1 0))
s>            ( QUESTION0_7_R 1 -4.560e+03 1.295e+02 2.200e+01
s>                ( - -1.427e+03 1 0)
s>                ( - -3.003e+03 4 0)))
s>        ( SILENCE 1 -2.429e+04 2.691e+02 1.032e+02
s>            ( - -1.001e+04 1 0)
s>            ( - -1.401e+04 1 0)))INFO: dtree.c(1439): stop. leaf nodes are specific
INFO: dtree.c(1478): Final simple tree
|( QUESTION0_1_R 1 -5.143e+04 3.306e+02 2.356e+02
|    ( - -2.199e+04 1 0)
|    ( - -2.911e+04 1 0))
s>    ( QUESTION0_1_R 1 -5.143e+04 3.306e+02 2.356e+02
s>        ( - -2.199e+04 1 0)
s>        ( - -2.911e+04 1 0))INFO: dtree.c(1315): Comp split 1
INFO: dtree.c(1439): stop. leaf nodes are specific
INFO: dtree.c(1478): Final simple tree
|( QUESTION0_9_R 1 -5.352e+03 1.356e+02 2.600e+01
|    ( QUESTION11 1 -6.563e+02 2.867e+02 4.000e+00
|        ( - -1.984e+02 1 0)
|        ( - -1.713e+02 1 0))
|    ( QUESTION0_7_R 1 -4.560e+03 1.295e+02 2.200e+01
|        ( - -1.427e+03 1 0)
|        ( - -3.003e+03 4 0)))
s>    ( QUESTION0_9_R 1 -5.352e+03 1.356e+02 2.600e+01
s>        ( QUESTION11 1 -6.563e+02 2.867e+02 4.000e+00
s>            ( - -1.984e+02 1 0)
s>            ( - -1.713e+02 1 0))
s>        ( QUESTION0_7_R 1 -4.560e+03 1.295e+02 2.200e+01
s>            ( - -1.427e+03 1 0)
s>            ( - -3.003e+03 4 0)))INFO: dtree.c(1439): stop. leaf nodes are specific
INFO: dtree.c(1478): Final simple tree
|( SILENCE 1 -2.429e+04 2.691e+02 1.032e+02
|    ( - -1.001e+04 1 0)
|    ( - -1.401e+04 1 0))
s>    ( SILENCE 1 -2.429e+04 2.691e+02 1.032e+02
s>        ( - -1.001e+04 1 0)
s>        ( - -1.401e+04 1 0))INFO: dtree.c(1315): Comp split 2
INFO: dtree.c(1315): Comp split 3
INFO: dtree.c(1315): Comp split 4
INFO: dtree.c(1439): stop. leaf nodes are specific
INFO: dtree.c(1478): Final simple tree
|( QUESTION0_9_R 1 -4.923e+03 1.924e+02 2.400e+01
|    ( - -1.713e+02 1 0)
|    ( QUESTION0_7_R 1 -4.560e+03 1.295e+02 2.200e+01
|        ( - -1.427e+03 1 0)
|        ( - -3.003e+03 4 0)))
s>    ( QUESTION0_9_R 1 -4.923e+03 1.924e+02 2.400e+01
s>        ( - -1.713e+02 1 0)
s>        ( QUESTION0_7_R 1 -4.560e+03 1.295e+02 2.200e+01
s>            ( - -1.427e+03 1 0)
s>            ( - -3.003e+03 4 0)))INFO: dtree.c(1315): Comp split 5
INFO: dtree.c(1439): stop. leaf nodes are specific
INFO: dtree.c(1478): Final simple tree
|( QUESTION0_7_R 1 -4.560e+03 1.295e+02 2.200e+01
|    ( - -1.427e+03 1 0)
|    ( - -3.003e+03 4 0))
s>    ( QUESTION0_7_R 1 -4.560e+03 1.295e+02 2.200e+01
s>        ( - -1.427e+03 1 0)
s>        ( - -3.003e+03 4 0))INFO: dtree.c(1315): Comp split 6
INFO: dtree.c(1315): Comp split 7
INFO: dtree.c(1318): stop. leaf nodes are specific
!!!!!!!!Allocated 67 lines
Wed Apr  6 14:10:36 2016
