Current configuration:
[NAME]		[DEFLT]	[VALUE]
-allphones	no	no
-cntthresh	0.00001	1.000000e-05
-csplitmax	100	2000
-csplitmin	1	1
-csplitthr	8e-4	0.000000e+00
-example	no	no
-fullvar	no	no
-help		no	no
-meanfn			/home/nguyenvanthinh/Desktop/Git/speech recognition  demo/acoustic/model_parameters/digit.cd_cont_untied/means
-mixwfn			/home/nguyenvanthinh/Desktop/Git/speech recognition  demo/acoustic/model_parameters/digit.cd_cont_untied/mixture_weights
-moddeffn		/home/nguyenvanthinh/Desktop/Git/speech recognition  demo/acoustic/model_architecture/digit.untied.mdef
-mwfloor	1e-4	1.000000e-08
-phone			t
-psetfn			/home/nguyenvanthinh/Desktop/Git/speech recognition  demo/acoustic/model_architecture/digit.tree_questions
-ssplitmax	5	7
-ssplitmin	1	1
-ssplitthr	8e-4	0.000000e+00
-state			0
-stwt			1.0,0.05,0.0,
-treefn			/home/nguyenvanthinh/Desktop/Git/speech recognition  demo/acoustic/trees/digit.unpruned/t-0.dtree
-ts2cbfn	.semi.	.cont.
-varfloor	0.00001	1.000000e-05
-varfn			/home/nguyenvanthinh/Desktop/Git/speech recognition  demo/acoustic/model_parameters/digit.cd_cont_untied/variances

INFO: main.c(223): Reading: /home/nguyenvanthinh/Desktop/Git/speech recognition  demo/acoustic/model_architecture/digit.untied.mdef
INFO: model_def_io.c(573): Model definition info:
INFO: model_def_io.c(574): 326 total models defined (31 base, 295 tri)
INFO: model_def_io.c(575): 1304 total states
INFO: model_def_io.c(576): 978 total tied states
INFO: model_def_io.c(577): 93 total tied CI states
INFO: model_def_io.c(578): 31 total tied transition matrices
INFO: model_def_io.c(579): 4 max state/model
INFO: model_def_io.c(580): 4 min state/model
INFO: main.c(242): Building trees for [t SIL as b] through [t uz uw b]
INFO: main.c(269): Covering states |[792 836]| == 45
INFO: main.c(275): Reading: /home/nguyenvanthinh/Desktop/Git/speech recognition  demo/acoustic/model_parameters/digit.cd_cont_untied/mixture_weights
INFO: s3mixw_io.c(173): Read /home/nguyenvanthinh/Desktop/Git/speech recognition  demo/acoustic/model_parameters/digit.cd_cont_untied/mixture_weights [45x1x1 array]
INFO: main.c(311): 15 of 15 models have observation count greater than 0.000010
INFO: main.c(95): nrm stwt: 0.952 0.048 0.000 
INFO: s3gau_io.c(169): Read /home/nguyenvanthinh/Desktop/Git/speech recognition  demo/acoustic/model_parameters/digit.cd_cont_untied/means [978x1x1 array]
INFO: s3gau_io.c(169): Read /home/nguyenvanthinh/Desktop/Git/speech recognition  demo/acoustic/model_parameters/digit.cd_cont_untied/variances [978x1x1 array]
INFO: main.c(549): Reading: /home/nguyenvanthinh/Desktop/Git/speech recognition  demo/acoustic/model_architecture/digit.tree_questions
INFO: main.c(588): 178 total simple questions (170 phone; 8 word bndry)
INFO: main.c(590): 42 Left Only questions, and 40 Right Only questions
INFO: dtree.c(1478): Final simple tree
|( QUESTION0_0_R 1 -1.035e+06 2.292e+03 4.440e+03
|    ( QUESTION0 -1 -9.241e+05 1.726e+03 3.975e+03
|        ( - -1.184e+05 1 0)
|        ( QUESTION20 -1 -8.040e+05 1.311e+03 3.455e+03
|            ( - -2.430e+05 2 0 QUESTION2_7_L -1 2.027e+02 1.055e+03)
|            ( QUESTION9 -1 -5.597e+05 1.165e+03 2.400e+03
|                ( - -8.952e+04 1 0)
|                ( QUESTION8 -1 -4.690e+05 9.367e+02 2.012e+03
|                    ( - -1.225e+05 1 0)
|                    ( QUESTION2_3_L -1 -3.456e+05 6.546e+02 1.483e+03
|                        ( - -6.871e+04 2 0 QUESTION2 -1 1.527e+02 2.941e+02)
|                        ( - -2.762e+05 2 0 SILENCE -1 2.149e+02 1.189e+03))))))
|    ( QUESTION0 -1 -1.083e+05 6.127e+02 4.649e+02
|        ( - -2.153e+04 1 0)
|        ( - -8.613e+04 5 0 QUESTION9 -1 5.797e+02 3.694e+02)))
s>    ( QUESTION0_0_R 1 -1.035e+06 2.292e+03 4.440e+03
s>        ( QUESTION0 -1 -9.241e+05 1.726e+03 3.975e+03
s>            ( - -1.184e+05 1 0)
s>            ( QUESTION20 -1 -8.040e+05 1.311e+03 3.455e+03
s>                ( - -2.430e+05 2 0 QUESTION2_7_L -1 2.027e+02 1.055e+03)
s>                ( QUESTION9 -1 -5.597e+05 1.165e+03 2.400e+03
s>                    ( - -8.952e+04 1 0)
s>                    ( QUESTION8 -1 -4.690e+05 9.367e+02 2.012e+03
s>                        ( - -1.225e+05 1 0)
s>                        ( QUESTION2_3_L -1 -3.456e+05 6.546e+02 1.483e+03
s>                            ( - -6.871e+04 2 0 QUESTION2 -1 1.527e+02 2.941e+02)
s>                            ( - -2.762e+05 2 0 SILENCE -1 2.149e+02 1.189e+03))))))
s>        ( QUESTION0 -1 -1.083e+05 6.127e+02 4.649e+02
s>            ( - -2.153e+04 1 0)
s>            ( - -8.613e+04 5 0 QUESTION9 -1 5.797e+02 3.694e+02)))INFO: dtree.c(1315): Comp split 0
INFO: dtree.c(1439): stop. leaf nodes are specific
INFO: dtree.c(1478): Final simple tree
|( QUESTION20 -1 -7.134e+05 1.479e+03 3.067e+03
|    ( QUESTION2_7_L -1 -2.430e+05 2.027e+02 1.055e+03
|        ( - -2.423e+05 1 0)
|        ( - -5.046e+02 1 0))
|    ( QUESTION8 -1 -4.690e+05 9.367e+02 2.012e+03
|        ( - -1.225e+05 1 0)
|        ( QUESTION2_3_L -1 -3.456e+05 6.546e+02 1.483e+03
|            ( QUESTION2 -1 -6.871e+04 1.527e+02 2.941e+02
|                ( - -3.798e+04 1 0)
|                ( - -3.057e+04 1 0))
|            ( SILENCE -1 -2.762e+05 2.149e+02 1.189e+03
|                ( - -4.989e+04 1 0)
|                ( - -2.261e+05 1 0)))))
s>    ( QUESTION20 -1 -7.134e+05 1.479e+03 3.067e+03
s>        ( QUESTION2_7_L -1 -2.430e+05 2.027e+02 1.055e+03
s>            ( - -2.423e+05 1 0)
s>            ( - -5.046e+02 1 0))
s>        ( QUESTION8 -1 -4.690e+05 9.367e+02 2.012e+03
s>            ( - -1.225e+05 1 0)
s>            ( QUESTION2_3_L -1 -3.456e+05 6.546e+02 1.483e+03
s>                ( QUESTION2 -1 -6.871e+04 1.527e+02 2.941e+02
s>                    ( - -3.798e+04 1 0)
s>                    ( - -3.057e+04 1 0))
s>                ( SILENCE -1 -2.762e+05 2.149e+02 1.189e+03
s>                    ( - -4.989e+04 1 0)
s>                    ( - -2.261e+05 1 0)))))INFO: dtree.c(1478): Final simple tree
|( QUESTION0_0_R 1 -3.184e+05 1.326e+03 1.374e+03
|    ( QUESTION0 -1 -2.088e+05 8.210e+02 9.090e+02
|        ( - -1.184e+05 1 0)
|        ( - -8.952e+04 1 0))
|    ( QUESTION0 -1 -1.083e+05 6.127e+02 4.649e+02
|        ( - -2.153e+04 1 0)
|        ( QUESTION9 -1 -8.613e+04 5.797e+02 3.694e+02
|            ( - -1.836e+04 1 0)
|            ( QUESTION5 -1 -6.719e+04 3.452e+02 2.890e+02
|                ( QUESTION7 -1 -3.249e+04 2.168e+02 1.400e+02
|                    ( - -8.562e+03 1 0)
|                    ( - -2.371e+04 1 0))
|                ( QUESTION2 -1 -3.435e+04 1.940e+02 1.490e+02
|                    ( - -9.558e+03 1 0)
|                    ( - -2.460e+04 1 0))))))
s>    ( QUESTION0_0_R 1 -3.184e+05 1.326e+03 1.374e+03
s>        ( QUESTION0 -1 -2.088e+05 8.210e+02 9.090e+02
s>            ( - -1.184e+05 1 0)
s>            ( - -8.952e+04 1 0))
s>        ( QUESTION0 -1 -1.083e+05 6.127e+02 4.649e+02
s>            ( - -2.153e+04 1 0)
s>            ( QUESTION9 -1 -8.613e+04 5.797e+02 3.694e+02
s>                ( - -1.836e+04 1 0)
s>                ( QUESTION5 -1 -6.719e+04 3.452e+02 2.890e+02
s>                    ( QUESTION7 -1 -3.249e+04 2.168e+02 1.400e+02
s>                        ( - -8.562e+03 1 0)
s>                        ( - -2.371e+04 1 0))
s>                    ( QUESTION2 -1 -3.435e+04 1.940e+02 1.490e+02
s>                        ( - -9.558e+03 1 0)
s>                        ( - -2.460e+04 1 0))))))INFO: dtree.c(1315): Comp split 1
INFO: dtree.c(1439): stop. leaf nodes are specific
INFO: dtree.c(1478): Final simple tree
|( QUESTION8 -1 -4.690e+05 9.367e+02 2.012e+03
|    ( - -1.225e+05 1 0)
|    ( QUESTION2_3_L -1 -3.456e+05 6.546e+02 1.483e+03
|        ( QUESTION2 -1 -6.871e+04 1.527e+02 2.941e+02
|            ( - -3.798e+04 1 0)
|            ( - -3.057e+04 1 0))
|        ( SILENCE -1 -2.762e+05 2.149e+02 1.189e+03
|            ( - -4.989e+04 1 0)
|            ( - -2.261e+05 1 0))))
s>    ( QUESTION8 -1 -4.690e+05 9.367e+02 2.012e+03
s>        ( - -1.225e+05 1 0)
s>        ( QUESTION2_3_L -1 -3.456e+05 6.546e+02 1.483e+03
s>            ( QUESTION2 -1 -6.871e+04 1.527e+02 2.941e+02
s>                ( - -3.798e+04 1 0)
s>                ( - -3.057e+04 1 0))
s>            ( SILENCE -1 -2.762e+05 2.149e+02 1.189e+03
s>                ( - -4.989e+04 1 0)
s>                ( - -2.261e+05 1 0))))INFO: dtree.c(1439): stop. leaf nodes are specific
INFO: dtree.c(1478): Final simple tree
|( QUESTION2_7_L -1 -2.430e+05 2.027e+02 1.055e+03
|    ( - -2.423e+05 1 0)
|    ( - -5.046e+02 1 0))
s>    ( QUESTION2_7_L -1 -2.430e+05 2.027e+02 1.055e+03
s>        ( - -2.423e+05 1 0)
s>        ( - -5.046e+02 1 0))INFO: dtree.c(1315): Comp split 2
INFO: dtree.c(1439): stop. leaf nodes are specific
INFO: dtree.c(1478): Final simple tree
|( QUESTION5 -1 -6.719e+04 3.452e+02 2.890e+02
|    ( QUESTION7 -1 -3.249e+04 2.168e+02 1.400e+02
|        ( - -8.562e+03 1 0)
|        ( - -2.371e+04 1 0))
|    ( QUESTION2 -1 -3.435e+04 1.940e+02 1.490e+02
|        ( - -9.558e+03 1 0)
|        ( - -2.460e+04 1 0)))
s>    ( QUESTION5 -1 -6.719e+04 3.452e+02 2.890e+02
s>        ( QUESTION7 -1 -3.249e+04 2.168e+02 1.400e+02
s>            ( - -8.562e+03 1 0)
s>            ( - -2.371e+04 1 0))
s>        ( QUESTION2 -1 -3.435e+04 1.940e+02 1.490e+02
s>            ( - -9.558e+03 1 0)
s>            ( - -2.460e+04 1 0)))INFO: dtree.c(1439): stop. leaf nodes are specific
INFO: dtree.c(1478): Final simple tree
|( QUESTION0 -1 -2.498e+05 1.142e+03 1.085e+03
|    ( QUESTION0_0_R 1 -1.404e+05 4.081e+02 6.157e+02
|        ( - -1.184e+05 1 0)
|        ( - -2.153e+04 1 0))
|    ( QUESTION0_0_R 1 -1.083e+05 3.822e+02 4.692e+02
|        ( - -8.952e+04 1 0)
|        ( - -1.836e+04 1 0)))
s>    ( QUESTION0 -1 -2.498e+05 1.142e+03 1.085e+03
s>        ( QUESTION0_0_R 1 -1.404e+05 4.081e+02 6.157e+02
s>            ( - -1.184e+05 1 0)
s>            ( - -2.153e+04 1 0))
s>        ( QUESTION0_0_R 1 -1.083e+05 3.822e+02 4.692e+02
s>            ( - -8.952e+04 1 0)
s>            ( - -1.836e+04 1 0)))INFO: dtree.c(1315): Comp split 3
INFO: dtree.c(1439): stop. leaf nodes are specific
INFO: dtree.c(1478): Final simple tree
|( QUESTION0_0_R 1 -1.083e+05 3.822e+02 4.692e+02
|    ( - -8.952e+04 1 0)
|    ( - -1.836e+04 1 0))
s>    ( QUESTION0_0_R 1 -1.083e+05 3.822e+02 4.692e+02
s>        ( - -8.952e+04 1 0)
s>        ( - -1.836e+04 1 0))INFO: dtree.c(1439): stop. leaf nodes are specific
INFO: dtree.c(1478): Final simple tree
|( QUESTION0_0_R 1 -1.404e+05 4.081e+02 6.157e+02
|    ( - -1.184e+05 1 0)
|    ( - -2.153e+04 1 0))
s>    ( QUESTION0_0_R 1 -1.404e+05 4.081e+02 6.157e+02
s>        ( - -1.184e+05 1 0)
s>        ( - -2.153e+04 1 0))INFO: dtree.c(1315): Comp split 4
INFO: dtree.c(1439): stop. leaf nodes are specific
INFO: dtree.c(1478): Final simple tree
|( QUESTION2_3_L -1 -3.456e+05 6.546e+02 1.483e+03
|    ( QUESTION2 -1 -6.871e+04 1.527e+02 2.941e+02
|        ( - -3.798e+04 1 0)
|        ( - -3.057e+04 1 0))
|    ( SILENCE -1 -2.762e+05 2.149e+02 1.189e+03
|        ( - -4.989e+04 1 0)
|        ( - -2.261e+05 1 0)))
s>    ( QUESTION2_3_L -1 -3.456e+05 6.546e+02 1.483e+03
s>        ( QUESTION2 -1 -6.871e+04 1.527e+02 2.941e+02
s>            ( - -3.798e+04 1 0)
s>            ( - -3.057e+04 1 0))
s>        ( SILENCE -1 -2.762e+05 2.149e+02 1.189e+03
s>            ( - -4.989e+04 1 0)
s>            ( - -2.261e+05 1 0)))INFO: dtree.c(1315): Comp split 5
INFO: dtree.c(1439): stop. leaf nodes are specific
INFO: dtree.c(1478): Final simple tree
|( SILENCE -1 -2.762e+05 2.149e+02 1.189e+03
|    ( - -4.989e+04 1 0)
|    ( - -2.261e+05 1 0))
s>    ( SILENCE -1 -2.762e+05 2.149e+02 1.189e+03
s>        ( - -4.989e+04 1 0)
s>        ( - -2.261e+05 1 0))INFO: dtree.c(1439): stop. leaf nodes are specific
INFO: dtree.c(1478): Final simple tree
|( QUESTION2 -1 -6.871e+04 1.527e+02 2.941e+02
|    ( - -3.798e+04 1 0)
|    ( - -3.057e+04 1 0))
s>    ( QUESTION2 -1 -6.871e+04 1.527e+02 2.941e+02
s>        ( - -3.798e+04 1 0)
s>        ( - -3.057e+04 1 0))INFO: dtree.c(1315): Comp split 6
INFO: dtree.c(1315): Comp split 7
INFO: dtree.c(1315): Comp split 8
INFO: dtree.c(1439): stop. leaf nodes are specific
INFO: dtree.c(1478): Final simple tree
|( QUESTION2 -1 -3.435e+04 1.940e+02 1.490e+02
|    ( - -9.558e+03 1 0)
|    ( - -2.460e+04 1 0))
s>    ( QUESTION2 -1 -3.435e+04 1.940e+02 1.490e+02
s>        ( - -9.558e+03 1 0)
s>        ( - -2.460e+04 1 0))INFO: dtree.c(1439): stop. leaf nodes are specific
INFO: dtree.c(1478): Final simple tree
|( QUESTION7 -1 -3.249e+04 2.168e+02 1.400e+02
|    ( - -8.562e+03 1 0)
|    ( - -2.371e+04 1 0))
s>    ( QUESTION7 -1 -3.249e+04 2.168e+02 1.400e+02
s>        ( - -8.562e+03 1 0)
s>        ( - -2.371e+04 1 0))INFO: dtree.c(1315): Comp split 9
INFO: dtree.c(1315): Comp split 10
INFO: dtree.c(1315): Comp split 11
INFO: dtree.c(1315): Comp split 12
INFO: dtree.c(1315): Comp split 13
INFO: dtree.c(1315): Comp split 14
INFO: dtree.c(1318): stop. leaf nodes are specific
!!!!!!!!Allocated 67 lines
Wed Apr  6 14:10:36 2016
