Current configuration:
[NAME]		[DEFLT]	[VALUE]
-allphones	no	no
-cntthresh	0.00001	1.000000e-05
-csplitmax	100	2000
-csplitmin	1	1
-csplitthr	8e-4	0.000000e+00
-example	no	no
-fullvar	no	no
-help		no	no
-meanfn			/home/nguyenvanthinh/Desktop/Git/speech recognition  demo/acoustic/model_parameters/digit.cd_cont_untied/means
-mixwfn			/home/nguyenvanthinh/Desktop/Git/speech recognition  demo/acoustic/model_parameters/digit.cd_cont_untied/mixture_weights
-moddeffn		/home/nguyenvanthinh/Desktop/Git/speech recognition  demo/acoustic/model_architecture/digit.untied.mdef
-mwfloor	1e-4	1.000000e-08
-phone			m
-psetfn			/home/nguyenvanthinh/Desktop/Git/speech recognition  demo/acoustic/model_architecture/digit.tree_questions
-ssplitmax	5	7
-ssplitmin	1	1
-ssplitthr	8e-4	0.000000e+00
-state			2
-stwt			1.0,0.05,0.0,
-treefn			/home/nguyenvanthinh/Desktop/Git/speech recognition  demo/acoustic/trees/digit.unpruned/m-2.dtree
-ts2cbfn	.semi.	.cont.
-varfloor	0.00001	1.000000e-05
-varfn			/home/nguyenvanthinh/Desktop/Git/speech recognition  demo/acoustic/model_parameters/digit.cd_cont_untied/variances

INFO: main.c(223): Reading: /home/nguyenvanthinh/Desktop/Git/speech recognition  demo/acoustic/model_architecture/digit.untied.mdef
INFO: model_def_io.c(573): Model definition info:
INFO: model_def_io.c(574): 326 total models defined (31 base, 295 tri)
INFO: model_def_io.c(575): 1304 total states
INFO: model_def_io.c(576): 978 total tied states
INFO: model_def_io.c(577): 93 total tied CI states
INFO: model_def_io.c(578): 31 total tied transition matrices
INFO: model_def_io.c(579): 4 max state/model
INFO: model_def_io.c(580): 4 min state/model
INFO: main.c(242): Building trees for [m SIL ooj b] through [m uz uw b]
INFO: main.c(269): Covering states |[432 488]| == 57
INFO: main.c(275): Reading: /home/nguyenvanthinh/Desktop/Git/speech recognition  demo/acoustic/model_parameters/digit.cd_cont_untied/mixture_weights
INFO: s3mixw_io.c(173): Read /home/nguyenvanthinh/Desktop/Git/speech recognition  demo/acoustic/model_parameters/digit.cd_cont_untied/mixture_weights [57x1x1 array]
INFO: main.c(311): 19 of 19 models have observation count greater than 0.000010
INFO: main.c(95): nrm stwt: 0.000 0.048 0.952 
INFO: s3gau_io.c(169): Read /home/nguyenvanthinh/Desktop/Git/speech recognition  demo/acoustic/model_parameters/digit.cd_cont_untied/means [978x1x1 array]
INFO: s3gau_io.c(169): Read /home/nguyenvanthinh/Desktop/Git/speech recognition  demo/acoustic/model_parameters/digit.cd_cont_untied/variances [978x1x1 array]
INFO: main.c(549): Reading: /home/nguyenvanthinh/Desktop/Git/speech recognition  demo/acoustic/model_architecture/digit.tree_questions
INFO: main.c(588): 178 total simple questions (170 phone; 8 word bndry)
INFO: main.c(590): 42 Left Only questions, and 40 Right Only questions
INFO: dtree.c(1478): Final simple tree
|( QUESTION0_19_R 1 -7.156e+05 3.996e+03 3.257e+03
|    ( QUESTION8 -1 -6.175e+05 8.499e+02 2.846e+03
|        ( - -1.178e+05 1 0)
|        ( SILENCE -1 -4.989e+05 7.112e+02 2.297e+03
|            ( - -2.938e+04 1 0)
|            ( QUESTION4 -1 -4.688e+05 7.846e+02 2.161e+03
|                ( - -1.102e+05 1 0)
|                ( - -3.578e+05 5 0 QUESTION2 -1 5.374e+02 1.648e+03))))
|    ( QUESTION0_14_R 1 -9.410e+04 2.020e+03 4.109e+02
|        ( QUESTION2 -1 -5.555e+04 6.629e+02 2.435e+02
|            ( QUESTION7 -1 -1.649e+04 5.782e+02 7.247e+01
|                ( - 2.420e+02 1 0)
|                ( - -1.615e+04 3 0 QUESTION3 -1 4.911e+02 7.147e+01))
|            ( - -3.840e+04 2 0 QUESTION0 -1 1.508e+02 1.710e+02))
|        ( - -3.653e+04 5 0 QUESTION3 -1 3.083e+02 1.674e+02)))
s>    ( QUESTION0_19_R 1 -7.156e+05 3.996e+03 3.257e+03
s>        ( QUESTION8 -1 -6.175e+05 8.499e+02 2.846e+03
s>            ( - -1.178e+05 1 0)
s>            ( SILENCE -1 -4.989e+05 7.112e+02 2.297e+03
s>                ( - -2.938e+04 1 0)
s>                ( QUESTION4 -1 -4.688e+05 7.846e+02 2.161e+03
s>                    ( - -1.102e+05 1 0)
s>                    ( - -3.578e+05 5 0 QUESTION2 -1 5.374e+02 1.648e+03))))
s>        ( QUESTION0_14_R 1 -9.410e+04 2.020e+03 4.109e+02
s>            ( QUESTION2 -1 -5.555e+04 6.629e+02 2.435e+02
s>                ( QUESTION7 -1 -1.649e+04 5.782e+02 7.247e+01
s>                    ( - 2.420e+02 1 0)
s>                    ( - -1.615e+04 3 0 QUESTION3 -1 4.911e+02 7.147e+01))
s>                ( - -3.840e+04 2 0 QUESTION0 -1 1.508e+02 1.710e+02))
s>            ( - -3.653e+04 5 0 QUESTION3 -1 3.083e+02 1.674e+02)))INFO: dtree.c(1315): Comp split 0
INFO: dtree.c(1478): Final simple tree
|( QUESTION8 -1 -6.179e+05 8.543e+02 2.847e+03
|    ( - -1.178e+05 1 0)
|    ( SILENCE -1 -4.992e+05 7.045e+02 2.298e+03
|        ( - -2.938e+04 1 0)
|        ( QUESTION4 -1 -4.691e+05 7.732e+02 2.162e+03
|            ( - -1.102e+05 1 0)
|            ( QUESTION0_17_R 1 -3.582e+05 5.906e+02 1.649e+03
|                ( - 2.420e+02 1 0)
|                ( QUESTION2 -1 -3.578e+05 5.374e+02 1.648e+03
|                    ( QUESTION3 -1 -1.269e+05 3.797e+02 5.892e+02
|                        ( - -6.757e+04 1 0)
|                        ( - -5.898e+04 1 0))
|                    ( QUESTION11 -1 -2.303e+05 6.198e+02 1.059e+03
|                        ( - -6.158e+04 1 0)
|                        ( - -1.681e+05 2 0 QUESTION0 -1 2.310e+02 7.733e+02)))))))
s>    ( QUESTION8 -1 -6.179e+05 8.543e+02 2.847e+03
s>        ( - -1.178e+05 1 0)
s>        ( SILENCE -1 -4.992e+05 7.045e+02 2.298e+03
s>            ( - -2.938e+04 1 0)
s>            ( QUESTION4 -1 -4.691e+05 7.732e+02 2.162e+03
s>                ( - -1.102e+05 1 0)
s>                ( QUESTION0_17_R 1 -3.582e+05 5.906e+02 1.649e+03
s>                    ( - 2.420e+02 1 0)
s>                    ( QUESTION2 -1 -3.578e+05 5.374e+02 1.648e+03
s>                        ( QUESTION3 -1 -1.269e+05 3.797e+02 5.892e+02
s>                            ( - -6.757e+04 1 0)
s>                            ( - -5.898e+04 1 0))
s>                        ( QUESTION11 -1 -2.303e+05 6.198e+02 1.059e+03
s>                            ( - -6.158e+04 1 0)
s>                            ( - -1.681e+05 2 0 QUESTION0 -1 2.310e+02 7.733e+02)))))))INFO: dtree.c(1478): Final simple tree
|( QUESTION0_14_R 1 -9.374e+04 2.070e+03 4.099e+02
|    ( QUESTION2 -1 -5.514e+04 5.900e+02 2.425e+02
|        ( QUESTION3 -1 -1.615e+04 4.911e+02 7.147e+01
|            ( QUESTION4 -1 -9.689e+03 1.731e+02 4.406e+01
|                ( - -4.107e+03 1 0)
|                ( - -5.409e+03 1 0))
|            ( - -5.971e+03 1 0))
|        ( - -3.840e+04 2 0 QUESTION0 -1 1.508e+02 1.710e+02))
|    ( QUESTION3 -1 -3.653e+04 3.083e+02 1.674e+02
|        ( QUESTION4 -1 -1.612e+04 1.580e+02 7.501e+01
|            ( - -8.771e+03 1 0)
|            ( - -7.194e+03 1 0))
|        ( QUESTION10 -1 -2.010e+04 2.041e+02 9.237e+01
|            ( - -9.395e+03 1 0)
|            ( - -1.050e+04 2 0 QUESTION0 -1 1.252e+02 4.794e+01))))
s>    ( QUESTION0_14_R 1 -9.374e+04 2.070e+03 4.099e+02
s>        ( QUESTION2 -1 -5.514e+04 5.900e+02 2.425e+02
s>            ( QUESTION3 -1 -1.615e+04 4.911e+02 7.147e+01
s>                ( QUESTION4 -1 -9.689e+03 1.731e+02 4.406e+01
s>                    ( - -4.107e+03 1 0)
s>                    ( - -5.409e+03 1 0))
s>                ( - -5.971e+03 1 0))
s>            ( - -3.840e+04 2 0 QUESTION0 -1 1.508e+02 1.710e+02))
s>        ( QUESTION3 -1 -3.653e+04 3.083e+02 1.674e+02
s>            ( QUESTION4 -1 -1.612e+04 1.580e+02 7.501e+01
s>                ( - -8.771e+03 1 0)
s>                ( - -7.194e+03 1 0))
s>            ( QUESTION10 -1 -2.010e+04 2.041e+02 9.237e+01
s>                ( - -9.395e+03 1 0)
s>                ( - -1.050e+04 2 0 QUESTION0 -1 1.252e+02 4.794e+01))))INFO: dtree.c(1315): Comp split 1
INFO: dtree.c(1439): stop. leaf nodes are specific
INFO: dtree.c(1478): Final simple tree
|( QUESTION3 -1 -3.653e+04 3.083e+02 1.674e+02
|    ( QUESTION4 -1 -1.612e+04 1.580e+02 7.501e+01
|        ( - -8.771e+03 1 0)
|        ( - -7.194e+03 1 0))
|    ( QUESTION10 -1 -2.010e+04 2.041e+02 9.237e+01
|        ( - -9.395e+03 1 0)
|        ( QUESTION0 -1 -1.050e+04 1.252e+02 4.794e+01
|            ( - -5.208e+03 1 0)
|            ( - -5.166e+03 1 0))))
s>    ( QUESTION3 -1 -3.653e+04 3.083e+02 1.674e+02
s>        ( QUESTION4 -1 -1.612e+04 1.580e+02 7.501e+01
s>            ( - -8.771e+03 1 0)
s>            ( - -7.194e+03 1 0))
s>        ( QUESTION10 -1 -2.010e+04 2.041e+02 9.237e+01
s>            ( - -9.395e+03 1 0)
s>            ( QUESTION0 -1 -1.050e+04 1.252e+02 4.794e+01
s>                ( - -5.208e+03 1 0)
s>                ( - -5.166e+03 1 0))))INFO: dtree.c(1439): stop. leaf nodes are specific
INFO: dtree.c(1478): Final simple tree
|( QUESTION2 -1 -5.514e+04 5.900e+02 2.425e+02
|    ( QUESTION3 -1 -1.615e+04 4.911e+02 7.147e+01
|        ( QUESTION4 -1 -9.689e+03 1.731e+02 4.406e+01
|            ( - -4.107e+03 1 0)
|            ( - -5.409e+03 1 0))
|        ( - -5.971e+03 1 0))
|    ( QUESTION0 -1 -3.840e+04 1.508e+02 1.710e+02
|        ( - -2.983e+03 1 0)
|        ( - -3.527e+04 1 0)))
s>    ( QUESTION2 -1 -5.514e+04 5.900e+02 2.425e+02
s>        ( QUESTION3 -1 -1.615e+04 4.911e+02 7.147e+01
s>            ( QUESTION4 -1 -9.689e+03 1.731e+02 4.406e+01
s>                ( - -4.107e+03 1 0)
s>                ( - -5.409e+03 1 0))
s>            ( - -5.971e+03 1 0))
s>        ( QUESTION0 -1 -3.840e+04 1.508e+02 1.710e+02
s>            ( - -2.983e+03 1 0)
s>            ( - -3.527e+04 1 0)))INFO: dtree.c(1315): Comp split 2
INFO: dtree.c(1439): stop. leaf nodes are specific
INFO: dtree.c(1478): Final simple tree
|( QUESTION8 -1 -4.763e+05 7.220e+02 2.197e+03
|    ( - -1.178e+05 1 0)
|    ( QUESTION2 -1 -3.578e+05 5.374e+02 1.648e+03
|        ( QUESTION3 -1 -1.269e+05 3.797e+02 5.892e+02
|            ( - -6.757e+04 1 0)
|            ( - -5.898e+04 1 0))
|        ( QUESTION11 -1 -2.303e+05 6.198e+02 1.059e+03
|            ( - -6.158e+04 1 0)
|            ( QUESTION0 -1 -1.681e+05 2.310e+02 7.733e+02
|                ( - -6.172e+04 1 0)
|                ( - -1.062e+05 1 0)))))
s>    ( QUESTION8 -1 -4.763e+05 7.220e+02 2.197e+03
s>        ( - -1.178e+05 1 0)
s>        ( QUESTION2 -1 -3.578e+05 5.374e+02 1.648e+03
s>            ( QUESTION3 -1 -1.269e+05 3.797e+02 5.892e+02
s>                ( - -6.757e+04 1 0)
s>                ( - -5.898e+04 1 0))
s>            ( QUESTION11 -1 -2.303e+05 6.198e+02 1.059e+03
s>                ( - -6.158e+04 1 0)
s>                ( QUESTION0 -1 -1.681e+05 2.310e+02 7.733e+02
s>                    ( - -6.172e+04 1 0)
s>                    ( - -1.062e+05 1 0)))))INFO: dtree.c(1439): stop. leaf nodes are specific
INFO: dtree.c(1478): Final simple tree
|( QUESTION0_17_R 1 -1.403e+05 5.564e+02 6.493e+02
|    ( - 2.420e+02 1 0)
|    ( SILENCE -1 -1.400e+05 4.256e+02 6.483e+02
|        ( - -2.938e+04 1 0)
|        ( - -1.102e+05 1 0)))
s>    ( QUESTION0_17_R 1 -1.403e+05 5.564e+02 6.493e+02
s>        ( - 2.420e+02 1 0)
s>        ( SILENCE -1 -1.400e+05 4.256e+02 6.483e+02
s>            ( - -2.938e+04 1 0)
s>            ( - -1.102e+05 1 0)))INFO: dtree.c(1315): Comp split 3
INFO: dtree.c(1439): stop. leaf nodes are specific
INFO: dtree.c(1478): Final simple tree
|( QUESTION2 -1 -1.889e+05 4.142e+02 8.750e+02
|    ( QUESTION3 -1 -1.269e+05 3.797e+02 5.892e+02
|        ( - -6.757e+04 1 0)
|        ( - -5.898e+04 1 0))
|    ( - -6.158e+04 1 0))
s>    ( QUESTION2 -1 -1.889e+05 4.142e+02 8.750e+02
s>        ( QUESTION3 -1 -1.269e+05 3.797e+02 5.892e+02
s>            ( - -6.757e+04 1 0)
s>            ( - -5.898e+04 1 0))
s>        ( - -6.158e+04 1 0))INFO: dtree.c(1439): stop. leaf nodes are specific
INFO: dtree.c(1478): Final simple tree
|( QUESTION2 -1 -2.866e+05 6.204e+02 1.322e+03
|    ( - -1.178e+05 1 0)
|    ( QUESTION0 -1 -1.681e+05 2.310e+02 7.733e+02
|        ( - -6.172e+04 1 0)
|        ( - -1.062e+05 1 0)))
s>    ( QUESTION2 -1 -2.866e+05 6.204e+02 1.322e+03
s>        ( - -1.178e+05 1 0)
s>        ( QUESTION0 -1 -1.681e+05 2.310e+02 7.733e+02
s>            ( - -6.172e+04 1 0)
s>            ( - -1.062e+05 1 0)))INFO: dtree.c(1315): Comp split 4
INFO: dtree.c(1439): stop. leaf nodes are specific
INFO: dtree.c(1478): Final simple tree
|( QUESTION0 -1 -1.681e+05 2.310e+02 7.733e+02
|    ( - -6.172e+04 1 0)
|    ( - -1.062e+05 1 0))
s>    ( QUESTION0 -1 -1.681e+05 2.310e+02 7.733e+02
s>        ( - -6.172e+04 1 0)
s>        ( - -1.062e+05 1 0))INFO: dtree.c(1315): Comp split 5
INFO: dtree.c(1439): stop. leaf nodes are specific
INFO: dtree.c(1478): Final simple tree
|( QUESTION3 -1 -1.615e+04 4.911e+02 7.147e+01
|    ( QUESTION4 -1 -9.689e+03 1.731e+02 4.406e+01
|        ( - -4.107e+03 1 0)
|        ( - -5.409e+03 1 0))
|    ( - -5.971e+03 1 0))
s>    ( QUESTION3 -1 -1.615e+04 4.911e+02 7.147e+01
s>        ( QUESTION4 -1 -9.689e+03 1.731e+02 4.406e+01
s>            ( - -4.107e+03 1 0)
s>            ( - -5.409e+03 1 0))
s>        ( - -5.971e+03 1 0))INFO: dtree.c(1439): stop. leaf nodes are specific
INFO: dtree.c(1478): Final simple tree
|( QUESTION0 -1 -3.840e+04 1.508e+02 1.710e+02
|    ( - -2.983e+03 1 0)
|    ( - -3.527e+04 1 0))
s>    ( QUESTION0 -1 -3.840e+04 1.508e+02 1.710e+02
s>        ( - -2.983e+03 1 0)
s>        ( - -3.527e+04 1 0))INFO: dtree.c(1315): Comp split 6
INFO: dtree.c(1439): stop. leaf nodes are specific
INFO: dtree.c(1478): Final simple tree
|( SILENCE -1 -1.400e+05 4.256e+02 6.483e+02
|    ( - -2.938e+04 1 0)
|    ( - -1.102e+05 1 0))
s>    ( SILENCE -1 -1.400e+05 4.256e+02 6.483e+02
s>        ( - -2.938e+04 1 0)
s>        ( - -1.102e+05 1 0))INFO: dtree.c(1315): Comp split 7
INFO: dtree.c(1439): stop. leaf nodes are specific
INFO: dtree.c(1478): Final simple tree
|( QUESTION4 -1 -9.689e+03 1.731e+02 4.406e+01
|    ( - -4.107e+03 1 0)
|    ( - -5.409e+03 1 0))
s>    ( QUESTION4 -1 -9.689e+03 1.731e+02 4.406e+01
s>        ( - -4.107e+03 1 0)
s>        ( - -5.409e+03 1 0))INFO: dtree.c(1315): Comp split 8
INFO: dtree.c(1315): Comp split 9
INFO: dtree.c(1439): stop. leaf nodes are specific
INFO: dtree.c(1478): Final simple tree
|( QUESTION3 -1 -1.269e+05 3.797e+02 5.892e+02
|    ( - -6.757e+04 1 0)
|    ( - -5.898e+04 1 0))
s>    ( QUESTION3 -1 -1.269e+05 3.797e+02 5.892e+02
s>        ( - -6.757e+04 1 0)
s>        ( - -5.898e+04 1 0))INFO: dtree.c(1315): Comp split 10
INFO: dtree.c(1315): Comp split 11
INFO: dtree.c(1439): stop. leaf nodes are specific
INFO: dtree.c(1478): Final simple tree
|( QUESTION10 -1 -2.010e+04 2.041e+02 9.237e+01
|    ( - -9.395e+03 1 0)
|    ( QUESTION0 -1 -1.050e+04 1.252e+02 4.794e+01
|        ( - -5.208e+03 1 0)
|        ( - -5.166e+03 1 0)))
s>    ( QUESTION10 -1 -2.010e+04 2.041e+02 9.237e+01
s>        ( - -9.395e+03 1 0)
s>        ( QUESTION0 -1 -1.050e+04 1.252e+02 4.794e+01
s>            ( - -5.208e+03 1 0)
s>            ( - -5.166e+03 1 0)))INFO: dtree.c(1439): stop. leaf nodes are specific
INFO: dtree.c(1478): Final simple tree
|( QUESTION4 -1 -1.612e+04 1.580e+02 7.501e+01
|    ( - -8.771e+03 1 0)
|    ( - -7.194e+03 1 0))
s>    ( QUESTION4 -1 -1.612e+04 1.580e+02 7.501e+01
s>        ( - -8.771e+03 1 0)
s>        ( - -7.194e+03 1 0))INFO: dtree.c(1315): Comp split 12
INFO: dtree.c(1315): Comp split 13
INFO: dtree.c(1439): stop. leaf nodes are specific
INFO: dtree.c(1478): Final simple tree
|( QUESTION0 -1 -1.050e+04 1.252e+02 4.794e+01
|    ( - -5.208e+03 1 0)
|    ( - -5.166e+03 1 0))
s>    ( QUESTION0 -1 -1.050e+04 1.252e+02 4.794e+01
s>        ( - -5.208e+03 1 0)
s>        ( - -5.166e+03 1 0))INFO: dtree.c(1315): Comp split 14
INFO: dtree.c(1315): Comp split 15
INFO: dtree.c(1315): Comp split 16
INFO: dtree.c(1315): Comp split 17
INFO: dtree.c(1315): Comp split 18
INFO: dtree.c(1318): stop. leaf nodes are specific
!!!!!!!!Allocated 67 lines
Wed Apr  6 14:10:33 2016
