Current configuration:
[NAME]		[DEFLT]	[VALUE]
-allphones	no	no
-cntthresh	0.00001	1.000000e-05
-csplitmax	100	2000
-csplitmin	1	1
-csplitthr	8e-4	0.000000e+00
-example	no	no
-fullvar	no	no
-help		no	no
-meanfn			/home/nguyenvanthinh/Desktop/Git/speech recognition  demo/acoustic/model_parameters/digit.cd_cont_untied/means
-mixwfn			/home/nguyenvanthinh/Desktop/Git/speech recognition  demo/acoustic/model_parameters/digit.cd_cont_untied/mixture_weights
-moddeffn		/home/nguyenvanthinh/Desktop/Git/speech recognition  demo/acoustic/model_architecture/digit.untied.mdef
-mwfloor	1e-4	1.000000e-08
-phone			ch
-psetfn			/home/nguyenvanthinh/Desktop/Git/speech recognition  demo/acoustic/model_architecture/digit.tree_questions
-ssplitmax	5	7
-ssplitmin	1	1
-ssplitthr	8e-4	0.000000e+00
-state			0
-stwt			1.0,0.05,0.0,
-treefn			/home/nguyenvanthinh/Desktop/Git/speech recognition  demo/acoustic/trees/digit.unpruned/ch-0.dtree
-ts2cbfn	.semi.	.cont.
-varfloor	0.00001	1.000000e-05
-varfn			/home/nguyenvanthinh/Desktop/Git/speech recognition  demo/acoustic/model_parameters/digit.cd_cont_untied/variances

INFO: main.c(223): Reading: /home/nguyenvanthinh/Desktop/Git/speech recognition  demo/acoustic/model_architecture/digit.untied.mdef
INFO: model_def_io.c(573): Model definition info:
INFO: model_def_io.c(574): 326 total models defined (31 base, 295 tri)
INFO: model_def_io.c(575): 1304 total states
INFO: model_def_io.c(576): 978 total tied states
INFO: model_def_io.c(577): 93 total tied CI states
INFO: model_def_io.c(578): 31 total tied transition matrices
INFO: model_def_io.c(579): 4 max state/model
INFO: model_def_io.c(580): 4 min state/model
INFO: main.c(242): Building trees for [ch SIL is b] through [ch uz is b]
INFO: main.c(269): Covering states |[222 248]| == 27
INFO: main.c(275): Reading: /home/nguyenvanthinh/Desktop/Git/speech recognition  demo/acoustic/model_parameters/digit.cd_cont_untied/mixture_weights
INFO: s3mixw_io.c(173): Read /home/nguyenvanthinh/Desktop/Git/speech recognition  demo/acoustic/model_parameters/digit.cd_cont_untied/mixture_weights [27x1x1 array]
INFO: main.c(311): 9 of 9 models have observation count greater than 0.000010
INFO: main.c(95): nrm stwt: 0.952 0.048 0.000 
INFO: s3gau_io.c(169): Read /home/nguyenvanthinh/Desktop/Git/speech recognition  demo/acoustic/model_parameters/digit.cd_cont_untied/means [978x1x1 array]
INFO: s3gau_io.c(169): Read /home/nguyenvanthinh/Desktop/Git/speech recognition  demo/acoustic/model_parameters/digit.cd_cont_untied/variances [978x1x1 array]
INFO: main.c(549): Reading: /home/nguyenvanthinh/Desktop/Git/speech recognition  demo/acoustic/model_architecture/digit.tree_questions
INFO: main.c(588): 178 total simple questions (170 phone; 8 word bndry)
INFO: main.c(590): 42 Left Only questions, and 40 Right Only questions
INFO: dtree.c(1478): Final simple tree
|( QUESTION0 -1 -1.067e+06 2.359e+03 4.670e+03
|    ( - -1.349e+05 1 0)
|    ( QUESTION20 -1 -9.303e+05 2.439e+03 4.074e+03
|        ( QUESTION2_7_L -1 -2.698e+05 4.856e+02 1.197e+03
|            ( - -2.585e+05 1 0)
|            ( - -1.086e+04 1 0))
|        ( QUESTION9 -1 -6.580e+05 1.644e+03 2.878e+03
|            ( - -1.133e+05 1 0)
|            ( QUESTION7 -1 -5.431e+05 8.118e+02 2.384e+03
|                ( - -4.221e+04 1 0)
|                ( QUESTION5 -1 -5.001e+05 5.507e+02 2.202e+03
|                    ( - -1.455e+05 1 0)
|                    ( SILENCE -1 -3.541e+05 4.298e+02 1.555e+03
|                        ( - -8.165e+04 1 0)
|                        ( - -2.720e+05 2 0 QUESTION2 -1 3.323e+02 1.196e+03)))))))
s>    ( QUESTION0 -1 -1.067e+06 2.359e+03 4.670e+03
s>        ( - -1.349e+05 1 0)
s>        ( QUESTION20 -1 -9.303e+05 2.439e+03 4.074e+03
s>            ( QUESTION2_7_L -1 -2.698e+05 4.856e+02 1.197e+03
s>                ( - -2.585e+05 1 0)
s>                ( - -1.086e+04 1 0))
s>            ( QUESTION9 -1 -6.580e+05 1.644e+03 2.878e+03
s>                ( - -1.133e+05 1 0)
s>                ( QUESTION7 -1 -5.431e+05 8.118e+02 2.384e+03
s>                    ( - -4.221e+04 1 0)
s>                    ( QUESTION5 -1 -5.001e+05 5.507e+02 2.202e+03
s>                        ( - -1.455e+05 1 0)
s>                        ( SILENCE -1 -3.541e+05 4.298e+02 1.555e+03
s>                            ( - -8.165e+04 1 0)
s>                            ( - -2.720e+05 2 0 QUESTION2 -1 3.323e+02 1.196e+03)))))))INFO: dtree.c(1315): Comp split 0
INFO: dtree.c(1439): stop. leaf nodes are specific
INFO: dtree.c(1478): Final simple tree
|( QUESTION7 -1 -5.431e+05 8.118e+02 2.384e+03
|    ( - -4.221e+04 1 0)
|    ( QUESTION5 -1 -5.001e+05 5.507e+02 2.202e+03
|        ( - -1.455e+05 1 0)
|        ( SILENCE -1 -3.541e+05 4.298e+02 1.555e+03
|            ( - -8.165e+04 1 0)
|            ( QUESTION2 -1 -2.720e+05 3.323e+02 1.196e+03
|                ( - -2.178e+05 1 0)
|                ( - -5.392e+04 1 0)))))
s>    ( QUESTION7 -1 -5.431e+05 8.118e+02 2.384e+03
s>        ( - -4.221e+04 1 0)
s>        ( QUESTION5 -1 -5.001e+05 5.507e+02 2.202e+03
s>            ( - -1.455e+05 1 0)
s>            ( SILENCE -1 -3.541e+05 4.298e+02 1.555e+03
s>                ( - -8.165e+04 1 0)
s>                ( QUESTION2 -1 -2.720e+05 3.323e+02 1.196e+03
s>                    ( - -2.178e+05 1 0)
s>                    ( - -5.392e+04 1 0)))))INFO: dtree.c(1439): stop. leaf nodes are specific
INFO: dtree.c(1478): Final simple tree
|( QUESTION0 -1 -5.213e+05 2.011e+03 2.285e+03
|    ( - -1.349e+05 1 0)
|    ( QUESTION2 -1 -3.844e+05 1.353e+03 1.690e+03
|        ( - -1.133e+05 1 0)
|        ( QUESTION2_7_L -1 -2.698e+05 4.856e+02 1.197e+03
|            ( - -2.585e+05 1 0)
|            ( - -1.086e+04 1 0))))
s>    ( QUESTION0 -1 -5.213e+05 2.011e+03 2.285e+03
s>        ( - -1.349e+05 1 0)
s>        ( QUESTION2 -1 -3.844e+05 1.353e+03 1.690e+03
s>            ( - -1.133e+05 1 0)
s>            ( QUESTION2_7_L -1 -2.698e+05 4.856e+02 1.197e+03
s>                ( - -2.585e+05 1 0)
s>                ( - -1.086e+04 1 0))))INFO: dtree.c(1315): Comp split 1
INFO: dtree.c(1439): stop. leaf nodes are specific
INFO: dtree.c(1478): Final simple tree
|( QUESTION2 -1 -3.844e+05 1.353e+03 1.690e+03
|    ( - -1.133e+05 1 0)
|    ( QUESTION2_7_L -1 -2.698e+05 4.856e+02 1.197e+03
|        ( - -2.585e+05 1 0)
|        ( - -1.086e+04 1 0)))
s>    ( QUESTION2 -1 -3.844e+05 1.353e+03 1.690e+03
s>        ( - -1.133e+05 1 0)
s>        ( QUESTION2_7_L -1 -2.698e+05 4.856e+02 1.197e+03
s>            ( - -2.585e+05 1 0)
s>            ( - -1.086e+04 1 0)))INFO: dtree.c(1315): Comp split 2
INFO: dtree.c(1439): stop. leaf nodes are specific
INFO: dtree.c(1478): Final simple tree
|( QUESTION2_7_L -1 -2.698e+05 4.856e+02 1.197e+03
|    ( - -2.585e+05 1 0)
|    ( - -1.086e+04 1 0))
s>    ( QUESTION2_7_L -1 -2.698e+05 4.856e+02 1.197e+03
s>        ( - -2.585e+05 1 0)
s>        ( - -1.086e+04 1 0))INFO: dtree.c(1315): Comp split 3
INFO: dtree.c(1439): stop. leaf nodes are specific
INFO: dtree.c(1478): Final simple tree
|( QUESTION5 -1 -5.001e+05 5.507e+02 2.202e+03
|    ( - -1.455e+05 1 0)
|    ( SILENCE -1 -3.541e+05 4.298e+02 1.555e+03
|        ( - -8.165e+04 1 0)
|        ( QUESTION2 -1 -2.720e+05 3.323e+02 1.196e+03
|            ( - -2.178e+05 1 0)
|            ( - -5.392e+04 1 0))))
s>    ( QUESTION5 -1 -5.001e+05 5.507e+02 2.202e+03
s>        ( - -1.455e+05 1 0)
s>        ( SILENCE -1 -3.541e+05 4.298e+02 1.555e+03
s>            ( - -8.165e+04 1 0)
s>            ( QUESTION2 -1 -2.720e+05 3.323e+02 1.196e+03
s>                ( - -2.178e+05 1 0)
s>                ( - -5.392e+04 1 0))))INFO: dtree.c(1315): Comp split 4
INFO: dtree.c(1439): stop. leaf nodes are specific
INFO: dtree.c(1478): Final simple tree
|( SILENCE -1 -3.541e+05 4.298e+02 1.555e+03
|    ( - -8.165e+04 1 0)
|    ( QUESTION2 -1 -2.720e+05 3.323e+02 1.196e+03
|        ( - -2.178e+05 1 0)
|        ( - -5.392e+04 1 0)))
s>    ( SILENCE -1 -3.541e+05 4.298e+02 1.555e+03
s>        ( - -8.165e+04 1 0)
s>        ( QUESTION2 -1 -2.720e+05 3.323e+02 1.196e+03
s>            ( - -2.178e+05 1 0)
s>            ( - -5.392e+04 1 0)))INFO: dtree.c(1315): Comp split 5
INFO: dtree.c(1315): Comp split 6
INFO: dtree.c(1439): stop. leaf nodes are specific
INFO: dtree.c(1478): Final simple tree
|( QUESTION2 -1 -2.720e+05 3.323e+02 1.196e+03
|    ( - -2.178e+05 1 0)
|    ( - -5.392e+04 1 0))
s>    ( QUESTION2 -1 -2.720e+05 3.323e+02 1.196e+03
s>        ( - -2.178e+05 1 0)
s>        ( - -5.392e+04 1 0))INFO: dtree.c(1315): Comp split 7
INFO: dtree.c(1315): Comp split 8
INFO: dtree.c(1318): stop. leaf nodes are specific
!!!!!!!!Allocated 67 lines
Wed Apr  6 14:10:36 2016
