Current configuration:
[NAME]		[DEFLT]	[VALUE]
-allphones	no	no
-cntthresh	0.00001	1.000000e-05
-csplitmax	100	2000
-csplitmin	1	1
-csplitthr	8e-4	0.000000e+00
-example	no	no
-fullvar	no	no
-help		no	no
-meanfn			/home/nguyenvanthinh/Desktop/Git/speech recognition  demo/acoustic/model_parameters/digit.cd_cont_untied/means
-mixwfn			/home/nguyenvanthinh/Desktop/Git/speech recognition  demo/acoustic/model_parameters/digit.cd_cont_untied/mixture_weights
-moddeffn		/home/nguyenvanthinh/Desktop/Git/speech recognition  demo/acoustic/model_architecture/digit.untied.mdef
-mwfloor	1e-4	1.000000e-08
-phone			uz
-psetfn			/home/nguyenvanthinh/Desktop/Git/speech recognition  demo/acoustic/model_architecture/digit.tree_questions
-ssplitmax	5	7
-ssplitmin	1	1
-ssplitthr	8e-4	0.000000e+00
-state			2
-stwt			1.0,0.05,0.0,
-treefn			/home/nguyenvanthinh/Desktop/Git/speech recognition  demo/acoustic/trees/digit.unpruned/uz-2.dtree
-ts2cbfn	.semi.	.cont.
-varfloor	0.00001	1.000000e-05
-varfn			/home/nguyenvanthinh/Desktop/Git/speech recognition  demo/acoustic/model_parameters/digit.cd_cont_untied/variances

INFO: main.c(223): Reading: /home/nguyenvanthinh/Desktop/Git/speech recognition  demo/acoustic/model_architecture/digit.untied.mdef
INFO: model_def_io.c(573): Model definition info:
INFO: model_def_io.c(574): 326 total models defined (31 base, 295 tri)
INFO: model_def_io.c(575): 1304 total states
INFO: model_def_io.c(576): 978 total tied states
INFO: model_def_io.c(577): 93 total tied CI states
INFO: model_def_io.c(578): 31 total tied transition matrices
INFO: model_def_io.c(579): 4 max state/model
INFO: model_def_io.c(580): 4 min state/model
INFO: main.c(242): Building trees for [uz as SIL e] through [uz as tr e]
INFO: main.c(269): Covering states |[945 977]| == 33
INFO: main.c(275): Reading: /home/nguyenvanthinh/Desktop/Git/speech recognition  demo/acoustic/model_parameters/digit.cd_cont_untied/mixture_weights
INFO: s3mixw_io.c(173): Read /home/nguyenvanthinh/Desktop/Git/speech recognition  demo/acoustic/model_parameters/digit.cd_cont_untied/mixture_weights [33x1x1 array]
INFO: main.c(311): 11 of 11 models have observation count greater than 0.000010
INFO: main.c(95): nrm stwt: 0.000 0.048 0.952 
INFO: s3gau_io.c(169): Read /home/nguyenvanthinh/Desktop/Git/speech recognition  demo/acoustic/model_parameters/digit.cd_cont_untied/means [978x1x1 array]
INFO: s3gau_io.c(169): Read /home/nguyenvanthinh/Desktop/Git/speech recognition  demo/acoustic/model_parameters/digit.cd_cont_untied/variances [978x1x1 array]
INFO: main.c(549): Reading: /home/nguyenvanthinh/Desktop/Git/speech recognition  demo/acoustic/model_architecture/digit.tree_questions
INFO: main.c(588): 178 total simple questions (170 phone; 8 word bndry)
INFO: main.c(590): 42 Left Only questions, and 40 Right Only questions
INFO: dtree.c(1478): Final simple tree
|( QUESTION0_11_R 1 -2.627e+06 9.619e+03 1.227e+04
|    ( QUESTION0_17_R 1 -5.306e+04 1.540e+03 2.289e+02
|        ( - -1.531e+04 1 0)
|        ( - -3.622e+04 1 0))
|    ( SILENCE 1 -2.565e+06 2.872e+03 1.204e+04
|        ( - -3.851e+05 1 0)
|        ( QUESTION0_9_R 1 -2.177e+06 5.145e+02 1.019e+04
|            ( QUESTION11 1 -6.096e+05 5.696e+02 2.873e+03
|                ( - -2.554e+05 1 0)
|                ( - -3.537e+05 1 0))
|            ( QUESTION0_7_R 1 -1.567e+06 3.635e+02 7.322e+03
|                ( QUESTION14 1 -9.001e+05 1.897e+02 4.227e+03
|                    ( - -6.665e+05 1 0)
|                    ( - -2.334e+05 1 0))
|                ( - -6.662e+05 4 0)))))
s>    ( QUESTION0_11_R 1 -2.627e+06 9.619e+03 1.227e+04
s>        ( QUESTION0_17_R 1 -5.306e+04 1.540e+03 2.289e+02
s>            ( - -1.531e+04 1 0)
s>            ( - -3.622e+04 1 0))
s>        ( SILENCE 1 -2.565e+06 2.872e+03 1.204e+04
s>            ( - -3.851e+05 1 0)
s>            ( QUESTION0_9_R 1 -2.177e+06 5.145e+02 1.019e+04
s>                ( QUESTION11 1 -6.096e+05 5.696e+02 2.873e+03
s>                    ( - -2.554e+05 1 0)
s>                    ( - -3.537e+05 1 0))
s>                ( QUESTION0_7_R 1 -1.567e+06 3.635e+02 7.322e+03
s>                    ( QUESTION14 1 -9.001e+05 1.897e+02 4.227e+03
s>                        ( - -6.665e+05 1 0)
s>                        ( - -2.334e+05 1 0))
s>                    ( - -6.662e+05 4 0)))))INFO: dtree.c(1315): Comp split 0
INFO: dtree.c(1439): stop. leaf nodes are specific
INFO: dtree.c(1478): Final simple tree
|( SILENCE 1 -2.565e+06 2.872e+03 1.204e+04
|    ( - -3.851e+05 1 0)
|    ( QUESTION0_9_R 1 -2.177e+06 5.145e+02 1.019e+04
|        ( QUESTION11 1 -6.096e+05 5.696e+02 2.873e+03
|            ( - -2.554e+05 1 0)
|            ( - -3.537e+05 1 0))
|        ( QUESTION0_7_R 1 -1.567e+06 3.635e+02 7.322e+03
|            ( QUESTION14 1 -9.001e+05 1.897e+02 4.227e+03
|                ( - -6.665e+05 1 0)
|                ( - -2.334e+05 1 0))
|            ( - -6.662e+05 4 0))))
s>    ( SILENCE 1 -2.565e+06 2.872e+03 1.204e+04
s>        ( - -3.851e+05 1 0)
s>        ( QUESTION0_9_R 1 -2.177e+06 5.145e+02 1.019e+04
s>            ( QUESTION11 1 -6.096e+05 5.696e+02 2.873e+03
s>                ( - -2.554e+05 1 0)
s>                ( - -3.537e+05 1 0))
s>            ( QUESTION0_7_R 1 -1.567e+06 3.635e+02 7.322e+03
s>                ( QUESTION14 1 -9.001e+05 1.897e+02 4.227e+03
s>                    ( - -6.665e+05 1 0)
s>                    ( - -2.334e+05 1 0))
s>                ( - -6.662e+05 4 0))))INFO: dtree.c(1439): stop. leaf nodes are specific
INFO: dtree.c(1478): Final simple tree
|( QUESTION0_17_R 1 -5.306e+04 1.540e+03 2.289e+02
|    ( - -1.531e+04 1 0)
|    ( - -3.622e+04 1 0))
s>    ( QUESTION0_17_R 1 -5.306e+04 1.540e+03 2.289e+02
s>        ( - -1.531e+04 1 0)
s>        ( - -3.622e+04 1 0))INFO: dtree.c(1315): Comp split 1
INFO: dtree.c(1439): stop. leaf nodes are specific
INFO: dtree.c(1478): Final simple tree
|( QUESTION0_9_R 1 -2.177e+06 5.145e+02 1.019e+04
|    ( QUESTION11 1 -6.096e+05 5.696e+02 2.873e+03
|        ( - -2.554e+05 1 0)
|        ( - -3.537e+05 1 0))
|    ( QUESTION0_7_R 1 -1.567e+06 3.635e+02 7.322e+03
|        ( QUESTION14 1 -9.001e+05 1.897e+02 4.227e+03
|            ( - -6.665e+05 1 0)
|            ( - -2.334e+05 1 0))
|        ( - -6.662e+05 4 0)))
s>    ( QUESTION0_9_R 1 -2.177e+06 5.145e+02 1.019e+04
s>        ( QUESTION11 1 -6.096e+05 5.696e+02 2.873e+03
s>            ( - -2.554e+05 1 0)
s>            ( - -3.537e+05 1 0))
s>        ( QUESTION0_7_R 1 -1.567e+06 3.635e+02 7.322e+03
s>            ( QUESTION14 1 -9.001e+05 1.897e+02 4.227e+03
s>                ( - -6.665e+05 1 0)
s>                ( - -2.334e+05 1 0))
s>            ( - -6.662e+05 4 0)))INFO: dtree.c(1315): Comp split 2
INFO: dtree.c(1315): Comp split 3
INFO: dtree.c(1439): stop. leaf nodes are specific
INFO: dtree.c(1478): Final simple tree
|( QUESTION0_10_R 1 -1.822e+06 3.613e+02 8.517e+03
|    ( - -6.662e+05 4 0)
|    ( QUESTION0_7_R 1 -1.156e+06 3.221e+02 5.423e+03
|        ( QUESTION14 1 -9.001e+05 1.897e+02 4.227e+03
|            ( - -6.665e+05 1 0)
|            ( - -2.334e+05 1 0))
|        ( - -2.554e+05 1 0)))
s>    ( QUESTION0_10_R 1 -1.822e+06 3.613e+02 8.517e+03
s>        ( - -6.662e+05 4 0)
s>        ( QUESTION0_7_R 1 -1.156e+06 3.221e+02 5.423e+03
s>            ( QUESTION14 1 -9.001e+05 1.897e+02 4.227e+03
s>                ( - -6.665e+05 1 0)
s>                ( - -2.334e+05 1 0))
s>            ( - -2.554e+05 1 0)))INFO: dtree.c(1315): Comp split 4
INFO: dtree.c(1439): stop. leaf nodes are specific
INFO: dtree.c(1478): Final simple tree
|( QUESTION0_7_R 1 -1.156e+06 3.221e+02 5.423e+03
|    ( QUESTION14 1 -9.001e+05 1.897e+02 4.227e+03
|        ( - -6.665e+05 1 0)
|        ( - -2.334e+05 1 0))
|    ( - -2.554e+05 1 0))
s>    ( QUESTION0_7_R 1 -1.156e+06 3.221e+02 5.423e+03
s>        ( QUESTION14 1 -9.001e+05 1.897e+02 4.227e+03
s>            ( - -6.665e+05 1 0)
s>            ( - -2.334e+05 1 0))
s>        ( - -2.554e+05 1 0))INFO: dtree.c(1315): Comp split 5
INFO: dtree.c(1439): stop. leaf nodes are specific
INFO: dtree.c(1478): Final simple tree
|( QUESTION14 1 -9.001e+05 1.897e+02 4.227e+03
|    ( - -6.665e+05 1 0)
|    ( - -2.334e+05 1 0))
s>    ( QUESTION14 1 -9.001e+05 1.897e+02 4.227e+03
s>        ( - -6.665e+05 1 0)
s>        ( - -2.334e+05 1 0))INFO: dtree.c(1315): Comp split 6
INFO: dtree.c(1315): Comp split 7
INFO: dtree.c(1318): stop. leaf nodes are specific
!!!!!!!!Allocated 67 lines
Wed Apr  6 14:10:36 2016
