Current configuration:
[NAME]		[DEFLT]	[VALUE]
-allphones	no	no
-cntthresh	0.00001	1.000000e-05
-csplitmax	100	2000
-csplitmin	1	1
-csplitthr	8e-4	0.000000e+00
-example	no	no
-fullvar	no	no
-help		no	no
-meanfn			/home/nguyenvanthinh/Desktop/Git/speech recognition  demo/acoustic/model_parameters/digit.cd_cont_untied/means
-mixwfn			/home/nguyenvanthinh/Desktop/Git/speech recognition  demo/acoustic/model_parameters/digit.cd_cont_untied/mixture_weights
-moddeffn		/home/nguyenvanthinh/Desktop/Git/speech recognition  demo/acoustic/model_architecture/digit.untied.mdef
-mwfloor	1e-4	1.000000e-08
-phone			n
-psetfn			/home/nguyenvanthinh/Desktop/Git/speech recognition  demo/acoustic/model_architecture/digit.tree_questions
-ssplitmax	5	7
-ssplitmin	1	1
-ssplitthr	8e-4	0.000000e+00
-state			2
-stwt			1.0,0.05,0.0,
-treefn			/home/nguyenvanthinh/Desktop/Git/speech recognition  demo/acoustic/trees/digit.unpruned/n-2.dtree
-ts2cbfn	.semi.	.cont.
-varfloor	0.00001	1.000000e-05
-varfn			/home/nguyenvanthinh/Desktop/Git/speech recognition  demo/acoustic/model_parameters/digit.cd_cont_untied/variances

INFO: main.c(223): Reading: /home/nguyenvanthinh/Desktop/Git/speech recognition  demo/acoustic/model_architecture/digit.untied.mdef
INFO: model_def_io.c(573): Model definition info:
INFO: model_def_io.c(574): 326 total models defined (31 base, 295 tri)
INFO: model_def_io.c(575): 1304 total states
INFO: model_def_io.c(576): 978 total tied states
INFO: model_def_io.c(577): 93 total tied CI states
INFO: model_def_io.c(578): 31 total tied transition matrices
INFO: model_def_io.c(579): 4 max state/model
INFO: model_def_io.c(580): 4 min state/model
INFO: main.c(242): Building trees for [n SIL aw b] through [n uz aw b]
INFO: main.c(269): Covering states |[558 584]| == 27
INFO: main.c(275): Reading: /home/nguyenvanthinh/Desktop/Git/speech recognition  demo/acoustic/model_parameters/digit.cd_cont_untied/mixture_weights
INFO: s3mixw_io.c(173): Read /home/nguyenvanthinh/Desktop/Git/speech recognition  demo/acoustic/model_parameters/digit.cd_cont_untied/mixture_weights [27x1x1 array]
INFO: main.c(311): 9 of 9 models have observation count greater than 0.000010
INFO: main.c(95): nrm stwt: 0.000 0.048 0.952 
INFO: s3gau_io.c(169): Read /home/nguyenvanthinh/Desktop/Git/speech recognition  demo/acoustic/model_parameters/digit.cd_cont_untied/means [978x1x1 array]
INFO: s3gau_io.c(169): Read /home/nguyenvanthinh/Desktop/Git/speech recognition  demo/acoustic/model_parameters/digit.cd_cont_untied/variances [978x1x1 array]
INFO: main.c(549): Reading: /home/nguyenvanthinh/Desktop/Git/speech recognition  demo/acoustic/model_architecture/digit.tree_questions
INFO: main.c(588): 178 total simple questions (170 phone; 8 word bndry)
INFO: main.c(590): 42 Left Only questions, and 40 Right Only questions
INFO: dtree.c(1478): Final simple tree
|( SILENCE -1 -2.801e+06 3.202e+03 1.329e+04
|    ( - -1.781e+05 1 0)
|    ( QUESTION2_7_L -1 -2.620e+06 9.430e+02 1.244e+04
|        ( - -8.916e+05 1 0)
|        ( QUESTION3 -1 -1.728e+06 6.582e+02 8.172e+03
|            ( QUESTION8 -1 -9.465e+05 4.938e+02 4.453e+03
|                ( - -3.567e+05 1 0)
|                ( - -5.893e+05 2 0 QUESTION4 -1 2.240e+02 2.765e+03))
|            ( QUESTION0 -1 -7.804e+05 6.407e+02 3.719e+03
|                ( - -3.516e+05 1 0)
|                ( QUESTION2 -1 -4.281e+05 4.482e+02 2.033e+03
|                    ( - -1.300e+05 1 0)
|                    ( QUESTION11 -1 -2.976e+05 3.874e+02 1.422e+03
|                        ( - -2.783e+05 1 0)
|                        ( - -1.899e+04 1 0)))))))
s>    ( SILENCE -1 -2.801e+06 3.202e+03 1.329e+04
s>        ( - -1.781e+05 1 0)
s>        ( QUESTION2_7_L -1 -2.620e+06 9.430e+02 1.244e+04
s>            ( - -8.916e+05 1 0)
s>            ( QUESTION3 -1 -1.728e+06 6.582e+02 8.172e+03
s>                ( QUESTION8 -1 -9.465e+05 4.938e+02 4.453e+03
s>                    ( - -3.567e+05 1 0)
s>                    ( - -5.893e+05 2 0 QUESTION4 -1 2.240e+02 2.765e+03))
s>                ( QUESTION0 -1 -7.804e+05 6.407e+02 3.719e+03
s>                    ( - -3.516e+05 1 0)
s>                    ( QUESTION2 -1 -4.281e+05 4.482e+02 2.033e+03
s>                        ( - -1.300e+05 1 0)
s>                        ( QUESTION11 -1 -2.976e+05 3.874e+02 1.422e+03
s>                            ( - -2.783e+05 1 0)
s>                            ( - -1.899e+04 1 0)))))))INFO: dtree.c(1315): Comp split 0
INFO: dtree.c(1439): stop. leaf nodes are specific
INFO: dtree.c(1478): Final simple tree
|( SILENCE -1 -1.975e+05 3.815e+02 9.502e+02
|    ( - -1.781e+05 1 0)
|    ( - -1.899e+04 1 0))
s>    ( SILENCE -1 -1.975e+05 3.815e+02 9.502e+02
s>        ( - -1.781e+05 1 0)
s>        ( - -1.899e+04 1 0))INFO: dtree.c(1439): stop. leaf nodes are specific
INFO: dtree.c(1478): Final simple tree
|( QUESTION20 -1 -2.601e+06 9.392e+02 1.234e+04
|    ( - -8.916e+05 1 0)
|    ( QUESTION3 -1 -1.708e+06 6.657e+02 8.080e+03
|        ( QUESTION8 -1 -9.465e+05 4.938e+02 4.453e+03
|            ( - -3.567e+05 1 0)
|            ( QUESTION4 -1 -5.893e+05 2.240e+02 2.765e+03
|                ( - -4.110e+05 1 0)
|                ( - -1.780e+05 1 0)))
|        ( QUESTION0 -1 -7.609e+05 6.100e+02 3.627e+03
|            ( - -3.516e+05 1 0)
|            ( QUESTION2 -1 -4.087e+05 4.254e+02 1.941e+03
|                ( - -1.300e+05 1 0)
|                ( - -2.783e+05 1 0)))))
s>    ( QUESTION20 -1 -2.601e+06 9.392e+02 1.234e+04
s>        ( - -8.916e+05 1 0)
s>        ( QUESTION3 -1 -1.708e+06 6.657e+02 8.080e+03
s>            ( QUESTION8 -1 -9.465e+05 4.938e+02 4.453e+03
s>                ( - -3.567e+05 1 0)
s>                ( QUESTION4 -1 -5.893e+05 2.240e+02 2.765e+03
s>                    ( - -4.110e+05 1 0)
s>                    ( - -1.780e+05 1 0)))
s>            ( QUESTION0 -1 -7.609e+05 6.100e+02 3.627e+03
s>                ( - -3.516e+05 1 0)
s>                ( QUESTION2 -1 -4.087e+05 4.254e+02 1.941e+03
s>                    ( - -1.300e+05 1 0)
s>                    ( - -2.783e+05 1 0)))))INFO: dtree.c(1315): Comp split 1
INFO: dtree.c(1439): stop. leaf nodes are specific
INFO: dtree.c(1478): Final simple tree
|( QUESTION3 -1 -9.986e+05 5.875e+02 4.706e+03
|    ( QUESTION4 -1 -5.893e+05 2.240e+02 2.765e+03
|        ( - -4.110e+05 1 0)
|        ( - -1.780e+05 1 0))
|    ( QUESTION2 -1 -4.087e+05 4.254e+02 1.941e+03
|        ( - -1.300e+05 1 0)
|        ( - -2.783e+05 1 0)))
s>    ( QUESTION3 -1 -9.986e+05 5.875e+02 4.706e+03
s>        ( QUESTION4 -1 -5.893e+05 2.240e+02 2.765e+03
s>            ( - -4.110e+05 1 0)
s>            ( - -1.780e+05 1 0))
s>        ( QUESTION2 -1 -4.087e+05 4.254e+02 1.941e+03
s>            ( - -1.300e+05 1 0)
s>            ( - -2.783e+05 1 0)))INFO: dtree.c(1439): stop. leaf nodes are specific
INFO: dtree.c(1478): Final simple tree
|( QUESTION10 -1 -1.601e+06 5.201e+02 7.637e+03
|    ( - -8.916e+05 1 0)
|    ( QUESTION0 -1 -7.087e+05 3.493e+02 3.374e+03
|        ( - -3.516e+05 1 0)
|        ( - -3.567e+05 1 0)))
s>    ( QUESTION10 -1 -1.601e+06 5.201e+02 7.637e+03
s>        ( - -8.916e+05 1 0)
s>        ( QUESTION0 -1 -7.087e+05 3.493e+02 3.374e+03
s>            ( - -3.516e+05 1 0)
s>            ( - -3.567e+05 1 0)))INFO: dtree.c(1315): Comp split 2
INFO: dtree.c(1439): stop. leaf nodes are specific
INFO: dtree.c(1478): Final simple tree
|( QUESTION2 -1 -4.087e+05 4.254e+02 1.941e+03
|    ( - -1.300e+05 1 0)
|    ( - -2.783e+05 1 0))
s>    ( QUESTION2 -1 -4.087e+05 4.254e+02 1.941e+03
s>        ( - -1.300e+05 1 0)
s>        ( - -2.783e+05 1 0))INFO: dtree.c(1439): stop. leaf nodes are specific
INFO: dtree.c(1478): Final simple tree
|( QUESTION4 -1 -5.893e+05 2.240e+02 2.765e+03
|    ( - -4.110e+05 1 0)
|    ( - -1.780e+05 1 0))
s>    ( QUESTION4 -1 -5.893e+05 2.240e+02 2.765e+03
s>        ( - -4.110e+05 1 0)
s>        ( - -1.780e+05 1 0))INFO: dtree.c(1315): Comp split 3
INFO: dtree.c(1439): stop. leaf nodes are specific
INFO: dtree.c(1478): Final simple tree
|( QUESTION0 -1 -7.087e+05 3.493e+02 3.374e+03
|    ( - -3.516e+05 1 0)
|    ( - -3.567e+05 1 0))
s>    ( QUESTION0 -1 -7.087e+05 3.493e+02 3.374e+03
s>        ( - -3.516e+05 1 0)
s>        ( - -3.567e+05 1 0))INFO: dtree.c(1315): Comp split 4
INFO: dtree.c(1315): Comp split 5
INFO: dtree.c(1315): Comp split 6
INFO: dtree.c(1315): Comp split 7
INFO: dtree.c(1315): Comp split 8
INFO: dtree.c(1318): stop. leaf nodes are specific
!!!!!!!!Allocated 67 lines
Wed Apr  6 14:10:35 2016
