Current configuration:
[NAME]		[DEFLT]	[VALUE]
-allphones	no	no
-cntthresh	0.00001	1.000000e-05
-csplitmax	100	2000
-csplitmin	1	1
-csplitthr	8e-4	0.000000e+00
-example	no	no
-fullvar	no	no
-help		no	no
-meanfn			/home/nguyenvanthinh/Desktop/Git/speech recognition  demo/acoustic/model_parameters/digit.cd_cont_untied/means
-mixwfn			/home/nguyenvanthinh/Desktop/Git/speech recognition  demo/acoustic/model_parameters/digit.cd_cont_untied/mixture_weights
-moddeffn		/home/nguyenvanthinh/Desktop/Git/speech recognition  demo/acoustic/model_architecture/digit.untied.mdef
-mwfloor	1e-4	1.000000e-08
-phone			kh
-psetfn			/home/nguyenvanthinh/Desktop/Git/speech recognition  demo/acoustic/model_architecture/digit.tree_questions
-ssplitmax	5	7
-ssplitmin	1	1
-ssplitthr	8e-4	0.000000e+00
-state			2
-stwt			1.0,0.05,0.0,
-treefn			/home/nguyenvanthinh/Desktop/Git/speech recognition  demo/acoustic/trees/digit.unpruned/kh-2.dtree
-ts2cbfn	.semi.	.cont.
-varfloor	0.00001	1.000000e-05
-varfn			/home/nguyenvanthinh/Desktop/Git/speech recognition  demo/acoustic/model_parameters/digit.cd_cont_untied/variances

INFO: main.c(223): Reading: /home/nguyenvanthinh/Desktop/Git/speech recognition  demo/acoustic/model_architecture/digit.untied.mdef
INFO: model_def_io.c(573): Model definition info:
INFO: model_def_io.c(574): 326 total models defined (31 base, 295 tri)
INFO: model_def_io.c(575): 1304 total states
INFO: model_def_io.c(576): 978 total tied states
INFO: model_def_io.c(577): 93 total tied CI states
INFO: model_def_io.c(578): 31 total tied transition matrices
INFO: model_def_io.c(579): 4 max state/model
INFO: model_def_io.c(580): 4 min state/model
INFO: main.c(242): Building trees for [kh SIL oo b] through [kh uz oo b]
INFO: main.c(269): Covering states |[402 428]| == 27
INFO: main.c(275): Reading: /home/nguyenvanthinh/Desktop/Git/speech recognition  demo/acoustic/model_parameters/digit.cd_cont_untied/mixture_weights
INFO: s3mixw_io.c(173): Read /home/nguyenvanthinh/Desktop/Git/speech recognition  demo/acoustic/model_parameters/digit.cd_cont_untied/mixture_weights [27x1x1 array]
INFO: main.c(311): 9 of 9 models have observation count greater than 0.000010
INFO: main.c(95): nrm stwt: 0.000 0.048 0.952 
INFO: s3gau_io.c(169): Read /home/nguyenvanthinh/Desktop/Git/speech recognition  demo/acoustic/model_parameters/digit.cd_cont_untied/means [978x1x1 array]
INFO: s3gau_io.c(169): Read /home/nguyenvanthinh/Desktop/Git/speech recognition  demo/acoustic/model_parameters/digit.cd_cont_untied/variances [978x1x1 array]
INFO: main.c(549): Reading: /home/nguyenvanthinh/Desktop/Git/speech recognition  demo/acoustic/model_architecture/digit.tree_questions
INFO: main.c(588): 178 total simple questions (170 phone; 8 word bndry)
INFO: main.c(590): 42 Left Only questions, and 40 Right Only questions
INFO: dtree.c(1478): Final simple tree
|( QUESTION4 -1 -3.832e+05 4.727e+02 1.714e+03
|    ( - -8.702e+04 1 0)
|    ( SILENCE -1 -2.957e+05 3.708e+02 1.326e+03
|        ( - -2.746e+04 1 0)
|        ( QUESTION8 -1 -2.679e+05 2.576e+02 1.204e+03
|            ( - -6.375e+04 1 0)
|            ( QUESTION0 -1 -2.039e+05 2.208e+02 9.148e+02
|                ( - -2.516e+04 1 0)
|                ( QUESTION2 -1 -1.785e+05 1.961e+02 7.990e+02
|                    ( - -7.431e+04 2 0 QUESTION3 -1 1.272e+02 3.351e+02)
|                    ( QUESTION2_7_L -1 -1.040e+05 1.494e+02 4.639e+02
|                        ( - -6.949e+04 1 0)
|                        ( QUESTION11 -1 -3.432e+04 4.909e+02 1.523e+02
|                            ( - -3.259e+04 1 0)
|                            ( - -1.236e+03 1 0))))))))
s>    ( QUESTION4 -1 -3.832e+05 4.727e+02 1.714e+03
s>        ( - -8.702e+04 1 0)
s>        ( SILENCE -1 -2.957e+05 3.708e+02 1.326e+03
s>            ( - -2.746e+04 1 0)
s>            ( QUESTION8 -1 -2.679e+05 2.576e+02 1.204e+03
s>                ( - -6.375e+04 1 0)
s>                ( QUESTION0 -1 -2.039e+05 2.208e+02 9.148e+02
s>                    ( - -2.516e+04 1 0)
s>                    ( QUESTION2 -1 -1.785e+05 1.961e+02 7.990e+02
s>                        ( - -7.431e+04 2 0 QUESTION3 -1 1.272e+02 3.351e+02)
s>                        ( QUESTION2_7_L -1 -1.040e+05 1.494e+02 4.639e+02
s>                            ( - -6.949e+04 1 0)
s>                            ( QUESTION11 -1 -3.432e+04 4.909e+02 1.523e+02
s>                                ( - -3.259e+04 1 0)
s>                                ( - -1.236e+03 1 0))))))))INFO: dtree.c(1315): Comp split 0
INFO: dtree.c(1439): stop. leaf nodes are specific
INFO: dtree.c(1478): Final simple tree
|( QUESTION10 -1 -1.165e+05 5.370e+02 5.166e+02
|    ( - -1.236e+03 1 0)
|    ( SILENCE -1 -1.147e+05 2.435e+02 5.104e+02
|        ( - -2.746e+04 1 0)
|        ( - -8.702e+04 1 0)))
s>    ( QUESTION10 -1 -1.165e+05 5.370e+02 5.166e+02
s>        ( - -1.236e+03 1 0)
s>        ( SILENCE -1 -1.147e+05 2.435e+02 5.104e+02
s>            ( - -2.746e+04 1 0)
s>            ( - -8.702e+04 1 0)))INFO: dtree.c(1439): stop. leaf nodes are specific
INFO: dtree.c(1478): Final simple tree
|( QUESTION8 -1 -2.660e+05 2.453e+02 1.198e+03
|    ( - -6.375e+04 1 0)
|    ( QUESTION0 -1 -2.020e+05 2.099e+02 9.086e+02
|        ( - -2.516e+04 1 0)
|        ( QUESTION2 -1 -1.767e+05 1.813e+02 7.929e+02
|            ( QUESTION3 -1 -7.431e+04 1.272e+02 3.351e+02
|                ( - -4.114e+04 1 0)
|                ( - -3.305e+04 1 0))
|            ( QUESTION11 -1 -1.022e+05 9.116e+01 4.578e+02
|                ( - -3.259e+04 1 0)
|                ( - -6.949e+04 1 0)))))
s>    ( QUESTION8 -1 -2.660e+05 2.453e+02 1.198e+03
s>        ( - -6.375e+04 1 0)
s>        ( QUESTION0 -1 -2.020e+05 2.099e+02 9.086e+02
s>            ( - -2.516e+04 1 0)
s>            ( QUESTION2 -1 -1.767e+05 1.813e+02 7.929e+02
s>                ( QUESTION3 -1 -7.431e+04 1.272e+02 3.351e+02
s>                    ( - -4.114e+04 1 0)
s>                    ( - -3.305e+04 1 0))
s>                ( QUESTION11 -1 -1.022e+05 9.116e+01 4.578e+02
s>                    ( - -3.259e+04 1 0)
s>                    ( - -6.949e+04 1 0)))))INFO: dtree.c(1315): Comp split 1
INFO: dtree.c(1439): stop. leaf nodes are specific
INFO: dtree.c(1478): Final simple tree
|( SILENCE -1 -1.147e+05 2.435e+02 5.104e+02
|    ( - -2.746e+04 1 0)
|    ( - -8.702e+04 1 0))
s>    ( SILENCE -1 -1.147e+05 2.435e+02 5.104e+02
s>        ( - -2.746e+04 1 0)
s>        ( - -8.702e+04 1 0))INFO: dtree.c(1315): Comp split 2
INFO: dtree.c(1439): stop. leaf nodes are specific
INFO: dtree.c(1478): Final simple tree
|( QUESTION2 -1 -1.767e+05 1.813e+02 7.929e+02
|    ( QUESTION3 -1 -7.431e+04 1.272e+02 3.351e+02
|        ( - -4.114e+04 1 0)
|        ( - -3.305e+04 1 0))
|    ( QUESTION11 -1 -1.022e+05 9.116e+01 4.578e+02
|        ( - -3.259e+04 1 0)
|        ( - -6.949e+04 1 0)))
s>    ( QUESTION2 -1 -1.767e+05 1.813e+02 7.929e+02
s>        ( QUESTION3 -1 -7.431e+04 1.272e+02 3.351e+02
s>            ( - -4.114e+04 1 0)
s>            ( - -3.305e+04 1 0))
s>        ( QUESTION11 -1 -1.022e+05 9.116e+01 4.578e+02
s>            ( - -3.259e+04 1 0)
s>            ( - -6.949e+04 1 0)))INFO: dtree.c(1439): stop. leaf nodes are specific
INFO: dtree.c(1478): Final simple tree
|( QUESTION0 -1 -8.910e+04 1.888e+02 4.050e+02
|    ( - -2.516e+04 1 0)
|    ( - -6.375e+04 1 0))
s>    ( QUESTION0 -1 -8.910e+04 1.888e+02 4.050e+02
s>        ( - -2.516e+04 1 0)
s>        ( - -6.375e+04 1 0))INFO: dtree.c(1315): Comp split 3
INFO: dtree.c(1315): Comp split 4
INFO: dtree.c(1315): Comp split 5
INFO: dtree.c(1439): stop. leaf nodes are specific
INFO: dtree.c(1478): Final simple tree
|( QUESTION11 -1 -1.022e+05 9.116e+01 4.578e+02
|    ( - -3.259e+04 1 0)
|    ( - -6.949e+04 1 0))
s>    ( QUESTION11 -1 -1.022e+05 9.116e+01 4.578e+02
s>        ( - -3.259e+04 1 0)
s>        ( - -6.949e+04 1 0))INFO: dtree.c(1439): stop. leaf nodes are specific
INFO: dtree.c(1478): Final simple tree
|( QUESTION3 -1 -7.431e+04 1.272e+02 3.351e+02
|    ( - -4.114e+04 1 0)
|    ( - -3.305e+04 1 0))
s>    ( QUESTION3 -1 -7.431e+04 1.272e+02 3.351e+02
s>        ( - -4.114e+04 1 0)
s>        ( - -3.305e+04 1 0))INFO: dtree.c(1315): Comp split 6
INFO: dtree.c(1315): Comp split 7
INFO: dtree.c(1315): Comp split 8
INFO: dtree.c(1318): stop. leaf nodes are specific
!!!!!!!!Allocated 67 lines
Wed Apr  6 14:10:33 2016
